[35m[1mConsolidate compiler generated dependencies of target my_mas__rosidl_generator_c[0m
[  0%] Built target my_mas__cpp
[ 12%] Built target my_mas__rosidl_generator_c
[ 12%] Built target ament_cmake_python_copy_my_mas
[35m[1mConsolidate compiler generated dependencies of target my_mas__rosidl_typesupport_cpp[0m
[35m[1mConsolidate compiler generated dependencies of target my_mas__rosidl_typesupport_fastrtps_cpp[0m
[35m[1mConsolidate compiler generated dependencies of target my_mas__rosidl_typesupport_introspection_cpp[0m
[35m[1mConsolidate compiler generated dependencies of target my_mas__rosidl_typesupport_c[0m
[35m[1mConsolidate compiler generated dependencies of target my_mas__rosidl_typesupport_introspection_c[0m
[35m[1mConsolidate compiler generated dependencies of target my_mas__rosidl_typesupport_fastrtps_c[0m
[ 24%] Built target my_mas__rosidl_typesupport_c
[ 36%] Built target my_mas__rosidl_typesupport_introspection_c
[ 48%] Built target my_mas__rosidl_typesupport_cpp
[ 60%] Built target my_mas__rosidl_typesupport_fastrtps_cpp
[ 72%] Built target my_mas__rosidl_typesupport_introspection_cpp
[ 84%] Built target my_mas__rosidl_typesupport_fastrtps_c
[ 84%] Built target my_mas
[ 85%] Built target my_mas__py
[35m[1mConsolidate compiler generated dependencies of target my_mas__rosidl_generator_py[0m
[ 96%] Built target my_mas__rosidl_generator_py
[35m[1mConsolidate compiler generated dependencies of target my_mas__rosidl_typesupport_introspection_c__pyext[0m
[35m[1mConsolidate compiler generated dependencies of target my_mas__rosidl_typesupport_c__pyext[0m
[35m[1mConsolidate compiler generated dependencies of target my_mas__rosidl_typesupport_fastrtps_c__pyext[0m
[ 99%] Built target my_mas__rosidl_typesupport_fastrtps_c__pyext
[ 99%] Built target my_mas__rosidl_typesupport_c__pyext
[100%] Built target my_mas__rosidl_typesupport_introspection_c__pyext
running egg_info
writing my_mas.egg-info/PKG-INFO
writing dependency_links to my_mas.egg-info/dependency_links.txt
writing top-level names to my_mas.egg-info/top_level.txt
reading manifest file 'my_mas.egg-info/SOURCES.txt'
writing manifest file 'my_mas.egg-info/SOURCES.txt'
[100%] Built target ament_cmake_python_build_my_mas_egg
-- Install configuration: ""
-- Up-to-date: /home/felix/Documentos/LabRemo/Orchestrator/Labremoto/install/my_mas/share/ament_index/resource_index/rosidl_interfaces/my_mas
-- Up-to-date: /home/felix/Documentos/LabRemo/Orchestrator/Labremoto/install/my_mas/include/my_mas/my_mas
-- Up-to-date: /home/felix/Documentos/LabRemo/Orchestrator/Labremoto/install/my_mas/include/my_mas/my_mas/srv
-- Up-to-date: /home/felix/Documentos/LabRemo/Orchestrator/Labremoto/install/my_mas/include/my_mas/my_mas/srv/load_file.h
-- Up-to-date: /home/felix/Documentos/LabRemo/Orchestrator/Labremoto/install/my_mas/include/my_mas/my_mas/srv/detail
-- Up-to-date: /home/felix/Documentos/LabRemo/Orchestrator/Labremoto/install/my_mas/include/my_mas/my_mas/srv/detail/load_file__functions.h
-- Up-to-date: /home/felix/Documentos/LabRemo/Orchestrator/Labremoto/install/my_mas/include/my_mas/my_mas/srv/detail/load_file__type_support.h
-- Up-to-date: /home/felix/Documentos/LabRemo/Orchestrator/Labremoto/install/my_mas/include/my_mas/my_mas/srv/detail/load_file__struct.h
-- Up-to-date: /home/felix/Documentos/LabRemo/Orchestrator/Labremoto/install/my_mas/include/my_mas/my_mas/srv/detail/load_filedb__functions.h
-- Up-to-date: /home/felix/Documentos/LabRemo/Orchestrator/Labremoto/install/my_mas/include/my_mas/my_mas/srv/detail/load_filedb__struct.h
-- Up-to-date: /home/felix/Documentos/LabRemo/Orchestrator/Labremoto/install/my_mas/include/my_mas/my_mas/srv/detail/load_file__functions.c
-- Up-to-date: /home/felix/Documentos/LabRemo/Orchestrator/Labremoto/install/my_mas/include/my_mas/my_mas/srv/detail/load_filedb__functions.c
-- Up-to-date: /home/felix/Documentos/LabRemo/Orchestrator/Labremoto/install/my_mas/include/my_mas/my_mas/srv/detail/load_filedb__type_support.h
-- Up-to-date: /home/felix/Documentos/LabRemo/Orchestrator/Labremoto/install/my_mas/include/my_mas/my_mas/srv/load_filedb.h
-- Up-to-date: /home/felix/Documentos/LabRemo/Orchestrator/Labremoto/install/my_mas/include/my_mas/my_mas/action
-- Up-to-date: /home/felix/Documentos/LabRemo/Orchestrator/Labremoto/install/my_mas/include/my_mas/my_mas/action/tranformvhdlbit.h
-- Up-to-date: /home/felix/Documentos/LabRemo/Orchestrator/Labremoto/install/my_mas/include/my_mas/my_mas/action/fibonacci.h
-- Up-to-date: /home/felix/Documentos/LabRemo/Orchestrator/Labremoto/install/my_mas/include/my_mas/my_mas/action/carga_bit.h
-- Up-to-date: /home/felix/Documentos/LabRemo/Orchestrator/Labremoto/install/my_mas/include/my_mas/my_mas/action/detail
-- Up-to-date: /home/felix/Documentos/LabRemo/Orchestrator/Labremoto/install/my_mas/include/my_mas/my_mas/action/detail/cargahex__functions.h
-- Up-to-date: /home/felix/Documentos/LabRemo/Orchestrator/Labremoto/install/my_mas/include/my_mas/my_mas/action/detail/tranformvhdlbit__struct.h
-- Up-to-date: /home/felix/Documentos/LabRemo/Orchestrator/Labremoto/install/my_mas/include/my_mas/my_mas/action/detail/cargahex__type_support.h
-- Up-to-date: /home/felix/Documentos/LabRemo/Orchestrator/Labremoto/install/my_mas/include/my_mas/my_mas/action/detail/fibonacci__struct.h
-- Up-to-date: /home/felix/Documentos/LabRemo/Orchestrator/Labremoto/install/my_mas/include/my_mas/my_mas/action/detail/carga_bit__functions.c
-- Up-to-date: /home/felix/Documentos/LabRemo/Orchestrator/Labremoto/install/my_mas/include/my_mas/my_mas/action/detail/fibonacci__functions.c
-- Up-to-date: /home/felix/Documentos/LabRemo/Orchestrator/Labremoto/install/my_mas/include/my_mas/my_mas/action/detail/cargahex__struct.h
-- Up-to-date: /home/felix/Documentos/LabRemo/Orchestrator/Labremoto/install/my_mas/include/my_mas/my_mas/action/detail/carga_bit__struct.h
-- Up-to-date: /home/felix/Documentos/LabRemo/Orchestrator/Labremoto/install/my_mas/include/my_mas/my_mas/action/detail/fibonacci__type_support.h
-- Up-to-date: /home/felix/Documentos/LabRemo/Orchestrator/Labremoto/install/my_mas/include/my_mas/my_mas/action/detail/carga_bit__functions.h
-- Up-to-date: /home/felix/Documentos/LabRemo/Orchestrator/Labremoto/install/my_mas/include/my_mas/my_mas/action/detail/tranformvhdlbit__type_support.h
-- Up-to-date: /home/felix/Documentos/LabRemo/Orchestrator/Labremoto/install/my_mas/include/my_mas/my_mas/action/detail/cargahex__functions.c
-- Up-to-date: /home/felix/Documentos/LabRemo/Orchestrator/Labremoto/install/my_mas/include/my_mas/my_mas/action/detail/fibonacci__functions.h
-- Up-to-date: /home/felix/Documentos/LabRemo/Orchestrator/Labremoto/install/my_mas/include/my_mas/my_mas/action/detail/tranformvhdlbit__functions.c
-- Up-to-date: /home/felix/Documentos/LabRemo/Orchestrator/Labremoto/install/my_mas/include/my_mas/my_mas/action/detail/tranformvhdlbit__functions.h
-- Up-to-date: /home/felix/Documentos/LabRemo/Orchestrator/Labremoto/install/my_mas/include/my_mas/my_mas/action/detail/carga_bit__type_support.h
-- Up-to-date: /home/felix/Documentos/LabRemo/Orchestrator/Labremoto/install/my_mas/include/my_mas/my_mas/action/cargahex.h
-- Up-to-date: /home/felix/Documentos/LabRemo/Orchestrator/Labremoto/install/my_mas/include/my_mas/my_mas/msg
-- Up-to-date: /home/felix/Documentos/LabRemo/Orchestrator/Labremoto/install/my_mas/include/my_mas/my_mas/msg/auditor.h
-- Up-to-date: /home/felix/Documentos/LabRemo/Orchestrator/Labremoto/install/my_mas/include/my_mas/my_mas/msg/operacion.h
-- Up-to-date: /home/felix/Documentos/LabRemo/Orchestrator/Labremoto/install/my_mas/include/my_mas/my_mas/msg/sensor_measurment.h
-- Up-to-date: /home/felix/Documentos/LabRemo/Orchestrator/Labremoto/install/my_mas/include/my_mas/my_mas/msg/file_hex_load.h
-- Up-to-date: /home/felix/Documentos/LabRemo/Orchestrator/Labremoto/install/my_mas/include/my_mas/my_mas/msg/contrato.h
-- Up-to-date: /home/felix/Documentos/LabRemo/Orchestrator/Labremoto/install/my_mas/include/my_mas/my_mas/msg/rosidl_generator_c__visibility_control.h
-- Up-to-date: /home/felix/Documentos/LabRemo/Orchestrator/Labremoto/install/my_mas/include/my_mas/my_mas/msg/bit_load.h
-- Up-to-date: /home/felix/Documentos/LabRemo/Orchestrator/Labremoto/install/my_mas/include/my_mas/my_mas/msg/trans_global.h
-- Up-to-date: /home/felix/Documentos/LabRemo/Orchestrator/Labremoto/install/my_mas/include/my_mas/my_mas/msg/detail
-- Up-to-date: /home/felix/Documentos/LabRemo/Orchestrator/Labremoto/install/my_mas/include/my_mas/my_mas/msg/detail/auditor__struct.h
-- Up-to-date: /home/felix/Documentos/LabRemo/Orchestrator/Labremoto/install/my_mas/include/my_mas/my_mas/msg/detail/file_hex_load__functions.h
-- Up-to-date: /home/felix/Documentos/LabRemo/Orchestrator/Labremoto/install/my_mas/include/my_mas/my_mas/msg/detail/bit_load__struct.h
-- Up-to-date: /home/felix/Documentos/LabRemo/Orchestrator/Labremoto/install/my_mas/include/my_mas/my_mas/msg/detail/create_bit_stream__struct.h
-- Up-to-date: /home/felix/Documentos/LabRemo/Orchestrator/Labremoto/install/my_mas/include/my_mas/my_mas/msg/detail/sensor_measurment__struct.h
-- Up-to-date: /home/felix/Documentos/LabRemo/Orchestrator/Labremoto/install/my_mas/include/my_mas/my_mas/msg/detail/bit_load__functions.c
-- Up-to-date: /home/felix/Documentos/LabRemo/Orchestrator/Labremoto/install/my_mas/include/my_mas/my_mas/msg/detail/trans_entrada__struct.h
-- Up-to-date: /home/felix/Documentos/LabRemo/Orchestrator/Labremoto/install/my_mas/include/my_mas/my_mas/msg/detail/trans_entrada__functions.c
-- Up-to-date: /home/felix/Documentos/LabRemo/Orchestrator/Labremoto/install/my_mas/include/my_mas/my_mas/msg/detail/trans_entrada__type_support.h
-- Up-to-date: /home/felix/Documentos/LabRemo/Orchestrator/Labremoto/install/my_mas/include/my_mas/my_mas/msg/detail/contrato__struct.h
-- Up-to-date: /home/felix/Documentos/LabRemo/Orchestrator/Labremoto/install/my_mas/include/my_mas/my_mas/msg/detail/operacion__type_support.h
-- Up-to-date: /home/felix/Documentos/LabRemo/Orchestrator/Labremoto/install/my_mas/include/my_mas/my_mas/msg/detail/trans_global__functions.h
-- Up-to-date: /home/felix/Documentos/LabRemo/Orchestrator/Labremoto/install/my_mas/include/my_mas/my_mas/msg/detail/trans_global__struct.h
-- Up-to-date: /home/felix/Documentos/LabRemo/Orchestrator/Labremoto/install/my_mas/include/my_mas/my_mas/msg/detail/file_hex_load__functions.c
-- Up-to-date: /home/felix/Documentos/LabRemo/Orchestrator/Labremoto/install/my_mas/include/my_mas/my_mas/msg/detail/log_salida__functions.c
-- Up-to-date: /home/felix/Documentos/LabRemo/Orchestrator/Labremoto/install/my_mas/include/my_mas/my_mas/msg/detail/sensor_measurment__functions.c
-- Up-to-date: /home/felix/Documentos/LabRemo/Orchestrator/Labremoto/install/my_mas/include/my_mas/my_mas/msg/detail/contrato__functions.c
-- Up-to-date: /home/felix/Documentos/LabRemo/Orchestrator/Labremoto/install/my_mas/include/my_mas/my_mas/msg/detail/trans_entrada__functions.h
-- Up-to-date: /home/felix/Documentos/LabRemo/Orchestrator/Labremoto/install/my_mas/include/my_mas/my_mas/msg/detail/contrato__functions.h
-- Up-to-date: /home/felix/Documentos/LabRemo/Orchestrator/Labremoto/install/my_mas/include/my_mas/my_mas/msg/detail/contrato__type_support.h
-- Up-to-date: /home/felix/Documentos/LabRemo/Orchestrator/Labremoto/install/my_mas/include/my_mas/my_mas/msg/detail/operacion__struct.h
-- Up-to-date: /home/felix/Documentos/LabRemo/Orchestrator/Labremoto/install/my_mas/include/my_mas/my_mas/msg/detail/create_bit_stream__type_support.h
-- Up-to-date: /home/felix/Documentos/LabRemo/Orchestrator/Labremoto/install/my_mas/include/my_mas/my_mas/msg/detail/log_salida__functions.h
-- Up-to-date: /home/felix/Documentos/LabRemo/Orchestrator/Labremoto/install/my_mas/include/my_mas/my_mas/msg/detail/operacion__functions.c
-- Up-to-date: /home/felix/Documentos/LabRemo/Orchestrator/Labremoto/install/my_mas/include/my_mas/my_mas/msg/detail/trans_global__functions.c
-- Up-to-date: /home/felix/Documentos/LabRemo/Orchestrator/Labremoto/install/my_mas/include/my_mas/my_mas/msg/detail/file_hex_load__struct.h
-- Up-to-date: /home/felix/Documentos/LabRemo/Orchestrator/Labremoto/install/my_mas/include/my_mas/my_mas/msg/detail/operacion__functions.h
-- Up-to-date: /home/felix/Documentos/LabRemo/Orchestrator/Labremoto/install/my_mas/include/my_mas/my_mas/msg/detail/file_hex_load__type_support.h
-- Up-to-date: /home/felix/Documentos/LabRemo/Orchestrator/Labremoto/install/my_mas/include/my_mas/my_mas/msg/detail/sensor_measurment__functions.h
-- Up-to-date: /home/felix/Documentos/LabRemo/Orchestrator/Labremoto/install/my_mas/include/my_mas/my_mas/msg/detail/create_bit_stream__functions.h
-- Up-to-date: /home/felix/Documentos/LabRemo/Orchestrator/Labremoto/install/my_mas/include/my_mas/my_mas/msg/detail/log_salida__struct.h
-- Up-to-date: /home/felix/Documentos/LabRemo/Orchestrator/Labremoto/install/my_mas/include/my_mas/my_mas/msg/detail/auditor__functions.h
-- Up-to-date: /home/felix/Documentos/LabRemo/Orchestrator/Labremoto/install/my_mas/include/my_mas/my_mas/msg/detail/auditor__type_support.h
-- Up-to-date: /home/felix/Documentos/LabRemo/Orchestrator/Labremoto/install/my_mas/include/my_mas/my_mas/msg/detail/bit_load__functions.h
-- Up-to-date: /home/felix/Documentos/LabRemo/Orchestrator/Labremoto/install/my_mas/include/my_mas/my_mas/msg/detail/bit_load__type_support.h
-- Up-to-date: /home/felix/Documentos/LabRemo/Orchestrator/Labremoto/install/my_mas/include/my_mas/my_mas/msg/detail/trans_global__type_support.h
-- Up-to-date: /home/felix/Documentos/LabRemo/Orchestrator/Labremoto/install/my_mas/include/my_mas/my_mas/msg/detail/auditor__functions.c
-- Up-to-date: /home/felix/Documentos/LabRemo/Orchestrator/Labremoto/install/my_mas/include/my_mas/my_mas/msg/detail/sensor_measurment__type_support.h
-- Up-to-date: /home/felix/Documentos/LabRemo/Orchestrator/Labremoto/install/my_mas/include/my_mas/my_mas/msg/detail/log_salida__type_support.h
-- Up-to-date: /home/felix/Documentos/LabRemo/Orchestrator/Labremoto/install/my_mas/include/my_mas/my_mas/msg/detail/create_bit_stream__functions.c
-- Up-to-date: /home/felix/Documentos/LabRemo/Orchestrator/Labremoto/install/my_mas/include/my_mas/my_mas/msg/trans_entrada.h
-- Up-to-date: /home/felix/Documentos/LabRemo/Orchestrator/Labremoto/install/my_mas/include/my_mas/my_mas/msg/create_bit_stream.h
-- Up-to-date: /home/felix/Documentos/LabRemo/Orchestrator/Labremoto/install/my_mas/include/my_mas/my_mas/msg/log_salida.h
-- Up-to-date: /home/felix/Documentos/LabRemo/Orchestrator/Labremoto/install/my_mas/share/my_mas/environment/library_path.sh
-- Up-to-date: /home/felix/Documentos/LabRemo/Orchestrator/Labremoto/install/my_mas/share/my_mas/environment/library_path.dsv
-- Up-to-date: /home/felix/Documentos/LabRemo/Orchestrator/Labremoto/install/my_mas/lib/libmy_mas__rosidl_generator_c.so
-- Up-to-date: /home/felix/Documentos/LabRemo/Orchestrator/Labremoto/install/my_mas/include/my_mas/my_mas
-- Up-to-date: /home/felix/Documentos/LabRemo/Orchestrator/Labremoto/install/my_mas/include/my_mas/my_mas/srv
-- Up-to-date: /home/felix/Documentos/LabRemo/Orchestrator/Labremoto/install/my_mas/include/my_mas/my_mas/srv/detail
-- Up-to-date: /home/felix/Documentos/LabRemo/Orchestrator/Labremoto/install/my_mas/include/my_mas/my_mas/srv/detail/load_filedb__rosidl_typesupport_fastrtps_c.h
-- Up-to-date: /home/felix/Documentos/LabRemo/Orchestrator/Labremoto/install/my_mas/include/my_mas/my_mas/srv/detail/load_file__rosidl_typesupport_fastrtps_c.h
-- Up-to-date: /home/felix/Documentos/LabRemo/Orchestrator/Labremoto/install/my_mas/include/my_mas/my_mas/action
-- Up-to-date: /home/felix/Documentos/LabRemo/Orchestrator/Labremoto/install/my_mas/include/my_mas/my_mas/action/detail
-- Up-to-date: /home/felix/Documentos/LabRemo/Orchestrator/Labremoto/install/my_mas/include/my_mas/my_mas/action/detail/cargahex__rosidl_typesupport_fastrtps_c.h
-- Up-to-date: /home/felix/Documentos/LabRemo/Orchestrator/Labremoto/install/my_mas/include/my_mas/my_mas/action/detail/carga_bit__rosidl_typesupport_fastrtps_c.h
-- Up-to-date: /home/felix/Documentos/LabRemo/Orchestrator/Labremoto/install/my_mas/include/my_mas/my_mas/action/detail/tranformvhdlbit__rosidl_typesupport_fastrtps_c.h
-- Up-to-date: /home/felix/Documentos/LabRemo/Orchestrator/Labremoto/install/my_mas/include/my_mas/my_mas/action/detail/fibonacci__rosidl_typesupport_fastrtps_c.h
-- Up-to-date: /home/felix/Documentos/LabRemo/Orchestrator/Labremoto/install/my_mas/include/my_mas/my_mas/msg
-- Up-to-date: /home/felix/Documentos/LabRemo/Orchestrator/Labremoto/install/my_mas/include/my_mas/my_mas/msg/rosidl_typesupport_fastrtps_c__visibility_control.h
-- Up-to-date: /home/felix/Documentos/LabRemo/Orchestrator/Labremoto/install/my_mas/include/my_mas/my_mas/msg/detail
-- Up-to-date: /home/felix/Documentos/LabRemo/Orchestrator/Labremoto/install/my_mas/include/my_mas/my_mas/msg/detail/trans_entrada__rosidl_typesupport_fastrtps_c.h
-- Up-to-date: /home/felix/Documentos/LabRemo/Orchestrator/Labremoto/install/my_mas/include/my_mas/my_mas/msg/detail/sensor_measurment__rosidl_typesupport_fastrtps_c.h
-- Up-to-date: /home/felix/Documentos/LabRemo/Orchestrator/Labremoto/install/my_mas/include/my_mas/my_mas/msg/detail/contrato__rosidl_typesupport_fastrtps_c.h
-- Up-to-date: /home/felix/Documentos/LabRemo/Orchestrator/Labremoto/install/my_mas/include/my_mas/my_mas/msg/detail/trans_global__rosidl_typesupport_fastrtps_c.h
-- Up-to-date: /home/felix/Documentos/LabRemo/Orchestrator/Labremoto/install/my_mas/include/my_mas/my_mas/msg/detail/log_salida__rosidl_typesupport_fastrtps_c.h
-- Up-to-date: /home/felix/Documentos/LabRemo/Orchestrator/Labremoto/install/my_mas/include/my_mas/my_mas/msg/detail/operacion__rosidl_typesupport_fastrtps_c.h
-- Up-to-date: /home/felix/Documentos/LabRemo/Orchestrator/Labremoto/install/my_mas/include/my_mas/my_mas/msg/detail/auditor__rosidl_typesupport_fastrtps_c.h
-- Up-to-date: /home/felix/Documentos/LabRemo/Orchestrator/Labremoto/install/my_mas/include/my_mas/my_mas/msg/detail/file_hex_load__rosidl_typesupport_fastrtps_c.h
-- Up-to-date: /home/felix/Documentos/LabRemo/Orchestrator/Labremoto/install/my_mas/include/my_mas/my_mas/msg/detail/bit_load__rosidl_typesupport_fastrtps_c.h
-- Up-to-date: /home/felix/Documentos/LabRemo/Orchestrator/Labremoto/install/my_mas/include/my_mas/my_mas/msg/detail/create_bit_stream__rosidl_typesupport_fastrtps_c.h
-- Up-to-date: /home/felix/Documentos/LabRemo/Orchestrator/Labremoto/install/my_mas/lib/libmy_mas__rosidl_typesupport_fastrtps_c.so
-- Up-to-date: /home/felix/Documentos/LabRemo/Orchestrator/Labremoto/install/my_mas/include/my_mas/my_mas
-- Up-to-date: /home/felix/Documentos/LabRemo/Orchestrator/Labremoto/install/my_mas/include/my_mas/my_mas/srv
-- Up-to-date: /home/felix/Documentos/LabRemo/Orchestrator/Labremoto/install/my_mas/include/my_mas/my_mas/srv/detail
-- Up-to-date: /home/felix/Documentos/LabRemo/Orchestrator/Labremoto/install/my_mas/include/my_mas/my_mas/srv/detail/load_filedb__type_support.c
-- Up-to-date: /home/felix/Documentos/LabRemo/Orchestrator/Labremoto/install/my_mas/include/my_mas/my_mas/srv/detail/load_file__rosidl_typesupport_introspection_c.h
-- Up-to-date: /home/felix/Documentos/LabRemo/Orchestrator/Labremoto/install/my_mas/include/my_mas/my_mas/srv/detail/load_file__type_support.c
-- Up-to-date: /home/felix/Documentos/LabRemo/Orchestrator/Labremoto/install/my_mas/include/my_mas/my_mas/srv/detail/load_filedb__rosidl_typesupport_introspection_c.h
-- Up-to-date: /home/felix/Documentos/LabRemo/Orchestrator/Labremoto/install/my_mas/include/my_mas/my_mas/action
-- Up-to-date: /home/felix/Documentos/LabRemo/Orchestrator/Labremoto/install/my_mas/include/my_mas/my_mas/action/detail
-- Up-to-date: /home/felix/Documentos/LabRemo/Orchestrator/Labremoto/install/my_mas/include/my_mas/my_mas/action/detail/tranformvhdlbit__type_support.c
-- Up-to-date: /home/felix/Documentos/LabRemo/Orchestrator/Labremoto/install/my_mas/include/my_mas/my_mas/action/detail/tranformvhdlbit__rosidl_typesupport_introspection_c.h
-- Up-to-date: /home/felix/Documentos/LabRemo/Orchestrator/Labremoto/install/my_mas/include/my_mas/my_mas/action/detail/cargahex__type_support.c
-- Up-to-date: /home/felix/Documentos/LabRemo/Orchestrator/Labremoto/install/my_mas/include/my_mas/my_mas/action/detail/fibonacci__type_support.c
-- Up-to-date: /home/felix/Documentos/LabRemo/Orchestrator/Labremoto/install/my_mas/include/my_mas/my_mas/action/detail/carga_bit__type_support.c
-- Up-to-date: /home/felix/Documentos/LabRemo/Orchestrator/Labremoto/install/my_mas/include/my_mas/my_mas/action/detail/carga_bit__rosidl_typesupport_introspection_c.h
-- Up-to-date: /home/felix/Documentos/LabRemo/Orchestrator/Labremoto/install/my_mas/include/my_mas/my_mas/action/detail/fibonacci__rosidl_typesupport_introspection_c.h
-- Up-to-date: /home/felix/Documentos/LabRemo/Orchestrator/Labremoto/install/my_mas/include/my_mas/my_mas/action/detail/cargahex__rosidl_typesupport_introspection_c.h
-- Up-to-date: /home/felix/Documentos/LabRemo/Orchestrator/Labremoto/install/my_mas/include/my_mas/my_mas/msg
-- Up-to-date: /home/felix/Documentos/LabRemo/Orchestrator/Labremoto/install/my_mas/include/my_mas/my_mas/msg/detail
-- Up-to-date: /home/felix/Documentos/LabRemo/Orchestrator/Labremoto/install/my_mas/include/my_mas/my_mas/msg/detail/trans_entrada__type_support.c
-- Up-to-date: /home/felix/Documentos/LabRemo/Orchestrator/Labremoto/install/my_mas/include/my_mas/my_mas/msg/detail/create_bit_stream__type_support.c
-- Up-to-date: /home/felix/Documentos/LabRemo/Orchestrator/Labremoto/install/my_mas/include/my_mas/my_mas/msg/detail/create_bit_stream__rosidl_typesupport_introspection_c.h
-- Up-to-date: /home/felix/Documentos/LabRemo/Orchestrator/Labremoto/install/my_mas/include/my_mas/my_mas/msg/detail/sensor_measurment__rosidl_typesupport_introspection_c.h
-- Up-to-date: /home/felix/Documentos/LabRemo/Orchestrator/Labremoto/install/my_mas/include/my_mas/my_mas/msg/detail/bit_load__type_support.c
-- Up-to-date: /home/felix/Documentos/LabRemo/Orchestrator/Labremoto/install/my_mas/include/my_mas/my_mas/msg/detail/trans_global__type_support.c
-- Up-to-date: /home/felix/Documentos/LabRemo/Orchestrator/Labremoto/install/my_mas/include/my_mas/my_mas/msg/detail/auditor__rosidl_typesupport_introspection_c.h
-- Up-to-date: /home/felix/Documentos/LabRemo/Orchestrator/Labremoto/install/my_mas/include/my_mas/my_mas/msg/detail/bit_load__rosidl_typesupport_introspection_c.h
-- Up-to-date: /home/felix/Documentos/LabRemo/Orchestrator/Labremoto/install/my_mas/include/my_mas/my_mas/msg/detail/log_salida__type_support.c
-- Up-to-date: /home/felix/Documentos/LabRemo/Orchestrator/Labremoto/install/my_mas/include/my_mas/my_mas/msg/detail/file_hex_load__type_support.c
-- Up-to-date: /home/felix/Documentos/LabRemo/Orchestrator/Labremoto/install/my_mas/include/my_mas/my_mas/msg/detail/operacion__type_support.c
-- Up-to-date: /home/felix/Documentos/LabRemo/Orchestrator/Labremoto/install/my_mas/include/my_mas/my_mas/msg/detail/contrato__rosidl_typesupport_introspection_c.h
-- Up-to-date: /home/felix/Documentos/LabRemo/Orchestrator/Labremoto/install/my_mas/include/my_mas/my_mas/msg/detail/operacion__rosidl_typesupport_introspection_c.h
-- Up-to-date: /home/felix/Documentos/LabRemo/Orchestrator/Labremoto/install/my_mas/include/my_mas/my_mas/msg/detail/contrato__type_support.c
-- Up-to-date: /home/felix/Documentos/LabRemo/Orchestrator/Labremoto/install/my_mas/include/my_mas/my_mas/msg/detail/trans_entrada__rosidl_typesupport_introspection_c.h
-- Up-to-date: /home/felix/Documentos/LabRemo/Orchestrator/Labremoto/install/my_mas/include/my_mas/my_mas/msg/detail/file_hex_load__rosidl_typesupport_introspection_c.h
-- Up-to-date: /home/felix/Documentos/LabRemo/Orchestrator/Labremoto/install/my_mas/include/my_mas/my_mas/msg/detail/sensor_measurment__type_support.c
-- Up-to-date: /home/felix/Documentos/LabRemo/Orchestrator/Labremoto/install/my_mas/include/my_mas/my_mas/msg/detail/log_salida__rosidl_typesupport_introspection_c.h
-- Up-to-date: /home/felix/Documentos/LabRemo/Orchestrator/Labremoto/install/my_mas/include/my_mas/my_mas/msg/detail/auditor__type_support.c
-- Up-to-date: /home/felix/Documentos/LabRemo/Orchestrator/Labremoto/install/my_mas/include/my_mas/my_mas/msg/detail/trans_global__rosidl_typesupport_introspection_c.h
-- Up-to-date: /home/felix/Documentos/LabRemo/Orchestrator/Labremoto/install/my_mas/include/my_mas/my_mas/msg/rosidl_typesupport_introspection_c__visibility_control.h
-- Up-to-date: /home/felix/Documentos/LabRemo/Orchestrator/Labremoto/install/my_mas/lib/libmy_mas__rosidl_typesupport_introspection_c.so
-- Up-to-date: /home/felix/Documentos/LabRemo/Orchestrator/Labremoto/install/my_mas/lib/libmy_mas__rosidl_typesupport_c.so
-- Up-to-date: /home/felix/Documentos/LabRemo/Orchestrator/Labremoto/install/my_mas/include/my_mas/my_mas
-- Up-to-date: /home/felix/Documentos/LabRemo/Orchestrator/Labremoto/install/my_mas/include/my_mas/my_mas/srv
-- Up-to-date: /home/felix/Documentos/LabRemo/Orchestrator/Labremoto/install/my_mas/include/my_mas/my_mas/srv/load_filedb.hpp
-- Up-to-date: /home/felix/Documentos/LabRemo/Orchestrator/Labremoto/install/my_mas/include/my_mas/my_mas/srv/detail
-- Up-to-date: /home/felix/Documentos/LabRemo/Orchestrator/Labremoto/install/my_mas/include/my_mas/my_mas/srv/detail/load_file__traits.hpp
-- Up-to-date: /home/felix/Documentos/LabRemo/Orchestrator/Labremoto/install/my_mas/include/my_mas/my_mas/srv/detail/load_filedb__struct.hpp
-- Up-to-date: /home/felix/Documentos/LabRemo/Orchestrator/Labremoto/install/my_mas/include/my_mas/my_mas/srv/detail/load_file__struct.hpp
-- Up-to-date: /home/felix/Documentos/LabRemo/Orchestrator/Labremoto/install/my_mas/include/my_mas/my_mas/srv/detail/load_filedb__builder.hpp
-- Up-to-date: /home/felix/Documentos/LabRemo/Orchestrator/Labremoto/install/my_mas/include/my_mas/my_mas/srv/detail/load_file__builder.hpp
-- Up-to-date: /home/felix/Documentos/LabRemo/Orchestrator/Labremoto/install/my_mas/include/my_mas/my_mas/srv/detail/load_filedb__traits.hpp
-- Up-to-date: /home/felix/Documentos/LabRemo/Orchestrator/Labremoto/install/my_mas/include/my_mas/my_mas/srv/load_file.hpp
-- Up-to-date: /home/felix/Documentos/LabRemo/Orchestrator/Labremoto/install/my_mas/include/my_mas/my_mas/action
-- Up-to-date: /home/felix/Documentos/LabRemo/Orchestrator/Labremoto/install/my_mas/include/my_mas/my_mas/action/cargahex.hpp
-- Up-to-date: /home/felix/Documentos/LabRemo/Orchestrator/Labremoto/install/my_mas/include/my_mas/my_mas/action/tranformvhdlbit.hpp
-- Up-to-date: /home/felix/Documentos/LabRemo/Orchestrator/Labremoto/install/my_mas/include/my_mas/my_mas/action/carga_bit.hpp
-- Up-to-date: /home/felix/Documentos/LabRemo/Orchestrator/Labremoto/install/my_mas/include/my_mas/my_mas/action/detail
-- Up-to-date: /home/felix/Documentos/LabRemo/Orchestrator/Labremoto/install/my_mas/include/my_mas/my_mas/action/detail/tranformvhdlbit__builder.hpp
-- Up-to-date: /home/felix/Documentos/LabRemo/Orchestrator/Labremoto/install/my_mas/include/my_mas/my_mas/action/detail/tranformvhdlbit__struct.hpp
-- Up-to-date: /home/felix/Documentos/LabRemo/Orchestrator/Labremoto/install/my_mas/include/my_mas/my_mas/action/detail/carga_bit__builder.hpp
-- Up-to-date: /home/felix/Documentos/LabRemo/Orchestrator/Labremoto/install/my_mas/include/my_mas/my_mas/action/detail/carga_bit__traits.hpp
-- Up-to-date: /home/felix/Documentos/LabRemo/Orchestrator/Labremoto/install/my_mas/include/my_mas/my_mas/action/detail/cargahex__traits.hpp
-- Up-to-date: /home/felix/Documentos/LabRemo/Orchestrator/Labremoto/install/my_mas/include/my_mas/my_mas/action/detail/fibonacci__traits.hpp
-- Up-to-date: /home/felix/Documentos/LabRemo/Orchestrator/Labremoto/install/my_mas/include/my_mas/my_mas/action/detail/carga_bit__struct.hpp
-- Up-to-date: /home/felix/Documentos/LabRemo/Orchestrator/Labremoto/install/my_mas/include/my_mas/my_mas/action/detail/fibonacci__builder.hpp
-- Up-to-date: /home/felix/Documentos/LabRemo/Orchestrator/Labremoto/install/my_mas/include/my_mas/my_mas/action/detail/fibonacci__struct.hpp
-- Up-to-date: /home/felix/Documentos/LabRemo/Orchestrator/Labremoto/install/my_mas/include/my_mas/my_mas/action/detail/cargahex__builder.hpp
-- Up-to-date: /home/felix/Documentos/LabRemo/Orchestrator/Labremoto/install/my_mas/include/my_mas/my_mas/action/detail/tranformvhdlbit__traits.hpp
-- Up-to-date: /home/felix/Documentos/LabRemo/Orchestrator/Labremoto/install/my_mas/include/my_mas/my_mas/action/detail/cargahex__struct.hpp
-- Up-to-date: /home/felix/Documentos/LabRemo/Orchestrator/Labremoto/install/my_mas/include/my_mas/my_mas/action/fibonacci.hpp
-- Up-to-date: /home/felix/Documentos/LabRemo/Orchestrator/Labremoto/install/my_mas/include/my_mas/my_mas/msg
-- Up-to-date: /home/felix/Documentos/LabRemo/Orchestrator/Labremoto/install/my_mas/include/my_mas/my_mas/msg/auditor.hpp
-- Up-to-date: /home/felix/Documentos/LabRemo/Orchestrator/Labremoto/install/my_mas/include/my_mas/my_mas/msg/operacion.hpp
-- Up-to-date: /home/felix/Documentos/LabRemo/Orchestrator/Labremoto/install/my_mas/include/my_mas/my_mas/msg/file_hex_load.hpp
-- Up-to-date: /home/felix/Documentos/LabRemo/Orchestrator/Labremoto/install/my_mas/include/my_mas/my_mas/msg/trans_global.hpp
-- Up-to-date: /home/felix/Documentos/LabRemo/Orchestrator/Labremoto/install/my_mas/include/my_mas/my_mas/msg/trans_entrada.hpp
-- Up-to-date: /home/felix/Documentos/LabRemo/Orchestrator/Labremoto/install/my_mas/include/my_mas/my_mas/msg/sensor_measurment.hpp
-- Up-to-date: /home/felix/Documentos/LabRemo/Orchestrator/Labremoto/install/my_mas/include/my_mas/my_mas/msg/create_bit_stream.hpp
-- Up-to-date: /home/felix/Documentos/LabRemo/Orchestrator/Labremoto/install/my_mas/include/my_mas/my_mas/msg/bit_load.hpp
-- Up-to-date: /home/felix/Documentos/LabRemo/Orchestrator/Labremoto/install/my_mas/include/my_mas/my_mas/msg/log_salida.hpp
-- Up-to-date: /home/felix/Documentos/LabRemo/Orchestrator/Labremoto/install/my_mas/include/my_mas/my_mas/msg/detail
-- Up-to-date: /home/felix/Documentos/LabRemo/Orchestrator/Labremoto/install/my_mas/include/my_mas/my_mas/msg/detail/create_bit_stream__struct.hpp
-- Up-to-date: /home/felix/Documentos/LabRemo/Orchestrator/Labremoto/install/my_mas/include/my_mas/my_mas/msg/detail/create_bit_stream__builder.hpp
-- Up-to-date: /home/felix/Documentos/LabRemo/Orchestrator/Labremoto/install/my_mas/include/my_mas/my_mas/msg/detail/bit_load__builder.hpp
-- Up-to-date: /home/felix/Documentos/LabRemo/Orchestrator/Labremoto/install/my_mas/include/my_mas/my_mas/msg/detail/file_hex_load__builder.hpp
-- Up-to-date: /home/felix/Documentos/LabRemo/Orchestrator/Labremoto/install/my_mas/include/my_mas/my_mas/msg/detail/operacion__struct.hpp
-- Up-to-date: /home/felix/Documentos/LabRemo/Orchestrator/Labremoto/install/my_mas/include/my_mas/my_mas/msg/detail/bit_load__traits.hpp
-- Up-to-date: /home/felix/Documentos/LabRemo/Orchestrator/Labremoto/install/my_mas/include/my_mas/my_mas/msg/detail/trans_global__struct.hpp
-- Up-to-date: /home/felix/Documentos/LabRemo/Orchestrator/Labremoto/install/my_mas/include/my_mas/my_mas/msg/detail/sensor_measurment__struct.hpp
-- Up-to-date: /home/felix/Documentos/LabRemo/Orchestrator/Labremoto/install/my_mas/include/my_mas/my_mas/msg/detail/trans_entrada__struct.hpp
-- Up-to-date: /home/felix/Documentos/LabRemo/Orchestrator/Labremoto/install/my_mas/include/my_mas/my_mas/msg/detail/sensor_measurment__builder.hpp
-- Up-to-date: /home/felix/Documentos/LabRemo/Orchestrator/Labremoto/install/my_mas/include/my_mas/my_mas/msg/detail/auditor__struct.hpp
-- Up-to-date: /home/felix/Documentos/LabRemo/Orchestrator/Labremoto/install/my_mas/include/my_mas/my_mas/msg/detail/contrato__struct.hpp
-- Up-to-date: /home/felix/Documentos/LabRemo/Orchestrator/Labremoto/install/my_mas/include/my_mas/my_mas/msg/detail/auditor__builder.hpp
-- Up-to-date: /home/felix/Documentos/LabRemo/Orchestrator/Labremoto/install/my_mas/include/my_mas/my_mas/msg/detail/file_hex_load__struct.hpp
-- Up-to-date: /home/felix/Documentos/LabRemo/Orchestrator/Labremoto/install/my_mas/include/my_mas/my_mas/msg/detail/log_salida__struct.hpp
-- Up-to-date: /home/felix/Documentos/LabRemo/Orchestrator/Labremoto/install/my_mas/include/my_mas/my_mas/msg/detail/operacion__traits.hpp
-- Up-to-date: /home/felix/Documentos/LabRemo/Orchestrator/Labremoto/install/my_mas/include/my_mas/my_mas/msg/detail/contrato__builder.hpp
-- Up-to-date: /home/felix/Documentos/LabRemo/Orchestrator/Labremoto/install/my_mas/include/my_mas/my_mas/msg/detail/create_bit_stream__traits.hpp
-- Up-to-date: /home/felix/Documentos/LabRemo/Orchestrator/Labremoto/install/my_mas/include/my_mas/my_mas/msg/detail/operacion__builder.hpp
-- Up-to-date: /home/felix/Documentos/LabRemo/Orchestrator/Labremoto/install/my_mas/include/my_mas/my_mas/msg/detail/trans_global__traits.hpp
-- Up-to-date: /home/felix/Documentos/LabRemo/Orchestrator/Labremoto/install/my_mas/include/my_mas/my_mas/msg/detail/log_salida__builder.hpp
-- Up-to-date: /home/felix/Documentos/LabRemo/Orchestrator/Labremoto/install/my_mas/include/my_mas/my_mas/msg/detail/file_hex_load__traits.hpp
-- Up-to-date: /home/felix/Documentos/LabRemo/Orchestrator/Labremoto/install/my_mas/include/my_mas/my_mas/msg/detail/contrato__traits.hpp
-- Up-to-date: /home/felix/Documentos/LabRemo/Orchestrator/Labremoto/install/my_mas/include/my_mas/my_mas/msg/detail/sensor_measurment__traits.hpp
-- Up-to-date: /home/felix/Documentos/LabRemo/Orchestrator/Labremoto/install/my_mas/include/my_mas/my_mas/msg/detail/log_salida__traits.hpp
-- Up-to-date: /home/felix/Documentos/LabRemo/Orchestrator/Labremoto/install/my_mas/include/my_mas/my_mas/msg/detail/auditor__traits.hpp
-- Up-to-date: /home/felix/Documentos/LabRemo/Orchestrator/Labremoto/install/my_mas/include/my_mas/my_mas/msg/detail/trans_global__builder.hpp
-- Up-to-date: /home/felix/Documentos/LabRemo/Orchestrator/Labremoto/install/my_mas/include/my_mas/my_mas/msg/detail/bit_load__struct.hpp
-- Up-to-date: /home/felix/Documentos/LabRemo/Orchestrator/Labremoto/install/my_mas/include/my_mas/my_mas/msg/detail/trans_entrada__builder.hpp
-- Up-to-date: /home/felix/Documentos/LabRemo/Orchestrator/Labremoto/install/my_mas/include/my_mas/my_mas/msg/detail/trans_entrada__traits.hpp
-- Up-to-date: /home/felix/Documentos/LabRemo/Orchestrator/Labremoto/install/my_mas/include/my_mas/my_mas/msg/contrato.hpp
-- Up-to-date: /home/felix/Documentos/LabRemo/Orchestrator/Labremoto/install/my_mas/include/my_mas/my_mas
-- Up-to-date: /home/felix/Documentos/LabRemo/Orchestrator/Labremoto/install/my_mas/include/my_mas/my_mas/srv
-- Up-to-date: /home/felix/Documentos/LabRemo/Orchestrator/Labremoto/install/my_mas/include/my_mas/my_mas/srv/detail
-- Up-to-date: /home/felix/Documentos/LabRemo/Orchestrator/Labremoto/install/my_mas/include/my_mas/my_mas/srv/detail/load_file__rosidl_typesupport_fastrtps_cpp.hpp
-- Up-to-date: /home/felix/Documentos/LabRemo/Orchestrator/Labremoto/install/my_mas/include/my_mas/my_mas/srv/detail/load_filedb__rosidl_typesupport_fastrtps_cpp.hpp
-- Up-to-date: /home/felix/Documentos/LabRemo/Orchestrator/Labremoto/install/my_mas/include/my_mas/my_mas/srv/detail/dds_fastrtps
-- Up-to-date: /home/felix/Documentos/LabRemo/Orchestrator/Labremoto/install/my_mas/include/my_mas/my_mas/action
-- Up-to-date: /home/felix/Documentos/LabRemo/Orchestrator/Labremoto/install/my_mas/include/my_mas/my_mas/action/detail
-- Up-to-date: /home/felix/Documentos/LabRemo/Orchestrator/Labremoto/install/my_mas/include/my_mas/my_mas/action/detail/fibonacci__rosidl_typesupport_fastrtps_cpp.hpp
-- Up-to-date: /home/felix/Documentos/LabRemo/Orchestrator/Labremoto/install/my_mas/include/my_mas/my_mas/action/detail/carga_bit__rosidl_typesupport_fastrtps_cpp.hpp
-- Up-to-date: /home/felix/Documentos/LabRemo/Orchestrator/Labremoto/install/my_mas/include/my_mas/my_mas/action/detail/cargahex__rosidl_typesupport_fastrtps_cpp.hpp
-- Up-to-date: /home/felix/Documentos/LabRemo/Orchestrator/Labremoto/install/my_mas/include/my_mas/my_mas/action/detail/tranformvhdlbit__rosidl_typesupport_fastrtps_cpp.hpp
-- Up-to-date: /home/felix/Documentos/LabRemo/Orchestrator/Labremoto/install/my_mas/include/my_mas/my_mas/action/detail/dds_fastrtps
-- Up-to-date: /home/felix/Documentos/LabRemo/Orchestrator/Labremoto/install/my_mas/include/my_mas/my_mas/msg
-- Up-to-date: /home/felix/Documentos/LabRemo/Orchestrator/Labremoto/install/my_mas/include/my_mas/my_mas/msg/rosidl_typesupport_fastrtps_cpp__visibility_control.h
-- Up-to-date: /home/felix/Documentos/LabRemo/Orchestrator/Labremoto/install/my_mas/include/my_mas/my_mas/msg/detail
-- Up-to-date: /home/felix/Documentos/LabRemo/Orchestrator/Labremoto/install/my_mas/include/my_mas/my_mas/msg/detail/trans_global__rosidl_typesupport_fastrtps_cpp.hpp
-- Up-to-date: /home/felix/Documentos/LabRemo/Orchestrator/Labremoto/install/my_mas/include/my_mas/my_mas/msg/detail/file_hex_load__rosidl_typesupport_fastrtps_cpp.hpp
-- Up-to-date: /home/felix/Documentos/LabRemo/Orchestrator/Labremoto/install/my_mas/include/my_mas/my_mas/msg/detail/sensor_measurment__rosidl_typesupport_fastrtps_cpp.hpp
-- Up-to-date: /home/felix/Documentos/LabRemo/Orchestrator/Labremoto/install/my_mas/include/my_mas/my_mas/msg/detail/log_salida__rosidl_typesupport_fastrtps_cpp.hpp
-- Up-to-date: /home/felix/Documentos/LabRemo/Orchestrator/Labremoto/install/my_mas/include/my_mas/my_mas/msg/detail/create_bit_stream__rosidl_typesupport_fastrtps_cpp.hpp
-- Up-to-date: /home/felix/Documentos/LabRemo/Orchestrator/Labremoto/install/my_mas/include/my_mas/my_mas/msg/detail/bit_load__rosidl_typesupport_fastrtps_cpp.hpp
-- Up-to-date: /home/felix/Documentos/LabRemo/Orchestrator/Labremoto/install/my_mas/include/my_mas/my_mas/msg/detail/auditor__rosidl_typesupport_fastrtps_cpp.hpp
-- Up-to-date: /home/felix/Documentos/LabRemo/Orchestrator/Labremoto/install/my_mas/include/my_mas/my_mas/msg/detail/dds_fastrtps
-- Up-to-date: /home/felix/Documentos/LabRemo/Orchestrator/Labremoto/install/my_mas/include/my_mas/my_mas/msg/detail/contrato__rosidl_typesupport_fastrtps_cpp.hpp
-- Up-to-date: /home/felix/Documentos/LabRemo/Orchestrator/Labremoto/install/my_mas/include/my_mas/my_mas/msg/detail/operacion__rosidl_typesupport_fastrtps_cpp.hpp
-- Up-to-date: /home/felix/Documentos/LabRemo/Orchestrator/Labremoto/install/my_mas/include/my_mas/my_mas/msg/detail/trans_entrada__rosidl_typesupport_fastrtps_cpp.hpp
-- Up-to-date: /home/felix/Documentos/LabRemo/Orchestrator/Labremoto/install/my_mas/lib/libmy_mas__rosidl_typesupport_fastrtps_cpp.so
-- Up-to-date: /home/felix/Documentos/LabRemo/Orchestrator/Labremoto/install/my_mas/include/my_mas/my_mas
-- Up-to-date: /home/felix/Documentos/LabRemo/Orchestrator/Labremoto/install/my_mas/include/my_mas/my_mas/srv
-- Up-to-date: /home/felix/Documentos/LabRemo/Orchestrator/Labremoto/install/my_mas/include/my_mas/my_mas/srv/detail
-- Up-to-date: /home/felix/Documentos/LabRemo/Orchestrator/Labremoto/install/my_mas/include/my_mas/my_mas/srv/detail/load_filedb__rosidl_typesupport_introspection_cpp.hpp
-- Up-to-date: /home/felix/Documentos/LabRemo/Orchestrator/Labremoto/install/my_mas/include/my_mas/my_mas/srv/detail/load_filedb__type_support.cpp
-- Up-to-date: /home/felix/Documentos/LabRemo/Orchestrator/Labremoto/install/my_mas/include/my_mas/my_mas/srv/detail/load_file__type_support.cpp
-- Up-to-date: /home/felix/Documentos/LabRemo/Orchestrator/Labremoto/install/my_mas/include/my_mas/my_mas/srv/detail/load_file__rosidl_typesupport_introspection_cpp.hpp
-- Up-to-date: /home/felix/Documentos/LabRemo/Orchestrator/Labremoto/install/my_mas/include/my_mas/my_mas/action
-- Up-to-date: /home/felix/Documentos/LabRemo/Orchestrator/Labremoto/install/my_mas/include/my_mas/my_mas/action/detail
-- Up-to-date: /home/felix/Documentos/LabRemo/Orchestrator/Labremoto/install/my_mas/include/my_mas/my_mas/action/detail/carga_bit__rosidl_typesupport_introspection_cpp.hpp
-- Up-to-date: /home/felix/Documentos/LabRemo/Orchestrator/Labremoto/install/my_mas/include/my_mas/my_mas/action/detail/tranformvhdlbit__type_support.cpp
-- Up-to-date: /home/felix/Documentos/LabRemo/Orchestrator/Labremoto/install/my_mas/include/my_mas/my_mas/action/detail/cargahex__rosidl_typesupport_introspection_cpp.hpp
-- Up-to-date: /home/felix/Documentos/LabRemo/Orchestrator/Labremoto/install/my_mas/include/my_mas/my_mas/action/detail/fibonacci__rosidl_typesupport_introspection_cpp.hpp
-- Up-to-date: /home/felix/Documentos/LabRemo/Orchestrator/Labremoto/install/my_mas/include/my_mas/my_mas/action/detail/carga_bit__type_support.cpp
-- Up-to-date: /home/felix/Documentos/LabRemo/Orchestrator/Labremoto/install/my_mas/include/my_mas/my_mas/action/detail/fibonacci__type_support.cpp
-- Up-to-date: /home/felix/Documentos/LabRemo/Orchestrator/Labremoto/install/my_mas/include/my_mas/my_mas/action/detail/tranformvhdlbit__rosidl_typesupport_introspection_cpp.hpp
-- Up-to-date: /home/felix/Documentos/LabRemo/Orchestrator/Labremoto/install/my_mas/include/my_mas/my_mas/action/detail/cargahex__type_support.cpp
-- Up-to-date: /home/felix/Documentos/LabRemo/Orchestrator/Labremoto/install/my_mas/include/my_mas/my_mas/msg
-- Up-to-date: /home/felix/Documentos/LabRemo/Orchestrator/Labremoto/install/my_mas/include/my_mas/my_mas/msg/detail
-- Up-to-date: /home/felix/Documentos/LabRemo/Orchestrator/Labremoto/install/my_mas/include/my_mas/my_mas/msg/detail/contrato__rosidl_typesupport_introspection_cpp.hpp
-- Up-to-date: /home/felix/Documentos/LabRemo/Orchestrator/Labremoto/install/my_mas/include/my_mas/my_mas/msg/detail/trans_global__type_support.cpp
-- Up-to-date: /home/felix/Documentos/LabRemo/Orchestrator/Labremoto/install/my_mas/include/my_mas/my_mas/msg/detail/sensor_measurment__rosidl_typesupport_introspection_cpp.hpp
-- Up-to-date: /home/felix/Documentos/LabRemo/Orchestrator/Labremoto/install/my_mas/include/my_mas/my_mas/msg/detail/bit_load__type_support.cpp
-- Up-to-date: /home/felix/Documentos/LabRemo/Orchestrator/Labremoto/install/my_mas/include/my_mas/my_mas/msg/detail/trans_entrada__type_support.cpp
-- Up-to-date: /home/felix/Documentos/LabRemo/Orchestrator/Labremoto/install/my_mas/include/my_mas/my_mas/msg/detail/create_bit_stream__type_support.cpp
-- Up-to-date: /home/felix/Documentos/LabRemo/Orchestrator/Labremoto/install/my_mas/include/my_mas/my_mas/msg/detail/operacion__type_support.cpp
-- Up-to-date: /home/felix/Documentos/LabRemo/Orchestrator/Labremoto/install/my_mas/include/my_mas/my_mas/msg/detail/log_salida__rosidl_typesupport_introspection_cpp.hpp
-- Up-to-date: /home/felix/Documentos/LabRemo/Orchestrator/Labremoto/install/my_mas/include/my_mas/my_mas/msg/detail/create_bit_stream__rosidl_typesupport_introspection_cpp.hpp
-- Up-to-date: /home/felix/Documentos/LabRemo/Orchestrator/Labremoto/install/my_mas/include/my_mas/my_mas/msg/detail/trans_global__rosidl_typesupport_introspection_cpp.hpp
-- Up-to-date: /home/felix/Documentos/LabRemo/Orchestrator/Labremoto/install/my_mas/include/my_mas/my_mas/msg/detail/trans_entrada__rosidl_typesupport_introspection_cpp.hpp
-- Up-to-date: /home/felix/Documentos/LabRemo/Orchestrator/Labremoto/install/my_mas/include/my_mas/my_mas/msg/detail/auditor__rosidl_typesupport_introspection_cpp.hpp
-- Up-to-date: /home/felix/Documentos/LabRemo/Orchestrator/Labremoto/install/my_mas/include/my_mas/my_mas/msg/detail/file_hex_load__type_support.cpp
-- Up-to-date: /home/felix/Documentos/LabRemo/Orchestrator/Labremoto/install/my_mas/include/my_mas/my_mas/msg/detail/log_salida__type_support.cpp
-- Up-to-date: /home/felix/Documentos/LabRemo/Orchestrator/Labremoto/install/my_mas/include/my_mas/my_mas/msg/detail/operacion__rosidl_typesupport_introspection_cpp.hpp
-- Up-to-date: /home/felix/Documentos/LabRemo/Orchestrator/Labremoto/install/my_mas/include/my_mas/my_mas/msg/detail/file_hex_load__rosidl_typesupport_introspection_cpp.hpp
-- Up-to-date: /home/felix/Documentos/LabRemo/Orchestrator/Labremoto/install/my_mas/include/my_mas/my_mas/msg/detail/auditor__type_support.cpp
-- Up-to-date: /home/felix/Documentos/LabRemo/Orchestrator/Labremoto/install/my_mas/include/my_mas/my_mas/msg/detail/sensor_measurment__type_support.cpp
-- Up-to-date: /home/felix/Documentos/LabRemo/Orchestrator/Labremoto/install/my_mas/include/my_mas/my_mas/msg/detail/contrato__type_support.cpp
-- Up-to-date: /home/felix/Documentos/LabRemo/Orchestrator/Labremoto/install/my_mas/include/my_mas/my_mas/msg/detail/bit_load__rosidl_typesupport_introspection_cpp.hpp
-- Up-to-date: /home/felix/Documentos/LabRemo/Orchestrator/Labremoto/install/my_mas/lib/libmy_mas__rosidl_typesupport_introspection_cpp.so
-- Up-to-date: /home/felix/Documentos/LabRemo/Orchestrator/Labremoto/install/my_mas/lib/libmy_mas__rosidl_typesupport_cpp.so
-- Up-to-date: /home/felix/Documentos/LabRemo/Orchestrator/Labremoto/install/my_mas/share/my_mas/environment/pythonpath.sh
-- Up-to-date: /home/felix/Documentos/LabRemo/Orchestrator/Labremoto/install/my_mas/share/my_mas/environment/pythonpath.dsv
-- Up-to-date: /home/felix/Documentos/LabRemo/Orchestrator/Labremoto/install/my_mas/local/lib/python3.10/dist-packages/my_mas-0.0.0-py3.10.egg-info
-- Installing: /home/felix/Documentos/LabRemo/Orchestrator/Labremoto/install/my_mas/local/lib/python3.10/dist-packages/my_mas-0.0.0-py3.10.egg-info/PKG-INFO
-- Installing: /home/felix/Documentos/LabRemo/Orchestrator/Labremoto/install/my_mas/local/lib/python3.10/dist-packages/my_mas-0.0.0-py3.10.egg-info/SOURCES.txt
-- Installing: /home/felix/Documentos/LabRemo/Orchestrator/Labremoto/install/my_mas/local/lib/python3.10/dist-packages/my_mas-0.0.0-py3.10.egg-info/top_level.txt
-- Installing: /home/felix/Documentos/LabRemo/Orchestrator/Labremoto/install/my_mas/local/lib/python3.10/dist-packages/my_mas-0.0.0-py3.10.egg-info/dependency_links.txt
-- Up-to-date: /home/felix/Documentos/LabRemo/Orchestrator/Labremoto/install/my_mas/local/lib/python3.10/dist-packages/my_mas
-- Up-to-date: /home/felix/Documentos/LabRemo/Orchestrator/Labremoto/install/my_mas/local/lib/python3.10/dist-packages/my_mas/libmy_mas__rosidl_generator_py.so
-- Up-to-date: /home/felix/Documentos/LabRemo/Orchestrator/Labremoto/install/my_mas/local/lib/python3.10/dist-packages/my_mas/__init__.py
-- Up-to-date: /home/felix/Documentos/LabRemo/Orchestrator/Labremoto/install/my_mas/local/lib/python3.10/dist-packages/my_mas/_my_mas_s.ep.rosidl_typesupport_introspection_c.c
-- Up-to-date: /home/felix/Documentos/LabRemo/Orchestrator/Labremoto/install/my_mas/local/lib/python3.10/dist-packages/my_mas/my_mas_s__rosidl_typesupport_introspection_c.cpython-310-x86_64-linux-gnu.so
-- Up-to-date: /home/felix/Documentos/LabRemo/Orchestrator/Labremoto/install/my_mas/local/lib/python3.10/dist-packages/my_mas/srv
-- Up-to-date: /home/felix/Documentos/LabRemo/Orchestrator/Labremoto/install/my_mas/local/lib/python3.10/dist-packages/my_mas/srv/__init__.py
-- Up-to-date: /home/felix/Documentos/LabRemo/Orchestrator/Labremoto/install/my_mas/local/lib/python3.10/dist-packages/my_mas/srv/_load_filedb.py
-- Up-to-date: /home/felix/Documentos/LabRemo/Orchestrator/Labremoto/install/my_mas/local/lib/python3.10/dist-packages/my_mas/srv/_load_file.py
-- Up-to-date: /home/felix/Documentos/LabRemo/Orchestrator/Labremoto/install/my_mas/local/lib/python3.10/dist-packages/my_mas/srv/_load_filedb_s.c
-- Up-to-date: /home/felix/Documentos/LabRemo/Orchestrator/Labremoto/install/my_mas/local/lib/python3.10/dist-packages/my_mas/srv/_load_file_s.c
-- Up-to-date: /home/felix/Documentos/LabRemo/Orchestrator/Labremoto/install/my_mas/local/lib/python3.10/dist-packages/my_mas/_my_mas_s.ep.rosidl_typesupport_c.c
-- Up-to-date: /home/felix/Documentos/LabRemo/Orchestrator/Labremoto/install/my_mas/local/lib/python3.10/dist-packages/my_mas/action
-- Up-to-date: /home/felix/Documentos/LabRemo/Orchestrator/Labremoto/install/my_mas/local/lib/python3.10/dist-packages/my_mas/action/_carga_bit.py
-- Up-to-date: /home/felix/Documentos/LabRemo/Orchestrator/Labremoto/install/my_mas/local/lib/python3.10/dist-packages/my_mas/action/_fibonacci.py
-- Up-to-date: /home/felix/Documentos/LabRemo/Orchestrator/Labremoto/install/my_mas/local/lib/python3.10/dist-packages/my_mas/action/_cargahex_s.c
-- Up-to-date: /home/felix/Documentos/LabRemo/Orchestrator/Labremoto/install/my_mas/local/lib/python3.10/dist-packages/my_mas/action/__init__.py
-- Up-to-date: /home/felix/Documentos/LabRemo/Orchestrator/Labremoto/install/my_mas/local/lib/python3.10/dist-packages/my_mas/action/_carga_bit_s.c
-- Up-to-date: /home/felix/Documentos/LabRemo/Orchestrator/Labremoto/install/my_mas/local/lib/python3.10/dist-packages/my_mas/action/_fibonacci_s.c
-- Up-to-date: /home/felix/Documentos/LabRemo/Orchestrator/Labremoto/install/my_mas/local/lib/python3.10/dist-packages/my_mas/action/_cargahex.py
-- Up-to-date: /home/felix/Documentos/LabRemo/Orchestrator/Labremoto/install/my_mas/local/lib/python3.10/dist-packages/my_mas/action/_tranformvhdlbit.py
-- Up-to-date: /home/felix/Documentos/LabRemo/Orchestrator/Labremoto/install/my_mas/local/lib/python3.10/dist-packages/my_mas/action/_tranformvhdlbit_s.c
-- Up-to-date: /home/felix/Documentos/LabRemo/Orchestrator/Labremoto/install/my_mas/local/lib/python3.10/dist-packages/my_mas/msg
-- Up-to-date: /home/felix/Documentos/LabRemo/Orchestrator/Labremoto/install/my_mas/local/lib/python3.10/dist-packages/my_mas/msg/_sensor_measurment.py
-- Up-to-date: /home/felix/Documentos/LabRemo/Orchestrator/Labremoto/install/my_mas/local/lib/python3.10/dist-packages/my_mas/msg/_trans_global_s.c
-- Up-to-date: /home/felix/Documentos/LabRemo/Orchestrator/Labremoto/install/my_mas/local/lib/python3.10/dist-packages/my_mas/msg/_bit_load.py
-- Up-to-date: /home/felix/Documentos/LabRemo/Orchestrator/Labremoto/install/my_mas/local/lib/python3.10/dist-packages/my_mas/msg/__init__.py
-- Up-to-date: /home/felix/Documentos/LabRemo/Orchestrator/Labremoto/install/my_mas/local/lib/python3.10/dist-packages/my_mas/msg/_file_hex_load_s.c
-- Up-to-date: /home/felix/Documentos/LabRemo/Orchestrator/Labremoto/install/my_mas/local/lib/python3.10/dist-packages/my_mas/msg/_operacion.py
-- Up-to-date: /home/felix/Documentos/LabRemo/Orchestrator/Labremoto/install/my_mas/local/lib/python3.10/dist-packages/my_mas/msg/_contrato.py
-- Up-to-date: /home/felix/Documentos/LabRemo/Orchestrator/Labremoto/install/my_mas/local/lib/python3.10/dist-packages/my_mas/msg/_file_hex_load.py
-- Up-to-date: /home/felix/Documentos/LabRemo/Orchestrator/Labremoto/install/my_mas/local/lib/python3.10/dist-packages/my_mas/msg/_bit_load_s.c
-- Up-to-date: /home/felix/Documentos/LabRemo/Orchestrator/Labremoto/install/my_mas/local/lib/python3.10/dist-packages/my_mas/msg/_operacion_s.c
-- Up-to-date: /home/felix/Documentos/LabRemo/Orchestrator/Labremoto/install/my_mas/local/lib/python3.10/dist-packages/my_mas/msg/_auditor_s.c
-- Up-to-date: /home/felix/Documentos/LabRemo/Orchestrator/Labremoto/install/my_mas/local/lib/python3.10/dist-packages/my_mas/msg/_auditor.py
-- Up-to-date: /home/felix/Documentos/LabRemo/Orchestrator/Labremoto/install/my_mas/local/lib/python3.10/dist-packages/my_mas/msg/_trans_entrada_s.c
-- Up-to-date: /home/felix/Documentos/LabRemo/Orchestrator/Labremoto/install/my_mas/local/lib/python3.10/dist-packages/my_mas/msg/_log_salida.py
-- Up-to-date: /home/felix/Documentos/LabRemo/Orchestrator/Labremoto/install/my_mas/local/lib/python3.10/dist-packages/my_mas/msg/_log_salida_s.c
-- Up-to-date: /home/felix/Documentos/LabRemo/Orchestrator/Labremoto/install/my_mas/local/lib/python3.10/dist-packages/my_mas/msg/_contrato_s.c
-- Up-to-date: /home/felix/Documentos/LabRemo/Orchestrator/Labremoto/install/my_mas/local/lib/python3.10/dist-packages/my_mas/msg/_trans_entrada.py
-- Up-to-date: /home/felix/Documentos/LabRemo/Orchestrator/Labremoto/install/my_mas/local/lib/python3.10/dist-packages/my_mas/msg/_create_bit_stream_s.c
-- Up-to-date: /home/felix/Documentos/LabRemo/Orchestrator/Labremoto/install/my_mas/local/lib/python3.10/dist-packages/my_mas/msg/_trans_global.py
-- Up-to-date: /home/felix/Documentos/LabRemo/Orchestrator/Labremoto/install/my_mas/local/lib/python3.10/dist-packages/my_mas/msg/_sensor_measurment_s.c
-- Up-to-date: /home/felix/Documentos/LabRemo/Orchestrator/Labremoto/install/my_mas/local/lib/python3.10/dist-packages/my_mas/msg/_create_bit_stream.py
-- Up-to-date: /home/felix/Documentos/LabRemo/Orchestrator/Labremoto/install/my_mas/local/lib/python3.10/dist-packages/my_mas/my_mas_s__rosidl_typesupport_fastrtps_c.cpython-310-x86_64-linux-gnu.so
-- Up-to-date: /home/felix/Documentos/LabRemo/Orchestrator/Labremoto/install/my_mas/local/lib/python3.10/dist-packages/my_mas/_my_mas_s.ep.rosidl_typesupport_fastrtps_c.c
-- Up-to-date: /home/felix/Documentos/LabRemo/Orchestrator/Labremoto/install/my_mas/local/lib/python3.10/dist-packages/my_mas/my_mas_s__rosidl_typesupport_c.cpython-310-x86_64-linux-gnu.so
Listing '/home/felix/Documentos/LabRemo/Orchestrator/Labremoto/install/my_mas/local/lib/python3.10/dist-packages/my_mas'...
Listing '/home/felix/Documentos/LabRemo/Orchestrator/Labremoto/install/my_mas/local/lib/python3.10/dist-packages/my_mas/action'...
Listing '/home/felix/Documentos/LabRemo/Orchestrator/Labremoto/install/my_mas/local/lib/python3.10/dist-packages/my_mas/msg'...
Listing '/home/felix/Documentos/LabRemo/Orchestrator/Labremoto/install/my_mas/local/lib/python3.10/dist-packages/my_mas/srv'...
-- Up-to-date: /home/felix/Documentos/LabRemo/Orchestrator/Labremoto/install/my_mas/local/lib/python3.10/dist-packages/my_mas/my_mas_s__rosidl_typesupport_fastrtps_c.cpython-310-x86_64-linux-gnu.so
-- Up-to-date: /home/felix/Documentos/LabRemo/Orchestrator/Labremoto/install/my_mas/local/lib/python3.10/dist-packages/my_mas/my_mas_s__rosidl_typesupport_introspection_c.cpython-310-x86_64-linux-gnu.so
-- Up-to-date: /home/felix/Documentos/LabRemo/Orchestrator/Labremoto/install/my_mas/local/lib/python3.10/dist-packages/my_mas/my_mas_s__rosidl_typesupport_c.cpython-310-x86_64-linux-gnu.so
-- Up-to-date: /home/felix/Documentos/LabRemo/Orchestrator/Labremoto/install/my_mas/lib/libmy_mas__rosidl_generator_py.so
-- Up-to-date: /home/felix/Documentos/LabRemo/Orchestrator/Labremoto/install/my_mas/share/my_mas/msg/Operacion.idl
-- Up-to-date: /home/felix/Documentos/LabRemo/Orchestrator/Labremoto/install/my_mas/share/my_mas/msg/BitLoad.idl
-- Up-to-date: /home/felix/Documentos/LabRemo/Orchestrator/Labremoto/install/my_mas/share/my_mas/msg/CreateBitStream.idl
-- Up-to-date: /home/felix/Documentos/LabRemo/Orchestrator/Labremoto/install/my_mas/share/my_mas/msg/Auditor.idl
-- Up-to-date: /home/felix/Documentos/LabRemo/Orchestrator/Labremoto/install/my_mas/share/my_mas/msg/SensorMeasurment.idl
-- Up-to-date: /home/felix/Documentos/LabRemo/Orchestrator/Labremoto/install/my_mas/share/my_mas/msg/FileHexLoad.idl
-- Up-to-date: /home/felix/Documentos/LabRemo/Orchestrator/Labremoto/install/my_mas/share/my_mas/msg/TransGlobal.idl
-- Up-to-date: /home/felix/Documentos/LabRemo/Orchestrator/Labremoto/install/my_mas/share/my_mas/msg/Contrato.idl
-- Up-to-date: /home/felix/Documentos/LabRemo/Orchestrator/Labremoto/install/my_mas/share/my_mas/msg/TransEntrada.idl
-- Up-to-date: /home/felix/Documentos/LabRemo/Orchestrator/Labremoto/install/my_mas/share/my_mas/msg/LogSalida.idl
-- Up-to-date: /home/felix/Documentos/LabRemo/Orchestrator/Labremoto/install/my_mas/share/my_mas/srv/LoadFiledb.idl
-- Up-to-date: /home/felix/Documentos/LabRemo/Orchestrator/Labremoto/install/my_mas/share/my_mas/srv/LoadFile.idl
-- Up-to-date: /home/felix/Documentos/LabRemo/Orchestrator/Labremoto/install/my_mas/share/my_mas/action/Fibonacci.idl
-- Up-to-date: /home/felix/Documentos/LabRemo/Orchestrator/Labremoto/install/my_mas/share/my_mas/action/Cargahex.idl
-- Up-to-date: /home/felix/Documentos/LabRemo/Orchestrator/Labremoto/install/my_mas/share/my_mas/action/CargaBit.idl
-- Up-to-date: /home/felix/Documentos/LabRemo/Orchestrator/Labremoto/install/my_mas/share/my_mas/action/Tranformvhdlbit.idl
-- Up-to-date: /home/felix/Documentos/LabRemo/Orchestrator/Labremoto/install/my_mas/share/my_mas/msg/Operacion.msg
-- Up-to-date: /home/felix/Documentos/LabRemo/Orchestrator/Labremoto/install/my_mas/share/my_mas/msg/BitLoad.msg
-- Up-to-date: /home/felix/Documentos/LabRemo/Orchestrator/Labremoto/install/my_mas/share/my_mas/msg/CreateBitStream.msg
-- Up-to-date: /home/felix/Documentos/LabRemo/Orchestrator/Labremoto/install/my_mas/share/my_mas/msg/Auditor.msg
-- Up-to-date: /home/felix/Documentos/LabRemo/Orchestrator/Labremoto/install/my_mas/share/my_mas/msg/SensorMeasurment.msg
-- Up-to-date: /home/felix/Documentos/LabRemo/Orchestrator/Labremoto/install/my_mas/share/my_mas/msg/FileHexLoad.msg
-- Up-to-date: /home/felix/Documentos/LabRemo/Orchestrator/Labremoto/install/my_mas/share/my_mas/msg/TransGlobal.msg
-- Up-to-date: /home/felix/Documentos/LabRemo/Orchestrator/Labremoto/install/my_mas/share/my_mas/msg/Contrato.msg
-- Up-to-date: /home/felix/Documentos/LabRemo/Orchestrator/Labremoto/install/my_mas/share/my_mas/msg/TransEntrada.msg
-- Up-to-date: /home/felix/Documentos/LabRemo/Orchestrator/Labremoto/install/my_mas/share/my_mas/msg/LogSalida.msg
-- Up-to-date: /home/felix/Documentos/LabRemo/Orchestrator/Labremoto/install/my_mas/share/my_mas/srv/LoadFiledb.srv
-- Up-to-date: /home/felix/Documentos/LabRemo/Orchestrator/Labremoto/install/my_mas/share/my_mas/srv/LoadFiledb_Request.msg
-- Up-to-date: /home/felix/Documentos/LabRemo/Orchestrator/Labremoto/install/my_mas/share/my_mas/srv/LoadFiledb_Response.msg
-- Up-to-date: /home/felix/Documentos/LabRemo/Orchestrator/Labremoto/install/my_mas/share/my_mas/srv/LoadFile.srv
-- Up-to-date: /home/felix/Documentos/LabRemo/Orchestrator/Labremoto/install/my_mas/share/my_mas/srv/LoadFile_Request.msg
-- Up-to-date: /home/felix/Documentos/LabRemo/Orchestrator/Labremoto/install/my_mas/share/my_mas/srv/LoadFile_Response.msg
-- Up-to-date: /home/felix/Documentos/LabRemo/Orchestrator/Labremoto/install/my_mas/share/my_mas/action/Fibonacci.action
-- Up-to-date: /home/felix/Documentos/LabRemo/Orchestrator/Labremoto/install/my_mas/share/my_mas/action/Cargahex.action
-- Up-to-date: /home/felix/Documentos/LabRemo/Orchestrator/Labremoto/install/my_mas/share/my_mas/action/CargaBit.action
-- Up-to-date: /home/felix/Documentos/LabRemo/Orchestrator/Labremoto/install/my_mas/share/my_mas/action/Tranformvhdlbit.action
-- Up-to-date: /home/felix/Documentos/LabRemo/Orchestrator/Labremoto/install/my_mas/share/ament_index/resource_index/package_run_dependencies/my_mas
-- Up-to-date: /home/felix/Documentos/LabRemo/Orchestrator/Labremoto/install/my_mas/share/ament_index/resource_index/parent_prefix_path/my_mas
-- Up-to-date: /home/felix/Documentos/LabRemo/Orchestrator/Labremoto/install/my_mas/share/my_mas/environment/ament_prefix_path.sh
-- Up-to-date: /home/felix/Documentos/LabRemo/Orchestrator/Labremoto/install/my_mas/share/my_mas/environment/ament_prefix_path.dsv
-- Up-to-date: /home/felix/Documentos/LabRemo/Orchestrator/Labremoto/install/my_mas/share/my_mas/environment/path.sh
-- Up-to-date: /home/felix/Documentos/LabRemo/Orchestrator/Labremoto/install/my_mas/share/my_mas/environment/path.dsv
-- Up-to-date: /home/felix/Documentos/LabRemo/Orchestrator/Labremoto/install/my_mas/share/my_mas/local_setup.bash
-- Up-to-date: /home/felix/Documentos/LabRemo/Orchestrator/Labremoto/install/my_mas/share/my_mas/local_setup.sh
-- Up-to-date: /home/felix/Documentos/LabRemo/Orchestrator/Labremoto/install/my_mas/share/my_mas/local_setup.zsh
-- Up-to-date: /home/felix/Documentos/LabRemo/Orchestrator/Labremoto/install/my_mas/share/my_mas/local_setup.dsv
-- Installing: /home/felix/Documentos/LabRemo/Orchestrator/Labremoto/install/my_mas/share/my_mas/package.dsv
-- Up-to-date: /home/felix/Documentos/LabRemo/Orchestrator/Labremoto/install/my_mas/share/ament_index/resource_index/packages/my_mas
-- Up-to-date: /home/felix/Documentos/LabRemo/Orchestrator/Labremoto/install/my_mas/share/my_mas/cmake/export_my_mas__rosidl_generator_cExport.cmake
-- Up-to-date: /home/felix/Documentos/LabRemo/Orchestrator/Labremoto/install/my_mas/share/my_mas/cmake/export_my_mas__rosidl_generator_cExport-noconfig.cmake
-- Up-to-date: /home/felix/Documentos/LabRemo/Orchestrator/Labremoto/install/my_mas/share/my_mas/cmake/export_my_mas__rosidl_typesupport_fastrtps_cExport.cmake
-- Up-to-date: /home/felix/Documentos/LabRemo/Orchestrator/Labremoto/install/my_mas/share/my_mas/cmake/export_my_mas__rosidl_typesupport_fastrtps_cExport-noconfig.cmake
-- Up-to-date: /home/felix/Documentos/LabRemo/Orchestrator/Labremoto/install/my_mas/share/my_mas/cmake/my_mas__rosidl_typesupport_introspection_cExport.cmake
-- Up-to-date: /home/felix/Documentos/LabRemo/Orchestrator/Labremoto/install/my_mas/share/my_mas/cmake/my_mas__rosidl_typesupport_introspection_cExport-noconfig.cmake
-- Up-to-date: /home/felix/Documentos/LabRemo/Orchestrator/Labremoto/install/my_mas/share/my_mas/cmake/my_mas__rosidl_typesupport_cExport.cmake
-- Up-to-date: /home/felix/Documentos/LabRemo/Orchestrator/Labremoto/install/my_mas/share/my_mas/cmake/my_mas__rosidl_typesupport_cExport-noconfig.cmake
-- Up-to-date: /home/felix/Documentos/LabRemo/Orchestrator/Labremoto/install/my_mas/share/my_mas/cmake/export_my_mas__rosidl_generator_cppExport.cmake
-- Up-to-date: /home/felix/Documentos/LabRemo/Orchestrator/Labremoto/install/my_mas/share/my_mas/cmake/export_my_mas__rosidl_typesupport_fastrtps_cppExport.cmake
-- Up-to-date: /home/felix/Documentos/LabRemo/Orchestrator/Labremoto/install/my_mas/share/my_mas/cmake/export_my_mas__rosidl_typesupport_fastrtps_cppExport-noconfig.cmake
-- Up-to-date: /home/felix/Documentos/LabRemo/Orchestrator/Labremoto/install/my_mas/share/my_mas/cmake/my_mas__rosidl_typesupport_introspection_cppExport.cmake
-- Up-to-date: /home/felix/Documentos/LabRemo/Orchestrator/Labremoto/install/my_mas/share/my_mas/cmake/my_mas__rosidl_typesupport_introspection_cppExport-noconfig.cmake
-- Up-to-date: /home/felix/Documentos/LabRemo/Orchestrator/Labremoto/install/my_mas/share/my_mas/cmake/my_mas__rosidl_typesupport_cppExport.cmake
-- Up-to-date: /home/felix/Documentos/LabRemo/Orchestrator/Labremoto/install/my_mas/share/my_mas/cmake/my_mas__rosidl_typesupport_cppExport-noconfig.cmake
-- Up-to-date: /home/felix/Documentos/LabRemo/Orchestrator/Labremoto/install/my_mas/share/my_mas/cmake/export_my_mas__rosidl_generator_pyExport.cmake
-- Up-to-date: /home/felix/Documentos/LabRemo/Orchestrator/Labremoto/install/my_mas/share/my_mas/cmake/export_my_mas__rosidl_generator_pyExport-noconfig.cmake
-- Up-to-date: /home/felix/Documentos/LabRemo/Orchestrator/Labremoto/install/my_mas/share/my_mas/cmake/rosidl_cmake-extras.cmake
-- Up-to-date: /home/felix/Documentos/LabRemo/Orchestrator/Labremoto/install/my_mas/share/my_mas/cmake/ament_cmake_export_dependencies-extras.cmake
-- Up-to-date: /home/felix/Documentos/LabRemo/Orchestrator/Labremoto/install/my_mas/share/my_mas/cmake/ament_cmake_export_include_directories-extras.cmake
-- Up-to-date: /home/felix/Documentos/LabRemo/Orchestrator/Labremoto/install/my_mas/share/my_mas/cmake/ament_cmake_export_libraries-extras.cmake
-- Up-to-date: /home/felix/Documentos/LabRemo/Orchestrator/Labremoto/install/my_mas/share/my_mas/cmake/ament_cmake_export_targets-extras.cmake
-- Up-to-date: /home/felix/Documentos/LabRemo/Orchestrator/Labremoto/install/my_mas/share/my_mas/cmake/rosidl_cmake_export_typesupport_targets-extras.cmake
-- Up-to-date: /home/felix/Documentos/LabRemo/Orchestrator/Labremoto/install/my_mas/share/my_mas/cmake/rosidl_cmake_export_typesupport_libraries-extras.cmake
-- Up-to-date: /home/felix/Documentos/LabRemo/Orchestrator/Labremoto/install/my_mas/share/my_mas/cmake/my_masConfig.cmake
-- Up-to-date: /home/felix/Documentos/LabRemo/Orchestrator/Labremoto/install/my_mas/share/my_mas/cmake/my_masConfig-version.cmake
-- Up-to-date: /home/felix/Documentos/LabRemo/Orchestrator/Labremoto/install/my_mas/share/my_mas/package.xml
