[4.469s] DEBUG:colcon:Command line arguments: ['/usr/bin/colcon', 'build']
[4.470s] DEBUG:colcon:Parsed command line arguments: Namespace(log_base=None, log_level=None, verb_name='build', build_base='build', install_base='install', merge_install=False, symlink_install=False, test_result_base=None, continue_on_error=False, executor='parallel', parallel_workers=4, event_handlers=None, ignore_user_meta=False, metas=['./colcon.meta'], base_paths=['.'], packages_ignore=None, packages_ignore_regex=None, paths=None, packages_up_to=None, packages_up_to_regex=None, packages_above=None, packages_above_and_dependencies=None, packages_above_depth=None, packages_select_by_dep=None, packages_skip_by_dep=None, packages_skip_up_to=None, packages_select_build_failed=False, packages_skip_build_finished=False, packages_select_test_failures=False, packages_skip_test_passed=False, packages_select=None, packages_skip=None, packages_select_regex=None, packages_skip_regex=None, packages_start=None, packages_end=None, allow_overriding=[], cmake_args=None, cmake_target=None, cmake_target_skip_unavailable=False, cmake_clean_cache=False, cmake_clean_first=False, cmake_force_configure=False, ament_cmake_args=None, catkin_cmake_args=None, catkin_skip_building_tests=False, verb_parser=<colcon_defaults.argument_parser.defaults.DefaultArgumentsDecorator object at 0x7fc59d8ba320>, verb_extension=<colcon_core.verb.build.BuildVerb object at 0x7fc59d849300>, main=<bound method BuildVerb.main of <colcon_core.verb.build.BuildVerb object at 0x7fc59d849300>>)
[4.657s] Level 1:colcon.colcon_core.package_discovery:discover_packages(colcon_meta) check parameters
[4.658s] Level 1:colcon.colcon_core.package_discovery:discover_packages(recursive) check parameters
[4.658s] Level 1:colcon.colcon_core.package_discovery:discover_packages(ignore) check parameters
[4.658s] Level 1:colcon.colcon_core.package_discovery:discover_packages(path) check parameters
[4.658s] Level 1:colcon.colcon_core.package_discovery:discover_packages(colcon_meta) discover
[4.658s] Level 1:colcon.colcon_core.package_discovery:discover_packages(recursive) discover
[4.658s] INFO:colcon.colcon_core.package_discovery:Crawling recursively for packages in '/home/ffelix07/Documents/LabRemo/Orchestrator/ros2_labremoto'
[4.659s] Level 1:colcon.colcon_core.package_identification:_identify(.) by extensions ['ignore', 'ignore_ament_install']
[4.659s] Level 1:colcon.colcon_core.package_identification:_identify(.) by extension 'ignore'
[4.659s] Level 1:colcon.colcon_core.package_identification:_identify(.) by extension 'ignore_ament_install'
[4.659s] Level 1:colcon.colcon_core.package_identification:_identify(.) by extensions ['colcon_pkg']
[4.659s] Level 1:colcon.colcon_core.package_identification:_identify(.) by extension 'colcon_pkg'
[4.660s] Level 1:colcon.colcon_core.package_identification:_identify(.) by extensions ['colcon_meta']
[4.660s] Level 1:colcon.colcon_core.package_identification:_identify(.) by extension 'colcon_meta'
[4.660s] Level 1:colcon.colcon_core.package_identification:_identify(.) by extensions ['ros']
[4.660s] Level 1:colcon.colcon_core.package_identification:_identify(.) by extension 'ros'
[4.695s] Level 1:colcon.colcon_core.package_identification:_identify(.) by extensions ['cmake', 'python']
[4.695s] Level 1:colcon.colcon_core.package_identification:_identify(.) by extension 'cmake'
[4.695s] Level 1:colcon.colcon_core.package_identification:_identify(.) by extension 'python'
[4.695s] Level 1:colcon.colcon_core.package_identification:_identify(.) by extensions ['python_setup_py']
[4.695s] Level 1:colcon.colcon_core.package_identification:_identify(.) by extension 'python_setup_py'
[4.696s] Level 1:colcon.colcon_core.package_identification:_identify(build) by extensions ['ignore', 'ignore_ament_install']
[4.696s] Level 1:colcon.colcon_core.package_identification:_identify(build) by extension 'ignore'
[4.696s] Level 1:colcon.colcon_core.package_identification:_identify(build) ignored
[4.697s] Level 1:colcon.colcon_core.package_identification:_identify(install) by extensions ['ignore', 'ignore_ament_install']
[4.697s] Level 1:colcon.colcon_core.package_identification:_identify(install) by extension 'ignore'
[4.697s] Level 1:colcon.colcon_core.package_identification:_identify(install) ignored
[4.698s] Level 1:colcon.colcon_core.package_identification:_identify(log) by extensions ['ignore', 'ignore_ament_install']
[4.698s] Level 1:colcon.colcon_core.package_identification:_identify(log) by extension 'ignore'
[4.698s] Level 1:colcon.colcon_core.package_identification:_identify(log) ignored
[4.699s] Level 1:colcon.colcon_core.package_identification:_identify(src) by extensions ['ignore', 'ignore_ament_install']
[4.699s] Level 1:colcon.colcon_core.package_identification:_identify(src) by extension 'ignore'
[4.699s] Level 1:colcon.colcon_core.package_identification:_identify(src) by extension 'ignore_ament_install'
[4.699s] Level 1:colcon.colcon_core.package_identification:_identify(src) by extensions ['colcon_pkg']
[4.699s] Level 1:colcon.colcon_core.package_identification:_identify(src) by extension 'colcon_pkg'
[4.699s] Level 1:colcon.colcon_core.package_identification:_identify(src) by extensions ['colcon_meta']
[4.700s] Level 1:colcon.colcon_core.package_identification:_identify(src) by extension 'colcon_meta'
[4.700s] Level 1:colcon.colcon_core.package_identification:_identify(src) by extensions ['ros']
[4.700s] Level 1:colcon.colcon_core.package_identification:_identify(src) by extension 'ros'
[4.700s] Level 1:colcon.colcon_core.package_identification:_identify(src) by extensions ['cmake', 'python']
[4.700s] Level 1:colcon.colcon_core.package_identification:_identify(src) by extension 'cmake'
[4.700s] Level 1:colcon.colcon_core.package_identification:_identify(src) by extension 'python'
[4.701s] Level 1:colcon.colcon_core.package_identification:_identify(src) by extensions ['python_setup_py']
[4.701s] Level 1:colcon.colcon_core.package_identification:_identify(src) by extension 'python_setup_py'
[4.701s] Level 1:colcon.colcon_core.package_identification:_identify(src/examples) by extensions ['ignore', 'ignore_ament_install']
[4.701s] Level 1:colcon.colcon_core.package_identification:_identify(src/examples) by extension 'ignore'
[4.701s] Level 1:colcon.colcon_core.package_identification:_identify(src/examples) by extension 'ignore_ament_install'
[4.702s] Level 1:colcon.colcon_core.package_identification:_identify(src/examples) by extensions ['colcon_pkg']
[4.702s] Level 1:colcon.colcon_core.package_identification:_identify(src/examples) by extension 'colcon_pkg'
[4.702s] Level 1:colcon.colcon_core.package_identification:_identify(src/examples) by extensions ['colcon_meta']
[4.702s] Level 1:colcon.colcon_core.package_identification:_identify(src/examples) by extension 'colcon_meta'
[4.702s] Level 1:colcon.colcon_core.package_identification:_identify(src/examples) by extensions ['ros']
[4.702s] Level 1:colcon.colcon_core.package_identification:_identify(src/examples) by extension 'ros'
[4.702s] Level 1:colcon.colcon_core.package_identification:_identify(src/examples) by extensions ['cmake', 'python']
[4.703s] Level 1:colcon.colcon_core.package_identification:_identify(src/examples) by extension 'cmake'
[4.703s] Level 1:colcon.colcon_core.package_identification:_identify(src/examples) by extension 'python'
[4.703s] Level 1:colcon.colcon_core.package_identification:_identify(src/examples) by extensions ['python_setup_py']
[4.703s] Level 1:colcon.colcon_core.package_identification:_identify(src/examples) by extension 'python_setup_py'
[4.703s] Level 1:colcon.colcon_core.package_identification:_identify(src/hardware) by extensions ['ignore', 'ignore_ament_install']
[4.704s] Level 1:colcon.colcon_core.package_identification:_identify(src/hardware) by extension 'ignore'
[4.704s] Level 1:colcon.colcon_core.package_identification:_identify(src/hardware) by extension 'ignore_ament_install'
[4.704s] Level 1:colcon.colcon_core.package_identification:_identify(src/hardware) by extensions ['colcon_pkg']
[4.704s] Level 1:colcon.colcon_core.package_identification:_identify(src/hardware) by extension 'colcon_pkg'
[4.704s] Level 1:colcon.colcon_core.package_identification:_identify(src/hardware) by extensions ['colcon_meta']
[4.704s] Level 1:colcon.colcon_core.package_identification:_identify(src/hardware) by extension 'colcon_meta'
[4.705s] Level 1:colcon.colcon_core.package_identification:_identify(src/hardware) by extensions ['ros']
[4.705s] Level 1:colcon.colcon_core.package_identification:_identify(src/hardware) by extension 'ros'
[4.714s] DEBUG:colcon.colcon_core.package_identification:Package 'src/hardware' with type 'ros.ament_python' and name 'hardware'
[4.714s] Level 1:colcon.colcon_core.package_identification:_identify(src/lstructure) by extensions ['ignore', 'ignore_ament_install']
[4.715s] Level 1:colcon.colcon_core.package_identification:_identify(src/lstructure) by extension 'ignore'
[4.715s] Level 1:colcon.colcon_core.package_identification:_identify(src/lstructure) by extension 'ignore_ament_install'
[4.715s] Level 1:colcon.colcon_core.package_identification:_identify(src/lstructure) by extensions ['colcon_pkg']
[4.715s] Level 1:colcon.colcon_core.package_identification:_identify(src/lstructure) by extension 'colcon_pkg'
[4.715s] Level 1:colcon.colcon_core.package_identification:_identify(src/lstructure) by extensions ['colcon_meta']
[4.715s] Level 1:colcon.colcon_core.package_identification:_identify(src/lstructure) by extension 'colcon_meta'
[4.715s] Level 1:colcon.colcon_core.package_identification:_identify(src/lstructure) by extensions ['ros']
[4.716s] Level 1:colcon.colcon_core.package_identification:_identify(src/lstructure) by extension 'ros'
[4.717s] DEBUG:colcon.colcon_core.package_identification:Package 'src/lstructure' with type 'ros.ament_python' and name 'lstructure'
[4.718s] Level 1:colcon.colcon_core.package_identification:_identify(src/my_mas) by extensions ['ignore', 'ignore_ament_install']
[4.718s] Level 1:colcon.colcon_core.package_identification:_identify(src/my_mas) by extension 'ignore'
[4.718s] Level 1:colcon.colcon_core.package_identification:_identify(src/my_mas) by extension 'ignore_ament_install'
[4.718s] Level 1:colcon.colcon_core.package_identification:_identify(src/my_mas) by extensions ['colcon_pkg']
[4.718s] Level 1:colcon.colcon_core.package_identification:_identify(src/my_mas) by extension 'colcon_pkg'
[4.718s] Level 1:colcon.colcon_core.package_identification:_identify(src/my_mas) by extensions ['colcon_meta']
[4.719s] Level 1:colcon.colcon_core.package_identification:_identify(src/my_mas) by extension 'colcon_meta'
[4.719s] Level 1:colcon.colcon_core.package_identification:_identify(src/my_mas) by extensions ['ros']
[4.719s] Level 1:colcon.colcon_core.package_identification:_identify(src/my_mas) by extension 'ros'
[4.721s] DEBUG:colcon.colcon_core.package_identification:Package 'src/my_mas' with type 'ros.ament_cmake' and name 'my_mas'
[4.722s] Level 1:colcon.colcon_core.package_identification:_identify(src/py_pubsub) by extensions ['ignore', 'ignore_ament_install']
[4.722s] Level 1:colcon.colcon_core.package_identification:_identify(src/py_pubsub) by extension 'ignore'
[4.722s] Level 1:colcon.colcon_core.package_identification:_identify(src/py_pubsub) by extension 'ignore_ament_install'
[4.722s] Level 1:colcon.colcon_core.package_identification:_identify(src/py_pubsub) by extensions ['colcon_pkg']
[4.722s] Level 1:colcon.colcon_core.package_identification:_identify(src/py_pubsub) by extension 'colcon_pkg'
[4.723s] Level 1:colcon.colcon_core.package_identification:_identify(src/py_pubsub) by extensions ['colcon_meta']
[4.723s] Level 1:colcon.colcon_core.package_identification:_identify(src/py_pubsub) by extension 'colcon_meta'
[4.723s] Level 1:colcon.colcon_core.package_identification:_identify(src/py_pubsub) by extensions ['ros']
[4.723s] Level 1:colcon.colcon_core.package_identification:_identify(src/py_pubsub) by extension 'ros'
[4.725s] DEBUG:colcon.colcon_core.package_identification:Package 'src/py_pubsub' with type 'ros.ament_python' and name 'py_pubsub'
[4.726s] Level 1:colcon.colcon_core.package_discovery:discover_packages(recursive) using defaults
[4.726s] Level 1:colcon.colcon_core.package_discovery:discover_packages(ignore) discover
[4.726s] Level 1:colcon.colcon_core.package_discovery:discover_packages(ignore) using defaults
[4.726s] Level 1:colcon.colcon_core.package_discovery:discover_packages(path) discover
[4.726s] Level 1:colcon.colcon_core.package_discovery:discover_packages(path) using defaults
[5.044s] Level 1:colcon.colcon_core.package_discovery:discover_packages(prefix_path) check parameters
[5.044s] Level 1:colcon.colcon_core.package_discovery:discover_packages(prefix_path) discover
[5.210s] DEBUG:colcon.colcon_installed_package_information.package_discovery:Found 10 installed packages in /home/ffelix07/Documents/LabRemo/Orchestrator/ros2_labremoto/install
[5.293s] DEBUG:colcon.colcon_installed_package_information.package_discovery:Found 180 installed packages in /opt/ros/humble
[5.297s] Level 1:colcon.colcon_core.package_discovery:discover_packages(prefix_path) using defaults
[5.646s] Level 5:colcon.colcon_core.verb:set package 'hardware' build argument 'cmake_args' from command line to 'None'
[5.646s] Level 5:colcon.colcon_core.verb:set package 'hardware' build argument 'cmake_target' from command line to 'None'
[5.647s] Level 5:colcon.colcon_core.verb:set package 'hardware' build argument 'cmake_target_skip_unavailable' from command line to 'False'
[5.647s] Level 5:colcon.colcon_core.verb:set package 'hardware' build argument 'cmake_clean_cache' from command line to 'False'
[5.647s] Level 5:colcon.colcon_core.verb:set package 'hardware' build argument 'cmake_clean_first' from command line to 'False'
[5.648s] Level 5:colcon.colcon_core.verb:set package 'hardware' build argument 'cmake_force_configure' from command line to 'False'
[5.648s] Level 5:colcon.colcon_core.verb:set package 'hardware' build argument 'ament_cmake_args' from command line to 'None'
[5.649s] Level 5:colcon.colcon_core.verb:set package 'hardware' build argument 'catkin_cmake_args' from command line to 'None'
[5.649s] Level 5:colcon.colcon_core.verb:set package 'hardware' build argument 'catkin_skip_building_tests' from command line to 'False'
[5.649s] DEBUG:colcon.colcon_core.verb:Building package 'hardware' with the following arguments: {'ament_cmake_args': None, 'build_base': '/home/ffelix07/Documents/LabRemo/Orchestrator/ros2_labremoto/build/hardware', 'catkin_cmake_args': None, 'catkin_skip_building_tests': False, 'cmake_args': None, 'cmake_clean_cache': False, 'cmake_clean_first': False, 'cmake_force_configure': False, 'cmake_target': None, 'cmake_target_skip_unavailable': False, 'install_base': '/home/ffelix07/Documents/LabRemo/Orchestrator/ros2_labremoto/install/hardware', 'merge_install': False, 'path': '/home/ffelix07/Documents/LabRemo/Orchestrator/ros2_labremoto/src/hardware', 'symlink_install': False, 'test_result_base': None}
[5.696s] Level 5:colcon.colcon_core.verb:set package 'lstructure' build argument 'cmake_args' from command line to 'None'
[5.697s] Level 5:colcon.colcon_core.verb:set package 'lstructure' build argument 'cmake_target' from command line to 'None'
[5.697s] Level 5:colcon.colcon_core.verb:set package 'lstructure' build argument 'cmake_target_skip_unavailable' from command line to 'False'
[5.697s] Level 5:colcon.colcon_core.verb:set package 'lstructure' build argument 'cmake_clean_cache' from command line to 'False'
[5.697s] Level 5:colcon.colcon_core.verb:set package 'lstructure' build argument 'cmake_clean_first' from command line to 'False'
[5.697s] Level 5:colcon.colcon_core.verb:set package 'lstructure' build argument 'cmake_force_configure' from command line to 'False'
[5.697s] Level 5:colcon.colcon_core.verb:set package 'lstructure' build argument 'ament_cmake_args' from command line to 'None'
[5.697s] Level 5:colcon.colcon_core.verb:set package 'lstructure' build argument 'catkin_cmake_args' from command line to 'None'
[5.697s] Level 5:colcon.colcon_core.verb:set package 'lstructure' build argument 'catkin_skip_building_tests' from command line to 'False'
[5.697s] DEBUG:colcon.colcon_core.verb:Building package 'lstructure' with the following arguments: {'ament_cmake_args': None, 'build_base': '/home/ffelix07/Documents/LabRemo/Orchestrator/ros2_labremoto/build/lstructure', 'catkin_cmake_args': None, 'catkin_skip_building_tests': False, 'cmake_args': None, 'cmake_clean_cache': False, 'cmake_clean_first': False, 'cmake_force_configure': False, 'cmake_target': None, 'cmake_target_skip_unavailable': False, 'install_base': '/home/ffelix07/Documents/LabRemo/Orchestrator/ros2_labremoto/install/lstructure', 'merge_install': False, 'path': '/home/ffelix07/Documents/LabRemo/Orchestrator/ros2_labremoto/src/lstructure', 'symlink_install': False, 'test_result_base': None}
[5.746s] Level 5:colcon.colcon_core.verb:set package 'my_mas' build argument 'cmake_args' from command line to 'None'
[5.746s] Level 5:colcon.colcon_core.verb:set package 'my_mas' build argument 'cmake_target' from command line to 'None'
[5.746s] Level 5:colcon.colcon_core.verb:set package 'my_mas' build argument 'cmake_target_skip_unavailable' from command line to 'False'
[5.746s] Level 5:colcon.colcon_core.verb:set package 'my_mas' build argument 'cmake_clean_cache' from command line to 'False'
[5.746s] Level 5:colcon.colcon_core.verb:set package 'my_mas' build argument 'cmake_clean_first' from command line to 'False'
[5.746s] Level 5:colcon.colcon_core.verb:set package 'my_mas' build argument 'cmake_force_configure' from command line to 'False'
[5.746s] Level 5:colcon.colcon_core.verb:set package 'my_mas' build argument 'ament_cmake_args' from command line to 'None'
[5.746s] Level 5:colcon.colcon_core.verb:set package 'my_mas' build argument 'catkin_cmake_args' from command line to 'None'
[5.746s] Level 5:colcon.colcon_core.verb:set package 'my_mas' build argument 'catkin_skip_building_tests' from command line to 'False'
[5.747s] DEBUG:colcon.colcon_core.verb:Building package 'my_mas' with the following arguments: {'ament_cmake_args': None, 'build_base': '/home/ffelix07/Documents/LabRemo/Orchestrator/ros2_labremoto/build/my_mas', 'catkin_cmake_args': None, 'catkin_skip_building_tests': False, 'cmake_args': None, 'cmake_clean_cache': False, 'cmake_clean_first': False, 'cmake_force_configure': False, 'cmake_target': None, 'cmake_target_skip_unavailable': False, 'install_base': '/home/ffelix07/Documents/LabRemo/Orchestrator/ros2_labremoto/install/my_mas', 'merge_install': False, 'path': '/home/ffelix07/Documents/LabRemo/Orchestrator/ros2_labremoto/src/my_mas', 'symlink_install': False, 'test_result_base': None}
[5.793s] Level 5:colcon.colcon_core.verb:set package 'py_pubsub' build argument 'cmake_args' from command line to 'None'
[5.794s] Level 5:colcon.colcon_core.verb:set package 'py_pubsub' build argument 'cmake_target' from command line to 'None'
[5.794s] Level 5:colcon.colcon_core.verb:set package 'py_pubsub' build argument 'cmake_target_skip_unavailable' from command line to 'False'
[5.794s] Level 5:colcon.colcon_core.verb:set package 'py_pubsub' build argument 'cmake_clean_cache' from command line to 'False'
[5.794s] Level 5:colcon.colcon_core.verb:set package 'py_pubsub' build argument 'cmake_clean_first' from command line to 'False'
[5.794s] Level 5:colcon.colcon_core.verb:set package 'py_pubsub' build argument 'cmake_force_configure' from command line to 'False'
[5.794s] Level 5:colcon.colcon_core.verb:set package 'py_pubsub' build argument 'ament_cmake_args' from command line to 'None'
[5.794s] Level 5:colcon.colcon_core.verb:set package 'py_pubsub' build argument 'catkin_cmake_args' from command line to 'None'
[5.794s] Level 5:colcon.colcon_core.verb:set package 'py_pubsub' build argument 'catkin_skip_building_tests' from command line to 'False'
[5.794s] DEBUG:colcon.colcon_core.verb:Building package 'py_pubsub' with the following arguments: {'ament_cmake_args': None, 'build_base': '/home/ffelix07/Documents/LabRemo/Orchestrator/ros2_labremoto/build/py_pubsub', 'catkin_cmake_args': None, 'catkin_skip_building_tests': False, 'cmake_args': None, 'cmake_clean_cache': False, 'cmake_clean_first': False, 'cmake_force_configure': False, 'cmake_target': None, 'cmake_target_skip_unavailable': False, 'install_base': '/home/ffelix07/Documents/LabRemo/Orchestrator/ros2_labremoto/install/py_pubsub', 'merge_install': False, 'path': '/home/ffelix07/Documents/LabRemo/Orchestrator/ros2_labremoto/src/py_pubsub', 'symlink_install': False, 'test_result_base': None}
[5.846s] INFO:colcon.colcon_core.executor:Executing jobs using 'parallel' executor
[5.897s] DEBUG:colcon.colcon_parallel_executor.executor.parallel:run_until_complete
[5.897s] INFO:colcon.colcon_ros.task.ament_cmake.build:Building ROS package in '/home/ffelix07/Documents/LabRemo/Orchestrator/ros2_labremoto/src/my_mas' with build type 'ament_cmake'
[5.898s] INFO:colcon.colcon_cmake.task.cmake.build:Building CMake package in '/home/ffelix07/Documents/LabRemo/Orchestrator/ros2_labremoto/src/my_mas'
[5.979s] INFO:colcon.colcon_core.plugin_system:Skipping extension 'colcon_core.shell.bat': Not used on non-Windows systems
[5.979s] INFO:colcon.colcon_core.shell:Skip shell extension 'powershell' for command environment: Not usable outside of PowerShell
[5.980s] DEBUG:colcon.colcon_core.shell:Skip shell extension 'dsv' for command environment
[6.169s] INFO:colcon.colcon_ros.task.ament_python.build:Building ROS package in '/home/ffelix07/Documents/LabRemo/Orchestrator/ros2_labremoto/src/hardware' with build type 'ament_python'
[6.170s] Level 1:colcon.colcon_core.shell:create_environment_hook('hardware', 'ament_prefix_path')
[6.242s] INFO:colcon.colcon_core.shell:Creating environment hook '/home/ffelix07/Documents/LabRemo/Orchestrator/ros2_labremoto/install/hardware/share/hardware/hook/ament_prefix_path.ps1'
[6.245s] INFO:colcon.colcon_core.shell:Creating environment descriptor '/home/ffelix07/Documents/LabRemo/Orchestrator/ros2_labremoto/install/hardware/share/hardware/hook/ament_prefix_path.dsv'
[6.248s] INFO:colcon.colcon_core.shell:Creating environment hook '/home/ffelix07/Documents/LabRemo/Orchestrator/ros2_labremoto/install/hardware/share/hardware/hook/ament_prefix_path.sh'
[6.315s] INFO:colcon.colcon_core.shell:Skip shell extension 'powershell' for command environment: Not usable outside of PowerShell
[6.315s] DEBUG:colcon.colcon_core.shell:Skip shell extension 'dsv' for command environment
[6.496s] INFO:colcon.colcon_ros.task.ament_python.build:Building ROS package in '/home/ffelix07/Documents/LabRemo/Orchestrator/ros2_labremoto/src/lstructure' with build type 'ament_python'
[6.497s] Level 1:colcon.colcon_core.shell:create_environment_hook('lstructure', 'ament_prefix_path')
[6.560s] INFO:colcon.colcon_core.shell:Creating environment hook '/home/ffelix07/Documents/LabRemo/Orchestrator/ros2_labremoto/install/lstructure/share/lstructure/hook/ament_prefix_path.ps1'
[6.566s] INFO:colcon.colcon_core.shell:Creating environment descriptor '/home/ffelix07/Documents/LabRemo/Orchestrator/ros2_labremoto/install/lstructure/share/lstructure/hook/ament_prefix_path.dsv'
[6.568s] INFO:colcon.colcon_core.shell:Creating environment hook '/home/ffelix07/Documents/LabRemo/Orchestrator/ros2_labremoto/install/lstructure/share/lstructure/hook/ament_prefix_path.sh'
[6.625s] INFO:colcon.colcon_core.shell:Skip shell extension 'powershell' for command environment: Not usable outside of PowerShell
[6.626s] DEBUG:colcon.colcon_core.shell:Skip shell extension 'dsv' for command environment
[6.826s] DEBUG:colcon.colcon_core.event_handler.log_command:Invoking command in '/home/ffelix07/Documents/LabRemo/Orchestrator/ros2_labremoto/build/my_mas': CMAKE_PREFIX_PATH=${CMAKE_PREFIX_PATH}:/home/ffelix07/Documents/LabRemo/Orchestrator/ros2_labremoto/install/py_pubsub:/home/ffelix07/Documents/LabRemo/Orchestrator/ros2_labremoto/install/hardware:/home/ffelix07/Documents/LabRemo/Orchestrator/ros2_labremoto/install/ament_pep257:/home/ffelix07/Documents/LabRemo/Orchestrator/ros2_labremoto/install/ament_package:/home/ffelix07/Documents/LabRemo/Orchestrator/ros2_labremoto/install/ament_flake8:/opt/ros/humble /usr/bin/cmake --build /home/ffelix07/Documents/LabRemo/Orchestrator/ros2_labremoto/build/my_mas -- -j4 -l4
[8.786s] INFO:colcon.colcon_core.task.python.build:Building Python package in '/home/ffelix07/Documents/LabRemo/Orchestrator/ros2_labremoto/src/hardware'
[8.944s] INFO:colcon.colcon_core.shell:Skip shell extension 'powershell' for command environment: Not usable outside of PowerShell
[8.944s] DEBUG:colcon.colcon_core.shell:Skip shell extension 'dsv' for command environment
[10.235s] INFO:colcon.colcon_core.task.python.build:Building Python package in '/home/ffelix07/Documents/LabRemo/Orchestrator/ros2_labremoto/src/lstructure'
[10.304s] INFO:colcon.colcon_core.shell:Skip shell extension 'powershell' for command environment: Not usable outside of PowerShell
[10.305s] DEBUG:colcon.colcon_core.shell:Skip shell extension 'dsv' for command environment
[10.568s] DEBUG:colcon.colcon_core.event_handler.log_command:Invoked command in '/home/ffelix07/Documents/LabRemo/Orchestrator/ros2_labremoto/build/my_mas' returned '0': CMAKE_PREFIX_PATH=${CMAKE_PREFIX_PATH}:/home/ffelix07/Documents/LabRemo/Orchestrator/ros2_labremoto/install/py_pubsub:/home/ffelix07/Documents/LabRemo/Orchestrator/ros2_labremoto/install/hardware:/home/ffelix07/Documents/LabRemo/Orchestrator/ros2_labremoto/install/ament_pep257:/home/ffelix07/Documents/LabRemo/Orchestrator/ros2_labremoto/install/ament_package:/home/ffelix07/Documents/LabRemo/Orchestrator/ros2_labremoto/install/ament_flake8:/opt/ros/humble /usr/bin/cmake --build /home/ffelix07/Documents/LabRemo/Orchestrator/ros2_labremoto/build/my_mas -- -j4 -l4
[11.633s] DEBUG:colcon.colcon_core.event_handler.log_command:Invoking command in '/home/ffelix07/Documents/LabRemo/Orchestrator/ros2_labremoto/build/my_mas': CMAKE_PREFIX_PATH=${CMAKE_PREFIX_PATH}:/home/ffelix07/Documents/LabRemo/Orchestrator/ros2_labremoto/install/py_pubsub:/home/ffelix07/Documents/LabRemo/Orchestrator/ros2_labremoto/install/hardware:/home/ffelix07/Documents/LabRemo/Orchestrator/ros2_labremoto/install/ament_pep257:/home/ffelix07/Documents/LabRemo/Orchestrator/ros2_labremoto/install/ament_package:/home/ffelix07/Documents/LabRemo/Orchestrator/ros2_labremoto/install/ament_flake8:/opt/ros/humble /usr/bin/cmake --install /home/ffelix07/Documents/LabRemo/Orchestrator/ros2_labremoto/build/my_mas
[12.142s] Level 1:colcon.colcon_core.environment:create_environment_scripts_only(my_mas)
[12.146s] DEBUG:colcon.colcon_core.event_handler.log_command:Invoked command in '/home/ffelix07/Documents/LabRemo/Orchestrator/ros2_labremoto/build/my_mas' returned '0': CMAKE_PREFIX_PATH=${CMAKE_PREFIX_PATH}:/home/ffelix07/Documents/LabRemo/Orchestrator/ros2_labremoto/install/py_pubsub:/home/ffelix07/Documents/LabRemo/Orchestrator/ros2_labremoto/install/hardware:/home/ffelix07/Documents/LabRemo/Orchestrator/ros2_labremoto/install/ament_pep257:/home/ffelix07/Documents/LabRemo/Orchestrator/ros2_labremoto/install/ament_package:/home/ffelix07/Documents/LabRemo/Orchestrator/ros2_labremoto/install/ament_flake8:/opt/ros/humble /usr/bin/cmake --install /home/ffelix07/Documents/LabRemo/Orchestrator/ros2_labremoto/build/my_mas
[12.349s] Level 1:colcon.colcon_core.environment:checking '/home/ffelix07/Documents/LabRemo/Orchestrator/ros2_labremoto/install/my_mas' for CMake module files
[12.352s] Level 1:colcon.colcon_core.environment:checking '/home/ffelix07/Documents/LabRemo/Orchestrator/ros2_labremoto/install/my_mas' for CMake config files
[12.354s] Level 1:colcon.colcon_core.shell:create_environment_hook('my_mas', 'cmake_prefix_path')
[12.557s] INFO:colcon.colcon_core.shell:Creating environment hook '/home/ffelix07/Documents/LabRemo/Orchestrator/ros2_labremoto/install/my_mas/share/my_mas/hook/cmake_prefix_path.ps1'
[12.561s] INFO:colcon.colcon_core.shell:Creating environment descriptor '/home/ffelix07/Documents/LabRemo/Orchestrator/ros2_labremoto/install/my_mas/share/my_mas/hook/cmake_prefix_path.dsv'
[12.565s] INFO:colcon.colcon_core.shell:Creating environment hook '/home/ffelix07/Documents/LabRemo/Orchestrator/ros2_labremoto/install/my_mas/share/my_mas/hook/cmake_prefix_path.sh'
[12.578s] Level 1:colcon.colcon_core.environment:checking '/home/ffelix07/Documents/LabRemo/Orchestrator/ros2_labremoto/install/my_mas/lib'
[12.582s] Level 1:colcon.colcon_core.shell:create_environment_hook('my_mas', 'ld_library_path_lib')
[12.832s] INFO:colcon.colcon_core.shell:Creating environment hook '/home/ffelix07/Documents/LabRemo/Orchestrator/ros2_labremoto/install/my_mas/share/my_mas/hook/ld_library_path_lib.ps1'
[12.842s] INFO:colcon.colcon_core.shell:Creating environment descriptor '/home/ffelix07/Documents/LabRemo/Orchestrator/ros2_labremoto/install/my_mas/share/my_mas/hook/ld_library_path_lib.dsv'
[12.848s] INFO:colcon.colcon_core.shell:Creating environment hook '/home/ffelix07/Documents/LabRemo/Orchestrator/ros2_labremoto/install/my_mas/share/my_mas/hook/ld_library_path_lib.sh'
[12.850s] Level 1:colcon.colcon_core.environment:checking '/home/ffelix07/Documents/LabRemo/Orchestrator/ros2_labremoto/install/my_mas/bin'
[12.850s] Level 1:colcon.colcon_core.environment:checking '/home/ffelix07/Documents/LabRemo/Orchestrator/ros2_labremoto/install/my_mas/lib/pkgconfig/my_mas.pc'
[12.851s] Level 1:colcon.colcon_core.environment:checking '/home/ffelix07/Documents/LabRemo/Orchestrator/ros2_labremoto/install/my_mas/lib/python3.10/site-packages'
[12.852s] Level 1:colcon.colcon_core.environment:checking '/home/ffelix07/Documents/LabRemo/Orchestrator/ros2_labremoto/install/my_mas/bin'
[13.017s] INFO:colcon.colcon_core.shell:Creating package script '/home/ffelix07/Documents/LabRemo/Orchestrator/ros2_labremoto/install/my_mas/share/my_mas/package.ps1'
[13.021s] INFO:colcon.colcon_core.shell:Creating package descriptor '/home/ffelix07/Documents/LabRemo/Orchestrator/ros2_labremoto/install/my_mas/share/my_mas/package.dsv'
[13.026s] INFO:colcon.colcon_core.shell:Creating package script '/home/ffelix07/Documents/LabRemo/Orchestrator/ros2_labremoto/install/my_mas/share/my_mas/package.sh'
[13.034s] INFO:colcon.colcon_core.shell:Creating package script '/home/ffelix07/Documents/LabRemo/Orchestrator/ros2_labremoto/install/my_mas/share/my_mas/package.bash'
[13.041s] INFO:colcon.colcon_core.shell:Creating package script '/home/ffelix07/Documents/LabRemo/Orchestrator/ros2_labremoto/install/my_mas/share/my_mas/package.zsh'
[13.049s] Level 1:colcon.colcon_core.environment:create_file_with_runtime_dependencies(/home/ffelix07/Documents/LabRemo/Orchestrator/ros2_labremoto/install/my_mas/share/colcon-core/packages/my_mas)
[13.102s] DEBUG:colcon.colcon_core.event_handler.log_command:Invoking command in '/home/ffelix07/Documents/LabRemo/Orchestrator/ros2_labremoto/src/hardware': PYTHONPATH=/home/ffelix07/Documents/LabRemo/Orchestrator/ros2_labremoto/build/hardware/prefix_override:/home/ffelix07/Documents/LabRemo/Orchestrator/ros2_labremoto/install/hardware/lib/python3.10/site-packages:${PYTHONPATH} /usr/bin/python3 setup.py egg_info --egg-base ../../build/hardware build --build-base /home/ffelix07/Documents/LabRemo/Orchestrator/ros2_labremoto/build/hardware/build install --record /home/ffelix07/Documents/LabRemo/Orchestrator/ros2_labremoto/build/hardware/install.log --single-version-externally-managed
[13.321s] DEBUG:colcon.colcon_core.event_handler.log_command:Invoking command in '/home/ffelix07/Documents/LabRemo/Orchestrator/ros2_labremoto/src/lstructure': PYTHONPATH=/home/ffelix07/Documents/LabRemo/Orchestrator/ros2_labremoto/build/lstructure/prefix_override:/home/ffelix07/Documents/LabRemo/Orchestrator/ros2_labremoto/install/lstructure/lib/python3.10/site-packages:${PYTHONPATH} /usr/bin/python3 setup.py egg_info --egg-base ../../build/lstructure build --build-base /home/ffelix07/Documents/LabRemo/Orchestrator/ros2_labremoto/build/lstructure/build install --record /home/ffelix07/Documents/LabRemo/Orchestrator/ros2_labremoto/build/lstructure/install.log --single-version-externally-managed
[14.705s] Level 1:colcon.colcon_core.environment:create_environment_scripts_only(my_mas)
[14.914s] Level 1:colcon.colcon_core.environment:checking '/home/ffelix07/Documents/LabRemo/Orchestrator/ros2_labremoto/install/my_mas' for CMake module files
[14.923s] Level 1:colcon.colcon_core.environment:checking '/home/ffelix07/Documents/LabRemo/Orchestrator/ros2_labremoto/install/my_mas' for CMake config files
[14.925s] Level 1:colcon.colcon_core.shell:create_environment_hook('my_mas', 'cmake_prefix_path')
[15.039s] INFO:colcon.colcon_core.shell:Creating environment hook '/home/ffelix07/Documents/LabRemo/Orchestrator/ros2_labremoto/install/my_mas/share/my_mas/hook/cmake_prefix_path.ps1'
[15.042s] INFO:colcon.colcon_core.shell:Creating environment descriptor '/home/ffelix07/Documents/LabRemo/Orchestrator/ros2_labremoto/install/my_mas/share/my_mas/hook/cmake_prefix_path.dsv'
[15.045s] INFO:colcon.colcon_core.shell:Creating environment hook '/home/ffelix07/Documents/LabRemo/Orchestrator/ros2_labremoto/install/my_mas/share/my_mas/hook/cmake_prefix_path.sh'
[15.048s] Level 1:colcon.colcon_core.environment:checking '/home/ffelix07/Documents/LabRemo/Orchestrator/ros2_labremoto/install/my_mas/lib'
[15.048s] Level 1:colcon.colcon_core.shell:create_environment_hook('my_mas', 'ld_library_path_lib')
[15.164s] INFO:colcon.colcon_core.shell:Creating environment hook '/home/ffelix07/Documents/LabRemo/Orchestrator/ros2_labremoto/install/my_mas/share/my_mas/hook/ld_library_path_lib.ps1'
[15.169s] INFO:colcon.colcon_core.shell:Creating environment descriptor '/home/ffelix07/Documents/LabRemo/Orchestrator/ros2_labremoto/install/my_mas/share/my_mas/hook/ld_library_path_lib.dsv'
[15.171s] INFO:colcon.colcon_core.shell:Creating environment hook '/home/ffelix07/Documents/LabRemo/Orchestrator/ros2_labremoto/install/my_mas/share/my_mas/hook/ld_library_path_lib.sh'
[15.173s] Level 1:colcon.colcon_core.environment:checking '/home/ffelix07/Documents/LabRemo/Orchestrator/ros2_labremoto/install/my_mas/bin'
[15.175s] Level 1:colcon.colcon_core.environment:checking '/home/ffelix07/Documents/LabRemo/Orchestrator/ros2_labremoto/install/my_mas/lib/pkgconfig/my_mas.pc'
[15.176s] Level 1:colcon.colcon_core.environment:checking '/home/ffelix07/Documents/LabRemo/Orchestrator/ros2_labremoto/install/my_mas/lib/python3.10/site-packages'
[15.178s] Level 1:colcon.colcon_core.environment:checking '/home/ffelix07/Documents/LabRemo/Orchestrator/ros2_labremoto/install/my_mas/bin'
[15.271s] INFO:colcon.colcon_core.shell:Creating package script '/home/ffelix07/Documents/LabRemo/Orchestrator/ros2_labremoto/install/my_mas/share/my_mas/package.ps1'
[15.277s] INFO:colcon.colcon_core.shell:Creating package descriptor '/home/ffelix07/Documents/LabRemo/Orchestrator/ros2_labremoto/install/my_mas/share/my_mas/package.dsv'
[15.280s] INFO:colcon.colcon_core.shell:Creating package script '/home/ffelix07/Documents/LabRemo/Orchestrator/ros2_labremoto/install/my_mas/share/my_mas/package.sh'
[15.283s] INFO:colcon.colcon_core.shell:Creating package script '/home/ffelix07/Documents/LabRemo/Orchestrator/ros2_labremoto/install/my_mas/share/my_mas/package.bash'
[15.289s] INFO:colcon.colcon_core.shell:Creating package script '/home/ffelix07/Documents/LabRemo/Orchestrator/ros2_labremoto/install/my_mas/share/my_mas/package.zsh'
[15.292s] Level 1:colcon.colcon_core.environment:create_file_with_runtime_dependencies(/home/ffelix07/Documents/LabRemo/Orchestrator/ros2_labremoto/install/my_mas/share/colcon-core/packages/my_mas)
[15.298s] INFO:colcon.colcon_ros.task.ament_python.build:Building ROS package in '/home/ffelix07/Documents/LabRemo/Orchestrator/ros2_labremoto/src/py_pubsub' with build type 'ament_python'
[15.299s] Level 1:colcon.colcon_core.shell:create_environment_hook('py_pubsub', 'ament_prefix_path')
[15.399s] INFO:colcon.colcon_core.shell:Creating environment hook '/home/ffelix07/Documents/LabRemo/Orchestrator/ros2_labremoto/install/py_pubsub/share/py_pubsub/hook/ament_prefix_path.ps1'
[15.402s] INFO:colcon.colcon_core.shell:Creating environment descriptor '/home/ffelix07/Documents/LabRemo/Orchestrator/ros2_labremoto/install/py_pubsub/share/py_pubsub/hook/ament_prefix_path.dsv'
[15.404s] INFO:colcon.colcon_core.shell:Creating environment hook '/home/ffelix07/Documents/LabRemo/Orchestrator/ros2_labremoto/install/py_pubsub/share/py_pubsub/hook/ament_prefix_path.sh'
[15.501s] INFO:colcon.colcon_core.shell:Skip shell extension 'powershell' for command environment: Not usable outside of PowerShell
[15.501s] DEBUG:colcon.colcon_core.shell:Skip shell extension 'dsv' for command environment
[15.725s] DEBUG:colcon.colcon_core.event_handler.log_command:Invoked command in '/home/ffelix07/Documents/LabRemo/Orchestrator/ros2_labremoto/src/hardware' returned '0': PYTHONPATH=/home/ffelix07/Documents/LabRemo/Orchestrator/ros2_labremoto/build/hardware/prefix_override:/home/ffelix07/Documents/LabRemo/Orchestrator/ros2_labremoto/install/hardware/lib/python3.10/site-packages:${PYTHONPATH} /usr/bin/python3 setup.py egg_info --egg-base ../../build/hardware build --build-base /home/ffelix07/Documents/LabRemo/Orchestrator/ros2_labremoto/build/hardware/build install --record /home/ffelix07/Documents/LabRemo/Orchestrator/ros2_labremoto/build/hardware/install.log --single-version-externally-managed
[15.810s] Level 1:colcon.colcon_core.environment:checking '/home/ffelix07/Documents/LabRemo/Orchestrator/ros2_labremoto/install/hardware' for CMake module files
[15.817s] Level 1:colcon.colcon_core.environment:checking '/home/ffelix07/Documents/LabRemo/Orchestrator/ros2_labremoto/install/hardware' for CMake config files
[15.820s] Level 1:colcon.colcon_core.environment:checking '/home/ffelix07/Documents/LabRemo/Orchestrator/ros2_labremoto/install/hardware/lib'
[15.820s] Level 1:colcon.colcon_core.environment:checking '/home/ffelix07/Documents/LabRemo/Orchestrator/ros2_labremoto/install/hardware/bin'
[15.821s] Level 1:colcon.colcon_core.environment:checking '/home/ffelix07/Documents/LabRemo/Orchestrator/ros2_labremoto/install/hardware/lib/pkgconfig/hardware.pc'
[15.821s] Level 1:colcon.colcon_core.environment:checking '/home/ffelix07/Documents/LabRemo/Orchestrator/ros2_labremoto/install/hardware/lib/python3.10/site-packages'
[15.822s] Level 1:colcon.colcon_core.shell:create_environment_hook('hardware', 'pythonpath')
[15.905s] INFO:colcon.colcon_core.shell:Creating environment hook '/home/ffelix07/Documents/LabRemo/Orchestrator/ros2_labremoto/install/hardware/share/hardware/hook/pythonpath.ps1'
[15.907s] INFO:colcon.colcon_core.shell:Creating environment descriptor '/home/ffelix07/Documents/LabRemo/Orchestrator/ros2_labremoto/install/hardware/share/hardware/hook/pythonpath.dsv'
[15.908s] INFO:colcon.colcon_core.shell:Creating environment hook '/home/ffelix07/Documents/LabRemo/Orchestrator/ros2_labremoto/install/hardware/share/hardware/hook/pythonpath.sh'
[15.911s] Level 1:colcon.colcon_core.environment:checking '/home/ffelix07/Documents/LabRemo/Orchestrator/ros2_labremoto/install/hardware/bin'
[15.911s] Level 1:colcon.colcon_core.environment:create_environment_scripts_only(hardware)
[15.992s] INFO:colcon.colcon_core.shell:Creating package script '/home/ffelix07/Documents/LabRemo/Orchestrator/ros2_labremoto/install/hardware/share/hardware/package.ps1'
[15.994s] INFO:colcon.colcon_core.shell:Creating package descriptor '/home/ffelix07/Documents/LabRemo/Orchestrator/ros2_labremoto/install/hardware/share/hardware/package.dsv'
[15.997s] INFO:colcon.colcon_core.shell:Creating package script '/home/ffelix07/Documents/LabRemo/Orchestrator/ros2_labremoto/install/hardware/share/hardware/package.sh'
[15.999s] INFO:colcon.colcon_core.shell:Creating package script '/home/ffelix07/Documents/LabRemo/Orchestrator/ros2_labremoto/install/hardware/share/hardware/package.bash'
[16.000s] INFO:colcon.colcon_core.shell:Creating package script '/home/ffelix07/Documents/LabRemo/Orchestrator/ros2_labremoto/install/hardware/share/hardware/package.zsh'
[16.002s] Level 1:colcon.colcon_core.environment:create_file_with_runtime_dependencies(/home/ffelix07/Documents/LabRemo/Orchestrator/ros2_labremoto/install/hardware/share/colcon-core/packages/hardware)
[16.007s] DEBUG:colcon.colcon_core.event_handler.log_command:Invoked command in '/home/ffelix07/Documents/LabRemo/Orchestrator/ros2_labremoto/src/lstructure' returned '0': PYTHONPATH=/home/ffelix07/Documents/LabRemo/Orchestrator/ros2_labremoto/build/lstructure/prefix_override:/home/ffelix07/Documents/LabRemo/Orchestrator/ros2_labremoto/install/lstructure/lib/python3.10/site-packages:${PYTHONPATH} /usr/bin/python3 setup.py egg_info --egg-base ../../build/lstructure build --build-base /home/ffelix07/Documents/LabRemo/Orchestrator/ros2_labremoto/build/lstructure/build install --record /home/ffelix07/Documents/LabRemo/Orchestrator/ros2_labremoto/build/lstructure/install.log --single-version-externally-managed
[16.089s] Level 1:colcon.colcon_core.environment:checking '/home/ffelix07/Documents/LabRemo/Orchestrator/ros2_labremoto/install/lstructure' for CMake module files
[16.090s] Level 1:colcon.colcon_core.environment:checking '/home/ffelix07/Documents/LabRemo/Orchestrator/ros2_labremoto/install/lstructure' for CMake config files
[16.092s] Level 1:colcon.colcon_core.environment:checking '/home/ffelix07/Documents/LabRemo/Orchestrator/ros2_labremoto/install/lstructure/lib'
[16.093s] Level 1:colcon.colcon_core.environment:checking '/home/ffelix07/Documents/LabRemo/Orchestrator/ros2_labremoto/install/lstructure/bin'
[16.093s] Level 1:colcon.colcon_core.environment:checking '/home/ffelix07/Documents/LabRemo/Orchestrator/ros2_labremoto/install/lstructure/lib/pkgconfig/lstructure.pc'
[16.094s] Level 1:colcon.colcon_core.environment:checking '/home/ffelix07/Documents/LabRemo/Orchestrator/ros2_labremoto/install/lstructure/lib/python3.10/site-packages'
[16.095s] Level 1:colcon.colcon_core.shell:create_environment_hook('lstructure', 'pythonpath')
[16.184s] INFO:colcon.colcon_core.shell:Creating environment hook '/home/ffelix07/Documents/LabRemo/Orchestrator/ros2_labremoto/install/lstructure/share/lstructure/hook/pythonpath.ps1'
[16.186s] INFO:colcon.colcon_core.shell:Creating environment descriptor '/home/ffelix07/Documents/LabRemo/Orchestrator/ros2_labremoto/install/lstructure/share/lstructure/hook/pythonpath.dsv'
[16.187s] INFO:colcon.colcon_core.shell:Creating environment hook '/home/ffelix07/Documents/LabRemo/Orchestrator/ros2_labremoto/install/lstructure/share/lstructure/hook/pythonpath.sh'
[16.190s] Level 1:colcon.colcon_core.environment:checking '/home/ffelix07/Documents/LabRemo/Orchestrator/ros2_labremoto/install/lstructure/bin'
[16.190s] Level 1:colcon.colcon_core.environment:create_environment_scripts_only(lstructure)
[16.276s] INFO:colcon.colcon_core.shell:Creating package script '/home/ffelix07/Documents/LabRemo/Orchestrator/ros2_labremoto/install/lstructure/share/lstructure/package.ps1'
[16.279s] INFO:colcon.colcon_core.shell:Creating package descriptor '/home/ffelix07/Documents/LabRemo/Orchestrator/ros2_labremoto/install/lstructure/share/lstructure/package.dsv'
[16.281s] INFO:colcon.colcon_core.shell:Creating package script '/home/ffelix07/Documents/LabRemo/Orchestrator/ros2_labremoto/install/lstructure/share/lstructure/package.sh'
[16.283s] INFO:colcon.colcon_core.shell:Creating package script '/home/ffelix07/Documents/LabRemo/Orchestrator/ros2_labremoto/install/lstructure/share/lstructure/package.bash'
[16.284s] INFO:colcon.colcon_core.shell:Creating package script '/home/ffelix07/Documents/LabRemo/Orchestrator/ros2_labremoto/install/lstructure/share/lstructure/package.zsh'
[16.286s] Level 1:colcon.colcon_core.environment:create_file_with_runtime_dependencies(/home/ffelix07/Documents/LabRemo/Orchestrator/ros2_labremoto/install/lstructure/share/colcon-core/packages/lstructure)
[17.291s] INFO:colcon.colcon_core.task.python.build:Building Python package in '/home/ffelix07/Documents/LabRemo/Orchestrator/ros2_labremoto/src/py_pubsub'
[17.389s] INFO:colcon.colcon_core.shell:Skip shell extension 'powershell' for command environment: Not usable outside of PowerShell
[17.389s] DEBUG:colcon.colcon_core.shell:Skip shell extension 'dsv' for command environment
[19.083s] DEBUG:colcon.colcon_core.event_handler.log_command:Invoking command in '/home/ffelix07/Documents/LabRemo/Orchestrator/ros2_labremoto/src/py_pubsub': PYTHONPATH=/home/ffelix07/Documents/LabRemo/Orchestrator/ros2_labremoto/build/py_pubsub/prefix_override:/home/ffelix07/Documents/LabRemo/Orchestrator/ros2_labremoto/install/py_pubsub/lib/python3.10/site-packages:${PYTHONPATH} /usr/bin/python3 setup.py egg_info --egg-base ../../build/py_pubsub build --build-base /home/ffelix07/Documents/LabRemo/Orchestrator/ros2_labremoto/build/py_pubsub/build install --record /home/ffelix07/Documents/LabRemo/Orchestrator/ros2_labremoto/build/py_pubsub/install.log --single-version-externally-managed
[20.381s] DEBUG:colcon.colcon_core.event_handler.log_command:Invoked command in '/home/ffelix07/Documents/LabRemo/Orchestrator/ros2_labremoto/src/py_pubsub' returned '0': PYTHONPATH=/home/ffelix07/Documents/LabRemo/Orchestrator/ros2_labremoto/build/py_pubsub/prefix_override:/home/ffelix07/Documents/LabRemo/Orchestrator/ros2_labremoto/install/py_pubsub/lib/python3.10/site-packages:${PYTHONPATH} /usr/bin/python3 setup.py egg_info --egg-base ../../build/py_pubsub build --build-base /home/ffelix07/Documents/LabRemo/Orchestrator/ros2_labremoto/build/py_pubsub/build install --record /home/ffelix07/Documents/LabRemo/Orchestrator/ros2_labremoto/build/py_pubsub/install.log --single-version-externally-managed
[20.469s] Level 1:colcon.colcon_core.environment:checking '/home/ffelix07/Documents/LabRemo/Orchestrator/ros2_labremoto/install/py_pubsub' for CMake module files
[20.471s] Level 1:colcon.colcon_core.environment:checking '/home/ffelix07/Documents/LabRemo/Orchestrator/ros2_labremoto/install/py_pubsub' for CMake config files
[20.473s] Level 1:colcon.colcon_core.environment:checking '/home/ffelix07/Documents/LabRemo/Orchestrator/ros2_labremoto/install/py_pubsub/lib'
[20.474s] Level 1:colcon.colcon_core.environment:checking '/home/ffelix07/Documents/LabRemo/Orchestrator/ros2_labremoto/install/py_pubsub/bin'
[20.474s] Level 1:colcon.colcon_core.environment:checking '/home/ffelix07/Documents/LabRemo/Orchestrator/ros2_labremoto/install/py_pubsub/lib/pkgconfig/py_pubsub.pc'
[20.475s] Level 1:colcon.colcon_core.environment:checking '/home/ffelix07/Documents/LabRemo/Orchestrator/ros2_labremoto/install/py_pubsub/lib/python3.10/site-packages'
[20.475s] Level 1:colcon.colcon_core.shell:create_environment_hook('py_pubsub', 'pythonpath')
[20.571s] INFO:colcon.colcon_core.shell:Creating environment hook '/home/ffelix07/Documents/LabRemo/Orchestrator/ros2_labremoto/install/py_pubsub/share/py_pubsub/hook/pythonpath.ps1'
[20.573s] INFO:colcon.colcon_core.shell:Creating environment descriptor '/home/ffelix07/Documents/LabRemo/Orchestrator/ros2_labremoto/install/py_pubsub/share/py_pubsub/hook/pythonpath.dsv'
[20.574s] INFO:colcon.colcon_core.shell:Creating environment hook '/home/ffelix07/Documents/LabRemo/Orchestrator/ros2_labremoto/install/py_pubsub/share/py_pubsub/hook/pythonpath.sh'
[20.577s] Level 1:colcon.colcon_core.environment:checking '/home/ffelix07/Documents/LabRemo/Orchestrator/ros2_labremoto/install/py_pubsub/bin'
[20.578s] Level 1:colcon.colcon_core.environment:create_environment_scripts_only(py_pubsub)
[20.666s] INFO:colcon.colcon_core.shell:Creating package script '/home/ffelix07/Documents/LabRemo/Orchestrator/ros2_labremoto/install/py_pubsub/share/py_pubsub/package.ps1'
[20.669s] INFO:colcon.colcon_core.shell:Creating package descriptor '/home/ffelix07/Documents/LabRemo/Orchestrator/ros2_labremoto/install/py_pubsub/share/py_pubsub/package.dsv'
[20.671s] INFO:colcon.colcon_core.shell:Creating package script '/home/ffelix07/Documents/LabRemo/Orchestrator/ros2_labremoto/install/py_pubsub/share/py_pubsub/package.sh'
[20.673s] INFO:colcon.colcon_core.shell:Creating package script '/home/ffelix07/Documents/LabRemo/Orchestrator/ros2_labremoto/install/py_pubsub/share/py_pubsub/package.bash'
[20.675s] INFO:colcon.colcon_core.shell:Creating package script '/home/ffelix07/Documents/LabRemo/Orchestrator/ros2_labremoto/install/py_pubsub/share/py_pubsub/package.zsh'
[20.677s] Level 1:colcon.colcon_core.environment:create_file_with_runtime_dependencies(/home/ffelix07/Documents/LabRemo/Orchestrator/ros2_labremoto/install/py_pubsub/share/colcon-core/packages/py_pubsub)
[20.680s] DEBUG:colcon.colcon_parallel_executor.executor.parallel:closing loop
[20.688s] DEBUG:colcon.colcon_parallel_executor.executor.parallel:loop closed
[20.688s] DEBUG:colcon.colcon_parallel_executor.executor.parallel:run_until_complete finished with '0'
[20.689s] DEBUG:colcon.colcon_core.event_reactor:joining thread
[20.807s] INFO:colcon.colcon_core.plugin_system:Skipping extension 'colcon_notification.desktop_notification.terminal_notifier': Not used on non-Darwin systems
[20.807s] INFO:colcon.colcon_core.plugin_system:Skipping extension 'colcon_notification.desktop_notification.win32': Not used on non-Windows systems
[20.808s] INFO:colcon.colcon_notification.desktop_notification:Sending desktop notification using 'notify2'
[20.881s] DEBUG:colcon.colcon_core.event_reactor:joined thread
[20.975s] INFO:colcon.colcon_core.shell:Creating prefix script '/home/ffelix07/Documents/LabRemo/Orchestrator/ros2_labremoto/install/local_setup.ps1'
[20.979s] INFO:colcon.colcon_core.shell:Creating prefix util module '/home/ffelix07/Documents/LabRemo/Orchestrator/ros2_labremoto/install/_local_setup_util_ps1.py'
[20.984s] INFO:colcon.colcon_core.shell:Creating prefix chain script '/home/ffelix07/Documents/LabRemo/Orchestrator/ros2_labremoto/install/setup.ps1'
[21.087s] INFO:colcon.colcon_core.shell:Creating prefix script '/home/ffelix07/Documents/LabRemo/Orchestrator/ros2_labremoto/install/local_setup.sh'
[21.089s] INFO:colcon.colcon_core.shell:Creating prefix util module '/home/ffelix07/Documents/LabRemo/Orchestrator/ros2_labremoto/install/_local_setup_util_sh.py'
[21.091s] INFO:colcon.colcon_core.shell:Creating prefix chain script '/home/ffelix07/Documents/LabRemo/Orchestrator/ros2_labremoto/install/setup.sh'
[21.180s] INFO:colcon.colcon_core.shell:Creating prefix script '/home/ffelix07/Documents/LabRemo/Orchestrator/ros2_labremoto/install/local_setup.bash'
[21.185s] INFO:colcon.colcon_core.shell:Creating prefix chain script '/home/ffelix07/Documents/LabRemo/Orchestrator/ros2_labremoto/install/setup.bash'
[21.293s] INFO:colcon.colcon_core.shell:Creating prefix script '/home/ffelix07/Documents/LabRemo/Orchestrator/ros2_labremoto/install/local_setup.zsh'
[21.300s] INFO:colcon.colcon_core.shell:Creating prefix chain script '/home/ffelix07/Documents/LabRemo/Orchestrator/ros2_labremoto/install/setup.zsh'
