[0.006s] Invoking command in '/home/trabajo/LabRemo/Orchestrator/ros2_labremoto/build/examples_rclcpp_async_client': CMAKE_PREFIX_PATH=/opt/ros/humble LANG=en_US.UTF-8 /usr/bin/cmake /home/trabajo/LabRemo/Orchestrator/ros2_labremoto/src/examples/rclcpp/services/async_client -DCMAKE_INSTALL_PREFIX=/home/trabajo/LabRemo/Orchestrator/ros2_labremoto/install/examples_rclcpp_async_client
[0.041s] -- The C compiler identification is GNU 11.4.0
[0.077s] -- The CXX compiler identification is GNU 11.4.0
[0.081s] -- Detecting C compiler ABI info
[0.126s] -- Detecting C compiler ABI info - done
[0.131s] -- Check for working C compiler: /usr/bin/cc - skipped
[0.132s] -- Detecting C compile features
[0.132s] -- Detecting C compile features - done
[0.134s] -- Detecting CXX compiler ABI info
[0.183s] -- Detecting CXX compiler ABI info - done
[0.188s] -- Check for working CXX compiler: /usr/bin/c++ - skipped
[0.188s] -- Detecting CXX compile features
[0.189s] -- Detecting CXX compile features - done
[0.191s] -- Found ament_cmake: 1.3.5 (/opt/ros/humble/share/ament_cmake/cmake)
[0.304s] -- Found Python3: /usr/bin/python3.10 (found version "3.10.12") found components: Interpreter 
[0.357s] -- Found example_interfaces: 0.9.3 (/opt/ros/humble/share/example_interfaces/cmake)
[0.379s] -- Found rosidl_generator_c: 3.1.5 (/opt/ros/humble/share/rosidl_generator_c/cmake)
[0.382s] -- Found rosidl_adapter: 3.1.5 (/opt/ros/humble/share/rosidl_adapter/cmake)
[0.388s] -- Found rosidl_generator_cpp: 3.1.5 (/opt/ros/humble/share/rosidl_generator_cpp/cmake)
[0.397s] -- Using all available rosidl_typesupport_c: rosidl_typesupport_fastrtps_c;rosidl_typesupport_introspection_c
[0.411s] -- Using all available rosidl_typesupport_cpp: rosidl_typesupport_fastrtps_cpp;rosidl_typesupport_introspection_cpp
[0.521s] -- Found rclcpp: 16.0.5 (/opt/ros/humble/share/rclcpp/cmake)
[0.561s] -- Found rmw_implementation_cmake: 6.1.1 (/opt/ros/humble/share/rmw_implementation_cmake/cmake)
[0.562s] -- Found rmw_fastrtps_cpp: 6.2.3 (/opt/ros/humble/share/rmw_fastrtps_cpp/cmake)
[0.616s] -- Found OpenSSL: /usr/lib/x86_64-linux-gnu/libcrypto.so (found version "3.0.2")  
[0.630s] -- Found FastRTPS: /opt/ros/humble/include  
[0.657s] -- Using RMW implementation 'rmw_fastrtps_cpp' as default
[0.663s] -- Looking for pthread.h
[0.712s] -- Looking for pthread.h - found
[0.712s] -- Performing Test CMAKE_HAVE_LIBC_PTHREAD
[0.757s] -- Performing Test CMAKE_HAVE_LIBC_PTHREAD - Success
[0.759s] -- Found Threads: TRUE  
[0.877s] -- Found ament_lint_auto: 0.12.7 (/opt/ros/humble/share/ament_lint_auto/cmake)
[0.931s] -- Added test 'copyright' to check source files copyright and LICENSE
[0.932s] -- Added test 'cppcheck' to perform static code analysis on C / C++ code
[0.932s] -- Configured cppcheck include dirs: 
[0.932s] -- Configured cppcheck exclude dirs and/or files: 
[0.932s] -- Added test 'cpplint' to check C / C++ code against the Google style
[0.933s] -- Configured cpplint exclude dirs and/or files: 
[0.933s] -- Added test 'lint_cmake' to check CMake code style
[0.934s] -- Added test 'uncrustify' to check C / C++ code style
[0.934s] -- Configured uncrustify additional arguments: 
[0.934s] -- Added test 'xmllint' to check XML markup files
[0.935s] -- Configuring done
[0.942s] -- Generating done
[0.943s] -- Build files have been written to: /home/trabajo/LabRemo/Orchestrator/ros2_labremoto/build/examples_rclcpp_async_client
[0.951s] Invoked command in '/home/trabajo/LabRemo/Orchestrator/ros2_labremoto/build/examples_rclcpp_async_client' returned '0': CMAKE_PREFIX_PATH=/opt/ros/humble LANG=en_US.UTF-8 /usr/bin/cmake /home/trabajo/LabRemo/Orchestrator/ros2_labremoto/src/examples/rclcpp/services/async_client -DCMAKE_INSTALL_PREFIX=/home/trabajo/LabRemo/Orchestrator/ros2_labremoto/install/examples_rclcpp_async_client
[0.951s] Invoking command in '/home/trabajo/LabRemo/Orchestrator/ros2_labremoto/build/examples_rclcpp_async_client': CMAKE_PREFIX_PATH=/opt/ros/humble LANG=en_US.UTF-8 /usr/bin/cmake --build /home/trabajo/LabRemo/Orchestrator/ros2_labremoto/build/examples_rclcpp_async_client -- -j1 -l1
[0.980s] [ 50%] [32mBuilding CXX object CMakeFiles/client_main.dir/main.cpp.o[0m
[3.514s] [100%] [32m[1mLinking CXX executable client_main[0m
[3.635s] [100%] Built target client_main
[3.645s] Invoked command in '/home/trabajo/LabRemo/Orchestrator/ros2_labremoto/build/examples_rclcpp_async_client' returned '0': CMAKE_PREFIX_PATH=/opt/ros/humble LANG=en_US.UTF-8 /usr/bin/cmake --build /home/trabajo/LabRemo/Orchestrator/ros2_labremoto/build/examples_rclcpp_async_client -- -j1 -l1
[3.659s] Invoking command in '/home/trabajo/LabRemo/Orchestrator/ros2_labremoto/build/examples_rclcpp_async_client': CMAKE_PREFIX_PATH=/opt/ros/humble LANG=en_US.UTF-8 /usr/bin/cmake --install /home/trabajo/LabRemo/Orchestrator/ros2_labremoto/build/examples_rclcpp_async_client
[3.664s] -- Install configuration: ""
[3.664s] -- Installing: /home/trabajo/LabRemo/Orchestrator/ros2_labremoto/install/examples_rclcpp_async_client/lib/examples_rclcpp_async_client/client_main
[3.665s] -- Set runtime path of "/home/trabajo/LabRemo/Orchestrator/ros2_labremoto/install/examples_rclcpp_async_client/lib/examples_rclcpp_async_client/client_main" to ""
[3.666s] -- Installing: /home/trabajo/LabRemo/Orchestrator/ros2_labremoto/install/examples_rclcpp_async_client/share/ament_index/resource_index/package_run_dependencies/examples_rclcpp_async_client
[3.666s] -- Installing: /home/trabajo/LabRemo/Orchestrator/ros2_labremoto/install/examples_rclcpp_async_client/share/ament_index/resource_index/parent_prefix_path/examples_rclcpp_async_client
[3.666s] -- Installing: /home/trabajo/LabRemo/Orchestrator/ros2_labremoto/install/examples_rclcpp_async_client/share/examples_rclcpp_async_client/environment/ament_prefix_path.sh
[3.666s] -- Installing: /home/trabajo/LabRemo/Orchestrator/ros2_labremoto/install/examples_rclcpp_async_client/share/examples_rclcpp_async_client/environment/ament_prefix_path.dsv
[3.666s] -- Installing: /home/trabajo/LabRemo/Orchestrator/ros2_labremoto/install/examples_rclcpp_async_client/share/examples_rclcpp_async_client/environment/path.sh
[3.666s] -- Installing: /home/trabajo/LabRemo/Orchestrator/ros2_labremoto/install/examples_rclcpp_async_client/share/examples_rclcpp_async_client/environment/path.dsv
[3.667s] -- Installing: /home/trabajo/LabRemo/Orchestrator/ros2_labremoto/install/examples_rclcpp_async_client/share/examples_rclcpp_async_client/local_setup.bash
[3.667s] -- Installing: /home/trabajo/LabRemo/Orchestrator/ros2_labremoto/install/examples_rclcpp_async_client/share/examples_rclcpp_async_client/local_setup.sh
[3.667s] -- Installing: /home/trabajo/LabRemo/Orchestrator/ros2_labremoto/install/examples_rclcpp_async_client/share/examples_rclcpp_async_client/local_setup.zsh
[3.667s] -- Installing: /home/trabajo/LabRemo/Orchestrator/ros2_labremoto/install/examples_rclcpp_async_client/share/examples_rclcpp_async_client/local_setup.dsv
[3.667s] -- Installing: /home/trabajo/LabRemo/Orchestrator/ros2_labremoto/install/examples_rclcpp_async_client/share/examples_rclcpp_async_client/package.dsv
[3.667s] -- Installing: /home/trabajo/LabRemo/Orchestrator/ros2_labremoto/install/examples_rclcpp_async_client/share/ament_index/resource_index/packages/examples_rclcpp_async_client
[3.667s] -- Installing: /home/trabajo/LabRemo/Orchestrator/ros2_labremoto/install/examples_rclcpp_async_client/share/examples_rclcpp_async_client/cmake/examples_rclcpp_async_clientConfig.cmake
[3.668s] -- Installing: /home/trabajo/LabRemo/Orchestrator/ros2_labremoto/install/examples_rclcpp_async_client/share/examples_rclcpp_async_client/cmake/examples_rclcpp_async_clientConfig-version.cmake
[3.668s] -- Installing: /home/trabajo/LabRemo/Orchestrator/ros2_labremoto/install/examples_rclcpp_async_client/share/examples_rclcpp_async_client/package.xml
[3.671s] Invoked command in '/home/trabajo/LabRemo/Orchestrator/ros2_labremoto/build/examples_rclcpp_async_client' returned '0': CMAKE_PREFIX_PATH=/opt/ros/humble LANG=en_US.UTF-8 /usr/bin/cmake --install /home/trabajo/LabRemo/Orchestrator/ros2_labremoto/build/examples_rclcpp_async_client
