[5.816s] DEBUG:colcon:Command line arguments: ['/usr/bin/colcon', 'build', '--packages-select', 'py_pubsub', '--allow-overriding', 'py_pubsub']
[5.816s] DEBUG:colcon:Parsed command line arguments: Namespace(log_base=None, log_level=None, verb_name='build', build_base='build', install_base='install', merge_install=False, symlink_install=False, test_result_base=None, continue_on_error=False, executor='parallel', parallel_workers=4, event_handlers=None, ignore_user_meta=False, metas=['./colcon.meta'], base_paths=['.'], packages_ignore=None, packages_ignore_regex=None, paths=None, packages_up_to=None, packages_up_to_regex=None, packages_above=None, packages_above_and_dependencies=None, packages_above_depth=None, packages_select_by_dep=None, packages_skip_by_dep=None, packages_skip_up_to=None, packages_select_build_failed=False, packages_skip_build_finished=False, packages_select_test_failures=False, packages_skip_test_passed=False, packages_select=['py_pubsub'], packages_skip=None, packages_select_regex=None, packages_skip_regex=None, packages_start=None, packages_end=None, allow_overriding=['py_pubsub'], cmake_args=None, cmake_target=None, cmake_target_skip_unavailable=False, cmake_clean_cache=False, cmake_clean_first=False, cmake_force_configure=False, ament_cmake_args=None, catkin_cmake_args=None, catkin_skip_building_tests=False, verb_parser=<colcon_defaults.argument_parser.defaults.DefaultArgumentsDecorator object at 0x7f8f1c4c4310>, verb_extension=<colcon_core.verb.build.BuildVerb object at 0x7f8f1c473d90>, main=<bound method BuildVerb.main of <colcon_core.verb.build.BuildVerb object at 0x7f8f1c473d90>>)
[6.120s] Level 1:colcon.colcon_core.package_discovery:discover_packages(colcon_meta) check parameters
[6.120s] Level 1:colcon.colcon_core.package_discovery:discover_packages(recursive) check parameters
[6.120s] Level 1:colcon.colcon_core.package_discovery:discover_packages(ignore) check parameters
[6.121s] Level 1:colcon.colcon_core.package_discovery:discover_packages(path) check parameters
[6.121s] Level 1:colcon.colcon_core.package_discovery:discover_packages(colcon_meta) discover
[6.121s] Level 1:colcon.colcon_core.package_discovery:discover_packages(recursive) discover
[6.121s] INFO:colcon.colcon_core.package_discovery:Crawling recursively for packages in '/home/ffelix07/Documents/LabRemo/Orchestrator/ros2_labremoto'
[6.121s] Level 1:colcon.colcon_core.package_identification:_identify(.) by extensions ['ignore', 'ignore_ament_install']
[6.122s] Level 1:colcon.colcon_core.package_identification:_identify(.) by extension 'ignore'
[6.122s] Level 1:colcon.colcon_core.package_identification:_identify(.) by extension 'ignore_ament_install'
[6.122s] Level 1:colcon.colcon_core.package_identification:_identify(.) by extensions ['colcon_pkg']
[6.122s] Level 1:colcon.colcon_core.package_identification:_identify(.) by extension 'colcon_pkg'
[6.122s] Level 1:colcon.colcon_core.package_identification:_identify(.) by extensions ['colcon_meta']
[6.122s] Level 1:colcon.colcon_core.package_identification:_identify(.) by extension 'colcon_meta'
[6.122s] Level 1:colcon.colcon_core.package_identification:_identify(.) by extensions ['ros']
[6.123s] Level 1:colcon.colcon_core.package_identification:_identify(.) by extension 'ros'
[6.176s] Level 1:colcon.colcon_core.package_identification:_identify(.) by extensions ['cmake', 'python']
[6.176s] Level 1:colcon.colcon_core.package_identification:_identify(.) by extension 'cmake'
[6.176s] Level 1:colcon.colcon_core.package_identification:_identify(.) by extension 'python'
[6.176s] Level 1:colcon.colcon_core.package_identification:_identify(.) by extensions ['python_setup_py']
[6.176s] Level 1:colcon.colcon_core.package_identification:_identify(.) by extension 'python_setup_py'
[6.177s] Level 1:colcon.colcon_core.package_identification:_identify(build) by extensions ['ignore', 'ignore_ament_install']
[6.178s] Level 1:colcon.colcon_core.package_identification:_identify(build) by extension 'ignore'
[6.178s] Level 1:colcon.colcon_core.package_identification:_identify(build) ignored
[6.179s] Level 1:colcon.colcon_core.package_identification:_identify(install) by extensions ['ignore', 'ignore_ament_install']
[6.179s] Level 1:colcon.colcon_core.package_identification:_identify(install) by extension 'ignore'
[6.179s] Level 1:colcon.colcon_core.package_identification:_identify(install) ignored
[6.181s] Level 1:colcon.colcon_core.package_identification:_identify(log) by extensions ['ignore', 'ignore_ament_install']
[6.181s] Level 1:colcon.colcon_core.package_identification:_identify(log) by extension 'ignore'
[6.181s] Level 1:colcon.colcon_core.package_identification:_identify(log) ignored
[6.182s] Level 1:colcon.colcon_core.package_identification:_identify(src) by extensions ['ignore', 'ignore_ament_install']
[6.182s] Level 1:colcon.colcon_core.package_identification:_identify(src) by extension 'ignore'
[6.182s] Level 1:colcon.colcon_core.package_identification:_identify(src) by extension 'ignore_ament_install'
[6.182s] Level 1:colcon.colcon_core.package_identification:_identify(src) by extensions ['colcon_pkg']
[6.182s] Level 1:colcon.colcon_core.package_identification:_identify(src) by extension 'colcon_pkg'
[6.183s] Level 1:colcon.colcon_core.package_identification:_identify(src) by extensions ['colcon_meta']
[6.183s] Level 1:colcon.colcon_core.package_identification:_identify(src) by extension 'colcon_meta'
[6.183s] Level 1:colcon.colcon_core.package_identification:_identify(src) by extensions ['ros']
[6.183s] Level 1:colcon.colcon_core.package_identification:_identify(src) by extension 'ros'
[6.183s] Level 1:colcon.colcon_core.package_identification:_identify(src) by extensions ['cmake', 'python']
[6.183s] Level 1:colcon.colcon_core.package_identification:_identify(src) by extension 'cmake'
[6.184s] Level 1:colcon.colcon_core.package_identification:_identify(src) by extension 'python'
[6.184s] Level 1:colcon.colcon_core.package_identification:_identify(src) by extensions ['python_setup_py']
[6.184s] Level 1:colcon.colcon_core.package_identification:_identify(src) by extension 'python_setup_py'
[6.185s] Level 1:colcon.colcon_core.package_identification:_identify(src/build) by extensions ['ignore', 'ignore_ament_install']
[6.185s] Level 1:colcon.colcon_core.package_identification:_identify(src/build) by extension 'ignore'
[6.185s] Level 1:colcon.colcon_core.package_identification:_identify(src/build) ignored
[6.186s] Level 1:colcon.colcon_core.package_identification:_identify(src/examples) by extensions ['ignore', 'ignore_ament_install']
[6.186s] Level 1:colcon.colcon_core.package_identification:_identify(src/examples) by extension 'ignore'
[6.187s] Level 1:colcon.colcon_core.package_identification:_identify(src/examples) by extension 'ignore_ament_install'
[6.187s] Level 1:colcon.colcon_core.package_identification:_identify(src/examples) by extensions ['colcon_pkg']
[6.187s] Level 1:colcon.colcon_core.package_identification:_identify(src/examples) by extension 'colcon_pkg'
[6.187s] Level 1:colcon.colcon_core.package_identification:_identify(src/examples) by extensions ['colcon_meta']
[6.187s] Level 1:colcon.colcon_core.package_identification:_identify(src/examples) by extension 'colcon_meta'
[6.187s] Level 1:colcon.colcon_core.package_identification:_identify(src/examples) by extensions ['ros']
[6.187s] Level 1:colcon.colcon_core.package_identification:_identify(src/examples) by extension 'ros'
[6.188s] Level 1:colcon.colcon_core.package_identification:_identify(src/examples) by extensions ['cmake', 'python']
[6.188s] Level 1:colcon.colcon_core.package_identification:_identify(src/examples) by extension 'cmake'
[6.188s] Level 1:colcon.colcon_core.package_identification:_identify(src/examples) by extension 'python'
[6.188s] Level 1:colcon.colcon_core.package_identification:_identify(src/examples) by extensions ['python_setup_py']
[6.188s] Level 1:colcon.colcon_core.package_identification:_identify(src/examples) by extension 'python_setup_py'
[6.189s] Level 1:colcon.colcon_core.package_identification:_identify(src/hardware) by extensions ['ignore', 'ignore_ament_install']
[6.189s] Level 1:colcon.colcon_core.package_identification:_identify(src/hardware) by extension 'ignore'
[6.190s] Level 1:colcon.colcon_core.package_identification:_identify(src/hardware) by extension 'ignore_ament_install'
[6.190s] Level 1:colcon.colcon_core.package_identification:_identify(src/hardware) by extensions ['colcon_pkg']
[6.190s] Level 1:colcon.colcon_core.package_identification:_identify(src/hardware) by extension 'colcon_pkg'
[6.190s] Level 1:colcon.colcon_core.package_identification:_identify(src/hardware) by extensions ['colcon_meta']
[6.190s] Level 1:colcon.colcon_core.package_identification:_identify(src/hardware) by extension 'colcon_meta'
[6.190s] Level 1:colcon.colcon_core.package_identification:_identify(src/hardware) by extensions ['ros']
[6.191s] Level 1:colcon.colcon_core.package_identification:_identify(src/hardware) by extension 'ros'
[6.199s] DEBUG:colcon.colcon_core.package_identification:Package 'src/hardware' with type 'ros.ament_python' and name 'hardware'
[6.200s] Level 1:colcon.colcon_core.package_identification:_identify(src/install) by extensions ['ignore', 'ignore_ament_install']
[6.200s] Level 1:colcon.colcon_core.package_identification:_identify(src/install) by extension 'ignore'
[6.200s] Level 1:colcon.colcon_core.package_identification:_identify(src/install) ignored
[6.201s] Level 1:colcon.colcon_core.package_identification:_identify(src/log) by extensions ['ignore', 'ignore_ament_install']
[6.201s] Level 1:colcon.colcon_core.package_identification:_identify(src/log) by extension 'ignore'
[6.201s] Level 1:colcon.colcon_core.package_identification:_identify(src/log) ignored
[6.202s] Level 1:colcon.colcon_core.package_identification:_identify(src/my_mas) by extensions ['ignore', 'ignore_ament_install']
[6.202s] Level 1:colcon.colcon_core.package_identification:_identify(src/my_mas) by extension 'ignore'
[6.202s] Level 1:colcon.colcon_core.package_identification:_identify(src/my_mas) by extension 'ignore_ament_install'
[6.202s] Level 1:colcon.colcon_core.package_identification:_identify(src/my_mas) by extensions ['colcon_pkg']
[6.203s] Level 1:colcon.colcon_core.package_identification:_identify(src/my_mas) by extension 'colcon_pkg'
[6.203s] Level 1:colcon.colcon_core.package_identification:_identify(src/my_mas) by extensions ['colcon_meta']
[6.203s] Level 1:colcon.colcon_core.package_identification:_identify(src/my_mas) by extension 'colcon_meta'
[6.203s] Level 1:colcon.colcon_core.package_identification:_identify(src/my_mas) by extensions ['ros']
[6.203s] Level 1:colcon.colcon_core.package_identification:_identify(src/my_mas) by extension 'ros'
[6.206s] DEBUG:colcon.colcon_core.package_identification:Package 'src/my_mas' with type 'ros.ament_cmake' and name 'my_mas'
[6.207s] Level 1:colcon.colcon_core.package_identification:_identify(src/py_pubsub) by extensions ['ignore', 'ignore_ament_install']
[6.207s] Level 1:colcon.colcon_core.package_identification:_identify(src/py_pubsub) by extension 'ignore'
[6.207s] Level 1:colcon.colcon_core.package_identification:_identify(src/py_pubsub) by extension 'ignore_ament_install'
[6.207s] Level 1:colcon.colcon_core.package_identification:_identify(src/py_pubsub) by extensions ['colcon_pkg']
[6.208s] Level 1:colcon.colcon_core.package_identification:_identify(src/py_pubsub) by extension 'colcon_pkg'
[6.208s] Level 1:colcon.colcon_core.package_identification:_identify(src/py_pubsub) by extensions ['colcon_meta']
[6.208s] Level 1:colcon.colcon_core.package_identification:_identify(src/py_pubsub) by extension 'colcon_meta'
[6.208s] Level 1:colcon.colcon_core.package_identification:_identify(src/py_pubsub) by extensions ['ros']
[6.208s] Level 1:colcon.colcon_core.package_identification:_identify(src/py_pubsub) by extension 'ros'
[6.210s] DEBUG:colcon.colcon_core.package_identification:Package 'src/py_pubsub' with type 'ros.ament_python' and name 'py_pubsub'
[6.211s] Level 1:colcon.colcon_core.package_discovery:discover_packages(recursive) using defaults
[6.211s] Level 1:colcon.colcon_core.package_discovery:discover_packages(ignore) discover
[6.211s] Level 1:colcon.colcon_core.package_discovery:discover_packages(ignore) using defaults
[6.211s] Level 1:colcon.colcon_core.package_discovery:discover_packages(path) discover
[6.211s] Level 1:colcon.colcon_core.package_discovery:discover_packages(path) using defaults
[6.560s] INFO:colcon.colcon_core.package_selection:Skipping not selected package 'hardware' in 'src/hardware'
[6.560s] INFO:colcon.colcon_core.package_selection:Skipping not selected package 'my_mas' in 'src/my_mas'
[6.737s] Level 1:colcon.colcon_core.package_discovery:discover_packages(prefix_path) check parameters
[6.737s] Level 1:colcon.colcon_core.package_discovery:discover_packages(prefix_path) discover
[6.914s] DEBUG:colcon.colcon_installed_package_information.package_discovery:Found 11 installed packages in /home/ffelix07/Documents/LabRemo/Orchestrator/ros2_labremoto/install
[6.996s] DEBUG:colcon.colcon_installed_package_information.package_discovery:Found 2 installed packages in /home/ffelix07/Documents/LabRemo/Orchestrator/ros2_labremoto/src/install
[7.093s] DEBUG:colcon.colcon_installed_package_information.package_discovery:Found 275 installed packages in /opt/ros/humble
[7.100s] Level 1:colcon.colcon_core.package_discovery:discover_packages(prefix_path) using defaults
[7.528s] Level 5:colcon.colcon_core.verb:set package 'py_pubsub' build argument 'cmake_args' from command line to 'None'
[7.528s] Level 5:colcon.colcon_core.verb:set package 'py_pubsub' build argument 'cmake_target' from command line to 'None'
[7.528s] Level 5:colcon.colcon_core.verb:set package 'py_pubsub' build argument 'cmake_target_skip_unavailable' from command line to 'False'
[7.528s] Level 5:colcon.colcon_core.verb:set package 'py_pubsub' build argument 'cmake_clean_cache' from command line to 'False'
[7.528s] Level 5:colcon.colcon_core.verb:set package 'py_pubsub' build argument 'cmake_clean_first' from command line to 'False'
[7.528s] Level 5:colcon.colcon_core.verb:set package 'py_pubsub' build argument 'cmake_force_configure' from command line to 'False'
[7.528s] Level 5:colcon.colcon_core.verb:set package 'py_pubsub' build argument 'ament_cmake_args' from command line to 'None'
[7.528s] Level 5:colcon.colcon_core.verb:set package 'py_pubsub' build argument 'catkin_cmake_args' from command line to 'None'
[7.528s] Level 5:colcon.colcon_core.verb:set package 'py_pubsub' build argument 'catkin_skip_building_tests' from command line to 'False'
[7.529s] DEBUG:colcon.colcon_core.verb:Building package 'py_pubsub' with the following arguments: {'ament_cmake_args': None, 'build_base': '/home/ffelix07/Documents/LabRemo/Orchestrator/ros2_labremoto/build/py_pubsub', 'catkin_cmake_args': None, 'catkin_skip_building_tests': False, 'cmake_args': None, 'cmake_clean_cache': False, 'cmake_clean_first': False, 'cmake_force_configure': False, 'cmake_target': None, 'cmake_target_skip_unavailable': False, 'install_base': '/home/ffelix07/Documents/LabRemo/Orchestrator/ros2_labremoto/install/py_pubsub', 'merge_install': False, 'path': '/home/ffelix07/Documents/LabRemo/Orchestrator/ros2_labremoto/src/py_pubsub', 'symlink_install': False, 'test_result_base': None}
[7.608s] INFO:colcon.colcon_core.executor:Executing jobs using 'parallel' executor
[7.690s] DEBUG:colcon.colcon_parallel_executor.executor.parallel:run_until_complete
[7.691s] INFO:colcon.colcon_ros.task.ament_python.build:Building ROS package in '/home/ffelix07/Documents/LabRemo/Orchestrator/ros2_labremoto/src/py_pubsub' with build type 'ament_python'
[7.691s] Level 1:colcon.colcon_core.shell:create_environment_hook('py_pubsub', 'ament_prefix_path')
[7.798s] INFO:colcon.colcon_core.plugin_system:Skipping extension 'colcon_core.shell.bat': Not used on non-Windows systems
[7.798s] INFO:colcon.colcon_core.shell:Creating environment hook '/home/ffelix07/Documents/LabRemo/Orchestrator/ros2_labremoto/install/py_pubsub/share/py_pubsub/hook/ament_prefix_path.ps1'
[7.801s] INFO:colcon.colcon_core.shell:Creating environment descriptor '/home/ffelix07/Documents/LabRemo/Orchestrator/ros2_labremoto/install/py_pubsub/share/py_pubsub/hook/ament_prefix_path.dsv'
[7.803s] INFO:colcon.colcon_core.shell:Creating environment hook '/home/ffelix07/Documents/LabRemo/Orchestrator/ros2_labremoto/install/py_pubsub/share/py_pubsub/hook/ament_prefix_path.sh'
[7.910s] INFO:colcon.colcon_core.shell:Skip shell extension 'powershell' for command environment: Not usable outside of PowerShell
[7.910s] DEBUG:colcon.colcon_core.shell:Skip shell extension 'dsv' for command environment
[9.314s] DEBUG:colcon.colcon_parallel_executor.executor.parallel:closing loop
[9.314s] DEBUG:colcon.colcon_parallel_executor.executor.parallel:loop closed
[9.314s] DEBUG:colcon.colcon_parallel_executor.executor.parallel:run_until_complete finished with 'Command '['/usr/bin/python3', '-c', 'import sys;from contextlib import suppress;exec("with suppress(ImportError):    from setuptools.extern.packaging.specifiers    import SpecifierSet");exec("with suppress(ImportError):    from packaging.specifiers import SpecifierSet");from distutils.core import run_setup;dist = run_setup(    \'setup.py\', script_args=(\'--dry-run\',), stop_after=\'config\');skip_keys = (\'cmdclass\', \'distclass\', \'ext_modules\', \'metadata\');data = {    key: value for key, value in dist.__dict__.items()     if (        not key.startswith(\'_\') and         not callable(value) and         key not in skip_keys and         key not in dist.display_option_names    )};data[\'metadata\'] = {    k: v for k, v in dist.metadata.__dict__.items()     if k not in (\'license_files\', \'provides_extras\')};sys.stdout.buffer.write(repr(data).encode(\'utf-8\'))']' returned non-zero exit status 1.'
[9.315s] DEBUG:colcon.colcon_core.event_reactor:joining thread
[9.470s] INFO:colcon.colcon_core.plugin_system:Skipping extension 'colcon_notification.desktop_notification.terminal_notifier': Not used on non-Darwin systems
[9.470s] INFO:colcon.colcon_core.plugin_system:Skipping extension 'colcon_notification.desktop_notification.win32': Not used on non-Windows systems
[9.470s] INFO:colcon.colcon_notification.desktop_notification:Sending desktop notification using 'notify2'
[9.519s] DEBUG:colcon.colcon_core.event_reactor:joined thread
[9.612s] INFO:colcon.colcon_core.shell:Creating prefix script '/home/ffelix07/Documents/LabRemo/Orchestrator/ros2_labremoto/install/local_setup.ps1'
[9.616s] INFO:colcon.colcon_core.shell:Creating prefix util module '/home/ffelix07/Documents/LabRemo/Orchestrator/ros2_labremoto/install/_local_setup_util_ps1.py'
[9.620s] INFO:colcon.colcon_core.shell:Creating prefix chain script '/home/ffelix07/Documents/LabRemo/Orchestrator/ros2_labremoto/install/setup.ps1'
[9.705s] INFO:colcon.colcon_core.shell:Creating prefix script '/home/ffelix07/Documents/LabRemo/Orchestrator/ros2_labremoto/install/local_setup.sh'
[9.707s] INFO:colcon.colcon_core.shell:Creating prefix util module '/home/ffelix07/Documents/LabRemo/Orchestrator/ros2_labremoto/install/_local_setup_util_sh.py'
[9.709s] INFO:colcon.colcon_core.shell:Creating prefix chain script '/home/ffelix07/Documents/LabRemo/Orchestrator/ros2_labremoto/install/setup.sh'
[9.796s] INFO:colcon.colcon_core.shell:Creating prefix script '/home/ffelix07/Documents/LabRemo/Orchestrator/ros2_labremoto/install/local_setup.bash'
[9.798s] INFO:colcon.colcon_core.shell:Creating prefix chain script '/home/ffelix07/Documents/LabRemo/Orchestrator/ros2_labremoto/install/setup.bash'
[9.883s] INFO:colcon.colcon_core.shell:Creating prefix script '/home/ffelix07/Documents/LabRemo/Orchestrator/ros2_labremoto/install/local_setup.zsh'
[9.885s] INFO:colcon.colcon_core.shell:Creating prefix chain script '/home/ffelix07/Documents/LabRemo/Orchestrator/ros2_labremoto/install/setup.zsh'
