[2.471s] Invoking command in '/home/ffelix07/Documents/LabRemo/Orchestrator/ros2_labremoto/src/nodes_comunication': PYTHONPATH=/home/ffelix07/Documents/LabRemo/Orchestrator/ros2_labremoto/build/nodes_comunication/prefix_override:/home/ffelix07/Documents/LabRemo/Orchestrator/ros2_labremoto/install/nodes_comunication/lib/python3.10/site-packages:${PYTHONPATH} /usr/bin/python3 setup.py egg_info --egg-base ../../build/nodes_comunication build --build-base /home/ffelix07/Documents/LabRemo/Orchestrator/ros2_labremoto/build/nodes_comunication/build install --record /home/ffelix07/Documents/LabRemo/Orchestrator/ros2_labremoto/build/nodes_comunication/install.log --single-version-externally-managed
[3.200s] running egg_info
[3.201s] writing ../../build/nodes_comunication/nodes_comunication.egg-info/PKG-INFO
[3.202s] writing dependency_links to ../../build/nodes_comunication/nodes_comunication.egg-info/dependency_links.txt
[3.202s] writing entry points to ../../build/nodes_comunication/nodes_comunication.egg-info/entry_points.txt
[3.203s] writing requirements to ../../build/nodes_comunication/nodes_comunication.egg-info/requires.txt
[3.203s] writing top-level names to ../../build/nodes_comunication/nodes_comunication.egg-info/top_level.txt
[3.213s] reading manifest file '../../build/nodes_comunication/nodes_comunication.egg-info/SOURCES.txt'
[3.216s] writing manifest file '../../build/nodes_comunication/nodes_comunication.egg-info/SOURCES.txt'
[3.220s] running build
[3.221s] running build_py
[3.222s] copying nodes_comunication/publisher_node.py -> /home/ffelix07/Documents/LabRemo/Orchestrator/ros2_labremoto/build/nodes_comunication/build/lib/nodes_comunication
[3.222s] running install
[3.223s] /usr/lib/python3/dist-packages/setuptools/command/install.py:34: SetuptoolsDeprecationWarning: setup.py install is deprecated. Use build and pip and other standards-based tools.
[3.224s]   warnings.warn(
[3.228s] running install_lib
[3.232s] copying /home/ffelix07/Documents/LabRemo/Orchestrator/ros2_labremoto/build/nodes_comunication/build/lib/nodes_comunication/publisher_node.py -> /home/ffelix07/Documents/LabRemo/Orchestrator/ros2_labremoto/install/nodes_comunication/lib/python3.10/site-packages/nodes_comunication
[3.233s] byte-compiling /home/ffelix07/Documents/LabRemo/Orchestrator/ros2_labremoto/install/nodes_comunication/lib/python3.10/site-packages/nodes_comunication/publisher_node.py to publisher_node.cpython-310.pyc
[3.233s] running install_data
[3.233s] running install_egg_info
[3.236s] removing '/home/ffelix07/Documents/LabRemo/Orchestrator/ros2_labremoto/install/nodes_comunication/lib/python3.10/site-packages/nodes_comunication-0.0.0-py3.10.egg-info' (and everything under it)
[3.238s] Copying ../../build/nodes_comunication/nodes_comunication.egg-info to /home/ffelix07/Documents/LabRemo/Orchestrator/ros2_labremoto/install/nodes_comunication/lib/python3.10/site-packages/nodes_comunication-0.0.0-py3.10.egg-info
[3.244s] running install_scripts
[3.309s] Installing publisher_node script to /home/ffelix07/Documents/LabRemo/Orchestrator/ros2_labremoto/install/nodes_comunication/lib/nodes_comunication
[3.311s] writing list of installed files to '/home/ffelix07/Documents/LabRemo/Orchestrator/ros2_labremoto/build/nodes_comunication/install.log'
[3.398s] Invoked command in '/home/ffelix07/Documents/LabRemo/Orchestrator/ros2_labremoto/src/nodes_comunication' returned '0': PYTHONPATH=/home/ffelix07/Documents/LabRemo/Orchestrator/ros2_labremoto/build/nodes_comunication/prefix_override:/home/ffelix07/Documents/LabRemo/Orchestrator/ros2_labremoto/install/nodes_comunication/lib/python3.10/site-packages:${PYTHONPATH} /usr/bin/python3 setup.py egg_info --egg-base ../../build/nodes_comunication build --build-base /home/ffelix07/Documents/LabRemo/Orchestrator/ros2_labremoto/build/nodes_comunication/build install --record /home/ffelix07/Documents/LabRemo/Orchestrator/ros2_labremoto/build/nodes_comunication/install.log --single-version-externally-managed
