[0.489s] Invoking command in '/home/trabajo/LabRemo/Orchestrator/ros2_labremoto/src/py_pubsub': LANG=en_US.UTF-8 PYTHONPATH=/home/trabajo/LabRemo/build/py_pubsub/prefix_override:/home/trabajo/LabRemo/install/py_pubsub/lib/python3.10/site-packages:${PYTHONPATH} /usr/bin/python3 setup.py egg_info --egg-base ../../../../build/py_pubsub build --build-base /home/trabajo/LabRemo/build/py_pubsub/build install --record /home/trabajo/LabRemo/build/py_pubsub/install.log --single-version-externally-managed
[0.676s] running egg_info
[0.676s] creating ../../../../build/py_pubsub/py_pubsub.egg-info
[0.676s] writing ../../../../build/py_pubsub/py_pubsub.egg-info/PKG-INFO
[0.677s] writing dependency_links to ../../../../build/py_pubsub/py_pubsub.egg-info/dependency_links.txt
[0.677s] writing entry points to ../../../../build/py_pubsub/py_pubsub.egg-info/entry_points.txt
[0.677s] writing requirements to ../../../../build/py_pubsub/py_pubsub.egg-info/requires.txt
[0.677s] writing top-level names to ../../../../build/py_pubsub/py_pubsub.egg-info/top_level.txt
[0.677s] writing manifest file '../../../../build/py_pubsub/py_pubsub.egg-info/SOURCES.txt'
[0.679s] reading manifest file '../../../../build/py_pubsub/py_pubsub.egg-info/SOURCES.txt'
[0.679s] writing manifest file '../../../../build/py_pubsub/py_pubsub.egg-info/SOURCES.txt'
[0.679s] running build
[0.680s] running build_py
[0.680s] creating /home/trabajo/LabRemo/build/py_pubsub/build
[0.680s] creating /home/trabajo/LabRemo/build/py_pubsub/build/lib
[0.680s] creating /home/trabajo/LabRemo/build/py_pubsub/build/lib/py_pubsub
[0.680s] copying py_pubsub/sesiones.py -> /home/trabajo/LabRemo/build/py_pubsub/build/lib/py_pubsub
[0.680s] copying py_pubsub/SendTran_Cliente.py -> /home/trabajo/LabRemo/build/py_pubsub/build/lib/py_pubsub
[0.681s] copying py_pubsub/arduino.py -> /home/trabajo/LabRemo/build/py_pubsub/build/lib/py_pubsub
[0.681s] copying py_pubsub/publisher_member_function.py -> /home/trabajo/LabRemo/build/py_pubsub/build/lib/py_pubsub
[0.681s] copying py_pubsub/service_member_function.py -> /home/trabajo/LabRemo/build/py_pubsub/build/lib/py_pubsub
[0.681s] copying py_pubsub/fibonacci_action_server.py -> /home/trabajo/LabRemo/build/py_pubsub/build/lib/py_pubsub
[0.681s] copying py_pubsub/__init__.py -> /home/trabajo/LabRemo/build/py_pubsub/build/lib/py_pubsub
[0.681s] copying py_pubsub/SendTran_Service.py -> /home/trabajo/LabRemo/build/py_pubsub/build/lib/py_pubsub
[0.681s] copying py_pubsub/arduino_infrastructure.py -> /home/trabajo/LabRemo/build/py_pubsub/build/lib/py_pubsub
[0.682s] copying py_pubsub/subscriber_member_function.py -> /home/trabajo/LabRemo/build/py_pubsub/build/lib/py_pubsub
[0.682s] copying py_pubsub/arduino_inf_cliente.py -> /home/trabajo/LabRemo/build/py_pubsub/build/lib/py_pubsub
[0.682s] copying py_pubsub/client_member_function.py -> /home/trabajo/LabRemo/build/py_pubsub/build/lib/py_pubsub
[0.682s] running install
[0.683s] running install_lib
[0.683s] creating /home/trabajo/LabRemo/install/py_pubsub/lib/python3.10/site-packages/py_pubsub
[0.683s] copying /home/trabajo/LabRemo/build/py_pubsub/build/lib/py_pubsub/sesiones.py -> /home/trabajo/LabRemo/install/py_pubsub/lib/python3.10/site-packages/py_pubsub
[0.683s] copying /home/trabajo/LabRemo/build/py_pubsub/build/lib/py_pubsub/SendTran_Cliente.py -> /home/trabajo/LabRemo/install/py_pubsub/lib/python3.10/site-packages/py_pubsub
[0.684s] copying /home/trabajo/LabRemo/build/py_pubsub/build/lib/py_pubsub/arduino.py -> /home/trabajo/LabRemo/install/py_pubsub/lib/python3.10/site-packages/py_pubsub
[0.684s] copying /home/trabajo/LabRemo/build/py_pubsub/build/lib/py_pubsub/publisher_member_function.py -> /home/trabajo/LabRemo/install/py_pubsub/lib/python3.10/site-packages/py_pubsub
[0.684s] copying /home/trabajo/LabRemo/build/py_pubsub/build/lib/py_pubsub/service_member_function.py -> /home/trabajo/LabRemo/install/py_pubsub/lib/python3.10/site-packages/py_pubsub
[0.684s] copying /home/trabajo/LabRemo/build/py_pubsub/build/lib/py_pubsub/fibonacci_action_server.py -> /home/trabajo/LabRemo/install/py_pubsub/lib/python3.10/site-packages/py_pubsub
[0.684s] copying /home/trabajo/LabRemo/build/py_pubsub/build/lib/py_pubsub/__init__.py -> /home/trabajo/LabRemo/install/py_pubsub/lib/python3.10/site-packages/py_pubsub
[0.684s] copying /home/trabajo/LabRemo/build/py_pubsub/build/lib/py_pubsub/SendTran_Service.py -> /home/trabajo/LabRemo/install/py_pubsub/lib/python3.10/site-packages/py_pubsub
[0.685s] copying /home/trabajo/LabRemo/build/py_pubsub/build/lib/py_pubsub/arduino_infrastructure.py -> /home/trabajo/LabRemo/install/py_pubsub/lib/python3.10/site-packages/py_pubsub
[0.685s] copying /home/trabajo/LabRemo/build/py_pubsub/build/lib/py_pubsub/subscriber_member_function.py -> /home/trabajo/LabRemo/install/py_pubsub/lib/python3.10/site-packages/py_pubsub
[0.685s] copying /home/trabajo/LabRemo/build/py_pubsub/build/lib/py_pubsub/arduino_inf_cliente.py -> /home/trabajo/LabRemo/install/py_pubsub/lib/python3.10/site-packages/py_pubsub
[0.685s] copying /home/trabajo/LabRemo/build/py_pubsub/build/lib/py_pubsub/client_member_function.py -> /home/trabajo/LabRemo/install/py_pubsub/lib/python3.10/site-packages/py_pubsub
[0.686s] byte-compiling /home/trabajo/LabRemo/install/py_pubsub/lib/python3.10/site-packages/py_pubsub/sesiones.py to sesiones.cpython-310.pyc
[0.686s] byte-compiling /home/trabajo/LabRemo/install/py_pubsub/lib/python3.10/site-packages/py_pubsub/SendTran_Cliente.py to SendTran_Cliente.cpython-310.pyc
[0.686s] byte-compiling /home/trabajo/LabRemo/install/py_pubsub/lib/python3.10/site-packages/py_pubsub/arduino.py to arduino.cpython-310.pyc
[0.687s] byte-compiling /home/trabajo/LabRemo/install/py_pubsub/lib/python3.10/site-packages/py_pubsub/publisher_member_function.py to publisher_member_function.cpython-310.pyc
[0.688s] byte-compiling /home/trabajo/LabRemo/install/py_pubsub/lib/python3.10/site-packages/py_pubsub/service_member_function.py to service_member_function.cpython-310.pyc
[0.688s] byte-compiling /home/trabajo/LabRemo/install/py_pubsub/lib/python3.10/site-packages/py_pubsub/fibonacci_action_server.py to fibonacci_action_server.cpython-310.pyc
[0.688s] byte-compiling /home/trabajo/LabRemo/install/py_pubsub/lib/python3.10/site-packages/py_pubsub/__init__.py to __init__.cpython-310.pyc
[0.689s] byte-compiling /home/trabajo/LabRemo/install/py_pubsub/lib/python3.10/site-packages/py_pubsub/SendTran_Service.py to SendTran_Service.cpython-310.pyc
[0.689s] byte-compiling /home/trabajo/LabRemo/install/py_pubsub/lib/python3.10/site-packages/py_pubsub/arduino_infrastructure.py to arduino_infrastructure.cpython-310.pyc
[0.689s] byte-compiling /home/trabajo/LabRemo/install/py_pubsub/lib/python3.10/site-packages/py_pubsub/subscriber_member_function.py to subscriber_member_function.cpython-310.pyc
[0.690s] byte-compiling /home/trabajo/LabRemo/install/py_pubsub/lib/python3.10/site-packages/py_pubsub/arduino_inf_cliente.py to arduino_inf_cliente.cpython-310.pyc
[0.690s] byte-compiling /home/trabajo/LabRemo/install/py_pubsub/lib/python3.10/site-packages/py_pubsub/client_member_function.py to client_member_function.cpython-310.pyc
[0.690s] running install_data
[0.691s] creating /home/trabajo/LabRemo/install/py_pubsub/share/ament_index
[0.691s] creating /home/trabajo/LabRemo/install/py_pubsub/share/ament_index/resource_index
[0.691s] creating /home/trabajo/LabRemo/install/py_pubsub/share/ament_index/resource_index/packages
[0.691s] copying resource/py_pubsub -> /home/trabajo/LabRemo/install/py_pubsub/share/ament_index/resource_index/packages
[0.691s] copying package.xml -> /home/trabajo/LabRemo/install/py_pubsub/share/py_pubsub
[0.692s] copying launch/inicio.launch.py -> /home/trabajo/LabRemo/install/py_pubsub/share/py_pubsub
[0.692s] running install_egg_info
[0.693s] Copying ../../../../build/py_pubsub/py_pubsub.egg-info to /home/trabajo/LabRemo/install/py_pubsub/lib/python3.10/site-packages/py_pubsub-0.0.0-py3.10.egg-info
[0.694s] running install_scripts
[0.710s] Installing arduino_inf_cliente script to /home/trabajo/LabRemo/install/py_pubsub/lib/py_pubsub
[0.710s] Installing arduino_infrastructure script to /home/trabajo/LabRemo/install/py_pubsub/lib/py_pubsub
[0.710s] Installing client_member_function script to /home/trabajo/LabRemo/install/py_pubsub/lib/py_pubsub
[0.710s] Installing fibonacci_action_server script to /home/trabajo/LabRemo/install/py_pubsub/lib/py_pubsub
[0.710s] Installing publisher_member_function script to /home/trabajo/LabRemo/install/py_pubsub/lib/py_pubsub
[0.711s] Installing service_member_function script to /home/trabajo/LabRemo/install/py_pubsub/lib/py_pubsub
[0.711s] Installing subscriber_member_function script to /home/trabajo/LabRemo/install/py_pubsub/lib/py_pubsub
[0.711s] writing list of installed files to '/home/trabajo/LabRemo/build/py_pubsub/install.log'
[0.736s] Invoked command in '/home/trabajo/LabRemo/Orchestrator/ros2_labremoto/src/py_pubsub' returned '0': LANG=en_US.UTF-8 PYTHONPATH=/home/trabajo/LabRemo/build/py_pubsub/prefix_override:/home/trabajo/LabRemo/install/py_pubsub/lib/python3.10/site-packages:${PYTHONPATH} /usr/bin/python3 setup.py egg_info --egg-base ../../../../build/py_pubsub build --build-base /home/trabajo/LabRemo/build/py_pubsub/build install --record /home/trabajo/LabRemo/build/py_pubsub/install.log --single-version-externally-managed
