[0.006s] Invoking command in '/home/trabajo/LabRemo/Orchestrator/ros2_labremoto/build/examples_rclcpp_wait_set': CMAKE_PREFIX_PATH=/opt/ros/humble LANG=en_US.UTF-8 /usr/bin/cmake /home/trabajo/LabRemo/Orchestrator/ros2_labremoto/src/examples/rclcpp/wait_set -DCMAKE_INSTALL_PREFIX=/home/trabajo/LabRemo/Orchestrator/ros2_labremoto/install/examples_rclcpp_wait_set
[0.046s] -- The C compiler identification is GNU 11.4.0
[0.085s] -- The CXX compiler identification is GNU 11.4.0
[0.091s] -- Detecting C compiler ABI info
[0.133s] -- Detecting C compiler ABI info - done
[0.137s] -- Check for working C compiler: /usr/bin/cc - skipped
[0.138s] -- Detecting C compile features
[0.138s] -- Detecting C compile features - done
[0.140s] -- Detecting CXX compiler ABI info
[0.195s] -- Detecting CXX compiler ABI info - done
[0.200s] -- Check for working CXX compiler: /usr/bin/c++ - skipped
[0.201s] -- Detecting CXX compile features
[0.201s] -- Detecting CXX compile features - done
[0.202s] -- Found ament_cmake: 1.3.5 (/opt/ros/humble/share/ament_cmake/cmake)
[0.313s] -- Found Python3: /usr/bin/python3.10 (found version "3.10.12") found components: Interpreter 
[0.367s] -- Found example_interfaces: 0.9.3 (/opt/ros/humble/share/example_interfaces/cmake)
[0.391s] -- Found rosidl_generator_c: 3.1.5 (/opt/ros/humble/share/rosidl_generator_c/cmake)
[0.395s] -- Found rosidl_adapter: 3.1.5 (/opt/ros/humble/share/rosidl_adapter/cmake)
[0.402s] -- Found rosidl_generator_cpp: 3.1.5 (/opt/ros/humble/share/rosidl_generator_cpp/cmake)
[0.411s] -- Using all available rosidl_typesupport_c: rosidl_typesupport_fastrtps_c;rosidl_typesupport_introspection_c
[0.424s] -- Using all available rosidl_typesupport_cpp: rosidl_typesupport_fastrtps_cpp;rosidl_typesupport_introspection_cpp
[0.543s] -- Found rclcpp: 16.0.5 (/opt/ros/humble/share/rclcpp/cmake)
[0.583s] -- Found rmw_implementation_cmake: 6.1.1 (/opt/ros/humble/share/rmw_implementation_cmake/cmake)
[0.585s] -- Found rmw_fastrtps_cpp: 6.2.3 (/opt/ros/humble/share/rmw_fastrtps_cpp/cmake)
[0.639s] -- Found OpenSSL: /usr/lib/x86_64-linux-gnu/libcrypto.so (found version "3.0.2")  
[0.653s] -- Found FastRTPS: /opt/ros/humble/include  
[0.681s] -- Using RMW implementation 'rmw_fastrtps_cpp' as default
[0.687s] -- Looking for pthread.h
[0.733s] -- Looking for pthread.h - found
[0.734s] -- Performing Test CMAKE_HAVE_LIBC_PTHREAD
[0.781s] -- Performing Test CMAKE_HAVE_LIBC_PTHREAD - Success
[0.782s] -- Found Threads: TRUE  
[0.897s] -- Found rclcpp_components: 16.0.5 (/opt/ros/humble/share/rclcpp_components/cmake)
[0.950s] -- Found ament_lint_auto: 0.12.7 (/opt/ros/humble/share/ament_lint_auto/cmake)
[1.004s] -- Added test 'copyright' to check source files copyright and LICENSE
[1.005s] -- Added test 'cppcheck' to perform static code analysis on C / C++ code
[1.006s] -- Configured cppcheck include dirs: /home/trabajo/LabRemo/Orchestrator/ros2_labremoto/src/examples/rclcpp/wait_set/include
[1.006s] -- Configured cppcheck exclude dirs and/or files: 
[1.007s] -- Added test 'cpplint' to check C / C++ code against the Google style
[1.007s] -- Configured cpplint exclude dirs and/or files: 
[1.008s] -- Added test 'lint_cmake' to check CMake code style
[1.009s] -- Added test 'uncrustify' to check C / C++ code style
[1.009s] -- Configured uncrustify additional arguments: 
[1.009s] -- Added test 'xmllint' to check XML markup files
[1.010s] -- Configuring done
[1.039s] -- Generating done
[1.041s] -- Build files have been written to: /home/trabajo/LabRemo/Orchestrator/ros2_labremoto/build/examples_rclcpp_wait_set
[1.050s] Invoked command in '/home/trabajo/LabRemo/Orchestrator/ros2_labremoto/build/examples_rclcpp_wait_set' returned '0': CMAKE_PREFIX_PATH=/opt/ros/humble LANG=en_US.UTF-8 /usr/bin/cmake /home/trabajo/LabRemo/Orchestrator/ros2_labremoto/src/examples/rclcpp/wait_set -DCMAKE_INSTALL_PREFIX=/home/trabajo/LabRemo/Orchestrator/ros2_labremoto/install/examples_rclcpp_wait_set
[1.050s] Invoking command in '/home/trabajo/LabRemo/Orchestrator/ros2_labremoto/build/examples_rclcpp_wait_set': CMAKE_PREFIX_PATH=/opt/ros/humble LANG=en_US.UTF-8 /usr/bin/cmake --build /home/trabajo/LabRemo/Orchestrator/ros2_labremoto/build/examples_rclcpp_wait_set -- -j1 -l1
[1.080s] [  4%] [32mBuilding CXX object CMakeFiles/talker.dir/src/talker.cpp.o[0m
[4.008s] [  8%] [32m[1mLinking CXX shared library libtalker.so[0m
[4.140s] [  8%] Built target talker
[4.152s] [ 12%] [32mBuilding CXX object CMakeFiles/wait_set_talker.dir/rclcpp_components/node_main_wait_set_talker.cpp.o[0m
[6.277s] [ 16%] [32m[1mLinking CXX executable wait_set_talker[0m
[6.365s] [ 16%] Built target wait_set_talker
[6.376s] [ 20%] [32mBuilding CXX object CMakeFiles/listener.dir/src/listener.cpp.o[0m
[12.592s] [ 25%] [32m[1mLinking CXX shared library liblistener.so[0m
[12.923s] [ 25%] Built target listener
[12.937s] [ 29%] [32mBuilding CXX object CMakeFiles/wait_set_listener.dir/rclcpp_components/node_main_wait_set_listener.cpp.o[0m
[15.043s] [ 33%] [32m[1mLinking CXX executable wait_set_listener[0m
[15.133s] [ 33%] Built target wait_set_listener
[15.147s] [ 37%] [32mBuilding CXX object CMakeFiles/wait_set.dir/src/wait_set.cpp.o[0m
[21.264s] [ 41%] [32m[1mLinking CXX executable wait_set[0m
[21.604s] [ 41%] Built target wait_set
[21.616s] [ 45%] [32mBuilding CXX object CMakeFiles/static_wait_set.dir/src/static_wait_set.cpp.o[0m
[27.228s] [ 50%] [32m[1mLinking CXX executable static_wait_set[0m
[27.507s] [ 50%] Built target static_wait_set
[27.519s] [ 54%] [32mBuilding CXX object CMakeFiles/thread_safe_wait_set.dir/src/thread_safe_wait_set.cpp.o[0m
[33.705s] [ 58%] [32m[1mLinking CXX executable thread_safe_wait_set[0m
[34.074s] [ 58%] Built target thread_safe_wait_set
[34.086s] [ 62%] [32mBuilding CXX object CMakeFiles/wait_set_topics_and_timer.dir/src/wait_set_topics_and_timer.cpp.o[0m
[39.978s] [ 66%] [32m[1mLinking CXX executable wait_set_topics_and_timer[0m
[40.272s] [ 66%] Built target wait_set_topics_and_timer
[40.284s] [ 70%] [32mBuilding CXX object CMakeFiles/wait_set_random_order.dir/src/wait_set_random_order.cpp.o[0m
[46.495s] [ 75%] [32m[1mLinking CXX executable wait_set_random_order[0m
[46.797s] [ 75%] Built target wait_set_random_order
[46.809s] [ 79%] [32mBuilding CXX object CMakeFiles/executor_random_order.dir/src/executor_random_order.cpp.o[0m
[52.510s] [ 83%] [32m[1mLinking CXX executable executor_random_order[0m
[52.833s] [ 83%] Built target executor_random_order
[52.847s] [ 87%] [32mBuilding CXX object CMakeFiles/wait_set_topics_with_different_rates.dir/src/wait_set_topics_with_different_rates.cpp.o[0m
[58.948s] [ 91%] [32m[1mLinking CXX executable wait_set_topics_with_different_rates[0m
[59.274s] [ 91%] Built target wait_set_topics_with_different_rates
[59.288s] [ 95%] [32mBuilding CXX object CMakeFiles/wait_set_composed.dir/src/wait_set_composed.cpp.o[0m
[61.236s] [100%] [32m[1mLinking CXX executable wait_set_composed[0m
[61.382s] [100%] Built target wait_set_composed
[61.391s] Invoked command in '/home/trabajo/LabRemo/Orchestrator/ros2_labremoto/build/examples_rclcpp_wait_set' returned '0': CMAKE_PREFIX_PATH=/opt/ros/humble LANG=en_US.UTF-8 /usr/bin/cmake --build /home/trabajo/LabRemo/Orchestrator/ros2_labremoto/build/examples_rclcpp_wait_set -- -j1 -l1
[61.421s] Invoking command in '/home/trabajo/LabRemo/Orchestrator/ros2_labremoto/build/examples_rclcpp_wait_set': CMAKE_PREFIX_PATH=/opt/ros/humble LANG=en_US.UTF-8 /usr/bin/cmake --install /home/trabajo/LabRemo/Orchestrator/ros2_labremoto/build/examples_rclcpp_wait_set
[61.426s] -- Install configuration: ""
[61.426s] -- Installing: /home/trabajo/LabRemo/Orchestrator/ros2_labremoto/install/examples_rclcpp_wait_set/lib/examples_rclcpp_wait_set/wait_set_talker
[61.427s] -- Set runtime path of "/home/trabajo/LabRemo/Orchestrator/ros2_labremoto/install/examples_rclcpp_wait_set/lib/examples_rclcpp_wait_set/wait_set_talker" to ""
[61.427s] -- Installing: /home/trabajo/LabRemo/Orchestrator/ros2_labremoto/install/examples_rclcpp_wait_set/lib/examples_rclcpp_wait_set/wait_set_listener
[61.427s] -- Set runtime path of "/home/trabajo/LabRemo/Orchestrator/ros2_labremoto/install/examples_rclcpp_wait_set/lib/examples_rclcpp_wait_set/wait_set_listener" to ""
[61.427s] -- Installing: /home/trabajo/LabRemo/Orchestrator/ros2_labremoto/install/examples_rclcpp_wait_set/lib/libtalker.so
[61.429s] -- Set runtime path of "/home/trabajo/LabRemo/Orchestrator/ros2_labremoto/install/examples_rclcpp_wait_set/lib/libtalker.so" to ""
[61.429s] -- Installing: /home/trabajo/LabRemo/Orchestrator/ros2_labremoto/install/examples_rclcpp_wait_set/lib/liblistener.so
[61.435s] -- Set runtime path of "/home/trabajo/LabRemo/Orchestrator/ros2_labremoto/install/examples_rclcpp_wait_set/lib/liblistener.so" to ""
[61.435s] -- Installing: /home/trabajo/LabRemo/Orchestrator/ros2_labremoto/install/examples_rclcpp_wait_set/lib/examples_rclcpp_wait_set/wait_set
[61.438s] -- Set runtime path of "/home/trabajo/LabRemo/Orchestrator/ros2_labremoto/install/examples_rclcpp_wait_set/lib/examples_rclcpp_wait_set/wait_set" to ""
[61.438s] -- Installing: /home/trabajo/LabRemo/Orchestrator/ros2_labremoto/install/examples_rclcpp_wait_set/lib/examples_rclcpp_wait_set/static_wait_set
[61.441s] -- Set runtime path of "/home/trabajo/LabRemo/Orchestrator/ros2_labremoto/install/examples_rclcpp_wait_set/lib/examples_rclcpp_wait_set/static_wait_set" to ""
[61.441s] -- Installing: /home/trabajo/LabRemo/Orchestrator/ros2_labremoto/install/examples_rclcpp_wait_set/lib/examples_rclcpp_wait_set/thread_safe_wait_set
[61.445s] -- Set runtime path of "/home/trabajo/LabRemo/Orchestrator/ros2_labremoto/install/examples_rclcpp_wait_set/lib/examples_rclcpp_wait_set/thread_safe_wait_set" to ""
[61.445s] -- Installing: /home/trabajo/LabRemo/Orchestrator/ros2_labremoto/install/examples_rclcpp_wait_set/lib/examples_rclcpp_wait_set/wait_set_topics_and_timer
[61.448s] -- Set runtime path of "/home/trabajo/LabRemo/Orchestrator/ros2_labremoto/install/examples_rclcpp_wait_set/lib/examples_rclcpp_wait_set/wait_set_topics_and_timer" to ""
[61.448s] -- Installing: /home/trabajo/LabRemo/Orchestrator/ros2_labremoto/install/examples_rclcpp_wait_set/lib/examples_rclcpp_wait_set/wait_set_random_order
[61.451s] -- Set runtime path of "/home/trabajo/LabRemo/Orchestrator/ros2_labremoto/install/examples_rclcpp_wait_set/lib/examples_rclcpp_wait_set/wait_set_random_order" to ""
[61.451s] -- Installing: /home/trabajo/LabRemo/Orchestrator/ros2_labremoto/install/examples_rclcpp_wait_set/lib/examples_rclcpp_wait_set/executor_random_order
[61.454s] -- Set runtime path of "/home/trabajo/LabRemo/Orchestrator/ros2_labremoto/install/examples_rclcpp_wait_set/lib/examples_rclcpp_wait_set/executor_random_order" to ""
[61.454s] -- Installing: /home/trabajo/LabRemo/Orchestrator/ros2_labremoto/install/examples_rclcpp_wait_set/lib/examples_rclcpp_wait_set/wait_set_topics_with_different_rates
[61.458s] -- Set runtime path of "/home/trabajo/LabRemo/Orchestrator/ros2_labremoto/install/examples_rclcpp_wait_set/lib/examples_rclcpp_wait_set/wait_set_topics_with_different_rates" to ""
[61.458s] -- Installing: /home/trabajo/LabRemo/Orchestrator/ros2_labremoto/install/examples_rclcpp_wait_set/lib/examples_rclcpp_wait_set/wait_set_composed
[61.458s] -- Set runtime path of "/home/trabajo/LabRemo/Orchestrator/ros2_labremoto/install/examples_rclcpp_wait_set/lib/examples_rclcpp_wait_set/wait_set_composed" to ""
[61.458s] -- Installing: /home/trabajo/LabRemo/Orchestrator/ros2_labremoto/install/examples_rclcpp_wait_set/share/ament_index/resource_index/package_run_dependencies/examples_rclcpp_wait_set
[61.459s] -- Installing: /home/trabajo/LabRemo/Orchestrator/ros2_labremoto/install/examples_rclcpp_wait_set/share/ament_index/resource_index/parent_prefix_path/examples_rclcpp_wait_set
[61.459s] -- Installing: /home/trabajo/LabRemo/Orchestrator/ros2_labremoto/install/examples_rclcpp_wait_set/share/examples_rclcpp_wait_set/environment/ament_prefix_path.sh
[61.459s] -- Installing: /home/trabajo/LabRemo/Orchestrator/ros2_labremoto/install/examples_rclcpp_wait_set/share/examples_rclcpp_wait_set/environment/ament_prefix_path.dsv
[61.459s] -- Installing: /home/trabajo/LabRemo/Orchestrator/ros2_labremoto/install/examples_rclcpp_wait_set/share/examples_rclcpp_wait_set/environment/path.sh
[61.459s] -- Installing: /home/trabajo/LabRemo/Orchestrator/ros2_labremoto/install/examples_rclcpp_wait_set/share/examples_rclcpp_wait_set/environment/path.dsv
[61.459s] -- Installing: /home/trabajo/LabRemo/Orchestrator/ros2_labremoto/install/examples_rclcpp_wait_set/share/examples_rclcpp_wait_set/local_setup.bash
[61.460s] -- Installing: /home/trabajo/LabRemo/Orchestrator/ros2_labremoto/install/examples_rclcpp_wait_set/share/examples_rclcpp_wait_set/local_setup.sh
[61.460s] -- Installing: /home/trabajo/LabRemo/Orchestrator/ros2_labremoto/install/examples_rclcpp_wait_set/share/examples_rclcpp_wait_set/local_setup.zsh
[61.460s] -- Installing: /home/trabajo/LabRemo/Orchestrator/ros2_labremoto/install/examples_rclcpp_wait_set/share/examples_rclcpp_wait_set/local_setup.dsv
[61.460s] -- Installing: /home/trabajo/LabRemo/Orchestrator/ros2_labremoto/install/examples_rclcpp_wait_set/share/examples_rclcpp_wait_set/package.dsv
[61.460s] -- Installing: /home/trabajo/LabRemo/Orchestrator/ros2_labremoto/install/examples_rclcpp_wait_set/share/ament_index/resource_index/packages/examples_rclcpp_wait_set
[61.460s] -- Installing: /home/trabajo/LabRemo/Orchestrator/ros2_labremoto/install/examples_rclcpp_wait_set/share/ament_index/resource_index/rclcpp_components/examples_rclcpp_wait_set
[61.461s] -- Installing: /home/trabajo/LabRemo/Orchestrator/ros2_labremoto/install/examples_rclcpp_wait_set/share/examples_rclcpp_wait_set/cmake/examples_rclcpp_wait_setConfig.cmake
[61.461s] -- Installing: /home/trabajo/LabRemo/Orchestrator/ros2_labremoto/install/examples_rclcpp_wait_set/share/examples_rclcpp_wait_set/cmake/examples_rclcpp_wait_setConfig-version.cmake
[61.461s] -- Installing: /home/trabajo/LabRemo/Orchestrator/ros2_labremoto/install/examples_rclcpp_wait_set/share/examples_rclcpp_wait_set/package.xml
[61.465s] Invoked command in '/home/trabajo/LabRemo/Orchestrator/ros2_labremoto/build/examples_rclcpp_wait_set' returned '0': CMAKE_PREFIX_PATH=/opt/ros/humble LANG=en_US.UTF-8 /usr/bin/cmake --install /home/trabajo/LabRemo/Orchestrator/ros2_labremoto/build/examples_rclcpp_wait_set
