[3.532s] DEBUG:colcon:Command line arguments: ['/usr/bin/colcon', 'build']
[3.533s] DEBUG:colcon:Parsed command line arguments: Namespace(log_base=None, log_level=None, verb_name='build', build_base='build', install_base='install', merge_install=False, symlink_install=False, test_result_base=None, continue_on_error=False, executor='parallel', parallel_workers=4, event_handlers=None, ignore_user_meta=False, metas=['./colcon.meta'], base_paths=['.'], packages_ignore=None, packages_ignore_regex=None, paths=None, packages_up_to=None, packages_up_to_regex=None, packages_above=None, packages_above_and_dependencies=None, packages_above_depth=None, packages_select_by_dep=None, packages_skip_by_dep=None, packages_skip_up_to=None, packages_select_build_failed=False, packages_skip_build_finished=False, packages_select_test_failures=False, packages_skip_test_passed=False, packages_select=None, packages_skip=None, packages_select_regex=None, packages_skip_regex=None, packages_start=None, packages_end=None, allow_overriding=[], cmake_args=None, cmake_target=None, cmake_target_skip_unavailable=False, cmake_clean_cache=False, cmake_clean_first=False, cmake_force_configure=False, ament_cmake_args=None, catkin_cmake_args=None, catkin_skip_building_tests=False, verb_parser=<colcon_defaults.argument_parser.defaults.DefaultArgumentsDecorator object at 0x7fb08f643b20>, verb_extension=<colcon_core.verb.build.BuildVerb object at 0x7fb08f6fd690>, main=<bound method BuildVerb.main of <colcon_core.verb.build.BuildVerb object at 0x7fb08f6fd690>>)
[3.733s] Level 1:colcon.colcon_core.package_discovery:discover_packages(colcon_meta) check parameters
[3.734s] Level 1:colcon.colcon_core.package_discovery:discover_packages(recursive) check parameters
[3.734s] Level 1:colcon.colcon_core.package_discovery:discover_packages(ignore) check parameters
[3.734s] Level 1:colcon.colcon_core.package_discovery:discover_packages(path) check parameters
[3.734s] Level 1:colcon.colcon_core.package_discovery:discover_packages(colcon_meta) discover
[3.734s] Level 1:colcon.colcon_core.package_discovery:discover_packages(recursive) discover
[3.734s] INFO:colcon.colcon_core.package_discovery:Crawling recursively for packages in '/home/ffelix07/Documents/LabRemo/Orchestrator/ros2_labremoto'
[3.735s] Level 1:colcon.colcon_core.package_identification:_identify(.) by extensions ['ignore', 'ignore_ament_install']
[3.735s] Level 1:colcon.colcon_core.package_identification:_identify(.) by extension 'ignore'
[3.735s] Level 1:colcon.colcon_core.package_identification:_identify(.) by extension 'ignore_ament_install'
[3.735s] Level 1:colcon.colcon_core.package_identification:_identify(.) by extensions ['colcon_pkg']
[3.736s] Level 1:colcon.colcon_core.package_identification:_identify(.) by extension 'colcon_pkg'
[3.736s] Level 1:colcon.colcon_core.package_identification:_identify(.) by extensions ['colcon_meta']
[3.736s] Level 1:colcon.colcon_core.package_identification:_identify(.) by extension 'colcon_meta'
[3.736s] Level 1:colcon.colcon_core.package_identification:_identify(.) by extensions ['ros']
[3.736s] Level 1:colcon.colcon_core.package_identification:_identify(.) by extension 'ros'
[3.778s] Level 1:colcon.colcon_core.package_identification:_identify(.) by extensions ['cmake', 'python']
[3.779s] Level 1:colcon.colcon_core.package_identification:_identify(.) by extension 'cmake'
[3.779s] Level 1:colcon.colcon_core.package_identification:_identify(.) by extension 'python'
[3.779s] Level 1:colcon.colcon_core.package_identification:_identify(.) by extensions ['python_setup_py']
[3.779s] Level 1:colcon.colcon_core.package_identification:_identify(.) by extension 'python_setup_py'
[3.780s] Level 1:colcon.colcon_core.package_identification:_identify(build) by extensions ['ignore', 'ignore_ament_install']
[3.780s] Level 1:colcon.colcon_core.package_identification:_identify(build) by extension 'ignore'
[3.780s] Level 1:colcon.colcon_core.package_identification:_identify(build) ignored
[3.781s] Level 1:colcon.colcon_core.package_identification:_identify(install) by extensions ['ignore', 'ignore_ament_install']
[3.781s] Level 1:colcon.colcon_core.package_identification:_identify(install) by extension 'ignore'
[3.781s] Level 1:colcon.colcon_core.package_identification:_identify(install) ignored
[3.782s] Level 1:colcon.colcon_core.package_identification:_identify(log) by extensions ['ignore', 'ignore_ament_install']
[3.782s] Level 1:colcon.colcon_core.package_identification:_identify(log) by extension 'ignore'
[3.782s] Level 1:colcon.colcon_core.package_identification:_identify(log) ignored
[3.783s] Level 1:colcon.colcon_core.package_identification:_identify(src) by extensions ['ignore', 'ignore_ament_install']
[3.783s] Level 1:colcon.colcon_core.package_identification:_identify(src) by extension 'ignore'
[3.783s] Level 1:colcon.colcon_core.package_identification:_identify(src) by extension 'ignore_ament_install'
[3.783s] Level 1:colcon.colcon_core.package_identification:_identify(src) by extensions ['colcon_pkg']
[3.783s] Level 1:colcon.colcon_core.package_identification:_identify(src) by extension 'colcon_pkg'
[3.784s] Level 1:colcon.colcon_core.package_identification:_identify(src) by extensions ['colcon_meta']
[3.784s] Level 1:colcon.colcon_core.package_identification:_identify(src) by extension 'colcon_meta'
[3.784s] Level 1:colcon.colcon_core.package_identification:_identify(src) by extensions ['ros']
[3.784s] Level 1:colcon.colcon_core.package_identification:_identify(src) by extension 'ros'
[3.784s] Level 1:colcon.colcon_core.package_identification:_identify(src) by extensions ['cmake', 'python']
[3.784s] Level 1:colcon.colcon_core.package_identification:_identify(src) by extension 'cmake'
[3.785s] Level 1:colcon.colcon_core.package_identification:_identify(src) by extension 'python'
[3.785s] Level 1:colcon.colcon_core.package_identification:_identify(src) by extensions ['python_setup_py']
[3.785s] Level 1:colcon.colcon_core.package_identification:_identify(src) by extension 'python_setup_py'
[3.785s] Level 1:colcon.colcon_core.package_identification:_identify(src/examples) by extensions ['ignore', 'ignore_ament_install']
[3.786s] Level 1:colcon.colcon_core.package_identification:_identify(src/examples) by extension 'ignore'
[3.786s] Level 1:colcon.colcon_core.package_identification:_identify(src/examples) by extension 'ignore_ament_install'
[3.786s] Level 1:colcon.colcon_core.package_identification:_identify(src/examples) by extensions ['colcon_pkg']
[3.786s] Level 1:colcon.colcon_core.package_identification:_identify(src/examples) by extension 'colcon_pkg'
[3.786s] Level 1:colcon.colcon_core.package_identification:_identify(src/examples) by extensions ['colcon_meta']
[3.786s] Level 1:colcon.colcon_core.package_identification:_identify(src/examples) by extension 'colcon_meta'
[3.787s] Level 1:colcon.colcon_core.package_identification:_identify(src/examples) by extensions ['ros']
[3.787s] Level 1:colcon.colcon_core.package_identification:_identify(src/examples) by extension 'ros'
[3.787s] Level 1:colcon.colcon_core.package_identification:_identify(src/examples) by extensions ['cmake', 'python']
[3.787s] Level 1:colcon.colcon_core.package_identification:_identify(src/examples) by extension 'cmake'
[3.787s] Level 1:colcon.colcon_core.package_identification:_identify(src/examples) by extension 'python'
[3.788s] Level 1:colcon.colcon_core.package_identification:_identify(src/examples) by extensions ['python_setup_py']
[3.788s] Level 1:colcon.colcon_core.package_identification:_identify(src/examples) by extension 'python_setup_py'
[3.788s] Level 1:colcon.colcon_core.package_identification:_identify(src/hardware) by extensions ['ignore', 'ignore_ament_install']
[3.788s] Level 1:colcon.colcon_core.package_identification:_identify(src/hardware) by extension 'ignore'
[3.789s] Level 1:colcon.colcon_core.package_identification:_identify(src/hardware) by extension 'ignore_ament_install'
[3.789s] Level 1:colcon.colcon_core.package_identification:_identify(src/hardware) by extensions ['colcon_pkg']
[3.789s] Level 1:colcon.colcon_core.package_identification:_identify(src/hardware) by extension 'colcon_pkg'
[3.789s] Level 1:colcon.colcon_core.package_identification:_identify(src/hardware) by extensions ['colcon_meta']
[3.789s] Level 1:colcon.colcon_core.package_identification:_identify(src/hardware) by extension 'colcon_meta'
[3.789s] Level 1:colcon.colcon_core.package_identification:_identify(src/hardware) by extensions ['ros']
[3.790s] Level 1:colcon.colcon_core.package_identification:_identify(src/hardware) by extension 'ros'
[3.798s] DEBUG:colcon.colcon_core.package_identification:Package 'src/hardware' with type 'ros.ament_python' and name 'hardware'
[3.799s] Level 1:colcon.colcon_core.package_identification:_identify(src/my_mas) by extensions ['ignore', 'ignore_ament_install']
[3.799s] Level 1:colcon.colcon_core.package_identification:_identify(src/my_mas) by extension 'ignore'
[3.799s] Level 1:colcon.colcon_core.package_identification:_identify(src/my_mas) by extension 'ignore_ament_install'
[3.799s] Level 1:colcon.colcon_core.package_identification:_identify(src/my_mas) by extensions ['colcon_pkg']
[3.800s] Level 1:colcon.colcon_core.package_identification:_identify(src/my_mas) by extension 'colcon_pkg'
[3.800s] Level 1:colcon.colcon_core.package_identification:_identify(src/my_mas) by extensions ['colcon_meta']
[3.800s] Level 1:colcon.colcon_core.package_identification:_identify(src/my_mas) by extension 'colcon_meta'
[3.800s] Level 1:colcon.colcon_core.package_identification:_identify(src/my_mas) by extensions ['ros']
[3.800s] Level 1:colcon.colcon_core.package_identification:_identify(src/my_mas) by extension 'ros'
[3.803s] DEBUG:colcon.colcon_core.package_identification:Package 'src/my_mas' with type 'ros.ament_cmake' and name 'my_mas'
[3.803s] Level 1:colcon.colcon_core.package_identification:_identify(src/py_pubsub) by extensions ['ignore', 'ignore_ament_install']
[3.804s] Level 1:colcon.colcon_core.package_identification:_identify(src/py_pubsub) by extension 'ignore'
[3.804s] Level 1:colcon.colcon_core.package_identification:_identify(src/py_pubsub) by extension 'ignore_ament_install'
[3.804s] Level 1:colcon.colcon_core.package_identification:_identify(src/py_pubsub) by extensions ['colcon_pkg']
[3.804s] Level 1:colcon.colcon_core.package_identification:_identify(src/py_pubsub) by extension 'colcon_pkg'
[3.805s] Level 1:colcon.colcon_core.package_identification:_identify(src/py_pubsub) by extensions ['colcon_meta']
[3.805s] Level 1:colcon.colcon_core.package_identification:_identify(src/py_pubsub) by extension 'colcon_meta'
[3.805s] Level 1:colcon.colcon_core.package_identification:_identify(src/py_pubsub) by extensions ['ros']
[3.805s] Level 1:colcon.colcon_core.package_identification:_identify(src/py_pubsub) by extension 'ros'
[3.808s] DEBUG:colcon.colcon_core.package_identification:Package 'src/py_pubsub' with type 'ros.ament_python' and name 'py_pubsub'
[3.808s] Level 1:colcon.colcon_core.package_discovery:discover_packages(recursive) using defaults
[3.808s] Level 1:colcon.colcon_core.package_discovery:discover_packages(ignore) discover
[3.808s] Level 1:colcon.colcon_core.package_discovery:discover_packages(ignore) using defaults
[3.808s] Level 1:colcon.colcon_core.package_discovery:discover_packages(path) discover
[3.808s] Level 1:colcon.colcon_core.package_discovery:discover_packages(path) using defaults
[4.097s] Level 1:colcon.colcon_core.package_discovery:discover_packages(prefix_path) check parameters
[4.097s] Level 1:colcon.colcon_core.package_discovery:discover_packages(prefix_path) discover
[4.203s] DEBUG:colcon.colcon_installed_package_information.package_discovery:Found 4 installed packages in /home/ffelix07/Documents/LabRemo/Orchestrator/ros2_labremoto/install
[4.252s] DEBUG:colcon.colcon_installed_package_information.package_discovery:Found 185 installed packages in /opt/ros/humble
[4.255s] Level 1:colcon.colcon_core.package_discovery:discover_packages(prefix_path) using defaults
[4.559s] Level 5:colcon.colcon_core.verb:set package 'hardware' build argument 'cmake_args' from command line to 'None'
[4.560s] Level 5:colcon.colcon_core.verb:set package 'hardware' build argument 'cmake_target' from command line to 'None'
[4.561s] Level 5:colcon.colcon_core.verb:set package 'hardware' build argument 'cmake_target_skip_unavailable' from command line to 'False'
[4.561s] Level 5:colcon.colcon_core.verb:set package 'hardware' build argument 'cmake_clean_cache' from command line to 'False'
[4.561s] Level 5:colcon.colcon_core.verb:set package 'hardware' build argument 'cmake_clean_first' from command line to 'False'
[4.561s] Level 5:colcon.colcon_core.verb:set package 'hardware' build argument 'cmake_force_configure' from command line to 'False'
[4.561s] Level 5:colcon.colcon_core.verb:set package 'hardware' build argument 'ament_cmake_args' from command line to 'None'
[4.561s] Level 5:colcon.colcon_core.verb:set package 'hardware' build argument 'catkin_cmake_args' from command line to 'None'
[4.561s] Level 5:colcon.colcon_core.verb:set package 'hardware' build argument 'catkin_skip_building_tests' from command line to 'False'
[4.561s] DEBUG:colcon.colcon_core.verb:Building package 'hardware' with the following arguments: {'ament_cmake_args': None, 'build_base': '/home/ffelix07/Documents/LabRemo/Orchestrator/ros2_labremoto/build/hardware', 'catkin_cmake_args': None, 'catkin_skip_building_tests': False, 'cmake_args': None, 'cmake_clean_cache': False, 'cmake_clean_first': False, 'cmake_force_configure': False, 'cmake_target': None, 'cmake_target_skip_unavailable': False, 'install_base': '/home/ffelix07/Documents/LabRemo/Orchestrator/ros2_labremoto/install/hardware', 'merge_install': False, 'path': '/home/ffelix07/Documents/LabRemo/Orchestrator/ros2_labremoto/src/hardware', 'symlink_install': False, 'test_result_base': None}
[4.605s] Level 5:colcon.colcon_core.verb:set package 'my_mas' build argument 'cmake_args' from command line to 'None'
[4.606s] Level 5:colcon.colcon_core.verb:set package 'my_mas' build argument 'cmake_target' from command line to 'None'
[4.606s] Level 5:colcon.colcon_core.verb:set package 'my_mas' build argument 'cmake_target_skip_unavailable' from command line to 'False'
[4.606s] Level 5:colcon.colcon_core.verb:set package 'my_mas' build argument 'cmake_clean_cache' from command line to 'False'
[4.606s] Level 5:colcon.colcon_core.verb:set package 'my_mas' build argument 'cmake_clean_first' from command line to 'False'
[4.606s] Level 5:colcon.colcon_core.verb:set package 'my_mas' build argument 'cmake_force_configure' from command line to 'False'
[4.606s] Level 5:colcon.colcon_core.verb:set package 'my_mas' build argument 'ament_cmake_args' from command line to 'None'
[4.606s] Level 5:colcon.colcon_core.verb:set package 'my_mas' build argument 'catkin_cmake_args' from command line to 'None'
[4.606s] Level 5:colcon.colcon_core.verb:set package 'my_mas' build argument 'catkin_skip_building_tests' from command line to 'False'
[4.606s] DEBUG:colcon.colcon_core.verb:Building package 'my_mas' with the following arguments: {'ament_cmake_args': None, 'build_base': '/home/ffelix07/Documents/LabRemo/Orchestrator/ros2_labremoto/build/my_mas', 'catkin_cmake_args': None, 'catkin_skip_building_tests': False, 'cmake_args': None, 'cmake_clean_cache': False, 'cmake_clean_first': False, 'cmake_force_configure': False, 'cmake_target': None, 'cmake_target_skip_unavailable': False, 'install_base': '/home/ffelix07/Documents/LabRemo/Orchestrator/ros2_labremoto/install/my_mas', 'merge_install': False, 'path': '/home/ffelix07/Documents/LabRemo/Orchestrator/ros2_labremoto/src/my_mas', 'symlink_install': False, 'test_result_base': None}
[4.652s] Level 5:colcon.colcon_core.verb:set package 'py_pubsub' build argument 'cmake_args' from command line to 'None'
[4.653s] Level 5:colcon.colcon_core.verb:set package 'py_pubsub' build argument 'cmake_target' from command line to 'None'
[4.653s] Level 5:colcon.colcon_core.verb:set package 'py_pubsub' build argument 'cmake_target_skip_unavailable' from command line to 'False'
[4.653s] Level 5:colcon.colcon_core.verb:set package 'py_pubsub' build argument 'cmake_clean_cache' from command line to 'False'
[4.653s] Level 5:colcon.colcon_core.verb:set package 'py_pubsub' build argument 'cmake_clean_first' from command line to 'False'
[4.653s] Level 5:colcon.colcon_core.verb:set package 'py_pubsub' build argument 'cmake_force_configure' from command line to 'False'
[4.653s] Level 5:colcon.colcon_core.verb:set package 'py_pubsub' build argument 'ament_cmake_args' from command line to 'None'
[4.653s] Level 5:colcon.colcon_core.verb:set package 'py_pubsub' build argument 'catkin_cmake_args' from command line to 'None'
[4.653s] Level 5:colcon.colcon_core.verb:set package 'py_pubsub' build argument 'catkin_skip_building_tests' from command line to 'False'
[4.653s] DEBUG:colcon.colcon_core.verb:Building package 'py_pubsub' with the following arguments: {'ament_cmake_args': None, 'build_base': '/home/ffelix07/Documents/LabRemo/Orchestrator/ros2_labremoto/build/py_pubsub', 'catkin_cmake_args': None, 'catkin_skip_building_tests': False, 'cmake_args': None, 'cmake_clean_cache': False, 'cmake_clean_first': False, 'cmake_force_configure': False, 'cmake_target': None, 'cmake_target_skip_unavailable': False, 'install_base': '/home/ffelix07/Documents/LabRemo/Orchestrator/ros2_labremoto/install/py_pubsub', 'merge_install': False, 'path': '/home/ffelix07/Documents/LabRemo/Orchestrator/ros2_labremoto/src/py_pubsub', 'symlink_install': False, 'test_result_base': None}
[4.695s] INFO:colcon.colcon_core.executor:Executing jobs using 'parallel' executor
[4.740s] DEBUG:colcon.colcon_parallel_executor.executor.parallel:run_until_complete
[4.741s] INFO:colcon.colcon_ros.task.ament_cmake.build:Building ROS package in '/home/ffelix07/Documents/LabRemo/Orchestrator/ros2_labremoto/src/my_mas' with build type 'ament_cmake'
[4.741s] INFO:colcon.colcon_cmake.task.cmake.build:Building CMake package in '/home/ffelix07/Documents/LabRemo/Orchestrator/ros2_labremoto/src/my_mas'
[4.811s] INFO:colcon.colcon_core.plugin_system:Skipping extension 'colcon_core.shell.bat': Not used on non-Windows systems
[4.811s] INFO:colcon.colcon_core.shell:Skip shell extension 'powershell' for command environment: Not usable outside of PowerShell
[4.812s] DEBUG:colcon.colcon_core.shell:Skip shell extension 'dsv' for command environment
[4.972s] INFO:colcon.colcon_ros.task.ament_python.build:Building ROS package in '/home/ffelix07/Documents/LabRemo/Orchestrator/ros2_labremoto/src/hardware' with build type 'ament_python'
[4.972s] Level 1:colcon.colcon_core.shell:create_environment_hook('hardware', 'ament_prefix_path')
[5.044s] INFO:colcon.colcon_core.shell:Creating environment hook '/home/ffelix07/Documents/LabRemo/Orchestrator/ros2_labremoto/install/hardware/share/hardware/hook/ament_prefix_path.ps1'
[5.047s] INFO:colcon.colcon_core.shell:Creating environment descriptor '/home/ffelix07/Documents/LabRemo/Orchestrator/ros2_labremoto/install/hardware/share/hardware/hook/ament_prefix_path.dsv'
[5.049s] INFO:colcon.colcon_core.shell:Creating environment hook '/home/ffelix07/Documents/LabRemo/Orchestrator/ros2_labremoto/install/hardware/share/hardware/hook/ament_prefix_path.sh'
[5.114s] INFO:colcon.colcon_core.shell:Skip shell extension 'powershell' for command environment: Not usable outside of PowerShell
[5.114s] DEBUG:colcon.colcon_core.shell:Skip shell extension 'dsv' for command environment
[5.299s] DEBUG:colcon.colcon_core.event_handler.log_command:Invoking command in '/home/ffelix07/Documents/LabRemo/Orchestrator/ros2_labremoto/build/my_mas': CMAKE_PREFIX_PATH=${CMAKE_PREFIX_PATH}:/home/ffelix07/Documents/LabRemo/Orchestrator/ros2_labremoto/install/py_pubsub:/home/ffelix07/Documents/LabRemo/Orchestrator/ros2_labremoto/install/hardware:/opt/ros/humble CONDA_PROMPT_MODIFIER=(base) /usr/bin/cmake --build /home/ffelix07/Documents/LabRemo/Orchestrator/ros2_labremoto/build/my_mas -- -j4 -l4
[6.570s] INFO:colcon.colcon_core.task.python.build:Building Python package in '/home/ffelix07/Documents/LabRemo/Orchestrator/ros2_labremoto/src/hardware'
[6.642s] INFO:colcon.colcon_core.shell:Skip shell extension 'powershell' for command environment: Not usable outside of PowerShell
[6.642s] DEBUG:colcon.colcon_core.shell:Skip shell extension 'dsv' for command environment
[7.177s] DEBUG:colcon.colcon_core.event_handler.log_command:Invoked command in '/home/ffelix07/Documents/LabRemo/Orchestrator/ros2_labremoto/build/my_mas' returned '0': CMAKE_PREFIX_PATH=${CMAKE_PREFIX_PATH}:/home/ffelix07/Documents/LabRemo/Orchestrator/ros2_labremoto/install/py_pubsub:/home/ffelix07/Documents/LabRemo/Orchestrator/ros2_labremoto/install/hardware:/opt/ros/humble CONDA_PROMPT_MODIFIER=(base) /usr/bin/cmake --build /home/ffelix07/Documents/LabRemo/Orchestrator/ros2_labremoto/build/my_mas -- -j4 -l4
[7.594s] DEBUG:colcon.colcon_core.event_handler.log_command:Invoking command in '/home/ffelix07/Documents/LabRemo/Orchestrator/ros2_labremoto/build/my_mas': CMAKE_PREFIX_PATH=${CMAKE_PREFIX_PATH}:/home/ffelix07/Documents/LabRemo/Orchestrator/ros2_labremoto/install/py_pubsub:/home/ffelix07/Documents/LabRemo/Orchestrator/ros2_labremoto/install/hardware:/opt/ros/humble CONDA_PROMPT_MODIFIER=(base) /usr/bin/cmake --install /home/ffelix07/Documents/LabRemo/Orchestrator/ros2_labremoto/build/my_mas
[7.976s] Level 1:colcon.colcon_core.environment:create_environment_scripts_only(my_mas)
[7.981s] DEBUG:colcon.colcon_core.event_handler.log_command:Invoked command in '/home/ffelix07/Documents/LabRemo/Orchestrator/ros2_labremoto/build/my_mas' returned '0': CMAKE_PREFIX_PATH=${CMAKE_PREFIX_PATH}:/home/ffelix07/Documents/LabRemo/Orchestrator/ros2_labremoto/install/py_pubsub:/home/ffelix07/Documents/LabRemo/Orchestrator/ros2_labremoto/install/hardware:/opt/ros/humble CONDA_PROMPT_MODIFIER=(base) /usr/bin/cmake --install /home/ffelix07/Documents/LabRemo/Orchestrator/ros2_labremoto/build/my_mas
[8.113s] Level 1:colcon.colcon_core.environment:checking '/home/ffelix07/Documents/LabRemo/Orchestrator/ros2_labremoto/install/my_mas' for CMake module files
[8.116s] Level 1:colcon.colcon_core.environment:checking '/home/ffelix07/Documents/LabRemo/Orchestrator/ros2_labremoto/install/my_mas' for CMake config files
[8.118s] Level 1:colcon.colcon_core.shell:create_environment_hook('my_mas', 'cmake_prefix_path')
[8.197s] INFO:colcon.colcon_core.shell:Creating environment hook '/home/ffelix07/Documents/LabRemo/Orchestrator/ros2_labremoto/install/my_mas/share/my_mas/hook/cmake_prefix_path.ps1'
[8.199s] INFO:colcon.colcon_core.shell:Creating environment descriptor '/home/ffelix07/Documents/LabRemo/Orchestrator/ros2_labremoto/install/my_mas/share/my_mas/hook/cmake_prefix_path.dsv'
[8.202s] INFO:colcon.colcon_core.shell:Creating environment hook '/home/ffelix07/Documents/LabRemo/Orchestrator/ros2_labremoto/install/my_mas/share/my_mas/hook/cmake_prefix_path.sh'
[8.205s] Level 1:colcon.colcon_core.environment:checking '/home/ffelix07/Documents/LabRemo/Orchestrator/ros2_labremoto/install/my_mas/lib'
[8.205s] Level 1:colcon.colcon_core.shell:create_environment_hook('my_mas', 'ld_library_path_lib')
[8.282s] INFO:colcon.colcon_core.shell:Creating environment hook '/home/ffelix07/Documents/LabRemo/Orchestrator/ros2_labremoto/install/my_mas/share/my_mas/hook/ld_library_path_lib.ps1'
[8.284s] INFO:colcon.colcon_core.shell:Creating environment descriptor '/home/ffelix07/Documents/LabRemo/Orchestrator/ros2_labremoto/install/my_mas/share/my_mas/hook/ld_library_path_lib.dsv'
[8.286s] INFO:colcon.colcon_core.shell:Creating environment hook '/home/ffelix07/Documents/LabRemo/Orchestrator/ros2_labremoto/install/my_mas/share/my_mas/hook/ld_library_path_lib.sh'
[8.287s] Level 1:colcon.colcon_core.environment:checking '/home/ffelix07/Documents/LabRemo/Orchestrator/ros2_labremoto/install/my_mas/bin'
[8.288s] Level 1:colcon.colcon_core.environment:checking '/home/ffelix07/Documents/LabRemo/Orchestrator/ros2_labremoto/install/my_mas/lib/pkgconfig/my_mas.pc'
[8.289s] Level 1:colcon.colcon_core.environment:checking '/home/ffelix07/Documents/LabRemo/Orchestrator/ros2_labremoto/install/my_mas/lib/python3.10/site-packages'
[8.290s] Level 1:colcon.colcon_core.environment:checking '/home/ffelix07/Documents/LabRemo/Orchestrator/ros2_labremoto/install/my_mas/bin'
[8.386s] INFO:colcon.colcon_core.shell:Creating package script '/home/ffelix07/Documents/LabRemo/Orchestrator/ros2_labremoto/install/my_mas/share/my_mas/package.ps1'
[8.390s] INFO:colcon.colcon_core.shell:Creating package descriptor '/home/ffelix07/Documents/LabRemo/Orchestrator/ros2_labremoto/install/my_mas/share/my_mas/package.dsv'
[8.395s] INFO:colcon.colcon_core.shell:Creating package script '/home/ffelix07/Documents/LabRemo/Orchestrator/ros2_labremoto/install/my_mas/share/my_mas/package.sh'
[8.399s] INFO:colcon.colcon_core.shell:Creating package script '/home/ffelix07/Documents/LabRemo/Orchestrator/ros2_labremoto/install/my_mas/share/my_mas/package.bash'
[8.405s] INFO:colcon.colcon_core.shell:Creating package script '/home/ffelix07/Documents/LabRemo/Orchestrator/ros2_labremoto/install/my_mas/share/my_mas/package.zsh'
[8.410s] Level 1:colcon.colcon_core.environment:create_file_with_runtime_dependencies(/home/ffelix07/Documents/LabRemo/Orchestrator/ros2_labremoto/install/my_mas/share/colcon-core/packages/my_mas)
[8.471s] DEBUG:colcon.colcon_core.event_handler.log_command:Invoking command in '/home/ffelix07/Documents/LabRemo/Orchestrator/ros2_labremoto/src/hardware': CONDA_PROMPT_MODIFIER=(base) PYTHONPATH=/home/ffelix07/Documents/LabRemo/Orchestrator/ros2_labremoto/build/hardware/prefix_override:/home/ffelix07/Documents/LabRemo/Orchestrator/ros2_labremoto/install/hardware/lib/python3.10/site-packages:${PYTHONPATH} /usr/bin/python3 setup.py egg_info --egg-base ../../build/hardware build --build-base /home/ffelix07/Documents/LabRemo/Orchestrator/ros2_labremoto/build/hardware/build install --record /home/ffelix07/Documents/LabRemo/Orchestrator/ros2_labremoto/build/hardware/install.log --single-version-externally-managed
[9.092s] Level 1:colcon.colcon_core.environment:create_environment_scripts_only(my_mas)
[9.158s] Level 1:colcon.colcon_core.environment:checking '/home/ffelix07/Documents/LabRemo/Orchestrator/ros2_labremoto/install/my_mas' for CMake module files
[9.162s] Level 1:colcon.colcon_core.environment:checking '/home/ffelix07/Documents/LabRemo/Orchestrator/ros2_labremoto/install/my_mas' for CMake config files
[9.164s] Level 1:colcon.colcon_core.shell:create_environment_hook('my_mas', 'cmake_prefix_path')
[9.240s] INFO:colcon.colcon_core.shell:Creating environment hook '/home/ffelix07/Documents/LabRemo/Orchestrator/ros2_labremoto/install/my_mas/share/my_mas/hook/cmake_prefix_path.ps1'
[9.242s] INFO:colcon.colcon_core.shell:Creating environment descriptor '/home/ffelix07/Documents/LabRemo/Orchestrator/ros2_labremoto/install/my_mas/share/my_mas/hook/cmake_prefix_path.dsv'
[9.245s] INFO:colcon.colcon_core.shell:Creating environment hook '/home/ffelix07/Documents/LabRemo/Orchestrator/ros2_labremoto/install/my_mas/share/my_mas/hook/cmake_prefix_path.sh'
[9.247s] Level 1:colcon.colcon_core.environment:checking '/home/ffelix07/Documents/LabRemo/Orchestrator/ros2_labremoto/install/my_mas/lib'
[9.247s] Level 1:colcon.colcon_core.shell:create_environment_hook('my_mas', 'ld_library_path_lib')
[9.330s] INFO:colcon.colcon_core.shell:Creating environment hook '/home/ffelix07/Documents/LabRemo/Orchestrator/ros2_labremoto/install/my_mas/share/my_mas/hook/ld_library_path_lib.ps1'
[9.332s] INFO:colcon.colcon_core.shell:Creating environment descriptor '/home/ffelix07/Documents/LabRemo/Orchestrator/ros2_labremoto/install/my_mas/share/my_mas/hook/ld_library_path_lib.dsv'
[9.335s] INFO:colcon.colcon_core.shell:Creating environment hook '/home/ffelix07/Documents/LabRemo/Orchestrator/ros2_labremoto/install/my_mas/share/my_mas/hook/ld_library_path_lib.sh'
[9.337s] Level 1:colcon.colcon_core.environment:checking '/home/ffelix07/Documents/LabRemo/Orchestrator/ros2_labremoto/install/my_mas/bin'
[9.338s] Level 1:colcon.colcon_core.environment:checking '/home/ffelix07/Documents/LabRemo/Orchestrator/ros2_labremoto/install/my_mas/lib/pkgconfig/my_mas.pc'
[9.339s] Level 1:colcon.colcon_core.environment:checking '/home/ffelix07/Documents/LabRemo/Orchestrator/ros2_labremoto/install/my_mas/lib/python3.10/site-packages'
[9.341s] Level 1:colcon.colcon_core.environment:checking '/home/ffelix07/Documents/LabRemo/Orchestrator/ros2_labremoto/install/my_mas/bin'
[9.410s] INFO:colcon.colcon_core.shell:Creating package script '/home/ffelix07/Documents/LabRemo/Orchestrator/ros2_labremoto/install/my_mas/share/my_mas/package.ps1'
[9.412s] INFO:colcon.colcon_core.shell:Creating package descriptor '/home/ffelix07/Documents/LabRemo/Orchestrator/ros2_labremoto/install/my_mas/share/my_mas/package.dsv'
[9.414s] INFO:colcon.colcon_core.shell:Creating package script '/home/ffelix07/Documents/LabRemo/Orchestrator/ros2_labremoto/install/my_mas/share/my_mas/package.sh'
[9.416s] INFO:colcon.colcon_core.shell:Creating package script '/home/ffelix07/Documents/LabRemo/Orchestrator/ros2_labremoto/install/my_mas/share/my_mas/package.bash'
[9.418s] INFO:colcon.colcon_core.shell:Creating package script '/home/ffelix07/Documents/LabRemo/Orchestrator/ros2_labremoto/install/my_mas/share/my_mas/package.zsh'
[9.420s] Level 1:colcon.colcon_core.environment:create_file_with_runtime_dependencies(/home/ffelix07/Documents/LabRemo/Orchestrator/ros2_labremoto/install/my_mas/share/colcon-core/packages/my_mas)
[9.423s] INFO:colcon.colcon_ros.task.ament_python.build:Building ROS package in '/home/ffelix07/Documents/LabRemo/Orchestrator/ros2_labremoto/src/py_pubsub' with build type 'ament_python'
[9.424s] Level 1:colcon.colcon_core.shell:create_environment_hook('py_pubsub', 'ament_prefix_path')
[9.493s] INFO:colcon.colcon_core.shell:Creating environment hook '/home/ffelix07/Documents/LabRemo/Orchestrator/ros2_labremoto/install/py_pubsub/share/py_pubsub/hook/ament_prefix_path.ps1'
[9.495s] INFO:colcon.colcon_core.shell:Creating environment descriptor '/home/ffelix07/Documents/LabRemo/Orchestrator/ros2_labremoto/install/py_pubsub/share/py_pubsub/hook/ament_prefix_path.dsv'
[9.497s] INFO:colcon.colcon_core.shell:Creating environment hook '/home/ffelix07/Documents/LabRemo/Orchestrator/ros2_labremoto/install/py_pubsub/share/py_pubsub/hook/ament_prefix_path.sh'
[9.595s] INFO:colcon.colcon_core.shell:Skip shell extension 'powershell' for command environment: Not usable outside of PowerShell
[9.596s] DEBUG:colcon.colcon_core.shell:Skip shell extension 'dsv' for command environment
[9.846s] DEBUG:colcon.colcon_core.event_handler.log_command:Invoked command in '/home/ffelix07/Documents/LabRemo/Orchestrator/ros2_labremoto/src/hardware' returned '0': CONDA_PROMPT_MODIFIER=(base) PYTHONPATH=/home/ffelix07/Documents/LabRemo/Orchestrator/ros2_labremoto/build/hardware/prefix_override:/home/ffelix07/Documents/LabRemo/Orchestrator/ros2_labremoto/install/hardware/lib/python3.10/site-packages:${PYTHONPATH} /usr/bin/python3 setup.py egg_info --egg-base ../../build/hardware build --build-base /home/ffelix07/Documents/LabRemo/Orchestrator/ros2_labremoto/build/hardware/build install --record /home/ffelix07/Documents/LabRemo/Orchestrator/ros2_labremoto/build/hardware/install.log --single-version-externally-managed
[9.903s] Level 1:colcon.colcon_core.environment:checking '/home/ffelix07/Documents/LabRemo/Orchestrator/ros2_labremoto/install/hardware' for CMake module files
[9.905s] Level 1:colcon.colcon_core.environment:checking '/home/ffelix07/Documents/LabRemo/Orchestrator/ros2_labremoto/install/hardware' for CMake config files
[9.906s] Level 1:colcon.colcon_core.environment:checking '/home/ffelix07/Documents/LabRemo/Orchestrator/ros2_labremoto/install/hardware/lib'
[9.907s] Level 1:colcon.colcon_core.environment:checking '/home/ffelix07/Documents/LabRemo/Orchestrator/ros2_labremoto/install/hardware/bin'
[9.907s] Level 1:colcon.colcon_core.environment:checking '/home/ffelix07/Documents/LabRemo/Orchestrator/ros2_labremoto/install/hardware/lib/pkgconfig/hardware.pc'
[9.908s] Level 1:colcon.colcon_core.environment:checking '/home/ffelix07/Documents/LabRemo/Orchestrator/ros2_labremoto/install/hardware/lib/python3.10/site-packages'
[9.909s] Level 1:colcon.colcon_core.shell:create_environment_hook('hardware', 'pythonpath')
[9.964s] INFO:colcon.colcon_core.shell:Creating environment hook '/home/ffelix07/Documents/LabRemo/Orchestrator/ros2_labremoto/install/hardware/share/hardware/hook/pythonpath.ps1'
[9.966s] INFO:colcon.colcon_core.shell:Creating environment descriptor '/home/ffelix07/Documents/LabRemo/Orchestrator/ros2_labremoto/install/hardware/share/hardware/hook/pythonpath.dsv'
[9.967s] INFO:colcon.colcon_core.shell:Creating environment hook '/home/ffelix07/Documents/LabRemo/Orchestrator/ros2_labremoto/install/hardware/share/hardware/hook/pythonpath.sh'
[9.970s] Level 1:colcon.colcon_core.environment:checking '/home/ffelix07/Documents/LabRemo/Orchestrator/ros2_labremoto/install/hardware/bin'
[9.970s] Level 1:colcon.colcon_core.environment:create_environment_scripts_only(hardware)
[10.021s] INFO:colcon.colcon_core.shell:Creating package script '/home/ffelix07/Documents/LabRemo/Orchestrator/ros2_labremoto/install/hardware/share/hardware/package.ps1'
[10.023s] INFO:colcon.colcon_core.shell:Creating package descriptor '/home/ffelix07/Documents/LabRemo/Orchestrator/ros2_labremoto/install/hardware/share/hardware/package.dsv'
[10.026s] INFO:colcon.colcon_core.shell:Creating package script '/home/ffelix07/Documents/LabRemo/Orchestrator/ros2_labremoto/install/hardware/share/hardware/package.sh'
[10.029s] INFO:colcon.colcon_core.shell:Creating package script '/home/ffelix07/Documents/LabRemo/Orchestrator/ros2_labremoto/install/hardware/share/hardware/package.bash'
[10.031s] INFO:colcon.colcon_core.shell:Creating package script '/home/ffelix07/Documents/LabRemo/Orchestrator/ros2_labremoto/install/hardware/share/hardware/package.zsh'
[10.033s] Level 1:colcon.colcon_core.environment:create_file_with_runtime_dependencies(/home/ffelix07/Documents/LabRemo/Orchestrator/ros2_labremoto/install/hardware/share/colcon-core/packages/hardware)
[10.984s] INFO:colcon.colcon_core.task.python.build:Building Python package in '/home/ffelix07/Documents/LabRemo/Orchestrator/ros2_labremoto/src/py_pubsub'
[11.037s] INFO:colcon.colcon_core.shell:Skip shell extension 'powershell' for command environment: Not usable outside of PowerShell
[11.037s] DEBUG:colcon.colcon_core.shell:Skip shell extension 'dsv' for command environment
[12.398s] DEBUG:colcon.colcon_core.event_handler.log_command:Invoking command in '/home/ffelix07/Documents/LabRemo/Orchestrator/ros2_labremoto/src/py_pubsub': CONDA_PROMPT_MODIFIER=(base) PYTHONPATH=/home/ffelix07/Documents/LabRemo/Orchestrator/ros2_labremoto/build/py_pubsub/prefix_override:/home/ffelix07/Documents/LabRemo/Orchestrator/ros2_labremoto/install/py_pubsub/lib/python3.10/site-packages:${PYTHONPATH} /usr/bin/python3 setup.py egg_info --egg-base ../../build/py_pubsub build --build-base /home/ffelix07/Documents/LabRemo/Orchestrator/ros2_labremoto/build/py_pubsub/build install --record /home/ffelix07/Documents/LabRemo/Orchestrator/ros2_labremoto/build/py_pubsub/install.log --single-version-externally-managed
[13.390s] DEBUG:colcon.colcon_core.event_handler.log_command:Invoked command in '/home/ffelix07/Documents/LabRemo/Orchestrator/ros2_labremoto/src/py_pubsub' returned '0': CONDA_PROMPT_MODIFIER=(base) PYTHONPATH=/home/ffelix07/Documents/LabRemo/Orchestrator/ros2_labremoto/build/py_pubsub/prefix_override:/home/ffelix07/Documents/LabRemo/Orchestrator/ros2_labremoto/install/py_pubsub/lib/python3.10/site-packages:${PYTHONPATH} /usr/bin/python3 setup.py egg_info --egg-base ../../build/py_pubsub build --build-base /home/ffelix07/Documents/LabRemo/Orchestrator/ros2_labremoto/build/py_pubsub/build install --record /home/ffelix07/Documents/LabRemo/Orchestrator/ros2_labremoto/build/py_pubsub/install.log --single-version-externally-managed
[13.436s] Level 1:colcon.colcon_core.environment:checking '/home/ffelix07/Documents/LabRemo/Orchestrator/ros2_labremoto/install/py_pubsub' for CMake module files
[13.438s] Level 1:colcon.colcon_core.environment:checking '/home/ffelix07/Documents/LabRemo/Orchestrator/ros2_labremoto/install/py_pubsub' for CMake config files
[13.439s] Level 1:colcon.colcon_core.environment:checking '/home/ffelix07/Documents/LabRemo/Orchestrator/ros2_labremoto/install/py_pubsub/lib'
[13.440s] Level 1:colcon.colcon_core.environment:checking '/home/ffelix07/Documents/LabRemo/Orchestrator/ros2_labremoto/install/py_pubsub/bin'
[13.440s] Level 1:colcon.colcon_core.environment:checking '/home/ffelix07/Documents/LabRemo/Orchestrator/ros2_labremoto/install/py_pubsub/lib/pkgconfig/py_pubsub.pc'
[13.441s] Level 1:colcon.colcon_core.environment:checking '/home/ffelix07/Documents/LabRemo/Orchestrator/ros2_labremoto/install/py_pubsub/lib/python3.10/site-packages'
[13.442s] Level 1:colcon.colcon_core.shell:create_environment_hook('py_pubsub', 'pythonpath')
[13.497s] INFO:colcon.colcon_core.shell:Creating environment hook '/home/ffelix07/Documents/LabRemo/Orchestrator/ros2_labremoto/install/py_pubsub/share/py_pubsub/hook/pythonpath.ps1'
[13.498s] INFO:colcon.colcon_core.shell:Creating environment descriptor '/home/ffelix07/Documents/LabRemo/Orchestrator/ros2_labremoto/install/py_pubsub/share/py_pubsub/hook/pythonpath.dsv'
[13.500s] INFO:colcon.colcon_core.shell:Creating environment hook '/home/ffelix07/Documents/LabRemo/Orchestrator/ros2_labremoto/install/py_pubsub/share/py_pubsub/hook/pythonpath.sh'
[13.502s] Level 1:colcon.colcon_core.environment:checking '/home/ffelix07/Documents/LabRemo/Orchestrator/ros2_labremoto/install/py_pubsub/bin'
[13.502s] Level 1:colcon.colcon_core.environment:create_environment_scripts_only(py_pubsub)
[13.584s] INFO:colcon.colcon_core.shell:Creating package script '/home/ffelix07/Documents/LabRemo/Orchestrator/ros2_labremoto/install/py_pubsub/share/py_pubsub/package.ps1'
[13.585s] INFO:colcon.colcon_core.shell:Creating package descriptor '/home/ffelix07/Documents/LabRemo/Orchestrator/ros2_labremoto/install/py_pubsub/share/py_pubsub/package.dsv'
[13.587s] INFO:colcon.colcon_core.shell:Creating package script '/home/ffelix07/Documents/LabRemo/Orchestrator/ros2_labremoto/install/py_pubsub/share/py_pubsub/package.sh'
[13.589s] INFO:colcon.colcon_core.shell:Creating package script '/home/ffelix07/Documents/LabRemo/Orchestrator/ros2_labremoto/install/py_pubsub/share/py_pubsub/package.bash'
[13.591s] INFO:colcon.colcon_core.shell:Creating package script '/home/ffelix07/Documents/LabRemo/Orchestrator/ros2_labremoto/install/py_pubsub/share/py_pubsub/package.zsh'
[13.592s] Level 1:colcon.colcon_core.environment:create_file_with_runtime_dependencies(/home/ffelix07/Documents/LabRemo/Orchestrator/ros2_labremoto/install/py_pubsub/share/colcon-core/packages/py_pubsub)
[13.593s] DEBUG:colcon.colcon_parallel_executor.executor.parallel:closing loop
[13.594s] DEBUG:colcon.colcon_parallel_executor.executor.parallel:loop closed
[13.595s] DEBUG:colcon.colcon_parallel_executor.executor.parallel:run_until_complete finished with '0'
[13.595s] DEBUG:colcon.colcon_core.event_reactor:joining thread
[13.686s] INFO:colcon.colcon_core.plugin_system:Skipping extension 'colcon_notification.desktop_notification.terminal_notifier': Not used on non-Darwin systems
[13.687s] INFO:colcon.colcon_core.plugin_system:Skipping extension 'colcon_notification.desktop_notification.win32': Not used on non-Windows systems
[13.687s] INFO:colcon.colcon_notification.desktop_notification:Sending desktop notification using 'notify2'
[13.848s] DEBUG:colcon.colcon_core.event_reactor:joined thread
[13.913s] INFO:colcon.colcon_core.shell:Creating prefix script '/home/ffelix07/Documents/LabRemo/Orchestrator/ros2_labremoto/install/local_setup.ps1'
[13.917s] INFO:colcon.colcon_core.shell:Creating prefix util module '/home/ffelix07/Documents/LabRemo/Orchestrator/ros2_labremoto/install/_local_setup_util_ps1.py'
[13.922s] INFO:colcon.colcon_core.shell:Creating prefix chain script '/home/ffelix07/Documents/LabRemo/Orchestrator/ros2_labremoto/install/setup.ps1'
[13.967s] INFO:colcon.colcon_core.shell:Creating prefix script '/home/ffelix07/Documents/LabRemo/Orchestrator/ros2_labremoto/install/local_setup.sh'
[13.969s] INFO:colcon.colcon_core.shell:Creating prefix util module '/home/ffelix07/Documents/LabRemo/Orchestrator/ros2_labremoto/install/_local_setup_util_sh.py'
[13.971s] INFO:colcon.colcon_core.shell:Creating prefix chain script '/home/ffelix07/Documents/LabRemo/Orchestrator/ros2_labremoto/install/setup.sh'
[14.018s] INFO:colcon.colcon_core.shell:Creating prefix script '/home/ffelix07/Documents/LabRemo/Orchestrator/ros2_labremoto/install/local_setup.bash'
[14.020s] INFO:colcon.colcon_core.shell:Creating prefix chain script '/home/ffelix07/Documents/LabRemo/Orchestrator/ros2_labremoto/install/setup.bash'
[14.065s] INFO:colcon.colcon_core.shell:Creating prefix script '/home/ffelix07/Documents/LabRemo/Orchestrator/ros2_labremoto/install/local_setup.zsh'
[14.067s] INFO:colcon.colcon_core.shell:Creating prefix chain script '/home/ffelix07/Documents/LabRemo/Orchestrator/ros2_labremoto/install/setup.zsh'
