[2.799s] Invoking command in '/home/ffelix07/Documents/LabRemo/Orchestrator/ros2_labremoto/src/launchstructure': PYTHONPATH=/home/ffelix07/Documents/LabRemo/Orchestrator/ros2_labremoto/build/launchstructure/prefix_override:/home/ffelix07/Documents/LabRemo/Orchestrator/ros2_labremoto/install/launchstructure/lib/python3.10/site-packages:${PYTHONPATH} /usr/bin/python3 setup.py egg_info --egg-base ../../build/launchstructure build --build-base /home/ffelix07/Documents/LabRemo/Orchestrator/ros2_labremoto/build/launchstructure/build install --record /home/ffelix07/Documents/LabRemo/Orchestrator/ros2_labremoto/build/launchstructure/install.log --single-version-externally-managed
[3.658s] running egg_info
[3.659s] writing ../../build/launchstructure/launchstructure.egg-info/PKG-INFO
[3.661s] writing dependency_links to ../../build/launchstructure/launchstructure.egg-info/dependency_links.txt
[3.663s] writing entry points to ../../build/launchstructure/launchstructure.egg-info/entry_points.txt
[3.663s] writing requirements to ../../build/launchstructure/launchstructure.egg-info/requires.txt
[3.664s] writing top-level names to ../../build/launchstructure/launchstructure.egg-info/top_level.txt
[3.669s] reading manifest file '../../build/launchstructure/launchstructure.egg-info/SOURCES.txt'
[3.677s] writing manifest file '../../build/launchstructure/launchstructure.egg-info/SOURCES.txt'
[3.678s] running build
[3.679s] running build_py
[3.679s] copying launchstructure/__init__.py -> /home/ffelix07/Documents/LabRemo/Orchestrator/ros2_labremoto/build/launchstructure/build/lib/launchstructure
[3.680s] copying launchstructure/iniciall.py -> /home/ffelix07/Documents/LabRemo/Orchestrator/ros2_labremoto/build/launchstructure/build/lib/launchstructure
[3.682s] running install
[3.685s] running install_lib
[3.686s] copying /home/ffelix07/Documents/LabRemo/Orchestrator/ros2_labremoto/build/launchstructure/build/lib/launchstructure/__init__.py -> /home/ffelix07/Documents/LabRemo/Orchestrator/ros2_labremoto/install/launchstructure/lib/python3.10/site-packages/launchstructure
[3.686s] copying /home/ffelix07/Documents/LabRemo/Orchestrator/ros2_labremoto/build/launchstructure/build/lib/launchstructure/iniciall.py -> /home/ffelix07/Documents/LabRemo/Orchestrator/ros2_labremoto/install/launchstructure/lib/python3.10/site-packages/launchstructure
[3.690s] byte-compiling /home/ffelix07/Documents/LabRemo/Orchestrator/ros2_labremoto/install/launchstructure/lib/python3.10/site-packages/launchstructure/__init__.py to __init__.cpython-310.pyc
[3.692s] byte-compiling /home/ffelix07/Documents/LabRemo/Orchestrator/ros2_labremoto/install/launchstructure/lib/python3.10/site-packages/launchstructure/iniciall.py to iniciall.cpython-310.pyc
[3.693s] running install_data
[3.694s] copying resource/launchstructure -> /home/ffelix07/Documents/LabRemo/Orchestrator/ros2_labremoto/install/launchstructure/share/ament_index/resource_index/packages
[3.695s] copying package.xml -> /home/ffelix07/Documents/LabRemo/Orchestrator/ros2_labremoto/install/launchstructure/share/launchstructure
[3.695s] running install_egg_info
[3.702s] removing '/home/ffelix07/Documents/LabRemo/Orchestrator/ros2_labremoto/install/launchstructure/lib/python3.10/site-packages/launchstructure-0.0.0-py3.10.egg-info' (and everything under it)
[3.703s] Copying ../../build/launchstructure/launchstructure.egg-info to /home/ffelix07/Documents/LabRemo/Orchestrator/ros2_labremoto/install/launchstructure/lib/python3.10/site-packages/launchstructure-0.0.0-py3.10.egg-info
[3.707s] running install_scripts
[3.765s] writing list of installed files to '/home/ffelix07/Documents/LabRemo/Orchestrator/ros2_labremoto/build/launchstructure/install.log'
[3.858s] Invoked command in '/home/ffelix07/Documents/LabRemo/Orchestrator/ros2_labremoto/src/launchstructure' returned '0': PYTHONPATH=/home/ffelix07/Documents/LabRemo/Orchestrator/ros2_labremoto/build/launchstructure/prefix_override:/home/ffelix07/Documents/LabRemo/Orchestrator/ros2_labremoto/install/launchstructure/lib/python3.10/site-packages:${PYTHONPATH} /usr/bin/python3 setup.py egg_info --egg-base ../../build/launchstructure build --build-base /home/ffelix07/Documents/LabRemo/Orchestrator/ros2_labremoto/build/launchstructure/build install --record /home/ffelix07/Documents/LabRemo/Orchestrator/ros2_labremoto/build/launchstructure/install.log --single-version-externally-managed
