[4.608s] Invoking command in '/home/ffelix07/Documents/LabRemo/Orchestrator/ros2_labremoto/src/nodes_comunication': PYTHONPATH=/home/ffelix07/Documents/LabRemo/build/nodes_comunication/prefix_override:/home/ffelix07/Documents/LabRemo/install/nodes_comunication/lib/python3.10/site-packages:${PYTHONPATH} /usr/bin/python3 setup.py egg_info --egg-base ../../../../build/nodes_comunication build --build-base /home/ffelix07/Documents/LabRemo/build/nodes_comunication/build install --record /home/ffelix07/Documents/LabRemo/build/nodes_comunication/install.log --single-version-externally-managed
[5.647s] running egg_info
[5.649s] writing ../../../../build/nodes_comunication/nodes_comunication.egg-info/PKG-INFO
[5.650s] writing dependency_links to ../../../../build/nodes_comunication/nodes_comunication.egg-info/dependency_links.txt
[5.651s] writing entry points to ../../../../build/nodes_comunication/nodes_comunication.egg-info/entry_points.txt
[5.653s] writing requirements to ../../../../build/nodes_comunication/nodes_comunication.egg-info/requires.txt
[5.653s] writing top-level names to ../../../../build/nodes_comunication/nodes_comunication.egg-info/top_level.txt
[5.659s] reading manifest file '../../../../build/nodes_comunication/nodes_comunication.egg-info/SOURCES.txt'
[5.663s] writing manifest file '../../../../build/nodes_comunication/nodes_comunication.egg-info/SOURCES.txt'
[5.663s] running build
[5.664s] running build_py
[5.664s] copying nodes_comunication/publisher_node.py -> /home/ffelix07/Documents/LabRemo/build/nodes_comunication/build/lib/nodes_comunication
[5.664s] running install
[5.665s] running install_lib
[5.669s] copying /home/ffelix07/Documents/LabRemo/build/nodes_comunication/build/lib/nodes_comunication/publisher_node.py -> /home/ffelix07/Documents/LabRemo/install/nodes_comunication/lib/python3.10/site-packages/nodes_comunication
[5.671s] byte-compiling /home/ffelix07/Documents/LabRemo/install/nodes_comunication/lib/python3.10/site-packages/nodes_comunication/publisher_node.py to publisher_node.cpython-310.pyc
[5.674s] running install_data
[5.674s] running install_egg_info
[5.680s] removing '/home/ffelix07/Documents/LabRemo/install/nodes_comunication/lib/python3.10/site-packages/nodes_comunication-0.0.0-py3.10.egg-info' (and everything under it)
[5.681s] Copying ../../../../build/nodes_comunication/nodes_comunication.egg-info to /home/ffelix07/Documents/LabRemo/install/nodes_comunication/lib/python3.10/site-packages/nodes_comunication-0.0.0-py3.10.egg-info
[5.686s] running install_scripts
[5.771s] Installing pub_node = nodes_comunication.publisher_node:mainpub_node_min script to /home/ffelix07/Documents/LabRemo/install/nodes_comunication/lib/nodes_comunication
[5.772s] writing list of installed files to '/home/ffelix07/Documents/LabRemo/build/nodes_comunication/install.log'
[5.903s] Invoked command in '/home/ffelix07/Documents/LabRemo/Orchestrator/ros2_labremoto/src/nodes_comunication' returned '0': PYTHONPATH=/home/ffelix07/Documents/LabRemo/build/nodes_comunication/prefix_override:/home/ffelix07/Documents/LabRemo/install/nodes_comunication/lib/python3.10/site-packages:${PYTHONPATH} /usr/bin/python3 setup.py egg_info --egg-base ../../../../build/nodes_comunication build --build-base /home/ffelix07/Documents/LabRemo/build/nodes_comunication/build install --record /home/ffelix07/Documents/LabRemo/build/nodes_comunication/install.log --single-version-externally-managed
