[0.083s] DEBUG:colcon:Command line arguments: ['/usr/bin/colcon', 'build']
[0.083s] DEBUG:colcon:Parsed command line arguments: Namespace(log_base=None, log_level=None, verb_name='build', build_base='build', install_base='install', merge_install=False, symlink_install=False, test_result_base=None, continue_on_error=False, executor='parallel', parallel_workers=8, event_handlers=None, ignore_user_meta=False, metas=['./colcon.meta'], base_paths=['.'], packages_ignore=None, packages_ignore_regex=None, paths=None, packages_up_to=None, packages_up_to_regex=None, packages_above=None, packages_above_and_dependencies=None, packages_above_depth=None, packages_select_by_dep=None, packages_skip_by_dep=None, packages_skip_up_to=None, packages_select_build_failed=False, packages_skip_build_finished=False, packages_select_test_failures=False, packages_skip_test_passed=False, packages_select=None, packages_skip=None, packages_select_regex=None, packages_skip_regex=None, packages_start=None, packages_end=None, allow_overriding=[], cmake_args=None, cmake_target=None, cmake_target_skip_unavailable=False, cmake_clean_cache=False, cmake_clean_first=False, cmake_force_configure=False, ament_cmake_args=None, catkin_cmake_args=None, catkin_skip_building_tests=False, verb_parser=<colcon_defaults.argument_parser.defaults.DefaultArgumentsDecorator object at 0x7f246e402650>, verb_extension=<colcon_core.verb.build.BuildVerb object at 0x7f246e6fb310>, main=<bound method BuildVerb.main of <colcon_core.verb.build.BuildVerb object at 0x7f246e6fb310>>)
[0.192s] Level 1:colcon.colcon_core.package_discovery:discover_packages(colcon_meta) check parameters
[0.192s] Level 1:colcon.colcon_core.package_discovery:discover_packages(recursive) check parameters
[0.192s] Level 1:colcon.colcon_core.package_discovery:discover_packages(ignore) check parameters
[0.192s] Level 1:colcon.colcon_core.package_discovery:discover_packages(path) check parameters
[0.192s] Level 1:colcon.colcon_core.package_discovery:discover_packages(colcon_meta) discover
[0.192s] Level 1:colcon.colcon_core.package_discovery:discover_packages(recursive) discover
[0.192s] INFO:colcon.colcon_core.package_discovery:Crawling recursively for packages in '/home/felix/Documentos/LabRemo/Orchestrator/Labremoto'
[0.192s] Level 1:colcon.colcon_core.package_identification:_identify(.) by extensions ['ignore', 'ignore_ament_install']
[0.192s] Level 1:colcon.colcon_core.package_identification:_identify(.) by extension 'ignore'
[0.192s] Level 1:colcon.colcon_core.package_identification:_identify(.) by extension 'ignore_ament_install'
[0.192s] Level 1:colcon.colcon_core.package_identification:_identify(.) by extensions ['colcon_pkg']
[0.192s] Level 1:colcon.colcon_core.package_identification:_identify(.) by extension 'colcon_pkg'
[0.192s] Level 1:colcon.colcon_core.package_identification:_identify(.) by extensions ['colcon_meta']
[0.192s] Level 1:colcon.colcon_core.package_identification:_identify(.) by extension 'colcon_meta'
[0.193s] Level 1:colcon.colcon_core.package_identification:_identify(.) by extensions ['ros']
[0.193s] Level 1:colcon.colcon_core.package_identification:_identify(.) by extension 'ros'
[0.202s] Level 1:colcon.colcon_core.package_identification:_identify(.) by extensions ['cmake', 'python']
[0.202s] Level 1:colcon.colcon_core.package_identification:_identify(.) by extension 'cmake'
[0.202s] Level 1:colcon.colcon_core.package_identification:_identify(.) by extension 'python'
[0.202s] Level 1:colcon.colcon_core.package_identification:_identify(.) by extensions ['python_setup_py']
[0.202s] Level 1:colcon.colcon_core.package_identification:_identify(.) by extension 'python_setup_py'
[0.202s] Level 1:colcon.colcon_core.package_identification:_identify(build) by extensions ['ignore', 'ignore_ament_install']
[0.202s] Level 1:colcon.colcon_core.package_identification:_identify(build) by extension 'ignore'
[0.202s] Level 1:colcon.colcon_core.package_identification:_identify(build) ignored
[0.203s] Level 1:colcon.colcon_core.package_identification:_identify(install) by extensions ['ignore', 'ignore_ament_install']
[0.203s] Level 1:colcon.colcon_core.package_identification:_identify(install) by extension 'ignore'
[0.203s] Level 1:colcon.colcon_core.package_identification:_identify(install) ignored
[0.203s] Level 1:colcon.colcon_core.package_identification:_identify(log) by extensions ['ignore', 'ignore_ament_install']
[0.203s] Level 1:colcon.colcon_core.package_identification:_identify(log) by extension 'ignore'
[0.203s] Level 1:colcon.colcon_core.package_identification:_identify(log) ignored
[0.203s] Level 1:colcon.colcon_core.package_identification:_identify(src) by extensions ['ignore', 'ignore_ament_install']
[0.203s] Level 1:colcon.colcon_core.package_identification:_identify(src) by extension 'ignore'
[0.203s] Level 1:colcon.colcon_core.package_identification:_identify(src) by extension 'ignore_ament_install'
[0.203s] Level 1:colcon.colcon_core.package_identification:_identify(src) by extensions ['colcon_pkg']
[0.203s] Level 1:colcon.colcon_core.package_identification:_identify(src) by extension 'colcon_pkg'
[0.203s] Level 1:colcon.colcon_core.package_identification:_identify(src) by extensions ['colcon_meta']
[0.203s] Level 1:colcon.colcon_core.package_identification:_identify(src) by extension 'colcon_meta'
[0.203s] Level 1:colcon.colcon_core.package_identification:_identify(src) by extensions ['ros']
[0.203s] Level 1:colcon.colcon_core.package_identification:_identify(src) by extension 'ros'
[0.203s] Level 1:colcon.colcon_core.package_identification:_identify(src) by extensions ['cmake', 'python']
[0.203s] Level 1:colcon.colcon_core.package_identification:_identify(src) by extension 'cmake'
[0.203s] Level 1:colcon.colcon_core.package_identification:_identify(src) by extension 'python'
[0.203s] Level 1:colcon.colcon_core.package_identification:_identify(src) by extensions ['python_setup_py']
[0.203s] Level 1:colcon.colcon_core.package_identification:_identify(src) by extension 'python_setup_py'
[0.203s] Level 1:colcon.colcon_core.package_identification:_identify(src/my_mas) by extensions ['ignore', 'ignore_ament_install']
[0.204s] Level 1:colcon.colcon_core.package_identification:_identify(src/my_mas) by extension 'ignore'
[0.204s] Level 1:colcon.colcon_core.package_identification:_identify(src/my_mas) by extension 'ignore_ament_install'
[0.204s] Level 1:colcon.colcon_core.package_identification:_identify(src/my_mas) by extensions ['colcon_pkg']
[0.204s] Level 1:colcon.colcon_core.package_identification:_identify(src/my_mas) by extension 'colcon_pkg'
[0.204s] Level 1:colcon.colcon_core.package_identification:_identify(src/my_mas) by extensions ['colcon_meta']
[0.204s] Level 1:colcon.colcon_core.package_identification:_identify(src/my_mas) by extension 'colcon_meta'
[0.204s] Level 1:colcon.colcon_core.package_identification:_identify(src/my_mas) by extensions ['ros']
[0.204s] Level 1:colcon.colcon_core.package_identification:_identify(src/my_mas) by extension 'ros'
[0.206s] DEBUG:colcon.colcon_core.package_identification:Package 'src/my_mas' with type 'ros.ament_cmake' and name 'my_mas'
[0.206s] Level 1:colcon.colcon_core.package_identification:_identify(src/py_pubsub) by extensions ['ignore', 'ignore_ament_install']
[0.206s] Level 1:colcon.colcon_core.package_identification:_identify(src/py_pubsub) by extension 'ignore'
[0.206s] Level 1:colcon.colcon_core.package_identification:_identify(src/py_pubsub) by extension 'ignore_ament_install'
[0.206s] Level 1:colcon.colcon_core.package_identification:_identify(src/py_pubsub) by extensions ['colcon_pkg']
[0.206s] Level 1:colcon.colcon_core.package_identification:_identify(src/py_pubsub) by extension 'colcon_pkg'
[0.206s] Level 1:colcon.colcon_core.package_identification:_identify(src/py_pubsub) by extensions ['colcon_meta']
[0.206s] Level 1:colcon.colcon_core.package_identification:_identify(src/py_pubsub) by extension 'colcon_meta'
[0.206s] Level 1:colcon.colcon_core.package_identification:_identify(src/py_pubsub) by extensions ['ros']
[0.206s] Level 1:colcon.colcon_core.package_identification:_identify(src/py_pubsub) by extension 'ros'
[0.207s] DEBUG:colcon.colcon_core.package_identification:Package 'src/py_pubsub' with type 'ros.ament_python' and name 'py_pubsub'
[0.207s] Level 1:colcon.colcon_core.package_discovery:discover_packages(recursive) using defaults
[0.207s] Level 1:colcon.colcon_core.package_discovery:discover_packages(ignore) discover
[0.207s] Level 1:colcon.colcon_core.package_discovery:discover_packages(ignore) using defaults
[0.207s] Level 1:colcon.colcon_core.package_discovery:discover_packages(path) discover
[0.207s] Level 1:colcon.colcon_core.package_discovery:discover_packages(path) using defaults
[0.224s] Level 1:colcon.colcon_core.package_discovery:discover_packages(prefix_path) check parameters
[0.224s] Level 1:colcon.colcon_core.package_discovery:discover_packages(prefix_path) discover
[0.226s] DEBUG:colcon.colcon_installed_package_information.package_discovery:Found 180 installed packages in /opt/ros/humble
[0.227s] Level 1:colcon.colcon_core.package_discovery:discover_packages(prefix_path) using defaults
[0.246s] Level 5:colcon.colcon_core.verb:set package 'my_mas' build argument 'cmake_args' from command line to 'None'
[0.246s] Level 5:colcon.colcon_core.verb:set package 'my_mas' build argument 'cmake_target' from command line to 'None'
[0.246s] Level 5:colcon.colcon_core.verb:set package 'my_mas' build argument 'cmake_target_skip_unavailable' from command line to 'False'
[0.246s] Level 5:colcon.colcon_core.verb:set package 'my_mas' build argument 'cmake_clean_cache' from command line to 'False'
[0.246s] Level 5:colcon.colcon_core.verb:set package 'my_mas' build argument 'cmake_clean_first' from command line to 'False'
[0.246s] Level 5:colcon.colcon_core.verb:set package 'my_mas' build argument 'cmake_force_configure' from command line to 'False'
[0.246s] Level 5:colcon.colcon_core.verb:set package 'my_mas' build argument 'ament_cmake_args' from command line to 'None'
[0.246s] Level 5:colcon.colcon_core.verb:set package 'my_mas' build argument 'catkin_cmake_args' from command line to 'None'
[0.246s] Level 5:colcon.colcon_core.verb:set package 'my_mas' build argument 'catkin_skip_building_tests' from command line to 'False'
[0.246s] DEBUG:colcon.colcon_core.verb:Building package 'my_mas' with the following arguments: {'ament_cmake_args': None, 'build_base': '/home/felix/Documentos/LabRemo/Orchestrator/Labremoto/build/my_mas', 'catkin_cmake_args': None, 'catkin_skip_building_tests': False, 'cmake_args': None, 'cmake_clean_cache': False, 'cmake_clean_first': False, 'cmake_force_configure': False, 'cmake_target': None, 'cmake_target_skip_unavailable': False, 'install_base': '/home/felix/Documentos/LabRemo/Orchestrator/Labremoto/install/my_mas', 'merge_install': False, 'path': '/home/felix/Documentos/LabRemo/Orchestrator/Labremoto/src/my_mas', 'symlink_install': False, 'test_result_base': None}
[0.246s] Level 5:colcon.colcon_core.verb:set package 'py_pubsub' build argument 'cmake_args' from command line to 'None'
[0.246s] Level 5:colcon.colcon_core.verb:set package 'py_pubsub' build argument 'cmake_target' from command line to 'None'
[0.246s] Level 5:colcon.colcon_core.verb:set package 'py_pubsub' build argument 'cmake_target_skip_unavailable' from command line to 'False'
[0.246s] Level 5:colcon.colcon_core.verb:set package 'py_pubsub' build argument 'cmake_clean_cache' from command line to 'False'
[0.246s] Level 5:colcon.colcon_core.verb:set package 'py_pubsub' build argument 'cmake_clean_first' from command line to 'False'
[0.246s] Level 5:colcon.colcon_core.verb:set package 'py_pubsub' build argument 'cmake_force_configure' from command line to 'False'
[0.246s] Level 5:colcon.colcon_core.verb:set package 'py_pubsub' build argument 'ament_cmake_args' from command line to 'None'
[0.246s] Level 5:colcon.colcon_core.verb:set package 'py_pubsub' build argument 'catkin_cmake_args' from command line to 'None'
[0.246s] Level 5:colcon.colcon_core.verb:set package 'py_pubsub' build argument 'catkin_skip_building_tests' from command line to 'False'
[0.246s] DEBUG:colcon.colcon_core.verb:Building package 'py_pubsub' with the following arguments: {'ament_cmake_args': None, 'build_base': '/home/felix/Documentos/LabRemo/Orchestrator/Labremoto/build/py_pubsub', 'catkin_cmake_args': None, 'catkin_skip_building_tests': False, 'cmake_args': None, 'cmake_clean_cache': False, 'cmake_clean_first': False, 'cmake_force_configure': False, 'cmake_target': None, 'cmake_target_skip_unavailable': False, 'install_base': '/home/felix/Documentos/LabRemo/Orchestrator/Labremoto/install/py_pubsub', 'merge_install': False, 'path': '/home/felix/Documentos/LabRemo/Orchestrator/Labremoto/src/py_pubsub', 'symlink_install': False, 'test_result_base': None}
[0.246s] INFO:colcon.colcon_core.executor:Executing jobs using 'parallel' executor
[0.247s] DEBUG:colcon.colcon_parallel_executor.executor.parallel:run_until_complete
[0.248s] INFO:colcon.colcon_ros.task.ament_cmake.build:Building ROS package in '/home/felix/Documentos/LabRemo/Orchestrator/Labremoto/src/my_mas' with build type 'ament_cmake'
[0.248s] INFO:colcon.colcon_cmake.task.cmake.build:Building CMake package in '/home/felix/Documentos/LabRemo/Orchestrator/Labremoto/src/my_mas'
[0.250s] INFO:colcon.colcon_core.plugin_system:Skipping extension 'colcon_core.shell.bat': Not used on non-Windows systems
[0.250s] INFO:colcon.colcon_core.shell:Skip shell extension 'powershell' for command environment: Not usable outside of PowerShell
[0.250s] DEBUG:colcon.colcon_core.shell:Skip shell extension 'dsv' for command environment
[0.260s] DEBUG:colcon.colcon_core.event_handler.log_command:Invoking command in '/home/felix/Documentos/LabRemo/Orchestrator/Labremoto/build/my_mas': CMAKE_PREFIX_PATH=/opt/ros/humble CONDA_PROMPT_MODIFIER=(Labremoto) /usr/bin/cmake --build /home/felix/Documentos/LabRemo/Orchestrator/Labremoto/build/my_mas -- -j8 -l8
[0.606s] DEBUG:colcon.colcon_core.event_handler.log_command:Invoked command in '/home/felix/Documentos/LabRemo/Orchestrator/Labremoto/build/my_mas' returned '0': CMAKE_PREFIX_PATH=/opt/ros/humble CONDA_PROMPT_MODIFIER=(Labremoto) /usr/bin/cmake --build /home/felix/Documentos/LabRemo/Orchestrator/Labremoto/build/my_mas -- -j8 -l8
[0.996s] DEBUG:colcon.colcon_core.event_handler.log_command:Invoking command in '/home/felix/Documentos/LabRemo/Orchestrator/Labremoto/build/my_mas': CMAKE_PREFIX_PATH=/opt/ros/humble CONDA_PROMPT_MODIFIER=(Labremoto) /usr/bin/cmake --install /home/felix/Documentos/LabRemo/Orchestrator/Labremoto/build/my_mas
[1.065s] Level 1:colcon.colcon_core.environment:create_environment_scripts_only(my_mas)
[1.066s] DEBUG:colcon.colcon_core.event_handler.log_command:Invoked command in '/home/felix/Documentos/LabRemo/Orchestrator/Labremoto/build/my_mas' returned '0': CMAKE_PREFIX_PATH=/opt/ros/humble CONDA_PROMPT_MODIFIER=(Labremoto) /usr/bin/cmake --install /home/felix/Documentos/LabRemo/Orchestrator/Labremoto/build/my_mas
[1.068s] Level 1:colcon.colcon_core.environment:checking '/home/felix/Documentos/LabRemo/Orchestrator/Labremoto/install/my_mas' for CMake module files
[1.068s] Level 1:colcon.colcon_core.environment:checking '/home/felix/Documentos/LabRemo/Orchestrator/Labremoto/install/my_mas' for CMake config files
[1.069s] Level 1:colcon.colcon_core.shell:create_environment_hook('my_mas', 'cmake_prefix_path')
[1.069s] INFO:colcon.colcon_core.shell:Creating environment hook '/home/felix/Documentos/LabRemo/Orchestrator/Labremoto/install/my_mas/share/my_mas/hook/cmake_prefix_path.ps1'
[1.070s] INFO:colcon.colcon_core.shell:Creating environment descriptor '/home/felix/Documentos/LabRemo/Orchestrator/Labremoto/install/my_mas/share/my_mas/hook/cmake_prefix_path.dsv'
[1.070s] INFO:colcon.colcon_core.shell:Creating environment hook '/home/felix/Documentos/LabRemo/Orchestrator/Labremoto/install/my_mas/share/my_mas/hook/cmake_prefix_path.sh'
[1.071s] Level 1:colcon.colcon_core.environment:checking '/home/felix/Documentos/LabRemo/Orchestrator/Labremoto/install/my_mas/lib'
[1.071s] Level 1:colcon.colcon_core.shell:create_environment_hook('my_mas', 'ld_library_path_lib')
[1.071s] INFO:colcon.colcon_core.shell:Creating environment hook '/home/felix/Documentos/LabRemo/Orchestrator/Labremoto/install/my_mas/share/my_mas/hook/ld_library_path_lib.ps1'
[1.071s] INFO:colcon.colcon_core.shell:Creating environment descriptor '/home/felix/Documentos/LabRemo/Orchestrator/Labremoto/install/my_mas/share/my_mas/hook/ld_library_path_lib.dsv'
[1.072s] INFO:colcon.colcon_core.shell:Creating environment hook '/home/felix/Documentos/LabRemo/Orchestrator/Labremoto/install/my_mas/share/my_mas/hook/ld_library_path_lib.sh'
[1.072s] Level 1:colcon.colcon_core.environment:checking '/home/felix/Documentos/LabRemo/Orchestrator/Labremoto/install/my_mas/bin'
[1.072s] Level 1:colcon.colcon_core.environment:checking '/home/felix/Documentos/LabRemo/Orchestrator/Labremoto/install/my_mas/lib/pkgconfig/my_mas.pc'
[1.072s] Level 1:colcon.colcon_core.environment:checking '/home/felix/Documentos/LabRemo/Orchestrator/Labremoto/install/my_mas/lib/python3.10/site-packages'
[1.072s] Level 1:colcon.colcon_core.environment:checking '/home/felix/Documentos/LabRemo/Orchestrator/Labremoto/install/my_mas/bin'
[1.072s] INFO:colcon.colcon_core.shell:Creating package script '/home/felix/Documentos/LabRemo/Orchestrator/Labremoto/install/my_mas/share/my_mas/package.ps1'
[1.073s] INFO:colcon.colcon_core.shell:Creating package descriptor '/home/felix/Documentos/LabRemo/Orchestrator/Labremoto/install/my_mas/share/my_mas/package.dsv'
[1.073s] INFO:colcon.colcon_core.shell:Creating package script '/home/felix/Documentos/LabRemo/Orchestrator/Labremoto/install/my_mas/share/my_mas/package.sh'
[1.074s] INFO:colcon.colcon_core.shell:Creating package script '/home/felix/Documentos/LabRemo/Orchestrator/Labremoto/install/my_mas/share/my_mas/package.bash'
[1.075s] INFO:colcon.colcon_core.shell:Creating package script '/home/felix/Documentos/LabRemo/Orchestrator/Labremoto/install/my_mas/share/my_mas/package.zsh'
[1.075s] Level 1:colcon.colcon_core.environment:create_file_with_runtime_dependencies(/home/felix/Documentos/LabRemo/Orchestrator/Labremoto/install/my_mas/share/colcon-core/packages/my_mas)
[1.449s] Level 1:colcon.colcon_core.environment:create_environment_scripts_only(my_mas)
[1.450s] Level 1:colcon.colcon_core.environment:checking '/home/felix/Documentos/LabRemo/Orchestrator/Labremoto/install/my_mas' for CMake module files
[1.450s] Level 1:colcon.colcon_core.environment:checking '/home/felix/Documentos/LabRemo/Orchestrator/Labremoto/install/my_mas' for CMake config files
[1.451s] Level 1:colcon.colcon_core.shell:create_environment_hook('my_mas', 'cmake_prefix_path')
[1.451s] INFO:colcon.colcon_core.shell:Creating environment hook '/home/felix/Documentos/LabRemo/Orchestrator/Labremoto/install/my_mas/share/my_mas/hook/cmake_prefix_path.ps1'
[1.452s] INFO:colcon.colcon_core.shell:Creating environment descriptor '/home/felix/Documentos/LabRemo/Orchestrator/Labremoto/install/my_mas/share/my_mas/hook/cmake_prefix_path.dsv'
[1.452s] INFO:colcon.colcon_core.shell:Creating environment hook '/home/felix/Documentos/LabRemo/Orchestrator/Labremoto/install/my_mas/share/my_mas/hook/cmake_prefix_path.sh'
[1.452s] Level 1:colcon.colcon_core.environment:checking '/home/felix/Documentos/LabRemo/Orchestrator/Labremoto/install/my_mas/lib'
[1.453s] Level 1:colcon.colcon_core.shell:create_environment_hook('my_mas', 'ld_library_path_lib')
[1.453s] INFO:colcon.colcon_core.shell:Creating environment hook '/home/felix/Documentos/LabRemo/Orchestrator/Labremoto/install/my_mas/share/my_mas/hook/ld_library_path_lib.ps1'
[1.453s] INFO:colcon.colcon_core.shell:Creating environment descriptor '/home/felix/Documentos/LabRemo/Orchestrator/Labremoto/install/my_mas/share/my_mas/hook/ld_library_path_lib.dsv'
[1.453s] INFO:colcon.colcon_core.shell:Creating environment hook '/home/felix/Documentos/LabRemo/Orchestrator/Labremoto/install/my_mas/share/my_mas/hook/ld_library_path_lib.sh'
[1.454s] Level 1:colcon.colcon_core.environment:checking '/home/felix/Documentos/LabRemo/Orchestrator/Labremoto/install/my_mas/bin'
[1.454s] Level 1:colcon.colcon_core.environment:checking '/home/felix/Documentos/LabRemo/Orchestrator/Labremoto/install/my_mas/lib/pkgconfig/my_mas.pc'
[1.454s] Level 1:colcon.colcon_core.environment:checking '/home/felix/Documentos/LabRemo/Orchestrator/Labremoto/install/my_mas/lib/python3.10/site-packages'
[1.454s] Level 1:colcon.colcon_core.environment:checking '/home/felix/Documentos/LabRemo/Orchestrator/Labremoto/install/my_mas/bin'
[1.454s] INFO:colcon.colcon_core.shell:Creating package script '/home/felix/Documentos/LabRemo/Orchestrator/Labremoto/install/my_mas/share/my_mas/package.ps1'
[1.455s] INFO:colcon.colcon_core.shell:Creating package descriptor '/home/felix/Documentos/LabRemo/Orchestrator/Labremoto/install/my_mas/share/my_mas/package.dsv'
[1.455s] INFO:colcon.colcon_core.shell:Creating package script '/home/felix/Documentos/LabRemo/Orchestrator/Labremoto/install/my_mas/share/my_mas/package.sh'
[1.455s] INFO:colcon.colcon_core.shell:Creating package script '/home/felix/Documentos/LabRemo/Orchestrator/Labremoto/install/my_mas/share/my_mas/package.bash'
[1.456s] INFO:colcon.colcon_core.shell:Creating package script '/home/felix/Documentos/LabRemo/Orchestrator/Labremoto/install/my_mas/share/my_mas/package.zsh'
[1.456s] Level 1:colcon.colcon_core.environment:create_file_with_runtime_dependencies(/home/felix/Documentos/LabRemo/Orchestrator/Labremoto/install/my_mas/share/colcon-core/packages/my_mas)
[1.457s] INFO:colcon.colcon_ros.task.ament_python.build:Building ROS package in '/home/felix/Documentos/LabRemo/Orchestrator/Labremoto/src/py_pubsub' with build type 'ament_python'
[1.457s] Level 1:colcon.colcon_core.shell:create_environment_hook('py_pubsub', 'ament_prefix_path')
[1.458s] INFO:colcon.colcon_core.shell:Creating environment hook '/home/felix/Documentos/LabRemo/Orchestrator/Labremoto/install/py_pubsub/share/py_pubsub/hook/ament_prefix_path.ps1'
[1.458s] INFO:colcon.colcon_core.shell:Creating environment descriptor '/home/felix/Documentos/LabRemo/Orchestrator/Labremoto/install/py_pubsub/share/py_pubsub/hook/ament_prefix_path.dsv'
[1.459s] INFO:colcon.colcon_core.shell:Creating environment hook '/home/felix/Documentos/LabRemo/Orchestrator/Labremoto/install/py_pubsub/share/py_pubsub/hook/ament_prefix_path.sh'
[1.460s] INFO:colcon.colcon_core.shell:Skip shell extension 'powershell' for command environment: Not usable outside of PowerShell
[1.460s] DEBUG:colcon.colcon_core.shell:Skip shell extension 'dsv' for command environment
[1.699s] INFO:colcon.colcon_core.task.python.build:Building Python package in '/home/felix/Documentos/LabRemo/Orchestrator/Labremoto/src/py_pubsub'
[1.699s] INFO:colcon.colcon_core.shell:Skip shell extension 'powershell' for command environment: Not usable outside of PowerShell
[1.699s] DEBUG:colcon.colcon_core.shell:Skip shell extension 'dsv' for command environment
[2.004s] DEBUG:colcon.colcon_core.event_handler.log_command:Invoking command in '/home/felix/Documentos/LabRemo/Orchestrator/Labremoto/src/py_pubsub': AMENT_PREFIX_PATH=/home/felix/Documentos/LabRemo/Orchestrator/Labremoto/install/my_mas:${AMENT_PREFIX_PATH} CMAKE_PREFIX_PATH=/home/felix/Documentos/LabRemo/Orchestrator/Labremoto/install/my_mas CONDA_PROMPT_MODIFIER=(Labremoto) LD_LIBRARY_PATH=/home/felix/Documentos/LabRemo/Orchestrator/Labremoto/install/my_mas/lib:${LD_LIBRARY_PATH} PYTHONPATH=/home/felix/Documentos/LabRemo/Orchestrator/Labremoto/build/py_pubsub/prefix_override:/home/felix/Documentos/LabRemo/Orchestrator/Labremoto/install/py_pubsub/lib/python3.10/site-packages:/home/felix/Documentos/LabRemo/Orchestrator/Labremoto/install/my_mas/local/lib/python3.10/dist-packages:${PYTHONPATH} /usr/bin/python3 -W ignore:setup.py install is deprecated setup.py egg_info --egg-base ../../build/py_pubsub build --build-base /home/felix/Documentos/LabRemo/Orchestrator/Labremoto/build/py_pubsub/build install --record /home/felix/Documentos/LabRemo/Orchestrator/Labremoto/build/py_pubsub/install.log --single-version-externally-managed install_data
[2.247s] Level 1:colcon.colcon_core.environment:checking '/home/felix/Documentos/LabRemo/Orchestrator/Labremoto/install/py_pubsub' for CMake module files
[2.248s] DEBUG:colcon.colcon_core.event_handler.log_command:Invoked command in '/home/felix/Documentos/LabRemo/Orchestrator/Labremoto/src/py_pubsub' returned '0': AMENT_PREFIX_PATH=/home/felix/Documentos/LabRemo/Orchestrator/Labremoto/install/my_mas:${AMENT_PREFIX_PATH} CMAKE_PREFIX_PATH=/home/felix/Documentos/LabRemo/Orchestrator/Labremoto/install/my_mas CONDA_PROMPT_MODIFIER=(Labremoto) LD_LIBRARY_PATH=/home/felix/Documentos/LabRemo/Orchestrator/Labremoto/install/my_mas/lib:${LD_LIBRARY_PATH} PYTHONPATH=/home/felix/Documentos/LabRemo/Orchestrator/Labremoto/build/py_pubsub/prefix_override:/home/felix/Documentos/LabRemo/Orchestrator/Labremoto/install/py_pubsub/lib/python3.10/site-packages:/home/felix/Documentos/LabRemo/Orchestrator/Labremoto/install/my_mas/local/lib/python3.10/dist-packages:${PYTHONPATH} /usr/bin/python3 -W ignore:setup.py install is deprecated setup.py egg_info --egg-base ../../build/py_pubsub build --build-base /home/felix/Documentos/LabRemo/Orchestrator/Labremoto/build/py_pubsub/build install --record /home/felix/Documentos/LabRemo/Orchestrator/Labremoto/build/py_pubsub/install.log --single-version-externally-managed install_data
[2.248s] Level 1:colcon.colcon_core.environment:checking '/home/felix/Documentos/LabRemo/Orchestrator/Labremoto/install/py_pubsub' for CMake config files
[2.249s] Level 1:colcon.colcon_core.environment:checking '/home/felix/Documentos/LabRemo/Orchestrator/Labremoto/install/py_pubsub/lib'
[2.249s] Level 1:colcon.colcon_core.environment:checking '/home/felix/Documentos/LabRemo/Orchestrator/Labremoto/install/py_pubsub/bin'
[2.249s] Level 1:colcon.colcon_core.environment:checking '/home/felix/Documentos/LabRemo/Orchestrator/Labremoto/install/py_pubsub/lib/pkgconfig/py_pubsub.pc'
[2.249s] Level 1:colcon.colcon_core.environment:checking '/home/felix/Documentos/LabRemo/Orchestrator/Labremoto/install/py_pubsub/lib/python3.10/site-packages'
[2.249s] Level 1:colcon.colcon_core.shell:create_environment_hook('py_pubsub', 'pythonpath')
[2.249s] INFO:colcon.colcon_core.shell:Creating environment hook '/home/felix/Documentos/LabRemo/Orchestrator/Labremoto/install/py_pubsub/share/py_pubsub/hook/pythonpath.ps1'
[2.250s] INFO:colcon.colcon_core.shell:Creating environment descriptor '/home/felix/Documentos/LabRemo/Orchestrator/Labremoto/install/py_pubsub/share/py_pubsub/hook/pythonpath.dsv'
[2.250s] INFO:colcon.colcon_core.shell:Creating environment hook '/home/felix/Documentos/LabRemo/Orchestrator/Labremoto/install/py_pubsub/share/py_pubsub/hook/pythonpath.sh'
[2.250s] Level 1:colcon.colcon_core.environment:checking '/home/felix/Documentos/LabRemo/Orchestrator/Labremoto/install/py_pubsub/bin'
[2.250s] Level 1:colcon.colcon_core.environment:create_environment_scripts_only(py_pubsub)
[2.251s] INFO:colcon.colcon_core.shell:Creating package script '/home/felix/Documentos/LabRemo/Orchestrator/Labremoto/install/py_pubsub/share/py_pubsub/package.ps1'
[2.251s] INFO:colcon.colcon_core.shell:Creating package descriptor '/home/felix/Documentos/LabRemo/Orchestrator/Labremoto/install/py_pubsub/share/py_pubsub/package.dsv'
[2.251s] INFO:colcon.colcon_core.shell:Creating package script '/home/felix/Documentos/LabRemo/Orchestrator/Labremoto/install/py_pubsub/share/py_pubsub/package.sh'
[2.252s] INFO:colcon.colcon_core.shell:Creating package script '/home/felix/Documentos/LabRemo/Orchestrator/Labremoto/install/py_pubsub/share/py_pubsub/package.bash'
[2.252s] INFO:colcon.colcon_core.shell:Creating package script '/home/felix/Documentos/LabRemo/Orchestrator/Labremoto/install/py_pubsub/share/py_pubsub/package.zsh'
[2.252s] Level 1:colcon.colcon_core.environment:create_file_with_runtime_dependencies(/home/felix/Documentos/LabRemo/Orchestrator/Labremoto/install/py_pubsub/share/colcon-core/packages/py_pubsub)
[2.252s] DEBUG:colcon.colcon_parallel_executor.executor.parallel:closing loop
[2.253s] DEBUG:colcon.colcon_parallel_executor.executor.parallel:loop closed
[2.253s] DEBUG:colcon.colcon_parallel_executor.executor.parallel:run_until_complete finished with '0'
[2.253s] DEBUG:colcon.colcon_core.event_reactor:joining thread
[2.257s] INFO:colcon.colcon_core.plugin_system:Skipping extension 'colcon_notification.desktop_notification.terminal_notifier': Not used on non-Darwin systems
[2.257s] INFO:colcon.colcon_core.plugin_system:Skipping extension 'colcon_notification.desktop_notification.win32': Not used on non-Windows systems
[2.257s] INFO:colcon.colcon_notification.desktop_notification:Sending desktop notification using 'notify2'
[2.274s] DEBUG:colcon.colcon_core.event_reactor:joined thread
[2.274s] INFO:colcon.colcon_core.shell:Creating prefix script '/home/felix/Documentos/LabRemo/Orchestrator/Labremoto/install/local_setup.ps1'
[2.275s] INFO:colcon.colcon_core.shell:Creating prefix util module '/home/felix/Documentos/LabRemo/Orchestrator/Labremoto/install/_local_setup_util_ps1.py'
[2.277s] INFO:colcon.colcon_core.shell:Creating prefix chain script '/home/felix/Documentos/LabRemo/Orchestrator/Labremoto/install/setup.ps1'
[2.279s] INFO:colcon.colcon_core.shell:Creating prefix script '/home/felix/Documentos/LabRemo/Orchestrator/Labremoto/install/local_setup.sh'
[2.280s] INFO:colcon.colcon_core.shell:Creating prefix util module '/home/felix/Documentos/LabRemo/Orchestrator/Labremoto/install/_local_setup_util_sh.py'
[2.282s] INFO:colcon.colcon_core.shell:Creating prefix chain script '/home/felix/Documentos/LabRemo/Orchestrator/Labremoto/install/setup.sh'
[2.283s] INFO:colcon.colcon_core.shell:Creating prefix script '/home/felix/Documentos/LabRemo/Orchestrator/Labremoto/install/local_setup.bash'
[2.283s] INFO:colcon.colcon_core.shell:Creating prefix chain script '/home/felix/Documentos/LabRemo/Orchestrator/Labremoto/install/setup.bash'
[2.284s] INFO:colcon.colcon_core.shell:Creating prefix script '/home/felix/Documentos/LabRemo/Orchestrator/Labremoto/install/local_setup.zsh'
[2.284s] INFO:colcon.colcon_core.shell:Creating prefix chain script '/home/felix/Documentos/LabRemo/Orchestrator/Labremoto/install/setup.zsh'
