[4.717s] Invoking command in '/home/ffelix07/Documents/LabRemo/Orchestrator/ros2_labremoto/src/py_pubsub': CONDA_PROMPT_MODIFIER=(base) PYTHONPATH=/home/ffelix07/Documents/LabRemo/Orchestrator/ros2_labremoto/build/py_pubsub/prefix_override:/home/ffelix07/Documents/LabRemo/Orchestrator/ros2_labremoto/install/py_pubsub/lib/python3.10/site-packages:${PYTHONPATH} /usr/bin/python3 setup.py egg_info --egg-base ../../build/py_pubsub build --build-base /home/ffelix07/Documents/LabRemo/Orchestrator/ros2_labremoto/build/py_pubsub/build install --record /home/ffelix07/Documents/LabRemo/Orchestrator/ros2_labremoto/build/py_pubsub/install.log --single-version-externally-managed
[5.749s] running egg_info
[5.838s] writing ../../build/py_pubsub/py_pubsub.egg-info/PKG-INFO
[5.840s] writing dependency_links to ../../build/py_pubsub/py_pubsub.egg-info/dependency_links.txt
[5.841s] writing entry points to ../../build/py_pubsub/py_pubsub.egg-info/entry_points.txt
[5.842s] writing requirements to ../../build/py_pubsub/py_pubsub.egg-info/requires.txt
[5.842s] writing top-level names to ../../build/py_pubsub/py_pubsub.egg-info/top_level.txt
[6.018s] reading manifest file '../../build/py_pubsub/py_pubsub.egg-info/SOURCES.txt'
[6.023s] writing manifest file '../../build/py_pubsub/py_pubsub.egg-info/SOURCES.txt'
[6.023s] running build
[6.023s] running build_py
[6.025s] copying py_pubsub/service_member_function.py -> /home/ffelix07/Documents/LabRemo/Orchestrator/ros2_labremoto/build/py_pubsub/build/lib/py_pubsub
[6.025s] copying py_pubsub/publisher_prueba.py -> /home/ffelix07/Documents/LabRemo/Orchestrator/ros2_labremoto/build/py_pubsub/build/lib/py_pubsub
[6.026s] copying py_pubsub/auditor_transacciones.py -> /home/ffelix07/Documents/LabRemo/Orchestrator/ros2_labremoto/build/py_pubsub/build/lib/py_pubsub
[6.027s] copying py_pubsub/arduino_infrastructure.py -> /home/ffelix07/Documents/LabRemo/Orchestrator/ros2_labremoto/build/py_pubsub/build/lib/py_pubsub
[6.028s] copying py_pubsub/arduino_inf_cliente.py -> /home/ffelix07/Documents/LabRemo/Orchestrator/ros2_labremoto/build/py_pubsub/build/lib/py_pubsub
[6.029s] copying py_pubsub/admin_transacciones.py -> /home/ffelix07/Documents/LabRemo/Orchestrator/ros2_labremoto/build/py_pubsub/build/lib/py_pubsub
[6.030s] copying py_pubsub/supervisor_operaciones.py -> /home/ffelix07/Documents/LabRemo/Orchestrator/ros2_labremoto/build/py_pubsub/build/lib/py_pubsub
[6.031s] copying py_pubsub/action_cliente_server.py -> /home/ffelix07/Documents/LabRemo/Orchestrator/ros2_labremoto/build/py_pubsub/build/lib/py_pubsub
[6.031s] copying py_pubsub/sesiones.py -> /home/ffelix07/Documents/LabRemo/Orchestrator/ros2_labremoto/build/py_pubsub/build/lib/py_pubsub
[6.032s] copying py_pubsub/admin_contratos.py -> /home/ffelix07/Documents/LabRemo/Orchestrator/ros2_labremoto/build/py_pubsub/build/lib/py_pubsub
[6.035s] running install
[6.035s] /home/ffelix07/.local/lib/python3.10/site-packages/setuptools/_distutils/cmd.py:66: SetuptoolsDeprecationWarning: setup.py install is deprecated.
[6.036s] !!
[6.036s] 
[6.037s]         ********************************************************************************
[6.037s]         Please avoid running ``setup.py`` directly.
[6.038s]         Instead, use pypa/build, pypa/installer or other
[6.038s]         standards-based tools.
[6.038s] 
[6.038s]         See https://blog.ganssle.io/articles/2021/10/setup-py-deprecated.html for details.
[6.039s]         ********************************************************************************
[6.040s] 
[6.040s] !!
[6.041s]   self.initialize_options()
[6.053s] running install_lib
[6.139s] copying /home/ffelix07/Documents/LabRemo/Orchestrator/ros2_labremoto/build/py_pubsub/build/lib/py_pubsub/auditor_transacciones.py -> /home/ffelix07/Documents/LabRemo/Orchestrator/ros2_labremoto/install/py_pubsub/lib/python3.10/site-packages/py_pubsub
[6.144s] byte-compiling /home/ffelix07/Documents/LabRemo/Orchestrator/ros2_labremoto/install/py_pubsub/lib/python3.10/site-packages/py_pubsub/auditor_transacciones.py to auditor_transacciones.cpython-310.pyc
[6.147s] running install_data
[6.231s] copying package.xml -> /home/ffelix07/Documents/LabRemo/Orchestrator/ros2_labremoto/install/py_pubsub/share/py_pubsub
[6.231s] copying launch/inicio.launch.py -> /home/ffelix07/Documents/LabRemo/Orchestrator/ros2_labremoto/install/py_pubsub/share/py_pubsub
[6.232s] copying launch/partes.launch.py -> /home/ffelix07/Documents/LabRemo/Orchestrator/ros2_labremoto/install/py_pubsub/share/py_pubsub
[6.232s] copying launch/action.launch.py -> /home/ffelix07/Documents/LabRemo/Orchestrator/ros2_labremoto/install/py_pubsub/share/py_pubsub
[6.233s] running install_egg_info
[6.328s] removing '/home/ffelix07/Documents/LabRemo/Orchestrator/ros2_labremoto/install/py_pubsub/lib/python3.10/site-packages/py_pubsub-0.0.0-py3.10.egg-info' (and everything under it)
[6.329s] Copying ../../build/py_pubsub/py_pubsub.egg-info to /home/ffelix07/Documents/LabRemo/Orchestrator/ros2_labremoto/install/py_pubsub/lib/python3.10/site-packages/py_pubsub-0.0.0-py3.10.egg-info
[6.332s] running install_scripts
[7.077s] Installing auditor_transacciones script to /home/ffelix07/Documents/LabRemo/Orchestrator/ros2_labremoto/install/py_pubsub/lib/py_pubsub
[7.078s] Installing supervisor_operaciones script to /home/ffelix07/Documents/LabRemo/Orchestrator/ros2_labremoto/install/py_pubsub/lib/py_pubsub
[7.082s] writing list of installed files to '/home/ffelix07/Documents/LabRemo/Orchestrator/ros2_labremoto/build/py_pubsub/install.log'
[7.173s] Invoked command in '/home/ffelix07/Documents/LabRemo/Orchestrator/ros2_labremoto/src/py_pubsub' returned '0': CONDA_PROMPT_MODIFIER=(base) PYTHONPATH=/home/ffelix07/Documents/LabRemo/Orchestrator/ros2_labremoto/build/py_pubsub/prefix_override:/home/ffelix07/Documents/LabRemo/Orchestrator/ros2_labremoto/install/py_pubsub/lib/python3.10/site-packages:${PYTHONPATH} /usr/bin/python3 setup.py egg_info --egg-base ../../build/py_pubsub build --build-base /home/ffelix07/Documents/LabRemo/Orchestrator/ros2_labremoto/build/py_pubsub/build install --record /home/ffelix07/Documents/LabRemo/Orchestrator/ros2_labremoto/build/py_pubsub/install.log --single-version-externally-managed
