[2.171s] Invoking command in '/home/ffelix07/Documents/LabRemo/build/ros2_actions': CMAKE_PREFIX_PATH=/home/ffelix07/Documents/LabRemo/Orchestrator/ros2_labremoto/install/nodes_comunication:/home/ffelix07/Documents/LabRemo/Orchestrator/ros2_labremoto/install/hardware:/opt/ros/humble /usr/bin/cmake --build /home/ffelix07/Documents/LabRemo/build/ros2_actions -- -j4 -l4
[2.455s] Invoked command in '/home/ffelix07/Documents/LabRemo/build/ros2_actions' returned '0': CMAKE_PREFIX_PATH=/home/ffelix07/Documents/LabRemo/Orchestrator/ros2_labremoto/install/nodes_comunication:/home/ffelix07/Documents/LabRemo/Orchestrator/ros2_labremoto/install/hardware:/opt/ros/humble /usr/bin/cmake --build /home/ffelix07/Documents/LabRemo/build/ros2_actions -- -j4 -l4
[2.609s] Invoking command in '/home/ffelix07/Documents/LabRemo/build/ros2_actions': CMAKE_PREFIX_PATH=/home/ffelix07/Documents/LabRemo/Orchestrator/ros2_labremoto/install/nodes_comunication:/home/ffelix07/Documents/LabRemo/Orchestrator/ros2_labremoto/install/hardware:/opt/ros/humble /usr/bin/cmake --install /home/ffelix07/Documents/LabRemo/build/ros2_actions
[2.643s] -- Install configuration: ""
[2.647s] -- Up-to-date: /home/ffelix07/Documents/LabRemo/install/ros2_actions/share/ament_index/resource_index/package_run_dependencies/ros2_actions
[2.649s] -- Up-to-date: /home/ffelix07/Documents/LabRemo/install/ros2_actions/share/ament_index/resource_index/parent_prefix_path/ros2_actions
[2.653s] -- Up-to-date: /home/ffelix07/Documents/LabRemo/install/ros2_actions/share/ros2_actions/environment/ament_prefix_path.sh
[2.653s] -- Up-to-date: /home/ffelix07/Documents/LabRemo/install/ros2_actions/share/ros2_actions/environment/ament_prefix_path.dsv
[2.654s] -- Up-to-date: /home/ffelix07/Documents/LabRemo/install/ros2_actions/share/ros2_actions/environment/path.sh
[2.654s] -- Up-to-date: /home/ffelix07/Documents/LabRemo/install/ros2_actions/share/ros2_actions/environment/path.dsv
[2.655s] -- Up-to-date: /home/ffelix07/Documents/LabRemo/install/ros2_actions/share/ros2_actions/local_setup.bash
[2.655s] -- Up-to-date: /home/ffelix07/Documents/LabRemo/install/ros2_actions/share/ros2_actions/local_setup.sh
[2.655s] -- Up-to-date: /home/ffelix07/Documents/LabRemo/install/ros2_actions/share/ros2_actions/local_setup.zsh
[2.655s] -- Up-to-date: /home/ffelix07/Documents/LabRemo/install/ros2_actions/share/ros2_actions/local_setup.dsv
[2.656s] -- Up-to-date: /home/ffelix07/Documents/LabRemo/install/ros2_actions/share/ros2_actions/package.dsv
[2.656s] -- Up-to-date: /home/ffelix07/Documents/LabRemo/install/ros2_actions/share/ament_index/resource_index/packages/ros2_actions
[2.656s] -- Up-to-date: /home/ffelix07/Documents/LabRemo/install/ros2_actions/share/ros2_actions/cmake/ros2_actionsConfig.cmake
[2.656s] -- Up-to-date: /home/ffelix07/Documents/LabRemo/install/ros2_actions/share/ros2_actions/cmake/ros2_actionsConfig-version.cmake
[2.661s] -- Up-to-date: /home/ffelix07/Documents/LabRemo/install/ros2_actions/share/ros2_actions/package.xml
[2.662s] Invoked command in '/home/ffelix07/Documents/LabRemo/build/ros2_actions' returned '0': CMAKE_PREFIX_PATH=/home/ffelix07/Documents/LabRemo/Orchestrator/ros2_labremoto/install/nodes_comunication:/home/ffelix07/Documents/LabRemo/Orchestrator/ros2_labremoto/install/hardware:/opt/ros/humble /usr/bin/cmake --install /home/ffelix07/Documents/LabRemo/build/ros2_actions
