/home/trabajo/LabRemo/labremoto_ws/install/py_pubsub/lib/python3.10/site-packages/py_pubsub/publisher_member_function.py
/home/trabajo/LabRemo/labremoto_ws/install/py_pubsub/lib/python3.10/site-packages/py_pubsub/SendTran_Service.py
/home/trabajo/LabRemo/labremoto_ws/install/py_pubsub/lib/python3.10/site-packages/py_pubsub/admin_transacciones.py
/home/trabajo/LabRemo/labremoto_ws/install/py_pubsub/lib/python3.10/site-packages/py_pubsub/admin_transacciones_entrada.py
/home/trabajo/LabRemo/labremoto_ws/install/py_pubsub/lib/python3.10/site-packages/py_pubsub/client_member_function.py
/home/trabajo/LabRemo/labremoto_ws/install/py_pubsub/lib/python3.10/site-packages/py_pubsub/arduino.py
/home/trabajo/LabRemo/labremoto_ws/install/py_pubsub/lib/python3.10/site-packages/py_pubsub/action_cliente_server.py
/home/trabajo/LabRemo/labremoto_ws/install/py_pubsub/lib/python3.10/site-packages/py_pubsub/fibonacci_action_server.py
/home/trabajo/LabRemo/labremoto_ws/install/py_pubsub/lib/python3.10/site-packages/py_pubsub/SendTran_Cliente.py
/home/trabajo/LabRemo/labremoto_ws/install/py_pubsub/lib/python3.10/site-packages/py_pubsub/admin_log_salida.py
/home/trabajo/LabRemo/labremoto_ws/install/py_pubsub/lib/python3.10/site-packages/py_pubsub/subscriber_member_function.py
/home/trabajo/LabRemo/labremoto_ws/install/py_pubsub/lib/python3.10/site-packages/py_pubsub/service_member_function.py
/home/trabajo/LabRemo/labremoto_ws/install/py_pubsub/lib/python3.10/site-packages/py_pubsub/auditor_transacciones.py
/home/trabajo/LabRemo/labremoto_ws/install/py_pubsub/lib/python3.10/site-packages/py_pubsub/transform_vhdl_bit.py
/home/trabajo/LabRemo/labremoto_ws/install/py_pubsub/lib/python3.10/site-packages/py_pubsub/sesiones.py
/home/trabajo/LabRemo/labremoto_ws/install/py_pubsub/lib/python3.10/site-packages/py_pubsub/arduino_inf_cliente.py
/home/trabajo/LabRemo/labremoto_ws/install/py_pubsub/lib/python3.10/site-packages/py_pubsub/__init__.py
/home/trabajo/LabRemo/labremoto_ws/install/py_pubsub/lib/python3.10/site-packages/py_pubsub/carga_bit.py
/home/trabajo/LabRemo/labremoto_ws/install/py_pubsub/lib/python3.10/site-packages/py_pubsub/publisher_prueba.py
/home/trabajo/LabRemo/labremoto_ws/install/py_pubsub/lib/python3.10/site-packages/py_pubsub/supervisor.py
/home/trabajo/LabRemo/labremoto_ws/install/py_pubsub/lib/python3.10/site-packages/py_pubsub/arduino_infrastructure.py
/home/trabajo/LabRemo/labremoto_ws/install/py_pubsub/lib/python3.10/site-packages/py_pubsub/publisher_transentrada.py
/home/trabajo/LabRemo/labremoto_ws/install/py_pubsub/lib/python3.10/site-packages/py_pubsub/carga_bit_cliente.py
/home/trabajo/LabRemo/labremoto_ws/install/py_pubsub/lib/python3.10/site-packages/py_pubsub/vhdlbit_cliente.py
/home/trabajo/LabRemo/labremoto_ws/install/py_pubsub/lib/python3.10/site-packages/py_pubsub/supervisor_operaciones.py
/home/trabajo/LabRemo/labremoto_ws/install/py_pubsub/lib/python3.10/site-packages/py_pubsub/admin_contratos.py
/home/trabajo/LabRemo/labremoto_ws/install/py_pubsub/lib/python3.10/site-packages/py_pubsub/publicador_prueba.py
/home/trabajo/LabRemo/labremoto_ws/install/py_pubsub/lib/python3.10/site-packages/py_pubsub/__pycache__/publisher_member_function.cpython-310.pyc
/home/trabajo/LabRemo/labremoto_ws/install/py_pubsub/lib/python3.10/site-packages/py_pubsub/__pycache__/SendTran_Service.cpython-310.pyc
/home/trabajo/LabRemo/labremoto_ws/install/py_pubsub/lib/python3.10/site-packages/py_pubsub/__pycache__/admin_transacciones.cpython-310.pyc
/home/trabajo/LabRemo/labremoto_ws/install/py_pubsub/lib/python3.10/site-packages/py_pubsub/__pycache__/admin_transacciones_entrada.cpython-310.pyc
/home/trabajo/LabRemo/labremoto_ws/install/py_pubsub/lib/python3.10/site-packages/py_pubsub/__pycache__/client_member_function.cpython-310.pyc
/home/trabajo/LabRemo/labremoto_ws/install/py_pubsub/lib/python3.10/site-packages/py_pubsub/__pycache__/arduino.cpython-310.pyc
/home/trabajo/LabRemo/labremoto_ws/install/py_pubsub/lib/python3.10/site-packages/py_pubsub/__pycache__/action_cliente_server.cpython-310.pyc
/home/trabajo/LabRemo/labremoto_ws/install/py_pubsub/lib/python3.10/site-packages/py_pubsub/__pycache__/fibonacci_action_server.cpython-310.pyc
/home/trabajo/LabRemo/labremoto_ws/install/py_pubsub/lib/python3.10/site-packages/py_pubsub/__pycache__/SendTran_Cliente.cpython-310.pyc
/home/trabajo/LabRemo/labremoto_ws/install/py_pubsub/lib/python3.10/site-packages/py_pubsub/__pycache__/admin_log_salida.cpython-310.pyc
/home/trabajo/LabRemo/labremoto_ws/install/py_pubsub/lib/python3.10/site-packages/py_pubsub/__pycache__/subscriber_member_function.cpython-310.pyc
/home/trabajo/LabRemo/labremoto_ws/install/py_pubsub/lib/python3.10/site-packages/py_pubsub/__pycache__/service_member_function.cpython-310.pyc
/home/trabajo/LabRemo/labremoto_ws/install/py_pubsub/lib/python3.10/site-packages/py_pubsub/__pycache__/auditor_transacciones.cpython-310.pyc
/home/trabajo/LabRemo/labremoto_ws/install/py_pubsub/lib/python3.10/site-packages/py_pubsub/__pycache__/transform_vhdl_bit.cpython-310.pyc
/home/trabajo/LabRemo/labremoto_ws/install/py_pubsub/lib/python3.10/site-packages/py_pubsub/__pycache__/sesiones.cpython-310.pyc
/home/trabajo/LabRemo/labremoto_ws/install/py_pubsub/lib/python3.10/site-packages/py_pubsub/__pycache__/arduino_inf_cliente.cpython-310.pyc
/home/trabajo/LabRemo/labremoto_ws/install/py_pubsub/lib/python3.10/site-packages/py_pubsub/__pycache__/__init__.cpython-310.pyc
/home/trabajo/LabRemo/labremoto_ws/install/py_pubsub/lib/python3.10/site-packages/py_pubsub/__pycache__/carga_bit.cpython-310.pyc
/home/trabajo/LabRemo/labremoto_ws/install/py_pubsub/lib/python3.10/site-packages/py_pubsub/__pycache__/publisher_prueba.cpython-310.pyc
/home/trabajo/LabRemo/labremoto_ws/install/py_pubsub/lib/python3.10/site-packages/py_pubsub/__pycache__/supervisor.cpython-310.pyc
/home/trabajo/LabRemo/labremoto_ws/install/py_pubsub/lib/python3.10/site-packages/py_pubsub/__pycache__/arduino_infrastructure.cpython-310.pyc
/home/trabajo/LabRemo/labremoto_ws/install/py_pubsub/lib/python3.10/site-packages/py_pubsub/__pycache__/publisher_transentrada.cpython-310.pyc
/home/trabajo/LabRemo/labremoto_ws/install/py_pubsub/lib/python3.10/site-packages/py_pubsub/__pycache__/carga_bit_cliente.cpython-310.pyc
/home/trabajo/LabRemo/labremoto_ws/install/py_pubsub/lib/python3.10/site-packages/py_pubsub/__pycache__/vhdlbit_cliente.cpython-310.pyc
/home/trabajo/LabRemo/labremoto_ws/install/py_pubsub/lib/python3.10/site-packages/py_pubsub/__pycache__/supervisor_operaciones.cpython-310.pyc
/home/trabajo/LabRemo/labremoto_ws/install/py_pubsub/lib/python3.10/site-packages/py_pubsub/__pycache__/admin_contratos.cpython-310.pyc
/home/trabajo/LabRemo/labremoto_ws/install/py_pubsub/lib/python3.10/site-packages/py_pubsub/__pycache__/publicador_prueba.cpython-310.pyc
/home/trabajo/LabRemo/labremoto_ws/install/py_pubsub/share/ament_index/resource_index/packages/py_pubsub
/home/trabajo/LabRemo/labremoto_ws/install/py_pubsub/share/py_pubsub/package.xml
/home/trabajo/LabRemo/labremoto_ws/install/py_pubsub/lib/python3.10/site-packages/py_pubsub-0.0.0-py3.10.egg-info/PKG-INFO
/home/trabajo/LabRemo/labremoto_ws/install/py_pubsub/lib/python3.10/site-packages/py_pubsub-0.0.0-py3.10.egg-info/top_level.txt
/home/trabajo/LabRemo/labremoto_ws/install/py_pubsub/lib/python3.10/site-packages/py_pubsub-0.0.0-py3.10.egg-info/requires.txt
/home/trabajo/LabRemo/labremoto_ws/install/py_pubsub/lib/python3.10/site-packages/py_pubsub-0.0.0-py3.10.egg-info/dependency_links.txt
/home/trabajo/LabRemo/labremoto_ws/install/py_pubsub/lib/python3.10/site-packages/py_pubsub-0.0.0-py3.10.egg-info/SOURCES.txt
/home/trabajo/LabRemo/labremoto_ws/install/py_pubsub/lib/python3.10/site-packages/py_pubsub-0.0.0-py3.10.egg-info/zip-safe
/home/trabajo/LabRemo/labremoto_ws/install/py_pubsub/lib/python3.10/site-packages/py_pubsub-0.0.0-py3.10.egg-info/entry_points.txt
/home/trabajo/LabRemo/labremoto_ws/install/py_pubsub/lib/py_pubsub/admin_contratos
/home/trabajo/LabRemo/labremoto_ws/install/py_pubsub/lib/py_pubsub/admin_log_salida
/home/trabajo/LabRemo/labremoto_ws/install/py_pubsub/lib/py_pubsub/admin_transacciones
/home/trabajo/LabRemo/labremoto_ws/install/py_pubsub/lib/py_pubsub/admin_transacciones_entrada
/home/trabajo/LabRemo/labremoto_ws/install/py_pubsub/lib/py_pubsub/arduino_inf_cliente
/home/trabajo/LabRemo/labremoto_ws/install/py_pubsub/lib/py_pubsub/arduino_infrastructure
/home/trabajo/LabRemo/labremoto_ws/install/py_pubsub/lib/py_pubsub/auditor_transacciones
/home/trabajo/LabRemo/labremoto_ws/install/py_pubsub/lib/py_pubsub/publisher_prueba
/home/trabajo/LabRemo/labremoto_ws/install/py_pubsub/lib/py_pubsub/publisher_transentrada
/home/trabajo/LabRemo/labremoto_ws/install/py_pubsub/lib/py_pubsub/supervisor_operaciones
/home/trabajo/LabRemo/labremoto_ws/install/py_pubsub/lib/py_pubsub/transform_vhdl_bit
/home/trabajo/LabRemo/labremoto_ws/install/py_pubsub/lib/py_pubsub/vhdlbit_cliente
