[0.424s] Invoking command in '/home/trabajo/LabRemo/Orchestrator/ros2_labremoto/src/py_pubsub': AMENT_PREFIX_PATH=/home/trabajo/LabRemo/Orchestrator/ros2_labremoto/install/my_mas:${AMENT_PREFIX_PATH} CMAKE_PREFIX_PATH=/home/trabajo/LabRemo/Orchestrator/ros2_labremoto/install/my_mas LANG=en_US.UTF-8 LD_LIBRARY_PATH=/home/trabajo/LabRemo/Orchestrator/ros2_labremoto/install/my_mas/lib:${LD_LIBRARY_PATH} PYTHONPATH=/home/trabajo/LabRemo/Orchestrator/ros2_labremoto/build/py_pubsub/prefix_override:/home/trabajo/LabRemo/Orchestrator/ros2_labremoto/install/py_pubsub/lib/python3.10/site-packages:/home/trabajo/LabRemo/Orchestrator/ros2_labremoto/install/my_mas/local/lib/python3.10/dist-packages:${PYTHONPATH} /usr/bin/python3 setup.py egg_info --egg-base ../../build/py_pubsub build --build-base /home/trabajo/LabRemo/Orchestrator/ros2_labremoto/build/py_pubsub/build install --record /home/trabajo/LabRemo/Orchestrator/ros2_labremoto/build/py_pubsub/install.log --single-version-externally-managed
[0.583s] running egg_info
[0.583s] writing ../../build/py_pubsub/py_pubsub.egg-info/PKG-INFO
[0.583s] writing dependency_links to ../../build/py_pubsub/py_pubsub.egg-info/dependency_links.txt
[0.584s] writing entry points to ../../build/py_pubsub/py_pubsub.egg-info/entry_points.txt
[0.584s] writing requirements to ../../build/py_pubsub/py_pubsub.egg-info/requires.txt
[0.584s] writing top-level names to ../../build/py_pubsub/py_pubsub.egg-info/top_level.txt
[0.586s] reading manifest file '../../build/py_pubsub/py_pubsub.egg-info/SOURCES.txt'
[0.587s] writing manifest file '../../build/py_pubsub/py_pubsub.egg-info/SOURCES.txt'
[0.587s] running build
[0.587s] running build_py
[0.588s] running install
[0.588s] running install_lib
[0.589s] running install_data
[0.590s] running install_egg_info
[0.591s] removing '/home/trabajo/LabRemo/Orchestrator/ros2_labremoto/install/py_pubsub/lib/python3.10/site-packages/py_pubsub-0.0.0-py3.10.egg-info' (and everything under it)
[0.592s] Copying ../../build/py_pubsub/py_pubsub.egg-info to /home/trabajo/LabRemo/Orchestrator/ros2_labremoto/install/py_pubsub/lib/python3.10/site-packages/py_pubsub-0.0.0-py3.10.egg-info
[0.593s] running install_scripts
[0.607s] Installing arduino_inf_cliente script to /home/trabajo/LabRemo/Orchestrator/ros2_labremoto/install/py_pubsub/lib/py_pubsub
[0.607s] Installing arduino_infrastructure script to /home/trabajo/LabRemo/Orchestrator/ros2_labremoto/install/py_pubsub/lib/py_pubsub
[0.607s] Installing client_member_function script to /home/trabajo/LabRemo/Orchestrator/ros2_labremoto/install/py_pubsub/lib/py_pubsub
[0.608s] Installing fibonacci_action_server script to /home/trabajo/LabRemo/Orchestrator/ros2_labremoto/install/py_pubsub/lib/py_pubsub
[0.608s] Installing publisher_member_function script to /home/trabajo/LabRemo/Orchestrator/ros2_labremoto/install/py_pubsub/lib/py_pubsub
[0.608s] Installing service_member_function script to /home/trabajo/LabRemo/Orchestrator/ros2_labremoto/install/py_pubsub/lib/py_pubsub
[0.608s] Installing subscriber_member_function script to /home/trabajo/LabRemo/Orchestrator/ros2_labremoto/install/py_pubsub/lib/py_pubsub
[0.608s] writing list of installed files to '/home/trabajo/LabRemo/Orchestrator/ros2_labremoto/build/py_pubsub/install.log'
[0.628s] Invoked command in '/home/trabajo/LabRemo/Orchestrator/ros2_labremoto/src/py_pubsub' returned '0': AMENT_PREFIX_PATH=/home/trabajo/LabRemo/Orchestrator/ros2_labremoto/install/my_mas:${AMENT_PREFIX_PATH} CMAKE_PREFIX_PATH=/home/trabajo/LabRemo/Orchestrator/ros2_labremoto/install/my_mas LANG=en_US.UTF-8 LD_LIBRARY_PATH=/home/trabajo/LabRemo/Orchestrator/ros2_labremoto/install/my_mas/lib:${LD_LIBRARY_PATH} PYTHONPATH=/home/trabajo/LabRemo/Orchestrator/ros2_labremoto/build/py_pubsub/prefix_override:/home/trabajo/LabRemo/Orchestrator/ros2_labremoto/install/py_pubsub/lib/python3.10/site-packages:/home/trabajo/LabRemo/Orchestrator/ros2_labremoto/install/my_mas/local/lib/python3.10/dist-packages:${PYTHONPATH} /usr/bin/python3 setup.py egg_info --egg-base ../../build/py_pubsub build --build-base /home/trabajo/LabRemo/Orchestrator/ros2_labremoto/build/py_pubsub/build install --record /home/trabajo/LabRemo/Orchestrator/ros2_labremoto/build/py_pubsub/install.log --single-version-externally-managed
