[4.895s] Invoking command in '/home/ffelix07/Documents/LabRemo/Orchestrator/ros2_labremoto/src/py_pubsub': CONDA_PROMPT_MODIFIER=(base) PYTHONPATH=/home/ffelix07/Documents/LabRemo/build/py_pubsub/prefix_override:/home/ffelix07/Documents/LabRemo/install/py_pubsub/lib/python3.10/site-packages:${PYTHONPATH} /usr/bin/python3 setup.py egg_info --egg-base ../../../../build/py_pubsub build --build-base /home/ffelix07/Documents/LabRemo/build/py_pubsub/build install --record /home/ffelix07/Documents/LabRemo/build/py_pubsub/install.log --single-version-externally-managed
[5.963s] running egg_info
[6.054s] writing ../../../../build/py_pubsub/py_pubsub.egg-info/PKG-INFO
[6.055s] writing dependency_links to ../../../../build/py_pubsub/py_pubsub.egg-info/dependency_links.txt
[6.056s] writing entry points to ../../../../build/py_pubsub/py_pubsub.egg-info/entry_points.txt
[6.058s] writing requirements to ../../../../build/py_pubsub/py_pubsub.egg-info/requires.txt
[6.059s] writing top-level names to ../../../../build/py_pubsub/py_pubsub.egg-info/top_level.txt
[6.246s] reading manifest file '../../../../build/py_pubsub/py_pubsub.egg-info/SOURCES.txt'
[6.251s] writing manifest file '../../../../build/py_pubsub/py_pubsub.egg-info/SOURCES.txt'
[6.251s] running build
[6.252s] running build_py
[6.254s] copying py_pubsub/fibonacci_action_server.py -> /home/ffelix07/Documents/LabRemo/build/py_pubsub/build/lib/py_pubsub
[6.256s] copying py_pubsub/service_member_function.py -> /home/ffelix07/Documents/LabRemo/build/py_pubsub/build/lib/py_pubsub
[6.257s] copying py_pubsub/publisher_prueba.py -> /home/ffelix07/Documents/LabRemo/build/py_pubsub/build/lib/py_pubsub
[6.259s] copying py_pubsub/auditor_transacciones.py -> /home/ffelix07/Documents/LabRemo/build/py_pubsub/build/lib/py_pubsub
[6.260s] copying py_pubsub/arduino_infrastructure.py -> /home/ffelix07/Documents/LabRemo/build/py_pubsub/build/lib/py_pubsub
[6.262s] copying py_pubsub/subscriber_member_function.py -> /home/ffelix07/Documents/LabRemo/build/py_pubsub/build/lib/py_pubsub
[6.263s] copying py_pubsub/__init__.py -> /home/ffelix07/Documents/LabRemo/build/py_pubsub/build/lib/py_pubsub
[6.264s] copying py_pubsub/carga_bit.py -> /home/ffelix07/Documents/LabRemo/build/py_pubsub/build/lib/py_pubsub
[6.268s] copying py_pubsub/arduino.py -> /home/ffelix07/Documents/LabRemo/build/py_pubsub/build/lib/py_pubsub
[6.271s] copying py_pubsub/arduino_inf_cliente.py -> /home/ffelix07/Documents/LabRemo/build/py_pubsub/build/lib/py_pubsub
[6.272s] copying py_pubsub/transform_vhdl_bit.py -> /home/ffelix07/Documents/LabRemo/build/py_pubsub/build/lib/py_pubsub
[6.272s] copying py_pubsub/admin_transacciones.py -> /home/ffelix07/Documents/LabRemo/build/py_pubsub/build/lib/py_pubsub
[6.274s] copying py_pubsub/SendTran_Cliente.py -> /home/ffelix07/Documents/LabRemo/build/py_pubsub/build/lib/py_pubsub
[6.275s] copying py_pubsub/supervisor_operaciones.py -> /home/ffelix07/Documents/LabRemo/build/py_pubsub/build/lib/py_pubsub
[6.276s] copying py_pubsub/publicador_prueba.py -> /home/ffelix07/Documents/LabRemo/build/py_pubsub/build/lib/py_pubsub
[6.278s] copying py_pubsub/action_cliente_server.py -> /home/ffelix07/Documents/LabRemo/build/py_pubsub/build/lib/py_pubsub
[6.279s] copying py_pubsub/client_member_function.py -> /home/ffelix07/Documents/LabRemo/build/py_pubsub/build/lib/py_pubsub
[6.280s] copying py_pubsub/sesiones.py -> /home/ffelix07/Documents/LabRemo/build/py_pubsub/build/lib/py_pubsub
[6.282s] copying py_pubsub/SendTran_Service.py -> /home/ffelix07/Documents/LabRemo/build/py_pubsub/build/lib/py_pubsub
[6.282s] copying py_pubsub/publisher_member_function.py -> /home/ffelix07/Documents/LabRemo/build/py_pubsub/build/lib/py_pubsub
[6.283s] copying py_pubsub/admin_contratos.py -> /home/ffelix07/Documents/LabRemo/build/py_pubsub/build/lib/py_pubsub
[6.286s] running install
[6.287s] /home/ffelix07/.local/lib/python3.10/site-packages/setuptools/_distutils/cmd.py:66: SetuptoolsDeprecationWarning: setup.py install is deprecated.
[6.288s] !!
[6.288s] 
[6.288s]         ********************************************************************************
[6.288s]         Please avoid running ``setup.py`` directly.
[6.289s]         Instead, use pypa/build, pypa/installer or other
[6.289s]         standards-based tools.
[6.289s] 
[6.290s]         See https://blog.ganssle.io/articles/2021/10/setup-py-deprecated.html for details.
[6.290s]         ********************************************************************************
[6.290s] 
[6.290s] !!
[6.290s]   self.initialize_options()
[6.304s] running install_lib
[6.401s] copying /home/ffelix07/Documents/LabRemo/build/py_pubsub/build/lib/py_pubsub/supervisor_operaciones.py -> /home/ffelix07/Documents/LabRemo/install/py_pubsub/lib/python3.10/site-packages/py_pubsub
[6.405s] byte-compiling /home/ffelix07/Documents/LabRemo/install/py_pubsub/lib/python3.10/site-packages/py_pubsub/supervisor_operaciones.py to supervisor_operaciones.cpython-310.pyc
[6.408s] running install_data
[6.513s] copying resource/py_pubsub -> /home/ffelix07/Documents/LabRemo/install/py_pubsub/share/ament_index/resource_index/packages
[6.514s] copying package.xml -> /home/ffelix07/Documents/LabRemo/install/py_pubsub/share/py_pubsub
[6.515s] copying launch/inicio.launch.py -> /home/ffelix07/Documents/LabRemo/install/py_pubsub/share/py_pubsub
[6.516s] copying launch/partes.launch.py -> /home/ffelix07/Documents/LabRemo/install/py_pubsub/share/py_pubsub
[6.517s] copying launch/action.launch.py -> /home/ffelix07/Documents/LabRemo/install/py_pubsub/share/py_pubsub
[6.519s] running install_egg_info
[6.633s] removing '/home/ffelix07/Documents/LabRemo/install/py_pubsub/lib/python3.10/site-packages/py_pubsub-0.0.0-py3.10.egg-info' (and everything under it)
[6.634s] Copying ../../../../build/py_pubsub/py_pubsub.egg-info to /home/ffelix07/Documents/LabRemo/install/py_pubsub/lib/python3.10/site-packages/py_pubsub-0.0.0-py3.10.egg-info
[6.638s] running install_scripts
[7.438s] Installing admin_transacciones script to /home/ffelix07/Documents/LabRemo/install/py_pubsub/lib/py_pubsub
[7.439s] Installing auditor_transacciones script to /home/ffelix07/Documents/LabRemo/install/py_pubsub/lib/py_pubsub
[7.439s] Installing supervisor_operaciones script to /home/ffelix07/Documents/LabRemo/install/py_pubsub/lib/py_pubsub
[7.442s] writing list of installed files to '/home/ffelix07/Documents/LabRemo/build/py_pubsub/install.log'
[7.542s] Invoked command in '/home/ffelix07/Documents/LabRemo/Orchestrator/ros2_labremoto/src/py_pubsub' returned '0': CONDA_PROMPT_MODIFIER=(base) PYTHONPATH=/home/ffelix07/Documents/LabRemo/build/py_pubsub/prefix_override:/home/ffelix07/Documents/LabRemo/install/py_pubsub/lib/python3.10/site-packages:${PYTHONPATH} /usr/bin/python3 setup.py egg_info --egg-base ../../../../build/py_pubsub build --build-base /home/ffelix07/Documents/LabRemo/build/py_pubsub/build install --record /home/ffelix07/Documents/LabRemo/build/py_pubsub/install.log --single-version-externally-managed
