/home/trabajo/LabRemo/install/py_pubsub/lib/python3.10/site-packages/py_pubsub/sesiones.py
/home/trabajo/LabRemo/install/py_pubsub/lib/python3.10/site-packages/py_pubsub/SendTran_Cliente.py
/home/trabajo/LabRemo/install/py_pubsub/lib/python3.10/site-packages/py_pubsub/arduino.py
/home/trabajo/LabRemo/install/py_pubsub/lib/python3.10/site-packages/py_pubsub/publisher_member_function.py
/home/trabajo/LabRemo/install/py_pubsub/lib/python3.10/site-packages/py_pubsub/service_member_function.py
/home/trabajo/LabRemo/install/py_pubsub/lib/python3.10/site-packages/py_pubsub/fibonacci_action_server.py
/home/trabajo/LabRemo/install/py_pubsub/lib/python3.10/site-packages/py_pubsub/__init__.py
/home/trabajo/LabRemo/install/py_pubsub/lib/python3.10/site-packages/py_pubsub/SendTran_Service.py
/home/trabajo/LabRemo/install/py_pubsub/lib/python3.10/site-packages/py_pubsub/arduino_infrastructure.py
/home/trabajo/LabRemo/install/py_pubsub/lib/python3.10/site-packages/py_pubsub/subscriber_member_function.py
/home/trabajo/LabRemo/install/py_pubsub/lib/python3.10/site-packages/py_pubsub/arduino_inf_cliente.py
/home/trabajo/LabRemo/install/py_pubsub/lib/python3.10/site-packages/py_pubsub/client_member_function.py
/home/trabajo/LabRemo/install/py_pubsub/lib/python3.10/site-packages/py_pubsub/__pycache__/sesiones.cpython-310.pyc
/home/trabajo/LabRemo/install/py_pubsub/lib/python3.10/site-packages/py_pubsub/__pycache__/SendTran_Cliente.cpython-310.pyc
/home/trabajo/LabRemo/install/py_pubsub/lib/python3.10/site-packages/py_pubsub/__pycache__/arduino.cpython-310.pyc
/home/trabajo/LabRemo/install/py_pubsub/lib/python3.10/site-packages/py_pubsub/__pycache__/publisher_member_function.cpython-310.pyc
/home/trabajo/LabRemo/install/py_pubsub/lib/python3.10/site-packages/py_pubsub/__pycache__/service_member_function.cpython-310.pyc
/home/trabajo/LabRemo/install/py_pubsub/lib/python3.10/site-packages/py_pubsub/__pycache__/fibonacci_action_server.cpython-310.pyc
/home/trabajo/LabRemo/install/py_pubsub/lib/python3.10/site-packages/py_pubsub/__pycache__/__init__.cpython-310.pyc
/home/trabajo/LabRemo/install/py_pubsub/lib/python3.10/site-packages/py_pubsub/__pycache__/SendTran_Service.cpython-310.pyc
/home/trabajo/LabRemo/install/py_pubsub/lib/python3.10/site-packages/py_pubsub/__pycache__/arduino_infrastructure.cpython-310.pyc
/home/trabajo/LabRemo/install/py_pubsub/lib/python3.10/site-packages/py_pubsub/__pycache__/subscriber_member_function.cpython-310.pyc
/home/trabajo/LabRemo/install/py_pubsub/lib/python3.10/site-packages/py_pubsub/__pycache__/arduino_inf_cliente.cpython-310.pyc
/home/trabajo/LabRemo/install/py_pubsub/lib/python3.10/site-packages/py_pubsub/__pycache__/client_member_function.cpython-310.pyc
/home/trabajo/LabRemo/install/py_pubsub/share/ament_index/resource_index/packages/py_pubsub
/home/trabajo/LabRemo/install/py_pubsub/share/py_pubsub/package.xml
/home/trabajo/LabRemo/install/py_pubsub/share/py_pubsub/inicio.launch.py
/home/trabajo/LabRemo/install/py_pubsub/lib/python3.10/site-packages/py_pubsub-0.0.0-py3.10.egg-info/entry_points.txt
/home/trabajo/LabRemo/install/py_pubsub/lib/python3.10/site-packages/py_pubsub-0.0.0-py3.10.egg-info/requires.txt
/home/trabajo/LabRemo/install/py_pubsub/lib/python3.10/site-packages/py_pubsub-0.0.0-py3.10.egg-info/PKG-INFO
/home/trabajo/LabRemo/install/py_pubsub/lib/python3.10/site-packages/py_pubsub-0.0.0-py3.10.egg-info/dependency_links.txt
/home/trabajo/LabRemo/install/py_pubsub/lib/python3.10/site-packages/py_pubsub-0.0.0-py3.10.egg-info/SOURCES.txt
/home/trabajo/LabRemo/install/py_pubsub/lib/python3.10/site-packages/py_pubsub-0.0.0-py3.10.egg-info/top_level.txt
/home/trabajo/LabRemo/install/py_pubsub/lib/python3.10/site-packages/py_pubsub-0.0.0-py3.10.egg-info/zip-safe
/home/trabajo/LabRemo/install/py_pubsub/lib/py_pubsub/arduino_inf_cliente
/home/trabajo/LabRemo/install/py_pubsub/lib/py_pubsub/arduino_infrastructure
/home/trabajo/LabRemo/install/py_pubsub/lib/py_pubsub/client_member_function
/home/trabajo/LabRemo/install/py_pubsub/lib/py_pubsub/fibonacci_action_server
/home/trabajo/LabRemo/install/py_pubsub/lib/py_pubsub/publisher_member_function
/home/trabajo/LabRemo/install/py_pubsub/lib/py_pubsub/service_member_function
/home/trabajo/LabRemo/install/py_pubsub/lib/py_pubsub/subscriber_member_function
