[2.042s] DEBUG:colcon:Command line arguments: ['/usr/bin/colcon', 'build']
[2.043s] DEBUG:colcon:Parsed command line arguments: Namespace(log_base=None, log_level=None, verb_name='build', build_base='build', install_base='install', merge_install=False, symlink_install=False, test_result_base=None, continue_on_error=False, executor='parallel', parallel_workers=4, event_handlers=None, ignore_user_meta=False, metas=['./colcon.meta'], base_paths=['.'], packages_ignore=None, packages_ignore_regex=None, paths=None, packages_up_to=None, packages_up_to_regex=None, packages_above=None, packages_above_and_dependencies=None, packages_above_depth=None, packages_select_by_dep=None, packages_skip_by_dep=None, packages_skip_up_to=None, packages_select_build_failed=False, packages_skip_build_finished=False, packages_select_test_failures=False, packages_skip_test_passed=False, packages_select=None, packages_skip=None, packages_select_regex=None, packages_skip_regex=None, packages_start=None, packages_end=None, allow_overriding=[], cmake_args=None, cmake_target=None, cmake_target_skip_unavailable=False, cmake_clean_cache=False, cmake_clean_first=False, cmake_force_configure=False, ament_cmake_args=None, catkin_cmake_args=None, catkin_skip_building_tests=False, verb_parser=<colcon_defaults.argument_parser.defaults.DefaultArgumentsDecorator object at 0x7fe6d61a69b0>, verb_extension=<colcon_core.verb.build.BuildVerb object at 0x7fe6d61a6440>, main=<bound method BuildVerb.main of <colcon_core.verb.build.BuildVerb object at 0x7fe6d61a6440>>)
[2.204s] Level 1:colcon.colcon_core.package_discovery:discover_packages(colcon_meta) check parameters
[2.204s] Level 1:colcon.colcon_core.package_discovery:discover_packages(recursive) check parameters
[2.204s] Level 1:colcon.colcon_core.package_discovery:discover_packages(ignore) check parameters
[2.204s] Level 1:colcon.colcon_core.package_discovery:discover_packages(path) check parameters
[2.204s] Level 1:colcon.colcon_core.package_discovery:discover_packages(colcon_meta) discover
[2.204s] Level 1:colcon.colcon_core.package_discovery:discover_packages(recursive) discover
[2.205s] INFO:colcon.colcon_core.package_discovery:Crawling recursively for packages in '/home/ffelix07/Documents/LabRemo'
[2.206s] Level 1:colcon.colcon_core.package_identification:_identify(.) by extensions ['ignore', 'ignore_ament_install']
[2.207s] Level 1:colcon.colcon_core.package_identification:_identify(.) by extension 'ignore'
[2.207s] Level 1:colcon.colcon_core.package_identification:_identify(.) by extension 'ignore_ament_install'
[2.207s] Level 1:colcon.colcon_core.package_identification:_identify(.) by extensions ['colcon_pkg']
[2.208s] Level 1:colcon.colcon_core.package_identification:_identify(.) by extension 'colcon_pkg'
[2.208s] Level 1:colcon.colcon_core.package_identification:_identify(.) by extensions ['colcon_meta']
[2.208s] Level 1:colcon.colcon_core.package_identification:_identify(.) by extension 'colcon_meta'
[2.208s] Level 1:colcon.colcon_core.package_identification:_identify(.) by extensions ['ros']
[2.208s] Level 1:colcon.colcon_core.package_identification:_identify(.) by extension 'ros'
[2.256s] Level 1:colcon.colcon_core.package_identification:_identify(.) by extensions ['cmake', 'python']
[2.256s] Level 1:colcon.colcon_core.package_identification:_identify(.) by extension 'cmake'
[2.257s] Level 1:colcon.colcon_core.package_identification:_identify(.) by extension 'python'
[2.257s] Level 1:colcon.colcon_core.package_identification:_identify(.) by extensions ['python_setup_py']
[2.258s] Level 1:colcon.colcon_core.package_identification:_identify(.) by extension 'python_setup_py'
[2.258s] Level 1:colcon.colcon_core.package_identification:_identify(Orchestrator) by extensions ['ignore', 'ignore_ament_install']
[2.259s] Level 1:colcon.colcon_core.package_identification:_identify(Orchestrator) by extension 'ignore'
[2.259s] Level 1:colcon.colcon_core.package_identification:_identify(Orchestrator) by extension 'ignore_ament_install'
[2.259s] Level 1:colcon.colcon_core.package_identification:_identify(Orchestrator) by extensions ['colcon_pkg']
[2.260s] Level 1:colcon.colcon_core.package_identification:_identify(Orchestrator) by extension 'colcon_pkg'
[2.260s] Level 1:colcon.colcon_core.package_identification:_identify(Orchestrator) by extensions ['colcon_meta']
[2.260s] Level 1:colcon.colcon_core.package_identification:_identify(Orchestrator) by extension 'colcon_meta'
[2.260s] Level 1:colcon.colcon_core.package_identification:_identify(Orchestrator) by extensions ['ros']
[2.260s] Level 1:colcon.colcon_core.package_identification:_identify(Orchestrator) by extension 'ros'
[2.261s] Level 1:colcon.colcon_core.package_identification:_identify(Orchestrator) by extensions ['cmake', 'python']
[2.261s] Level 1:colcon.colcon_core.package_identification:_identify(Orchestrator) by extension 'cmake'
[2.261s] Level 1:colcon.colcon_core.package_identification:_identify(Orchestrator) by extension 'python'
[2.261s] Level 1:colcon.colcon_core.package_identification:_identify(Orchestrator) by extensions ['python_setup_py']
[2.261s] Level 1:colcon.colcon_core.package_identification:_identify(Orchestrator) by extension 'python_setup_py'
[2.262s] Level 1:colcon.colcon_core.package_identification:_identify(Orchestrator/ros2_labremoto) by extensions ['ignore', 'ignore_ament_install']
[2.262s] Level 1:colcon.colcon_core.package_identification:_identify(Orchestrator/ros2_labremoto) by extension 'ignore'
[2.262s] Level 1:colcon.colcon_core.package_identification:_identify(Orchestrator/ros2_labremoto) by extension 'ignore_ament_install'
[2.262s] Level 1:colcon.colcon_core.package_identification:_identify(Orchestrator/ros2_labremoto) by extensions ['colcon_pkg']
[2.263s] Level 1:colcon.colcon_core.package_identification:_identify(Orchestrator/ros2_labremoto) by extension 'colcon_pkg'
[2.263s] Level 1:colcon.colcon_core.package_identification:_identify(Orchestrator/ros2_labremoto) by extensions ['colcon_meta']
[2.263s] Level 1:colcon.colcon_core.package_identification:_identify(Orchestrator/ros2_labremoto) by extension 'colcon_meta'
[2.263s] Level 1:colcon.colcon_core.package_identification:_identify(Orchestrator/ros2_labremoto) by extensions ['ros']
[2.263s] Level 1:colcon.colcon_core.package_identification:_identify(Orchestrator/ros2_labremoto) by extension 'ros'
[2.264s] Level 1:colcon.colcon_core.package_identification:_identify(Orchestrator/ros2_labremoto) by extensions ['cmake', 'python']
[2.264s] Level 1:colcon.colcon_core.package_identification:_identify(Orchestrator/ros2_labremoto) by extension 'cmake'
[2.264s] Level 1:colcon.colcon_core.package_identification:_identify(Orchestrator/ros2_labremoto) by extension 'python'
[2.264s] Level 1:colcon.colcon_core.package_identification:_identify(Orchestrator/ros2_labremoto) by extensions ['python_setup_py']
[2.264s] Level 1:colcon.colcon_core.package_identification:_identify(Orchestrator/ros2_labremoto) by extension 'python_setup_py'
[2.265s] Level 1:colcon.colcon_core.package_identification:_identify(Orchestrator/ros2_labremoto/build) by extensions ['ignore', 'ignore_ament_install']
[2.265s] Level 1:colcon.colcon_core.package_identification:_identify(Orchestrator/ros2_labremoto/build) by extension 'ignore'
[2.265s] Level 1:colcon.colcon_core.package_identification:_identify(Orchestrator/ros2_labremoto/build) ignored
[2.266s] Level 1:colcon.colcon_core.package_identification:_identify(Orchestrator/ros2_labremoto/install) by extensions ['ignore', 'ignore_ament_install']
[2.266s] Level 1:colcon.colcon_core.package_identification:_identify(Orchestrator/ros2_labremoto/install) by extension 'ignore'
[2.266s] Level 1:colcon.colcon_core.package_identification:_identify(Orchestrator/ros2_labremoto/install) ignored
[2.267s] Level 1:colcon.colcon_core.package_identification:_identify(Orchestrator/ros2_labremoto/log) by extensions ['ignore', 'ignore_ament_install']
[2.267s] Level 1:colcon.colcon_core.package_identification:_identify(Orchestrator/ros2_labremoto/log) by extension 'ignore'
[2.267s] Level 1:colcon.colcon_core.package_identification:_identify(Orchestrator/ros2_labremoto/log) ignored
[2.268s] Level 1:colcon.colcon_core.package_identification:_identify(Orchestrator/ros2_labremoto/src) by extensions ['ignore', 'ignore_ament_install']
[2.268s] Level 1:colcon.colcon_core.package_identification:_identify(Orchestrator/ros2_labremoto/src) by extension 'ignore'
[2.268s] Level 1:colcon.colcon_core.package_identification:_identify(Orchestrator/ros2_labremoto/src) by extension 'ignore_ament_install'
[2.269s] Level 1:colcon.colcon_core.package_identification:_identify(Orchestrator/ros2_labremoto/src) by extensions ['colcon_pkg']
[2.269s] Level 1:colcon.colcon_core.package_identification:_identify(Orchestrator/ros2_labremoto/src) by extension 'colcon_pkg'
[2.269s] Level 1:colcon.colcon_core.package_identification:_identify(Orchestrator/ros2_labremoto/src) by extensions ['colcon_meta']
[2.269s] Level 1:colcon.colcon_core.package_identification:_identify(Orchestrator/ros2_labremoto/src) by extension 'colcon_meta'
[2.269s] Level 1:colcon.colcon_core.package_identification:_identify(Orchestrator/ros2_labremoto/src) by extensions ['ros']
[2.269s] Level 1:colcon.colcon_core.package_identification:_identify(Orchestrator/ros2_labremoto/src) by extension 'ros'
[2.270s] Level 1:colcon.colcon_core.package_identification:_identify(Orchestrator/ros2_labremoto/src) by extensions ['cmake', 'python']
[2.270s] Level 1:colcon.colcon_core.package_identification:_identify(Orchestrator/ros2_labremoto/src) by extension 'cmake'
[2.270s] Level 1:colcon.colcon_core.package_identification:_identify(Orchestrator/ros2_labremoto/src) by extension 'python'
[2.270s] Level 1:colcon.colcon_core.package_identification:_identify(Orchestrator/ros2_labremoto/src) by extensions ['python_setup_py']
[2.270s] Level 1:colcon.colcon_core.package_identification:_identify(Orchestrator/ros2_labremoto/src) by extension 'python_setup_py'
[2.271s] Level 1:colcon.colcon_core.package_identification:_identify(Orchestrator/ros2_labremoto/src/examples) by extensions ['ignore', 'ignore_ament_install']
[2.271s] Level 1:colcon.colcon_core.package_identification:_identify(Orchestrator/ros2_labremoto/src/examples) by extension 'ignore'
[2.271s] Level 1:colcon.colcon_core.package_identification:_identify(Orchestrator/ros2_labremoto/src/examples) by extension 'ignore_ament_install'
[2.272s] Level 1:colcon.colcon_core.package_identification:_identify(Orchestrator/ros2_labremoto/src/examples) by extensions ['colcon_pkg']
[2.272s] Level 1:colcon.colcon_core.package_identification:_identify(Orchestrator/ros2_labremoto/src/examples) by extension 'colcon_pkg'
[2.272s] Level 1:colcon.colcon_core.package_identification:_identify(Orchestrator/ros2_labremoto/src/examples) by extensions ['colcon_meta']
[2.272s] Level 1:colcon.colcon_core.package_identification:_identify(Orchestrator/ros2_labremoto/src/examples) by extension 'colcon_meta'
[2.272s] Level 1:colcon.colcon_core.package_identification:_identify(Orchestrator/ros2_labremoto/src/examples) by extensions ['ros']
[2.272s] Level 1:colcon.colcon_core.package_identification:_identify(Orchestrator/ros2_labremoto/src/examples) by extension 'ros'
[2.273s] Level 1:colcon.colcon_core.package_identification:_identify(Orchestrator/ros2_labremoto/src/examples) by extensions ['cmake', 'python']
[2.273s] Level 1:colcon.colcon_core.package_identification:_identify(Orchestrator/ros2_labremoto/src/examples) by extension 'cmake'
[2.273s] Level 1:colcon.colcon_core.package_identification:_identify(Orchestrator/ros2_labremoto/src/examples) by extension 'python'
[2.273s] Level 1:colcon.colcon_core.package_identification:_identify(Orchestrator/ros2_labremoto/src/examples) by extensions ['python_setup_py']
[2.273s] Level 1:colcon.colcon_core.package_identification:_identify(Orchestrator/ros2_labremoto/src/examples) by extension 'python_setup_py'
[2.274s] Level 1:colcon.colcon_core.package_identification:_identify(Orchestrator/ros2_labremoto/src/hardware) by extensions ['ignore', 'ignore_ament_install']
[2.274s] Level 1:colcon.colcon_core.package_identification:_identify(Orchestrator/ros2_labremoto/src/hardware) by extension 'ignore'
[2.274s] Level 1:colcon.colcon_core.package_identification:_identify(Orchestrator/ros2_labremoto/src/hardware) by extension 'ignore_ament_install'
[2.275s] Level 1:colcon.colcon_core.package_identification:_identify(Orchestrator/ros2_labremoto/src/hardware) by extensions ['colcon_pkg']
[2.275s] Level 1:colcon.colcon_core.package_identification:_identify(Orchestrator/ros2_labremoto/src/hardware) by extension 'colcon_pkg'
[2.275s] Level 1:colcon.colcon_core.package_identification:_identify(Orchestrator/ros2_labremoto/src/hardware) by extensions ['colcon_meta']
[2.275s] Level 1:colcon.colcon_core.package_identification:_identify(Orchestrator/ros2_labremoto/src/hardware) by extension 'colcon_meta'
[2.276s] Level 1:colcon.colcon_core.package_identification:_identify(Orchestrator/ros2_labremoto/src/hardware) by extensions ['ros']
[2.276s] Level 1:colcon.colcon_core.package_identification:_identify(Orchestrator/ros2_labremoto/src/hardware) by extension 'ros'
[2.284s] DEBUG:colcon.colcon_core.package_identification:Package 'Orchestrator/ros2_labremoto/src/hardware' with type 'ros.ament_python' and name 'hardware'
[2.285s] Level 1:colcon.colcon_core.package_identification:_identify(Orchestrator/ros2_labremoto/src/nodes_comunication) by extensions ['ignore', 'ignore_ament_install']
[2.285s] Level 1:colcon.colcon_core.package_identification:_identify(Orchestrator/ros2_labremoto/src/nodes_comunication) by extension 'ignore'
[2.286s] Level 1:colcon.colcon_core.package_identification:_identify(Orchestrator/ros2_labremoto/src/nodes_comunication) by extension 'ignore_ament_install'
[2.286s] Level 1:colcon.colcon_core.package_identification:_identify(Orchestrator/ros2_labremoto/src/nodes_comunication) by extensions ['colcon_pkg']
[2.286s] Level 1:colcon.colcon_core.package_identification:_identify(Orchestrator/ros2_labremoto/src/nodes_comunication) by extension 'colcon_pkg'
[2.286s] Level 1:colcon.colcon_core.package_identification:_identify(Orchestrator/ros2_labremoto/src/nodes_comunication) by extensions ['colcon_meta']
[2.286s] Level 1:colcon.colcon_core.package_identification:_identify(Orchestrator/ros2_labremoto/src/nodes_comunication) by extension 'colcon_meta'
[2.287s] Level 1:colcon.colcon_core.package_identification:_identify(Orchestrator/ros2_labremoto/src/nodes_comunication) by extensions ['ros']
[2.287s] Level 1:colcon.colcon_core.package_identification:_identify(Orchestrator/ros2_labremoto/src/nodes_comunication) by extension 'ros'
[2.290s] DEBUG:colcon.colcon_core.package_identification:Found ROS schema reference in package manifest in 'Orchestrator/ros2_labremoto/src/nodes_comunication'
[2.290s] WARNING:colcon.colcon_core.package_identification:Failed to parse ROS package manifest in 'Orchestrator/ros2_labremoto/src/nodes_comunication': Error(s) in package 'Orchestrator/ros2_labremoto/src/nodes_comunication/package.xml':
Error(s):
- The generic dependency on 'rclpy' is redundant with: exec_depend
- The manifest of package "nodes_comunication" (with format version 3) must not contain the following tags: exc_depend
[2.291s] Level 1:colcon.colcon_core.package_identification:_identify(Orchestrator/ros2_labremoto/src/nodes_comunication) by extensions ['cmake', 'python']
[2.291s] Level 1:colcon.colcon_core.package_identification:_identify(Orchestrator/ros2_labremoto/src/nodes_comunication) by extension 'cmake'
[2.291s] Level 1:colcon.colcon_core.package_identification:_identify(Orchestrator/ros2_labremoto/src/nodes_comunication) by extension 'python'
[2.292s] DEBUG:colcon.colcon_core.package_identification:Python package in 'Orchestrator/ros2_labremoto/src/nodes_comunication' passes arguments to the setup() function which requires a different identification extension than 'python'
[2.292s] Level 1:colcon.colcon_core.package_identification:_identify(Orchestrator/ros2_labremoto/src/nodes_comunication) by extensions ['python_setup_py']
[2.292s] Level 1:colcon.colcon_core.package_identification:_identify(Orchestrator/ros2_labremoto/src/nodes_comunication) by extension 'python_setup_py'
[3.448s] DEBUG:colcon.colcon_core.package_identification:Package 'Orchestrator/ros2_labremoto/src/nodes_comunication' with type 'python' and name 'nodes_comunication'
[3.449s] Level 1:colcon.colcon_core.package_identification:_identify(build) by extensions ['ignore', 'ignore_ament_install']
[3.449s] Level 1:colcon.colcon_core.package_identification:_identify(build) by extension 'ignore'
[3.450s] Level 1:colcon.colcon_core.package_identification:_identify(build) ignored
[3.450s] Level 1:colcon.colcon_core.package_identification:_identify(install) by extensions ['ignore', 'ignore_ament_install']
[3.451s] Level 1:colcon.colcon_core.package_identification:_identify(install) by extension 'ignore'
[3.451s] Level 1:colcon.colcon_core.package_identification:_identify(install) ignored
[3.452s] Level 1:colcon.colcon_core.package_identification:_identify(log) by extensions ['ignore', 'ignore_ament_install']
[3.452s] Level 1:colcon.colcon_core.package_identification:_identify(log) by extension 'ignore'
[3.453s] Level 1:colcon.colcon_core.package_identification:_identify(log) ignored
[3.453s] Level 1:colcon.colcon_core.package_identification:_identify(ros2_actions) by extensions ['ignore', 'ignore_ament_install']
[3.454s] Level 1:colcon.colcon_core.package_identification:_identify(ros2_actions) by extension 'ignore'
[3.454s] Level 1:colcon.colcon_core.package_identification:_identify(ros2_actions) by extension 'ignore_ament_install'
[3.454s] Level 1:colcon.colcon_core.package_identification:_identify(ros2_actions) by extensions ['colcon_pkg']
[3.455s] Level 1:colcon.colcon_core.package_identification:_identify(ros2_actions) by extension 'colcon_pkg'
[3.455s] Level 1:colcon.colcon_core.package_identification:_identify(ros2_actions) by extensions ['colcon_meta']
[3.455s] Level 1:colcon.colcon_core.package_identification:_identify(ros2_actions) by extension 'colcon_meta'
[3.456s] Level 1:colcon.colcon_core.package_identification:_identify(ros2_actions) by extensions ['ros']
[3.456s] Level 1:colcon.colcon_core.package_identification:_identify(ros2_actions) by extension 'ros'
[3.458s] DEBUG:colcon.colcon_core.package_identification:Package 'ros2_actions' with type 'ros.ament_cmake' and name 'ros2_actions'
[3.458s] Level 1:colcon.colcon_core.package_identification:_identify(web_site) by extensions ['ignore', 'ignore_ament_install']
[3.459s] Level 1:colcon.colcon_core.package_identification:_identify(web_site) by extension 'ignore'
[3.459s] Level 1:colcon.colcon_core.package_identification:_identify(web_site) by extension 'ignore_ament_install'
[3.459s] Level 1:colcon.colcon_core.package_identification:_identify(web_site) by extensions ['colcon_pkg']
[3.460s] Level 1:colcon.colcon_core.package_identification:_identify(web_site) by extension 'colcon_pkg'
[3.460s] Level 1:colcon.colcon_core.package_identification:_identify(web_site) by extensions ['colcon_meta']
[3.460s] Level 1:colcon.colcon_core.package_identification:_identify(web_site) by extension 'colcon_meta'
[3.460s] Level 1:colcon.colcon_core.package_identification:_identify(web_site) by extensions ['ros']
[3.460s] Level 1:colcon.colcon_core.package_identification:_identify(web_site) by extension 'ros'
[3.461s] Level 1:colcon.colcon_core.package_identification:_identify(web_site) by extensions ['cmake', 'python']
[3.461s] Level 1:colcon.colcon_core.package_identification:_identify(web_site) by extension 'cmake'
[3.461s] Level 1:colcon.colcon_core.package_identification:_identify(web_site) by extension 'python'
[3.461s] Level 1:colcon.colcon_core.package_identification:_identify(web_site) by extensions ['python_setup_py']
[3.461s] Level 1:colcon.colcon_core.package_identification:_identify(web_site) by extension 'python_setup_py'
[3.462s] Level 1:colcon.colcon_core.package_identification:_identify(web_site/backend) by extensions ['ignore', 'ignore_ament_install']
[3.462s] Level 1:colcon.colcon_core.package_identification:_identify(web_site/backend) by extension 'ignore'
[3.463s] Level 1:colcon.colcon_core.package_identification:_identify(web_site/backend) by extension 'ignore_ament_install'
[3.463s] Level 1:colcon.colcon_core.package_identification:_identify(web_site/backend) by extensions ['colcon_pkg']
[3.463s] Level 1:colcon.colcon_core.package_identification:_identify(web_site/backend) by extension 'colcon_pkg'
[3.464s] Level 1:colcon.colcon_core.package_identification:_identify(web_site/backend) by extensions ['colcon_meta']
[3.464s] Level 1:colcon.colcon_core.package_identification:_identify(web_site/backend) by extension 'colcon_meta'
[3.464s] Level 1:colcon.colcon_core.package_identification:_identify(web_site/backend) by extensions ['ros']
[3.464s] Level 1:colcon.colcon_core.package_identification:_identify(web_site/backend) by extension 'ros'
[3.464s] Level 1:colcon.colcon_core.package_identification:_identify(web_site/backend) by extensions ['cmake', 'python']
[3.465s] Level 1:colcon.colcon_core.package_identification:_identify(web_site/backend) by extension 'cmake'
[3.465s] Level 1:colcon.colcon_core.package_identification:_identify(web_site/backend) by extension 'python'
[3.465s] Level 1:colcon.colcon_core.package_identification:_identify(web_site/backend) by extensions ['python_setup_py']
[3.465s] Level 1:colcon.colcon_core.package_identification:_identify(web_site/backend) by extension 'python_setup_py'
[3.466s] Level 1:colcon.colcon_core.package_identification:_identify(web_site/frontend) by extensions ['ignore', 'ignore_ament_install']
[3.466s] Level 1:colcon.colcon_core.package_identification:_identify(web_site/frontend) by extension 'ignore'
[3.467s] Level 1:colcon.colcon_core.package_identification:_identify(web_site/frontend) by extension 'ignore_ament_install'
[3.467s] Level 1:colcon.colcon_core.package_identification:_identify(web_site/frontend) by extensions ['colcon_pkg']
[3.467s] Level 1:colcon.colcon_core.package_identification:_identify(web_site/frontend) by extension 'colcon_pkg'
[3.468s] Level 1:colcon.colcon_core.package_identification:_identify(web_site/frontend) by extensions ['colcon_meta']
[3.468s] Level 1:colcon.colcon_core.package_identification:_identify(web_site/frontend) by extension 'colcon_meta'
[3.468s] Level 1:colcon.colcon_core.package_identification:_identify(web_site/frontend) by extensions ['ros']
[3.468s] Level 1:colcon.colcon_core.package_identification:_identify(web_site/frontend) by extension 'ros'
[3.468s] Level 1:colcon.colcon_core.package_identification:_identify(web_site/frontend) by extensions ['cmake', 'python']
[3.468s] Level 1:colcon.colcon_core.package_identification:_identify(web_site/frontend) by extension 'cmake'
[3.469s] Level 1:colcon.colcon_core.package_identification:_identify(web_site/frontend) by extension 'python'
[3.469s] Level 1:colcon.colcon_core.package_identification:_identify(web_site/frontend) by extensions ['python_setup_py']
[3.469s] Level 1:colcon.colcon_core.package_identification:_identify(web_site/frontend) by extension 'python_setup_py'
[3.469s] Level 1:colcon.colcon_core.package_discovery:discover_packages(recursive) using defaults
[3.469s] Level 1:colcon.colcon_core.package_discovery:discover_packages(ignore) discover
[3.469s] Level 1:colcon.colcon_core.package_discovery:discover_packages(ignore) using defaults
[3.470s] Level 1:colcon.colcon_core.package_discovery:discover_packages(path) discover
[3.470s] Level 1:colcon.colcon_core.package_discovery:discover_packages(path) using defaults
[3.618s] Level 1:colcon.colcon_core.package_discovery:discover_packages(prefix_path) check parameters
[3.619s] Level 1:colcon.colcon_core.package_discovery:discover_packages(prefix_path) discover
[3.637s] DEBUG:colcon.colcon_installed_package_information.package_discovery:Found 2 installed packages in /home/ffelix07/Documents/LabRemo/Orchestrator/ros2_labremoto/install
[3.648s] DEBUG:colcon.colcon_installed_package_information.package_discovery:Found 185 installed packages in /opt/ros/humble
[3.651s] Level 1:colcon.colcon_core.package_discovery:discover_packages(prefix_path) using defaults
[3.911s] Level 5:colcon.colcon_core.verb:set package 'hardware' build argument 'cmake_args' from command line to 'None'
[3.911s] Level 5:colcon.colcon_core.verb:set package 'hardware' build argument 'cmake_target' from command line to 'None'
[3.911s] Level 5:colcon.colcon_core.verb:set package 'hardware' build argument 'cmake_target_skip_unavailable' from command line to 'False'
[3.911s] Level 5:colcon.colcon_core.verb:set package 'hardware' build argument 'cmake_clean_cache' from command line to 'False'
[3.912s] Level 5:colcon.colcon_core.verb:set package 'hardware' build argument 'cmake_clean_first' from command line to 'False'
[3.912s] Level 5:colcon.colcon_core.verb:set package 'hardware' build argument 'cmake_force_configure' from command line to 'False'
[3.912s] Level 5:colcon.colcon_core.verb:set package 'hardware' build argument 'ament_cmake_args' from command line to 'None'
[3.912s] Level 5:colcon.colcon_core.verb:set package 'hardware' build argument 'catkin_cmake_args' from command line to 'None'
[3.912s] Level 5:colcon.colcon_core.verb:set package 'hardware' build argument 'catkin_skip_building_tests' from command line to 'False'
[3.912s] DEBUG:colcon.colcon_core.verb:Building package 'hardware' with the following arguments: {'ament_cmake_args': None, 'build_base': '/home/ffelix07/Documents/LabRemo/build/hardware', 'catkin_cmake_args': None, 'catkin_skip_building_tests': False, 'cmake_args': None, 'cmake_clean_cache': False, 'cmake_clean_first': False, 'cmake_force_configure': False, 'cmake_target': None, 'cmake_target_skip_unavailable': False, 'install_base': '/home/ffelix07/Documents/LabRemo/install/hardware', 'merge_install': False, 'path': '/home/ffelix07/Documents/LabRemo/Orchestrator/ros2_labremoto/src/hardware', 'symlink_install': False, 'test_result_base': None}
[3.916s] Level 5:colcon.colcon_core.verb:set package 'nodes_comunication' build argument 'cmake_args' from command line to 'None'
[3.916s] Level 5:colcon.colcon_core.verb:set package 'nodes_comunication' build argument 'cmake_target' from command line to 'None'
[3.916s] Level 5:colcon.colcon_core.verb:set package 'nodes_comunication' build argument 'cmake_target_skip_unavailable' from command line to 'False'
[3.917s] Level 5:colcon.colcon_core.verb:set package 'nodes_comunication' build argument 'cmake_clean_cache' from command line to 'False'
[3.917s] Level 5:colcon.colcon_core.verb:set package 'nodes_comunication' build argument 'cmake_clean_first' from command line to 'False'
[3.917s] Level 5:colcon.colcon_core.verb:set package 'nodes_comunication' build argument 'cmake_force_configure' from command line to 'False'
[3.917s] Level 5:colcon.colcon_core.verb:set package 'nodes_comunication' build argument 'ament_cmake_args' from command line to 'None'
[3.917s] Level 5:colcon.colcon_core.verb:set package 'nodes_comunication' build argument 'catkin_cmake_args' from command line to 'None'
[3.917s] Level 5:colcon.colcon_core.verb:set package 'nodes_comunication' build argument 'catkin_skip_building_tests' from command line to 'False'
[3.917s] DEBUG:colcon.colcon_core.verb:Building package 'nodes_comunication' with the following arguments: {'ament_cmake_args': None, 'build_base': '/home/ffelix07/Documents/LabRemo/build/nodes_comunication', 'catkin_cmake_args': None, 'catkin_skip_building_tests': False, 'cmake_args': None, 'cmake_clean_cache': False, 'cmake_clean_first': False, 'cmake_force_configure': False, 'cmake_target': None, 'cmake_target_skip_unavailable': False, 'install_base': '/home/ffelix07/Documents/LabRemo/install/nodes_comunication', 'merge_install': False, 'path': '/home/ffelix07/Documents/LabRemo/Orchestrator/ros2_labremoto/src/nodes_comunication', 'symlink_install': False, 'test_result_base': None}
[3.921s] Level 5:colcon.colcon_core.verb:set package 'ros2_actions' build argument 'cmake_args' from command line to 'None'
[3.921s] Level 5:colcon.colcon_core.verb:set package 'ros2_actions' build argument 'cmake_target' from command line to 'None'
[3.921s] Level 5:colcon.colcon_core.verb:set package 'ros2_actions' build argument 'cmake_target_skip_unavailable' from command line to 'False'
[3.921s] Level 5:colcon.colcon_core.verb:set package 'ros2_actions' build argument 'cmake_clean_cache' from command line to 'False'
[3.921s] Level 5:colcon.colcon_core.verb:set package 'ros2_actions' build argument 'cmake_clean_first' from command line to 'False'
[3.921s] Level 5:colcon.colcon_core.verb:set package 'ros2_actions' build argument 'cmake_force_configure' from command line to 'False'
[3.922s] Level 5:colcon.colcon_core.verb:set package 'ros2_actions' build argument 'ament_cmake_args' from command line to 'None'
[3.922s] Level 5:colcon.colcon_core.verb:set package 'ros2_actions' build argument 'catkin_cmake_args' from command line to 'None'
[3.922s] Level 5:colcon.colcon_core.verb:set package 'ros2_actions' build argument 'catkin_skip_building_tests' from command line to 'False'
[3.922s] DEBUG:colcon.colcon_core.verb:Building package 'ros2_actions' with the following arguments: {'ament_cmake_args': None, 'build_base': '/home/ffelix07/Documents/LabRemo/build/ros2_actions', 'catkin_cmake_args': None, 'catkin_skip_building_tests': False, 'cmake_args': None, 'cmake_clean_cache': False, 'cmake_clean_first': False, 'cmake_force_configure': False, 'cmake_target': None, 'cmake_target_skip_unavailable': False, 'install_base': '/home/ffelix07/Documents/LabRemo/install/ros2_actions', 'merge_install': False, 'path': '/home/ffelix07/Documents/LabRemo/ros2_actions', 'symlink_install': False, 'test_result_base': None}
[3.924s] INFO:colcon.colcon_core.executor:Executing jobs using 'parallel' executor
[3.939s] DEBUG:colcon.colcon_parallel_executor.executor.parallel:run_until_complete
[3.940s] INFO:colcon.colcon_ros.task.ament_python.build:Building ROS package in '/home/ffelix07/Documents/LabRemo/Orchestrator/ros2_labremoto/src/hardware' with build type 'ament_python'
[3.940s] Level 1:colcon.colcon_core.shell:create_environment_hook('hardware', 'ament_prefix_path')
[3.972s] INFO:colcon.colcon_core.plugin_system:Skipping extension 'colcon_core.shell.bat': Not used on non-Windows systems
[3.973s] INFO:colcon.colcon_core.shell:Creating environment hook '/home/ffelix07/Documents/LabRemo/install/hardware/share/hardware/hook/ament_prefix_path.ps1'
[3.975s] INFO:colcon.colcon_core.shell:Creating environment descriptor '/home/ffelix07/Documents/LabRemo/install/hardware/share/hardware/hook/ament_prefix_path.dsv'
[3.977s] INFO:colcon.colcon_core.shell:Creating environment hook '/home/ffelix07/Documents/LabRemo/install/hardware/share/hardware/hook/ament_prefix_path.sh'
[3.984s] INFO:colcon.colcon_core.shell:Skip shell extension 'powershell' for command environment: Not usable outside of PowerShell
[3.984s] DEBUG:colcon.colcon_core.shell:Skip shell extension 'dsv' for command environment
[3.999s] INFO:colcon.colcon_core.task.python.build:Building Python package in '/home/ffelix07/Documents/LabRemo/Orchestrator/ros2_labremoto/src/nodes_comunication'
[4.005s] INFO:colcon.colcon_core.shell:Skip shell extension 'powershell' for command environment: Not usable outside of PowerShell
[4.005s] DEBUG:colcon.colcon_core.shell:Skip shell extension 'dsv' for command environment
[4.021s] INFO:colcon.colcon_ros.task.ament_cmake.build:Building ROS package in '/home/ffelix07/Documents/LabRemo/ros2_actions' with build type 'ament_cmake'
[4.022s] INFO:colcon.colcon_cmake.task.cmake.build:Building CMake package in '/home/ffelix07/Documents/LabRemo/ros2_actions'
[4.028s] INFO:colcon.colcon_core.shell:Skip shell extension 'powershell' for command environment: Not usable outside of PowerShell
[4.029s] DEBUG:colcon.colcon_core.shell:Skip shell extension 'dsv' for command environment
[5.318s] INFO:colcon.colcon_core.task.python.build:Building Python package in '/home/ffelix07/Documents/LabRemo/Orchestrator/ros2_labremoto/src/hardware'
[5.326s] INFO:colcon.colcon_core.shell:Skip shell extension 'powershell' for command environment: Not usable outside of PowerShell
[5.327s] DEBUG:colcon.colcon_core.shell:Skip shell extension 'dsv' for command environment
[6.652s] DEBUG:colcon.colcon_core.event_handler.log_command:Invoking command in '/home/ffelix07/Documents/LabRemo/build/ros2_actions': CMAKE_PREFIX_PATH=/home/ffelix07/Documents/LabRemo/Orchestrator/ros2_labremoto/install/nodes_comunication:/home/ffelix07/Documents/LabRemo/Orchestrator/ros2_labremoto/install/hardware:/opt/ros/humble /usr/bin/cmake /home/ffelix07/Documents/LabRemo/ros2_actions -DCMAKE_INSTALL_PREFIX=/home/ffelix07/Documents/LabRemo/install/ros2_actions
[10.303s] DEBUG:colcon.colcon_core.event_handler.log_command:Invoking command in '/home/ffelix07/Documents/LabRemo/Orchestrator/ros2_labremoto/src/nodes_comunication': PYTHONPATH=/home/ffelix07/Documents/LabRemo/build/nodes_comunication/prefix_override:/home/ffelix07/Documents/LabRemo/install/nodes_comunication/lib/python3.10/site-packages:${PYTHONPATH} /usr/bin/python3 setup.py egg_info --egg-base ../../../../build/nodes_comunication build --build-base /home/ffelix07/Documents/LabRemo/build/nodes_comunication/build install --record /home/ffelix07/Documents/LabRemo/build/nodes_comunication/install.log --single-version-externally-managed
[10.334s] DEBUG:colcon.colcon_core.event_handler.log_command:Invoking command in '/home/ffelix07/Documents/LabRemo/Orchestrator/ros2_labremoto/src/hardware': PYTHONPATH=/home/ffelix07/Documents/LabRemo/build/hardware/prefix_override:/home/ffelix07/Documents/LabRemo/install/hardware/lib/python3.10/site-packages:${PYTHONPATH} /usr/bin/python3 setup.py egg_info --egg-base ../../../../build/hardware build --build-base /home/ffelix07/Documents/LabRemo/build/hardware/build install --record /home/ffelix07/Documents/LabRemo/build/hardware/install.log --single-version-externally-managed
[12.526s] DEBUG:colcon.colcon_core.event_handler.log_command:Invoked command in '/home/ffelix07/Documents/LabRemo/Orchestrator/ros2_labremoto/src/hardware' returned '0': PYTHONPATH=/home/ffelix07/Documents/LabRemo/build/hardware/prefix_override:/home/ffelix07/Documents/LabRemo/install/hardware/lib/python3.10/site-packages:${PYTHONPATH} /usr/bin/python3 setup.py egg_info --egg-base ../../../../build/hardware build --build-base /home/ffelix07/Documents/LabRemo/build/hardware/build install --record /home/ffelix07/Documents/LabRemo/build/hardware/install.log --single-version-externally-managed
[12.607s] Level 1:colcon.colcon_core.environment:checking '/home/ffelix07/Documents/LabRemo/install/hardware' for CMake module files
[12.616s] Level 1:colcon.colcon_core.environment:checking '/home/ffelix07/Documents/LabRemo/install/hardware' for CMake config files
[12.622s] Level 1:colcon.colcon_core.environment:checking '/home/ffelix07/Documents/LabRemo/install/hardware/lib'
[12.623s] Level 1:colcon.colcon_core.environment:checking '/home/ffelix07/Documents/LabRemo/install/hardware/bin'
[12.624s] Level 1:colcon.colcon_core.environment:checking '/home/ffelix07/Documents/LabRemo/install/hardware/lib/pkgconfig/hardware.pc'
[12.625s] Level 1:colcon.colcon_core.environment:checking '/home/ffelix07/Documents/LabRemo/install/hardware/lib/python3.10/site-packages'
[12.625s] Level 1:colcon.colcon_core.shell:create_environment_hook('hardware', 'pythonpath')
[12.642s] INFO:colcon.colcon_core.shell:Creating environment hook '/home/ffelix07/Documents/LabRemo/install/hardware/share/hardware/hook/pythonpath.ps1'
[12.650s] INFO:colcon.colcon_core.shell:Creating environment descriptor '/home/ffelix07/Documents/LabRemo/install/hardware/share/hardware/hook/pythonpath.dsv'
[12.656s] INFO:colcon.colcon_core.shell:Creating environment hook '/home/ffelix07/Documents/LabRemo/install/hardware/share/hardware/hook/pythonpath.sh'
[12.667s] Level 1:colcon.colcon_core.environment:checking '/home/ffelix07/Documents/LabRemo/install/hardware/bin'
[12.668s] Level 1:colcon.colcon_core.environment:create_environment_scripts_only(hardware)
[12.675s] INFO:colcon.colcon_core.shell:Creating package script '/home/ffelix07/Documents/LabRemo/install/hardware/share/hardware/package.ps1'
[12.699s] INFO:colcon.colcon_core.shell:Creating package descriptor '/home/ffelix07/Documents/LabRemo/install/hardware/share/hardware/package.dsv'
[12.702s] INFO:colcon.colcon_core.shell:Creating package script '/home/ffelix07/Documents/LabRemo/install/hardware/share/hardware/package.sh'
[12.710s] INFO:colcon.colcon_core.shell:Creating package script '/home/ffelix07/Documents/LabRemo/install/hardware/share/hardware/package.bash'
[12.726s] INFO:colcon.colcon_core.shell:Creating package script '/home/ffelix07/Documents/LabRemo/install/hardware/share/hardware/package.zsh'
[12.737s] Level 1:colcon.colcon_core.environment:create_file_with_runtime_dependencies(/home/ffelix07/Documents/LabRemo/install/hardware/share/colcon-core/packages/hardware)
[12.846s] DEBUG:colcon.colcon_core.event_handler.log_command:Invoked command in '/home/ffelix07/Documents/LabRemo/Orchestrator/ros2_labremoto/src/nodes_comunication' returned '0': PYTHONPATH=/home/ffelix07/Documents/LabRemo/build/nodes_comunication/prefix_override:/home/ffelix07/Documents/LabRemo/install/nodes_comunication/lib/python3.10/site-packages:${PYTHONPATH} /usr/bin/python3 setup.py egg_info --egg-base ../../../../build/nodes_comunication build --build-base /home/ffelix07/Documents/LabRemo/build/nodes_comunication/build install --record /home/ffelix07/Documents/LabRemo/build/nodes_comunication/install.log --single-version-externally-managed
[12.852s] Level 1:colcon.colcon_core.environment:checking '/home/ffelix07/Documents/LabRemo/install/nodes_comunication' for CMake module files
[12.864s] Level 1:colcon.colcon_core.environment:checking '/home/ffelix07/Documents/LabRemo/install/nodes_comunication' for CMake config files
[12.866s] Level 1:colcon.colcon_core.environment:checking '/home/ffelix07/Documents/LabRemo/install/nodes_comunication/lib'
[12.867s] Level 1:colcon.colcon_core.environment:checking '/home/ffelix07/Documents/LabRemo/install/nodes_comunication/bin'
[12.867s] Level 1:colcon.colcon_core.environment:checking '/home/ffelix07/Documents/LabRemo/install/nodes_comunication/lib/pkgconfig/nodes_comunication.pc'
[12.868s] Level 1:colcon.colcon_core.environment:checking '/home/ffelix07/Documents/LabRemo/install/nodes_comunication/lib/python3.10/site-packages'
[12.868s] Level 1:colcon.colcon_core.shell:create_environment_hook('nodes_comunication', 'pythonpath')
[12.887s] INFO:colcon.colcon_core.shell:Creating environment hook '/home/ffelix07/Documents/LabRemo/install/nodes_comunication/share/nodes_comunication/hook/pythonpath.ps1'
[12.891s] INFO:colcon.colcon_core.shell:Creating environment descriptor '/home/ffelix07/Documents/LabRemo/install/nodes_comunication/share/nodes_comunication/hook/pythonpath.dsv'
[12.895s] INFO:colcon.colcon_core.shell:Creating environment hook '/home/ffelix07/Documents/LabRemo/install/nodes_comunication/share/nodes_comunication/hook/pythonpath.sh'
[12.900s] Level 1:colcon.colcon_core.environment:checking '/home/ffelix07/Documents/LabRemo/install/nodes_comunication/bin'
[12.900s] Level 1:colcon.colcon_core.environment:create_environment_scripts_only(nodes_comunication)
[12.913s] INFO:colcon.colcon_core.shell:Creating package script '/home/ffelix07/Documents/LabRemo/install/nodes_comunication/share/nodes_comunication/package.ps1'
[12.917s] INFO:colcon.colcon_core.shell:Creating package descriptor '/home/ffelix07/Documents/LabRemo/install/nodes_comunication/share/nodes_comunication/package.dsv'
[12.919s] INFO:colcon.colcon_core.shell:Creating package script '/home/ffelix07/Documents/LabRemo/install/nodes_comunication/share/nodes_comunication/package.sh'
[12.921s] INFO:colcon.colcon_core.shell:Creating package script '/home/ffelix07/Documents/LabRemo/install/nodes_comunication/share/nodes_comunication/package.bash'
[12.923s] INFO:colcon.colcon_core.shell:Creating package script '/home/ffelix07/Documents/LabRemo/install/nodes_comunication/share/nodes_comunication/package.zsh'
[12.925s] Level 1:colcon.colcon_core.environment:create_file_with_runtime_dependencies(/home/ffelix07/Documents/LabRemo/install/nodes_comunication/share/colcon-core/packages/nodes_comunication)
[12.936s] DEBUG:colcon.colcon_core.event_handler.log_command:Invoked command in '/home/ffelix07/Documents/LabRemo/build/ros2_actions' returned '0': CMAKE_PREFIX_PATH=/home/ffelix07/Documents/LabRemo/Orchestrator/ros2_labremoto/install/nodes_comunication:/home/ffelix07/Documents/LabRemo/Orchestrator/ros2_labremoto/install/hardware:/opt/ros/humble /usr/bin/cmake /home/ffelix07/Documents/LabRemo/ros2_actions -DCMAKE_INSTALL_PREFIX=/home/ffelix07/Documents/LabRemo/install/ros2_actions
[12.940s] DEBUG:colcon.colcon_core.event_handler.log_command:Invoking command in '/home/ffelix07/Documents/LabRemo/build/ros2_actions': CMAKE_PREFIX_PATH=/home/ffelix07/Documents/LabRemo/Orchestrator/ros2_labremoto/install/nodes_comunication:/home/ffelix07/Documents/LabRemo/Orchestrator/ros2_labremoto/install/hardware:/opt/ros/humble /usr/bin/cmake --build /home/ffelix07/Documents/LabRemo/build/ros2_actions -- -j4 -l4
[13.094s] DEBUG:colcon.colcon_core.event_handler.log_command:Invoked command in '/home/ffelix07/Documents/LabRemo/build/ros2_actions' returned '0': CMAKE_PREFIX_PATH=/home/ffelix07/Documents/LabRemo/Orchestrator/ros2_labremoto/install/nodes_comunication:/home/ffelix07/Documents/LabRemo/Orchestrator/ros2_labremoto/install/hardware:/opt/ros/humble /usr/bin/cmake --build /home/ffelix07/Documents/LabRemo/build/ros2_actions -- -j4 -l4
[13.197s] DEBUG:colcon.colcon_core.event_handler.log_command:Invoking command in '/home/ffelix07/Documents/LabRemo/build/ros2_actions': CMAKE_PREFIX_PATH=/home/ffelix07/Documents/LabRemo/Orchestrator/ros2_labremoto/install/nodes_comunication:/home/ffelix07/Documents/LabRemo/Orchestrator/ros2_labremoto/install/hardware:/opt/ros/humble /usr/bin/cmake --install /home/ffelix07/Documents/LabRemo/build/ros2_actions
[13.270s] Level 1:colcon.colcon_core.environment:create_environment_scripts_only(ros2_actions)
[13.281s] DEBUG:colcon.colcon_core.event_handler.log_command:Invoked command in '/home/ffelix07/Documents/LabRemo/build/ros2_actions' returned '0': CMAKE_PREFIX_PATH=/home/ffelix07/Documents/LabRemo/Orchestrator/ros2_labremoto/install/nodes_comunication:/home/ffelix07/Documents/LabRemo/Orchestrator/ros2_labremoto/install/hardware:/opt/ros/humble /usr/bin/cmake --install /home/ffelix07/Documents/LabRemo/build/ros2_actions
[13.286s] Level 1:colcon.colcon_core.environment:checking '/home/ffelix07/Documents/LabRemo/install/ros2_actions' for CMake module files
[13.289s] Level 1:colcon.colcon_core.environment:checking '/home/ffelix07/Documents/LabRemo/install/ros2_actions' for CMake config files
[13.291s] Level 1:colcon.colcon_core.shell:create_environment_hook('ros2_actions', 'cmake_prefix_path')
[13.298s] INFO:colcon.colcon_core.shell:Creating environment hook '/home/ffelix07/Documents/LabRemo/install/ros2_actions/share/ros2_actions/hook/cmake_prefix_path.ps1'
[13.302s] INFO:colcon.colcon_core.shell:Creating environment descriptor '/home/ffelix07/Documents/LabRemo/install/ros2_actions/share/ros2_actions/hook/cmake_prefix_path.dsv'
[13.305s] INFO:colcon.colcon_core.shell:Creating environment hook '/home/ffelix07/Documents/LabRemo/install/ros2_actions/share/ros2_actions/hook/cmake_prefix_path.sh'
[13.309s] Level 1:colcon.colcon_core.environment:checking '/home/ffelix07/Documents/LabRemo/install/ros2_actions/bin'
[13.310s] Level 1:colcon.colcon_core.environment:checking '/home/ffelix07/Documents/LabRemo/install/ros2_actions/lib/pkgconfig/ros2_actions.pc'
[13.311s] Level 1:colcon.colcon_core.environment:checking '/home/ffelix07/Documents/LabRemo/install/ros2_actions/lib/python3.10/site-packages'
[13.312s] Level 1:colcon.colcon_core.environment:checking '/home/ffelix07/Documents/LabRemo/install/ros2_actions/bin'
[13.319s] INFO:colcon.colcon_core.shell:Creating package script '/home/ffelix07/Documents/LabRemo/install/ros2_actions/share/ros2_actions/package.ps1'
[13.321s] INFO:colcon.colcon_core.shell:Creating package descriptor '/home/ffelix07/Documents/LabRemo/install/ros2_actions/share/ros2_actions/package.dsv'
[13.324s] INFO:colcon.colcon_core.shell:Creating package script '/home/ffelix07/Documents/LabRemo/install/ros2_actions/share/ros2_actions/package.sh'
[13.328s] INFO:colcon.colcon_core.shell:Creating package script '/home/ffelix07/Documents/LabRemo/install/ros2_actions/share/ros2_actions/package.bash'
[13.332s] INFO:colcon.colcon_core.shell:Creating package script '/home/ffelix07/Documents/LabRemo/install/ros2_actions/share/ros2_actions/package.zsh'
[13.336s] Level 1:colcon.colcon_core.environment:create_file_with_runtime_dependencies(/home/ffelix07/Documents/LabRemo/install/ros2_actions/share/colcon-core/packages/ros2_actions)
[13.430s] Level 1:colcon.colcon_core.environment:create_environment_scripts_only(ros2_actions)
[13.440s] Level 1:colcon.colcon_core.environment:checking '/home/ffelix07/Documents/LabRemo/install/ros2_actions' for CMake module files
[13.442s] Level 1:colcon.colcon_core.environment:checking '/home/ffelix07/Documents/LabRemo/install/ros2_actions' for CMake config files
[13.444s] Level 1:colcon.colcon_core.shell:create_environment_hook('ros2_actions', 'cmake_prefix_path')
[13.450s] INFO:colcon.colcon_core.shell:Creating environment hook '/home/ffelix07/Documents/LabRemo/install/ros2_actions/share/ros2_actions/hook/cmake_prefix_path.ps1'
[13.454s] INFO:colcon.colcon_core.shell:Creating environment descriptor '/home/ffelix07/Documents/LabRemo/install/ros2_actions/share/ros2_actions/hook/cmake_prefix_path.dsv'
[13.455s] INFO:colcon.colcon_core.shell:Creating environment hook '/home/ffelix07/Documents/LabRemo/install/ros2_actions/share/ros2_actions/hook/cmake_prefix_path.sh'
[13.457s] Level 1:colcon.colcon_core.environment:checking '/home/ffelix07/Documents/LabRemo/install/ros2_actions/bin'
[13.458s] Level 1:colcon.colcon_core.environment:checking '/home/ffelix07/Documents/LabRemo/install/ros2_actions/lib/pkgconfig/ros2_actions.pc'
[13.458s] Level 1:colcon.colcon_core.environment:checking '/home/ffelix07/Documents/LabRemo/install/ros2_actions/lib/python3.10/site-packages'
[13.460s] Level 1:colcon.colcon_core.environment:checking '/home/ffelix07/Documents/LabRemo/install/ros2_actions/bin'
[13.466s] INFO:colcon.colcon_core.shell:Creating package script '/home/ffelix07/Documents/LabRemo/install/ros2_actions/share/ros2_actions/package.ps1'
[13.472s] INFO:colcon.colcon_core.shell:Creating package descriptor '/home/ffelix07/Documents/LabRemo/install/ros2_actions/share/ros2_actions/package.dsv'
[13.476s] INFO:colcon.colcon_core.shell:Creating package script '/home/ffelix07/Documents/LabRemo/install/ros2_actions/share/ros2_actions/package.sh'
[13.478s] INFO:colcon.colcon_core.shell:Creating package script '/home/ffelix07/Documents/LabRemo/install/ros2_actions/share/ros2_actions/package.bash'
[13.480s] INFO:colcon.colcon_core.shell:Creating package script '/home/ffelix07/Documents/LabRemo/install/ros2_actions/share/ros2_actions/package.zsh'
[13.482s] Level 1:colcon.colcon_core.environment:create_file_with_runtime_dependencies(/home/ffelix07/Documents/LabRemo/install/ros2_actions/share/colcon-core/packages/ros2_actions)
[13.483s] DEBUG:colcon.colcon_parallel_executor.executor.parallel:closing loop
[13.484s] DEBUG:colcon.colcon_parallel_executor.executor.parallel:loop closed
[13.485s] DEBUG:colcon.colcon_parallel_executor.executor.parallel:run_until_complete finished with '0'
[13.486s] DEBUG:colcon.colcon_core.event_reactor:joining thread
[13.519s] INFO:colcon.colcon_core.plugin_system:Skipping extension 'colcon_notification.desktop_notification.terminal_notifier': Not used on non-Darwin systems
[13.521s] INFO:colcon.colcon_core.plugin_system:Skipping extension 'colcon_notification.desktop_notification.win32': Not used on non-Windows systems
[13.521s] INFO:colcon.colcon_notification.desktop_notification:Sending desktop notification using 'notify2'
[13.682s] DEBUG:colcon.colcon_core.event_reactor:joined thread
[13.686s] INFO:colcon.colcon_core.shell:Creating prefix script '/home/ffelix07/Documents/LabRemo/install/local_setup.ps1'
[13.690s] INFO:colcon.colcon_core.shell:Creating prefix util module '/home/ffelix07/Documents/LabRemo/install/_local_setup_util_ps1.py'
[13.695s] INFO:colcon.colcon_core.shell:Creating prefix chain script '/home/ffelix07/Documents/LabRemo/install/setup.ps1'
[13.701s] INFO:colcon.colcon_core.shell:Creating prefix script '/home/ffelix07/Documents/LabRemo/install/local_setup.sh'
[13.704s] INFO:colcon.colcon_core.shell:Creating prefix util module '/home/ffelix07/Documents/LabRemo/install/_local_setup_util_sh.py'
[13.706s] INFO:colcon.colcon_core.shell:Creating prefix chain script '/home/ffelix07/Documents/LabRemo/install/setup.sh'
[13.711s] INFO:colcon.colcon_core.shell:Creating prefix script '/home/ffelix07/Documents/LabRemo/install/local_setup.bash'
[13.713s] INFO:colcon.colcon_core.shell:Creating prefix chain script '/home/ffelix07/Documents/LabRemo/install/setup.bash'
[13.718s] INFO:colcon.colcon_core.shell:Creating prefix script '/home/ffelix07/Documents/LabRemo/install/local_setup.zsh'
[13.721s] INFO:colcon.colcon_core.shell:Creating prefix chain script '/home/ffelix07/Documents/LabRemo/install/setup.zsh'
