[2.412s] Invoking command in '/home/ffelix07/Documents/LabRemo/build/ros2_actions': CMAKE_PREFIX_PATH=/home/ffelix07/Documents/LabRemo/Orchestrator/ros2_labremoto/install/nodes_comunication:/home/ffelix07/Documents/LabRemo/Orchestrator/ros2_labremoto/install/hardware:/opt/ros/humble /usr/bin/cmake --build /home/ffelix07/Documents/LabRemo/build/ros2_actions -- -j4 -l4
[2.592s] Invoked command in '/home/ffelix07/Documents/LabRemo/build/ros2_actions' returned '0': CMAKE_PREFIX_PATH=/home/ffelix07/Documents/LabRemo/Orchestrator/ros2_labremoto/install/nodes_comunication:/home/ffelix07/Documents/LabRemo/Orchestrator/ros2_labremoto/install/hardware:/opt/ros/humble /usr/bin/cmake --build /home/ffelix07/Documents/LabRemo/build/ros2_actions -- -j4 -l4
[2.762s] Invoking command in '/home/ffelix07/Documents/LabRemo/build/ros2_actions': CMAKE_PREFIX_PATH=/home/ffelix07/Documents/LabRemo/Orchestrator/ros2_labremoto/install/nodes_comunication:/home/ffelix07/Documents/LabRemo/Orchestrator/ros2_labremoto/install/hardware:/opt/ros/humble /usr/bin/cmake --install /home/ffelix07/Documents/LabRemo/build/ros2_actions
[2.793s] -- Install configuration: ""
[2.794s] -- Up-to-date: /home/ffelix07/Documents/LabRemo/install/ros2_actions/share/ament_index/resource_index/package_run_dependencies/ros2_actions
[2.794s] -- Up-to-date: /home/ffelix07/Documents/LabRemo/install/ros2_actions/share/ament_index/resource_index/parent_prefix_path/ros2_actions
[2.795s] -- Up-to-date: /home/ffelix07/Documents/LabRemo/install/ros2_actions/share/ros2_actions/environment/ament_prefix_path.sh
[2.796s] -- Up-to-date: /home/ffelix07/Documents/LabRemo/install/ros2_actions/share/ros2_actions/environment/ament_prefix_path.dsv
[2.799s] -- Up-to-date: /home/ffelix07/Documents/LabRemo/install/ros2_actions/share/ros2_actions/environment/path.sh
[2.800s] -- Up-to-date: /home/ffelix07/Documents/LabRemo/install/ros2_actions/share/ros2_actions/environment/path.dsv
[2.800s] -- Up-to-date: /home/ffelix07/Documents/LabRemo/install/ros2_actions/share/ros2_actions/local_setup.bash
[2.802s] -- Up-to-date: /home/ffelix07/Documents/LabRemo/install/ros2_actions/share/ros2_actions/local_setup.sh
[2.803s] -- Up-to-date: /home/ffelix07/Documents/LabRemo/install/ros2_actions/share/ros2_actions/local_setup.zsh
[2.804s] -- Up-to-date: /home/ffelix07/Documents/LabRemo/install/ros2_actions/share/ros2_actions/local_setup.dsv
[2.804s] -- Installing: /home/ffelix07/Documents/LabRemo/install/ros2_actions/share/ros2_actions/package.dsv
[2.814s] -- Up-to-date: /home/ffelix07/Documents/LabRemo/install/ros2_actions/share/ament_index/resource_index/packages/ros2_actions
[2.815s] -- Up-to-date: /home/ffelix07/Documents/LabRemo/install/ros2_actions/share/ros2_actions/cmake/ros2_actionsConfig.cmake
[2.816s] -- Up-to-date: /home/ffelix07/Documents/LabRemo/install/ros2_actions/share/ros2_actions/cmake/ros2_actionsConfig-version.cmake
[2.817s] -- Up-to-date: /home/ffelix07/Documents/LabRemo/install/ros2_actions/share/ros2_actions/package.xml
[2.828s] Invoked command in '/home/ffelix07/Documents/LabRemo/build/ros2_actions' returned '0': CMAKE_PREFIX_PATH=/home/ffelix07/Documents/LabRemo/Orchestrator/ros2_labremoto/install/nodes_comunication:/home/ffelix07/Documents/LabRemo/Orchestrator/ros2_labremoto/install/hardware:/opt/ros/humble /usr/bin/cmake --install /home/ffelix07/Documents/LabRemo/build/ros2_actions
