[0.411s] Invoking command in '/home/trabajo/LabRemo/Orchestrator/ros2_labremoto/src/py_pubsub': LANG=en_US.UTF-8 PYTHONPATH=/home/trabajo/LabRemo/Orchestrator/ros2_labremoto/build/py_pubsub/prefix_override:/home/trabajo/LabRemo/Orchestrator/ros2_labremoto/install/py_pubsub/lib/python3.10/site-packages:${PYTHONPATH} /usr/bin/python3 setup.py egg_info --egg-base ../../build/py_pubsub build --build-base /home/trabajo/LabRemo/Orchestrator/ros2_labremoto/build/py_pubsub/build install --record /home/trabajo/LabRemo/Orchestrator/ros2_labremoto/build/py_pubsub/install.log --single-version-externally-managed
[0.566s] running egg_info
[0.567s] writing ../../build/py_pubsub/py_pubsub.egg-info/PKG-INFO
[0.567s] writing dependency_links to ../../build/py_pubsub/py_pubsub.egg-info/dependency_links.txt
[0.567s] writing entry points to ../../build/py_pubsub/py_pubsub.egg-info/entry_points.txt
[0.568s] writing requirements to ../../build/py_pubsub/py_pubsub.egg-info/requires.txt
[0.568s] writing top-level names to ../../build/py_pubsub/py_pubsub.egg-info/top_level.txt
[0.569s] reading manifest file '../../build/py_pubsub/py_pubsub.egg-info/SOURCES.txt'
[0.570s] writing manifest file '../../build/py_pubsub/py_pubsub.egg-info/SOURCES.txt'
[0.570s] running build
[0.570s] running build_py
[0.570s] running install
[0.571s] running install_lib
[0.571s] running install_data
[0.572s] running install_egg_info
[0.573s] removing '/home/trabajo/LabRemo/Orchestrator/ros2_labremoto/install/py_pubsub/lib/python3.10/site-packages/py_pubsub-0.0.0-py3.10.egg-info' (and everything under it)
[0.573s] Copying ../../build/py_pubsub/py_pubsub.egg-info to /home/trabajo/LabRemo/Orchestrator/ros2_labremoto/install/py_pubsub/lib/python3.10/site-packages/py_pubsub-0.0.0-py3.10.egg-info
[0.574s] running install_scripts
[0.587s] writing list of installed files to '/home/trabajo/LabRemo/Orchestrator/ros2_labremoto/build/py_pubsub/install.log'
[0.608s] Invoked command in '/home/trabajo/LabRemo/Orchestrator/ros2_labremoto/src/py_pubsub' returned '0': LANG=en_US.UTF-8 PYTHONPATH=/home/trabajo/LabRemo/Orchestrator/ros2_labremoto/build/py_pubsub/prefix_override:/home/trabajo/LabRemo/Orchestrator/ros2_labremoto/install/py_pubsub/lib/python3.10/site-packages:${PYTHONPATH} /usr/bin/python3 setup.py egg_info --egg-base ../../build/py_pubsub build --build-base /home/trabajo/LabRemo/Orchestrator/ros2_labremoto/build/py_pubsub/build install --record /home/trabajo/LabRemo/Orchestrator/ros2_labremoto/build/py_pubsub/install.log --single-version-externally-managed
