[0.630s] Invoking command in '/home/ffelix07/Documents/LabRemo/Orchestrator/ros2_labremoto/build/my_mas': CMAKE_PREFIX_PATH=${CMAKE_PREFIX_PATH}:/home/ffelix07/Documents/LabRemo/Orchestrator/ros2_labremoto/install/py_pubsub:/home/ffelix07/Documents/LabRemo/Orchestrator/ros2_labremoto/install/hardware:/home/ffelix07/Documents/LabRemo/Orchestrator/ros2_labremoto/install/ament_pep257:/home/ffelix07/Documents/LabRemo/Orchestrator/ros2_labremoto/install/ament_package:/home/ffelix07/Documents/LabRemo/Orchestrator/ros2_labremoto/install/ament_flake8:/opt/ros/humble /usr/bin/cmake --build /home/ffelix07/Documents/LabRemo/Orchestrator/ros2_labremoto/build/my_mas -- -j4 -l4
[0.818s] -- Found ament_cmake: 1.3.5 (/opt/ros/humble/share/ament_cmake/cmake)
[1.862s] -- Found rosidl_default_generators: 1.2.0 (/opt/ros/humble/share/rosidl_default_generators/cmake)
[1.872s] -- Using all available rosidl_typesupport_c: rosidl_typesupport_fastrtps_c;rosidl_typesupport_introspection_c
[1.886s] -- Found rosidl_adapter: 3.1.5 (/opt/ros/humble/share/rosidl_adapter/cmake)
[2.009s] -- Using all available rosidl_typesupport_cpp: rosidl_typesupport_fastrtps_cpp;rosidl_typesupport_introspection_cpp
[2.134s] -- Found geometry_msgs: 4.2.3 (/opt/ros/humble/share/geometry_msgs/cmake)
[3.382s] [31mCMake Error at /opt/ros/humble/share/rosidl_adapter/cmake/rosidl_adapt_interfaces.cmake:59 (message):
[3.383s]   execute_process(/usr/bin/python3.10 -m rosidl_adapter --package-name my_mas
[3.383s]   --arguments-file
[3.383s]   /home/ffelix07/Documents/LabRemo/Orchestrator/ros2_labremoto/build/my_mas/rosidl_adapter__arguments__my_mas.json
[3.384s]   --output-dir
[3.384s]   /home/ffelix07/Documents/LabRemo/Orchestrator/ros2_labremoto/build/my_mas/rosidl_adapter/my_mas
[3.384s]   --output-file
[3.385s]   /home/ffelix07/Documents/LabRemo/Orchestrator/ros2_labremoto/build/my_mas/rosidl_adapter/my_mas.idls)
[3.385s]   returned error code 1:
[3.385s] 
[3.386s]   Traceback (most recent call last):
[3.387s] 
[3.387s]     File "/usr/lib/python3.10/runpy.py", line 196, in _run_module_as_main
[3.387s]       return _run_code(code, main_globals, None,
[3.387s]     File "/usr/lib/python3.10/runpy.py", line 86, in _run_code
[3.388s]       exec(code, run_globals)
[3.388s]     File "/opt/ros/humble/local/lib/python3.10/dist-packages/rosidl_adapter/__main__.py", line 19, in <module>
[3.388s]       sys.exit(main())
[3.388s]     File "/opt/ros/humble/local/lib/python3.10/dist-packages/rosidl_adapter/main.py", line 53, in main
[3.389s]       abs_idl_file = convert_to_idl(
[3.389s]     File "/opt/ros/humble/local/lib/python3.10/dist-packages/rosidl_adapter/__init__.py", line 32, in convert_to_idl
[3.389s]       assert False, f"Unsupported interface type '{interface_file.suffix}'"
[3.390s] 
[3.390s]   AssertionError: Unsupported interface type '.py'
[3.390s] 
[3.390s] Call Stack (most recent call first):
[3.391s]   /opt/ros/humble/share/rosidl_cmake/cmake/rosidl_generate_interfaces.cmake:130 (rosidl_adapt_interfaces)
[3.391s]   CMakeLists.txt:14 (rosidl_generate_interfaces)
[3.391s] 
[3.391s] [0m
[3.391s] -- Configuring incomplete, errors occurred!
[3.392s] See also "/home/ffelix07/Documents/LabRemo/Orchestrator/ros2_labremoto/build/my_mas/CMakeFiles/CMakeOutput.log".
[3.400s] gmake: *** [Makefile:1611: cmake_check_build_system] Error 1
[3.404s] Invoked command in '/home/ffelix07/Documents/LabRemo/Orchestrator/ros2_labremoto/build/my_mas' returned '2': CMAKE_PREFIX_PATH=${CMAKE_PREFIX_PATH}:/home/ffelix07/Documents/LabRemo/Orchestrator/ros2_labremoto/install/py_pubsub:/home/ffelix07/Documents/LabRemo/Orchestrator/ros2_labremoto/install/hardware:/home/ffelix07/Documents/LabRemo/Orchestrator/ros2_labremoto/install/ament_pep257:/home/ffelix07/Documents/LabRemo/Orchestrator/ros2_labremoto/install/ament_package:/home/ffelix07/Documents/LabRemo/Orchestrator/ros2_labremoto/install/ament_flake8:/opt/ros/humble /usr/bin/cmake --build /home/ffelix07/Documents/LabRemo/Orchestrator/ros2_labremoto/build/my_mas -- -j4 -l4
