[0.007s] Invoking command in '/home/trabajo/LabRemo/Orchestrator/ros2_labremoto/build/examples_rclcpp_async_client': CMAKE_PREFIX_PATH=/opt/ros/humble LANG=en_US.UTF-8 /usr/bin/cmake --build /home/trabajo/LabRemo/Orchestrator/ros2_labremoto/build/examples_rclcpp_async_client -- -j1 -l1
[0.031s] [35m[1mConsolidate compiler generated dependencies of target client_main[0m
[0.045s] [100%] Built target client_main
[0.050s] Invoked command in '/home/trabajo/LabRemo/Orchestrator/ros2_labremoto/build/examples_rclcpp_async_client' returned '0': CMAKE_PREFIX_PATH=/opt/ros/humble LANG=en_US.UTF-8 /usr/bin/cmake --build /home/trabajo/LabRemo/Orchestrator/ros2_labremoto/build/examples_rclcpp_async_client -- -j1 -l1
[0.064s] Invoking command in '/home/trabajo/LabRemo/Orchestrator/ros2_labremoto/build/examples_rclcpp_async_client': CMAKE_PREFIX_PATH=/opt/ros/humble LANG=en_US.UTF-8 /usr/bin/cmake --install /home/trabajo/LabRemo/Orchestrator/ros2_labremoto/build/examples_rclcpp_async_client
[0.068s] -- Install configuration: ""
[0.068s] -- Up-to-date: /home/trabajo/LabRemo/Orchestrator/ros2_labremoto/install/examples_rclcpp_async_client/lib/examples_rclcpp_async_client/client_main
[0.069s] -- Up-to-date: /home/trabajo/LabRemo/Orchestrator/ros2_labremoto/install/examples_rclcpp_async_client/share/ament_index/resource_index/package_run_dependencies/examples_rclcpp_async_client
[0.069s] -- Up-to-date: /home/trabajo/LabRemo/Orchestrator/ros2_labremoto/install/examples_rclcpp_async_client/share/ament_index/resource_index/parent_prefix_path/examples_rclcpp_async_client
[0.069s] -- Up-to-date: /home/trabajo/LabRemo/Orchestrator/ros2_labremoto/install/examples_rclcpp_async_client/share/examples_rclcpp_async_client/environment/ament_prefix_path.sh
[0.069s] -- Up-to-date: /home/trabajo/LabRemo/Orchestrator/ros2_labremoto/install/examples_rclcpp_async_client/share/examples_rclcpp_async_client/environment/ament_prefix_path.dsv
[0.069s] -- Up-to-date: /home/trabajo/LabRemo/Orchestrator/ros2_labremoto/install/examples_rclcpp_async_client/share/examples_rclcpp_async_client/environment/path.sh
[0.069s] -- Up-to-date: /home/trabajo/LabRemo/Orchestrator/ros2_labremoto/install/examples_rclcpp_async_client/share/examples_rclcpp_async_client/environment/path.dsv
[0.069s] -- Up-to-date: /home/trabajo/LabRemo/Orchestrator/ros2_labremoto/install/examples_rclcpp_async_client/share/examples_rclcpp_async_client/local_setup.bash
[0.069s] -- Up-to-date: /home/trabajo/LabRemo/Orchestrator/ros2_labremoto/install/examples_rclcpp_async_client/share/examples_rclcpp_async_client/local_setup.sh
[0.070s] -- Up-to-date: /home/trabajo/LabRemo/Orchestrator/ros2_labremoto/install/examples_rclcpp_async_client/share/examples_rclcpp_async_client/local_setup.zsh
[0.070s] -- Up-to-date: /home/trabajo/LabRemo/Orchestrator/ros2_labremoto/install/examples_rclcpp_async_client/share/examples_rclcpp_async_client/local_setup.dsv
[0.070s] -- Installing: /home/trabajo/LabRemo/Orchestrator/ros2_labremoto/install/examples_rclcpp_async_client/share/examples_rclcpp_async_client/package.dsv
[0.070s] -- Up-to-date: /home/trabajo/LabRemo/Orchestrator/ros2_labremoto/install/examples_rclcpp_async_client/share/ament_index/resource_index/packages/examples_rclcpp_async_client
[0.070s] -- Up-to-date: /home/trabajo/LabRemo/Orchestrator/ros2_labremoto/install/examples_rclcpp_async_client/share/examples_rclcpp_async_client/cmake/examples_rclcpp_async_clientConfig.cmake
[0.070s] -- Up-to-date: /home/trabajo/LabRemo/Orchestrator/ros2_labremoto/install/examples_rclcpp_async_client/share/examples_rclcpp_async_client/cmake/examples_rclcpp_async_clientConfig-version.cmake
[0.070s] -- Up-to-date: /home/trabajo/LabRemo/Orchestrator/ros2_labremoto/install/examples_rclcpp_async_client/share/examples_rclcpp_async_client/package.xml
[0.073s] Invoked command in '/home/trabajo/LabRemo/Orchestrator/ros2_labremoto/build/examples_rclcpp_async_client' returned '0': CMAKE_PREFIX_PATH=/opt/ros/humble LANG=en_US.UTF-8 /usr/bin/cmake --install /home/trabajo/LabRemo/Orchestrator/ros2_labremoto/build/examples_rclcpp_async_client
