running egg_info
creating ../../build/hardware/hardware.egg-info
writing ../../build/hardware/hardware.egg-info/PKG-INFO
writing dependency_links to ../../build/hardware/hardware.egg-info/dependency_links.txt
writing entry points to ../../build/hardware/hardware.egg-info/entry_points.txt
writing requirements to ../../build/hardware/hardware.egg-info/requires.txt
writing top-level names to ../../build/hardware/hardware.egg-info/top_level.txt
writing manifest file '../../build/hardware/hardware.egg-info/SOURCES.txt'
reading manifest file '../../build/hardware/hardware.egg-info/SOURCES.txt'
writing manifest file '../../build/hardware/hardware.egg-info/SOURCES.txt'
running build
running build_py
creating /home/ffelix07/Documents/LabRemo/Orchestrator/ros2_labremoto/build/hardware/build
creating /home/ffelix07/Documents/LabRemo/Orchestrator/ros2_labremoto/build/hardware/build/lib
creating /home/ffelix07/Documents/LabRemo/Orchestrator/ros2_labremoto/build/hardware/build/lib/hardware
copying hardware/__init__.py -> /home/ffelix07/Documents/LabRemo/Orchestrator/ros2_labremoto/build/hardware/build/lib/hardware
running install
/usr/lib/python3/dist-packages/setuptools/command/install.py:34: SetuptoolsDeprecationWarning: setup.py install is deprecated. Use build and pip and other standards-based tools.
  warnings.warn(
running install_lib
creating /home/ffelix07/Documents/LabRemo/Orchestrator/ros2_labremoto/install/hardware/lib/python3.10/site-packages/hardware
copying /home/ffelix07/Documents/LabRemo/Orchestrator/ros2_labremoto/build/hardware/build/lib/hardware/__init__.py -> /home/ffelix07/Documents/LabRemo/Orchestrator/ros2_labremoto/install/hardware/lib/python3.10/site-packages/hardware
byte-compiling /home/ffelix07/Documents/LabRemo/Orchestrator/ros2_labremoto/install/hardware/lib/python3.10/site-packages/hardware/__init__.py to __init__.cpython-310.pyc
running install_data
creating /home/ffelix07/Documents/LabRemo/Orchestrator/ros2_labremoto/install/hardware/share/ament_index
creating /home/ffelix07/Documents/LabRemo/Orchestrator/ros2_labremoto/install/hardware/share/ament_index/resource_index
creating /home/ffelix07/Documents/LabRemo/Orchestrator/ros2_labremoto/install/hardware/share/ament_index/resource_index/packages
copying resource/hardware -> /home/ffelix07/Documents/LabRemo/Orchestrator/ros2_labremoto/install/hardware/share/ament_index/resource_index/packages
copying package.xml -> /home/ffelix07/Documents/LabRemo/Orchestrator/ros2_labremoto/install/hardware/share/hardware
running install_egg_info
Copying ../../build/hardware/hardware.egg-info to /home/ffelix07/Documents/LabRemo/Orchestrator/ros2_labremoto/install/hardware/lib/python3.10/site-packages/hardware-0.0.0-py3.10.egg-info
running install_scripts
writing list of installed files to '/home/ffelix07/Documents/LabRemo/Orchestrator/ros2_labremoto/build/hardware/install.log'
