[1.245s] DEBUG:colcon:Command line arguments: ['/usr/bin/colcon', 'build']
[1.247s] DEBUG:colcon:Parsed command line arguments: Namespace(log_base=None, log_level=None, verb_name='build', build_base='build', install_base='install', merge_install=False, symlink_install=False, test_result_base=None, continue_on_error=False, executor='parallel', parallel_workers=4, event_handlers=None, ignore_user_meta=False, metas=['./colcon.meta'], base_paths=['.'], packages_ignore=None, packages_ignore_regex=None, paths=None, packages_up_to=None, packages_up_to_regex=None, packages_above=None, packages_above_and_dependencies=None, packages_above_depth=None, packages_select_by_dep=None, packages_skip_by_dep=None, packages_skip_up_to=None, packages_select_build_failed=False, packages_skip_build_finished=False, packages_select_test_failures=False, packages_skip_test_passed=False, packages_select=None, packages_skip=None, packages_select_regex=None, packages_skip_regex=None, packages_start=None, packages_end=None, allow_overriding=[], cmake_args=None, cmake_target=None, cmake_target_skip_unavailable=False, cmake_clean_cache=False, cmake_clean_first=False, cmake_force_configure=False, ament_cmake_args=None, catkin_cmake_args=None, catkin_skip_building_tests=False, verb_parser=<colcon_defaults.argument_parser.defaults.DefaultArgumentsDecorator object at 0x7f191a9a2710>, verb_extension=<colcon_core.verb.build.BuildVerb object at 0x7f191a9a21a0>, main=<bound method BuildVerb.main of <colcon_core.verb.build.BuildVerb object at 0x7f191a9a21a0>>)
[1.348s] Level 1:colcon.colcon_core.package_discovery:discover_packages(colcon_meta) check parameters
[1.349s] Level 1:colcon.colcon_core.package_discovery:discover_packages(recursive) check parameters
[1.349s] Level 1:colcon.colcon_core.package_discovery:discover_packages(ignore) check parameters
[1.350s] Level 1:colcon.colcon_core.package_discovery:discover_packages(path) check parameters
[1.350s] Level 1:colcon.colcon_core.package_discovery:discover_packages(colcon_meta) discover
[1.350s] Level 1:colcon.colcon_core.package_discovery:discover_packages(recursive) discover
[1.351s] INFO:colcon.colcon_core.package_discovery:Crawling recursively for packages in '/home/ffelix07/Documents/LabRemo'
[1.352s] Level 1:colcon.colcon_core.package_identification:_identify(.) by extensions ['ignore', 'ignore_ament_install']
[1.353s] Level 1:colcon.colcon_core.package_identification:_identify(.) by extension 'ignore'
[1.353s] Level 1:colcon.colcon_core.package_identification:_identify(.) by extension 'ignore_ament_install'
[1.354s] Level 1:colcon.colcon_core.package_identification:_identify(.) by extensions ['colcon_pkg']
[1.354s] Level 1:colcon.colcon_core.package_identification:_identify(.) by extension 'colcon_pkg'
[1.355s] Level 1:colcon.colcon_core.package_identification:_identify(.) by extensions ['colcon_meta']
[1.355s] Level 1:colcon.colcon_core.package_identification:_identify(.) by extension 'colcon_meta'
[1.355s] Level 1:colcon.colcon_core.package_identification:_identify(.) by extensions ['ros']
[1.356s] Level 1:colcon.colcon_core.package_identification:_identify(.) by extension 'ros'
[1.392s] Level 1:colcon.colcon_core.package_identification:_identify(.) by extensions ['cmake', 'python']
[1.392s] Level 1:colcon.colcon_core.package_identification:_identify(.) by extension 'cmake'
[1.393s] Level 1:colcon.colcon_core.package_identification:_identify(.) by extension 'python'
[1.393s] Level 1:colcon.colcon_core.package_identification:_identify(.) by extensions ['python_setup_py']
[1.394s] Level 1:colcon.colcon_core.package_identification:_identify(.) by extension 'python_setup_py'
[1.394s] Level 1:colcon.colcon_core.package_identification:_identify(Orchestrator) by extensions ['ignore', 'ignore_ament_install']
[1.395s] Level 1:colcon.colcon_core.package_identification:_identify(Orchestrator) by extension 'ignore'
[1.395s] Level 1:colcon.colcon_core.package_identification:_identify(Orchestrator) by extension 'ignore_ament_install'
[1.396s] Level 1:colcon.colcon_core.package_identification:_identify(Orchestrator) by extensions ['colcon_pkg']
[1.396s] Level 1:colcon.colcon_core.package_identification:_identify(Orchestrator) by extension 'colcon_pkg'
[1.397s] Level 1:colcon.colcon_core.package_identification:_identify(Orchestrator) by extensions ['colcon_meta']
[1.397s] Level 1:colcon.colcon_core.package_identification:_identify(Orchestrator) by extension 'colcon_meta'
[1.398s] Level 1:colcon.colcon_core.package_identification:_identify(Orchestrator) by extensions ['ros']
[1.398s] Level 1:colcon.colcon_core.package_identification:_identify(Orchestrator) by extension 'ros'
[1.399s] Level 1:colcon.colcon_core.package_identification:_identify(Orchestrator) by extensions ['cmake', 'python']
[1.399s] Level 1:colcon.colcon_core.package_identification:_identify(Orchestrator) by extension 'cmake'
[1.399s] Level 1:colcon.colcon_core.package_identification:_identify(Orchestrator) by extension 'python'
[1.400s] Level 1:colcon.colcon_core.package_identification:_identify(Orchestrator) by extensions ['python_setup_py']
[1.400s] Level 1:colcon.colcon_core.package_identification:_identify(Orchestrator) by extension 'python_setup_py'
[1.401s] Level 1:colcon.colcon_core.package_identification:_identify(Orchestrator/ros2_labremoto) by extensions ['ignore', 'ignore_ament_install']
[1.402s] Level 1:colcon.colcon_core.package_identification:_identify(Orchestrator/ros2_labremoto) by extension 'ignore'
[1.403s] Level 1:colcon.colcon_core.package_identification:_identify(Orchestrator/ros2_labremoto) by extension 'ignore_ament_install'
[1.404s] Level 1:colcon.colcon_core.package_identification:_identify(Orchestrator/ros2_labremoto) by extensions ['colcon_pkg']
[1.404s] Level 1:colcon.colcon_core.package_identification:_identify(Orchestrator/ros2_labremoto) by extension 'colcon_pkg'
[1.404s] Level 1:colcon.colcon_core.package_identification:_identify(Orchestrator/ros2_labremoto) by extensions ['colcon_meta']
[1.405s] Level 1:colcon.colcon_core.package_identification:_identify(Orchestrator/ros2_labremoto) by extension 'colcon_meta'
[1.405s] Level 1:colcon.colcon_core.package_identification:_identify(Orchestrator/ros2_labremoto) by extensions ['ros']
[1.406s] Level 1:colcon.colcon_core.package_identification:_identify(Orchestrator/ros2_labremoto) by extension 'ros'
[1.406s] Level 1:colcon.colcon_core.package_identification:_identify(Orchestrator/ros2_labremoto) by extensions ['cmake', 'python']
[1.407s] Level 1:colcon.colcon_core.package_identification:_identify(Orchestrator/ros2_labremoto) by extension 'cmake'
[1.407s] Level 1:colcon.colcon_core.package_identification:_identify(Orchestrator/ros2_labremoto) by extension 'python'
[1.408s] Level 1:colcon.colcon_core.package_identification:_identify(Orchestrator/ros2_labremoto) by extensions ['python_setup_py']
[1.408s] Level 1:colcon.colcon_core.package_identification:_identify(Orchestrator/ros2_labremoto) by extension 'python_setup_py'
[1.409s] Level 1:colcon.colcon_core.package_identification:_identify(Orchestrator/ros2_labremoto/build) by extensions ['ignore', 'ignore_ament_install']
[1.410s] Level 1:colcon.colcon_core.package_identification:_identify(Orchestrator/ros2_labremoto/build) by extension 'ignore'
[1.410s] Level 1:colcon.colcon_core.package_identification:_identify(Orchestrator/ros2_labremoto/build) ignored
[1.411s] Level 1:colcon.colcon_core.package_identification:_identify(Orchestrator/ros2_labremoto/install) by extensions ['ignore', 'ignore_ament_install']
[1.412s] Level 1:colcon.colcon_core.package_identification:_identify(Orchestrator/ros2_labremoto/install) by extension 'ignore'
[1.413s] Level 1:colcon.colcon_core.package_identification:_identify(Orchestrator/ros2_labremoto/install) ignored
[1.414s] Level 1:colcon.colcon_core.package_identification:_identify(Orchestrator/ros2_labremoto/log) by extensions ['ignore', 'ignore_ament_install']
[1.414s] Level 1:colcon.colcon_core.package_identification:_identify(Orchestrator/ros2_labremoto/log) by extension 'ignore'
[1.415s] Level 1:colcon.colcon_core.package_identification:_identify(Orchestrator/ros2_labremoto/log) ignored
[1.415s] Level 1:colcon.colcon_core.package_identification:_identify(Orchestrator/ros2_labremoto/src) by extensions ['ignore', 'ignore_ament_install']
[1.416s] Level 1:colcon.colcon_core.package_identification:_identify(Orchestrator/ros2_labremoto/src) by extension 'ignore'
[1.416s] Level 1:colcon.colcon_core.package_identification:_identify(Orchestrator/ros2_labremoto/src) by extension 'ignore_ament_install'
[1.417s] Level 1:colcon.colcon_core.package_identification:_identify(Orchestrator/ros2_labremoto/src) by extensions ['colcon_pkg']
[1.417s] Level 1:colcon.colcon_core.package_identification:_identify(Orchestrator/ros2_labremoto/src) by extension 'colcon_pkg'
[1.418s] Level 1:colcon.colcon_core.package_identification:_identify(Orchestrator/ros2_labremoto/src) by extensions ['colcon_meta']
[1.418s] Level 1:colcon.colcon_core.package_identification:_identify(Orchestrator/ros2_labremoto/src) by extension 'colcon_meta'
[1.419s] Level 1:colcon.colcon_core.package_identification:_identify(Orchestrator/ros2_labremoto/src) by extensions ['ros']
[1.420s] Level 1:colcon.colcon_core.package_identification:_identify(Orchestrator/ros2_labremoto/src) by extension 'ros'
[1.421s] Level 1:colcon.colcon_core.package_identification:_identify(Orchestrator/ros2_labremoto/src) by extensions ['cmake', 'python']
[1.422s] Level 1:colcon.colcon_core.package_identification:_identify(Orchestrator/ros2_labremoto/src) by extension 'cmake'
[1.423s] Level 1:colcon.colcon_core.package_identification:_identify(Orchestrator/ros2_labremoto/src) by extension 'python'
[1.423s] Level 1:colcon.colcon_core.package_identification:_identify(Orchestrator/ros2_labremoto/src) by extensions ['python_setup_py']
[1.424s] Level 1:colcon.colcon_core.package_identification:_identify(Orchestrator/ros2_labremoto/src) by extension 'python_setup_py'
[1.425s] Level 1:colcon.colcon_core.package_identification:_identify(Orchestrator/ros2_labremoto/src/examples) by extensions ['ignore', 'ignore_ament_install']
[1.426s] Level 1:colcon.colcon_core.package_identification:_identify(Orchestrator/ros2_labremoto/src/examples) by extension 'ignore'
[1.426s] Level 1:colcon.colcon_core.package_identification:_identify(Orchestrator/ros2_labremoto/src/examples) by extension 'ignore_ament_install'
[1.427s] Level 1:colcon.colcon_core.package_identification:_identify(Orchestrator/ros2_labremoto/src/examples) by extensions ['colcon_pkg']
[1.427s] Level 1:colcon.colcon_core.package_identification:_identify(Orchestrator/ros2_labremoto/src/examples) by extension 'colcon_pkg'
[1.428s] Level 1:colcon.colcon_core.package_identification:_identify(Orchestrator/ros2_labremoto/src/examples) by extensions ['colcon_meta']
[1.429s] Level 1:colcon.colcon_core.package_identification:_identify(Orchestrator/ros2_labremoto/src/examples) by extension 'colcon_meta'
[1.429s] Level 1:colcon.colcon_core.package_identification:_identify(Orchestrator/ros2_labremoto/src/examples) by extensions ['ros']
[1.430s] Level 1:colcon.colcon_core.package_identification:_identify(Orchestrator/ros2_labremoto/src/examples) by extension 'ros'
[1.430s] Level 1:colcon.colcon_core.package_identification:_identify(Orchestrator/ros2_labremoto/src/examples) by extensions ['cmake', 'python']
[1.431s] Level 1:colcon.colcon_core.package_identification:_identify(Orchestrator/ros2_labremoto/src/examples) by extension 'cmake'
[1.431s] Level 1:colcon.colcon_core.package_identification:_identify(Orchestrator/ros2_labremoto/src/examples) by extension 'python'
[1.432s] Level 1:colcon.colcon_core.package_identification:_identify(Orchestrator/ros2_labremoto/src/examples) by extensions ['python_setup_py']
[1.432s] Level 1:colcon.colcon_core.package_identification:_identify(Orchestrator/ros2_labremoto/src/examples) by extension 'python_setup_py'
[1.433s] Level 1:colcon.colcon_core.package_identification:_identify(Orchestrator/ros2_labremoto/src/hardware) by extensions ['ignore', 'ignore_ament_install']
[1.433s] Level 1:colcon.colcon_core.package_identification:_identify(Orchestrator/ros2_labremoto/src/hardware) by extension 'ignore'
[1.433s] Level 1:colcon.colcon_core.package_identification:_identify(Orchestrator/ros2_labremoto/src/hardware) by extension 'ignore_ament_install'
[1.434s] Level 1:colcon.colcon_core.package_identification:_identify(Orchestrator/ros2_labremoto/src/hardware) by extensions ['colcon_pkg']
[1.434s] Level 1:colcon.colcon_core.package_identification:_identify(Orchestrator/ros2_labremoto/src/hardware) by extension 'colcon_pkg'
[1.434s] Level 1:colcon.colcon_core.package_identification:_identify(Orchestrator/ros2_labremoto/src/hardware) by extensions ['colcon_meta']
[1.434s] Level 1:colcon.colcon_core.package_identification:_identify(Orchestrator/ros2_labremoto/src/hardware) by extension 'colcon_meta'
[1.435s] Level 1:colcon.colcon_core.package_identification:_identify(Orchestrator/ros2_labremoto/src/hardware) by extensions ['ros']
[1.435s] Level 1:colcon.colcon_core.package_identification:_identify(Orchestrator/ros2_labremoto/src/hardware) by extension 'ros'
[1.442s] DEBUG:colcon.colcon_core.package_identification:Package 'Orchestrator/ros2_labremoto/src/hardware' with type 'ros.ament_python' and name 'hardware'
[1.443s] Level 1:colcon.colcon_core.package_identification:_identify(Orchestrator/ros2_labremoto/src/nodes_comunication) by extensions ['ignore', 'ignore_ament_install']
[1.443s] Level 1:colcon.colcon_core.package_identification:_identify(Orchestrator/ros2_labremoto/src/nodes_comunication) by extension 'ignore'
[1.443s] Level 1:colcon.colcon_core.package_identification:_identify(Orchestrator/ros2_labremoto/src/nodes_comunication) by extension 'ignore_ament_install'
[1.444s] Level 1:colcon.colcon_core.package_identification:_identify(Orchestrator/ros2_labremoto/src/nodes_comunication) by extensions ['colcon_pkg']
[1.444s] Level 1:colcon.colcon_core.package_identification:_identify(Orchestrator/ros2_labremoto/src/nodes_comunication) by extension 'colcon_pkg'
[1.444s] Level 1:colcon.colcon_core.package_identification:_identify(Orchestrator/ros2_labremoto/src/nodes_comunication) by extensions ['colcon_meta']
[1.444s] Level 1:colcon.colcon_core.package_identification:_identify(Orchestrator/ros2_labremoto/src/nodes_comunication) by extension 'colcon_meta'
[1.444s] Level 1:colcon.colcon_core.package_identification:_identify(Orchestrator/ros2_labremoto/src/nodes_comunication) by extensions ['ros']
[1.444s] Level 1:colcon.colcon_core.package_identification:_identify(Orchestrator/ros2_labremoto/src/nodes_comunication) by extension 'ros'
[1.447s] DEBUG:colcon.colcon_core.package_identification:Package 'Orchestrator/ros2_labremoto/src/nodes_comunication' with type 'ros.ament_python' and name 'nodes_comunication'
[1.447s] Level 1:colcon.colcon_core.package_identification:_identify(build) by extensions ['ignore', 'ignore_ament_install']
[1.447s] Level 1:colcon.colcon_core.package_identification:_identify(build) by extension 'ignore'
[1.448s] Level 1:colcon.colcon_core.package_identification:_identify(build) ignored
[1.448s] Level 1:colcon.colcon_core.package_identification:_identify(install) by extensions ['ignore', 'ignore_ament_install']
[1.448s] Level 1:colcon.colcon_core.package_identification:_identify(install) by extension 'ignore'
[1.449s] Level 1:colcon.colcon_core.package_identification:_identify(install) ignored
[1.449s] Level 1:colcon.colcon_core.package_identification:_identify(log) by extensions ['ignore', 'ignore_ament_install']
[1.450s] Level 1:colcon.colcon_core.package_identification:_identify(log) by extension 'ignore'
[1.450s] Level 1:colcon.colcon_core.package_identification:_identify(log) ignored
[1.450s] Level 1:colcon.colcon_core.package_identification:_identify(ros2_actions) by extensions ['ignore', 'ignore_ament_install']
[1.451s] Level 1:colcon.colcon_core.package_identification:_identify(ros2_actions) by extension 'ignore'
[1.451s] Level 1:colcon.colcon_core.package_identification:_identify(ros2_actions) by extension 'ignore_ament_install'
[1.451s] Level 1:colcon.colcon_core.package_identification:_identify(ros2_actions) by extensions ['colcon_pkg']
[1.451s] Level 1:colcon.colcon_core.package_identification:_identify(ros2_actions) by extension 'colcon_pkg'
[1.452s] Level 1:colcon.colcon_core.package_identification:_identify(ros2_actions) by extensions ['colcon_meta']
[1.452s] Level 1:colcon.colcon_core.package_identification:_identify(ros2_actions) by extension 'colcon_meta'
[1.452s] Level 1:colcon.colcon_core.package_identification:_identify(ros2_actions) by extensions ['ros']
[1.452s] Level 1:colcon.colcon_core.package_identification:_identify(ros2_actions) by extension 'ros'
[1.454s] DEBUG:colcon.colcon_core.package_identification:Package 'ros2_actions' with type 'ros.ament_cmake' and name 'ros2_actions'
[1.454s] Level 1:colcon.colcon_core.package_identification:_identify(web_site) by extensions ['ignore', 'ignore_ament_install']
[1.455s] Level 1:colcon.colcon_core.package_identification:_identify(web_site) by extension 'ignore'
[1.455s] Level 1:colcon.colcon_core.package_identification:_identify(web_site) by extension 'ignore_ament_install'
[1.455s] Level 1:colcon.colcon_core.package_identification:_identify(web_site) by extensions ['colcon_pkg']
[1.455s] Level 1:colcon.colcon_core.package_identification:_identify(web_site) by extension 'colcon_pkg'
[1.455s] Level 1:colcon.colcon_core.package_identification:_identify(web_site) by extensions ['colcon_meta']
[1.455s] Level 1:colcon.colcon_core.package_identification:_identify(web_site) by extension 'colcon_meta'
[1.455s] Level 1:colcon.colcon_core.package_identification:_identify(web_site) by extensions ['ros']
[1.456s] Level 1:colcon.colcon_core.package_identification:_identify(web_site) by extension 'ros'
[1.456s] Level 1:colcon.colcon_core.package_identification:_identify(web_site) by extensions ['cmake', 'python']
[1.456s] Level 1:colcon.colcon_core.package_identification:_identify(web_site) by extension 'cmake'
[1.456s] Level 1:colcon.colcon_core.package_identification:_identify(web_site) by extension 'python'
[1.456s] Level 1:colcon.colcon_core.package_identification:_identify(web_site) by extensions ['python_setup_py']
[1.456s] Level 1:colcon.colcon_core.package_identification:_identify(web_site) by extension 'python_setup_py'
[1.457s] Level 1:colcon.colcon_core.package_identification:_identify(web_site/backend) by extensions ['ignore', 'ignore_ament_install']
[1.457s] Level 1:colcon.colcon_core.package_identification:_identify(web_site/backend) by extension 'ignore'
[1.457s] Level 1:colcon.colcon_core.package_identification:_identify(web_site/backend) by extension 'ignore_ament_install'
[1.458s] Level 1:colcon.colcon_core.package_identification:_identify(web_site/backend) by extensions ['colcon_pkg']
[1.458s] Level 1:colcon.colcon_core.package_identification:_identify(web_site/backend) by extension 'colcon_pkg'
[1.458s] Level 1:colcon.colcon_core.package_identification:_identify(web_site/backend) by extensions ['colcon_meta']
[1.458s] Level 1:colcon.colcon_core.package_identification:_identify(web_site/backend) by extension 'colcon_meta'
[1.458s] Level 1:colcon.colcon_core.package_identification:_identify(web_site/backend) by extensions ['ros']
[1.458s] Level 1:colcon.colcon_core.package_identification:_identify(web_site/backend) by extension 'ros'
[1.459s] Level 1:colcon.colcon_core.package_identification:_identify(web_site/backend) by extensions ['cmake', 'python']
[1.459s] Level 1:colcon.colcon_core.package_identification:_identify(web_site/backend) by extension 'cmake'
[1.459s] Level 1:colcon.colcon_core.package_identification:_identify(web_site/backend) by extension 'python'
[1.459s] Level 1:colcon.colcon_core.package_identification:_identify(web_site/backend) by extensions ['python_setup_py']
[1.459s] Level 1:colcon.colcon_core.package_identification:_identify(web_site/backend) by extension 'python_setup_py'
[1.460s] Level 1:colcon.colcon_core.package_identification:_identify(web_site/frontend) by extensions ['ignore', 'ignore_ament_install']
[1.460s] Level 1:colcon.colcon_core.package_identification:_identify(web_site/frontend) by extension 'ignore'
[1.460s] Level 1:colcon.colcon_core.package_identification:_identify(web_site/frontend) by extension 'ignore_ament_install'
[1.461s] Level 1:colcon.colcon_core.package_identification:_identify(web_site/frontend) by extensions ['colcon_pkg']
[1.461s] Level 1:colcon.colcon_core.package_identification:_identify(web_site/frontend) by extension 'colcon_pkg'
[1.461s] Level 1:colcon.colcon_core.package_identification:_identify(web_site/frontend) by extensions ['colcon_meta']
[1.461s] Level 1:colcon.colcon_core.package_identification:_identify(web_site/frontend) by extension 'colcon_meta'
[1.461s] Level 1:colcon.colcon_core.package_identification:_identify(web_site/frontend) by extensions ['ros']
[1.462s] Level 1:colcon.colcon_core.package_identification:_identify(web_site/frontend) by extension 'ros'
[1.462s] Level 1:colcon.colcon_core.package_identification:_identify(web_site/frontend) by extensions ['cmake', 'python']
[1.462s] Level 1:colcon.colcon_core.package_identification:_identify(web_site/frontend) by extension 'cmake'
[1.462s] Level 1:colcon.colcon_core.package_identification:_identify(web_site/frontend) by extension 'python'
[1.463s] Level 1:colcon.colcon_core.package_identification:_identify(web_site/frontend) by extensions ['python_setup_py']
[1.463s] Level 1:colcon.colcon_core.package_identification:_identify(web_site/frontend) by extension 'python_setup_py'
[1.463s] Level 1:colcon.colcon_core.package_discovery:discover_packages(recursive) using defaults
[1.463s] Level 1:colcon.colcon_core.package_discovery:discover_packages(ignore) discover
[1.463s] Level 1:colcon.colcon_core.package_discovery:discover_packages(ignore) using defaults
[1.463s] Level 1:colcon.colcon_core.package_discovery:discover_packages(path) discover
[1.463s] Level 1:colcon.colcon_core.package_discovery:discover_packages(path) using defaults
[1.547s] Level 1:colcon.colcon_core.package_discovery:discover_packages(prefix_path) check parameters
[1.547s] Level 1:colcon.colcon_core.package_discovery:discover_packages(prefix_path) discover
[1.552s] WARNING:colcon.colcon_ros.prefix_path.ament:The path '/home/ffelix07/Documents/LabRemo/Orchestrator/ros2_labremoto/install/nodes_comunication' in the environment variable AMENT_PREFIX_PATH doesn't exist
[1.556s] DEBUG:colcon.colcon_installed_package_information.package_discovery:Found 1 installed packages in /home/ffelix07/Documents/LabRemo/Orchestrator/ros2_labremoto/install
[1.563s] DEBUG:colcon.colcon_installed_package_information.package_discovery:Found 185 installed packages in /opt/ros/humble
[1.567s] Level 1:colcon.colcon_core.package_discovery:discover_packages(prefix_path) using defaults
[1.748s] Level 5:colcon.colcon_core.verb:set package 'hardware' build argument 'cmake_args' from command line to 'None'
[1.749s] Level 5:colcon.colcon_core.verb:set package 'hardware' build argument 'cmake_target' from command line to 'None'
[1.749s] Level 5:colcon.colcon_core.verb:set package 'hardware' build argument 'cmake_target_skip_unavailable' from command line to 'False'
[1.749s] Level 5:colcon.colcon_core.verb:set package 'hardware' build argument 'cmake_clean_cache' from command line to 'False'
[1.749s] Level 5:colcon.colcon_core.verb:set package 'hardware' build argument 'cmake_clean_first' from command line to 'False'
[1.749s] Level 5:colcon.colcon_core.verb:set package 'hardware' build argument 'cmake_force_configure' from command line to 'False'
[1.749s] Level 5:colcon.colcon_core.verb:set package 'hardware' build argument 'ament_cmake_args' from command line to 'None'
[1.750s] Level 5:colcon.colcon_core.verb:set package 'hardware' build argument 'catkin_cmake_args' from command line to 'None'
[1.750s] Level 5:colcon.colcon_core.verb:set package 'hardware' build argument 'catkin_skip_building_tests' from command line to 'False'
[1.750s] DEBUG:colcon.colcon_core.verb:Building package 'hardware' with the following arguments: {'ament_cmake_args': None, 'build_base': '/home/ffelix07/Documents/LabRemo/build/hardware', 'catkin_cmake_args': None, 'catkin_skip_building_tests': False, 'cmake_args': None, 'cmake_clean_cache': False, 'cmake_clean_first': False, 'cmake_force_configure': False, 'cmake_target': None, 'cmake_target_skip_unavailable': False, 'install_base': '/home/ffelix07/Documents/LabRemo/install/hardware', 'merge_install': False, 'path': '/home/ffelix07/Documents/LabRemo/Orchestrator/ros2_labremoto/src/hardware', 'symlink_install': False, 'test_result_base': None}
[1.753s] Level 5:colcon.colcon_core.verb:set package 'nodes_comunication' build argument 'cmake_args' from command line to 'None'
[1.754s] Level 5:colcon.colcon_core.verb:set package 'nodes_comunication' build argument 'cmake_target' from command line to 'None'
[1.754s] Level 5:colcon.colcon_core.verb:set package 'nodes_comunication' build argument 'cmake_target_skip_unavailable' from command line to 'False'
[1.754s] Level 5:colcon.colcon_core.verb:set package 'nodes_comunication' build argument 'cmake_clean_cache' from command line to 'False'
[1.754s] Level 5:colcon.colcon_core.verb:set package 'nodes_comunication' build argument 'cmake_clean_first' from command line to 'False'
[1.754s] Level 5:colcon.colcon_core.verb:set package 'nodes_comunication' build argument 'cmake_force_configure' from command line to 'False'
[1.754s] Level 5:colcon.colcon_core.verb:set package 'nodes_comunication' build argument 'ament_cmake_args' from command line to 'None'
[1.754s] Level 5:colcon.colcon_core.verb:set package 'nodes_comunication' build argument 'catkin_cmake_args' from command line to 'None'
[1.754s] Level 5:colcon.colcon_core.verb:set package 'nodes_comunication' build argument 'catkin_skip_building_tests' from command line to 'False'
[1.754s] DEBUG:colcon.colcon_core.verb:Building package 'nodes_comunication' with the following arguments: {'ament_cmake_args': None, 'build_base': '/home/ffelix07/Documents/LabRemo/build/nodes_comunication', 'catkin_cmake_args': None, 'catkin_skip_building_tests': False, 'cmake_args': None, 'cmake_clean_cache': False, 'cmake_clean_first': False, 'cmake_force_configure': False, 'cmake_target': None, 'cmake_target_skip_unavailable': False, 'install_base': '/home/ffelix07/Documents/LabRemo/install/nodes_comunication', 'merge_install': False, 'path': '/home/ffelix07/Documents/LabRemo/Orchestrator/ros2_labremoto/src/nodes_comunication', 'symlink_install': False, 'test_result_base': None}
[1.758s] Level 5:colcon.colcon_core.verb:set package 'ros2_actions' build argument 'cmake_args' from command line to 'None'
[1.759s] Level 5:colcon.colcon_core.verb:set package 'ros2_actions' build argument 'cmake_target' from command line to 'None'
[1.759s] Level 5:colcon.colcon_core.verb:set package 'ros2_actions' build argument 'cmake_target_skip_unavailable' from command line to 'False'
[1.759s] Level 5:colcon.colcon_core.verb:set package 'ros2_actions' build argument 'cmake_clean_cache' from command line to 'False'
[1.759s] Level 5:colcon.colcon_core.verb:set package 'ros2_actions' build argument 'cmake_clean_first' from command line to 'False'
[1.759s] Level 5:colcon.colcon_core.verb:set package 'ros2_actions' build argument 'cmake_force_configure' from command line to 'False'
[1.759s] Level 5:colcon.colcon_core.verb:set package 'ros2_actions' build argument 'ament_cmake_args' from command line to 'None'
[1.759s] Level 5:colcon.colcon_core.verb:set package 'ros2_actions' build argument 'catkin_cmake_args' from command line to 'None'
[1.759s] Level 5:colcon.colcon_core.verb:set package 'ros2_actions' build argument 'catkin_skip_building_tests' from command line to 'False'
[1.759s] DEBUG:colcon.colcon_core.verb:Building package 'ros2_actions' with the following arguments: {'ament_cmake_args': None, 'build_base': '/home/ffelix07/Documents/LabRemo/build/ros2_actions', 'catkin_cmake_args': None, 'catkin_skip_building_tests': False, 'cmake_args': None, 'cmake_clean_cache': False, 'cmake_clean_first': False, 'cmake_force_configure': False, 'cmake_target': None, 'cmake_target_skip_unavailable': False, 'install_base': '/home/ffelix07/Documents/LabRemo/install/ros2_actions', 'merge_install': False, 'path': '/home/ffelix07/Documents/LabRemo/ros2_actions', 'symlink_install': False, 'test_result_base': None}
[1.761s] INFO:colcon.colcon_core.executor:Executing jobs using 'parallel' executor
[1.773s] DEBUG:colcon.colcon_parallel_executor.executor.parallel:run_until_complete
[1.774s] INFO:colcon.colcon_ros.task.ament_python.build:Building ROS package in '/home/ffelix07/Documents/LabRemo/Orchestrator/ros2_labremoto/src/hardware' with build type 'ament_python'
[1.774s] Level 1:colcon.colcon_core.shell:create_environment_hook('hardware', 'ament_prefix_path')
[1.796s] INFO:colcon.colcon_core.plugin_system:Skipping extension 'colcon_core.shell.bat': Not used on non-Windows systems
[1.797s] INFO:colcon.colcon_core.shell:Creating environment hook '/home/ffelix07/Documents/LabRemo/install/hardware/share/hardware/hook/ament_prefix_path.ps1'
[1.801s] INFO:colcon.colcon_core.shell:Creating environment descriptor '/home/ffelix07/Documents/LabRemo/install/hardware/share/hardware/hook/ament_prefix_path.dsv'
[1.803s] INFO:colcon.colcon_core.shell:Creating environment hook '/home/ffelix07/Documents/LabRemo/install/hardware/share/hardware/hook/ament_prefix_path.sh'
[1.810s] INFO:colcon.colcon_core.shell:Skip shell extension 'powershell' for command environment: Not usable outside of PowerShell
[1.810s] DEBUG:colcon.colcon_core.shell:Skip shell extension 'dsv' for command environment
[1.829s] INFO:colcon.colcon_ros.task.ament_python.build:Building ROS package in '/home/ffelix07/Documents/LabRemo/Orchestrator/ros2_labremoto/src/nodes_comunication' with build type 'ament_python'
[1.830s] Level 1:colcon.colcon_core.shell:create_environment_hook('nodes_comunication', 'ament_prefix_path')
[1.837s] INFO:colcon.colcon_core.shell:Creating environment hook '/home/ffelix07/Documents/LabRemo/install/nodes_comunication/share/nodes_comunication/hook/ament_prefix_path.ps1'
[1.840s] INFO:colcon.colcon_core.shell:Creating environment descriptor '/home/ffelix07/Documents/LabRemo/install/nodes_comunication/share/nodes_comunication/hook/ament_prefix_path.dsv'
[1.842s] INFO:colcon.colcon_core.shell:Creating environment hook '/home/ffelix07/Documents/LabRemo/install/nodes_comunication/share/nodes_comunication/hook/ament_prefix_path.sh'
[1.851s] INFO:colcon.colcon_core.shell:Skip shell extension 'powershell' for command environment: Not usable outside of PowerShell
[1.851s] DEBUG:colcon.colcon_core.shell:Skip shell extension 'dsv' for command environment
[1.870s] INFO:colcon.colcon_ros.task.ament_cmake.build:Building ROS package in '/home/ffelix07/Documents/LabRemo/ros2_actions' with build type 'ament_cmake'
[1.872s] INFO:colcon.colcon_cmake.task.cmake.build:Building CMake package in '/home/ffelix07/Documents/LabRemo/ros2_actions'
[1.883s] INFO:colcon.colcon_core.shell:Skip shell extension 'powershell' for command environment: Not usable outside of PowerShell
[1.884s] DEBUG:colcon.colcon_core.shell:Skip shell extension 'dsv' for command environment
[3.201s] INFO:colcon.colcon_core.task.python.build:Building Python package in '/home/ffelix07/Documents/LabRemo/Orchestrator/ros2_labremoto/src/hardware'
[3.207s] INFO:colcon.colcon_core.shell:Skip shell extension 'powershell' for command environment: Not usable outside of PowerShell
[3.207s] DEBUG:colcon.colcon_core.shell:Skip shell extension 'dsv' for command environment
[4.295s] INFO:colcon.colcon_core.task.python.build:Building Python package in '/home/ffelix07/Documents/LabRemo/Orchestrator/ros2_labremoto/src/nodes_comunication'
[4.300s] INFO:colcon.colcon_core.shell:Skip shell extension 'powershell' for command environment: Not usable outside of PowerShell
[4.301s] DEBUG:colcon.colcon_core.shell:Skip shell extension 'dsv' for command environment
[4.343s] DEBUG:colcon.colcon_core.event_handler.log_command:Invoking command in '/home/ffelix07/Documents/LabRemo/build/ros2_actions': CMAKE_PREFIX_PATH=/home/ffelix07/Documents/LabRemo/Orchestrator/ros2_labremoto/install/nodes_comunication:/home/ffelix07/Documents/LabRemo/Orchestrator/ros2_labremoto/install/hardware:/opt/ros/humble /usr/bin/cmake --build /home/ffelix07/Documents/LabRemo/build/ros2_actions -- -j4 -l4
[4.494s] DEBUG:colcon.colcon_core.event_handler.log_command:Invoked command in '/home/ffelix07/Documents/LabRemo/build/ros2_actions' returned '0': CMAKE_PREFIX_PATH=/home/ffelix07/Documents/LabRemo/Orchestrator/ros2_labremoto/install/nodes_comunication:/home/ffelix07/Documents/LabRemo/Orchestrator/ros2_labremoto/install/hardware:/opt/ros/humble /usr/bin/cmake --build /home/ffelix07/Documents/LabRemo/build/ros2_actions -- -j4 -l4
[4.700s] DEBUG:colcon.colcon_core.event_handler.log_command:Invoking command in '/home/ffelix07/Documents/LabRemo/build/ros2_actions': CMAKE_PREFIX_PATH=/home/ffelix07/Documents/LabRemo/Orchestrator/ros2_labremoto/install/nodes_comunication:/home/ffelix07/Documents/LabRemo/Orchestrator/ros2_labremoto/install/hardware:/opt/ros/humble /usr/bin/cmake --install /home/ffelix07/Documents/LabRemo/build/ros2_actions
[4.760s] Level 1:colcon.colcon_core.environment:create_environment_scripts_only(ros2_actions)
[4.768s] DEBUG:colcon.colcon_core.event_handler.log_command:Invoked command in '/home/ffelix07/Documents/LabRemo/build/ros2_actions' returned '0': CMAKE_PREFIX_PATH=/home/ffelix07/Documents/LabRemo/Orchestrator/ros2_labremoto/install/nodes_comunication:/home/ffelix07/Documents/LabRemo/Orchestrator/ros2_labremoto/install/hardware:/opt/ros/humble /usr/bin/cmake --install /home/ffelix07/Documents/LabRemo/build/ros2_actions
[4.798s] Level 1:colcon.colcon_core.environment:checking '/home/ffelix07/Documents/LabRemo/install/ros2_actions' for CMake module files
[4.802s] Level 1:colcon.colcon_core.environment:checking '/home/ffelix07/Documents/LabRemo/install/ros2_actions' for CMake config files
[4.807s] Level 1:colcon.colcon_core.shell:create_environment_hook('ros2_actions', 'cmake_prefix_path')
[4.827s] INFO:colcon.colcon_core.shell:Creating environment hook '/home/ffelix07/Documents/LabRemo/install/ros2_actions/share/ros2_actions/hook/cmake_prefix_path.ps1'
[4.832s] INFO:colcon.colcon_core.shell:Creating environment descriptor '/home/ffelix07/Documents/LabRemo/install/ros2_actions/share/ros2_actions/hook/cmake_prefix_path.dsv'
[4.834s] INFO:colcon.colcon_core.shell:Creating environment hook '/home/ffelix07/Documents/LabRemo/install/ros2_actions/share/ros2_actions/hook/cmake_prefix_path.sh'
[4.836s] Level 1:colcon.colcon_core.environment:checking '/home/ffelix07/Documents/LabRemo/install/ros2_actions/bin'
[4.841s] Level 1:colcon.colcon_core.environment:checking '/home/ffelix07/Documents/LabRemo/install/ros2_actions/lib/pkgconfig/ros2_actions.pc'
[4.842s] Level 1:colcon.colcon_core.environment:checking '/home/ffelix07/Documents/LabRemo/install/ros2_actions/lib/python3.10/site-packages'
[4.843s] Level 1:colcon.colcon_core.environment:checking '/home/ffelix07/Documents/LabRemo/install/ros2_actions/bin'
[4.848s] INFO:colcon.colcon_core.shell:Creating package script '/home/ffelix07/Documents/LabRemo/install/ros2_actions/share/ros2_actions/package.ps1'
[4.859s] INFO:colcon.colcon_core.shell:Creating package descriptor '/home/ffelix07/Documents/LabRemo/install/ros2_actions/share/ros2_actions/package.dsv'
[4.864s] INFO:colcon.colcon_core.shell:Creating package script '/home/ffelix07/Documents/LabRemo/install/ros2_actions/share/ros2_actions/package.sh'
[4.867s] INFO:colcon.colcon_core.shell:Creating package script '/home/ffelix07/Documents/LabRemo/install/ros2_actions/share/ros2_actions/package.bash'
[4.874s] INFO:colcon.colcon_core.shell:Creating package script '/home/ffelix07/Documents/LabRemo/install/ros2_actions/share/ros2_actions/package.zsh'
[4.880s] Level 1:colcon.colcon_core.environment:create_file_with_runtime_dependencies(/home/ffelix07/Documents/LabRemo/install/ros2_actions/share/colcon-core/packages/ros2_actions)
[4.999s] Level 1:colcon.colcon_core.environment:create_environment_scripts_only(ros2_actions)
[5.007s] Level 1:colcon.colcon_core.environment:checking '/home/ffelix07/Documents/LabRemo/install/ros2_actions' for CMake module files
[5.009s] Level 1:colcon.colcon_core.environment:checking '/home/ffelix07/Documents/LabRemo/install/ros2_actions' for CMake config files
[5.010s] Level 1:colcon.colcon_core.shell:create_environment_hook('ros2_actions', 'cmake_prefix_path')
[5.023s] INFO:colcon.colcon_core.shell:Creating environment hook '/home/ffelix07/Documents/LabRemo/install/ros2_actions/share/ros2_actions/hook/cmake_prefix_path.ps1'
[5.026s] INFO:colcon.colcon_core.shell:Creating environment descriptor '/home/ffelix07/Documents/LabRemo/install/ros2_actions/share/ros2_actions/hook/cmake_prefix_path.dsv'
[5.029s] INFO:colcon.colcon_core.shell:Creating environment hook '/home/ffelix07/Documents/LabRemo/install/ros2_actions/share/ros2_actions/hook/cmake_prefix_path.sh'
[5.032s] Level 1:colcon.colcon_core.environment:checking '/home/ffelix07/Documents/LabRemo/install/ros2_actions/bin'
[5.032s] Level 1:colcon.colcon_core.environment:checking '/home/ffelix07/Documents/LabRemo/install/ros2_actions/lib/pkgconfig/ros2_actions.pc'
[5.033s] Level 1:colcon.colcon_core.environment:checking '/home/ffelix07/Documents/LabRemo/install/ros2_actions/lib/python3.10/site-packages'
[5.034s] Level 1:colcon.colcon_core.environment:checking '/home/ffelix07/Documents/LabRemo/install/ros2_actions/bin'
[5.043s] INFO:colcon.colcon_core.shell:Creating package script '/home/ffelix07/Documents/LabRemo/install/ros2_actions/share/ros2_actions/package.ps1'
[5.050s] INFO:colcon.colcon_core.shell:Creating package descriptor '/home/ffelix07/Documents/LabRemo/install/ros2_actions/share/ros2_actions/package.dsv'
[5.059s] INFO:colcon.colcon_core.shell:Creating package script '/home/ffelix07/Documents/LabRemo/install/ros2_actions/share/ros2_actions/package.sh'
[5.063s] INFO:colcon.colcon_core.shell:Creating package script '/home/ffelix07/Documents/LabRemo/install/ros2_actions/share/ros2_actions/package.bash'
[5.068s] INFO:colcon.colcon_core.shell:Creating package script '/home/ffelix07/Documents/LabRemo/install/ros2_actions/share/ros2_actions/package.zsh'
[5.070s] Level 1:colcon.colcon_core.environment:create_file_with_runtime_dependencies(/home/ffelix07/Documents/LabRemo/install/ros2_actions/share/colcon-core/packages/ros2_actions)
[5.866s] DEBUG:colcon.colcon_core.event_handler.log_command:Invoking command in '/home/ffelix07/Documents/LabRemo/Orchestrator/ros2_labremoto/src/nodes_comunication': PYTHONPATH=/home/ffelix07/Documents/LabRemo/build/nodes_comunication/prefix_override:/home/ffelix07/Documents/LabRemo/install/nodes_comunication/lib/python3.10/site-packages:${PYTHONPATH} /usr/bin/python3 setup.py egg_info --egg-base ../../../../build/nodes_comunication build --build-base /home/ffelix07/Documents/LabRemo/build/nodes_comunication/build install --record /home/ffelix07/Documents/LabRemo/build/nodes_comunication/install.log --single-version-externally-managed
[6.073s] DEBUG:colcon.colcon_core.event_handler.log_command:Invoking command in '/home/ffelix07/Documents/LabRemo/Orchestrator/ros2_labremoto/src/hardware': PYTHONPATH=/home/ffelix07/Documents/LabRemo/build/hardware/prefix_override:/home/ffelix07/Documents/LabRemo/install/hardware/lib/python3.10/site-packages:${PYTHONPATH} /usr/bin/python3 setup.py egg_info --egg-base ../../../../build/hardware build --build-base /home/ffelix07/Documents/LabRemo/build/hardware/build install --record /home/ffelix07/Documents/LabRemo/build/hardware/install.log --single-version-externally-managed
[7.213s] DEBUG:colcon.colcon_core.event_handler.log_command:Invoked command in '/home/ffelix07/Documents/LabRemo/Orchestrator/ros2_labremoto/src/nodes_comunication' returned '0': PYTHONPATH=/home/ffelix07/Documents/LabRemo/build/nodes_comunication/prefix_override:/home/ffelix07/Documents/LabRemo/install/nodes_comunication/lib/python3.10/site-packages:${PYTHONPATH} /usr/bin/python3 setup.py egg_info --egg-base ../../../../build/nodes_comunication build --build-base /home/ffelix07/Documents/LabRemo/build/nodes_comunication/build install --record /home/ffelix07/Documents/LabRemo/build/nodes_comunication/install.log --single-version-externally-managed
[7.214s] Level 1:colcon.colcon_core.environment:checking '/home/ffelix07/Documents/LabRemo/install/nodes_comunication' for CMake module files
[7.221s] Level 1:colcon.colcon_core.environment:checking '/home/ffelix07/Documents/LabRemo/install/nodes_comunication' for CMake config files
[7.226s] Level 1:colcon.colcon_core.environment:checking '/home/ffelix07/Documents/LabRemo/install/nodes_comunication/lib'
[7.233s] Level 1:colcon.colcon_core.environment:checking '/home/ffelix07/Documents/LabRemo/install/nodes_comunication/bin'
[7.233s] Level 1:colcon.colcon_core.environment:checking '/home/ffelix07/Documents/LabRemo/install/nodes_comunication/lib/pkgconfig/nodes_comunication.pc'
[7.234s] Level 1:colcon.colcon_core.environment:checking '/home/ffelix07/Documents/LabRemo/install/nodes_comunication/lib/python3.10/site-packages'
[7.234s] Level 1:colcon.colcon_core.shell:create_environment_hook('nodes_comunication', 'pythonpath')
[7.241s] INFO:colcon.colcon_core.shell:Creating environment hook '/home/ffelix07/Documents/LabRemo/install/nodes_comunication/share/nodes_comunication/hook/pythonpath.ps1'
[7.246s] INFO:colcon.colcon_core.shell:Creating environment descriptor '/home/ffelix07/Documents/LabRemo/install/nodes_comunication/share/nodes_comunication/hook/pythonpath.dsv'
[7.248s] INFO:colcon.colcon_core.shell:Creating environment hook '/home/ffelix07/Documents/LabRemo/install/nodes_comunication/share/nodes_comunication/hook/pythonpath.sh'
[7.252s] Level 1:colcon.colcon_core.environment:checking '/home/ffelix07/Documents/LabRemo/install/nodes_comunication/bin'
[7.253s] Level 1:colcon.colcon_core.environment:create_environment_scripts_only(nodes_comunication)
[7.258s] INFO:colcon.colcon_core.shell:Creating package script '/home/ffelix07/Documents/LabRemo/install/nodes_comunication/share/nodes_comunication/package.ps1'
[7.260s] INFO:colcon.colcon_core.shell:Creating package descriptor '/home/ffelix07/Documents/LabRemo/install/nodes_comunication/share/nodes_comunication/package.dsv'
[7.262s] INFO:colcon.colcon_core.shell:Creating package script '/home/ffelix07/Documents/LabRemo/install/nodes_comunication/share/nodes_comunication/package.sh'
[7.264s] INFO:colcon.colcon_core.shell:Creating package script '/home/ffelix07/Documents/LabRemo/install/nodes_comunication/share/nodes_comunication/package.bash'
[7.266s] INFO:colcon.colcon_core.shell:Creating package script '/home/ffelix07/Documents/LabRemo/install/nodes_comunication/share/nodes_comunication/package.zsh'
[7.271s] Level 1:colcon.colcon_core.environment:create_file_with_runtime_dependencies(/home/ffelix07/Documents/LabRemo/install/nodes_comunication/share/colcon-core/packages/nodes_comunication)
[7.379s] DEBUG:colcon.colcon_core.event_handler.log_command:Invoked command in '/home/ffelix07/Documents/LabRemo/Orchestrator/ros2_labremoto/src/hardware' returned '0': PYTHONPATH=/home/ffelix07/Documents/LabRemo/build/hardware/prefix_override:/home/ffelix07/Documents/LabRemo/install/hardware/lib/python3.10/site-packages:${PYTHONPATH} /usr/bin/python3 setup.py egg_info --egg-base ../../../../build/hardware build --build-base /home/ffelix07/Documents/LabRemo/build/hardware/build install --record /home/ffelix07/Documents/LabRemo/build/hardware/install.log --single-version-externally-managed
[7.381s] Level 1:colcon.colcon_core.environment:checking '/home/ffelix07/Documents/LabRemo/install/hardware' for CMake module files
[7.383s] Level 1:colcon.colcon_core.environment:checking '/home/ffelix07/Documents/LabRemo/install/hardware' for CMake config files
[7.386s] Level 1:colcon.colcon_core.environment:checking '/home/ffelix07/Documents/LabRemo/install/hardware/lib'
[7.386s] Level 1:colcon.colcon_core.environment:checking '/home/ffelix07/Documents/LabRemo/install/hardware/bin'
[7.387s] Level 1:colcon.colcon_core.environment:checking '/home/ffelix07/Documents/LabRemo/install/hardware/lib/pkgconfig/hardware.pc'
[7.388s] Level 1:colcon.colcon_core.environment:checking '/home/ffelix07/Documents/LabRemo/install/hardware/lib/python3.10/site-packages'
[7.388s] Level 1:colcon.colcon_core.shell:create_environment_hook('hardware', 'pythonpath')
[7.395s] INFO:colcon.colcon_core.shell:Creating environment hook '/home/ffelix07/Documents/LabRemo/install/hardware/share/hardware/hook/pythonpath.ps1'
[7.397s] INFO:colcon.colcon_core.shell:Creating environment descriptor '/home/ffelix07/Documents/LabRemo/install/hardware/share/hardware/hook/pythonpath.dsv'
[7.398s] INFO:colcon.colcon_core.shell:Creating environment hook '/home/ffelix07/Documents/LabRemo/install/hardware/share/hardware/hook/pythonpath.sh'
[7.401s] Level 1:colcon.colcon_core.environment:checking '/home/ffelix07/Documents/LabRemo/install/hardware/bin'
[7.401s] Level 1:colcon.colcon_core.environment:create_environment_scripts_only(hardware)
[7.406s] INFO:colcon.colcon_core.shell:Creating package script '/home/ffelix07/Documents/LabRemo/install/hardware/share/hardware/package.ps1'
[7.409s] INFO:colcon.colcon_core.shell:Creating package descriptor '/home/ffelix07/Documents/LabRemo/install/hardware/share/hardware/package.dsv'
[7.411s] INFO:colcon.colcon_core.shell:Creating package script '/home/ffelix07/Documents/LabRemo/install/hardware/share/hardware/package.sh'
[7.413s] INFO:colcon.colcon_core.shell:Creating package script '/home/ffelix07/Documents/LabRemo/install/hardware/share/hardware/package.bash'
[7.414s] INFO:colcon.colcon_core.shell:Creating package script '/home/ffelix07/Documents/LabRemo/install/hardware/share/hardware/package.zsh'
[7.416s] Level 1:colcon.colcon_core.environment:create_file_with_runtime_dependencies(/home/ffelix07/Documents/LabRemo/install/hardware/share/colcon-core/packages/hardware)
[7.417s] DEBUG:colcon.colcon_parallel_executor.executor.parallel:closing loop
[7.422s] DEBUG:colcon.colcon_parallel_executor.executor.parallel:loop closed
[7.423s] DEBUG:colcon.colcon_parallel_executor.executor.parallel:run_until_complete finished with '0'
[7.423s] DEBUG:colcon.colcon_core.event_reactor:joining thread
[7.454s] INFO:colcon.colcon_core.plugin_system:Skipping extension 'colcon_notification.desktop_notification.terminal_notifier': Not used on non-Darwin systems
[7.454s] INFO:colcon.colcon_core.plugin_system:Skipping extension 'colcon_notification.desktop_notification.win32': Not used on non-Windows systems
[7.455s] INFO:colcon.colcon_notification.desktop_notification:Sending desktop notification using 'notify2'
[7.523s] DEBUG:colcon.colcon_core.event_reactor:joined thread
[7.528s] INFO:colcon.colcon_core.shell:Creating prefix script '/home/ffelix07/Documents/LabRemo/install/local_setup.ps1'
[7.532s] INFO:colcon.colcon_core.shell:Creating prefix util module '/home/ffelix07/Documents/LabRemo/install/_local_setup_util_ps1.py'
[7.537s] INFO:colcon.colcon_core.shell:Creating prefix chain script '/home/ffelix07/Documents/LabRemo/install/setup.ps1'
[7.550s] INFO:colcon.colcon_core.shell:Creating prefix script '/home/ffelix07/Documents/LabRemo/install/local_setup.sh'
[7.553s] INFO:colcon.colcon_core.shell:Creating prefix util module '/home/ffelix07/Documents/LabRemo/install/_local_setup_util_sh.py'
[7.555s] INFO:colcon.colcon_core.shell:Creating prefix chain script '/home/ffelix07/Documents/LabRemo/install/setup.sh'
[7.561s] INFO:colcon.colcon_core.shell:Creating prefix script '/home/ffelix07/Documents/LabRemo/install/local_setup.bash'
[7.564s] INFO:colcon.colcon_core.shell:Creating prefix chain script '/home/ffelix07/Documents/LabRemo/install/setup.bash'
[7.569s] INFO:colcon.colcon_core.shell:Creating prefix script '/home/ffelix07/Documents/LabRemo/install/local_setup.zsh'
[7.571s] INFO:colcon.colcon_core.shell:Creating prefix chain script '/home/ffelix07/Documents/LabRemo/install/setup.zsh'
