running egg_info
writing ../../../../build/nodes_comunication/nodes_comunication.egg-info/PKG-INFO
writing dependency_links to ../../../../build/nodes_comunication/nodes_comunication.egg-info/dependency_links.txt
writing entry points to ../../../../build/nodes_comunication/nodes_comunication.egg-info/entry_points.txt
writing requirements to ../../../../build/nodes_comunication/nodes_comunication.egg-info/requires.txt
writing top-level names to ../../../../build/nodes_comunication/nodes_comunication.egg-info/top_level.txt
reading manifest file '../../../../build/nodes_comunication/nodes_comunication.egg-info/SOURCES.txt'
writing manifest file '../../../../build/nodes_comunication/nodes_comunication.egg-info/SOURCES.txt'
running build
running build_py
copying nodes_comunication/publisher_node.py -> /home/ffelix07/Documents/LabRemo/build/nodes_comunication/build/lib/nodes_comunication
copying nodes_comunication/suscribe_node.py -> /home/ffelix07/Documents/LabRemo/build/nodes_comunication/build/lib/nodes_comunication
running install
running install_lib
copying /home/ffelix07/Documents/LabRemo/build/nodes_comunication/build/lib/nodes_comunication/publisher_node.py -> /home/ffelix07/Documents/LabRemo/install/nodes_comunication/lib/python3.10/site-packages/nodes_comunication
copying /home/ffelix07/Documents/LabRemo/build/nodes_comunication/build/lib/nodes_comunication/suscribe_node.py -> /home/ffelix07/Documents/LabRemo/install/nodes_comunication/lib/python3.10/site-packages/nodes_comunication
byte-compiling /home/ffelix07/Documents/LabRemo/install/nodes_comunication/lib/python3.10/site-packages/nodes_comunication/publisher_node.py to publisher_node.cpython-310.pyc
byte-compiling /home/ffelix07/Documents/LabRemo/install/nodes_comunication/lib/python3.10/site-packages/nodes_comunication/suscribe_node.py to suscribe_node.cpython-310.pyc
running install_data
copying package.xml -> /home/ffelix07/Documents/LabRemo/install/nodes_comunication/share/nodes_comunication
running install_egg_info
removing '/home/ffelix07/Documents/LabRemo/install/nodes_comunication/lib/python3.10/site-packages/nodes_comunication-0.0.0-py3.10.egg-info' (and everything under it)
Copying ../../../../build/nodes_comunication/nodes_comunication.egg-info to /home/ffelix07/Documents/LabRemo/install/nodes_comunication/lib/python3.10/site-packages/nodes_comunication-0.0.0-py3.10.egg-info
running install_scripts
Installing pub_node = nodes_comunication.talk_to_me:mainsub_node script to /home/ffelix07/Documents/LabRemo/install/nodes_comunication/lib/nodes_comunication
writing list of installed files to '/home/ffelix07/Documents/LabRemo/build/nodes_comunication/install.log'
