[3.648s] Invoking command in '/home/ffelix07/Documents/LabRemo/Orchestrator/ros2_labremoto/src/hardware': PYTHONPATH=/home/ffelix07/Documents/LabRemo/Orchestrator/ros2_labremoto/build/hardware/prefix_override:/home/ffelix07/Documents/LabRemo/Orchestrator/ros2_labremoto/install/hardware/lib/python3.10/site-packages:${PYTHONPATH} /usr/bin/python3 setup.py egg_info --egg-base ../../build/hardware build --build-base /home/ffelix07/Documents/LabRemo/Orchestrator/ros2_labremoto/build/hardware/build install --record /home/ffelix07/Documents/LabRemo/Orchestrator/ros2_labremoto/build/hardware/install.log --single-version-externally-managed
[4.593s] running egg_info
[4.594s] writing ../../build/hardware/hardware.egg-info/PKG-INFO
[4.594s] writing dependency_links to ../../build/hardware/hardware.egg-info/dependency_links.txt
[4.595s] writing entry points to ../../build/hardware/hardware.egg-info/entry_points.txt
[4.595s] writing requirements to ../../build/hardware/hardware.egg-info/requires.txt
[4.595s] writing top-level names to ../../build/hardware/hardware.egg-info/top_level.txt
[4.600s] reading manifest file '../../build/hardware/hardware.egg-info/SOURCES.txt'
[4.601s] writing manifest file '../../build/hardware/hardware.egg-info/SOURCES.txt'
[4.601s] running build
[4.602s] running build_py
[4.602s] running install
[4.603s] running install_lib
[4.607s] running install_data
[4.607s] running install_egg_info
[4.613s] removing '/home/ffelix07/Documents/LabRemo/Orchestrator/ros2_labremoto/install/hardware/lib/python3.10/site-packages/hardware-0.0.0-py3.10.egg-info' (and everything under it)
[4.613s] Copying ../../build/hardware/hardware.egg-info to /home/ffelix07/Documents/LabRemo/Orchestrator/ros2_labremoto/install/hardware/lib/python3.10/site-packages/hardware-0.0.0-py3.10.egg-info
[4.620s] running install_scripts
[4.679s] writing list of installed files to '/home/ffelix07/Documents/LabRemo/Orchestrator/ros2_labremoto/build/hardware/install.log'
[4.795s] Invoked command in '/home/ffelix07/Documents/LabRemo/Orchestrator/ros2_labremoto/src/hardware' returned '0': PYTHONPATH=/home/ffelix07/Documents/LabRemo/Orchestrator/ros2_labremoto/build/hardware/prefix_override:/home/ffelix07/Documents/LabRemo/Orchestrator/ros2_labremoto/install/hardware/lib/python3.10/site-packages:${PYTHONPATH} /usr/bin/python3 setup.py egg_info --egg-base ../../build/hardware build --build-base /home/ffelix07/Documents/LabRemo/Orchestrator/ros2_labremoto/build/hardware/build install --record /home/ffelix07/Documents/LabRemo/Orchestrator/ros2_labremoto/build/hardware/install.log --single-version-externally-managed
