[2.879s] Invoking command in '/home/ffelix07/Documents/LabRemo/Orchestrator/ros2_labremoto/src/hardware': PYTHONPATH=/home/ffelix07/Documents/LabRemo/Orchestrator/ros2_labremoto/build/hardware/prefix_override:/home/ffelix07/Documents/LabRemo/Orchestrator/ros2_labremoto/install/hardware/lib/python3.10/site-packages:${PYTHONPATH} /usr/bin/python3 setup.py egg_info --egg-base ../../build/hardware build --build-base /home/ffelix07/Documents/LabRemo/Orchestrator/ros2_labremoto/build/hardware/build install --record /home/ffelix07/Documents/LabRemo/Orchestrator/ros2_labremoto/build/hardware/install.log --single-version-externally-managed
[3.681s] running egg_info
[3.683s] writing ../../build/hardware/hardware.egg-info/PKG-INFO
[3.684s] writing dependency_links to ../../build/hardware/hardware.egg-info/dependency_links.txt
[3.685s] writing entry points to ../../build/hardware/hardware.egg-info/entry_points.txt
[3.685s] writing requirements to ../../build/hardware/hardware.egg-info/requires.txt
[3.686s] writing top-level names to ../../build/hardware/hardware.egg-info/top_level.txt
[3.690s] reading manifest file '../../build/hardware/hardware.egg-info/SOURCES.txt'
[3.694s] writing manifest file '../../build/hardware/hardware.egg-info/SOURCES.txt'
[3.695s] running build
[3.695s] running build_py
[3.695s] running install
[3.696s] running install_lib
[3.700s] running install_data
[3.701s] running install_egg_info
[3.706s] removing '/home/ffelix07/Documents/LabRemo/Orchestrator/ros2_labremoto/install/hardware/lib/python3.10/site-packages/hardware-0.0.0-py3.10.egg-info' (and everything under it)
[3.707s] Copying ../../build/hardware/hardware.egg-info to /home/ffelix07/Documents/LabRemo/Orchestrator/ros2_labremoto/install/hardware/lib/python3.10/site-packages/hardware-0.0.0-py3.10.egg-info
[3.712s] running install_scripts
[3.775s] writing list of installed files to '/home/ffelix07/Documents/LabRemo/Orchestrator/ros2_labremoto/build/hardware/install.log'
[3.879s] Invoked command in '/home/ffelix07/Documents/LabRemo/Orchestrator/ros2_labremoto/src/hardware' returned '0': PYTHONPATH=/home/ffelix07/Documents/LabRemo/Orchestrator/ros2_labremoto/build/hardware/prefix_override:/home/ffelix07/Documents/LabRemo/Orchestrator/ros2_labremoto/install/hardware/lib/python3.10/site-packages:${PYTHONPATH} /usr/bin/python3 setup.py egg_info --egg-base ../../build/hardware build --build-base /home/ffelix07/Documents/LabRemo/Orchestrator/ros2_labremoto/build/hardware/build install --record /home/ffelix07/Documents/LabRemo/Orchestrator/ros2_labremoto/build/hardware/install.log --single-version-externally-managed
