[0.391s] Invoking command in '/home/trabajo/LabRemo/Orchestrator/ros2_labremoto/src/examples/rclpy/services/minimal_service': LANG=en_US.UTF-8 PYTHONPATH=/home/trabajo/LabRemo/Orchestrator/ros2_labremoto/build/examples_rclpy_minimal_service/prefix_override:/home/trabajo/LabRemo/Orchestrator/ros2_labremoto/install/examples_rclpy_minimal_service/lib/python3.10/site-packages:${PYTHONPATH} /usr/bin/python3 setup.py egg_info --egg-base ../../../../../build/examples_rclpy_minimal_service build --build-base /home/trabajo/LabRemo/Orchestrator/ros2_labremoto/build/examples_rclpy_minimal_service/build install --record /home/trabajo/LabRemo/Orchestrator/ros2_labremoto/build/examples_rclpy_minimal_service/install.log --single-version-externally-managed
[0.537s] running egg_info
[0.538s] creating ../../../../../build/examples_rclpy_minimal_service/examples_rclpy_minimal_service.egg-info
[0.538s] writing ../../../../../build/examples_rclpy_minimal_service/examples_rclpy_minimal_service.egg-info/PKG-INFO
[0.538s] writing dependency_links to ../../../../../build/examples_rclpy_minimal_service/examples_rclpy_minimal_service.egg-info/dependency_links.txt
[0.538s] writing entry points to ../../../../../build/examples_rclpy_minimal_service/examples_rclpy_minimal_service.egg-info/entry_points.txt
[0.538s] writing requirements to ../../../../../build/examples_rclpy_minimal_service/examples_rclpy_minimal_service.egg-info/requires.txt
[0.539s] writing top-level names to ../../../../../build/examples_rclpy_minimal_service/examples_rclpy_minimal_service.egg-info/top_level.txt
[0.539s] writing manifest file '../../../../../build/examples_rclpy_minimal_service/examples_rclpy_minimal_service.egg-info/SOURCES.txt'
[0.540s] reading manifest file '../../../../../build/examples_rclpy_minimal_service/examples_rclpy_minimal_service.egg-info/SOURCES.txt'
[0.541s] writing manifest file '../../../../../build/examples_rclpy_minimal_service/examples_rclpy_minimal_service.egg-info/SOURCES.txt'
[0.541s] running build
[0.541s] running build_py
[0.541s] creating /home/trabajo/LabRemo/Orchestrator/ros2_labremoto/build/examples_rclpy_minimal_service/build
[0.541s] creating /home/trabajo/LabRemo/Orchestrator/ros2_labremoto/build/examples_rclpy_minimal_service/build/lib
[0.541s] creating /home/trabajo/LabRemo/Orchestrator/ros2_labremoto/build/examples_rclpy_minimal_service/build/lib/examples_rclpy_minimal_service
[0.541s] copying examples_rclpy_minimal_service/service_member_function.py -> /home/trabajo/LabRemo/Orchestrator/ros2_labremoto/build/examples_rclpy_minimal_service/build/lib/examples_rclpy_minimal_service
[0.542s] copying examples_rclpy_minimal_service/__init__.py -> /home/trabajo/LabRemo/Orchestrator/ros2_labremoto/build/examples_rclpy_minimal_service/build/lib/examples_rclpy_minimal_service
[0.542s] copying examples_rclpy_minimal_service/service.py -> /home/trabajo/LabRemo/Orchestrator/ros2_labremoto/build/examples_rclpy_minimal_service/build/lib/examples_rclpy_minimal_service
[0.542s] running install
[0.542s] /usr/lib/python3/dist-packages/setuptools/command/install.py:34: SetuptoolsDeprecationWarning: setup.py install is deprecated. Use build and pip and other standards-based tools.
[0.542s]   warnings.warn(
[0.542s] running install_lib
[0.543s] creating /home/trabajo/LabRemo/Orchestrator/ros2_labremoto/install/examples_rclpy_minimal_service/lib/python3.10/site-packages/examples_rclpy_minimal_service
[0.543s] copying /home/trabajo/LabRemo/Orchestrator/ros2_labremoto/build/examples_rclpy_minimal_service/build/lib/examples_rclpy_minimal_service/service_member_function.py -> /home/trabajo/LabRemo/Orchestrator/ros2_labremoto/install/examples_rclpy_minimal_service/lib/python3.10/site-packages/examples_rclpy_minimal_service
[0.543s] copying /home/trabajo/LabRemo/Orchestrator/ros2_labremoto/build/examples_rclpy_minimal_service/build/lib/examples_rclpy_minimal_service/__init__.py -> /home/trabajo/LabRemo/Orchestrator/ros2_labremoto/install/examples_rclpy_minimal_service/lib/python3.10/site-packages/examples_rclpy_minimal_service
[0.543s] copying /home/trabajo/LabRemo/Orchestrator/ros2_labremoto/build/examples_rclpy_minimal_service/build/lib/examples_rclpy_minimal_service/service.py -> /home/trabajo/LabRemo/Orchestrator/ros2_labremoto/install/examples_rclpy_minimal_service/lib/python3.10/site-packages/examples_rclpy_minimal_service
[0.544s] byte-compiling /home/trabajo/LabRemo/Orchestrator/ros2_labremoto/install/examples_rclpy_minimal_service/lib/python3.10/site-packages/examples_rclpy_minimal_service/service_member_function.py to service_member_function.cpython-310.pyc
[0.544s] byte-compiling /home/trabajo/LabRemo/Orchestrator/ros2_labremoto/install/examples_rclpy_minimal_service/lib/python3.10/site-packages/examples_rclpy_minimal_service/__init__.py to __init__.cpython-310.pyc
[0.544s] byte-compiling /home/trabajo/LabRemo/Orchestrator/ros2_labremoto/install/examples_rclpy_minimal_service/lib/python3.10/site-packages/examples_rclpy_minimal_service/service.py to service.cpython-310.pyc
[0.545s] running install_data
[0.545s] creating /home/trabajo/LabRemo/Orchestrator/ros2_labremoto/install/examples_rclpy_minimal_service/share/ament_index
[0.545s] creating /home/trabajo/LabRemo/Orchestrator/ros2_labremoto/install/examples_rclpy_minimal_service/share/ament_index/resource_index
[0.545s] creating /home/trabajo/LabRemo/Orchestrator/ros2_labremoto/install/examples_rclpy_minimal_service/share/ament_index/resource_index/packages
[0.545s] copying resource/examples_rclpy_minimal_service -> /home/trabajo/LabRemo/Orchestrator/ros2_labremoto/install/examples_rclpy_minimal_service/share/ament_index/resource_index/packages
[0.546s] copying package.xml -> /home/trabajo/LabRemo/Orchestrator/ros2_labremoto/install/examples_rclpy_minimal_service/share/examples_rclpy_minimal_service
[0.546s] running install_egg_info
[0.547s] Copying ../../../../../build/examples_rclpy_minimal_service/examples_rclpy_minimal_service.egg-info to /home/trabajo/LabRemo/Orchestrator/ros2_labremoto/install/examples_rclpy_minimal_service/lib/python3.10/site-packages/examples_rclpy_minimal_service-0.15.1-py3.10.egg-info
[0.548s] running install_scripts
[0.562s] Installing service script to /home/trabajo/LabRemo/Orchestrator/ros2_labremoto/install/examples_rclpy_minimal_service/lib/examples_rclpy_minimal_service
[0.562s] Installing service_member_function script to /home/trabajo/LabRemo/Orchestrator/ros2_labremoto/install/examples_rclpy_minimal_service/lib/examples_rclpy_minimal_service
[0.562s] writing list of installed files to '/home/trabajo/LabRemo/Orchestrator/ros2_labremoto/build/examples_rclpy_minimal_service/install.log'
[0.580s] Invoked command in '/home/trabajo/LabRemo/Orchestrator/ros2_labremoto/src/examples/rclpy/services/minimal_service' returned '0': LANG=en_US.UTF-8 PYTHONPATH=/home/trabajo/LabRemo/Orchestrator/ros2_labremoto/build/examples_rclpy_minimal_service/prefix_override:/home/trabajo/LabRemo/Orchestrator/ros2_labremoto/install/examples_rclpy_minimal_service/lib/python3.10/site-packages:${PYTHONPATH} /usr/bin/python3 setup.py egg_info --egg-base ../../../../../build/examples_rclpy_minimal_service build --build-base /home/trabajo/LabRemo/Orchestrator/ros2_labremoto/build/examples_rclpy_minimal_service/build install --record /home/trabajo/LabRemo/Orchestrator/ros2_labremoto/build/examples_rclpy_minimal_service/install.log --single-version-externally-managed
