[0.083s] Invoking command in '/home/ffelix07/Documents/LabRemo/build/my_mas': CMAKE_PREFIX_PATH=${CMAKE_PREFIX_PATH}:/home/ffelix07/Documents/LabRemo/Orchestrator/ros2_labremoto/install/py_pubsub:/home/ffelix07/Documents/LabRemo/Orchestrator/ros2_labremoto/install/nodes_comunication:/home/ffelix07/Documents/LabRemo/Orchestrator/ros2_labremoto/install/hardware:/opt/ros/humble /usr/bin/cmake /home/ffelix07/Documents/LabRemo/Orchestrator/ros2_labremoto/src/my_mas -DCMAKE_INSTALL_PREFIX=/home/ffelix07/Documents/LabRemo/install/my_mas
[0.656s] -- The C compiler identification is GNU 11.4.0
[1.030s] -- The CXX compiler identification is GNU 11.4.0
[1.074s] -- Detecting C compiler ABI info
[1.301s] -- Detecting C compiler ABI info - done
[1.325s] -- Check for working C compiler: /usr/bin/cc - skipped
[1.327s] -- Detecting C compile features
[1.333s] -- Detecting C compile features - done
[1.343s] -- Detecting CXX compiler ABI info
[1.602s] -- Detecting CXX compiler ABI info - done
[1.625s] -- Check for working CXX compiler: /usr/bin/c++ - skipped
[1.626s] -- Detecting CXX compile features
[1.627s] -- Detecting CXX compile features - done
[1.643s] -- Found ament_cmake: 1.3.5 (/opt/ros/humble/share/ament_cmake/cmake)
[2.229s] -- Found Python3: /usr/bin/python3.10 (found version "3.10.12") found components: Interpreter 
[2.565s] -- Found rosidl_default_generators: 1.2.0 (/opt/ros/humble/share/rosidl_default_generators/cmake)
[2.577s] -- Using all available rosidl_typesupport_c: rosidl_typesupport_fastrtps_c;rosidl_typesupport_introspection_c
[2.602s] -- Found rosidl_adapter: 3.1.5 (/opt/ros/humble/share/rosidl_adapter/cmake)
[2.752s] -- Using all available rosidl_typesupport_cpp: rosidl_typesupport_fastrtps_cpp;rosidl_typesupport_introspection_cpp
[2.886s] -- Found geometry_msgs: 4.2.3 (/opt/ros/humble/share/geometry_msgs/cmake)
[4.289s] -- Found ament_cmake_ros: 0.10.0 (/opt/ros/humble/share/ament_cmake_ros/cmake)
[5.170s] -- Using all available rosidl_typesupport_c: rosidl_typesupport_fastrtps_c;rosidl_typesupport_introspection_c
[6.205s] -- Using all available rosidl_typesupport_cpp: rosidl_typesupport_fastrtps_cpp;rosidl_typesupport_introspection_cpp
[6.274s] -- Found PythonInterp: /usr/bin/python3 (found suitable version "3.10.12", minimum required is "3.6") 
[6.280s] -- Found python_cmake_module: 0.10.0 (/opt/ros/humble/share/python_cmake_module/cmake)
[6.359s] -- Found PythonLibs: /usr/lib/x86_64-linux-gnu/libpython3.10.so (found suitable version "3.10.12", minimum required is "3.5") 
[6.360s] -- Using PYTHON_EXECUTABLE: /usr/bin/python3
[6.360s] -- Using PYTHON_INCLUDE_DIRS: /usr/include/python3.10
[6.361s] -- Using PYTHON_LIBRARIES: /usr/lib/x86_64-linux-gnu/libpython3.10.so
[6.424s] -- Found PythonExtra: .so  
[6.637s] -- Configuring done
[6.736s] -- Generating done
[6.743s] -- Build files have been written to: /home/ffelix07/Documents/LabRemo/build/my_mas
[6.771s] Invoked command in '/home/ffelix07/Documents/LabRemo/build/my_mas' returned '0': CMAKE_PREFIX_PATH=${CMAKE_PREFIX_PATH}:/home/ffelix07/Documents/LabRemo/Orchestrator/ros2_labremoto/install/py_pubsub:/home/ffelix07/Documents/LabRemo/Orchestrator/ros2_labremoto/install/nodes_comunication:/home/ffelix07/Documents/LabRemo/Orchestrator/ros2_labremoto/install/hardware:/opt/ros/humble /usr/bin/cmake /home/ffelix07/Documents/LabRemo/Orchestrator/ros2_labremoto/src/my_mas -DCMAKE_INSTALL_PREFIX=/home/ffelix07/Documents/LabRemo/install/my_mas
[6.777s] Invoking command in '/home/ffelix07/Documents/LabRemo/build/my_mas': CMAKE_PREFIX_PATH=${CMAKE_PREFIX_PATH}:/home/ffelix07/Documents/LabRemo/Orchestrator/ros2_labremoto/install/py_pubsub:/home/ffelix07/Documents/LabRemo/Orchestrator/ros2_labremoto/install/nodes_comunication:/home/ffelix07/Documents/LabRemo/Orchestrator/ros2_labremoto/install/hardware:/opt/ros/humble /usr/bin/cmake --build /home/ffelix07/Documents/LabRemo/build/my_mas -- -j4 -l4
[6.913s] [  3%] [34m[1mGenerating C code for ROS interfaces[0m
[6.939s] [  6%] [34m[1mGenerating C++ code for ROS interfaces[0m
[6.977s] [  6%] Built target ament_cmake_python_copy_my_mas
[8.017s] [  9%] [32mBuilding C object CMakeFiles/my_mas__rosidl_generator_c.dir/rosidl_generator_c/my_mas/msg/detail/sensor_measurment__functions.c.o[0m
[8.027s] [  9%] Built target my_mas__cpp
[8.049s] running egg_info
[8.052s] creating my_mas.egg-info
[8.054s] writing my_mas.egg-info/PKG-INFO
[8.055s] writing dependency_links to my_mas.egg-info/dependency_links.txt
[8.057s] writing top-level names to my_mas.egg-info/top_level.txt
[8.059s] writing manifest file 'my_mas.egg-info/SOURCES.txt'
[8.063s] reading manifest file 'my_mas.egg-info/SOURCES.txt'
[8.068s] writing manifest file 'my_mas.egg-info/SOURCES.txt'
[8.080s] [ 12%] [34m[1mGenerating C++ type support dispatch for ROS interfaces[0m
[8.093s] [ 16%] [34m[1mGenerating C++ type support for eProsima Fast-RTPS[0m
[8.174s] [ 16%] Built target ament_cmake_python_build_my_mas_egg
[8.204s] [ 19%] [34m[1mGenerating C++ introspection for ROS interfaces[0m
[8.320s] [ 22%] [32m[1mLinking C shared library libmy_mas__rosidl_generator_c.so[0m
[8.475s] [ 22%] Built target my_mas__rosidl_generator_c
[8.524s] [ 25%] [34m[1mGenerating C type support for eProsima Fast-RTPS[0m
[8.990s] [ 29%] [32mBuilding CXX object CMakeFiles/my_mas__rosidl_typesupport_fastrtps_cpp.dir/rosidl_typesupport_fastrtps_cpp/my_mas/msg/detail/dds_fastrtps/sensor_measurment__type_support.cpp.o[0m
[9.062s] [ 32%] [32mBuilding CXX object CMakeFiles/my_mas__rosidl_typesupport_introspection_cpp.dir/rosidl_typesupport_introspection_cpp/my_mas/msg/detail/sensor_measurment__type_support.cpp.o[0m
[9.217s] [ 35%] [32mBuilding CXX object CMakeFiles/my_mas__rosidl_typesupport_cpp.dir/rosidl_typesupport_cpp/my_mas/msg/sensor_measurment__type_support.cpp.o[0m
[9.836s] [ 38%] [32mBuilding CXX object CMakeFiles/my_mas__rosidl_typesupport_fastrtps_c.dir/rosidl_typesupport_fastrtps_c/my_mas/msg/detail/sensor_measurment__type_support_c.cpp.o[0m
[10.965s] [ 41%] [32m[1mLinking CXX shared library libmy_mas__rosidl_typesupport_cpp.so[0m
[11.061s] [ 45%] [32m[1mLinking CXX shared library libmy_mas__rosidl_typesupport_introspection_cpp.so[0m
[11.170s] [ 45%] Built target my_mas__rosidl_typesupport_cpp
[11.192s] [ 48%] [32m[1mLinking CXX shared library libmy_mas__rosidl_typesupport_fastrtps_cpp.so[0m
[11.231s] [ 51%] [34m[1mGenerating C introspection for ROS interfaces[0m
[11.390s] [ 51%] Built target my_mas__rosidl_typesupport_introspection_cpp
[11.460s] [ 54%] [34m[1mGenerating C type support dispatch for ROS interfaces[0m
[11.653s] [ 54%] Built target my_mas__rosidl_typesupport_fastrtps_cpp
[11.964s] [ 58%] [32m[1mLinking CXX shared library libmy_mas__rosidl_typesupport_fastrtps_c.so[0m
[12.243s] [ 61%] [32mBuilding C object CMakeFiles/my_mas__rosidl_typesupport_introspection_c.dir/rosidl_typesupport_introspection_c/my_mas/msg/detail/sensor_measurment__type_support.c.o[0m
[12.281s] [ 61%] Built target my_mas__rosidl_typesupport_fastrtps_c
[12.341s] [ 64%] [32m[1mLinking C shared library libmy_mas__rosidl_typesupport_introspection_c.so[0m
[12.381s] [ 67%] [32mBuilding CXX object CMakeFiles/my_mas__rosidl_typesupport_c.dir/rosidl_typesupport_c/my_mas/msg/sensor_measurment__type_support.cpp.o[0m
[12.423s] [ 67%] Built target my_mas__rosidl_typesupport_introspection_c
[12.462s] [ 70%] [32m[1mLinking CXX shared library libmy_mas__rosidl_typesupport_c.so[0m
[12.569s] [ 70%] Built target my_mas__rosidl_typesupport_c
[12.621s] [ 70%] Built target my_mas
[12.673s] [ 74%] [34m[1mGenerating Python code for ROS interfaces[0m
[13.599s] [ 74%] Built target my_mas__py
[13.651s] [ 77%] [32mBuilding C object CMakeFiles/my_mas__rosidl_generator_py.dir/rosidl_generator_py/my_mas/msg/_sensor_measurment_s.c.o[0m
[14.029s] [ 80%] [32m[1mLinking C shared library rosidl_generator_py/my_mas/libmy_mas__rosidl_generator_py.so[0m
[14.159s] [ 80%] Built target my_mas__rosidl_generator_py
[14.213s] [ 83%] [32mBuilding C object CMakeFiles/my_mas__rosidl_typesupport_c__pyext.dir/rosidl_generator_py/my_mas/_my_mas_s.ep.rosidl_typesupport_c.c.o[0m
[14.216s] [ 87%] [32mBuilding C object CMakeFiles/my_mas__rosidl_typesupport_fastrtps_c__pyext.dir/rosidl_generator_py/my_mas/_my_mas_s.ep.rosidl_typesupport_fastrtps_c.c.o[0m
[14.226s] [ 90%] [32mBuilding C object CMakeFiles/my_mas__rosidl_typesupport_introspection_c__pyext.dir/rosidl_generator_py/my_mas/_my_mas_s.ep.rosidl_typesupport_introspection_c.c.o[0m
[14.502s] [ 93%] [32m[1mLinking C shared library rosidl_generator_py/my_mas/my_mas_s__rosidl_typesupport_fastrtps_c.cpython-310-x86_64-linux-gnu.so[0m
[14.528s] [ 96%] [32m[1mLinking C shared library rosidl_generator_py/my_mas/my_mas_s__rosidl_typesupport_c.cpython-310-x86_64-linux-gnu.so[0m
[14.557s] [100%] [32m[1mLinking C shared library rosidl_generator_py/my_mas/my_mas_s__rosidl_typesupport_introspection_c.cpython-310-x86_64-linux-gnu.so[0m
[14.657s] [100%] Built target my_mas__rosidl_typesupport_fastrtps_c__pyext
[14.682s] [100%] Built target my_mas__rosidl_typesupport_c__pyext
[14.693s] [100%] Built target my_mas__rosidl_typesupport_introspection_c__pyext
[14.724s] Invoked command in '/home/ffelix07/Documents/LabRemo/build/my_mas' returned '0': CMAKE_PREFIX_PATH=${CMAKE_PREFIX_PATH}:/home/ffelix07/Documents/LabRemo/Orchestrator/ros2_labremoto/install/py_pubsub:/home/ffelix07/Documents/LabRemo/Orchestrator/ros2_labremoto/install/nodes_comunication:/home/ffelix07/Documents/LabRemo/Orchestrator/ros2_labremoto/install/hardware:/opt/ros/humble /usr/bin/cmake --build /home/ffelix07/Documents/LabRemo/build/my_mas -- -j4 -l4
[14.908s] Invoking command in '/home/ffelix07/Documents/LabRemo/build/my_mas': CMAKE_PREFIX_PATH=${CMAKE_PREFIX_PATH}:/home/ffelix07/Documents/LabRemo/Orchestrator/ros2_labremoto/install/py_pubsub:/home/ffelix07/Documents/LabRemo/Orchestrator/ros2_labremoto/install/nodes_comunication:/home/ffelix07/Documents/LabRemo/Orchestrator/ros2_labremoto/install/hardware:/opt/ros/humble /usr/bin/cmake --install /home/ffelix07/Documents/LabRemo/build/my_mas
[14.929s] -- Install configuration: ""
[14.931s] -- Installing: /home/ffelix07/Documents/LabRemo/install/my_mas/share/ament_index/resource_index/rosidl_interfaces/my_mas
[14.934s] -- Installing: /home/ffelix07/Documents/LabRemo/install/my_mas/include/my_mas/my_mas
[14.935s] -- Installing: /home/ffelix07/Documents/LabRemo/install/my_mas/include/my_mas/my_mas/msg
[14.936s] -- Installing: /home/ffelix07/Documents/LabRemo/install/my_mas/include/my_mas/my_mas/msg/sensor_measurment.h
[14.938s] -- Installing: /home/ffelix07/Documents/LabRemo/install/my_mas/include/my_mas/my_mas/msg/rosidl_generator_c__visibility_control.h
[14.940s] -- Installing: /home/ffelix07/Documents/LabRemo/install/my_mas/include/my_mas/my_mas/msg/detail
[14.941s] -- Installing: /home/ffelix07/Documents/LabRemo/install/my_mas/include/my_mas/my_mas/msg/detail/sensor_measurment__type_support.h
[14.943s] -- Installing: /home/ffelix07/Documents/LabRemo/install/my_mas/include/my_mas/my_mas/msg/detail/sensor_measurment__struct.h
[14.944s] -- Installing: /home/ffelix07/Documents/LabRemo/install/my_mas/include/my_mas/my_mas/msg/detail/sensor_measurment__functions.h
[14.944s] -- Installing: /home/ffelix07/Documents/LabRemo/install/my_mas/include/my_mas/my_mas/msg/detail/sensor_measurment__functions.c
[14.945s] -- Installing: /home/ffelix07/Documents/LabRemo/install/my_mas/share/my_mas/environment/library_path.sh
[14.945s] -- Installing: /home/ffelix07/Documents/LabRemo/install/my_mas/share/my_mas/environment/library_path.dsv
[14.947s] -- Installing: /home/ffelix07/Documents/LabRemo/install/my_mas/lib/libmy_mas__rosidl_generator_c.so
[14.947s] -- Set runtime path of "/home/ffelix07/Documents/LabRemo/install/my_mas/lib/libmy_mas__rosidl_generator_c.so" to ""
[14.948s] -- Up-to-date: /home/ffelix07/Documents/LabRemo/install/my_mas/include/my_mas/my_mas
[14.948s] -- Up-to-date: /home/ffelix07/Documents/LabRemo/install/my_mas/include/my_mas/my_mas/msg
[14.949s] -- Installing: /home/ffelix07/Documents/LabRemo/install/my_mas/include/my_mas/my_mas/msg/rosidl_typesupport_fastrtps_c__visibility_control.h
[14.950s] -- Up-to-date: /home/ffelix07/Documents/LabRemo/install/my_mas/include/my_mas/my_mas/msg/detail
[14.950s] -- Installing: /home/ffelix07/Documents/LabRemo/install/my_mas/include/my_mas/my_mas/msg/detail/sensor_measurment__rosidl_typesupport_fastrtps_c.h
[14.950s] -- Installing: /home/ffelix07/Documents/LabRemo/install/my_mas/lib/libmy_mas__rosidl_typesupport_fastrtps_c.so
[14.951s] -- Set runtime path of "/home/ffelix07/Documents/LabRemo/install/my_mas/lib/libmy_mas__rosidl_typesupport_fastrtps_c.so" to ""
[14.951s] -- Up-to-date: /home/ffelix07/Documents/LabRemo/install/my_mas/include/my_mas/my_mas
[14.952s] -- Up-to-date: /home/ffelix07/Documents/LabRemo/install/my_mas/include/my_mas/my_mas/msg
[14.952s] -- Up-to-date: /home/ffelix07/Documents/LabRemo/install/my_mas/include/my_mas/my_mas/msg/detail
[14.953s] -- Installing: /home/ffelix07/Documents/LabRemo/install/my_mas/include/my_mas/my_mas/msg/detail/sensor_measurment__rosidl_typesupport_introspection_c.h
[14.953s] -- Installing: /home/ffelix07/Documents/LabRemo/install/my_mas/include/my_mas/my_mas/msg/detail/sensor_measurment__type_support.c
[14.954s] -- Installing: /home/ffelix07/Documents/LabRemo/install/my_mas/include/my_mas/my_mas/msg/rosidl_typesupport_introspection_c__visibility_control.h
[14.954s] -- Installing: /home/ffelix07/Documents/LabRemo/install/my_mas/lib/libmy_mas__rosidl_typesupport_introspection_c.so
[14.954s] -- Set runtime path of "/home/ffelix07/Documents/LabRemo/install/my_mas/lib/libmy_mas__rosidl_typesupport_introspection_c.so" to ""
[14.955s] -- Installing: /home/ffelix07/Documents/LabRemo/install/my_mas/lib/libmy_mas__rosidl_typesupport_c.so
[14.955s] -- Set runtime path of "/home/ffelix07/Documents/LabRemo/install/my_mas/lib/libmy_mas__rosidl_typesupport_c.so" to ""
[14.956s] -- Up-to-date: /home/ffelix07/Documents/LabRemo/install/my_mas/include/my_mas/my_mas
[14.956s] -- Up-to-date: /home/ffelix07/Documents/LabRemo/install/my_mas/include/my_mas/my_mas/msg
[14.956s] -- Up-to-date: /home/ffelix07/Documents/LabRemo/install/my_mas/include/my_mas/my_mas/msg/detail
[14.957s] -- Installing: /home/ffelix07/Documents/LabRemo/install/my_mas/include/my_mas/my_mas/msg/detail/sensor_measurment__struct.hpp
[14.957s] -- Installing: /home/ffelix07/Documents/LabRemo/install/my_mas/include/my_mas/my_mas/msg/detail/sensor_measurment__traits.hpp
[14.957s] -- Installing: /home/ffelix07/Documents/LabRemo/install/my_mas/include/my_mas/my_mas/msg/detail/sensor_measurment__builder.hpp
[14.957s] -- Installing: /home/ffelix07/Documents/LabRemo/install/my_mas/include/my_mas/my_mas/msg/sensor_measurment.hpp
[14.958s] -- Up-to-date: /home/ffelix07/Documents/LabRemo/install/my_mas/include/my_mas/my_mas
[14.959s] -- Up-to-date: /home/ffelix07/Documents/LabRemo/install/my_mas/include/my_mas/my_mas/msg
[14.959s] -- Up-to-date: /home/ffelix07/Documents/LabRemo/install/my_mas/include/my_mas/my_mas/msg/detail
[14.960s] -- Installing: /home/ffelix07/Documents/LabRemo/install/my_mas/include/my_mas/my_mas/msg/detail/sensor_measurment__rosidl_typesupport_fastrtps_cpp.hpp
[14.960s] -- Installing: /home/ffelix07/Documents/LabRemo/install/my_mas/include/my_mas/my_mas/msg/detail/dds_fastrtps
[14.960s] -- Installing: /home/ffelix07/Documents/LabRemo/install/my_mas/include/my_mas/my_mas/msg/rosidl_typesupport_fastrtps_cpp__visibility_control.h
[14.961s] -- Installing: /home/ffelix07/Documents/LabRemo/install/my_mas/lib/libmy_mas__rosidl_typesupport_fastrtps_cpp.so
[14.961s] -- Set runtime path of "/home/ffelix07/Documents/LabRemo/install/my_mas/lib/libmy_mas__rosidl_typesupport_fastrtps_cpp.so" to ""
[14.962s] -- Up-to-date: /home/ffelix07/Documents/LabRemo/install/my_mas/include/my_mas/my_mas
[14.963s] -- Up-to-date: /home/ffelix07/Documents/LabRemo/install/my_mas/include/my_mas/my_mas/msg
[14.963s] -- Up-to-date: /home/ffelix07/Documents/LabRemo/install/my_mas/include/my_mas/my_mas/msg/detail
[14.963s] -- Installing: /home/ffelix07/Documents/LabRemo/install/my_mas/include/my_mas/my_mas/msg/detail/sensor_measurment__type_support.cpp
[14.964s] -- Installing: /home/ffelix07/Documents/LabRemo/install/my_mas/include/my_mas/my_mas/msg/detail/sensor_measurment__rosidl_typesupport_introspection_cpp.hpp
[14.964s] -- Installing: /home/ffelix07/Documents/LabRemo/install/my_mas/lib/libmy_mas__rosidl_typesupport_introspection_cpp.so
[14.964s] -- Set runtime path of "/home/ffelix07/Documents/LabRemo/install/my_mas/lib/libmy_mas__rosidl_typesupport_introspection_cpp.so" to ""
[14.965s] -- Installing: /home/ffelix07/Documents/LabRemo/install/my_mas/lib/libmy_mas__rosidl_typesupport_cpp.so
[14.965s] -- Set runtime path of "/home/ffelix07/Documents/LabRemo/install/my_mas/lib/libmy_mas__rosidl_typesupport_cpp.so" to ""
[14.966s] -- Installing: /home/ffelix07/Documents/LabRemo/install/my_mas/share/my_mas/environment/pythonpath.sh
[14.966s] -- Installing: /home/ffelix07/Documents/LabRemo/install/my_mas/share/my_mas/environment/pythonpath.dsv
[14.967s] -- Installing: /home/ffelix07/Documents/LabRemo/install/my_mas/local/lib/python3.10/dist-packages/my_mas-0.0.0-py3.10.egg-info
[14.967s] -- Installing: /home/ffelix07/Documents/LabRemo/install/my_mas/local/lib/python3.10/dist-packages/my_mas-0.0.0-py3.10.egg-info/top_level.txt
[14.968s] -- Installing: /home/ffelix07/Documents/LabRemo/install/my_mas/local/lib/python3.10/dist-packages/my_mas-0.0.0-py3.10.egg-info/PKG-INFO
[14.968s] -- Installing: /home/ffelix07/Documents/LabRemo/install/my_mas/local/lib/python3.10/dist-packages/my_mas-0.0.0-py3.10.egg-info/dependency_links.txt
[14.968s] -- Installing: /home/ffelix07/Documents/LabRemo/install/my_mas/local/lib/python3.10/dist-packages/my_mas-0.0.0-py3.10.egg-info/SOURCES.txt
[14.969s] -- Installing: /home/ffelix07/Documents/LabRemo/install/my_mas/local/lib/python3.10/dist-packages/my_mas
[14.970s] -- Installing: /home/ffelix07/Documents/LabRemo/install/my_mas/local/lib/python3.10/dist-packages/my_mas/my_mas_s__rosidl_typesupport_fastrtps_c.cpython-310-x86_64-linux-gnu.so
[14.970s] -- Installing: /home/ffelix07/Documents/LabRemo/install/my_mas/local/lib/python3.10/dist-packages/my_mas/_my_mas_s.ep.rosidl_typesupport_c.c
[14.971s] -- Installing: /home/ffelix07/Documents/LabRemo/install/my_mas/local/lib/python3.10/dist-packages/my_mas/__init__.py
[14.971s] -- Installing: /home/ffelix07/Documents/LabRemo/install/my_mas/local/lib/python3.10/dist-packages/my_mas/msg
[14.972s] -- Installing: /home/ffelix07/Documents/LabRemo/install/my_mas/local/lib/python3.10/dist-packages/my_mas/msg/_sensor_measurment_s.c
[14.972s] -- Installing: /home/ffelix07/Documents/LabRemo/install/my_mas/local/lib/python3.10/dist-packages/my_mas/msg/__init__.py
[14.973s] -- Installing: /home/ffelix07/Documents/LabRemo/install/my_mas/local/lib/python3.10/dist-packages/my_mas/msg/_sensor_measurment.py
[14.973s] -- Installing: /home/ffelix07/Documents/LabRemo/install/my_mas/local/lib/python3.10/dist-packages/my_mas/_my_mas_s.ep.rosidl_typesupport_fastrtps_c.c
[14.974s] -- Installing: /home/ffelix07/Documents/LabRemo/install/my_mas/local/lib/python3.10/dist-packages/my_mas/libmy_mas__rosidl_generator_py.so
[14.974s] -- Installing: /home/ffelix07/Documents/LabRemo/install/my_mas/local/lib/python3.10/dist-packages/my_mas/my_mas_s__rosidl_typesupport_introspection_c.cpython-310-x86_64-linux-gnu.so
[14.975s] -- Installing: /home/ffelix07/Documents/LabRemo/install/my_mas/local/lib/python3.10/dist-packages/my_mas/_my_mas_s.ep.rosidl_typesupport_introspection_c.c
[14.975s] -- Installing: /home/ffelix07/Documents/LabRemo/install/my_mas/local/lib/python3.10/dist-packages/my_mas/my_mas_s__rosidl_typesupport_c.cpython-310-x86_64-linux-gnu.so
[15.083s] Listing '/home/ffelix07/Documents/LabRemo/install/my_mas/local/lib/python3.10/dist-packages/my_mas'...
[15.084s] Compiling '/home/ffelix07/Documents/LabRemo/install/my_mas/local/lib/python3.10/dist-packages/my_mas/__init__.py'...
[15.084s] Listing '/home/ffelix07/Documents/LabRemo/install/my_mas/local/lib/python3.10/dist-packages/my_mas/msg'...
[15.085s] Compiling '/home/ffelix07/Documents/LabRemo/install/my_mas/local/lib/python3.10/dist-packages/my_mas/msg/__init__.py'...
[15.085s] Compiling '/home/ffelix07/Documents/LabRemo/install/my_mas/local/lib/python3.10/dist-packages/my_mas/msg/_sensor_measurment.py'...
[15.100s] -- Installing: /home/ffelix07/Documents/LabRemo/install/my_mas/local/lib/python3.10/dist-packages/my_mas/my_mas_s__rosidl_typesupport_fastrtps_c.cpython-310-x86_64-linux-gnu.so
[15.100s] -- Set runtime path of "/home/ffelix07/Documents/LabRemo/install/my_mas/local/lib/python3.10/dist-packages/my_mas/my_mas_s__rosidl_typesupport_fastrtps_c.cpython-310-x86_64-linux-gnu.so" to ""
[15.101s] -- Installing: /home/ffelix07/Documents/LabRemo/install/my_mas/local/lib/python3.10/dist-packages/my_mas/my_mas_s__rosidl_typesupport_introspection_c.cpython-310-x86_64-linux-gnu.so
[15.102s] -- Set runtime path of "/home/ffelix07/Documents/LabRemo/install/my_mas/local/lib/python3.10/dist-packages/my_mas/my_mas_s__rosidl_typesupport_introspection_c.cpython-310-x86_64-linux-gnu.so" to ""
[15.103s] -- Installing: /home/ffelix07/Documents/LabRemo/install/my_mas/local/lib/python3.10/dist-packages/my_mas/my_mas_s__rosidl_typesupport_c.cpython-310-x86_64-linux-gnu.so
[15.104s] -- Set runtime path of "/home/ffelix07/Documents/LabRemo/install/my_mas/local/lib/python3.10/dist-packages/my_mas/my_mas_s__rosidl_typesupport_c.cpython-310-x86_64-linux-gnu.so" to ""
[15.105s] -- Installing: /home/ffelix07/Documents/LabRemo/install/my_mas/lib/libmy_mas__rosidl_generator_py.so
[15.105s] -- Set runtime path of "/home/ffelix07/Documents/LabRemo/install/my_mas/lib/libmy_mas__rosidl_generator_py.so" to ""
[15.106s] -- Installing: /home/ffelix07/Documents/LabRemo/install/my_mas/share/my_mas/msg/SensorMeasurment.idl
[15.106s] -- Installing: /home/ffelix07/Documents/LabRemo/install/my_mas/share/my_mas/msg/SensorMeasurment.msg
[15.107s] -- Installing: /home/ffelix07/Documents/LabRemo/install/my_mas/share/ament_index/resource_index/package_run_dependencies/my_mas
[15.108s] -- Installing: /home/ffelix07/Documents/LabRemo/install/my_mas/share/ament_index/resource_index/parent_prefix_path/my_mas
[15.109s] -- Installing: /home/ffelix07/Documents/LabRemo/install/my_mas/share/my_mas/environment/ament_prefix_path.sh
[15.109s] -- Installing: /home/ffelix07/Documents/LabRemo/install/my_mas/share/my_mas/environment/ament_prefix_path.dsv
[15.110s] -- Installing: /home/ffelix07/Documents/LabRemo/install/my_mas/share/my_mas/environment/path.sh
[15.111s] -- Installing: /home/ffelix07/Documents/LabRemo/install/my_mas/share/my_mas/environment/path.dsv
[15.111s] -- Installing: /home/ffelix07/Documents/LabRemo/install/my_mas/share/my_mas/local_setup.bash
[15.112s] -- Installing: /home/ffelix07/Documents/LabRemo/install/my_mas/share/my_mas/local_setup.sh
[15.116s] -- Installing: /home/ffelix07/Documents/LabRemo/install/my_mas/share/my_mas/local_setup.zsh
[15.117s] -- Installing: /home/ffelix07/Documents/LabRemo/install/my_mas/share/my_mas/local_setup.dsv
[15.118s] -- Installing: /home/ffelix07/Documents/LabRemo/install/my_mas/share/my_mas/package.dsv
[15.120s] -- Installing: /home/ffelix07/Documents/LabRemo/install/my_mas/share/ament_index/resource_index/packages/my_mas
[15.121s] -- Installing: /home/ffelix07/Documents/LabRemo/install/my_mas/share/my_mas/cmake/export_my_mas__rosidl_generator_cExport.cmake
[15.121s] -- Installing: /home/ffelix07/Documents/LabRemo/install/my_mas/share/my_mas/cmake/export_my_mas__rosidl_generator_cExport-noconfig.cmake
[15.122s] -- Installing: /home/ffelix07/Documents/LabRemo/install/my_mas/share/my_mas/cmake/export_my_mas__rosidl_typesupport_fastrtps_cExport.cmake
[15.122s] -- Installing: /home/ffelix07/Documents/LabRemo/install/my_mas/share/my_mas/cmake/export_my_mas__rosidl_typesupport_fastrtps_cExport-noconfig.cmake
[15.123s] -- Installing: /home/ffelix07/Documents/LabRemo/install/my_mas/share/my_mas/cmake/my_mas__rosidl_typesupport_introspection_cExport.cmake
[15.123s] -- Installing: /home/ffelix07/Documents/LabRemo/install/my_mas/share/my_mas/cmake/my_mas__rosidl_typesupport_introspection_cExport-noconfig.cmake
[15.123s] -- Installing: /home/ffelix07/Documents/LabRemo/install/my_mas/share/my_mas/cmake/my_mas__rosidl_typesupport_cExport.cmake
[15.124s] -- Installing: /home/ffelix07/Documents/LabRemo/install/my_mas/share/my_mas/cmake/my_mas__rosidl_typesupport_cExport-noconfig.cmake
[15.124s] -- Installing: /home/ffelix07/Documents/LabRemo/install/my_mas/share/my_mas/cmake/export_my_mas__rosidl_generator_cppExport.cmake
[15.125s] -- Installing: /home/ffelix07/Documents/LabRemo/install/my_mas/share/my_mas/cmake/export_my_mas__rosidl_typesupport_fastrtps_cppExport.cmake
[15.125s] -- Installing: /home/ffelix07/Documents/LabRemo/install/my_mas/share/my_mas/cmake/export_my_mas__rosidl_typesupport_fastrtps_cppExport-noconfig.cmake
[15.126s] -- Installing: /home/ffelix07/Documents/LabRemo/install/my_mas/share/my_mas/cmake/my_mas__rosidl_typesupport_introspection_cppExport.cmake
[15.126s] -- Installing: /home/ffelix07/Documents/LabRemo/install/my_mas/share/my_mas/cmake/my_mas__rosidl_typesupport_introspection_cppExport-noconfig.cmake
[15.126s] -- Installing: /home/ffelix07/Documents/LabRemo/install/my_mas/share/my_mas/cmake/my_mas__rosidl_typesupport_cppExport.cmake
[15.127s] -- Installing: /home/ffelix07/Documents/LabRemo/install/my_mas/share/my_mas/cmake/my_mas__rosidl_typesupport_cppExport-noconfig.cmake
[15.127s] -- Installing: /home/ffelix07/Documents/LabRemo/install/my_mas/share/my_mas/cmake/export_my_mas__rosidl_generator_pyExport.cmake
[15.127s] -- Installing: /home/ffelix07/Documents/LabRemo/install/my_mas/share/my_mas/cmake/export_my_mas__rosidl_generator_pyExport-noconfig.cmake
[15.129s] -- Installing: /home/ffelix07/Documents/LabRemo/install/my_mas/share/my_mas/cmake/rosidl_cmake-extras.cmake
[15.130s] -- Installing: /home/ffelix07/Documents/LabRemo/install/my_mas/share/my_mas/cmake/ament_cmake_export_dependencies-extras.cmake
[15.130s] -- Installing: /home/ffelix07/Documents/LabRemo/install/my_mas/share/my_mas/cmake/ament_cmake_export_include_directories-extras.cmake
[15.131s] -- Installing: /home/ffelix07/Documents/LabRemo/install/my_mas/share/my_mas/cmake/ament_cmake_export_libraries-extras.cmake
[15.132s] -- Installing: /home/ffelix07/Documents/LabRemo/install/my_mas/share/my_mas/cmake/ament_cmake_export_targets-extras.cmake
[15.133s] -- Installing: /home/ffelix07/Documents/LabRemo/install/my_mas/share/my_mas/cmake/rosidl_cmake_export_typesupport_targets-extras.cmake
[15.133s] -- Installing: /home/ffelix07/Documents/LabRemo/install/my_mas/share/my_mas/cmake/rosidl_cmake_export_typesupport_libraries-extras.cmake
[15.134s] -- Installing: /home/ffelix07/Documents/LabRemo/install/my_mas/share/my_mas/cmake/my_masConfig.cmake
[15.134s] -- Installing: /home/ffelix07/Documents/LabRemo/install/my_mas/share/my_mas/cmake/my_masConfig-version.cmake
[15.134s] -- Installing: /home/ffelix07/Documents/LabRemo/install/my_mas/share/my_mas/package.xml
[15.140s] Invoked command in '/home/ffelix07/Documents/LabRemo/build/my_mas' returned '0': CMAKE_PREFIX_PATH=${CMAKE_PREFIX_PATH}:/home/ffelix07/Documents/LabRemo/Orchestrator/ros2_labremoto/install/py_pubsub:/home/ffelix07/Documents/LabRemo/Orchestrator/ros2_labremoto/install/nodes_comunication:/home/ffelix07/Documents/LabRemo/Orchestrator/ros2_labremoto/install/hardware:/opt/ros/humble /usr/bin/cmake --install /home/ffelix07/Documents/LabRemo/build/my_mas
