[0.555s] Invoking command in '/home/ffelix07/Documents/LabRemo/Orchestrator/ros2_labremoto/build/my_mas': CMAKE_PREFIX_PATH=${CMAKE_PREFIX_PATH}:/home/ffelix07/Documents/LabRemo/Orchestrator/ros2_labremoto/install/launchstructure:/home/ffelix07/Documents/LabRemo/Orchestrator/ros2_labremoto/install/py_pubsub:/home/ffelix07/Documents/LabRemo/Orchestrator/ros2_labremoto/install/lstructure:/home/ffelix07/Documents/LabRemo/Orchestrator/ros2_labremoto/install/hardware:/home/ffelix07/Documents/LabRemo/Orchestrator/ros2_labremoto/install/ament_pep257:/home/ffelix07/Documents/LabRemo/Orchestrator/ros2_labremoto/install/ament_package:/home/ffelix07/Documents/LabRemo/Orchestrator/ros2_labremoto/install/ament_flake8:/opt/ros/humble /usr/bin/cmake --build /home/ffelix07/Documents/LabRemo/Orchestrator/ros2_labremoto/build/my_mas -- -j4 -l4
[0.704s] [  1%] Built target my_mas__cpp
[0.715s] [ 12%] Built target my_mas__rosidl_generator_c
[0.748s] [ 12%] Built target ament_cmake_python_copy_my_mas
[0.806s] [ 24%] Built target my_mas__rosidl_typesupport_c
[0.874s] [ 36%] Built target my_mas__rosidl_typesupport_introspection_c
[0.879s] [ 55%] Built target my_mas__rosidl_typesupport_fastrtps_c
[0.886s] [ 58%] Built target my_mas__rosidl_typesupport_fastrtps_cpp
[0.887s] [ 69%] Built target my_mas__rosidl_typesupport_introspection_cpp
[0.964s] [ 81%] Built target my_mas__rosidl_typesupport_cpp
[1.050s] [ 81%] Built target my_mas
[1.107s] [ 82%] Built target my_mas__py
[1.177s] [ 92%] Built target my_mas__rosidl_generator_py
[1.281s] [ 94%] Built target my_mas__rosidl_typesupport_c__pyext
[1.307s] [ 97%] Built target my_mas__rosidl_typesupport_introspection_c__pyext
[1.322s] [100%] Built target my_mas__rosidl_typesupport_fastrtps_c__pyext
[2.099s] running egg_info
[2.100s] writing my_mas.egg-info/PKG-INFO
[2.101s] writing dependency_links to my_mas.egg-info/dependency_links.txt
[2.102s] writing top-level names to my_mas.egg-info/top_level.txt
[2.110s] reading manifest file 'my_mas.egg-info/SOURCES.txt'
[2.112s] writing manifest file 'my_mas.egg-info/SOURCES.txt'
[2.203s] [100%] Built target ament_cmake_python_build_my_mas_egg
[2.331s] Invoked command in '/home/ffelix07/Documents/LabRemo/Orchestrator/ros2_labremoto/build/my_mas' returned '0': CMAKE_PREFIX_PATH=${CMAKE_PREFIX_PATH}:/home/ffelix07/Documents/LabRemo/Orchestrator/ros2_labremoto/install/launchstructure:/home/ffelix07/Documents/LabRemo/Orchestrator/ros2_labremoto/install/py_pubsub:/home/ffelix07/Documents/LabRemo/Orchestrator/ros2_labremoto/install/lstructure:/home/ffelix07/Documents/LabRemo/Orchestrator/ros2_labremoto/install/hardware:/home/ffelix07/Documents/LabRemo/Orchestrator/ros2_labremoto/install/ament_pep257:/home/ffelix07/Documents/LabRemo/Orchestrator/ros2_labremoto/install/ament_package:/home/ffelix07/Documents/LabRemo/Orchestrator/ros2_labremoto/install/ament_flake8:/opt/ros/humble /usr/bin/cmake --build /home/ffelix07/Documents/LabRemo/Orchestrator/ros2_labremoto/build/my_mas -- -j4 -l4
[3.001s] Invoking command in '/home/ffelix07/Documents/LabRemo/Orchestrator/ros2_labremoto/build/my_mas': CMAKE_PREFIX_PATH=${CMAKE_PREFIX_PATH}:/home/ffelix07/Documents/LabRemo/Orchestrator/ros2_labremoto/install/launchstructure:/home/ffelix07/Documents/LabRemo/Orchestrator/ros2_labremoto/install/py_pubsub:/home/ffelix07/Documents/LabRemo/Orchestrator/ros2_labremoto/install/lstructure:/home/ffelix07/Documents/LabRemo/Orchestrator/ros2_labremoto/install/hardware:/home/ffelix07/Documents/LabRemo/Orchestrator/ros2_labremoto/install/ament_pep257:/home/ffelix07/Documents/LabRemo/Orchestrator/ros2_labremoto/install/ament_package:/home/ffelix07/Documents/LabRemo/Orchestrator/ros2_labremoto/install/ament_flake8:/opt/ros/humble /usr/bin/cmake --install /home/ffelix07/Documents/LabRemo/Orchestrator/ros2_labremoto/build/my_mas
[3.022s] -- Install configuration: ""
[3.038s] -- Up-to-date: /home/ffelix07/Documents/LabRemo/Orchestrator/ros2_labremoto/install/my_mas/share/ament_index/resource_index/rosidl_interfaces/my_mas
[3.042s] -- Up-to-date: /home/ffelix07/Documents/LabRemo/Orchestrator/ros2_labremoto/install/my_mas/include/my_mas/my_mas
[3.043s] -- Up-to-date: /home/ffelix07/Documents/LabRemo/Orchestrator/ros2_labremoto/install/my_mas/include/my_mas/my_mas/srv
[3.046s] -- Up-to-date: /home/ffelix07/Documents/LabRemo/Orchestrator/ros2_labremoto/install/my_mas/include/my_mas/my_mas/srv/load_filedb.h
[3.046s] -- Up-to-date: /home/ffelix07/Documents/LabRemo/Orchestrator/ros2_labremoto/install/my_mas/include/my_mas/my_mas/srv/detail
[3.047s] -- Up-to-date: /home/ffelix07/Documents/LabRemo/Orchestrator/ros2_labremoto/install/my_mas/include/my_mas/my_mas/srv/detail/load_filedb__functions.c
[3.047s] -- Up-to-date: /home/ffelix07/Documents/LabRemo/Orchestrator/ros2_labremoto/install/my_mas/include/my_mas/my_mas/srv/detail/load_filedb__type_support.h
[3.047s] -- Up-to-date: /home/ffelix07/Documents/LabRemo/Orchestrator/ros2_labremoto/install/my_mas/include/my_mas/my_mas/srv/detail/load_filedb__struct.h
[3.048s] -- Up-to-date: /home/ffelix07/Documents/LabRemo/Orchestrator/ros2_labremoto/install/my_mas/include/my_mas/my_mas/srv/detail/load_filedb__functions.h
[3.048s] -- Up-to-date: /home/ffelix07/Documents/LabRemo/Orchestrator/ros2_labremoto/install/my_mas/include/my_mas/my_mas/srv/detail/load_file__functions.c
[3.048s] -- Up-to-date: /home/ffelix07/Documents/LabRemo/Orchestrator/ros2_labremoto/install/my_mas/include/my_mas/my_mas/srv/detail/load_file__type_support.h
[3.049s] -- Up-to-date: /home/ffelix07/Documents/LabRemo/Orchestrator/ros2_labremoto/install/my_mas/include/my_mas/my_mas/srv/detail/load_file__struct.h
[3.049s] -- Up-to-date: /home/ffelix07/Documents/LabRemo/Orchestrator/ros2_labremoto/install/my_mas/include/my_mas/my_mas/srv/detail/load_file__functions.h
[3.050s] -- Up-to-date: /home/ffelix07/Documents/LabRemo/Orchestrator/ros2_labremoto/install/my_mas/include/my_mas/my_mas/srv/load_file.h
[3.050s] -- Up-to-date: /home/ffelix07/Documents/LabRemo/Orchestrator/ros2_labremoto/install/my_mas/include/my_mas/my_mas/action
[3.051s] -- Up-to-date: /home/ffelix07/Documents/LabRemo/Orchestrator/ros2_labremoto/install/my_mas/include/my_mas/my_mas/action/fibonacci.h
[3.051s] -- Up-to-date: /home/ffelix07/Documents/LabRemo/Orchestrator/ros2_labremoto/install/my_mas/include/my_mas/my_mas/action/detail
[3.059s] -- Up-to-date: /home/ffelix07/Documents/LabRemo/Orchestrator/ros2_labremoto/install/my_mas/include/my_mas/my_mas/action/detail/cargahex__struct.h
[3.060s] -- Up-to-date: /home/ffelix07/Documents/LabRemo/Orchestrator/ros2_labremoto/install/my_mas/include/my_mas/my_mas/action/detail/fibonacci__functions.c
[3.060s] -- Up-to-date: /home/ffelix07/Documents/LabRemo/Orchestrator/ros2_labremoto/install/my_mas/include/my_mas/my_mas/action/detail/cargahex__functions.c
[3.060s] -- Up-to-date: /home/ffelix07/Documents/LabRemo/Orchestrator/ros2_labremoto/install/my_mas/include/my_mas/my_mas/action/detail/cargahex__type_support.h
[3.061s] -- Up-to-date: /home/ffelix07/Documents/LabRemo/Orchestrator/ros2_labremoto/install/my_mas/include/my_mas/my_mas/action/detail/fibonacci__functions.h
[3.061s] -- Up-to-date: /home/ffelix07/Documents/LabRemo/Orchestrator/ros2_labremoto/install/my_mas/include/my_mas/my_mas/action/detail/fibonacci__type_support.h
[3.062s] -- Up-to-date: /home/ffelix07/Documents/LabRemo/Orchestrator/ros2_labremoto/install/my_mas/include/my_mas/my_mas/action/detail/cargahex__functions.h
[3.069s] -- Up-to-date: /home/ffelix07/Documents/LabRemo/Orchestrator/ros2_labremoto/install/my_mas/include/my_mas/my_mas/action/detail/fibonacci__struct.h
[3.070s] -- Up-to-date: /home/ffelix07/Documents/LabRemo/Orchestrator/ros2_labremoto/install/my_mas/include/my_mas/my_mas/action/cargahex.h
[3.071s] -- Up-to-date: /home/ffelix07/Documents/LabRemo/Orchestrator/ros2_labremoto/install/my_mas/include/my_mas/my_mas/msg
[3.071s] -- Up-to-date: /home/ffelix07/Documents/LabRemo/Orchestrator/ros2_labremoto/install/my_mas/include/my_mas/my_mas/msg/sensor_measurment.h
[3.075s] -- Up-to-date: /home/ffelix07/Documents/LabRemo/Orchestrator/ros2_labremoto/install/my_mas/include/my_mas/my_mas/msg/rosidl_generator_c__visibility_control.h
[3.076s] -- Up-to-date: /home/ffelix07/Documents/LabRemo/Orchestrator/ros2_labremoto/install/my_mas/include/my_mas/my_mas/msg/detail
[3.076s] -- Up-to-date: /home/ffelix07/Documents/LabRemo/Orchestrator/ros2_labremoto/install/my_mas/include/my_mas/my_mas/msg/detail/file_hex_load__struct.h
[3.077s] -- Up-to-date: /home/ffelix07/Documents/LabRemo/Orchestrator/ros2_labremoto/install/my_mas/include/my_mas/my_mas/msg/detail/sensor_measurment__type_support.h
[3.077s] -- Up-to-date: /home/ffelix07/Documents/LabRemo/Orchestrator/ros2_labremoto/install/my_mas/include/my_mas/my_mas/msg/detail/sensor_measurment__struct.h
[3.078s] -- Up-to-date: /home/ffelix07/Documents/LabRemo/Orchestrator/ros2_labremoto/install/my_mas/include/my_mas/my_mas/msg/detail/auditor_msg__type_support.h
[3.086s] -- Up-to-date: /home/ffelix07/Documents/LabRemo/Orchestrator/ros2_labremoto/install/my_mas/include/my_mas/my_mas/msg/detail/file_hex_load__functions.c
[3.087s] -- Up-to-date: /home/ffelix07/Documents/LabRemo/Orchestrator/ros2_labremoto/install/my_mas/include/my_mas/my_mas/msg/detail/auditor_msg__struct.h
[3.087s] -- Up-to-date: /home/ffelix07/Documents/LabRemo/Orchestrator/ros2_labremoto/install/my_mas/include/my_mas/my_mas/msg/detail/file_hex_load__functions.h
[3.087s] -- Up-to-date: /home/ffelix07/Documents/LabRemo/Orchestrator/ros2_labremoto/install/my_mas/include/my_mas/my_mas/msg/detail/auditor_msg__functions.c
[3.088s] -- Up-to-date: /home/ffelix07/Documents/LabRemo/Orchestrator/ros2_labremoto/install/my_mas/include/my_mas/my_mas/msg/detail/sensor_measurment__functions.h
[3.088s] -- Up-to-date: /home/ffelix07/Documents/LabRemo/Orchestrator/ros2_labremoto/install/my_mas/include/my_mas/my_mas/msg/detail/file_hex_load__type_support.h
[3.094s] -- Up-to-date: /home/ffelix07/Documents/LabRemo/Orchestrator/ros2_labremoto/install/my_mas/include/my_mas/my_mas/msg/detail/sensor_measurment__functions.c
[3.095s] -- Up-to-date: /home/ffelix07/Documents/LabRemo/Orchestrator/ros2_labremoto/install/my_mas/include/my_mas/my_mas/msg/detail/auditor_msg__functions.h
[3.095s] -- Up-to-date: /home/ffelix07/Documents/LabRemo/Orchestrator/ros2_labremoto/install/my_mas/include/my_mas/my_mas/msg/auditor_msg.h
[3.095s] -- Up-to-date: /home/ffelix07/Documents/LabRemo/Orchestrator/ros2_labremoto/install/my_mas/include/my_mas/my_mas/msg/file_hex_load.h
[3.096s] -- Up-to-date: /home/ffelix07/Documents/LabRemo/Orchestrator/ros2_labremoto/install/my_mas/share/my_mas/environment/library_path.sh
[3.096s] -- Up-to-date: /home/ffelix07/Documents/LabRemo/Orchestrator/ros2_labremoto/install/my_mas/share/my_mas/environment/library_path.dsv
[3.102s] -- Up-to-date: /home/ffelix07/Documents/LabRemo/Orchestrator/ros2_labremoto/install/my_mas/lib/libmy_mas__rosidl_generator_c.so
[3.102s] -- Up-to-date: /home/ffelix07/Documents/LabRemo/Orchestrator/ros2_labremoto/install/my_mas/include/my_mas/my_mas
[3.103s] -- Up-to-date: /home/ffelix07/Documents/LabRemo/Orchestrator/ros2_labremoto/install/my_mas/include/my_mas/my_mas/srv
[3.103s] -- Up-to-date: /home/ffelix07/Documents/LabRemo/Orchestrator/ros2_labremoto/install/my_mas/include/my_mas/my_mas/srv/detail
[3.103s] -- Up-to-date: /home/ffelix07/Documents/LabRemo/Orchestrator/ros2_labremoto/install/my_mas/include/my_mas/my_mas/srv/detail/load_filedb__rosidl_typesupport_fastrtps_c.h
[3.104s] -- Up-to-date: /home/ffelix07/Documents/LabRemo/Orchestrator/ros2_labremoto/install/my_mas/include/my_mas/my_mas/srv/detail/load_file__rosidl_typesupport_fastrtps_c.h
[3.104s] -- Up-to-date: /home/ffelix07/Documents/LabRemo/Orchestrator/ros2_labremoto/install/my_mas/include/my_mas/my_mas/action
[3.104s] -- Up-to-date: /home/ffelix07/Documents/LabRemo/Orchestrator/ros2_labremoto/install/my_mas/include/my_mas/my_mas/action/detail
[3.105s] -- Up-to-date: /home/ffelix07/Documents/LabRemo/Orchestrator/ros2_labremoto/install/my_mas/include/my_mas/my_mas/action/detail/cargahex__rosidl_typesupport_fastrtps_c.h
[3.105s] -- Up-to-date: /home/ffelix07/Documents/LabRemo/Orchestrator/ros2_labremoto/install/my_mas/include/my_mas/my_mas/action/detail/fibonacci__rosidl_typesupport_fastrtps_c.h
[3.105s] -- Up-to-date: /home/ffelix07/Documents/LabRemo/Orchestrator/ros2_labremoto/install/my_mas/include/my_mas/my_mas/msg
[3.110s] -- Up-to-date: /home/ffelix07/Documents/LabRemo/Orchestrator/ros2_labremoto/install/my_mas/include/my_mas/my_mas/msg/rosidl_typesupport_fastrtps_c__visibility_control.h
[3.111s] -- Up-to-date: /home/ffelix07/Documents/LabRemo/Orchestrator/ros2_labremoto/install/my_mas/include/my_mas/my_mas/msg/detail
[3.111s] -- Up-to-date: /home/ffelix07/Documents/LabRemo/Orchestrator/ros2_labremoto/install/my_mas/include/my_mas/my_mas/msg/detail/file_hex_load__rosidl_typesupport_fastrtps_c.h
[3.111s] -- Up-to-date: /home/ffelix07/Documents/LabRemo/Orchestrator/ros2_labremoto/install/my_mas/include/my_mas/my_mas/msg/detail/auditor_msg__rosidl_typesupport_fastrtps_c.h
[3.117s] -- Up-to-date: /home/ffelix07/Documents/LabRemo/Orchestrator/ros2_labremoto/install/my_mas/include/my_mas/my_mas/msg/detail/sensor_measurment__rosidl_typesupport_fastrtps_c.h
[3.117s] -- Up-to-date: /home/ffelix07/Documents/LabRemo/Orchestrator/ros2_labremoto/install/my_mas/lib/libmy_mas__rosidl_typesupport_fastrtps_c.so
[3.118s] -- Up-to-date: /home/ffelix07/Documents/LabRemo/Orchestrator/ros2_labremoto/install/my_mas/include/my_mas/my_mas
[3.118s] -- Up-to-date: /home/ffelix07/Documents/LabRemo/Orchestrator/ros2_labremoto/install/my_mas/include/my_mas/my_mas/srv
[3.119s] -- Up-to-date: /home/ffelix07/Documents/LabRemo/Orchestrator/ros2_labremoto/install/my_mas/include/my_mas/my_mas/srv/detail
[3.119s] -- Up-to-date: /home/ffelix07/Documents/LabRemo/Orchestrator/ros2_labremoto/install/my_mas/include/my_mas/my_mas/srv/detail/load_filedb__type_support.c
[3.120s] -- Up-to-date: /home/ffelix07/Documents/LabRemo/Orchestrator/ros2_labremoto/install/my_mas/include/my_mas/my_mas/srv/detail/load_file__rosidl_typesupport_introspection_c.h
[3.120s] -- Up-to-date: /home/ffelix07/Documents/LabRemo/Orchestrator/ros2_labremoto/install/my_mas/include/my_mas/my_mas/srv/detail/load_file__type_support.c
[3.121s] -- Up-to-date: /home/ffelix07/Documents/LabRemo/Orchestrator/ros2_labremoto/install/my_mas/include/my_mas/my_mas/srv/detail/load_filedb__rosidl_typesupport_introspection_c.h
[3.121s] -- Up-to-date: /home/ffelix07/Documents/LabRemo/Orchestrator/ros2_labremoto/install/my_mas/include/my_mas/my_mas/action
[3.121s] -- Up-to-date: /home/ffelix07/Documents/LabRemo/Orchestrator/ros2_labremoto/install/my_mas/include/my_mas/my_mas/action/detail
[3.121s] -- Up-to-date: /home/ffelix07/Documents/LabRemo/Orchestrator/ros2_labremoto/install/my_mas/include/my_mas/my_mas/action/detail/fibonacci__rosidl_typesupport_introspection_c.h
[3.127s] -- Up-to-date: /home/ffelix07/Documents/LabRemo/Orchestrator/ros2_labremoto/install/my_mas/include/my_mas/my_mas/action/detail/fibonacci__type_support.c
[3.128s] -- Up-to-date: /home/ffelix07/Documents/LabRemo/Orchestrator/ros2_labremoto/install/my_mas/include/my_mas/my_mas/action/detail/cargahex__type_support.c
[3.128s] -- Up-to-date: /home/ffelix07/Documents/LabRemo/Orchestrator/ros2_labremoto/install/my_mas/include/my_mas/my_mas/action/detail/cargahex__rosidl_typesupport_introspection_c.h
[3.128s] -- Up-to-date: /home/ffelix07/Documents/LabRemo/Orchestrator/ros2_labremoto/install/my_mas/include/my_mas/my_mas/msg
[3.129s] -- Up-to-date: /home/ffelix07/Documents/LabRemo/Orchestrator/ros2_labremoto/install/my_mas/include/my_mas/my_mas/msg/detail
[3.129s] -- Up-to-date: /home/ffelix07/Documents/LabRemo/Orchestrator/ros2_labremoto/install/my_mas/include/my_mas/my_mas/msg/detail/file_hex_load__rosidl_typesupport_introspection_c.h
[3.129s] -- Up-to-date: /home/ffelix07/Documents/LabRemo/Orchestrator/ros2_labremoto/install/my_mas/include/my_mas/my_mas/msg/detail/sensor_measurment__rosidl_typesupport_introspection_c.h
[3.130s] -- Up-to-date: /home/ffelix07/Documents/LabRemo/Orchestrator/ros2_labremoto/install/my_mas/include/my_mas/my_mas/msg/detail/sensor_measurment__type_support.c
[3.137s] -- Up-to-date: /home/ffelix07/Documents/LabRemo/Orchestrator/ros2_labremoto/install/my_mas/include/my_mas/my_mas/msg/detail/auditor_msg__type_support.c
[3.137s] -- Up-to-date: /home/ffelix07/Documents/LabRemo/Orchestrator/ros2_labremoto/install/my_mas/include/my_mas/my_mas/msg/detail/file_hex_load__type_support.c
[3.138s] -- Up-to-date: /home/ffelix07/Documents/LabRemo/Orchestrator/ros2_labremoto/install/my_mas/include/my_mas/my_mas/msg/detail/auditor_msg__rosidl_typesupport_introspection_c.h
[3.138s] -- Up-to-date: /home/ffelix07/Documents/LabRemo/Orchestrator/ros2_labremoto/install/my_mas/include/my_mas/my_mas/msg/rosidl_typesupport_introspection_c__visibility_control.h
[3.139s] -- Up-to-date: /home/ffelix07/Documents/LabRemo/Orchestrator/ros2_labremoto/install/my_mas/lib/libmy_mas__rosidl_typesupport_introspection_c.so
[3.139s] -- Up-to-date: /home/ffelix07/Documents/LabRemo/Orchestrator/ros2_labremoto/install/my_mas/lib/libmy_mas__rosidl_typesupport_c.so
[3.139s] -- Up-to-date: /home/ffelix07/Documents/LabRemo/Orchestrator/ros2_labremoto/install/my_mas/include/my_mas/my_mas
[3.140s] -- Up-to-date: /home/ffelix07/Documents/LabRemo/Orchestrator/ros2_labremoto/install/my_mas/include/my_mas/my_mas/srv
[3.140s] -- Up-to-date: /home/ffelix07/Documents/LabRemo/Orchestrator/ros2_labremoto/install/my_mas/include/my_mas/my_mas/srv/load_file.hpp
[3.141s] -- Up-to-date: /home/ffelix07/Documents/LabRemo/Orchestrator/ros2_labremoto/install/my_mas/include/my_mas/my_mas/srv/detail
[3.141s] -- Up-to-date: /home/ffelix07/Documents/LabRemo/Orchestrator/ros2_labremoto/install/my_mas/include/my_mas/my_mas/srv/detail/load_filedb__builder.hpp
[3.141s] -- Up-to-date: /home/ffelix07/Documents/LabRemo/Orchestrator/ros2_labremoto/install/my_mas/include/my_mas/my_mas/srv/detail/load_filedb__traits.hpp
[3.142s] -- Up-to-date: /home/ffelix07/Documents/LabRemo/Orchestrator/ros2_labremoto/install/my_mas/include/my_mas/my_mas/srv/detail/load_file__struct.hpp
[3.148s] -- Up-to-date: /home/ffelix07/Documents/LabRemo/Orchestrator/ros2_labremoto/install/my_mas/include/my_mas/my_mas/srv/detail/load_file__builder.hpp
[3.148s] -- Up-to-date: /home/ffelix07/Documents/LabRemo/Orchestrator/ros2_labremoto/install/my_mas/include/my_mas/my_mas/srv/detail/load_file__traits.hpp
[3.148s] -- Up-to-date: /home/ffelix07/Documents/LabRemo/Orchestrator/ros2_labremoto/install/my_mas/include/my_mas/my_mas/srv/detail/load_filedb__struct.hpp
[3.149s] -- Up-to-date: /home/ffelix07/Documents/LabRemo/Orchestrator/ros2_labremoto/install/my_mas/include/my_mas/my_mas/srv/load_filedb.hpp
[3.149s] -- Up-to-date: /home/ffelix07/Documents/LabRemo/Orchestrator/ros2_labremoto/install/my_mas/include/my_mas/my_mas/action
[3.149s] -- Up-to-date: /home/ffelix07/Documents/LabRemo/Orchestrator/ros2_labremoto/install/my_mas/include/my_mas/my_mas/action/fibonacci.hpp
[3.150s] -- Up-to-date: /home/ffelix07/Documents/LabRemo/Orchestrator/ros2_labremoto/install/my_mas/include/my_mas/my_mas/action/detail
[3.158s] -- Up-to-date: /home/ffelix07/Documents/LabRemo/Orchestrator/ros2_labremoto/install/my_mas/include/my_mas/my_mas/action/detail/fibonacci__builder.hpp
[3.158s] -- Up-to-date: /home/ffelix07/Documents/LabRemo/Orchestrator/ros2_labremoto/install/my_mas/include/my_mas/my_mas/action/detail/cargahex__builder.hpp
[3.159s] -- Up-to-date: /home/ffelix07/Documents/LabRemo/Orchestrator/ros2_labremoto/install/my_mas/include/my_mas/my_mas/action/detail/fibonacci__struct.hpp
[3.159s] -- Up-to-date: /home/ffelix07/Documents/LabRemo/Orchestrator/ros2_labremoto/install/my_mas/include/my_mas/my_mas/action/detail/cargahex__struct.hpp
[3.159s] -- Up-to-date: /home/ffelix07/Documents/LabRemo/Orchestrator/ros2_labremoto/install/my_mas/include/my_mas/my_mas/action/detail/fibonacci__traits.hpp
[3.159s] -- Up-to-date: /home/ffelix07/Documents/LabRemo/Orchestrator/ros2_labremoto/install/my_mas/include/my_mas/my_mas/action/detail/cargahex__traits.hpp
[3.160s] -- Up-to-date: /home/ffelix07/Documents/LabRemo/Orchestrator/ros2_labremoto/install/my_mas/include/my_mas/my_mas/action/cargahex.hpp
[3.160s] -- Up-to-date: /home/ffelix07/Documents/LabRemo/Orchestrator/ros2_labremoto/install/my_mas/include/my_mas/my_mas/msg
[3.160s] -- Up-to-date: /home/ffelix07/Documents/LabRemo/Orchestrator/ros2_labremoto/install/my_mas/include/my_mas/my_mas/msg/auditor_msg.hpp
[3.161s] -- Up-to-date: /home/ffelix07/Documents/LabRemo/Orchestrator/ros2_labremoto/install/my_mas/include/my_mas/my_mas/msg/detail
[3.161s] -- Up-to-date: /home/ffelix07/Documents/LabRemo/Orchestrator/ros2_labremoto/install/my_mas/include/my_mas/my_mas/msg/detail/file_hex_load__builder.hpp
[3.161s] -- Up-to-date: /home/ffelix07/Documents/LabRemo/Orchestrator/ros2_labremoto/install/my_mas/include/my_mas/my_mas/msg/detail/file_hex_load__traits.hpp
[3.162s] -- Up-to-date: /home/ffelix07/Documents/LabRemo/Orchestrator/ros2_labremoto/install/my_mas/include/my_mas/my_mas/msg/detail/sensor_measurment__struct.hpp
[3.162s] -- Up-to-date: /home/ffelix07/Documents/LabRemo/Orchestrator/ros2_labremoto/install/my_mas/include/my_mas/my_mas/msg/detail/sensor_measurment__traits.hpp
[3.166s] -- Up-to-date: /home/ffelix07/Documents/LabRemo/Orchestrator/ros2_labremoto/install/my_mas/include/my_mas/my_mas/msg/detail/file_hex_load__struct.hpp
[3.167s] -- Up-to-date: /home/ffelix07/Documents/LabRemo/Orchestrator/ros2_labremoto/install/my_mas/include/my_mas/my_mas/msg/detail/auditor_msg__traits.hpp
[3.167s] -- Up-to-date: /home/ffelix07/Documents/LabRemo/Orchestrator/ros2_labremoto/install/my_mas/include/my_mas/my_mas/msg/detail/sensor_measurment__builder.hpp
[3.167s] -- Up-to-date: /home/ffelix07/Documents/LabRemo/Orchestrator/ros2_labremoto/install/my_mas/include/my_mas/my_mas/msg/detail/auditor_msg__struct.hpp
[3.167s] -- Up-to-date: /home/ffelix07/Documents/LabRemo/Orchestrator/ros2_labremoto/install/my_mas/include/my_mas/my_mas/msg/detail/auditor_msg__builder.hpp
[3.168s] -- Up-to-date: /home/ffelix07/Documents/LabRemo/Orchestrator/ros2_labremoto/install/my_mas/include/my_mas/my_mas/msg/file_hex_load.hpp
[3.168s] -- Up-to-date: /home/ffelix07/Documents/LabRemo/Orchestrator/ros2_labremoto/install/my_mas/include/my_mas/my_mas/msg/sensor_measurment.hpp
[3.168s] -- Up-to-date: /home/ffelix07/Documents/LabRemo/Orchestrator/ros2_labremoto/install/my_mas/include/my_mas/my_mas
[3.169s] -- Up-to-date: /home/ffelix07/Documents/LabRemo/Orchestrator/ros2_labremoto/install/my_mas/include/my_mas/my_mas/srv
[3.169s] -- Up-to-date: /home/ffelix07/Documents/LabRemo/Orchestrator/ros2_labremoto/install/my_mas/include/my_mas/my_mas/srv/detail
[3.169s] -- Up-to-date: /home/ffelix07/Documents/LabRemo/Orchestrator/ros2_labremoto/install/my_mas/include/my_mas/my_mas/srv/detail/load_filedb__rosidl_typesupport_fastrtps_cpp.hpp
[3.170s] -- Up-to-date: /home/ffelix07/Documents/LabRemo/Orchestrator/ros2_labremoto/install/my_mas/include/my_mas/my_mas/srv/detail/load_file__rosidl_typesupport_fastrtps_cpp.hpp
[3.170s] -- Up-to-date: /home/ffelix07/Documents/LabRemo/Orchestrator/ros2_labremoto/install/my_mas/include/my_mas/my_mas/srv/detail/dds_fastrtps
[3.170s] -- Up-to-date: /home/ffelix07/Documents/LabRemo/Orchestrator/ros2_labremoto/install/my_mas/include/my_mas/my_mas/action
[3.171s] -- Up-to-date: /home/ffelix07/Documents/LabRemo/Orchestrator/ros2_labremoto/install/my_mas/include/my_mas/my_mas/action/detail
[3.171s] -- Up-to-date: /home/ffelix07/Documents/LabRemo/Orchestrator/ros2_labremoto/install/my_mas/include/my_mas/my_mas/action/detail/cargahex__rosidl_typesupport_fastrtps_cpp.hpp
[3.171s] -- Up-to-date: /home/ffelix07/Documents/LabRemo/Orchestrator/ros2_labremoto/install/my_mas/include/my_mas/my_mas/action/detail/dds_fastrtps
[3.172s] -- Up-to-date: /home/ffelix07/Documents/LabRemo/Orchestrator/ros2_labremoto/install/my_mas/include/my_mas/my_mas/action/detail/fibonacci__rosidl_typesupport_fastrtps_cpp.hpp
[3.178s] -- Up-to-date: /home/ffelix07/Documents/LabRemo/Orchestrator/ros2_labremoto/install/my_mas/include/my_mas/my_mas/msg
[3.178s] -- Up-to-date: /home/ffelix07/Documents/LabRemo/Orchestrator/ros2_labremoto/install/my_mas/include/my_mas/my_mas/msg/detail
[3.179s] -- Up-to-date: /home/ffelix07/Documents/LabRemo/Orchestrator/ros2_labremoto/install/my_mas/include/my_mas/my_mas/msg/detail/file_hex_load__rosidl_typesupport_fastrtps_cpp.hpp
[3.179s] -- Up-to-date: /home/ffelix07/Documents/LabRemo/Orchestrator/ros2_labremoto/install/my_mas/include/my_mas/my_mas/msg/detail/sensor_measurment__rosidl_typesupport_fastrtps_cpp.hpp
[3.179s] -- Up-to-date: /home/ffelix07/Documents/LabRemo/Orchestrator/ros2_labremoto/install/my_mas/include/my_mas/my_mas/msg/detail/dds_fastrtps
[3.180s] -- Up-to-date: /home/ffelix07/Documents/LabRemo/Orchestrator/ros2_labremoto/install/my_mas/include/my_mas/my_mas/msg/detail/auditor_msg__rosidl_typesupport_fastrtps_cpp.hpp
[3.180s] -- Up-to-date: /home/ffelix07/Documents/LabRemo/Orchestrator/ros2_labremoto/install/my_mas/include/my_mas/my_mas/msg/rosidl_typesupport_fastrtps_cpp__visibility_control.h
[3.180s] -- Up-to-date: /home/ffelix07/Documents/LabRemo/Orchestrator/ros2_labremoto/install/my_mas/lib/libmy_mas__rosidl_typesupport_fastrtps_cpp.so
[3.181s] -- Up-to-date: /home/ffelix07/Documents/LabRemo/Orchestrator/ros2_labremoto/install/my_mas/include/my_mas/my_mas
[3.181s] -- Up-to-date: /home/ffelix07/Documents/LabRemo/Orchestrator/ros2_labremoto/install/my_mas/include/my_mas/my_mas/srv
[3.181s] -- Up-to-date: /home/ffelix07/Documents/LabRemo/Orchestrator/ros2_labremoto/install/my_mas/include/my_mas/my_mas/srv/detail
[3.182s] -- Up-to-date: /home/ffelix07/Documents/LabRemo/Orchestrator/ros2_labremoto/install/my_mas/include/my_mas/my_mas/srv/detail/load_filedb__type_support.cpp
[3.190s] -- Up-to-date: /home/ffelix07/Documents/LabRemo/Orchestrator/ros2_labremoto/install/my_mas/include/my_mas/my_mas/srv/detail/load_filedb__rosidl_typesupport_introspection_cpp.hpp
[3.190s] -- Up-to-date: /home/ffelix07/Documents/LabRemo/Orchestrator/ros2_labremoto/install/my_mas/include/my_mas/my_mas/srv/detail/load_file__rosidl_typesupport_introspection_cpp.hpp
[3.191s] -- Up-to-date: /home/ffelix07/Documents/LabRemo/Orchestrator/ros2_labremoto/install/my_mas/include/my_mas/my_mas/srv/detail/load_file__type_support.cpp
[3.191s] -- Up-to-date: /home/ffelix07/Documents/LabRemo/Orchestrator/ros2_labremoto/install/my_mas/include/my_mas/my_mas/action
[3.194s] -- Up-to-date: /home/ffelix07/Documents/LabRemo/Orchestrator/ros2_labremoto/install/my_mas/include/my_mas/my_mas/action/detail
[3.198s] -- Up-to-date: /home/ffelix07/Documents/LabRemo/Orchestrator/ros2_labremoto/install/my_mas/include/my_mas/my_mas/action/detail/fibonacci__rosidl_typesupport_introspection_cpp.hpp
[3.198s] -- Up-to-date: /home/ffelix07/Documents/LabRemo/Orchestrator/ros2_labremoto/install/my_mas/include/my_mas/my_mas/action/detail/cargahex__type_support.cpp
[3.199s] -- Up-to-date: /home/ffelix07/Documents/LabRemo/Orchestrator/ros2_labremoto/install/my_mas/include/my_mas/my_mas/action/detail/cargahex__rosidl_typesupport_introspection_cpp.hpp
[3.199s] -- Up-to-date: /home/ffelix07/Documents/LabRemo/Orchestrator/ros2_labremoto/install/my_mas/include/my_mas/my_mas/action/detail/fibonacci__type_support.cpp
[3.200s] -- Up-to-date: /home/ffelix07/Documents/LabRemo/Orchestrator/ros2_labremoto/install/my_mas/include/my_mas/my_mas/msg
[3.200s] -- Up-to-date: /home/ffelix07/Documents/LabRemo/Orchestrator/ros2_labremoto/install/my_mas/include/my_mas/my_mas/msg/detail
[3.200s] -- Up-to-date: /home/ffelix07/Documents/LabRemo/Orchestrator/ros2_labremoto/install/my_mas/include/my_mas/my_mas/msg/detail/auditor_msg__type_support.cpp
[3.201s] -- Up-to-date: /home/ffelix07/Documents/LabRemo/Orchestrator/ros2_labremoto/install/my_mas/include/my_mas/my_mas/msg/detail/file_hex_load__rosidl_typesupport_introspection_cpp.hpp
[3.201s] -- Up-to-date: /home/ffelix07/Documents/LabRemo/Orchestrator/ros2_labremoto/install/my_mas/include/my_mas/my_mas/msg/detail/sensor_measurment__type_support.cpp
[3.201s] -- Up-to-date: /home/ffelix07/Documents/LabRemo/Orchestrator/ros2_labremoto/install/my_mas/include/my_mas/my_mas/msg/detail/file_hex_load__type_support.cpp
[3.206s] -- Up-to-date: /home/ffelix07/Documents/LabRemo/Orchestrator/ros2_labremoto/install/my_mas/include/my_mas/my_mas/msg/detail/sensor_measurment__rosidl_typesupport_introspection_cpp.hpp
[3.207s] -- Up-to-date: /home/ffelix07/Documents/LabRemo/Orchestrator/ros2_labremoto/install/my_mas/include/my_mas/my_mas/msg/detail/auditor_msg__rosidl_typesupport_introspection_cpp.hpp
[3.207s] -- Up-to-date: /home/ffelix07/Documents/LabRemo/Orchestrator/ros2_labremoto/install/my_mas/lib/libmy_mas__rosidl_typesupport_introspection_cpp.so
[3.208s] -- Up-to-date: /home/ffelix07/Documents/LabRemo/Orchestrator/ros2_labremoto/install/my_mas/lib/libmy_mas__rosidl_typesupport_cpp.so
[3.209s] -- Up-to-date: /home/ffelix07/Documents/LabRemo/Orchestrator/ros2_labremoto/install/my_mas/share/my_mas/environment/pythonpath.sh
[3.209s] -- Up-to-date: /home/ffelix07/Documents/LabRemo/Orchestrator/ros2_labremoto/install/my_mas/share/my_mas/environment/pythonpath.dsv
[3.210s] -- Up-to-date: /home/ffelix07/Documents/LabRemo/Orchestrator/ros2_labremoto/install/my_mas/local/lib/python3.10/dist-packages/my_mas-0.0.0-py3.10.egg-info
[3.210s] -- Installing: /home/ffelix07/Documents/LabRemo/Orchestrator/ros2_labremoto/install/my_mas/local/lib/python3.10/dist-packages/my_mas-0.0.0-py3.10.egg-info/top_level.txt
[3.210s] -- Installing: /home/ffelix07/Documents/LabRemo/Orchestrator/ros2_labremoto/install/my_mas/local/lib/python3.10/dist-packages/my_mas-0.0.0-py3.10.egg-info/PKG-INFO
[3.211s] -- Installing: /home/ffelix07/Documents/LabRemo/Orchestrator/ros2_labremoto/install/my_mas/local/lib/python3.10/dist-packages/my_mas-0.0.0-py3.10.egg-info/dependency_links.txt
[3.211s] -- Installing: /home/ffelix07/Documents/LabRemo/Orchestrator/ros2_labremoto/install/my_mas/local/lib/python3.10/dist-packages/my_mas-0.0.0-py3.10.egg-info/SOURCES.txt
[3.217s] -- Up-to-date: /home/ffelix07/Documents/LabRemo/Orchestrator/ros2_labremoto/install/my_mas/local/lib/python3.10/dist-packages/my_mas
[3.217s] -- Up-to-date: /home/ffelix07/Documents/LabRemo/Orchestrator/ros2_labremoto/install/my_mas/local/lib/python3.10/dist-packages/my_mas/my_mas_s__rosidl_typesupport_fastrtps_c.cpython-310-x86_64-linux-gnu.so
[3.218s] -- Up-to-date: /home/ffelix07/Documents/LabRemo/Orchestrator/ros2_labremoto/install/my_mas/local/lib/python3.10/dist-packages/my_mas/_my_mas_s.ep.rosidl_typesupport_c.c
[3.218s] -- Up-to-date: /home/ffelix07/Documents/LabRemo/Orchestrator/ros2_labremoto/install/my_mas/local/lib/python3.10/dist-packages/my_mas/__init__.py
[3.218s] -- Up-to-date: /home/ffelix07/Documents/LabRemo/Orchestrator/ros2_labremoto/install/my_mas/local/lib/python3.10/dist-packages/my_mas/srv
[3.219s] -- Up-to-date: /home/ffelix07/Documents/LabRemo/Orchestrator/ros2_labremoto/install/my_mas/local/lib/python3.10/dist-packages/my_mas/srv/_load_filedb.py
[3.220s] -- Up-to-date: /home/ffelix07/Documents/LabRemo/Orchestrator/ros2_labremoto/install/my_mas/local/lib/python3.10/dist-packages/my_mas/srv/_load_file_s.c
[3.224s] -- Up-to-date: /home/ffelix07/Documents/LabRemo/Orchestrator/ros2_labremoto/install/my_mas/local/lib/python3.10/dist-packages/my_mas/srv/_load_filedb_s.c
[3.224s] -- Up-to-date: /home/ffelix07/Documents/LabRemo/Orchestrator/ros2_labremoto/install/my_mas/local/lib/python3.10/dist-packages/my_mas/srv/__init__.py
[3.226s] -- Up-to-date: /home/ffelix07/Documents/LabRemo/Orchestrator/ros2_labremoto/install/my_mas/local/lib/python3.10/dist-packages/my_mas/srv/_load_file.py
[3.226s] -- Up-to-date: /home/ffelix07/Documents/LabRemo/Orchestrator/ros2_labremoto/install/my_mas/local/lib/python3.10/dist-packages/my_mas/action
[3.227s] -- Up-to-date: /home/ffelix07/Documents/LabRemo/Orchestrator/ros2_labremoto/install/my_mas/local/lib/python3.10/dist-packages/my_mas/action/_cargahex_s.c
[3.227s] -- Up-to-date: /home/ffelix07/Documents/LabRemo/Orchestrator/ros2_labremoto/install/my_mas/local/lib/python3.10/dist-packages/my_mas/action/_cargahex.py
[3.228s] -- Up-to-date: /home/ffelix07/Documents/LabRemo/Orchestrator/ros2_labremoto/install/my_mas/local/lib/python3.10/dist-packages/my_mas/action/__init__.py
[3.229s] -- Up-to-date: /home/ffelix07/Documents/LabRemo/Orchestrator/ros2_labremoto/install/my_mas/local/lib/python3.10/dist-packages/my_mas/action/_fibonacci.py
[3.234s] -- Up-to-date: /home/ffelix07/Documents/LabRemo/Orchestrator/ros2_labremoto/install/my_mas/local/lib/python3.10/dist-packages/my_mas/action/_fibonacci_s.c
[3.235s] -- Up-to-date: /home/ffelix07/Documents/LabRemo/Orchestrator/ros2_labremoto/install/my_mas/local/lib/python3.10/dist-packages/my_mas/msg
[3.236s] -- Up-to-date: /home/ffelix07/Documents/LabRemo/Orchestrator/ros2_labremoto/install/my_mas/local/lib/python3.10/dist-packages/my_mas/msg/_file_hex_load.py
[3.236s] -- Up-to-date: /home/ffelix07/Documents/LabRemo/Orchestrator/ros2_labremoto/install/my_mas/local/lib/python3.10/dist-packages/my_mas/msg/_sensor_measurment_s.c
[3.236s] -- Up-to-date: /home/ffelix07/Documents/LabRemo/Orchestrator/ros2_labremoto/install/my_mas/local/lib/python3.10/dist-packages/my_mas/msg/__init__.py
[3.237s] -- Up-to-date: /home/ffelix07/Documents/LabRemo/Orchestrator/ros2_labremoto/install/my_mas/local/lib/python3.10/dist-packages/my_mas/msg/_sensor_measurment.py
[3.237s] -- Up-to-date: /home/ffelix07/Documents/LabRemo/Orchestrator/ros2_labremoto/install/my_mas/local/lib/python3.10/dist-packages/my_mas/msg/_file_hex_load_s.c
[3.237s] -- Up-to-date: /home/ffelix07/Documents/LabRemo/Orchestrator/ros2_labremoto/install/my_mas/local/lib/python3.10/dist-packages/my_mas/msg/_auditor_msg.py
[3.238s] -- Up-to-date: /home/ffelix07/Documents/LabRemo/Orchestrator/ros2_labremoto/install/my_mas/local/lib/python3.10/dist-packages/my_mas/msg/_auditor_msg_s.c
[3.238s] -- Up-to-date: /home/ffelix07/Documents/LabRemo/Orchestrator/ros2_labremoto/install/my_mas/local/lib/python3.10/dist-packages/my_mas/_my_mas_s.ep.rosidl_typesupport_fastrtps_c.c
[3.244s] -- Up-to-date: /home/ffelix07/Documents/LabRemo/Orchestrator/ros2_labremoto/install/my_mas/local/lib/python3.10/dist-packages/my_mas/libmy_mas__rosidl_generator_py.so
[3.245s] -- Up-to-date: /home/ffelix07/Documents/LabRemo/Orchestrator/ros2_labremoto/install/my_mas/local/lib/python3.10/dist-packages/my_mas/my_mas_s__rosidl_typesupport_introspection_c.cpython-310-x86_64-linux-gnu.so
[3.245s] -- Up-to-date: /home/ffelix07/Documents/LabRemo/Orchestrator/ros2_labremoto/install/my_mas/local/lib/python3.10/dist-packages/my_mas/_my_mas_s.ep.rosidl_typesupport_introspection_c.c
[3.246s] -- Up-to-date: /home/ffelix07/Documents/LabRemo/Orchestrator/ros2_labremoto/install/my_mas/local/lib/python3.10/dist-packages/my_mas/my_mas_s__rosidl_typesupport_c.cpython-310-x86_64-linux-gnu.so
[3.247s] Listing '/home/ffelix07/Documents/LabRemo/Orchestrator/ros2_labremoto/install/my_mas/local/lib/python3.10/dist-packages/my_mas'...
[3.248s] Listing '/home/ffelix07/Documents/LabRemo/Orchestrator/ros2_labremoto/install/my_mas/local/lib/python3.10/dist-packages/my_mas/action'...
[3.248s] Listing '/home/ffelix07/Documents/LabRemo/Orchestrator/ros2_labremoto/install/my_mas/local/lib/python3.10/dist-packages/my_mas/msg'...
[3.249s] Listing '/home/ffelix07/Documents/LabRemo/Orchestrator/ros2_labremoto/install/my_mas/local/lib/python3.10/dist-packages/my_mas/srv'...
[3.249s] -- Up-to-date: /home/ffelix07/Documents/LabRemo/Orchestrator/ros2_labremoto/install/my_mas/local/lib/python3.10/dist-packages/my_mas/my_mas_s__rosidl_typesupport_fastrtps_c.cpython-310-x86_64-linux-gnu.so
[3.254s] -- Up-to-date: /home/ffelix07/Documents/LabRemo/Orchestrator/ros2_labremoto/install/my_mas/local/lib/python3.10/dist-packages/my_mas/my_mas_s__rosidl_typesupport_introspection_c.cpython-310-x86_64-linux-gnu.so
[3.255s] -- Up-to-date: /home/ffelix07/Documents/LabRemo/Orchestrator/ros2_labremoto/install/my_mas/local/lib/python3.10/dist-packages/my_mas/my_mas_s__rosidl_typesupport_c.cpython-310-x86_64-linux-gnu.so
[3.255s] -- Up-to-date: /home/ffelix07/Documents/LabRemo/Orchestrator/ros2_labremoto/install/my_mas/lib/libmy_mas__rosidl_generator_py.so
[3.255s] -- Up-to-date: /home/ffelix07/Documents/LabRemo/Orchestrator/ros2_labremoto/install/my_mas/share/my_mas/msg/SensorMeasurment.idl
[3.256s] -- Up-to-date: /home/ffelix07/Documents/LabRemo/Orchestrator/ros2_labremoto/install/my_mas/share/my_mas/msg/AuditorMsg.idl
[3.256s] -- Up-to-date: /home/ffelix07/Documents/LabRemo/Orchestrator/ros2_labremoto/install/my_mas/share/my_mas/msg/FileHexLoad.idl
[3.258s] -- Up-to-date: /home/ffelix07/Documents/LabRemo/Orchestrator/ros2_labremoto/install/my_mas/share/my_mas/srv/LoadFiledb.idl
[3.258s] -- Up-to-date: /home/ffelix07/Documents/LabRemo/Orchestrator/ros2_labremoto/install/my_mas/share/my_mas/srv/LoadFile.idl
[3.258s] -- Up-to-date: /home/ffelix07/Documents/LabRemo/Orchestrator/ros2_labremoto/install/my_mas/share/my_mas/action/Fibonacci.idl
[3.259s] -- Up-to-date: /home/ffelix07/Documents/LabRemo/Orchestrator/ros2_labremoto/install/my_mas/share/my_mas/action/Cargahex.idl
[3.275s] -- Up-to-date: /home/ffelix07/Documents/LabRemo/Orchestrator/ros2_labremoto/install/my_mas/share/my_mas/msg/SensorMeasurment.msg
[3.275s] -- Up-to-date: /home/ffelix07/Documents/LabRemo/Orchestrator/ros2_labremoto/install/my_mas/share/my_mas/msg/AuditorMsg.msg
[3.276s] -- Up-to-date: /home/ffelix07/Documents/LabRemo/Orchestrator/ros2_labremoto/install/my_mas/share/my_mas/msg/FileHexLoad.msg
[3.276s] -- Up-to-date: /home/ffelix07/Documents/LabRemo/Orchestrator/ros2_labremoto/install/my_mas/share/my_mas/srv/LoadFiledb.srv
[3.276s] -- Up-to-date: /home/ffelix07/Documents/LabRemo/Orchestrator/ros2_labremoto/install/my_mas/share/my_mas/srv/LoadFiledb_Request.msg
[3.276s] -- Up-to-date: /home/ffelix07/Documents/LabRemo/Orchestrator/ros2_labremoto/install/my_mas/share/my_mas/srv/LoadFiledb_Response.msg
[3.277s] -- Up-to-date: /home/ffelix07/Documents/LabRemo/Orchestrator/ros2_labremoto/install/my_mas/share/my_mas/srv/LoadFile.srv
[3.277s] -- Up-to-date: /home/ffelix07/Documents/LabRemo/Orchestrator/ros2_labremoto/install/my_mas/share/my_mas/srv/LoadFile_Request.msg
[3.277s] -- Up-to-date: /home/ffelix07/Documents/LabRemo/Orchestrator/ros2_labremoto/install/my_mas/share/my_mas/srv/LoadFile_Response.msg
[3.277s] -- Up-to-date: /home/ffelix07/Documents/LabRemo/Orchestrator/ros2_labremoto/install/my_mas/share/my_mas/action/Fibonacci.action
[3.278s] -- Up-to-date: /home/ffelix07/Documents/LabRemo/Orchestrator/ros2_labremoto/install/my_mas/share/my_mas/action/Cargahex.action
[3.278s] -- Up-to-date: /home/ffelix07/Documents/LabRemo/Orchestrator/ros2_labremoto/install/my_mas/share/ament_index/resource_index/package_run_dependencies/my_mas
[3.279s] -- Up-to-date: /home/ffelix07/Documents/LabRemo/Orchestrator/ros2_labremoto/install/my_mas/share/ament_index/resource_index/parent_prefix_path/my_mas
[3.279s] -- Up-to-date: /home/ffelix07/Documents/LabRemo/Orchestrator/ros2_labremoto/install/my_mas/share/my_mas/environment/ament_prefix_path.sh
[3.279s] -- Up-to-date: /home/ffelix07/Documents/LabRemo/Orchestrator/ros2_labremoto/install/my_mas/share/my_mas/environment/ament_prefix_path.dsv
[3.280s] -- Up-to-date: /home/ffelix07/Documents/LabRemo/Orchestrator/ros2_labremoto/install/my_mas/share/my_mas/environment/path.sh
[3.280s] -- Up-to-date: /home/ffelix07/Documents/LabRemo/Orchestrator/ros2_labremoto/install/my_mas/share/my_mas/environment/path.dsv
[3.281s] -- Up-to-date: /home/ffelix07/Documents/LabRemo/Orchestrator/ros2_labremoto/install/my_mas/share/my_mas/local_setup.bash
[3.282s] -- Up-to-date: /home/ffelix07/Documents/LabRemo/Orchestrator/ros2_labremoto/install/my_mas/share/my_mas/local_setup.sh
[3.282s] -- Up-to-date: /home/ffelix07/Documents/LabRemo/Orchestrator/ros2_labremoto/install/my_mas/share/my_mas/local_setup.zsh
[3.283s] -- Up-to-date: /home/ffelix07/Documents/LabRemo/Orchestrator/ros2_labremoto/install/my_mas/share/my_mas/local_setup.dsv
[3.283s] -- Installing: /home/ffelix07/Documents/LabRemo/Orchestrator/ros2_labremoto/install/my_mas/share/my_mas/package.dsv
[3.283s] -- Up-to-date: /home/ffelix07/Documents/LabRemo/Orchestrator/ros2_labremoto/install/my_mas/share/ament_index/resource_index/packages/my_mas
[3.284s] -- Up-to-date: /home/ffelix07/Documents/LabRemo/Orchestrator/ros2_labremoto/install/my_mas/share/my_mas/cmake/export_my_mas__rosidl_generator_cExport.cmake
[3.284s] -- Up-to-date: /home/ffelix07/Documents/LabRemo/Orchestrator/ros2_labremoto/install/my_mas/share/my_mas/cmake/export_my_mas__rosidl_generator_cExport-noconfig.cmake
[3.284s] -- Up-to-date: /home/ffelix07/Documents/LabRemo/Orchestrator/ros2_labremoto/install/my_mas/share/my_mas/cmake/export_my_mas__rosidl_typesupport_fastrtps_cExport.cmake
[3.285s] -- Up-to-date: /home/ffelix07/Documents/LabRemo/Orchestrator/ros2_labremoto/install/my_mas/share/my_mas/cmake/export_my_mas__rosidl_typesupport_fastrtps_cExport-noconfig.cmake
[3.295s] -- Up-to-date: /home/ffelix07/Documents/LabRemo/Orchestrator/ros2_labremoto/install/my_mas/share/my_mas/cmake/my_mas__rosidl_typesupport_introspection_cExport.cmake
[3.296s] -- Up-to-date: /home/ffelix07/Documents/LabRemo/Orchestrator/ros2_labremoto/install/my_mas/share/my_mas/cmake/my_mas__rosidl_typesupport_introspection_cExport-noconfig.cmake
[3.296s] -- Up-to-date: /home/ffelix07/Documents/LabRemo/Orchestrator/ros2_labremoto/install/my_mas/share/my_mas/cmake/my_mas__rosidl_typesupport_cExport.cmake
[3.296s] -- Up-to-date: /home/ffelix07/Documents/LabRemo/Orchestrator/ros2_labremoto/install/my_mas/share/my_mas/cmake/my_mas__rosidl_typesupport_cExport-noconfig.cmake
[3.296s] -- Up-to-date: /home/ffelix07/Documents/LabRemo/Orchestrator/ros2_labremoto/install/my_mas/share/my_mas/cmake/export_my_mas__rosidl_generator_cppExport.cmake
[3.297s] -- Up-to-date: /home/ffelix07/Documents/LabRemo/Orchestrator/ros2_labremoto/install/my_mas/share/my_mas/cmake/export_my_mas__rosidl_typesupport_fastrtps_cppExport.cmake
[3.297s] -- Up-to-date: /home/ffelix07/Documents/LabRemo/Orchestrator/ros2_labremoto/install/my_mas/share/my_mas/cmake/export_my_mas__rosidl_typesupport_fastrtps_cppExport-noconfig.cmake
[3.297s] -- Up-to-date: /home/ffelix07/Documents/LabRemo/Orchestrator/ros2_labremoto/install/my_mas/share/my_mas/cmake/my_mas__rosidl_typesupport_introspection_cppExport.cmake
[3.297s] -- Up-to-date: /home/ffelix07/Documents/LabRemo/Orchestrator/ros2_labremoto/install/my_mas/share/my_mas/cmake/my_mas__rosidl_typesupport_introspection_cppExport-noconfig.cmake
[3.298s] -- Up-to-date: /home/ffelix07/Documents/LabRemo/Orchestrator/ros2_labremoto/install/my_mas/share/my_mas/cmake/my_mas__rosidl_typesupport_cppExport.cmake
[3.298s] -- Up-to-date: /home/ffelix07/Documents/LabRemo/Orchestrator/ros2_labremoto/install/my_mas/share/my_mas/cmake/my_mas__rosidl_typesupport_cppExport-noconfig.cmake
[3.298s] -- Up-to-date: /home/ffelix07/Documents/LabRemo/Orchestrator/ros2_labremoto/install/my_mas/share/my_mas/cmake/export_my_mas__rosidl_generator_pyExport.cmake
[3.298s] -- Up-to-date: /home/ffelix07/Documents/LabRemo/Orchestrator/ros2_labremoto/install/my_mas/share/my_mas/cmake/export_my_mas__rosidl_generator_pyExport-noconfig.cmake
[3.299s] -- Up-to-date: /home/ffelix07/Documents/LabRemo/Orchestrator/ros2_labremoto/install/my_mas/share/my_mas/cmake/rosidl_cmake-extras.cmake
[3.299s] -- Up-to-date: /home/ffelix07/Documents/LabRemo/Orchestrator/ros2_labremoto/install/my_mas/share/my_mas/cmake/ament_cmake_export_dependencies-extras.cmake
[3.299s] -- Up-to-date: /home/ffelix07/Documents/LabRemo/Orchestrator/ros2_labremoto/install/my_mas/share/my_mas/cmake/ament_cmake_export_include_directories-extras.cmake
[3.299s] -- Up-to-date: /home/ffelix07/Documents/LabRemo/Orchestrator/ros2_labremoto/install/my_mas/share/my_mas/cmake/ament_cmake_export_libraries-extras.cmake
[3.299s] -- Up-to-date: /home/ffelix07/Documents/LabRemo/Orchestrator/ros2_labremoto/install/my_mas/share/my_mas/cmake/ament_cmake_export_targets-extras.cmake
[3.300s] -- Up-to-date: /home/ffelix07/Documents/LabRemo/Orchestrator/ros2_labremoto/install/my_mas/share/my_mas/cmake/rosidl_cmake_export_typesupport_targets-extras.cmake
[3.300s] -- Up-to-date: /home/ffelix07/Documents/LabRemo/Orchestrator/ros2_labremoto/install/my_mas/share/my_mas/cmake/rosidl_cmake_export_typesupport_libraries-extras.cmake
[3.300s] -- Up-to-date: /home/ffelix07/Documents/LabRemo/Orchestrator/ros2_labremoto/install/my_mas/share/my_mas/cmake/my_masConfig.cmake
[3.300s] -- Up-to-date: /home/ffelix07/Documents/LabRemo/Orchestrator/ros2_labremoto/install/my_mas/share/my_mas/cmake/my_masConfig-version.cmake
[3.301s] -- Up-to-date: /home/ffelix07/Documents/LabRemo/Orchestrator/ros2_labremoto/install/my_mas/share/my_mas/package.xml
[3.301s] Invoked command in '/home/ffelix07/Documents/LabRemo/Orchestrator/ros2_labremoto/build/my_mas' returned '0': CMAKE_PREFIX_PATH=${CMAKE_PREFIX_PATH}:/home/ffelix07/Documents/LabRemo/Orchestrator/ros2_labremoto/install/launchstructure:/home/ffelix07/Documents/LabRemo/Orchestrator/ros2_labremoto/install/py_pubsub:/home/ffelix07/Documents/LabRemo/Orchestrator/ros2_labremoto/install/lstructure:/home/ffelix07/Documents/LabRemo/Orchestrator/ros2_labremoto/install/hardware:/home/ffelix07/Documents/LabRemo/Orchestrator/ros2_labremoto/install/ament_pep257:/home/ffelix07/Documents/LabRemo/Orchestrator/ros2_labremoto/install/ament_package:/home/ffelix07/Documents/LabRemo/Orchestrator/ros2_labremoto/install/ament_flake8:/opt/ros/humble /usr/bin/cmake --install /home/ffelix07/Documents/LabRemo/Orchestrator/ros2_labremoto/build/my_mas
