[6.241s] DEBUG:colcon:Command line arguments: ['/usr/bin/colcon', 'build', '--packages-select', 'py_pubsub']
[6.241s] DEBUG:colcon:Parsed command line arguments: Namespace(log_base=None, log_level=None, verb_name='build', build_base='build', install_base='install', merge_install=False, symlink_install=False, test_result_base=None, continue_on_error=False, executor='parallel', parallel_workers=4, event_handlers=None, ignore_user_meta=False, metas=['./colcon.meta'], base_paths=['.'], packages_ignore=None, packages_ignore_regex=None, paths=None, packages_up_to=None, packages_up_to_regex=None, packages_above=None, packages_above_and_dependencies=None, packages_above_depth=None, packages_select_by_dep=None, packages_skip_by_dep=None, packages_skip_up_to=None, packages_select_build_failed=False, packages_skip_build_finished=False, packages_select_test_failures=False, packages_skip_test_passed=False, packages_select=['py_pubsub'], packages_skip=None, packages_select_regex=None, packages_skip_regex=None, packages_start=None, packages_end=None, allow_overriding=[], cmake_args=None, cmake_target=None, cmake_target_skip_unavailable=False, cmake_clean_cache=False, cmake_clean_first=False, cmake_force_configure=False, ament_cmake_args=None, catkin_cmake_args=None, catkin_skip_building_tests=False, verb_parser=<colcon_defaults.argument_parser.defaults.DefaultArgumentsDecorator object at 0x7fce914cc400>, verb_extension=<colcon_core.verb.build.BuildVerb object at 0x7fce91483e80>, main=<bound method BuildVerb.main of <colcon_core.verb.build.BuildVerb object at 0x7fce91483e80>>)
[6.586s] Level 1:colcon.colcon_core.package_discovery:discover_packages(colcon_meta) check parameters
[6.586s] Level 1:colcon.colcon_core.package_discovery:discover_packages(recursive) check parameters
[6.587s] Level 1:colcon.colcon_core.package_discovery:discover_packages(ignore) check parameters
[6.587s] Level 1:colcon.colcon_core.package_discovery:discover_packages(path) check parameters
[6.587s] Level 1:colcon.colcon_core.package_discovery:discover_packages(colcon_meta) discover
[6.587s] Level 1:colcon.colcon_core.package_discovery:discover_packages(recursive) discover
[6.587s] INFO:colcon.colcon_core.package_discovery:Crawling recursively for packages in '/home/ffelix07/Documents/LabRemo'
[6.587s] Level 1:colcon.colcon_core.package_identification:_identify(.) by extensions ['ignore', 'ignore_ament_install']
[6.588s] Level 1:colcon.colcon_core.package_identification:_identify(.) by extension 'ignore'
[6.588s] Level 1:colcon.colcon_core.package_identification:_identify(.) by extension 'ignore_ament_install'
[6.588s] Level 1:colcon.colcon_core.package_identification:_identify(.) by extensions ['colcon_pkg']
[6.589s] Level 1:colcon.colcon_core.package_identification:_identify(.) by extension 'colcon_pkg'
[6.589s] Level 1:colcon.colcon_core.package_identification:_identify(.) by extensions ['colcon_meta']
[6.589s] Level 1:colcon.colcon_core.package_identification:_identify(.) by extension 'colcon_meta'
[6.589s] Level 1:colcon.colcon_core.package_identification:_identify(.) by extensions ['ros']
[6.589s] Level 1:colcon.colcon_core.package_identification:_identify(.) by extension 'ros'
[6.653s] Level 1:colcon.colcon_core.package_identification:_identify(.) by extensions ['cmake', 'python']
[6.653s] Level 1:colcon.colcon_core.package_identification:_identify(.) by extension 'cmake'
[6.653s] Level 1:colcon.colcon_core.package_identification:_identify(.) by extension 'python'
[6.653s] Level 1:colcon.colcon_core.package_identification:_identify(.) by extensions ['python_setup_py']
[6.654s] Level 1:colcon.colcon_core.package_identification:_identify(.) by extension 'python_setup_py'
[6.654s] Level 1:colcon.colcon_core.package_identification:_identify(Orchestrator) by extensions ['ignore', 'ignore_ament_install']
[6.655s] Level 1:colcon.colcon_core.package_identification:_identify(Orchestrator) by extension 'ignore'
[6.655s] Level 1:colcon.colcon_core.package_identification:_identify(Orchestrator) by extension 'ignore_ament_install'
[6.656s] Level 1:colcon.colcon_core.package_identification:_identify(Orchestrator) by extensions ['colcon_pkg']
[6.656s] Level 1:colcon.colcon_core.package_identification:_identify(Orchestrator) by extension 'colcon_pkg'
[6.656s] Level 1:colcon.colcon_core.package_identification:_identify(Orchestrator) by extensions ['colcon_meta']
[6.657s] Level 1:colcon.colcon_core.package_identification:_identify(Orchestrator) by extension 'colcon_meta'
[6.657s] Level 1:colcon.colcon_core.package_identification:_identify(Orchestrator) by extensions ['ros']
[6.657s] Level 1:colcon.colcon_core.package_identification:_identify(Orchestrator) by extension 'ros'
[6.657s] Level 1:colcon.colcon_core.package_identification:_identify(Orchestrator) by extensions ['cmake', 'python']
[6.658s] Level 1:colcon.colcon_core.package_identification:_identify(Orchestrator) by extension 'cmake'
[6.658s] Level 1:colcon.colcon_core.package_identification:_identify(Orchestrator) by extension 'python'
[6.658s] Level 1:colcon.colcon_core.package_identification:_identify(Orchestrator) by extensions ['python_setup_py']
[6.658s] Level 1:colcon.colcon_core.package_identification:_identify(Orchestrator) by extension 'python_setup_py'
[6.659s] Level 1:colcon.colcon_core.package_identification:_identify(Orchestrator/ros2_labremoto) by extensions ['ignore', 'ignore_ament_install']
[6.659s] Level 1:colcon.colcon_core.package_identification:_identify(Orchestrator/ros2_labremoto) by extension 'ignore'
[6.660s] Level 1:colcon.colcon_core.package_identification:_identify(Orchestrator/ros2_labremoto) by extension 'ignore_ament_install'
[6.660s] Level 1:colcon.colcon_core.package_identification:_identify(Orchestrator/ros2_labremoto) by extensions ['colcon_pkg']
[6.660s] Level 1:colcon.colcon_core.package_identification:_identify(Orchestrator/ros2_labremoto) by extension 'colcon_pkg'
[6.661s] Level 1:colcon.colcon_core.package_identification:_identify(Orchestrator/ros2_labremoto) by extensions ['colcon_meta']
[6.661s] Level 1:colcon.colcon_core.package_identification:_identify(Orchestrator/ros2_labremoto) by extension 'colcon_meta'
[6.661s] Level 1:colcon.colcon_core.package_identification:_identify(Orchestrator/ros2_labremoto) by extensions ['ros']
[6.661s] Level 1:colcon.colcon_core.package_identification:_identify(Orchestrator/ros2_labremoto) by extension 'ros'
[6.662s] Level 1:colcon.colcon_core.package_identification:_identify(Orchestrator/ros2_labremoto) by extensions ['cmake', 'python']
[6.662s] Level 1:colcon.colcon_core.package_identification:_identify(Orchestrator/ros2_labremoto) by extension 'cmake'
[6.663s] Level 1:colcon.colcon_core.package_identification:_identify(Orchestrator/ros2_labremoto) by extension 'python'
[6.663s] Level 1:colcon.colcon_core.package_identification:_identify(Orchestrator/ros2_labremoto) by extensions ['python_setup_py']
[6.663s] Level 1:colcon.colcon_core.package_identification:_identify(Orchestrator/ros2_labremoto) by extension 'python_setup_py'
[6.666s] Level 1:colcon.colcon_core.package_identification:_identify(Orchestrator/ros2_labremoto/build) by extensions ['ignore', 'ignore_ament_install']
[6.666s] Level 1:colcon.colcon_core.package_identification:_identify(Orchestrator/ros2_labremoto/build) by extension 'ignore'
[6.667s] Level 1:colcon.colcon_core.package_identification:_identify(Orchestrator/ros2_labremoto/build) ignored
[6.668s] Level 1:colcon.colcon_core.package_identification:_identify(Orchestrator/ros2_labremoto/install) by extensions ['ignore', 'ignore_ament_install']
[6.668s] Level 1:colcon.colcon_core.package_identification:_identify(Orchestrator/ros2_labremoto/install) by extension 'ignore'
[6.668s] Level 1:colcon.colcon_core.package_identification:_identify(Orchestrator/ros2_labremoto/install) ignored
[6.669s] Level 1:colcon.colcon_core.package_identification:_identify(Orchestrator/ros2_labremoto/log) by extensions ['ignore', 'ignore_ament_install']
[6.670s] Level 1:colcon.colcon_core.package_identification:_identify(Orchestrator/ros2_labremoto/log) by extension 'ignore'
[6.670s] Level 1:colcon.colcon_core.package_identification:_identify(Orchestrator/ros2_labremoto/log) ignored
[6.671s] Level 1:colcon.colcon_core.package_identification:_identify(Orchestrator/ros2_labremoto/src) by extensions ['ignore', 'ignore_ament_install']
[6.672s] Level 1:colcon.colcon_core.package_identification:_identify(Orchestrator/ros2_labremoto/src) by extension 'ignore'
[6.672s] Level 1:colcon.colcon_core.package_identification:_identify(Orchestrator/ros2_labremoto/src) by extension 'ignore_ament_install'
[6.673s] Level 1:colcon.colcon_core.package_identification:_identify(Orchestrator/ros2_labremoto/src) by extensions ['colcon_pkg']
[6.673s] Level 1:colcon.colcon_core.package_identification:_identify(Orchestrator/ros2_labremoto/src) by extension 'colcon_pkg'
[6.673s] Level 1:colcon.colcon_core.package_identification:_identify(Orchestrator/ros2_labremoto/src) by extensions ['colcon_meta']
[6.673s] Level 1:colcon.colcon_core.package_identification:_identify(Orchestrator/ros2_labremoto/src) by extension 'colcon_meta'
[6.674s] Level 1:colcon.colcon_core.package_identification:_identify(Orchestrator/ros2_labremoto/src) by extensions ['ros']
[6.674s] Level 1:colcon.colcon_core.package_identification:_identify(Orchestrator/ros2_labremoto/src) by extension 'ros'
[6.674s] Level 1:colcon.colcon_core.package_identification:_identify(Orchestrator/ros2_labremoto/src) by extensions ['cmake', 'python']
[6.674s] Level 1:colcon.colcon_core.package_identification:_identify(Orchestrator/ros2_labremoto/src) by extension 'cmake'
[6.674s] Level 1:colcon.colcon_core.package_identification:_identify(Orchestrator/ros2_labremoto/src) by extension 'python'
[6.674s] Level 1:colcon.colcon_core.package_identification:_identify(Orchestrator/ros2_labremoto/src) by extensions ['python_setup_py']
[6.674s] Level 1:colcon.colcon_core.package_identification:_identify(Orchestrator/ros2_labremoto/src) by extension 'python_setup_py'
[6.675s] Level 1:colcon.colcon_core.package_identification:_identify(Orchestrator/ros2_labremoto/src/build) by extensions ['ignore', 'ignore_ament_install']
[6.675s] Level 1:colcon.colcon_core.package_identification:_identify(Orchestrator/ros2_labremoto/src/build) by extension 'ignore'
[6.675s] Level 1:colcon.colcon_core.package_identification:_identify(Orchestrator/ros2_labremoto/src/build) ignored
[6.676s] Level 1:colcon.colcon_core.package_identification:_identify(Orchestrator/ros2_labremoto/src/examples) by extensions ['ignore', 'ignore_ament_install']
[6.677s] Level 1:colcon.colcon_core.package_identification:_identify(Orchestrator/ros2_labremoto/src/examples) by extension 'ignore'
[6.677s] Level 1:colcon.colcon_core.package_identification:_identify(Orchestrator/ros2_labremoto/src/examples) by extension 'ignore_ament_install'
[6.677s] Level 1:colcon.colcon_core.package_identification:_identify(Orchestrator/ros2_labremoto/src/examples) by extensions ['colcon_pkg']
[6.677s] Level 1:colcon.colcon_core.package_identification:_identify(Orchestrator/ros2_labremoto/src/examples) by extension 'colcon_pkg'
[6.677s] Level 1:colcon.colcon_core.package_identification:_identify(Orchestrator/ros2_labremoto/src/examples) by extensions ['colcon_meta']
[6.677s] Level 1:colcon.colcon_core.package_identification:_identify(Orchestrator/ros2_labremoto/src/examples) by extension 'colcon_meta'
[6.677s] Level 1:colcon.colcon_core.package_identification:_identify(Orchestrator/ros2_labremoto/src/examples) by extensions ['ros']
[6.678s] Level 1:colcon.colcon_core.package_identification:_identify(Orchestrator/ros2_labremoto/src/examples) by extension 'ros'
[6.678s] Level 1:colcon.colcon_core.package_identification:_identify(Orchestrator/ros2_labremoto/src/examples) by extensions ['cmake', 'python']
[6.678s] Level 1:colcon.colcon_core.package_identification:_identify(Orchestrator/ros2_labremoto/src/examples) by extension 'cmake'
[6.679s] Level 1:colcon.colcon_core.package_identification:_identify(Orchestrator/ros2_labremoto/src/examples) by extension 'python'
[6.679s] Level 1:colcon.colcon_core.package_identification:_identify(Orchestrator/ros2_labremoto/src/examples) by extensions ['python_setup_py']
[6.679s] Level 1:colcon.colcon_core.package_identification:_identify(Orchestrator/ros2_labremoto/src/examples) by extension 'python_setup_py'
[6.680s] Level 1:colcon.colcon_core.package_identification:_identify(Orchestrator/ros2_labremoto/src/hardware) by extensions ['ignore', 'ignore_ament_install']
[6.680s] Level 1:colcon.colcon_core.package_identification:_identify(Orchestrator/ros2_labremoto/src/hardware) by extension 'ignore'
[6.681s] Level 1:colcon.colcon_core.package_identification:_identify(Orchestrator/ros2_labremoto/src/hardware) by extension 'ignore_ament_install'
[6.681s] Level 1:colcon.colcon_core.package_identification:_identify(Orchestrator/ros2_labremoto/src/hardware) by extensions ['colcon_pkg']
[6.681s] Level 1:colcon.colcon_core.package_identification:_identify(Orchestrator/ros2_labremoto/src/hardware) by extension 'colcon_pkg'
[6.681s] Level 1:colcon.colcon_core.package_identification:_identify(Orchestrator/ros2_labremoto/src/hardware) by extensions ['colcon_meta']
[6.681s] Level 1:colcon.colcon_core.package_identification:_identify(Orchestrator/ros2_labremoto/src/hardware) by extension 'colcon_meta'
[6.682s] Level 1:colcon.colcon_core.package_identification:_identify(Orchestrator/ros2_labremoto/src/hardware) by extensions ['ros']
[6.682s] Level 1:colcon.colcon_core.package_identification:_identify(Orchestrator/ros2_labremoto/src/hardware) by extension 'ros'
[6.692s] DEBUG:colcon.colcon_core.package_identification:Package 'Orchestrator/ros2_labremoto/src/hardware' with type 'ros.ament_python' and name 'hardware'
[6.693s] Level 1:colcon.colcon_core.package_identification:_identify(Orchestrator/ros2_labremoto/src/install) by extensions ['ignore', 'ignore_ament_install']
[6.693s] Level 1:colcon.colcon_core.package_identification:_identify(Orchestrator/ros2_labremoto/src/install) by extension 'ignore'
[6.693s] Level 1:colcon.colcon_core.package_identification:_identify(Orchestrator/ros2_labremoto/src/install) ignored
[6.694s] Level 1:colcon.colcon_core.package_identification:_identify(Orchestrator/ros2_labremoto/src/log) by extensions ['ignore', 'ignore_ament_install']
[6.694s] Level 1:colcon.colcon_core.package_identification:_identify(Orchestrator/ros2_labremoto/src/log) by extension 'ignore'
[6.694s] Level 1:colcon.colcon_core.package_identification:_identify(Orchestrator/ros2_labremoto/src/log) ignored
[6.695s] Level 1:colcon.colcon_core.package_identification:_identify(Orchestrator/ros2_labremoto/src/my_mas) by extensions ['ignore', 'ignore_ament_install']
[6.695s] Level 1:colcon.colcon_core.package_identification:_identify(Orchestrator/ros2_labremoto/src/my_mas) by extension 'ignore'
[6.695s] Level 1:colcon.colcon_core.package_identification:_identify(Orchestrator/ros2_labremoto/src/my_mas) by extension 'ignore_ament_install'
[6.696s] Level 1:colcon.colcon_core.package_identification:_identify(Orchestrator/ros2_labremoto/src/my_mas) by extensions ['colcon_pkg']
[6.696s] Level 1:colcon.colcon_core.package_identification:_identify(Orchestrator/ros2_labremoto/src/my_mas) by extension 'colcon_pkg'
[6.696s] Level 1:colcon.colcon_core.package_identification:_identify(Orchestrator/ros2_labremoto/src/my_mas) by extensions ['colcon_meta']
[6.696s] Level 1:colcon.colcon_core.package_identification:_identify(Orchestrator/ros2_labremoto/src/my_mas) by extension 'colcon_meta'
[6.697s] Level 1:colcon.colcon_core.package_identification:_identify(Orchestrator/ros2_labremoto/src/my_mas) by extensions ['ros']
[6.697s] Level 1:colcon.colcon_core.package_identification:_identify(Orchestrator/ros2_labremoto/src/my_mas) by extension 'ros'
[6.700s] DEBUG:colcon.colcon_core.package_identification:Package 'Orchestrator/ros2_labremoto/src/my_mas' with type 'ros.ament_cmake' and name 'my_mas'
[6.701s] Level 1:colcon.colcon_core.package_identification:_identify(Orchestrator/ros2_labremoto/src/py_pubsub) by extensions ['ignore', 'ignore_ament_install']
[6.701s] Level 1:colcon.colcon_core.package_identification:_identify(Orchestrator/ros2_labremoto/src/py_pubsub) by extension 'ignore'
[6.701s] Level 1:colcon.colcon_core.package_identification:_identify(Orchestrator/ros2_labremoto/src/py_pubsub) by extension 'ignore_ament_install'
[6.701s] Level 1:colcon.colcon_core.package_identification:_identify(Orchestrator/ros2_labremoto/src/py_pubsub) by extensions ['colcon_pkg']
[6.702s] Level 1:colcon.colcon_core.package_identification:_identify(Orchestrator/ros2_labremoto/src/py_pubsub) by extension 'colcon_pkg'
[6.702s] Level 1:colcon.colcon_core.package_identification:_identify(Orchestrator/ros2_labremoto/src/py_pubsub) by extensions ['colcon_meta']
[6.702s] Level 1:colcon.colcon_core.package_identification:_identify(Orchestrator/ros2_labremoto/src/py_pubsub) by extension 'colcon_meta'
[6.702s] Level 1:colcon.colcon_core.package_identification:_identify(Orchestrator/ros2_labremoto/src/py_pubsub) by extensions ['ros']
[6.702s] Level 1:colcon.colcon_core.package_identification:_identify(Orchestrator/ros2_labremoto/src/py_pubsub) by extension 'ros'
[6.705s] DEBUG:colcon.colcon_core.package_identification:Package 'Orchestrator/ros2_labremoto/src/py_pubsub' with type 'ros.ament_python' and name 'py_pubsub'
[6.706s] Level 1:colcon.colcon_core.package_identification:_identify(build) by extensions ['ignore', 'ignore_ament_install']
[6.706s] Level 1:colcon.colcon_core.package_identification:_identify(build) by extension 'ignore'
[6.707s] Level 1:colcon.colcon_core.package_identification:_identify(build) ignored
[6.707s] Level 1:colcon.colcon_core.package_identification:_identify(install) by extensions ['ignore', 'ignore_ament_install']
[6.708s] Level 1:colcon.colcon_core.package_identification:_identify(install) by extension 'ignore'
[6.708s] Level 1:colcon.colcon_core.package_identification:_identify(install) ignored
[6.709s] Level 1:colcon.colcon_core.package_identification:_identify(log) by extensions ['ignore', 'ignore_ament_install']
[6.709s] Level 1:colcon.colcon_core.package_identification:_identify(log) by extension 'ignore'
[6.710s] Level 1:colcon.colcon_core.package_identification:_identify(log) ignored
[6.710s] Level 1:colcon.colcon_core.package_identification:_identify(web_site) by extensions ['ignore', 'ignore_ament_install']
[6.711s] Level 1:colcon.colcon_core.package_identification:_identify(web_site) by extension 'ignore'
[6.711s] Level 1:colcon.colcon_core.package_identification:_identify(web_site) by extension 'ignore_ament_install'
[6.711s] Level 1:colcon.colcon_core.package_identification:_identify(web_site) by extensions ['colcon_pkg']
[6.711s] Level 1:colcon.colcon_core.package_identification:_identify(web_site) by extension 'colcon_pkg'
[6.711s] Level 1:colcon.colcon_core.package_identification:_identify(web_site) by extensions ['colcon_meta']
[6.711s] Level 1:colcon.colcon_core.package_identification:_identify(web_site) by extension 'colcon_meta'
[6.712s] Level 1:colcon.colcon_core.package_identification:_identify(web_site) by extensions ['ros']
[6.712s] Level 1:colcon.colcon_core.package_identification:_identify(web_site) by extension 'ros'
[6.712s] Level 1:colcon.colcon_core.package_identification:_identify(web_site) by extensions ['cmake', 'python']
[6.713s] Level 1:colcon.colcon_core.package_identification:_identify(web_site) by extension 'cmake'
[6.713s] Level 1:colcon.colcon_core.package_identification:_identify(web_site) by extension 'python'
[6.713s] Level 1:colcon.colcon_core.package_identification:_identify(web_site) by extensions ['python_setup_py']
[6.713s] Level 1:colcon.colcon_core.package_identification:_identify(web_site) by extension 'python_setup_py'
[6.713s] Level 1:colcon.colcon_core.package_identification:_identify(web_site/backend) by extensions ['ignore', 'ignore_ament_install']
[6.714s] Level 1:colcon.colcon_core.package_identification:_identify(web_site/backend) by extension 'ignore'
[6.714s] Level 1:colcon.colcon_core.package_identification:_identify(web_site/backend) by extension 'ignore_ament_install'
[6.715s] Level 1:colcon.colcon_core.package_identification:_identify(web_site/backend) by extensions ['colcon_pkg']
[6.715s] Level 1:colcon.colcon_core.package_identification:_identify(web_site/backend) by extension 'colcon_pkg'
[6.716s] Level 1:colcon.colcon_core.package_identification:_identify(web_site/backend) by extensions ['colcon_meta']
[6.716s] Level 1:colcon.colcon_core.package_identification:_identify(web_site/backend) by extension 'colcon_meta'
[6.716s] Level 1:colcon.colcon_core.package_identification:_identify(web_site/backend) by extensions ['ros']
[6.716s] Level 1:colcon.colcon_core.package_identification:_identify(web_site/backend) by extension 'ros'
[6.717s] Level 1:colcon.colcon_core.package_identification:_identify(web_site/backend) by extensions ['cmake', 'python']
[6.717s] Level 1:colcon.colcon_core.package_identification:_identify(web_site/backend) by extension 'cmake'
[6.717s] Level 1:colcon.colcon_core.package_identification:_identify(web_site/backend) by extension 'python'
[6.717s] Level 1:colcon.colcon_core.package_identification:_identify(web_site/backend) by extensions ['python_setup_py']
[6.717s] Level 1:colcon.colcon_core.package_identification:_identify(web_site/backend) by extension 'python_setup_py'
[6.718s] Level 1:colcon.colcon_core.package_identification:_identify(web_site/frontend) by extensions ['ignore', 'ignore_ament_install']
[6.718s] Level 1:colcon.colcon_core.package_identification:_identify(web_site/frontend) by extension 'ignore'
[6.718s] Level 1:colcon.colcon_core.package_identification:_identify(web_site/frontend) by extension 'ignore_ament_install'
[6.718s] Level 1:colcon.colcon_core.package_identification:_identify(web_site/frontend) by extensions ['colcon_pkg']
[6.718s] Level 1:colcon.colcon_core.package_identification:_identify(web_site/frontend) by extension 'colcon_pkg'
[6.719s] Level 1:colcon.colcon_core.package_identification:_identify(web_site/frontend) by extensions ['colcon_meta']
[6.719s] Level 1:colcon.colcon_core.package_identification:_identify(web_site/frontend) by extension 'colcon_meta'
[6.719s] Level 1:colcon.colcon_core.package_identification:_identify(web_site/frontend) by extensions ['ros']
[6.719s] Level 1:colcon.colcon_core.package_identification:_identify(web_site/frontend) by extension 'ros'
[6.719s] Level 1:colcon.colcon_core.package_identification:_identify(web_site/frontend) by extensions ['cmake', 'python']
[6.719s] Level 1:colcon.colcon_core.package_identification:_identify(web_site/frontend) by extension 'cmake'
[6.720s] Level 1:colcon.colcon_core.package_identification:_identify(web_site/frontend) by extension 'python'
[6.720s] Level 1:colcon.colcon_core.package_identification:_identify(web_site/frontend) by extensions ['python_setup_py']
[6.720s] Level 1:colcon.colcon_core.package_identification:_identify(web_site/frontend) by extension 'python_setup_py'
[6.720s] Level 1:colcon.colcon_core.package_discovery:discover_packages(recursive) using defaults
[6.721s] Level 1:colcon.colcon_core.package_discovery:discover_packages(ignore) discover
[6.721s] Level 1:colcon.colcon_core.package_discovery:discover_packages(ignore) using defaults
[6.721s] Level 1:colcon.colcon_core.package_discovery:discover_packages(path) discover
[6.721s] Level 1:colcon.colcon_core.package_discovery:discover_packages(path) using defaults
[7.135s] INFO:colcon.colcon_core.package_selection:Skipping not selected package 'hardware' in 'Orchestrator/ros2_labremoto/src/hardware'
[7.135s] INFO:colcon.colcon_core.package_selection:Skipping not selected package 'my_mas' in 'Orchestrator/ros2_labremoto/src/my_mas'
[7.427s] Level 1:colcon.colcon_core.package_discovery:discover_packages(prefix_path) check parameters
[7.428s] Level 1:colcon.colcon_core.package_discovery:discover_packages(prefix_path) discover
[7.705s] DEBUG:colcon.colcon_installed_package_information.package_discovery:Found 11 installed packages in /home/ffelix07/Documents/LabRemo/Orchestrator/ros2_labremoto/install
[7.871s] DEBUG:colcon.colcon_installed_package_information.package_discovery:Found 2 installed packages in /home/ffelix07/Documents/LabRemo/Orchestrator/ros2_labremoto/src/install
[8.010s] DEBUG:colcon.colcon_installed_package_information.package_discovery:Found 275 installed packages in /opt/ros/humble
[8.017s] Level 1:colcon.colcon_core.package_discovery:discover_packages(prefix_path) using defaults
[8.412s] WARNING:colcon.colcon_core.package_selection:Some selected packages are already built in one or more underlay workspaces:
	'py_pubsub' is in: /home/ffelix07/Documents/LabRemo/Orchestrator/ros2_labremoto/install/py_pubsub
If a package in a merged underlay workspace is overridden and it installs headers, then all packages in the overlay must sort their include directories by workspace order. Failure to do so may result in build failures or undefined behavior at run time.
If the overridden package is used by another package in any underlay, then the overriding package in the overlay must be API and ABI compatible or undefined behavior at run time may occur.

If you understand the risks and want to override a package anyways, add the following to the command line:
	--allow-overriding py_pubsub

This may be promoted to an error in a future release of colcon-override-check.
[8.519s] Level 5:colcon.colcon_core.verb:set package 'py_pubsub' build argument 'cmake_args' from command line to 'None'
[8.519s] Level 5:colcon.colcon_core.verb:set package 'py_pubsub' build argument 'cmake_target' from command line to 'None'
[8.519s] Level 5:colcon.colcon_core.verb:set package 'py_pubsub' build argument 'cmake_target_skip_unavailable' from command line to 'False'
[8.519s] Level 5:colcon.colcon_core.verb:set package 'py_pubsub' build argument 'cmake_clean_cache' from command line to 'False'
[8.520s] Level 5:colcon.colcon_core.verb:set package 'py_pubsub' build argument 'cmake_clean_first' from command line to 'False'
[8.520s] Level 5:colcon.colcon_core.verb:set package 'py_pubsub' build argument 'cmake_force_configure' from command line to 'False'
[8.520s] Level 5:colcon.colcon_core.verb:set package 'py_pubsub' build argument 'ament_cmake_args' from command line to 'None'
[8.520s] Level 5:colcon.colcon_core.verb:set package 'py_pubsub' build argument 'catkin_cmake_args' from command line to 'None'
[8.520s] Level 5:colcon.colcon_core.verb:set package 'py_pubsub' build argument 'catkin_skip_building_tests' from command line to 'False'
[8.520s] DEBUG:colcon.colcon_core.verb:Building package 'py_pubsub' with the following arguments: {'ament_cmake_args': None, 'build_base': '/home/ffelix07/Documents/LabRemo/build/py_pubsub', 'catkin_cmake_args': None, 'catkin_skip_building_tests': False, 'cmake_args': None, 'cmake_clean_cache': False, 'cmake_clean_first': False, 'cmake_force_configure': False, 'cmake_target': None, 'cmake_target_skip_unavailable': False, 'install_base': '/home/ffelix07/Documents/LabRemo/install/py_pubsub', 'merge_install': False, 'path': '/home/ffelix07/Documents/LabRemo/Orchestrator/ros2_labremoto/src/py_pubsub', 'symlink_install': False, 'test_result_base': None}
[8.616s] INFO:colcon.colcon_core.executor:Executing jobs using 'parallel' executor
[8.701s] DEBUG:colcon.colcon_parallel_executor.executor.parallel:run_until_complete
[8.702s] INFO:colcon.colcon_ros.task.ament_python.build:Building ROS package in '/home/ffelix07/Documents/LabRemo/Orchestrator/ros2_labremoto/src/py_pubsub' with build type 'ament_python'
[8.702s] Level 1:colcon.colcon_core.shell:create_environment_hook('py_pubsub', 'ament_prefix_path')
[8.809s] INFO:colcon.colcon_core.plugin_system:Skipping extension 'colcon_core.shell.bat': Not used on non-Windows systems
[8.810s] INFO:colcon.colcon_core.shell:Creating environment hook '/home/ffelix07/Documents/LabRemo/install/py_pubsub/share/py_pubsub/hook/ament_prefix_path.ps1'
[8.813s] INFO:colcon.colcon_core.shell:Creating environment descriptor '/home/ffelix07/Documents/LabRemo/install/py_pubsub/share/py_pubsub/hook/ament_prefix_path.dsv'
[8.815s] INFO:colcon.colcon_core.shell:Creating environment hook '/home/ffelix07/Documents/LabRemo/install/py_pubsub/share/py_pubsub/hook/ament_prefix_path.sh'
[8.912s] INFO:colcon.colcon_core.shell:Skip shell extension 'powershell' for command environment: Not usable outside of PowerShell
[8.912s] DEBUG:colcon.colcon_core.shell:Skip shell extension 'dsv' for command environment
[9.273s] WARNING:colcon.colcon_core.shell:The following packages are in the workspace but haven't been built:
- my_mas
They are being used from the following locations instead:
- /home/ffelix07/Documents/LabRemo/Orchestrator/ros2_labremoto/install/my_mas
To suppress this warning ignore these packages in the workspace:
--packages-ignore my_mas
[10.337s] INFO:colcon.colcon_core.task.python.build:Building Python package in '/home/ffelix07/Documents/LabRemo/Orchestrator/ros2_labremoto/src/py_pubsub'
[10.433s] INFO:colcon.colcon_core.shell:Skip shell extension 'powershell' for command environment: Not usable outside of PowerShell
[10.433s] DEBUG:colcon.colcon_core.shell:Skip shell extension 'dsv' for command environment
[13.793s] DEBUG:colcon.colcon_core.event_handler.log_command:Invoking command in '/home/ffelix07/Documents/LabRemo/Orchestrator/ros2_labremoto/src/py_pubsub': CONDA_PROMPT_MODIFIER=(base) PYTHONPATH=/home/ffelix07/Documents/LabRemo/build/py_pubsub/prefix_override:/home/ffelix07/Documents/LabRemo/install/py_pubsub/lib/python3.10/site-packages:${PYTHONPATH} /usr/bin/python3 setup.py egg_info --egg-base ../../../../build/py_pubsub build --build-base /home/ffelix07/Documents/LabRemo/build/py_pubsub/build install --record /home/ffelix07/Documents/LabRemo/build/py_pubsub/install.log --single-version-externally-managed
[16.444s] DEBUG:colcon.colcon_core.event_handler.log_command:Invoked command in '/home/ffelix07/Documents/LabRemo/Orchestrator/ros2_labremoto/src/py_pubsub' returned '0': CONDA_PROMPT_MODIFIER=(base) PYTHONPATH=/home/ffelix07/Documents/LabRemo/build/py_pubsub/prefix_override:/home/ffelix07/Documents/LabRemo/install/py_pubsub/lib/python3.10/site-packages:${PYTHONPATH} /usr/bin/python3 setup.py egg_info --egg-base ../../../../build/py_pubsub build --build-base /home/ffelix07/Documents/LabRemo/build/py_pubsub/build install --record /home/ffelix07/Documents/LabRemo/build/py_pubsub/install.log --single-version-externally-managed
[16.605s] Level 1:colcon.colcon_core.environment:checking '/home/ffelix07/Documents/LabRemo/install/py_pubsub' for CMake module files
[16.607s] Level 1:colcon.colcon_core.environment:checking '/home/ffelix07/Documents/LabRemo/install/py_pubsub' for CMake config files
[16.609s] Level 1:colcon.colcon_core.environment:checking '/home/ffelix07/Documents/LabRemo/install/py_pubsub/lib'
[16.610s] Level 1:colcon.colcon_core.environment:checking '/home/ffelix07/Documents/LabRemo/install/py_pubsub/bin'
[16.610s] Level 1:colcon.colcon_core.environment:checking '/home/ffelix07/Documents/LabRemo/install/py_pubsub/lib/pkgconfig/py_pubsub.pc'
[16.611s] Level 1:colcon.colcon_core.environment:checking '/home/ffelix07/Documents/LabRemo/install/py_pubsub/lib/python3.10/site-packages'
[16.612s] Level 1:colcon.colcon_core.shell:create_environment_hook('py_pubsub', 'pythonpath')
[16.748s] INFO:colcon.colcon_core.shell:Creating environment hook '/home/ffelix07/Documents/LabRemo/install/py_pubsub/share/py_pubsub/hook/pythonpath.ps1'
[16.749s] INFO:colcon.colcon_core.shell:Creating environment descriptor '/home/ffelix07/Documents/LabRemo/install/py_pubsub/share/py_pubsub/hook/pythonpath.dsv'
[16.751s] INFO:colcon.colcon_core.shell:Creating environment hook '/home/ffelix07/Documents/LabRemo/install/py_pubsub/share/py_pubsub/hook/pythonpath.sh'
[16.753s] Level 1:colcon.colcon_core.environment:checking '/home/ffelix07/Documents/LabRemo/install/py_pubsub/bin'
[16.753s] Level 1:colcon.colcon_core.environment:create_environment_scripts_only(py_pubsub)
[16.893s] INFO:colcon.colcon_core.shell:Creating package script '/home/ffelix07/Documents/LabRemo/install/py_pubsub/share/py_pubsub/package.ps1'
[16.896s] INFO:colcon.colcon_core.shell:Creating package descriptor '/home/ffelix07/Documents/LabRemo/install/py_pubsub/share/py_pubsub/package.dsv'
[16.899s] INFO:colcon.colcon_core.shell:Creating package script '/home/ffelix07/Documents/LabRemo/install/py_pubsub/share/py_pubsub/package.sh'
[16.902s] INFO:colcon.colcon_core.shell:Creating package script '/home/ffelix07/Documents/LabRemo/install/py_pubsub/share/py_pubsub/package.bash'
[16.906s] INFO:colcon.colcon_core.shell:Creating package script '/home/ffelix07/Documents/LabRemo/install/py_pubsub/share/py_pubsub/package.zsh'
[16.909s] Level 1:colcon.colcon_core.environment:create_file_with_runtime_dependencies(/home/ffelix07/Documents/LabRemo/install/py_pubsub/share/colcon-core/packages/py_pubsub)
[16.910s] DEBUG:colcon.colcon_parallel_executor.executor.parallel:closing loop
[16.912s] DEBUG:colcon.colcon_parallel_executor.executor.parallel:loop closed
[16.913s] DEBUG:colcon.colcon_parallel_executor.executor.parallel:run_until_complete finished with '0'
[16.913s] DEBUG:colcon.colcon_core.event_reactor:joining thread
[17.082s] INFO:colcon.colcon_core.plugin_system:Skipping extension 'colcon_notification.desktop_notification.terminal_notifier': Not used on non-Darwin systems
[17.083s] INFO:colcon.colcon_core.plugin_system:Skipping extension 'colcon_notification.desktop_notification.win32': Not used on non-Windows systems
[17.083s] INFO:colcon.colcon_notification.desktop_notification:Sending desktop notification using 'notify2'
[17.126s] DEBUG:colcon.colcon_core.event_reactor:joined thread
[17.261s] INFO:colcon.colcon_core.shell:Creating prefix script '/home/ffelix07/Documents/LabRemo/install/local_setup.ps1'
[17.264s] INFO:colcon.colcon_core.shell:Creating prefix util module '/home/ffelix07/Documents/LabRemo/install/_local_setup_util_ps1.py'
[17.269s] INFO:colcon.colcon_core.shell:Creating prefix chain script '/home/ffelix07/Documents/LabRemo/install/setup.ps1'
[17.406s] INFO:colcon.colcon_core.shell:Creating prefix script '/home/ffelix07/Documents/LabRemo/install/local_setup.sh'
[17.408s] INFO:colcon.colcon_core.shell:Creating prefix util module '/home/ffelix07/Documents/LabRemo/install/_local_setup_util_sh.py'
[17.410s] INFO:colcon.colcon_core.shell:Creating prefix chain script '/home/ffelix07/Documents/LabRemo/install/setup.sh'
[17.545s] INFO:colcon.colcon_core.shell:Creating prefix script '/home/ffelix07/Documents/LabRemo/install/local_setup.bash'
[17.547s] INFO:colcon.colcon_core.shell:Creating prefix chain script '/home/ffelix07/Documents/LabRemo/install/setup.bash'
[17.692s] INFO:colcon.colcon_core.shell:Creating prefix script '/home/ffelix07/Documents/LabRemo/install/local_setup.zsh'
[17.694s] INFO:colcon.colcon_core.shell:Creating prefix chain script '/home/ffelix07/Documents/LabRemo/install/setup.zsh'
