[0.036s] Invoking command in '/home/felix/Documentos/LabRemo/Orchestrator/Labremoto/build/my_mas': CMAKE_PREFIX_PATH=${CMAKE_PREFIX_PATH}:/home/felix/Documentos/LabRemo/Orchestrator/Labremoto/install/py_pubsub:/home/felix/Documentos/LabRemo/Orchestrator/Labremoto/install/hardware:/opt/ros/humble CONDA_PROMPT_MODIFIER=(Labremoto) /usr/bin/cmake --build /home/felix/Documentos/LabRemo/Orchestrator/Labremoto/build/my_mas -- -j8 -l8
[0.097s] [  0%] Built target my_mas__cpp
[0.103s] [ 12%] Built target my_mas__rosidl_generator_c
[0.134s] [ 12%] Built target ament_cmake_python_copy_my_mas
[0.141s] [ 24%] Built target my_mas__rosidl_typesupport_cpp
[0.144s] [ 36%] Built target my_mas__rosidl_typesupport_introspection_c
[0.146s] [ 50%] Built target my_mas__rosidl_typesupport_introspection_cpp
[0.146s] [ 60%] Built target my_mas__rosidl_typesupport_fastrtps_cpp
[0.148s] [ 76%] Built target my_mas__rosidl_typesupport_fastrtps_c
[0.148s] [ 84%] Built target my_mas__rosidl_typesupport_c
[0.171s] [ 84%] Built target my_mas
[0.197s] [ 85%] Built target my_mas__py
[0.236s] [ 96%] Built target my_mas__rosidl_generator_py
[0.262s] [100%] Built target my_mas__rosidl_typesupport_c__pyext
[0.262s] [100%] Built target my_mas__rosidl_typesupport_introspection_c__pyext
[0.262s] [100%] Built target my_mas__rosidl_typesupport_fastrtps_c__pyext
[0.335s] running egg_info
[0.335s] writing my_mas.egg-info/PKG-INFO
[0.335s] writing dependency_links to my_mas.egg-info/dependency_links.txt
[0.336s] writing top-level names to my_mas.egg-info/top_level.txt
[0.338s] reading manifest file 'my_mas.egg-info/SOURCES.txt'
[0.339s] writing manifest file 'my_mas.egg-info/SOURCES.txt'
[0.374s] [100%] Built target ament_cmake_python_build_my_mas_egg
[0.390s] Invoked command in '/home/felix/Documentos/LabRemo/Orchestrator/Labremoto/build/my_mas' returned '0': CMAKE_PREFIX_PATH=${CMAKE_PREFIX_PATH}:/home/felix/Documentos/LabRemo/Orchestrator/Labremoto/install/py_pubsub:/home/felix/Documentos/LabRemo/Orchestrator/Labremoto/install/hardware:/opt/ros/humble CONDA_PROMPT_MODIFIER=(Labremoto) /usr/bin/cmake --build /home/felix/Documentos/LabRemo/Orchestrator/Labremoto/build/my_mas -- -j8 -l8
[0.939s] Invoking command in '/home/felix/Documentos/LabRemo/Orchestrator/Labremoto/build/my_mas': CMAKE_PREFIX_PATH=${CMAKE_PREFIX_PATH}:/home/felix/Documentos/LabRemo/Orchestrator/Labremoto/install/py_pubsub:/home/felix/Documentos/LabRemo/Orchestrator/Labremoto/install/hardware:/opt/ros/humble CONDA_PROMPT_MODIFIER=(Labremoto) /usr/bin/cmake --install /home/felix/Documentos/LabRemo/Orchestrator/Labremoto/build/my_mas
[0.947s] -- Install configuration: ""
[0.948s] -- Up-to-date: /home/felix/Documentos/LabRemo/Orchestrator/Labremoto/install/my_mas/share/ament_index/resource_index/rosidl_interfaces/my_mas
[0.948s] -- Up-to-date: /home/felix/Documentos/LabRemo/Orchestrator/Labremoto/install/my_mas/include/my_mas/my_mas
[0.948s] -- Up-to-date: /home/felix/Documentos/LabRemo/Orchestrator/Labremoto/install/my_mas/include/my_mas/my_mas/srv
[0.948s] -- Up-to-date: /home/felix/Documentos/LabRemo/Orchestrator/Labremoto/install/my_mas/include/my_mas/my_mas/srv/load_file.h
[0.948s] -- Up-to-date: /home/felix/Documentos/LabRemo/Orchestrator/Labremoto/install/my_mas/include/my_mas/my_mas/srv/detail
[0.948s] -- Up-to-date: /home/felix/Documentos/LabRemo/Orchestrator/Labremoto/install/my_mas/include/my_mas/my_mas/srv/detail/load_file__functions.h
[0.948s] -- Up-to-date: /home/felix/Documentos/LabRemo/Orchestrator/Labremoto/install/my_mas/include/my_mas/my_mas/srv/detail/load_file__type_support.h
[0.948s] -- Up-to-date: /home/felix/Documentos/LabRemo/Orchestrator/Labremoto/install/my_mas/include/my_mas/my_mas/srv/detail/load_file__struct.h
[0.949s] -- Up-to-date: /home/felix/Documentos/LabRemo/Orchestrator/Labremoto/install/my_mas/include/my_mas/my_mas/srv/detail/load_filedb__functions.h
[0.949s] -- Up-to-date: /home/felix/Documentos/LabRemo/Orchestrator/Labremoto/install/my_mas/include/my_mas/my_mas/srv/detail/load_filedb__struct.h
[0.949s] -- Up-to-date: /home/felix/Documentos/LabRemo/Orchestrator/Labremoto/install/my_mas/include/my_mas/my_mas/srv/detail/load_file__functions.c
[0.949s] -- Up-to-date: /home/felix/Documentos/LabRemo/Orchestrator/Labremoto/install/my_mas/include/my_mas/my_mas/srv/detail/load_filedb__functions.c
[0.949s] -- Up-to-date: /home/felix/Documentos/LabRemo/Orchestrator/Labremoto/install/my_mas/include/my_mas/my_mas/srv/detail/load_filedb__type_support.h
[0.949s] -- Up-to-date: /home/felix/Documentos/LabRemo/Orchestrator/Labremoto/install/my_mas/include/my_mas/my_mas/srv/load_filedb.h
[0.949s] -- Up-to-date: /home/felix/Documentos/LabRemo/Orchestrator/Labremoto/install/my_mas/include/my_mas/my_mas/action
[0.949s] -- Up-to-date: /home/felix/Documentos/LabRemo/Orchestrator/Labremoto/install/my_mas/include/my_mas/my_mas/action/tranformvhdlbit.h
[0.949s] -- Up-to-date: /home/felix/Documentos/LabRemo/Orchestrator/Labremoto/install/my_mas/include/my_mas/my_mas/action/fibonacci.h
[0.949s] -- Up-to-date: /home/felix/Documentos/LabRemo/Orchestrator/Labremoto/install/my_mas/include/my_mas/my_mas/action/carga_bit.h
[0.949s] -- Up-to-date: /home/felix/Documentos/LabRemo/Orchestrator/Labremoto/install/my_mas/include/my_mas/my_mas/action/detail
[0.949s] -- Up-to-date: /home/felix/Documentos/LabRemo/Orchestrator/Labremoto/install/my_mas/include/my_mas/my_mas/action/detail/cargahex__functions.h
[0.950s] -- Up-to-date: /home/felix/Documentos/LabRemo/Orchestrator/Labremoto/install/my_mas/include/my_mas/my_mas/action/detail/tranformvhdlbit__struct.h
[0.950s] -- Up-to-date: /home/felix/Documentos/LabRemo/Orchestrator/Labremoto/install/my_mas/include/my_mas/my_mas/action/detail/cargahex__type_support.h
[0.950s] -- Up-to-date: /home/felix/Documentos/LabRemo/Orchestrator/Labremoto/install/my_mas/include/my_mas/my_mas/action/detail/fibonacci__struct.h
[0.950s] -- Up-to-date: /home/felix/Documentos/LabRemo/Orchestrator/Labremoto/install/my_mas/include/my_mas/my_mas/action/detail/carga_bit__functions.c
[0.950s] -- Up-to-date: /home/felix/Documentos/LabRemo/Orchestrator/Labremoto/install/my_mas/include/my_mas/my_mas/action/detail/fibonacci__functions.c
[0.950s] -- Up-to-date: /home/felix/Documentos/LabRemo/Orchestrator/Labremoto/install/my_mas/include/my_mas/my_mas/action/detail/cargahex__struct.h
[0.950s] -- Up-to-date: /home/felix/Documentos/LabRemo/Orchestrator/Labremoto/install/my_mas/include/my_mas/my_mas/action/detail/carga_bit__struct.h
[0.950s] -- Up-to-date: /home/felix/Documentos/LabRemo/Orchestrator/Labremoto/install/my_mas/include/my_mas/my_mas/action/detail/fibonacci__type_support.h
[0.950s] -- Up-to-date: /home/felix/Documentos/LabRemo/Orchestrator/Labremoto/install/my_mas/include/my_mas/my_mas/action/detail/carga_bit__functions.h
[0.950s] -- Up-to-date: /home/felix/Documentos/LabRemo/Orchestrator/Labremoto/install/my_mas/include/my_mas/my_mas/action/detail/tranformvhdlbit__type_support.h
[0.950s] -- Up-to-date: /home/felix/Documentos/LabRemo/Orchestrator/Labremoto/install/my_mas/include/my_mas/my_mas/action/detail/cargahex__functions.c
[0.951s] -- Up-to-date: /home/felix/Documentos/LabRemo/Orchestrator/Labremoto/install/my_mas/include/my_mas/my_mas/action/detail/fibonacci__functions.h
[0.951s] -- Up-to-date: /home/felix/Documentos/LabRemo/Orchestrator/Labremoto/install/my_mas/include/my_mas/my_mas/action/detail/tranformvhdlbit__functions.c
[0.951s] -- Up-to-date: /home/felix/Documentos/LabRemo/Orchestrator/Labremoto/install/my_mas/include/my_mas/my_mas/action/detail/tranformvhdlbit__functions.h
[0.951s] -- Up-to-date: /home/felix/Documentos/LabRemo/Orchestrator/Labremoto/install/my_mas/include/my_mas/my_mas/action/detail/carga_bit__type_support.h
[0.951s] -- Up-to-date: /home/felix/Documentos/LabRemo/Orchestrator/Labremoto/install/my_mas/include/my_mas/my_mas/action/cargahex.h
[0.951s] -- Up-to-date: /home/felix/Documentos/LabRemo/Orchestrator/Labremoto/install/my_mas/include/my_mas/my_mas/msg
[0.951s] -- Up-to-date: /home/felix/Documentos/LabRemo/Orchestrator/Labremoto/install/my_mas/include/my_mas/my_mas/msg/auditor.h
[0.951s] -- Up-to-date: /home/felix/Documentos/LabRemo/Orchestrator/Labremoto/install/my_mas/include/my_mas/my_mas/msg/operacion.h
[0.951s] -- Up-to-date: /home/felix/Documentos/LabRemo/Orchestrator/Labremoto/install/my_mas/include/my_mas/my_mas/msg/sensor_measurment.h
[0.951s] -- Up-to-date: /home/felix/Documentos/LabRemo/Orchestrator/Labremoto/install/my_mas/include/my_mas/my_mas/msg/file_hex_load.h
[0.951s] -- Up-to-date: /home/felix/Documentos/LabRemo/Orchestrator/Labremoto/install/my_mas/include/my_mas/my_mas/msg/contrato.h
[0.952s] -- Up-to-date: /home/felix/Documentos/LabRemo/Orchestrator/Labremoto/install/my_mas/include/my_mas/my_mas/msg/rosidl_generator_c__visibility_control.h
[0.952s] -- Up-to-date: /home/felix/Documentos/LabRemo/Orchestrator/Labremoto/install/my_mas/include/my_mas/my_mas/msg/bit_load.h
[0.952s] -- Up-to-date: /home/felix/Documentos/LabRemo/Orchestrator/Labremoto/install/my_mas/include/my_mas/my_mas/msg/trans_global.h
[0.952s] -- Up-to-date: /home/felix/Documentos/LabRemo/Orchestrator/Labremoto/install/my_mas/include/my_mas/my_mas/msg/detail
[0.952s] -- Up-to-date: /home/felix/Documentos/LabRemo/Orchestrator/Labremoto/install/my_mas/include/my_mas/my_mas/msg/detail/auditor__struct.h
[0.952s] -- Up-to-date: /home/felix/Documentos/LabRemo/Orchestrator/Labremoto/install/my_mas/include/my_mas/my_mas/msg/detail/file_hex_load__functions.h
[0.952s] -- Up-to-date: /home/felix/Documentos/LabRemo/Orchestrator/Labremoto/install/my_mas/include/my_mas/my_mas/msg/detail/bit_load__struct.h
[0.952s] -- Up-to-date: /home/felix/Documentos/LabRemo/Orchestrator/Labremoto/install/my_mas/include/my_mas/my_mas/msg/detail/create_bit_stream__struct.h
[0.952s] -- Up-to-date: /home/felix/Documentos/LabRemo/Orchestrator/Labremoto/install/my_mas/include/my_mas/my_mas/msg/detail/sensor_measurment__struct.h
[0.952s] -- Up-to-date: /home/felix/Documentos/LabRemo/Orchestrator/Labremoto/install/my_mas/include/my_mas/my_mas/msg/detail/bit_load__functions.c
[0.952s] -- Up-to-date: /home/felix/Documentos/LabRemo/Orchestrator/Labremoto/install/my_mas/include/my_mas/my_mas/msg/detail/trans_entrada__struct.h
[0.953s] -- Up-to-date: /home/felix/Documentos/LabRemo/Orchestrator/Labremoto/install/my_mas/include/my_mas/my_mas/msg/detail/trans_entrada__functions.c
[0.953s] -- Up-to-date: /home/felix/Documentos/LabRemo/Orchestrator/Labremoto/install/my_mas/include/my_mas/my_mas/msg/detail/trans_entrada__type_support.h
[0.953s] -- Up-to-date: /home/felix/Documentos/LabRemo/Orchestrator/Labremoto/install/my_mas/include/my_mas/my_mas/msg/detail/contrato__struct.h
[0.953s] -- Up-to-date: /home/felix/Documentos/LabRemo/Orchestrator/Labremoto/install/my_mas/include/my_mas/my_mas/msg/detail/operacion__type_support.h
[0.953s] -- Up-to-date: /home/felix/Documentos/LabRemo/Orchestrator/Labremoto/install/my_mas/include/my_mas/my_mas/msg/detail/trans_global__functions.h
[0.953s] -- Up-to-date: /home/felix/Documentos/LabRemo/Orchestrator/Labremoto/install/my_mas/include/my_mas/my_mas/msg/detail/trans_global__struct.h
[0.953s] -- Up-to-date: /home/felix/Documentos/LabRemo/Orchestrator/Labremoto/install/my_mas/include/my_mas/my_mas/msg/detail/file_hex_load__functions.c
[0.953s] -- Up-to-date: /home/felix/Documentos/LabRemo/Orchestrator/Labremoto/install/my_mas/include/my_mas/my_mas/msg/detail/log_salida__functions.c
[0.953s] -- Up-to-date: /home/felix/Documentos/LabRemo/Orchestrator/Labremoto/install/my_mas/include/my_mas/my_mas/msg/detail/sensor_measurment__functions.c
[0.953s] -- Up-to-date: /home/felix/Documentos/LabRemo/Orchestrator/Labremoto/install/my_mas/include/my_mas/my_mas/msg/detail/contrato__functions.c
[0.953s] -- Up-to-date: /home/felix/Documentos/LabRemo/Orchestrator/Labremoto/install/my_mas/include/my_mas/my_mas/msg/detail/trans_entrada__functions.h
[0.953s] -- Up-to-date: /home/felix/Documentos/LabRemo/Orchestrator/Labremoto/install/my_mas/include/my_mas/my_mas/msg/detail/contrato__functions.h
[0.953s] -- Up-to-date: /home/felix/Documentos/LabRemo/Orchestrator/Labremoto/install/my_mas/include/my_mas/my_mas/msg/detail/contrato__type_support.h
[0.953s] -- Up-to-date: /home/felix/Documentos/LabRemo/Orchestrator/Labremoto/install/my_mas/include/my_mas/my_mas/msg/detail/operacion__struct.h
[0.954s] -- Up-to-date: /home/felix/Documentos/LabRemo/Orchestrator/Labremoto/install/my_mas/include/my_mas/my_mas/msg/detail/create_bit_stream__type_support.h
[0.954s] -- Up-to-date: /home/felix/Documentos/LabRemo/Orchestrator/Labremoto/install/my_mas/include/my_mas/my_mas/msg/detail/log_salida__functions.h
[0.954s] -- Up-to-date: /home/felix/Documentos/LabRemo/Orchestrator/Labremoto/install/my_mas/include/my_mas/my_mas/msg/detail/operacion__functions.c
[0.954s] -- Up-to-date: /home/felix/Documentos/LabRemo/Orchestrator/Labremoto/install/my_mas/include/my_mas/my_mas/msg/detail/trans_global__functions.c
[0.954s] -- Up-to-date: /home/felix/Documentos/LabRemo/Orchestrator/Labremoto/install/my_mas/include/my_mas/my_mas/msg/detail/file_hex_load__struct.h
[0.954s] -- Up-to-date: /home/felix/Documentos/LabRemo/Orchestrator/Labremoto/install/my_mas/include/my_mas/my_mas/msg/detail/operacion__functions.h
[0.954s] -- Up-to-date: /home/felix/Documentos/LabRemo/Orchestrator/Labremoto/install/my_mas/include/my_mas/my_mas/msg/detail/file_hex_load__type_support.h
[0.954s] -- Up-to-date: /home/felix/Documentos/LabRemo/Orchestrator/Labremoto/install/my_mas/include/my_mas/my_mas/msg/detail/sensor_measurment__functions.h
[0.954s] -- Up-to-date: /home/felix/Documentos/LabRemo/Orchestrator/Labremoto/install/my_mas/include/my_mas/my_mas/msg/detail/create_bit_stream__functions.h
[0.954s] -- Up-to-date: /home/felix/Documentos/LabRemo/Orchestrator/Labremoto/install/my_mas/include/my_mas/my_mas/msg/detail/log_salida__struct.h
[0.954s] -- Up-to-date: /home/felix/Documentos/LabRemo/Orchestrator/Labremoto/install/my_mas/include/my_mas/my_mas/msg/detail/auditor__functions.h
[0.955s] -- Up-to-date: /home/felix/Documentos/LabRemo/Orchestrator/Labremoto/install/my_mas/include/my_mas/my_mas/msg/detail/auditor__type_support.h
[0.955s] -- Up-to-date: /home/felix/Documentos/LabRemo/Orchestrator/Labremoto/install/my_mas/include/my_mas/my_mas/msg/detail/bit_load__functions.h
[0.955s] -- Up-to-date: /home/felix/Documentos/LabRemo/Orchestrator/Labremoto/install/my_mas/include/my_mas/my_mas/msg/detail/bit_load__type_support.h
[0.955s] -- Up-to-date: /home/felix/Documentos/LabRemo/Orchestrator/Labremoto/install/my_mas/include/my_mas/my_mas/msg/detail/trans_global__type_support.h
[0.955s] -- Up-to-date: /home/felix/Documentos/LabRemo/Orchestrator/Labremoto/install/my_mas/include/my_mas/my_mas/msg/detail/auditor__functions.c
[0.955s] -- Up-to-date: /home/felix/Documentos/LabRemo/Orchestrator/Labremoto/install/my_mas/include/my_mas/my_mas/msg/detail/sensor_measurment__type_support.h
[0.955s] -- Up-to-date: /home/felix/Documentos/LabRemo/Orchestrator/Labremoto/install/my_mas/include/my_mas/my_mas/msg/detail/log_salida__type_support.h
[0.955s] -- Up-to-date: /home/felix/Documentos/LabRemo/Orchestrator/Labremoto/install/my_mas/include/my_mas/my_mas/msg/detail/create_bit_stream__functions.c
[0.955s] -- Up-to-date: /home/felix/Documentos/LabRemo/Orchestrator/Labremoto/install/my_mas/include/my_mas/my_mas/msg/trans_entrada.h
[0.956s] -- Up-to-date: /home/felix/Documentos/LabRemo/Orchestrator/Labremoto/install/my_mas/include/my_mas/my_mas/msg/create_bit_stream.h
[0.956s] -- Up-to-date: /home/felix/Documentos/LabRemo/Orchestrator/Labremoto/install/my_mas/include/my_mas/my_mas/msg/log_salida.h
[0.956s] -- Up-to-date: /home/felix/Documentos/LabRemo/Orchestrator/Labremoto/install/my_mas/share/my_mas/environment/library_path.sh
[0.956s] -- Up-to-date: /home/felix/Documentos/LabRemo/Orchestrator/Labremoto/install/my_mas/share/my_mas/environment/library_path.dsv
[0.956s] -- Up-to-date: /home/felix/Documentos/LabRemo/Orchestrator/Labremoto/install/my_mas/lib/libmy_mas__rosidl_generator_c.so
[0.956s] -- Up-to-date: /home/felix/Documentos/LabRemo/Orchestrator/Labremoto/install/my_mas/include/my_mas/my_mas
[0.956s] -- Up-to-date: /home/felix/Documentos/LabRemo/Orchestrator/Labremoto/install/my_mas/include/my_mas/my_mas/srv
[0.956s] -- Up-to-date: /home/felix/Documentos/LabRemo/Orchestrator/Labremoto/install/my_mas/include/my_mas/my_mas/srv/detail
[0.956s] -- Up-to-date: /home/felix/Documentos/LabRemo/Orchestrator/Labremoto/install/my_mas/include/my_mas/my_mas/srv/detail/load_filedb__rosidl_typesupport_fastrtps_c.h
[0.956s] -- Up-to-date: /home/felix/Documentos/LabRemo/Orchestrator/Labremoto/install/my_mas/include/my_mas/my_mas/srv/detail/load_file__rosidl_typesupport_fastrtps_c.h
[0.956s] -- Up-to-date: /home/felix/Documentos/LabRemo/Orchestrator/Labremoto/install/my_mas/include/my_mas/my_mas/action
[0.956s] -- Up-to-date: /home/felix/Documentos/LabRemo/Orchestrator/Labremoto/install/my_mas/include/my_mas/my_mas/action/detail
[0.957s] -- Up-to-date: /home/felix/Documentos/LabRemo/Orchestrator/Labremoto/install/my_mas/include/my_mas/my_mas/action/detail/cargahex__rosidl_typesupport_fastrtps_c.h
[0.957s] -- Up-to-date: /home/felix/Documentos/LabRemo/Orchestrator/Labremoto/install/my_mas/include/my_mas/my_mas/action/detail/carga_bit__rosidl_typesupport_fastrtps_c.h
[0.957s] -- Up-to-date: /home/felix/Documentos/LabRemo/Orchestrator/Labremoto/install/my_mas/include/my_mas/my_mas/action/detail/tranformvhdlbit__rosidl_typesupport_fastrtps_c.h
[0.957s] -- Up-to-date: /home/felix/Documentos/LabRemo/Orchestrator/Labremoto/install/my_mas/include/my_mas/my_mas/action/detail/fibonacci__rosidl_typesupport_fastrtps_c.h
[0.957s] -- Up-to-date: /home/felix/Documentos/LabRemo/Orchestrator/Labremoto/install/my_mas/include/my_mas/my_mas/msg
[0.957s] -- Up-to-date: /home/felix/Documentos/LabRemo/Orchestrator/Labremoto/install/my_mas/include/my_mas/my_mas/msg/rosidl_typesupport_fastrtps_c__visibility_control.h
[0.957s] -- Up-to-date: /home/felix/Documentos/LabRemo/Orchestrator/Labremoto/install/my_mas/include/my_mas/my_mas/msg/detail
[0.957s] -- Up-to-date: /home/felix/Documentos/LabRemo/Orchestrator/Labremoto/install/my_mas/include/my_mas/my_mas/msg/detail/trans_entrada__rosidl_typesupport_fastrtps_c.h
[0.957s] -- Up-to-date: /home/felix/Documentos/LabRemo/Orchestrator/Labremoto/install/my_mas/include/my_mas/my_mas/msg/detail/sensor_measurment__rosidl_typesupport_fastrtps_c.h
[0.957s] -- Up-to-date: /home/felix/Documentos/LabRemo/Orchestrator/Labremoto/install/my_mas/include/my_mas/my_mas/msg/detail/contrato__rosidl_typesupport_fastrtps_c.h
[0.957s] -- Up-to-date: /home/felix/Documentos/LabRemo/Orchestrator/Labremoto/install/my_mas/include/my_mas/my_mas/msg/detail/trans_global__rosidl_typesupport_fastrtps_c.h
[0.957s] -- Up-to-date: /home/felix/Documentos/LabRemo/Orchestrator/Labremoto/install/my_mas/include/my_mas/my_mas/msg/detail/log_salida__rosidl_typesupport_fastrtps_c.h
[0.957s] -- Up-to-date: /home/felix/Documentos/LabRemo/Orchestrator/Labremoto/install/my_mas/include/my_mas/my_mas/msg/detail/operacion__rosidl_typesupport_fastrtps_c.h
[0.958s] -- Up-to-date: /home/felix/Documentos/LabRemo/Orchestrator/Labremoto/install/my_mas/include/my_mas/my_mas/msg/detail/auditor__rosidl_typesupport_fastrtps_c.h
[0.958s] -- Up-to-date: /home/felix/Documentos/LabRemo/Orchestrator/Labremoto/install/my_mas/include/my_mas/my_mas/msg/detail/file_hex_load__rosidl_typesupport_fastrtps_c.h
[0.958s] -- Up-to-date: /home/felix/Documentos/LabRemo/Orchestrator/Labremoto/install/my_mas/include/my_mas/my_mas/msg/detail/bit_load__rosidl_typesupport_fastrtps_c.h
[0.958s] -- Up-to-date: /home/felix/Documentos/LabRemo/Orchestrator/Labremoto/install/my_mas/include/my_mas/my_mas/msg/detail/create_bit_stream__rosidl_typesupport_fastrtps_c.h
[0.958s] -- Up-to-date: /home/felix/Documentos/LabRemo/Orchestrator/Labremoto/install/my_mas/lib/libmy_mas__rosidl_typesupport_fastrtps_c.so
[0.958s] -- Up-to-date: /home/felix/Documentos/LabRemo/Orchestrator/Labremoto/install/my_mas/include/my_mas/my_mas
[0.958s] -- Up-to-date: /home/felix/Documentos/LabRemo/Orchestrator/Labremoto/install/my_mas/include/my_mas/my_mas/srv
[0.958s] -- Up-to-date: /home/felix/Documentos/LabRemo/Orchestrator/Labremoto/install/my_mas/include/my_mas/my_mas/srv/detail
[0.958s] -- Up-to-date: /home/felix/Documentos/LabRemo/Orchestrator/Labremoto/install/my_mas/include/my_mas/my_mas/srv/detail/load_filedb__type_support.c
[0.958s] -- Up-to-date: /home/felix/Documentos/LabRemo/Orchestrator/Labremoto/install/my_mas/include/my_mas/my_mas/srv/detail/load_file__rosidl_typesupport_introspection_c.h
[0.958s] -- Up-to-date: /home/felix/Documentos/LabRemo/Orchestrator/Labremoto/install/my_mas/include/my_mas/my_mas/srv/detail/load_file__type_support.c
[0.959s] -- Up-to-date: /home/felix/Documentos/LabRemo/Orchestrator/Labremoto/install/my_mas/include/my_mas/my_mas/srv/detail/load_filedb__rosidl_typesupport_introspection_c.h
[0.959s] -- Up-to-date: /home/felix/Documentos/LabRemo/Orchestrator/Labremoto/install/my_mas/include/my_mas/my_mas/action
[0.959s] -- Up-to-date: /home/felix/Documentos/LabRemo/Orchestrator/Labremoto/install/my_mas/include/my_mas/my_mas/action/detail
[0.959s] -- Up-to-date: /home/felix/Documentos/LabRemo/Orchestrator/Labremoto/install/my_mas/include/my_mas/my_mas/action/detail/tranformvhdlbit__type_support.c
[0.959s] -- Up-to-date: /home/felix/Documentos/LabRemo/Orchestrator/Labremoto/install/my_mas/include/my_mas/my_mas/action/detail/tranformvhdlbit__rosidl_typesupport_introspection_c.h
[0.959s] -- Up-to-date: /home/felix/Documentos/LabRemo/Orchestrator/Labremoto/install/my_mas/include/my_mas/my_mas/action/detail/cargahex__type_support.c
[0.959s] -- Up-to-date: /home/felix/Documentos/LabRemo/Orchestrator/Labremoto/install/my_mas/include/my_mas/my_mas/action/detail/fibonacci__type_support.c
[0.959s] -- Up-to-date: /home/felix/Documentos/LabRemo/Orchestrator/Labremoto/install/my_mas/include/my_mas/my_mas/action/detail/carga_bit__type_support.c
[0.959s] -- Up-to-date: /home/felix/Documentos/LabRemo/Orchestrator/Labremoto/install/my_mas/include/my_mas/my_mas/action/detail/carga_bit__rosidl_typesupport_introspection_c.h
[0.959s] -- Up-to-date: /home/felix/Documentos/LabRemo/Orchestrator/Labremoto/install/my_mas/include/my_mas/my_mas/action/detail/fibonacci__rosidl_typesupport_introspection_c.h
[0.959s] -- Up-to-date: /home/felix/Documentos/LabRemo/Orchestrator/Labremoto/install/my_mas/include/my_mas/my_mas/action/detail/cargahex__rosidl_typesupport_introspection_c.h
[0.959s] -- Up-to-date: /home/felix/Documentos/LabRemo/Orchestrator/Labremoto/install/my_mas/include/my_mas/my_mas/msg
[0.959s] -- Up-to-date: /home/felix/Documentos/LabRemo/Orchestrator/Labremoto/install/my_mas/include/my_mas/my_mas/msg/detail
[0.959s] -- Up-to-date: /home/felix/Documentos/LabRemo/Orchestrator/Labremoto/install/my_mas/include/my_mas/my_mas/msg/detail/trans_entrada__type_support.c
[0.960s] -- Up-to-date: /home/felix/Documentos/LabRemo/Orchestrator/Labremoto/install/my_mas/include/my_mas/my_mas/msg/detail/create_bit_stream__type_support.c
[0.960s] -- Up-to-date: /home/felix/Documentos/LabRemo/Orchestrator/Labremoto/install/my_mas/include/my_mas/my_mas/msg/detail/create_bit_stream__rosidl_typesupport_introspection_c.h
[0.960s] -- Up-to-date: /home/felix/Documentos/LabRemo/Orchestrator/Labremoto/install/my_mas/include/my_mas/my_mas/msg/detail/sensor_measurment__rosidl_typesupport_introspection_c.h
[0.960s] -- Up-to-date: /home/felix/Documentos/LabRemo/Orchestrator/Labremoto/install/my_mas/include/my_mas/my_mas/msg/detail/bit_load__type_support.c
[0.960s] -- Up-to-date: /home/felix/Documentos/LabRemo/Orchestrator/Labremoto/install/my_mas/include/my_mas/my_mas/msg/detail/trans_global__type_support.c
[0.960s] -- Up-to-date: /home/felix/Documentos/LabRemo/Orchestrator/Labremoto/install/my_mas/include/my_mas/my_mas/msg/detail/auditor__rosidl_typesupport_introspection_c.h
[0.960s] -- Up-to-date: /home/felix/Documentos/LabRemo/Orchestrator/Labremoto/install/my_mas/include/my_mas/my_mas/msg/detail/bit_load__rosidl_typesupport_introspection_c.h
[0.960s] -- Up-to-date: /home/felix/Documentos/LabRemo/Orchestrator/Labremoto/install/my_mas/include/my_mas/my_mas/msg/detail/log_salida__type_support.c
[0.960s] -- Up-to-date: /home/felix/Documentos/LabRemo/Orchestrator/Labremoto/install/my_mas/include/my_mas/my_mas/msg/detail/file_hex_load__type_support.c
[0.960s] -- Up-to-date: /home/felix/Documentos/LabRemo/Orchestrator/Labremoto/install/my_mas/include/my_mas/my_mas/msg/detail/operacion__type_support.c
[0.960s] -- Up-to-date: /home/felix/Documentos/LabRemo/Orchestrator/Labremoto/install/my_mas/include/my_mas/my_mas/msg/detail/contrato__rosidl_typesupport_introspection_c.h
[0.960s] -- Up-to-date: /home/felix/Documentos/LabRemo/Orchestrator/Labremoto/install/my_mas/include/my_mas/my_mas/msg/detail/operacion__rosidl_typesupport_introspection_c.h
[0.960s] -- Up-to-date: /home/felix/Documentos/LabRemo/Orchestrator/Labremoto/install/my_mas/include/my_mas/my_mas/msg/detail/contrato__type_support.c
[0.960s] -- Up-to-date: /home/felix/Documentos/LabRemo/Orchestrator/Labremoto/install/my_mas/include/my_mas/my_mas/msg/detail/trans_entrada__rosidl_typesupport_introspection_c.h
[0.961s] -- Up-to-date: /home/felix/Documentos/LabRemo/Orchestrator/Labremoto/install/my_mas/include/my_mas/my_mas/msg/detail/file_hex_load__rosidl_typesupport_introspection_c.h
[0.961s] -- Up-to-date: /home/felix/Documentos/LabRemo/Orchestrator/Labremoto/install/my_mas/include/my_mas/my_mas/msg/detail/sensor_measurment__type_support.c
[0.961s] -- Up-to-date: /home/felix/Documentos/LabRemo/Orchestrator/Labremoto/install/my_mas/include/my_mas/my_mas/msg/detail/log_salida__rosidl_typesupport_introspection_c.h
[0.961s] -- Up-to-date: /home/felix/Documentos/LabRemo/Orchestrator/Labremoto/install/my_mas/include/my_mas/my_mas/msg/detail/auditor__type_support.c
[0.961s] -- Up-to-date: /home/felix/Documentos/LabRemo/Orchestrator/Labremoto/install/my_mas/include/my_mas/my_mas/msg/detail/trans_global__rosidl_typesupport_introspection_c.h
[0.961s] -- Up-to-date: /home/felix/Documentos/LabRemo/Orchestrator/Labremoto/install/my_mas/include/my_mas/my_mas/msg/rosidl_typesupport_introspection_c__visibility_control.h
[0.961s] -- Up-to-date: /home/felix/Documentos/LabRemo/Orchestrator/Labremoto/install/my_mas/lib/libmy_mas__rosidl_typesupport_introspection_c.so
[0.961s] -- Up-to-date: /home/felix/Documentos/LabRemo/Orchestrator/Labremoto/install/my_mas/lib/libmy_mas__rosidl_typesupport_c.so
[0.961s] -- Up-to-date: /home/felix/Documentos/LabRemo/Orchestrator/Labremoto/install/my_mas/include/my_mas/my_mas
[0.961s] -- Up-to-date: /home/felix/Documentos/LabRemo/Orchestrator/Labremoto/install/my_mas/include/my_mas/my_mas/srv
[0.961s] -- Up-to-date: /home/felix/Documentos/LabRemo/Orchestrator/Labremoto/install/my_mas/include/my_mas/my_mas/srv/load_filedb.hpp
[0.961s] -- Up-to-date: /home/felix/Documentos/LabRemo/Orchestrator/Labremoto/install/my_mas/include/my_mas/my_mas/srv/detail
[0.961s] -- Up-to-date: /home/felix/Documentos/LabRemo/Orchestrator/Labremoto/install/my_mas/include/my_mas/my_mas/srv/detail/load_file__traits.hpp
[0.962s] -- Up-to-date: /home/felix/Documentos/LabRemo/Orchestrator/Labremoto/install/my_mas/include/my_mas/my_mas/srv/detail/load_filedb__struct.hpp
[0.962s] -- Up-to-date: /home/felix/Documentos/LabRemo/Orchestrator/Labremoto/install/my_mas/include/my_mas/my_mas/srv/detail/load_file__struct.hpp
[0.962s] -- Up-to-date: /home/felix/Documentos/LabRemo/Orchestrator/Labremoto/install/my_mas/include/my_mas/my_mas/srv/detail/load_filedb__builder.hpp
[0.962s] -- Up-to-date: /home/felix/Documentos/LabRemo/Orchestrator/Labremoto/install/my_mas/include/my_mas/my_mas/srv/detail/load_file__builder.hpp
[0.962s] -- Up-to-date: /home/felix/Documentos/LabRemo/Orchestrator/Labremoto/install/my_mas/include/my_mas/my_mas/srv/detail/load_filedb__traits.hpp
[0.962s] -- Up-to-date: /home/felix/Documentos/LabRemo/Orchestrator/Labremoto/install/my_mas/include/my_mas/my_mas/srv/load_file.hpp
[0.962s] -- Up-to-date: /home/felix/Documentos/LabRemo/Orchestrator/Labremoto/install/my_mas/include/my_mas/my_mas/action
[0.962s] -- Up-to-date: /home/felix/Documentos/LabRemo/Orchestrator/Labremoto/install/my_mas/include/my_mas/my_mas/action/cargahex.hpp
[0.962s] -- Up-to-date: /home/felix/Documentos/LabRemo/Orchestrator/Labremoto/install/my_mas/include/my_mas/my_mas/action/tranformvhdlbit.hpp
[0.962s] -- Up-to-date: /home/felix/Documentos/LabRemo/Orchestrator/Labremoto/install/my_mas/include/my_mas/my_mas/action/carga_bit.hpp
[0.962s] -- Up-to-date: /home/felix/Documentos/LabRemo/Orchestrator/Labremoto/install/my_mas/include/my_mas/my_mas/action/detail
[0.963s] -- Up-to-date: /home/felix/Documentos/LabRemo/Orchestrator/Labremoto/install/my_mas/include/my_mas/my_mas/action/detail/tranformvhdlbit__builder.hpp
[0.963s] -- Up-to-date: /home/felix/Documentos/LabRemo/Orchestrator/Labremoto/install/my_mas/include/my_mas/my_mas/action/detail/tranformvhdlbit__struct.hpp
[0.963s] -- Up-to-date: /home/felix/Documentos/LabRemo/Orchestrator/Labremoto/install/my_mas/include/my_mas/my_mas/action/detail/carga_bit__builder.hpp
[0.963s] -- Up-to-date: /home/felix/Documentos/LabRemo/Orchestrator/Labremoto/install/my_mas/include/my_mas/my_mas/action/detail/carga_bit__traits.hpp
[0.963s] -- Up-to-date: /home/felix/Documentos/LabRemo/Orchestrator/Labremoto/install/my_mas/include/my_mas/my_mas/action/detail/cargahex__traits.hpp
[0.963s] -- Up-to-date: /home/felix/Documentos/LabRemo/Orchestrator/Labremoto/install/my_mas/include/my_mas/my_mas/action/detail/fibonacci__traits.hpp
[0.963s] -- Up-to-date: /home/felix/Documentos/LabRemo/Orchestrator/Labremoto/install/my_mas/include/my_mas/my_mas/action/detail/carga_bit__struct.hpp
[0.963s] -- Up-to-date: /home/felix/Documentos/LabRemo/Orchestrator/Labremoto/install/my_mas/include/my_mas/my_mas/action/detail/fibonacci__builder.hpp
[0.963s] -- Up-to-date: /home/felix/Documentos/LabRemo/Orchestrator/Labremoto/install/my_mas/include/my_mas/my_mas/action/detail/fibonacci__struct.hpp
[0.963s] -- Up-to-date: /home/felix/Documentos/LabRemo/Orchestrator/Labremoto/install/my_mas/include/my_mas/my_mas/action/detail/cargahex__builder.hpp
[0.963s] -- Up-to-date: /home/felix/Documentos/LabRemo/Orchestrator/Labremoto/install/my_mas/include/my_mas/my_mas/action/detail/tranformvhdlbit__traits.hpp
[0.963s] -- Up-to-date: /home/felix/Documentos/LabRemo/Orchestrator/Labremoto/install/my_mas/include/my_mas/my_mas/action/detail/cargahex__struct.hpp
[0.963s] -- Up-to-date: /home/felix/Documentos/LabRemo/Orchestrator/Labremoto/install/my_mas/include/my_mas/my_mas/action/fibonacci.hpp
[0.963s] -- Up-to-date: /home/felix/Documentos/LabRemo/Orchestrator/Labremoto/install/my_mas/include/my_mas/my_mas/msg
[0.963s] -- Up-to-date: /home/felix/Documentos/LabRemo/Orchestrator/Labremoto/install/my_mas/include/my_mas/my_mas/msg/auditor.hpp
[0.963s] -- Up-to-date: /home/felix/Documentos/LabRemo/Orchestrator/Labremoto/install/my_mas/include/my_mas/my_mas/msg/operacion.hpp
[0.963s] -- Up-to-date: /home/felix/Documentos/LabRemo/Orchestrator/Labremoto/install/my_mas/include/my_mas/my_mas/msg/file_hex_load.hpp
[0.964s] -- Up-to-date: /home/felix/Documentos/LabRemo/Orchestrator/Labremoto/install/my_mas/include/my_mas/my_mas/msg/trans_global.hpp
[0.964s] -- Up-to-date: /home/felix/Documentos/LabRemo/Orchestrator/Labremoto/install/my_mas/include/my_mas/my_mas/msg/trans_entrada.hpp
[0.964s] -- Up-to-date: /home/felix/Documentos/LabRemo/Orchestrator/Labremoto/install/my_mas/include/my_mas/my_mas/msg/sensor_measurment.hpp
[0.964s] -- Up-to-date: /home/felix/Documentos/LabRemo/Orchestrator/Labremoto/install/my_mas/include/my_mas/my_mas/msg/create_bit_stream.hpp
[0.964s] -- Up-to-date: /home/felix/Documentos/LabRemo/Orchestrator/Labremoto/install/my_mas/include/my_mas/my_mas/msg/bit_load.hpp
[0.964s] -- Up-to-date: /home/felix/Documentos/LabRemo/Orchestrator/Labremoto/install/my_mas/include/my_mas/my_mas/msg/log_salida.hpp
[0.964s] -- Up-to-date: /home/felix/Documentos/LabRemo/Orchestrator/Labremoto/install/my_mas/include/my_mas/my_mas/msg/detail
[0.964s] -- Up-to-date: /home/felix/Documentos/LabRemo/Orchestrator/Labremoto/install/my_mas/include/my_mas/my_mas/msg/detail/create_bit_stream__struct.hpp
[0.964s] -- Up-to-date: /home/felix/Documentos/LabRemo/Orchestrator/Labremoto/install/my_mas/include/my_mas/my_mas/msg/detail/create_bit_stream__builder.hpp
[0.964s] -- Up-to-date: /home/felix/Documentos/LabRemo/Orchestrator/Labremoto/install/my_mas/include/my_mas/my_mas/msg/detail/bit_load__builder.hpp
[0.964s] -- Up-to-date: /home/felix/Documentos/LabRemo/Orchestrator/Labremoto/install/my_mas/include/my_mas/my_mas/msg/detail/file_hex_load__builder.hpp
[0.964s] -- Up-to-date: /home/felix/Documentos/LabRemo/Orchestrator/Labremoto/install/my_mas/include/my_mas/my_mas/msg/detail/operacion__struct.hpp
[0.964s] -- Up-to-date: /home/felix/Documentos/LabRemo/Orchestrator/Labremoto/install/my_mas/include/my_mas/my_mas/msg/detail/bit_load__traits.hpp
[0.964s] -- Up-to-date: /home/felix/Documentos/LabRemo/Orchestrator/Labremoto/install/my_mas/include/my_mas/my_mas/msg/detail/trans_global__struct.hpp
[0.964s] -- Up-to-date: /home/felix/Documentos/LabRemo/Orchestrator/Labremoto/install/my_mas/include/my_mas/my_mas/msg/detail/sensor_measurment__struct.hpp
[0.964s] -- Up-to-date: /home/felix/Documentos/LabRemo/Orchestrator/Labremoto/install/my_mas/include/my_mas/my_mas/msg/detail/trans_entrada__struct.hpp
[0.964s] -- Up-to-date: /home/felix/Documentos/LabRemo/Orchestrator/Labremoto/install/my_mas/include/my_mas/my_mas/msg/detail/sensor_measurment__builder.hpp
[0.965s] -- Up-to-date: /home/felix/Documentos/LabRemo/Orchestrator/Labremoto/install/my_mas/include/my_mas/my_mas/msg/detail/auditor__struct.hpp
[0.965s] -- Up-to-date: /home/felix/Documentos/LabRemo/Orchestrator/Labremoto/install/my_mas/include/my_mas/my_mas/msg/detail/contrato__struct.hpp
[0.965s] -- Up-to-date: /home/felix/Documentos/LabRemo/Orchestrator/Labremoto/install/my_mas/include/my_mas/my_mas/msg/detail/auditor__builder.hpp
[0.965s] -- Up-to-date: /home/felix/Documentos/LabRemo/Orchestrator/Labremoto/install/my_mas/include/my_mas/my_mas/msg/detail/file_hex_load__struct.hpp
[0.965s] -- Up-to-date: /home/felix/Documentos/LabRemo/Orchestrator/Labremoto/install/my_mas/include/my_mas/my_mas/msg/detail/log_salida__struct.hpp
[0.965s] -- Up-to-date: /home/felix/Documentos/LabRemo/Orchestrator/Labremoto/install/my_mas/include/my_mas/my_mas/msg/detail/operacion__traits.hpp
[0.965s] -- Up-to-date: /home/felix/Documentos/LabRemo/Orchestrator/Labremoto/install/my_mas/include/my_mas/my_mas/msg/detail/contrato__builder.hpp
[0.965s] -- Up-to-date: /home/felix/Documentos/LabRemo/Orchestrator/Labremoto/install/my_mas/include/my_mas/my_mas/msg/detail/create_bit_stream__traits.hpp
[0.965s] -- Up-to-date: /home/felix/Documentos/LabRemo/Orchestrator/Labremoto/install/my_mas/include/my_mas/my_mas/msg/detail/operacion__builder.hpp
[0.965s] -- Up-to-date: /home/felix/Documentos/LabRemo/Orchestrator/Labremoto/install/my_mas/include/my_mas/my_mas/msg/detail/trans_global__traits.hpp
[0.965s] -- Up-to-date: /home/felix/Documentos/LabRemo/Orchestrator/Labremoto/install/my_mas/include/my_mas/my_mas/msg/detail/log_salida__builder.hpp
[0.965s] -- Up-to-date: /home/felix/Documentos/LabRemo/Orchestrator/Labremoto/install/my_mas/include/my_mas/my_mas/msg/detail/file_hex_load__traits.hpp
[0.965s] -- Up-to-date: /home/felix/Documentos/LabRemo/Orchestrator/Labremoto/install/my_mas/include/my_mas/my_mas/msg/detail/contrato__traits.hpp
[0.965s] -- Up-to-date: /home/felix/Documentos/LabRemo/Orchestrator/Labremoto/install/my_mas/include/my_mas/my_mas/msg/detail/sensor_measurment__traits.hpp
[0.965s] -- Up-to-date: /home/felix/Documentos/LabRemo/Orchestrator/Labremoto/install/my_mas/include/my_mas/my_mas/msg/detail/log_salida__traits.hpp
[0.965s] -- Up-to-date: /home/felix/Documentos/LabRemo/Orchestrator/Labremoto/install/my_mas/include/my_mas/my_mas/msg/detail/auditor__traits.hpp
[0.965s] -- Up-to-date: /home/felix/Documentos/LabRemo/Orchestrator/Labremoto/install/my_mas/include/my_mas/my_mas/msg/detail/trans_global__builder.hpp
[0.966s] -- Up-to-date: /home/felix/Documentos/LabRemo/Orchestrator/Labremoto/install/my_mas/include/my_mas/my_mas/msg/detail/bit_load__struct.hpp
[0.966s] -- Up-to-date: /home/felix/Documentos/LabRemo/Orchestrator/Labremoto/install/my_mas/include/my_mas/my_mas/msg/detail/trans_entrada__builder.hpp
[0.966s] -- Up-to-date: /home/felix/Documentos/LabRemo/Orchestrator/Labremoto/install/my_mas/include/my_mas/my_mas/msg/detail/trans_entrada__traits.hpp
[0.966s] -- Up-to-date: /home/felix/Documentos/LabRemo/Orchestrator/Labremoto/install/my_mas/include/my_mas/my_mas/msg/contrato.hpp
[0.966s] -- Up-to-date: /home/felix/Documentos/LabRemo/Orchestrator/Labremoto/install/my_mas/include/my_mas/my_mas
[0.966s] -- Up-to-date: /home/felix/Documentos/LabRemo/Orchestrator/Labremoto/install/my_mas/include/my_mas/my_mas/srv
[0.966s] -- Up-to-date: /home/felix/Documentos/LabRemo/Orchestrator/Labremoto/install/my_mas/include/my_mas/my_mas/srv/detail
[0.966s] -- Up-to-date: /home/felix/Documentos/LabRemo/Orchestrator/Labremoto/install/my_mas/include/my_mas/my_mas/srv/detail/load_file__rosidl_typesupport_fastrtps_cpp.hpp
[0.966s] -- Up-to-date: /home/felix/Documentos/LabRemo/Orchestrator/Labremoto/install/my_mas/include/my_mas/my_mas/srv/detail/load_filedb__rosidl_typesupport_fastrtps_cpp.hpp
[0.966s] -- Up-to-date: /home/felix/Documentos/LabRemo/Orchestrator/Labremoto/install/my_mas/include/my_mas/my_mas/srv/detail/dds_fastrtps
[0.966s] -- Up-to-date: /home/felix/Documentos/LabRemo/Orchestrator/Labremoto/install/my_mas/include/my_mas/my_mas/action
[0.966s] -- Up-to-date: /home/felix/Documentos/LabRemo/Orchestrator/Labremoto/install/my_mas/include/my_mas/my_mas/action/detail
[0.966s] -- Up-to-date: /home/felix/Documentos/LabRemo/Orchestrator/Labremoto/install/my_mas/include/my_mas/my_mas/action/detail/fibonacci__rosidl_typesupport_fastrtps_cpp.hpp
[0.966s] -- Up-to-date: /home/felix/Documentos/LabRemo/Orchestrator/Labremoto/install/my_mas/include/my_mas/my_mas/action/detail/carga_bit__rosidl_typesupport_fastrtps_cpp.hpp
[0.966s] -- Up-to-date: /home/felix/Documentos/LabRemo/Orchestrator/Labremoto/install/my_mas/include/my_mas/my_mas/action/detail/cargahex__rosidl_typesupport_fastrtps_cpp.hpp
[0.966s] -- Up-to-date: /home/felix/Documentos/LabRemo/Orchestrator/Labremoto/install/my_mas/include/my_mas/my_mas/action/detail/tranformvhdlbit__rosidl_typesupport_fastrtps_cpp.hpp
[0.967s] -- Up-to-date: /home/felix/Documentos/LabRemo/Orchestrator/Labremoto/install/my_mas/include/my_mas/my_mas/action/detail/dds_fastrtps
[0.967s] -- Up-to-date: /home/felix/Documentos/LabRemo/Orchestrator/Labremoto/install/my_mas/include/my_mas/my_mas/msg
[0.967s] -- Up-to-date: /home/felix/Documentos/LabRemo/Orchestrator/Labremoto/install/my_mas/include/my_mas/my_mas/msg/rosidl_typesupport_fastrtps_cpp__visibility_control.h
[0.967s] -- Up-to-date: /home/felix/Documentos/LabRemo/Orchestrator/Labremoto/install/my_mas/include/my_mas/my_mas/msg/detail
[0.967s] -- Up-to-date: /home/felix/Documentos/LabRemo/Orchestrator/Labremoto/install/my_mas/include/my_mas/my_mas/msg/detail/trans_global__rosidl_typesupport_fastrtps_cpp.hpp
[0.967s] -- Up-to-date: /home/felix/Documentos/LabRemo/Orchestrator/Labremoto/install/my_mas/include/my_mas/my_mas/msg/detail/file_hex_load__rosidl_typesupport_fastrtps_cpp.hpp
[0.967s] -- Up-to-date: /home/felix/Documentos/LabRemo/Orchestrator/Labremoto/install/my_mas/include/my_mas/my_mas/msg/detail/sensor_measurment__rosidl_typesupport_fastrtps_cpp.hpp
[0.967s] -- Up-to-date: /home/felix/Documentos/LabRemo/Orchestrator/Labremoto/install/my_mas/include/my_mas/my_mas/msg/detail/log_salida__rosidl_typesupport_fastrtps_cpp.hpp
[0.967s] -- Up-to-date: /home/felix/Documentos/LabRemo/Orchestrator/Labremoto/install/my_mas/include/my_mas/my_mas/msg/detail/create_bit_stream__rosidl_typesupport_fastrtps_cpp.hpp
[0.967s] -- Up-to-date: /home/felix/Documentos/LabRemo/Orchestrator/Labremoto/install/my_mas/include/my_mas/my_mas/msg/detail/bit_load__rosidl_typesupport_fastrtps_cpp.hpp
[0.967s] -- Up-to-date: /home/felix/Documentos/LabRemo/Orchestrator/Labremoto/install/my_mas/include/my_mas/my_mas/msg/detail/auditor__rosidl_typesupport_fastrtps_cpp.hpp
[0.967s] -- Up-to-date: /home/felix/Documentos/LabRemo/Orchestrator/Labremoto/install/my_mas/include/my_mas/my_mas/msg/detail/dds_fastrtps
[0.967s] -- Up-to-date: /home/felix/Documentos/LabRemo/Orchestrator/Labremoto/install/my_mas/include/my_mas/my_mas/msg/detail/contrato__rosidl_typesupport_fastrtps_cpp.hpp
[0.967s] -- Up-to-date: /home/felix/Documentos/LabRemo/Orchestrator/Labremoto/install/my_mas/include/my_mas/my_mas/msg/detail/operacion__rosidl_typesupport_fastrtps_cpp.hpp
[0.967s] -- Up-to-date: /home/felix/Documentos/LabRemo/Orchestrator/Labremoto/install/my_mas/include/my_mas/my_mas/msg/detail/trans_entrada__rosidl_typesupport_fastrtps_cpp.hpp
[0.967s] -- Up-to-date: /home/felix/Documentos/LabRemo/Orchestrator/Labremoto/install/my_mas/lib/libmy_mas__rosidl_typesupport_fastrtps_cpp.so
[0.967s] -- Up-to-date: /home/felix/Documentos/LabRemo/Orchestrator/Labremoto/install/my_mas/include/my_mas/my_mas
[0.968s] -- Up-to-date: /home/felix/Documentos/LabRemo/Orchestrator/Labremoto/install/my_mas/include/my_mas/my_mas/srv
[0.968s] -- Up-to-date: /home/felix/Documentos/LabRemo/Orchestrator/Labremoto/install/my_mas/include/my_mas/my_mas/srv/detail
[0.968s] -- Up-to-date: /home/felix/Documentos/LabRemo/Orchestrator/Labremoto/install/my_mas/include/my_mas/my_mas/srv/detail/load_filedb__rosidl_typesupport_introspection_cpp.hpp
[0.968s] -- Up-to-date: /home/felix/Documentos/LabRemo/Orchestrator/Labremoto/install/my_mas/include/my_mas/my_mas/srv/detail/load_filedb__type_support.cpp
[0.968s] -- Up-to-date: /home/felix/Documentos/LabRemo/Orchestrator/Labremoto/install/my_mas/include/my_mas/my_mas/srv/detail/load_file__type_support.cpp
[0.968s] -- Up-to-date: /home/felix/Documentos/LabRemo/Orchestrator/Labremoto/install/my_mas/include/my_mas/my_mas/srv/detail/load_file__rosidl_typesupport_introspection_cpp.hpp
[0.968s] -- Up-to-date: /home/felix/Documentos/LabRemo/Orchestrator/Labremoto/install/my_mas/include/my_mas/my_mas/action
[0.968s] -- Up-to-date: /home/felix/Documentos/LabRemo/Orchestrator/Labremoto/install/my_mas/include/my_mas/my_mas/action/detail
[0.968s] -- Up-to-date: /home/felix/Documentos/LabRemo/Orchestrator/Labremoto/install/my_mas/include/my_mas/my_mas/action/detail/carga_bit__rosidl_typesupport_introspection_cpp.hpp
[0.968s] -- Up-to-date: /home/felix/Documentos/LabRemo/Orchestrator/Labremoto/install/my_mas/include/my_mas/my_mas/action/detail/tranformvhdlbit__type_support.cpp
[0.968s] -- Up-to-date: /home/felix/Documentos/LabRemo/Orchestrator/Labremoto/install/my_mas/include/my_mas/my_mas/action/detail/cargahex__rosidl_typesupport_introspection_cpp.hpp
[0.968s] -- Up-to-date: /home/felix/Documentos/LabRemo/Orchestrator/Labremoto/install/my_mas/include/my_mas/my_mas/action/detail/fibonacci__rosidl_typesupport_introspection_cpp.hpp
[0.968s] -- Up-to-date: /home/felix/Documentos/LabRemo/Orchestrator/Labremoto/install/my_mas/include/my_mas/my_mas/action/detail/carga_bit__type_support.cpp
[0.968s] -- Up-to-date: /home/felix/Documentos/LabRemo/Orchestrator/Labremoto/install/my_mas/include/my_mas/my_mas/action/detail/fibonacci__type_support.cpp
[0.968s] -- Up-to-date: /home/felix/Documentos/LabRemo/Orchestrator/Labremoto/install/my_mas/include/my_mas/my_mas/action/detail/tranformvhdlbit__rosidl_typesupport_introspection_cpp.hpp
[0.968s] -- Up-to-date: /home/felix/Documentos/LabRemo/Orchestrator/Labremoto/install/my_mas/include/my_mas/my_mas/action/detail/cargahex__type_support.cpp
[0.968s] -- Up-to-date: /home/felix/Documentos/LabRemo/Orchestrator/Labremoto/install/my_mas/include/my_mas/my_mas/msg
[0.969s] -- Up-to-date: /home/felix/Documentos/LabRemo/Orchestrator/Labremoto/install/my_mas/include/my_mas/my_mas/msg/detail
[0.969s] -- Up-to-date: /home/felix/Documentos/LabRemo/Orchestrator/Labremoto/install/my_mas/include/my_mas/my_mas/msg/detail/contrato__rosidl_typesupport_introspection_cpp.hpp
[0.969s] -- Up-to-date: /home/felix/Documentos/LabRemo/Orchestrator/Labremoto/install/my_mas/include/my_mas/my_mas/msg/detail/trans_global__type_support.cpp
[0.969s] -- Up-to-date: /home/felix/Documentos/LabRemo/Orchestrator/Labremoto/install/my_mas/include/my_mas/my_mas/msg/detail/sensor_measurment__rosidl_typesupport_introspection_cpp.hpp
[0.969s] -- Up-to-date: /home/felix/Documentos/LabRemo/Orchestrator/Labremoto/install/my_mas/include/my_mas/my_mas/msg/detail/bit_load__type_support.cpp
[0.969s] -- Up-to-date: /home/felix/Documentos/LabRemo/Orchestrator/Labremoto/install/my_mas/include/my_mas/my_mas/msg/detail/trans_entrada__type_support.cpp
[0.969s] -- Up-to-date: /home/felix/Documentos/LabRemo/Orchestrator/Labremoto/install/my_mas/include/my_mas/my_mas/msg/detail/create_bit_stream__type_support.cpp
[0.969s] -- Up-to-date: /home/felix/Documentos/LabRemo/Orchestrator/Labremoto/install/my_mas/include/my_mas/my_mas/msg/detail/operacion__type_support.cpp
[0.969s] -- Up-to-date: /home/felix/Documentos/LabRemo/Orchestrator/Labremoto/install/my_mas/include/my_mas/my_mas/msg/detail/log_salida__rosidl_typesupport_introspection_cpp.hpp
[0.969s] -- Up-to-date: /home/felix/Documentos/LabRemo/Orchestrator/Labremoto/install/my_mas/include/my_mas/my_mas/msg/detail/create_bit_stream__rosidl_typesupport_introspection_cpp.hpp
[0.969s] -- Up-to-date: /home/felix/Documentos/LabRemo/Orchestrator/Labremoto/install/my_mas/include/my_mas/my_mas/msg/detail/trans_global__rosidl_typesupport_introspection_cpp.hpp
[0.969s] -- Up-to-date: /home/felix/Documentos/LabRemo/Orchestrator/Labremoto/install/my_mas/include/my_mas/my_mas/msg/detail/trans_entrada__rosidl_typesupport_introspection_cpp.hpp
[0.969s] -- Up-to-date: /home/felix/Documentos/LabRemo/Orchestrator/Labremoto/install/my_mas/include/my_mas/my_mas/msg/detail/auditor__rosidl_typesupport_introspection_cpp.hpp
[0.969s] -- Up-to-date: /home/felix/Documentos/LabRemo/Orchestrator/Labremoto/install/my_mas/include/my_mas/my_mas/msg/detail/file_hex_load__type_support.cpp
[0.969s] -- Up-to-date: /home/felix/Documentos/LabRemo/Orchestrator/Labremoto/install/my_mas/include/my_mas/my_mas/msg/detail/log_salida__type_support.cpp
[0.969s] -- Up-to-date: /home/felix/Documentos/LabRemo/Orchestrator/Labremoto/install/my_mas/include/my_mas/my_mas/msg/detail/operacion__rosidl_typesupport_introspection_cpp.hpp
[0.970s] -- Up-to-date: /home/felix/Documentos/LabRemo/Orchestrator/Labremoto/install/my_mas/include/my_mas/my_mas/msg/detail/file_hex_load__rosidl_typesupport_introspection_cpp.hpp
[0.970s] -- Up-to-date: /home/felix/Documentos/LabRemo/Orchestrator/Labremoto/install/my_mas/include/my_mas/my_mas/msg/detail/auditor__type_support.cpp
[0.970s] -- Up-to-date: /home/felix/Documentos/LabRemo/Orchestrator/Labremoto/install/my_mas/include/my_mas/my_mas/msg/detail/sensor_measurment__type_support.cpp
[0.970s] -- Up-to-date: /home/felix/Documentos/LabRemo/Orchestrator/Labremoto/install/my_mas/include/my_mas/my_mas/msg/detail/contrato__type_support.cpp
[0.970s] -- Up-to-date: /home/felix/Documentos/LabRemo/Orchestrator/Labremoto/install/my_mas/include/my_mas/my_mas/msg/detail/bit_load__rosidl_typesupport_introspection_cpp.hpp
[0.970s] -- Up-to-date: /home/felix/Documentos/LabRemo/Orchestrator/Labremoto/install/my_mas/lib/libmy_mas__rosidl_typesupport_introspection_cpp.so
[0.970s] -- Up-to-date: /home/felix/Documentos/LabRemo/Orchestrator/Labremoto/install/my_mas/lib/libmy_mas__rosidl_typesupport_cpp.so
[0.970s] -- Up-to-date: /home/felix/Documentos/LabRemo/Orchestrator/Labremoto/install/my_mas/share/my_mas/environment/pythonpath.sh
[0.970s] -- Up-to-date: /home/felix/Documentos/LabRemo/Orchestrator/Labremoto/install/my_mas/share/my_mas/environment/pythonpath.dsv
[0.970s] -- Up-to-date: /home/felix/Documentos/LabRemo/Orchestrator/Labremoto/install/my_mas/local/lib/python3.10/dist-packages/my_mas-0.0.0-py3.10.egg-info
[0.970s] -- Installing: /home/felix/Documentos/LabRemo/Orchestrator/Labremoto/install/my_mas/local/lib/python3.10/dist-packages/my_mas-0.0.0-py3.10.egg-info/PKG-INFO
[0.970s] -- Installing: /home/felix/Documentos/LabRemo/Orchestrator/Labremoto/install/my_mas/local/lib/python3.10/dist-packages/my_mas-0.0.0-py3.10.egg-info/SOURCES.txt
[0.970s] -- Installing: /home/felix/Documentos/LabRemo/Orchestrator/Labremoto/install/my_mas/local/lib/python3.10/dist-packages/my_mas-0.0.0-py3.10.egg-info/top_level.txt
[0.970s] -- Installing: /home/felix/Documentos/LabRemo/Orchestrator/Labremoto/install/my_mas/local/lib/python3.10/dist-packages/my_mas-0.0.0-py3.10.egg-info/dependency_links.txt
[0.970s] -- Up-to-date: /home/felix/Documentos/LabRemo/Orchestrator/Labremoto/install/my_mas/local/lib/python3.10/dist-packages/my_mas
[0.970s] -- Up-to-date: /home/felix/Documentos/LabRemo/Orchestrator/Labremoto/install/my_mas/local/lib/python3.10/dist-packages/my_mas/libmy_mas__rosidl_generator_py.so
[0.970s] -- Up-to-date: /home/felix/Documentos/LabRemo/Orchestrator/Labremoto/install/my_mas/local/lib/python3.10/dist-packages/my_mas/__init__.py
[0.971s] -- Up-to-date: /home/felix/Documentos/LabRemo/Orchestrator/Labremoto/install/my_mas/local/lib/python3.10/dist-packages/my_mas/_my_mas_s.ep.rosidl_typesupport_introspection_c.c
[0.971s] -- Up-to-date: /home/felix/Documentos/LabRemo/Orchestrator/Labremoto/install/my_mas/local/lib/python3.10/dist-packages/my_mas/my_mas_s__rosidl_typesupport_introspection_c.cpython-310-x86_64-linux-gnu.so
[0.971s] -- Up-to-date: /home/felix/Documentos/LabRemo/Orchestrator/Labremoto/install/my_mas/local/lib/python3.10/dist-packages/my_mas/srv
[0.971s] -- Up-to-date: /home/felix/Documentos/LabRemo/Orchestrator/Labremoto/install/my_mas/local/lib/python3.10/dist-packages/my_mas/srv/__init__.py
[0.971s] -- Up-to-date: /home/felix/Documentos/LabRemo/Orchestrator/Labremoto/install/my_mas/local/lib/python3.10/dist-packages/my_mas/srv/_load_filedb.py
[0.971s] -- Up-to-date: /home/felix/Documentos/LabRemo/Orchestrator/Labremoto/install/my_mas/local/lib/python3.10/dist-packages/my_mas/srv/_load_file.py
[0.971s] -- Up-to-date: /home/felix/Documentos/LabRemo/Orchestrator/Labremoto/install/my_mas/local/lib/python3.10/dist-packages/my_mas/srv/_load_filedb_s.c
[0.971s] -- Up-to-date: /home/felix/Documentos/LabRemo/Orchestrator/Labremoto/install/my_mas/local/lib/python3.10/dist-packages/my_mas/srv/_load_file_s.c
[0.971s] -- Up-to-date: /home/felix/Documentos/LabRemo/Orchestrator/Labremoto/install/my_mas/local/lib/python3.10/dist-packages/my_mas/_my_mas_s.ep.rosidl_typesupport_c.c
[0.971s] -- Up-to-date: /home/felix/Documentos/LabRemo/Orchestrator/Labremoto/install/my_mas/local/lib/python3.10/dist-packages/my_mas/action
[0.971s] -- Up-to-date: /home/felix/Documentos/LabRemo/Orchestrator/Labremoto/install/my_mas/local/lib/python3.10/dist-packages/my_mas/action/_carga_bit.py
[0.971s] -- Up-to-date: /home/felix/Documentos/LabRemo/Orchestrator/Labremoto/install/my_mas/local/lib/python3.10/dist-packages/my_mas/action/_fibonacci.py
[0.971s] -- Up-to-date: /home/felix/Documentos/LabRemo/Orchestrator/Labremoto/install/my_mas/local/lib/python3.10/dist-packages/my_mas/action/_cargahex_s.c
[0.971s] -- Up-to-date: /home/felix/Documentos/LabRemo/Orchestrator/Labremoto/install/my_mas/local/lib/python3.10/dist-packages/my_mas/action/__init__.py
[0.971s] -- Up-to-date: /home/felix/Documentos/LabRemo/Orchestrator/Labremoto/install/my_mas/local/lib/python3.10/dist-packages/my_mas/action/_carga_bit_s.c
[0.971s] -- Up-to-date: /home/felix/Documentos/LabRemo/Orchestrator/Labremoto/install/my_mas/local/lib/python3.10/dist-packages/my_mas/action/_fibonacci_s.c
[0.971s] -- Up-to-date: /home/felix/Documentos/LabRemo/Orchestrator/Labremoto/install/my_mas/local/lib/python3.10/dist-packages/my_mas/action/_cargahex.py
[0.972s] -- Up-to-date: /home/felix/Documentos/LabRemo/Orchestrator/Labremoto/install/my_mas/local/lib/python3.10/dist-packages/my_mas/action/_tranformvhdlbit.py
[0.972s] -- Up-to-date: /home/felix/Documentos/LabRemo/Orchestrator/Labremoto/install/my_mas/local/lib/python3.10/dist-packages/my_mas/action/_tranformvhdlbit_s.c
[0.972s] -- Up-to-date: /home/felix/Documentos/LabRemo/Orchestrator/Labremoto/install/my_mas/local/lib/python3.10/dist-packages/my_mas/msg
[0.972s] -- Up-to-date: /home/felix/Documentos/LabRemo/Orchestrator/Labremoto/install/my_mas/local/lib/python3.10/dist-packages/my_mas/msg/_sensor_measurment.py
[0.972s] -- Up-to-date: /home/felix/Documentos/LabRemo/Orchestrator/Labremoto/install/my_mas/local/lib/python3.10/dist-packages/my_mas/msg/_trans_global_s.c
[0.972s] -- Up-to-date: /home/felix/Documentos/LabRemo/Orchestrator/Labremoto/install/my_mas/local/lib/python3.10/dist-packages/my_mas/msg/_bit_load.py
[0.972s] -- Up-to-date: /home/felix/Documentos/LabRemo/Orchestrator/Labremoto/install/my_mas/local/lib/python3.10/dist-packages/my_mas/msg/__init__.py
[0.972s] -- Up-to-date: /home/felix/Documentos/LabRemo/Orchestrator/Labremoto/install/my_mas/local/lib/python3.10/dist-packages/my_mas/msg/_file_hex_load_s.c
[0.972s] -- Up-to-date: /home/felix/Documentos/LabRemo/Orchestrator/Labremoto/install/my_mas/local/lib/python3.10/dist-packages/my_mas/msg/_operacion.py
[0.972s] -- Up-to-date: /home/felix/Documentos/LabRemo/Orchestrator/Labremoto/install/my_mas/local/lib/python3.10/dist-packages/my_mas/msg/_contrato.py
[0.972s] -- Up-to-date: /home/felix/Documentos/LabRemo/Orchestrator/Labremoto/install/my_mas/local/lib/python3.10/dist-packages/my_mas/msg/_file_hex_load.py
[0.972s] -- Up-to-date: /home/felix/Documentos/LabRemo/Orchestrator/Labremoto/install/my_mas/local/lib/python3.10/dist-packages/my_mas/msg/_bit_load_s.c
[0.972s] -- Up-to-date: /home/felix/Documentos/LabRemo/Orchestrator/Labremoto/install/my_mas/local/lib/python3.10/dist-packages/my_mas/msg/_operacion_s.c
[0.972s] -- Up-to-date: /home/felix/Documentos/LabRemo/Orchestrator/Labremoto/install/my_mas/local/lib/python3.10/dist-packages/my_mas/msg/_auditor_s.c
[0.972s] -- Up-to-date: /home/felix/Documentos/LabRemo/Orchestrator/Labremoto/install/my_mas/local/lib/python3.10/dist-packages/my_mas/msg/_auditor.py
[0.972s] -- Up-to-date: /home/felix/Documentos/LabRemo/Orchestrator/Labremoto/install/my_mas/local/lib/python3.10/dist-packages/my_mas/msg/_trans_entrada_s.c
[0.972s] -- Up-to-date: /home/felix/Documentos/LabRemo/Orchestrator/Labremoto/install/my_mas/local/lib/python3.10/dist-packages/my_mas/msg/_log_salida.py
[0.973s] -- Up-to-date: /home/felix/Documentos/LabRemo/Orchestrator/Labremoto/install/my_mas/local/lib/python3.10/dist-packages/my_mas/msg/_log_salida_s.c
[0.973s] -- Up-to-date: /home/felix/Documentos/LabRemo/Orchestrator/Labremoto/install/my_mas/local/lib/python3.10/dist-packages/my_mas/msg/_contrato_s.c
[0.973s] -- Up-to-date: /home/felix/Documentos/LabRemo/Orchestrator/Labremoto/install/my_mas/local/lib/python3.10/dist-packages/my_mas/msg/_trans_entrada.py
[0.973s] -- Up-to-date: /home/felix/Documentos/LabRemo/Orchestrator/Labremoto/install/my_mas/local/lib/python3.10/dist-packages/my_mas/msg/_create_bit_stream_s.c
[0.973s] -- Up-to-date: /home/felix/Documentos/LabRemo/Orchestrator/Labremoto/install/my_mas/local/lib/python3.10/dist-packages/my_mas/msg/_trans_global.py
[0.973s] -- Up-to-date: /home/felix/Documentos/LabRemo/Orchestrator/Labremoto/install/my_mas/local/lib/python3.10/dist-packages/my_mas/msg/_sensor_measurment_s.c
[0.973s] -- Up-to-date: /home/felix/Documentos/LabRemo/Orchestrator/Labremoto/install/my_mas/local/lib/python3.10/dist-packages/my_mas/msg/_create_bit_stream.py
[0.973s] -- Up-to-date: /home/felix/Documentos/LabRemo/Orchestrator/Labremoto/install/my_mas/local/lib/python3.10/dist-packages/my_mas/my_mas_s__rosidl_typesupport_fastrtps_c.cpython-310-x86_64-linux-gnu.so
[0.973s] -- Up-to-date: /home/felix/Documentos/LabRemo/Orchestrator/Labremoto/install/my_mas/local/lib/python3.10/dist-packages/my_mas/_my_mas_s.ep.rosidl_typesupport_fastrtps_c.c
[0.973s] -- Up-to-date: /home/felix/Documentos/LabRemo/Orchestrator/Labremoto/install/my_mas/local/lib/python3.10/dist-packages/my_mas/my_mas_s__rosidl_typesupport_c.cpython-310-x86_64-linux-gnu.so
[0.993s] Listing '/home/felix/Documentos/LabRemo/Orchestrator/Labremoto/install/my_mas/local/lib/python3.10/dist-packages/my_mas'...
[0.993s] Listing '/home/felix/Documentos/LabRemo/Orchestrator/Labremoto/install/my_mas/local/lib/python3.10/dist-packages/my_mas/action'...
[0.993s] Listing '/home/felix/Documentos/LabRemo/Orchestrator/Labremoto/install/my_mas/local/lib/python3.10/dist-packages/my_mas/msg'...
[0.993s] Listing '/home/felix/Documentos/LabRemo/Orchestrator/Labremoto/install/my_mas/local/lib/python3.10/dist-packages/my_mas/srv'...
[0.998s] -- Up-to-date: /home/felix/Documentos/LabRemo/Orchestrator/Labremoto/install/my_mas/local/lib/python3.10/dist-packages/my_mas/my_mas_s__rosidl_typesupport_fastrtps_c.cpython-310-x86_64-linux-gnu.so
[0.998s] -- Up-to-date: /home/felix/Documentos/LabRemo/Orchestrator/Labremoto/install/my_mas/local/lib/python3.10/dist-packages/my_mas/my_mas_s__rosidl_typesupport_introspection_c.cpython-310-x86_64-linux-gnu.so
[0.998s] -- Up-to-date: /home/felix/Documentos/LabRemo/Orchestrator/Labremoto/install/my_mas/local/lib/python3.10/dist-packages/my_mas/my_mas_s__rosidl_typesupport_c.cpython-310-x86_64-linux-gnu.so
[0.998s] -- Up-to-date: /home/felix/Documentos/LabRemo/Orchestrator/Labremoto/install/my_mas/lib/libmy_mas__rosidl_generator_py.so
[0.998s] -- Up-to-date: /home/felix/Documentos/LabRemo/Orchestrator/Labremoto/install/my_mas/share/my_mas/msg/Operacion.idl
[0.999s] -- Up-to-date: /home/felix/Documentos/LabRemo/Orchestrator/Labremoto/install/my_mas/share/my_mas/msg/BitLoad.idl
[0.999s] -- Up-to-date: /home/felix/Documentos/LabRemo/Orchestrator/Labremoto/install/my_mas/share/my_mas/msg/CreateBitStream.idl
[0.999s] -- Up-to-date: /home/felix/Documentos/LabRemo/Orchestrator/Labremoto/install/my_mas/share/my_mas/msg/Auditor.idl
[0.999s] -- Up-to-date: /home/felix/Documentos/LabRemo/Orchestrator/Labremoto/install/my_mas/share/my_mas/msg/SensorMeasurment.idl
[0.999s] -- Up-to-date: /home/felix/Documentos/LabRemo/Orchestrator/Labremoto/install/my_mas/share/my_mas/msg/FileHexLoad.idl
[0.999s] -- Up-to-date: /home/felix/Documentos/LabRemo/Orchestrator/Labremoto/install/my_mas/share/my_mas/msg/TransGlobal.idl
[0.999s] -- Up-to-date: /home/felix/Documentos/LabRemo/Orchestrator/Labremoto/install/my_mas/share/my_mas/msg/Contrato.idl
[0.999s] -- Up-to-date: /home/felix/Documentos/LabRemo/Orchestrator/Labremoto/install/my_mas/share/my_mas/msg/TransEntrada.idl
[0.999s] -- Up-to-date: /home/felix/Documentos/LabRemo/Orchestrator/Labremoto/install/my_mas/share/my_mas/msg/LogSalida.idl
[0.999s] -- Up-to-date: /home/felix/Documentos/LabRemo/Orchestrator/Labremoto/install/my_mas/share/my_mas/srv/LoadFiledb.idl
[0.999s] -- Up-to-date: /home/felix/Documentos/LabRemo/Orchestrator/Labremoto/install/my_mas/share/my_mas/srv/LoadFile.idl
[1.000s] -- Up-to-date: /home/felix/Documentos/LabRemo/Orchestrator/Labremoto/install/my_mas/share/my_mas/action/Fibonacci.idl
[1.000s] -- Up-to-date: /home/felix/Documentos/LabRemo/Orchestrator/Labremoto/install/my_mas/share/my_mas/action/Cargahex.idl
[1.000s] -- Up-to-date: /home/felix/Documentos/LabRemo/Orchestrator/Labremoto/install/my_mas/share/my_mas/action/CargaBit.idl
[1.000s] -- Up-to-date: /home/felix/Documentos/LabRemo/Orchestrator/Labremoto/install/my_mas/share/my_mas/action/Tranformvhdlbit.idl
[1.000s] -- Up-to-date: /home/felix/Documentos/LabRemo/Orchestrator/Labremoto/install/my_mas/share/my_mas/msg/Operacion.msg
[1.000s] -- Up-to-date: /home/felix/Documentos/LabRemo/Orchestrator/Labremoto/install/my_mas/share/my_mas/msg/BitLoad.msg
[1.000s] -- Up-to-date: /home/felix/Documentos/LabRemo/Orchestrator/Labremoto/install/my_mas/share/my_mas/msg/CreateBitStream.msg
[1.000s] -- Up-to-date: /home/felix/Documentos/LabRemo/Orchestrator/Labremoto/install/my_mas/share/my_mas/msg/Auditor.msg
[1.000s] -- Up-to-date: /home/felix/Documentos/LabRemo/Orchestrator/Labremoto/install/my_mas/share/my_mas/msg/SensorMeasurment.msg
[1.000s] -- Up-to-date: /home/felix/Documentos/LabRemo/Orchestrator/Labremoto/install/my_mas/share/my_mas/msg/FileHexLoad.msg
[1.000s] -- Up-to-date: /home/felix/Documentos/LabRemo/Orchestrator/Labremoto/install/my_mas/share/my_mas/msg/TransGlobal.msg
[1.000s] -- Up-to-date: /home/felix/Documentos/LabRemo/Orchestrator/Labremoto/install/my_mas/share/my_mas/msg/Contrato.msg
[1.000s] -- Up-to-date: /home/felix/Documentos/LabRemo/Orchestrator/Labremoto/install/my_mas/share/my_mas/msg/TransEntrada.msg
[1.000s] -- Up-to-date: /home/felix/Documentos/LabRemo/Orchestrator/Labremoto/install/my_mas/share/my_mas/msg/LogSalida.msg
[1.001s] -- Up-to-date: /home/felix/Documentos/LabRemo/Orchestrator/Labremoto/install/my_mas/share/my_mas/srv/LoadFiledb.srv
[1.001s] -- Up-to-date: /home/felix/Documentos/LabRemo/Orchestrator/Labremoto/install/my_mas/share/my_mas/srv/LoadFiledb_Request.msg
[1.001s] -- Up-to-date: /home/felix/Documentos/LabRemo/Orchestrator/Labremoto/install/my_mas/share/my_mas/srv/LoadFiledb_Response.msg
[1.001s] -- Up-to-date: /home/felix/Documentos/LabRemo/Orchestrator/Labremoto/install/my_mas/share/my_mas/srv/LoadFile.srv
[1.001s] -- Up-to-date: /home/felix/Documentos/LabRemo/Orchestrator/Labremoto/install/my_mas/share/my_mas/srv/LoadFile_Request.msg
[1.001s] -- Up-to-date: /home/felix/Documentos/LabRemo/Orchestrator/Labremoto/install/my_mas/share/my_mas/srv/LoadFile_Response.msg
[1.001s] -- Up-to-date: /home/felix/Documentos/LabRemo/Orchestrator/Labremoto/install/my_mas/share/my_mas/action/Fibonacci.action
[1.001s] -- Up-to-date: /home/felix/Documentos/LabRemo/Orchestrator/Labremoto/install/my_mas/share/my_mas/action/Cargahex.action
[1.001s] -- Up-to-date: /home/felix/Documentos/LabRemo/Orchestrator/Labremoto/install/my_mas/share/my_mas/action/CargaBit.action
[1.001s] -- Up-to-date: /home/felix/Documentos/LabRemo/Orchestrator/Labremoto/install/my_mas/share/my_mas/action/Tranformvhdlbit.action
[1.001s] -- Up-to-date: /home/felix/Documentos/LabRemo/Orchestrator/Labremoto/install/my_mas/share/ament_index/resource_index/package_run_dependencies/my_mas
[1.001s] -- Up-to-date: /home/felix/Documentos/LabRemo/Orchestrator/Labremoto/install/my_mas/share/ament_index/resource_index/parent_prefix_path/my_mas
[1.002s] -- Up-to-date: /home/felix/Documentos/LabRemo/Orchestrator/Labremoto/install/my_mas/share/my_mas/environment/ament_prefix_path.sh
[1.002s] -- Up-to-date: /home/felix/Documentos/LabRemo/Orchestrator/Labremoto/install/my_mas/share/my_mas/environment/ament_prefix_path.dsv
[1.002s] -- Up-to-date: /home/felix/Documentos/LabRemo/Orchestrator/Labremoto/install/my_mas/share/my_mas/environment/path.sh
[1.002s] -- Up-to-date: /home/felix/Documentos/LabRemo/Orchestrator/Labremoto/install/my_mas/share/my_mas/environment/path.dsv
[1.002s] -- Up-to-date: /home/felix/Documentos/LabRemo/Orchestrator/Labremoto/install/my_mas/share/my_mas/local_setup.bash
[1.002s] -- Up-to-date: /home/felix/Documentos/LabRemo/Orchestrator/Labremoto/install/my_mas/share/my_mas/local_setup.sh
[1.002s] -- Up-to-date: /home/felix/Documentos/LabRemo/Orchestrator/Labremoto/install/my_mas/share/my_mas/local_setup.zsh
[1.002s] -- Up-to-date: /home/felix/Documentos/LabRemo/Orchestrator/Labremoto/install/my_mas/share/my_mas/local_setup.dsv
[1.002s] -- Installing: /home/felix/Documentos/LabRemo/Orchestrator/Labremoto/install/my_mas/share/my_mas/package.dsv
[1.002s] -- Up-to-date: /home/felix/Documentos/LabRemo/Orchestrator/Labremoto/install/my_mas/share/ament_index/resource_index/packages/my_mas
[1.002s] -- Up-to-date: /home/felix/Documentos/LabRemo/Orchestrator/Labremoto/install/my_mas/share/my_mas/cmake/export_my_mas__rosidl_generator_cExport.cmake
[1.002s] -- Up-to-date: /home/felix/Documentos/LabRemo/Orchestrator/Labremoto/install/my_mas/share/my_mas/cmake/export_my_mas__rosidl_generator_cExport-noconfig.cmake
[1.002s] -- Up-to-date: /home/felix/Documentos/LabRemo/Orchestrator/Labremoto/install/my_mas/share/my_mas/cmake/export_my_mas__rosidl_typesupport_fastrtps_cExport.cmake
[1.002s] -- Up-to-date: /home/felix/Documentos/LabRemo/Orchestrator/Labremoto/install/my_mas/share/my_mas/cmake/export_my_mas__rosidl_typesupport_fastrtps_cExport-noconfig.cmake
[1.003s] -- Up-to-date: /home/felix/Documentos/LabRemo/Orchestrator/Labremoto/install/my_mas/share/my_mas/cmake/my_mas__rosidl_typesupport_introspection_cExport.cmake
[1.003s] -- Up-to-date: /home/felix/Documentos/LabRemo/Orchestrator/Labremoto/install/my_mas/share/my_mas/cmake/my_mas__rosidl_typesupport_introspection_cExport-noconfig.cmake
[1.003s] -- Up-to-date: /home/felix/Documentos/LabRemo/Orchestrator/Labremoto/install/my_mas/share/my_mas/cmake/my_mas__rosidl_typesupport_cExport.cmake
[1.003s] -- Up-to-date: /home/felix/Documentos/LabRemo/Orchestrator/Labremoto/install/my_mas/share/my_mas/cmake/my_mas__rosidl_typesupport_cExport-noconfig.cmake
[1.003s] -- Up-to-date: /home/felix/Documentos/LabRemo/Orchestrator/Labremoto/install/my_mas/share/my_mas/cmake/export_my_mas__rosidl_generator_cppExport.cmake
[1.003s] -- Up-to-date: /home/felix/Documentos/LabRemo/Orchestrator/Labremoto/install/my_mas/share/my_mas/cmake/export_my_mas__rosidl_typesupport_fastrtps_cppExport.cmake
[1.003s] -- Up-to-date: /home/felix/Documentos/LabRemo/Orchestrator/Labremoto/install/my_mas/share/my_mas/cmake/export_my_mas__rosidl_typesupport_fastrtps_cppExport-noconfig.cmake
[1.003s] -- Up-to-date: /home/felix/Documentos/LabRemo/Orchestrator/Labremoto/install/my_mas/share/my_mas/cmake/my_mas__rosidl_typesupport_introspection_cppExport.cmake
[1.003s] -- Up-to-date: /home/felix/Documentos/LabRemo/Orchestrator/Labremoto/install/my_mas/share/my_mas/cmake/my_mas__rosidl_typesupport_introspection_cppExport-noconfig.cmake
[1.003s] -- Up-to-date: /home/felix/Documentos/LabRemo/Orchestrator/Labremoto/install/my_mas/share/my_mas/cmake/my_mas__rosidl_typesupport_cppExport.cmake
[1.003s] -- Up-to-date: /home/felix/Documentos/LabRemo/Orchestrator/Labremoto/install/my_mas/share/my_mas/cmake/my_mas__rosidl_typesupport_cppExport-noconfig.cmake
[1.003s] -- Up-to-date: /home/felix/Documentos/LabRemo/Orchestrator/Labremoto/install/my_mas/share/my_mas/cmake/export_my_mas__rosidl_generator_pyExport.cmake
[1.003s] -- Up-to-date: /home/felix/Documentos/LabRemo/Orchestrator/Labremoto/install/my_mas/share/my_mas/cmake/export_my_mas__rosidl_generator_pyExport-noconfig.cmake
[1.003s] -- Up-to-date: /home/felix/Documentos/LabRemo/Orchestrator/Labremoto/install/my_mas/share/my_mas/cmake/rosidl_cmake-extras.cmake
[1.004s] -- Up-to-date: /home/felix/Documentos/LabRemo/Orchestrator/Labremoto/install/my_mas/share/my_mas/cmake/ament_cmake_export_dependencies-extras.cmake
[1.004s] -- Up-to-date: /home/felix/Documentos/LabRemo/Orchestrator/Labremoto/install/my_mas/share/my_mas/cmake/ament_cmake_export_include_directories-extras.cmake
[1.004s] -- Up-to-date: /home/felix/Documentos/LabRemo/Orchestrator/Labremoto/install/my_mas/share/my_mas/cmake/ament_cmake_export_libraries-extras.cmake
[1.004s] -- Up-to-date: /home/felix/Documentos/LabRemo/Orchestrator/Labremoto/install/my_mas/share/my_mas/cmake/ament_cmake_export_targets-extras.cmake
[1.004s] -- Up-to-date: /home/felix/Documentos/LabRemo/Orchestrator/Labremoto/install/my_mas/share/my_mas/cmake/rosidl_cmake_export_typesupport_targets-extras.cmake
[1.004s] -- Up-to-date: /home/felix/Documentos/LabRemo/Orchestrator/Labremoto/install/my_mas/share/my_mas/cmake/rosidl_cmake_export_typesupport_libraries-extras.cmake
[1.004s] -- Up-to-date: /home/felix/Documentos/LabRemo/Orchestrator/Labremoto/install/my_mas/share/my_mas/cmake/my_masConfig.cmake
[1.004s] -- Up-to-date: /home/felix/Documentos/LabRemo/Orchestrator/Labremoto/install/my_mas/share/my_mas/cmake/my_masConfig-version.cmake
[1.004s] -- Up-to-date: /home/felix/Documentos/LabRemo/Orchestrator/Labremoto/install/my_mas/share/my_mas/package.xml
[1.007s] Invoked command in '/home/felix/Documentos/LabRemo/Orchestrator/Labremoto/build/my_mas' returned '0': CMAKE_PREFIX_PATH=${CMAKE_PREFIX_PATH}:/home/felix/Documentos/LabRemo/Orchestrator/Labremoto/install/py_pubsub:/home/felix/Documentos/LabRemo/Orchestrator/Labremoto/install/hardware:/opt/ros/humble CONDA_PROMPT_MODIFIER=(Labremoto) /usr/bin/cmake --install /home/felix/Documentos/LabRemo/Orchestrator/Labremoto/build/my_mas
