[0.507s] Invoking command in '/home/felix/Documentos/LabRemo/Orchestrator/Labremoto/src/py_pubsub': CONDA_PROMPT_MODIFIER=(Labremoto) PYTHONPATH=/home/felix/Documentos/LabRemo/Orchestrator/Labremoto/build/py_pubsub/prefix_override:/home/felix/Documentos/LabRemo/Orchestrator/Labremoto/install/py_pubsub/lib/python3.10/site-packages:${PYTHONPATH} /usr/bin/python3 -W ignore:setup.py install is deprecated setup.py egg_info --egg-base ../../build/py_pubsub build --build-base /home/felix/Documentos/LabRemo/Orchestrator/Labremoto/build/py_pubsub/build install --record /home/felix/Documentos/LabRemo/Orchestrator/Labremoto/build/py_pubsub/install.log --single-version-externally-managed install_data
[0.678s] running egg_info
[0.678s] writing ../../build/py_pubsub/py_pubsub.egg-info/PKG-INFO
[0.678s] writing dependency_links to ../../build/py_pubsub/py_pubsub.egg-info/dependency_links.txt
[0.679s] writing entry points to ../../build/py_pubsub/py_pubsub.egg-info/entry_points.txt
[0.679s] writing requirements to ../../build/py_pubsub/py_pubsub.egg-info/requires.txt
[0.679s] writing top-level names to ../../build/py_pubsub/py_pubsub.egg-info/top_level.txt
[0.680s] reading manifest file '../../build/py_pubsub/py_pubsub.egg-info/SOURCES.txt'
[0.682s] writing manifest file '../../build/py_pubsub/py_pubsub.egg-info/SOURCES.txt'
[0.682s] running build
[0.682s] running build_py
[0.683s] copying py_pubsub/token_dinamico.py -> /home/felix/Documentos/LabRemo/Orchestrator/Labremoto/build/py_pubsub/build/lib/py_pubsub
[0.683s] running install
[0.683s] running install_lib
[0.685s] copying /home/felix/Documentos/LabRemo/Orchestrator/Labremoto/build/py_pubsub/build/lib/py_pubsub/token_dinamico.py -> /home/felix/Documentos/LabRemo/Orchestrator/Labremoto/install/py_pubsub/lib/python3.10/site-packages/py_pubsub
[0.685s] byte-compiling /home/felix/Documentos/LabRemo/Orchestrator/Labremoto/install/py_pubsub/lib/python3.10/site-packages/py_pubsub/token_dinamico.py to token_dinamico.cpython-310.pyc
[0.686s] running install_data
[0.686s] running install_egg_info
[0.688s] removing '/home/felix/Documentos/LabRemo/Orchestrator/Labremoto/install/py_pubsub/lib/python3.10/site-packages/py_pubsub-0.0.0-py3.10.egg-info' (and everything under it)
[0.688s] Copying ../../build/py_pubsub/py_pubsub.egg-info to /home/felix/Documentos/LabRemo/Orchestrator/Labremoto/install/py_pubsub/lib/python3.10/site-packages/py_pubsub-0.0.0-py3.10.egg-info
[0.689s] running install_scripts
[0.711s] Installing admin_contratos script to /home/felix/Documentos/LabRemo/Orchestrator/Labremoto/install/py_pubsub/lib/py_pubsub
[0.711s] Installing admin_log_salida script to /home/felix/Documentos/LabRemo/Orchestrator/Labremoto/install/py_pubsub/lib/py_pubsub
[0.711s] Installing admin_transacciones script to /home/felix/Documentos/LabRemo/Orchestrator/Labremoto/install/py_pubsub/lib/py_pubsub
[0.712s] Installing admin_transacciones_entrada script to /home/felix/Documentos/LabRemo/Orchestrator/Labremoto/install/py_pubsub/lib/py_pubsub
[0.712s] Installing arduino_inf_cliente script to /home/felix/Documentos/LabRemo/Orchestrator/Labremoto/install/py_pubsub/lib/py_pubsub
[0.712s] Installing arduino_infrastructure script to /home/felix/Documentos/LabRemo/Orchestrator/Labremoto/install/py_pubsub/lib/py_pubsub
[0.712s] Installing auditor_transacciones script to /home/felix/Documentos/LabRemo/Orchestrator/Labremoto/install/py_pubsub/lib/py_pubsub
[0.712s] Installing publisher_prueba script to /home/felix/Documentos/LabRemo/Orchestrator/Labremoto/install/py_pubsub/lib/py_pubsub
[0.713s] Installing publisher_transentrada script to /home/felix/Documentos/LabRemo/Orchestrator/Labremoto/install/py_pubsub/lib/py_pubsub
[0.713s] Installing supervisor_operaciones script to /home/felix/Documentos/LabRemo/Orchestrator/Labremoto/install/py_pubsub/lib/py_pubsub
[0.713s] Installing token_dinamico script to /home/felix/Documentos/LabRemo/Orchestrator/Labremoto/install/py_pubsub/lib/py_pubsub
[0.713s] Installing transform_vhdl_bit script to /home/felix/Documentos/LabRemo/Orchestrator/Labremoto/install/py_pubsub/lib/py_pubsub
[0.713s] Installing vhdlbit_cliente script to /home/felix/Documentos/LabRemo/Orchestrator/Labremoto/install/py_pubsub/lib/py_pubsub
[0.713s] writing list of installed files to '/home/felix/Documentos/LabRemo/Orchestrator/Labremoto/build/py_pubsub/install.log'
[0.753s] Invoked command in '/home/felix/Documentos/LabRemo/Orchestrator/Labremoto/src/py_pubsub' returned '0': CONDA_PROMPT_MODIFIER=(Labremoto) PYTHONPATH=/home/felix/Documentos/LabRemo/Orchestrator/Labremoto/build/py_pubsub/prefix_override:/home/felix/Documentos/LabRemo/Orchestrator/Labremoto/install/py_pubsub/lib/python3.10/site-packages:${PYTHONPATH} /usr/bin/python3 -W ignore:setup.py install is deprecated setup.py egg_info --egg-base ../../build/py_pubsub build --build-base /home/felix/Documentos/LabRemo/Orchestrator/Labremoto/build/py_pubsub/build install --record /home/felix/Documentos/LabRemo/Orchestrator/Labremoto/build/py_pubsub/install.log --single-version-externally-managed install_data
