[0.003s] Invoking command in '/home/trabajo/LabRemo/Orchestrator/ros2_labremoto/build/my_mas': CMAKE_PREFIX_PATH=/opt/ros/humble LANG=en_US.UTF-8 /usr/bin/cmake --build /home/trabajo/LabRemo/Orchestrator/ros2_labremoto/build/my_mas -- -j1 -l1
[0.026s] Invoked command in '/home/trabajo/LabRemo/Orchestrator/ros2_labremoto/build/my_mas' returned '0': CMAKE_PREFIX_PATH=/opt/ros/humble LANG=en_US.UTF-8 /usr/bin/cmake --build /home/trabajo/LabRemo/Orchestrator/ros2_labremoto/build/my_mas -- -j1 -l1
[0.042s] Invoking command in '/home/trabajo/LabRemo/Orchestrator/ros2_labremoto/build/my_mas': CMAKE_PREFIX_PATH=/opt/ros/humble LANG=en_US.UTF-8 /usr/bin/cmake --install /home/trabajo/LabRemo/Orchestrator/ros2_labremoto/build/my_mas
[0.047s] -- Install configuration: ""
[0.047s] -- Up-to-date: /home/trabajo/LabRemo/Orchestrator/ros2_labremoto/install/my_mas/share/ament_index/resource_index/package_run_dependencies/my_mas
[0.047s] -- Up-to-date: /home/trabajo/LabRemo/Orchestrator/ros2_labremoto/install/my_mas/share/ament_index/resource_index/parent_prefix_path/my_mas
[0.047s] -- Up-to-date: /home/trabajo/LabRemo/Orchestrator/ros2_labremoto/install/my_mas/share/my_mas/environment/ament_prefix_path.sh
[0.047s] -- Up-to-date: /home/trabajo/LabRemo/Orchestrator/ros2_labremoto/install/my_mas/share/my_mas/environment/ament_prefix_path.dsv
[0.047s] -- Up-to-date: /home/trabajo/LabRemo/Orchestrator/ros2_labremoto/install/my_mas/share/my_mas/environment/path.sh
[0.047s] -- Up-to-date: /home/trabajo/LabRemo/Orchestrator/ros2_labremoto/install/my_mas/share/my_mas/environment/path.dsv
[0.047s] -- Up-to-date: /home/trabajo/LabRemo/Orchestrator/ros2_labremoto/install/my_mas/share/my_mas/local_setup.bash
[0.048s] -- Up-to-date: /home/trabajo/LabRemo/Orchestrator/ros2_labremoto/install/my_mas/share/my_mas/local_setup.sh
[0.048s] -- Up-to-date: /home/trabajo/LabRemo/Orchestrator/ros2_labremoto/install/my_mas/share/my_mas/local_setup.zsh
[0.048s] -- Up-to-date: /home/trabajo/LabRemo/Orchestrator/ros2_labremoto/install/my_mas/share/my_mas/local_setup.dsv
[0.048s] -- Up-to-date: /home/trabajo/LabRemo/Orchestrator/ros2_labremoto/install/my_mas/share/my_mas/package.dsv
[0.048s] -- Up-to-date: /home/trabajo/LabRemo/Orchestrator/ros2_labremoto/install/my_mas/share/ament_index/resource_index/packages/my_mas
[0.048s] -- Up-to-date: /home/trabajo/LabRemo/Orchestrator/ros2_labremoto/install/my_mas/share/my_mas/cmake/my_masConfig.cmake
[0.048s] -- Up-to-date: /home/trabajo/LabRemo/Orchestrator/ros2_labremoto/install/my_mas/share/my_mas/cmake/my_masConfig-version.cmake
[0.048s] -- Up-to-date: /home/trabajo/LabRemo/Orchestrator/ros2_labremoto/install/my_mas/share/my_mas/package.xml
[0.052s] Invoked command in '/home/trabajo/LabRemo/Orchestrator/ros2_labremoto/build/my_mas' returned '0': CMAKE_PREFIX_PATH=/opt/ros/humble LANG=en_US.UTF-8 /usr/bin/cmake --install /home/trabajo/LabRemo/Orchestrator/ros2_labremoto/build/my_mas
