[2.690s] Invoking command in '/home/ffelix07/Documents/LabRemo/Orchestrator/ros2_labremoto/src/hardware': PYTHONPATH=/home/ffelix07/Documents/LabRemo/Orchestrator/ros2_labremoto/build/hardware/prefix_override:/home/ffelix07/Documents/LabRemo/Orchestrator/ros2_labremoto/install/hardware/lib/python3.10/site-packages:${PYTHONPATH} /usr/bin/python3 setup.py egg_info --egg-base ../../build/hardware build --build-base /home/ffelix07/Documents/LabRemo/Orchestrator/ros2_labremoto/build/hardware/build install --record /home/ffelix07/Documents/LabRemo/Orchestrator/ros2_labremoto/build/hardware/install.log --single-version-externally-managed
[3.594s] running egg_info
[3.598s] writing ../../build/hardware/hardware.egg-info/PKG-INFO
[3.600s] writing dependency_links to ../../build/hardware/hardware.egg-info/dependency_links.txt
[3.602s] writing entry points to ../../build/hardware/hardware.egg-info/entry_points.txt
[3.605s] writing requirements to ../../build/hardware/hardware.egg-info/requires.txt
[3.607s] writing top-level names to ../../build/hardware/hardware.egg-info/top_level.txt
[3.610s] reading manifest file '../../build/hardware/hardware.egg-info/SOURCES.txt'
[3.613s] writing manifest file '../../build/hardware/hardware.egg-info/SOURCES.txt'
[3.614s] running build
[3.614s] running build_py
[3.616s] running install
[3.619s] running install_lib
[3.625s] running install_data
[3.627s] running install_egg_info
[3.633s] removing '/home/ffelix07/Documents/LabRemo/Orchestrator/ros2_labremoto/install/hardware/lib/python3.10/site-packages/hardware-0.0.0-py3.10.egg-info' (and everything under it)
[3.639s] Copying ../../build/hardware/hardware.egg-info to /home/ffelix07/Documents/LabRemo/Orchestrator/ros2_labremoto/install/hardware/lib/python3.10/site-packages/hardware-0.0.0-py3.10.egg-info
[3.644s] running install_scripts
[3.707s] writing list of installed files to '/home/ffelix07/Documents/LabRemo/Orchestrator/ros2_labremoto/build/hardware/install.log'
[3.879s] Invoked command in '/home/ffelix07/Documents/LabRemo/Orchestrator/ros2_labremoto/src/hardware' returned '0': PYTHONPATH=/home/ffelix07/Documents/LabRemo/Orchestrator/ros2_labremoto/build/hardware/prefix_override:/home/ffelix07/Documents/LabRemo/Orchestrator/ros2_labremoto/install/hardware/lib/python3.10/site-packages:${PYTHONPATH} /usr/bin/python3 setup.py egg_info --egg-base ../../build/hardware build --build-base /home/ffelix07/Documents/LabRemo/Orchestrator/ros2_labremoto/build/hardware/build install --record /home/ffelix07/Documents/LabRemo/Orchestrator/ros2_labremoto/build/hardware/install.log --single-version-externally-managed
