[3.672s] DEBUG:colcon:Command line arguments: ['/usr/bin/colcon', 'build']
[3.672s] DEBUG:colcon:Parsed command line arguments: Namespace(log_base=None, log_level=None, verb_name='build', build_base='build', install_base='install', merge_install=False, symlink_install=False, test_result_base=None, continue_on_error=False, executor='parallel', parallel_workers=4, event_handlers=None, ignore_user_meta=False, metas=['./colcon.meta'], base_paths=['.'], packages_ignore=None, packages_ignore_regex=None, paths=None, packages_up_to=None, packages_up_to_regex=None, packages_above=None, packages_above_and_dependencies=None, packages_above_depth=None, packages_select_by_dep=None, packages_skip_by_dep=None, packages_skip_up_to=None, packages_select_build_failed=False, packages_skip_build_finished=False, packages_select_test_failures=False, packages_skip_test_passed=False, packages_select=None, packages_skip=None, packages_select_regex=None, packages_skip_regex=None, packages_start=None, packages_end=None, allow_overriding=[], cmake_args=None, cmake_target=None, cmake_target_skip_unavailable=False, cmake_clean_cache=False, cmake_clean_first=False, cmake_force_configure=False, ament_cmake_args=None, catkin_cmake_args=None, catkin_skip_building_tests=False, verb_parser=<colcon_defaults.argument_parser.defaults.DefaultArgumentsDecorator object at 0x7fc8eea5fe50>, verb_extension=<colcon_core.verb.build.BuildVerb object at 0x7fc8eebdc6d0>, main=<bound method BuildVerb.main of <colcon_core.verb.build.BuildVerb object at 0x7fc8eebdc6d0>>)
[3.832s] Level 1:colcon.colcon_core.package_discovery:discover_packages(colcon_meta) check parameters
[3.832s] Level 1:colcon.colcon_core.package_discovery:discover_packages(recursive) check parameters
[3.832s] Level 1:colcon.colcon_core.package_discovery:discover_packages(ignore) check parameters
[3.832s] Level 1:colcon.colcon_core.package_discovery:discover_packages(path) check parameters
[3.833s] Level 1:colcon.colcon_core.package_discovery:discover_packages(colcon_meta) discover
[3.833s] Level 1:colcon.colcon_core.package_discovery:discover_packages(recursive) discover
[3.833s] INFO:colcon.colcon_core.package_discovery:Crawling recursively for packages in '/home/ffelix07/Documents/LabRemo/Orchestrator/ros2_labremoto'
[3.833s] Level 1:colcon.colcon_core.package_identification:_identify(.) by extensions ['ignore', 'ignore_ament_install']
[3.833s] Level 1:colcon.colcon_core.package_identification:_identify(.) by extension 'ignore'
[3.834s] Level 1:colcon.colcon_core.package_identification:_identify(.) by extension 'ignore_ament_install'
[3.834s] Level 1:colcon.colcon_core.package_identification:_identify(.) by extensions ['colcon_pkg']
[3.834s] Level 1:colcon.colcon_core.package_identification:_identify(.) by extension 'colcon_pkg'
[3.834s] Level 1:colcon.colcon_core.package_identification:_identify(.) by extensions ['colcon_meta']
[3.834s] Level 1:colcon.colcon_core.package_identification:_identify(.) by extension 'colcon_meta'
[3.834s] Level 1:colcon.colcon_core.package_identification:_identify(.) by extensions ['ros']
[3.834s] Level 1:colcon.colcon_core.package_identification:_identify(.) by extension 'ros'
[3.870s] Level 1:colcon.colcon_core.package_identification:_identify(.) by extensions ['cmake', 'python']
[3.870s] Level 1:colcon.colcon_core.package_identification:_identify(.) by extension 'cmake'
[3.871s] Level 1:colcon.colcon_core.package_identification:_identify(.) by extension 'python'
[3.871s] Level 1:colcon.colcon_core.package_identification:_identify(.) by extensions ['python_setup_py']
[3.871s] Level 1:colcon.colcon_core.package_identification:_identify(.) by extension 'python_setup_py'
[3.871s] Level 1:colcon.colcon_core.package_identification:_identify(build) by extensions ['ignore', 'ignore_ament_install']
[3.872s] Level 1:colcon.colcon_core.package_identification:_identify(build) by extension 'ignore'
[3.872s] Level 1:colcon.colcon_core.package_identification:_identify(build) ignored
[3.872s] Level 1:colcon.colcon_core.package_identification:_identify(install) by extensions ['ignore', 'ignore_ament_install']
[3.873s] Level 1:colcon.colcon_core.package_identification:_identify(install) by extension 'ignore'
[3.873s] Level 1:colcon.colcon_core.package_identification:_identify(install) ignored
[3.874s] Level 1:colcon.colcon_core.package_identification:_identify(log) by extensions ['ignore', 'ignore_ament_install']
[3.874s] Level 1:colcon.colcon_core.package_identification:_identify(log) by extension 'ignore'
[3.874s] Level 1:colcon.colcon_core.package_identification:_identify(log) ignored
[3.874s] Level 1:colcon.colcon_core.package_identification:_identify(src) by extensions ['ignore', 'ignore_ament_install']
[3.875s] Level 1:colcon.colcon_core.package_identification:_identify(src) by extension 'ignore'
[3.875s] Level 1:colcon.colcon_core.package_identification:_identify(src) by extension 'ignore_ament_install'
[3.875s] Level 1:colcon.colcon_core.package_identification:_identify(src) by extensions ['colcon_pkg']
[3.875s] Level 1:colcon.colcon_core.package_identification:_identify(src) by extension 'colcon_pkg'
[3.875s] Level 1:colcon.colcon_core.package_identification:_identify(src) by extensions ['colcon_meta']
[3.875s] Level 1:colcon.colcon_core.package_identification:_identify(src) by extension 'colcon_meta'
[3.876s] Level 1:colcon.colcon_core.package_identification:_identify(src) by extensions ['ros']
[3.876s] Level 1:colcon.colcon_core.package_identification:_identify(src) by extension 'ros'
[3.876s] Level 1:colcon.colcon_core.package_identification:_identify(src) by extensions ['cmake', 'python']
[3.876s] Level 1:colcon.colcon_core.package_identification:_identify(src) by extension 'cmake'
[3.876s] Level 1:colcon.colcon_core.package_identification:_identify(src) by extension 'python'
[3.876s] Level 1:colcon.colcon_core.package_identification:_identify(src) by extensions ['python_setup_py']
[3.876s] Level 1:colcon.colcon_core.package_identification:_identify(src) by extension 'python_setup_py'
[3.877s] Level 1:colcon.colcon_core.package_identification:_identify(src/build) by extensions ['ignore', 'ignore_ament_install']
[3.877s] Level 1:colcon.colcon_core.package_identification:_identify(src/build) by extension 'ignore'
[3.877s] Level 1:colcon.colcon_core.package_identification:_identify(src/build) ignored
[3.878s] Level 1:colcon.colcon_core.package_identification:_identify(src/examples) by extensions ['ignore', 'ignore_ament_install']
[3.878s] Level 1:colcon.colcon_core.package_identification:_identify(src/examples) by extension 'ignore'
[3.878s] Level 1:colcon.colcon_core.package_identification:_identify(src/examples) by extension 'ignore_ament_install'
[3.878s] Level 1:colcon.colcon_core.package_identification:_identify(src/examples) by extensions ['colcon_pkg']
[3.878s] Level 1:colcon.colcon_core.package_identification:_identify(src/examples) by extension 'colcon_pkg'
[3.879s] Level 1:colcon.colcon_core.package_identification:_identify(src/examples) by extensions ['colcon_meta']
[3.879s] Level 1:colcon.colcon_core.package_identification:_identify(src/examples) by extension 'colcon_meta'
[3.879s] Level 1:colcon.colcon_core.package_identification:_identify(src/examples) by extensions ['ros']
[3.879s] Level 1:colcon.colcon_core.package_identification:_identify(src/examples) by extension 'ros'
[3.879s] Level 1:colcon.colcon_core.package_identification:_identify(src/examples) by extensions ['cmake', 'python']
[3.879s] Level 1:colcon.colcon_core.package_identification:_identify(src/examples) by extension 'cmake'
[3.880s] Level 1:colcon.colcon_core.package_identification:_identify(src/examples) by extension 'python'
[3.880s] Level 1:colcon.colcon_core.package_identification:_identify(src/examples) by extensions ['python_setup_py']
[3.880s] Level 1:colcon.colcon_core.package_identification:_identify(src/examples) by extension 'python_setup_py'
[3.880s] Level 1:colcon.colcon_core.package_identification:_identify(src/hardware) by extensions ['ignore', 'ignore_ament_install']
[3.880s] Level 1:colcon.colcon_core.package_identification:_identify(src/hardware) by extension 'ignore'
[3.881s] Level 1:colcon.colcon_core.package_identification:_identify(src/hardware) by extension 'ignore_ament_install'
[3.881s] Level 1:colcon.colcon_core.package_identification:_identify(src/hardware) by extensions ['colcon_pkg']
[3.881s] Level 1:colcon.colcon_core.package_identification:_identify(src/hardware) by extension 'colcon_pkg'
[3.881s] Level 1:colcon.colcon_core.package_identification:_identify(src/hardware) by extensions ['colcon_meta']
[3.881s] Level 1:colcon.colcon_core.package_identification:_identify(src/hardware) by extension 'colcon_meta'
[3.881s] Level 1:colcon.colcon_core.package_identification:_identify(src/hardware) by extensions ['ros']
[3.881s] Level 1:colcon.colcon_core.package_identification:_identify(src/hardware) by extension 'ros'
[3.888s] DEBUG:colcon.colcon_core.package_identification:Package 'src/hardware' with type 'ros.ament_python' and name 'hardware'
[3.889s] Level 1:colcon.colcon_core.package_identification:_identify(src/install) by extensions ['ignore', 'ignore_ament_install']
[3.889s] Level 1:colcon.colcon_core.package_identification:_identify(src/install) by extension 'ignore'
[3.889s] Level 1:colcon.colcon_core.package_identification:_identify(src/install) ignored
[3.890s] Level 1:colcon.colcon_core.package_identification:_identify(src/log) by extensions ['ignore', 'ignore_ament_install']
[3.890s] Level 1:colcon.colcon_core.package_identification:_identify(src/log) by extension 'ignore'
[3.890s] Level 1:colcon.colcon_core.package_identification:_identify(src/log) ignored
[3.890s] Level 1:colcon.colcon_core.package_identification:_identify(src/my_mas) by extensions ['ignore', 'ignore_ament_install']
[3.891s] Level 1:colcon.colcon_core.package_identification:_identify(src/my_mas) by extension 'ignore'
[3.891s] Level 1:colcon.colcon_core.package_identification:_identify(src/my_mas) by extension 'ignore_ament_install'
[3.891s] Level 1:colcon.colcon_core.package_identification:_identify(src/my_mas) by extensions ['colcon_pkg']
[3.891s] Level 1:colcon.colcon_core.package_identification:_identify(src/my_mas) by extension 'colcon_pkg'
[3.891s] Level 1:colcon.colcon_core.package_identification:_identify(src/my_mas) by extensions ['colcon_meta']
[3.891s] Level 1:colcon.colcon_core.package_identification:_identify(src/my_mas) by extension 'colcon_meta'
[3.892s] Level 1:colcon.colcon_core.package_identification:_identify(src/my_mas) by extensions ['ros']
[3.892s] Level 1:colcon.colcon_core.package_identification:_identify(src/my_mas) by extension 'ros'
[3.894s] DEBUG:colcon.colcon_core.package_identification:Package 'src/my_mas' with type 'ros.ament_cmake' and name 'my_mas'
[3.895s] Level 1:colcon.colcon_core.package_identification:_identify(src/py_pubsub) by extensions ['ignore', 'ignore_ament_install']
[3.895s] Level 1:colcon.colcon_core.package_identification:_identify(src/py_pubsub) by extension 'ignore'
[3.895s] Level 1:colcon.colcon_core.package_identification:_identify(src/py_pubsub) by extension 'ignore_ament_install'
[3.895s] Level 1:colcon.colcon_core.package_identification:_identify(src/py_pubsub) by extensions ['colcon_pkg']
[3.895s] Level 1:colcon.colcon_core.package_identification:_identify(src/py_pubsub) by extension 'colcon_pkg'
[3.896s] Level 1:colcon.colcon_core.package_identification:_identify(src/py_pubsub) by extensions ['colcon_meta']
[3.896s] Level 1:colcon.colcon_core.package_identification:_identify(src/py_pubsub) by extension 'colcon_meta'
[3.896s] Level 1:colcon.colcon_core.package_identification:_identify(src/py_pubsub) by extensions ['ros']
[3.896s] Level 1:colcon.colcon_core.package_identification:_identify(src/py_pubsub) by extension 'ros'
[3.898s] DEBUG:colcon.colcon_core.package_identification:Package 'src/py_pubsub' with type 'ros.ament_python' and name 'py_pubsub'
[3.898s] Level 1:colcon.colcon_core.package_discovery:discover_packages(recursive) using defaults
[3.899s] Level 1:colcon.colcon_core.package_discovery:discover_packages(ignore) discover
[3.899s] Level 1:colcon.colcon_core.package_discovery:discover_packages(ignore) using defaults
[3.899s] Level 1:colcon.colcon_core.package_discovery:discover_packages(path) discover
[3.899s] Level 1:colcon.colcon_core.package_discovery:discover_packages(path) using defaults
[4.209s] Level 1:colcon.colcon_core.package_discovery:discover_packages(prefix_path) check parameters
[4.209s] Level 1:colcon.colcon_core.package_discovery:discover_packages(prefix_path) discover
[4.335s] DEBUG:colcon.colcon_installed_package_information.package_discovery:Found 185 installed packages in /opt/ros/humble
[4.338s] Level 1:colcon.colcon_core.package_discovery:discover_packages(prefix_path) using defaults
[4.597s] Level 5:colcon.colcon_core.verb:set package 'hardware' build argument 'cmake_args' from command line to 'None'
[4.597s] Level 5:colcon.colcon_core.verb:set package 'hardware' build argument 'cmake_target' from command line to 'None'
[4.597s] Level 5:colcon.colcon_core.verb:set package 'hardware' build argument 'cmake_target_skip_unavailable' from command line to 'False'
[4.597s] Level 5:colcon.colcon_core.verb:set package 'hardware' build argument 'cmake_clean_cache' from command line to 'False'
[4.598s] Level 5:colcon.colcon_core.verb:set package 'hardware' build argument 'cmake_clean_first' from command line to 'False'
[4.598s] Level 5:colcon.colcon_core.verb:set package 'hardware' build argument 'cmake_force_configure' from command line to 'False'
[4.598s] Level 5:colcon.colcon_core.verb:set package 'hardware' build argument 'ament_cmake_args' from command line to 'None'
[4.598s] Level 5:colcon.colcon_core.verb:set package 'hardware' build argument 'catkin_cmake_args' from command line to 'None'
[4.598s] Level 5:colcon.colcon_core.verb:set package 'hardware' build argument 'catkin_skip_building_tests' from command line to 'False'
[4.598s] DEBUG:colcon.colcon_core.verb:Building package 'hardware' with the following arguments: {'ament_cmake_args': None, 'build_base': '/home/ffelix07/Documents/LabRemo/Orchestrator/ros2_labremoto/build/hardware', 'catkin_cmake_args': None, 'catkin_skip_building_tests': False, 'cmake_args': None, 'cmake_clean_cache': False, 'cmake_clean_first': False, 'cmake_force_configure': False, 'cmake_target': None, 'cmake_target_skip_unavailable': False, 'install_base': '/home/ffelix07/Documents/LabRemo/Orchestrator/ros2_labremoto/install/hardware', 'merge_install': False, 'path': '/home/ffelix07/Documents/LabRemo/Orchestrator/ros2_labremoto/src/hardware', 'symlink_install': False, 'test_result_base': None}
[4.648s] Level 5:colcon.colcon_core.verb:set package 'my_mas' build argument 'cmake_args' from command line to 'None'
[4.648s] Level 5:colcon.colcon_core.verb:set package 'my_mas' build argument 'cmake_target' from command line to 'None'
[4.648s] Level 5:colcon.colcon_core.verb:set package 'my_mas' build argument 'cmake_target_skip_unavailable' from command line to 'False'
[4.648s] Level 5:colcon.colcon_core.verb:set package 'my_mas' build argument 'cmake_clean_cache' from command line to 'False'
[4.648s] Level 5:colcon.colcon_core.verb:set package 'my_mas' build argument 'cmake_clean_first' from command line to 'False'
[4.648s] Level 5:colcon.colcon_core.verb:set package 'my_mas' build argument 'cmake_force_configure' from command line to 'False'
[4.648s] Level 5:colcon.colcon_core.verb:set package 'my_mas' build argument 'ament_cmake_args' from command line to 'None'
[4.649s] Level 5:colcon.colcon_core.verb:set package 'my_mas' build argument 'catkin_cmake_args' from command line to 'None'
[4.649s] Level 5:colcon.colcon_core.verb:set package 'my_mas' build argument 'catkin_skip_building_tests' from command line to 'False'
[4.649s] DEBUG:colcon.colcon_core.verb:Building package 'my_mas' with the following arguments: {'ament_cmake_args': None, 'build_base': '/home/ffelix07/Documents/LabRemo/Orchestrator/ros2_labremoto/build/my_mas', 'catkin_cmake_args': None, 'catkin_skip_building_tests': False, 'cmake_args': None, 'cmake_clean_cache': False, 'cmake_clean_first': False, 'cmake_force_configure': False, 'cmake_target': None, 'cmake_target_skip_unavailable': False, 'install_base': '/home/ffelix07/Documents/LabRemo/Orchestrator/ros2_labremoto/install/my_mas', 'merge_install': False, 'path': '/home/ffelix07/Documents/LabRemo/Orchestrator/ros2_labremoto/src/my_mas', 'symlink_install': False, 'test_result_base': None}
[4.699s] Level 5:colcon.colcon_core.verb:set package 'py_pubsub' build argument 'cmake_args' from command line to 'None'
[4.699s] Level 5:colcon.colcon_core.verb:set package 'py_pubsub' build argument 'cmake_target' from command line to 'None'
[4.699s] Level 5:colcon.colcon_core.verb:set package 'py_pubsub' build argument 'cmake_target_skip_unavailable' from command line to 'False'
[4.699s] Level 5:colcon.colcon_core.verb:set package 'py_pubsub' build argument 'cmake_clean_cache' from command line to 'False'
[4.699s] Level 5:colcon.colcon_core.verb:set package 'py_pubsub' build argument 'cmake_clean_first' from command line to 'False'
[4.699s] Level 5:colcon.colcon_core.verb:set package 'py_pubsub' build argument 'cmake_force_configure' from command line to 'False'
[4.699s] Level 5:colcon.colcon_core.verb:set package 'py_pubsub' build argument 'ament_cmake_args' from command line to 'None'
[4.699s] Level 5:colcon.colcon_core.verb:set package 'py_pubsub' build argument 'catkin_cmake_args' from command line to 'None'
[4.699s] Level 5:colcon.colcon_core.verb:set package 'py_pubsub' build argument 'catkin_skip_building_tests' from command line to 'False'
[4.699s] DEBUG:colcon.colcon_core.verb:Building package 'py_pubsub' with the following arguments: {'ament_cmake_args': None, 'build_base': '/home/ffelix07/Documents/LabRemo/Orchestrator/ros2_labremoto/build/py_pubsub', 'catkin_cmake_args': None, 'catkin_skip_building_tests': False, 'cmake_args': None, 'cmake_clean_cache': False, 'cmake_clean_first': False, 'cmake_force_configure': False, 'cmake_target': None, 'cmake_target_skip_unavailable': False, 'install_base': '/home/ffelix07/Documents/LabRemo/Orchestrator/ros2_labremoto/install/py_pubsub', 'merge_install': False, 'path': '/home/ffelix07/Documents/LabRemo/Orchestrator/ros2_labremoto/src/py_pubsub', 'symlink_install': False, 'test_result_base': None}
[4.749s] INFO:colcon.colcon_core.executor:Executing jobs using 'parallel' executor
[4.801s] DEBUG:colcon.colcon_parallel_executor.executor.parallel:run_until_complete
[4.802s] INFO:colcon.colcon_ros.task.ament_cmake.build:Building ROS package in '/home/ffelix07/Documents/LabRemo/Orchestrator/ros2_labremoto/src/my_mas' with build type 'ament_cmake'
[4.803s] INFO:colcon.colcon_cmake.task.cmake.build:Building CMake package in '/home/ffelix07/Documents/LabRemo/Orchestrator/ros2_labremoto/src/my_mas'
[4.868s] INFO:colcon.colcon_core.plugin_system:Skipping extension 'colcon_core.shell.bat': Not used on non-Windows systems
[4.868s] INFO:colcon.colcon_core.shell:Skip shell extension 'powershell' for command environment: Not usable outside of PowerShell
[4.869s] DEBUG:colcon.colcon_core.shell:Skip shell extension 'dsv' for command environment
[4.985s] INFO:colcon.colcon_ros.task.ament_python.build:Building ROS package in '/home/ffelix07/Documents/LabRemo/Orchestrator/ros2_labremoto/src/hardware' with build type 'ament_python'
[4.986s] Level 1:colcon.colcon_core.shell:create_environment_hook('hardware', 'ament_prefix_path')
[5.057s] INFO:colcon.colcon_core.shell:Creating environment hook '/home/ffelix07/Documents/LabRemo/Orchestrator/ros2_labremoto/install/hardware/share/hardware/hook/ament_prefix_path.ps1'
[5.060s] INFO:colcon.colcon_core.shell:Creating environment descriptor '/home/ffelix07/Documents/LabRemo/Orchestrator/ros2_labremoto/install/hardware/share/hardware/hook/ament_prefix_path.dsv'
[5.061s] INFO:colcon.colcon_core.shell:Creating environment hook '/home/ffelix07/Documents/LabRemo/Orchestrator/ros2_labremoto/install/hardware/share/hardware/hook/ament_prefix_path.sh'
[5.117s] INFO:colcon.colcon_core.shell:Skip shell extension 'powershell' for command environment: Not usable outside of PowerShell
[5.117s] DEBUG:colcon.colcon_core.shell:Skip shell extension 'dsv' for command environment
[5.295s] DEBUG:colcon.colcon_core.event_handler.log_command:Invoking command in '/home/ffelix07/Documents/LabRemo/Orchestrator/ros2_labremoto/build/my_mas': CMAKE_PREFIX_PATH=/opt/ros/humble /usr/bin/cmake --build /home/ffelix07/Documents/LabRemo/Orchestrator/ros2_labremoto/build/my_mas -- -j4 -l4
[6.606s] INFO:colcon.colcon_core.task.python.build:Building Python package in '/home/ffelix07/Documents/LabRemo/Orchestrator/ros2_labremoto/src/hardware'
[6.696s] INFO:colcon.colcon_core.shell:Skip shell extension 'powershell' for command environment: Not usable outside of PowerShell
[6.697s] DEBUG:colcon.colcon_core.shell:Skip shell extension 'dsv' for command environment
[7.184s] DEBUG:colcon.colcon_core.event_handler.log_command:Invoked command in '/home/ffelix07/Documents/LabRemo/Orchestrator/ros2_labremoto/build/my_mas' returned '0': CMAKE_PREFIX_PATH=/opt/ros/humble /usr/bin/cmake --build /home/ffelix07/Documents/LabRemo/Orchestrator/ros2_labremoto/build/my_mas -- -j4 -l4
[7.854s] DEBUG:colcon.colcon_core.event_handler.log_command:Invoking command in '/home/ffelix07/Documents/LabRemo/Orchestrator/ros2_labremoto/build/my_mas': CMAKE_PREFIX_PATH=/opt/ros/humble /usr/bin/cmake --install /home/ffelix07/Documents/LabRemo/Orchestrator/ros2_labremoto/build/my_mas
[8.215s] Level 1:colcon.colcon_core.environment:create_environment_scripts_only(my_mas)
[8.229s] DEBUG:colcon.colcon_core.event_handler.log_command:Invoked command in '/home/ffelix07/Documents/LabRemo/Orchestrator/ros2_labremoto/build/my_mas' returned '0': CMAKE_PREFIX_PATH=/opt/ros/humble /usr/bin/cmake --install /home/ffelix07/Documents/LabRemo/Orchestrator/ros2_labremoto/build/my_mas
[8.314s] Level 1:colcon.colcon_core.environment:checking '/home/ffelix07/Documents/LabRemo/Orchestrator/ros2_labremoto/install/my_mas' for CMake module files
[8.317s] Level 1:colcon.colcon_core.environment:checking '/home/ffelix07/Documents/LabRemo/Orchestrator/ros2_labremoto/install/my_mas' for CMake config files
[8.319s] Level 1:colcon.colcon_core.shell:create_environment_hook('my_mas', 'cmake_prefix_path')
[8.414s] INFO:colcon.colcon_core.shell:Creating environment hook '/home/ffelix07/Documents/LabRemo/Orchestrator/ros2_labremoto/install/my_mas/share/my_mas/hook/cmake_prefix_path.ps1'
[8.416s] INFO:colcon.colcon_core.shell:Creating environment descriptor '/home/ffelix07/Documents/LabRemo/Orchestrator/ros2_labremoto/install/my_mas/share/my_mas/hook/cmake_prefix_path.dsv'
[8.417s] INFO:colcon.colcon_core.shell:Creating environment hook '/home/ffelix07/Documents/LabRemo/Orchestrator/ros2_labremoto/install/my_mas/share/my_mas/hook/cmake_prefix_path.sh'
[8.420s] Level 1:colcon.colcon_core.environment:checking '/home/ffelix07/Documents/LabRemo/Orchestrator/ros2_labremoto/install/my_mas/lib'
[8.420s] Level 1:colcon.colcon_core.shell:create_environment_hook('my_mas', 'ld_library_path_lib')
[8.493s] INFO:colcon.colcon_core.shell:Creating environment hook '/home/ffelix07/Documents/LabRemo/Orchestrator/ros2_labremoto/install/my_mas/share/my_mas/hook/ld_library_path_lib.ps1'
[8.495s] INFO:colcon.colcon_core.shell:Creating environment descriptor '/home/ffelix07/Documents/LabRemo/Orchestrator/ros2_labremoto/install/my_mas/share/my_mas/hook/ld_library_path_lib.dsv'
[8.496s] INFO:colcon.colcon_core.shell:Creating environment hook '/home/ffelix07/Documents/LabRemo/Orchestrator/ros2_labremoto/install/my_mas/share/my_mas/hook/ld_library_path_lib.sh'
[8.498s] Level 1:colcon.colcon_core.environment:checking '/home/ffelix07/Documents/LabRemo/Orchestrator/ros2_labremoto/install/my_mas/bin'
[8.498s] Level 1:colcon.colcon_core.environment:checking '/home/ffelix07/Documents/LabRemo/Orchestrator/ros2_labremoto/install/my_mas/lib/pkgconfig/my_mas.pc'
[8.499s] Level 1:colcon.colcon_core.environment:checking '/home/ffelix07/Documents/LabRemo/Orchestrator/ros2_labremoto/install/my_mas/lib/python3.10/site-packages'
[8.500s] Level 1:colcon.colcon_core.environment:checking '/home/ffelix07/Documents/LabRemo/Orchestrator/ros2_labremoto/install/my_mas/bin'
[8.583s] INFO:colcon.colcon_core.shell:Creating package script '/home/ffelix07/Documents/LabRemo/Orchestrator/ros2_labremoto/install/my_mas/share/my_mas/package.ps1'
[8.586s] INFO:colcon.colcon_core.shell:Creating package descriptor '/home/ffelix07/Documents/LabRemo/Orchestrator/ros2_labremoto/install/my_mas/share/my_mas/package.dsv'
[8.588s] INFO:colcon.colcon_core.shell:Creating package script '/home/ffelix07/Documents/LabRemo/Orchestrator/ros2_labremoto/install/my_mas/share/my_mas/package.sh'
[8.591s] INFO:colcon.colcon_core.shell:Creating package script '/home/ffelix07/Documents/LabRemo/Orchestrator/ros2_labremoto/install/my_mas/share/my_mas/package.bash'
[8.594s] INFO:colcon.colcon_core.shell:Creating package script '/home/ffelix07/Documents/LabRemo/Orchestrator/ros2_labremoto/install/my_mas/share/my_mas/package.zsh'
[8.597s] Level 1:colcon.colcon_core.environment:create_file_with_runtime_dependencies(/home/ffelix07/Documents/LabRemo/Orchestrator/ros2_labremoto/install/my_mas/share/colcon-core/packages/my_mas)
[8.615s] DEBUG:colcon.colcon_core.event_handler.log_command:Invoking command in '/home/ffelix07/Documents/LabRemo/Orchestrator/ros2_labremoto/src/hardware': PYTHONPATH=/home/ffelix07/Documents/LabRemo/Orchestrator/ros2_labremoto/build/hardware/prefix_override:/home/ffelix07/Documents/LabRemo/Orchestrator/ros2_labremoto/install/hardware/lib/python3.10/site-packages:${PYTHONPATH} /usr/bin/python3 setup.py egg_info --egg-base ../../build/hardware build --build-base /home/ffelix07/Documents/LabRemo/Orchestrator/ros2_labremoto/build/hardware/build install --record /home/ffelix07/Documents/LabRemo/Orchestrator/ros2_labremoto/build/hardware/install.log --single-version-externally-managed
[9.457s] Level 1:colcon.colcon_core.environment:create_environment_scripts_only(my_mas)
[9.550s] Level 1:colcon.colcon_core.environment:checking '/home/ffelix07/Documents/LabRemo/Orchestrator/ros2_labremoto/install/my_mas' for CMake module files
[9.553s] Level 1:colcon.colcon_core.environment:checking '/home/ffelix07/Documents/LabRemo/Orchestrator/ros2_labremoto/install/my_mas' for CMake config files
[9.555s] Level 1:colcon.colcon_core.shell:create_environment_hook('my_mas', 'cmake_prefix_path')
[9.632s] INFO:colcon.colcon_core.shell:Creating environment hook '/home/ffelix07/Documents/LabRemo/Orchestrator/ros2_labremoto/install/my_mas/share/my_mas/hook/cmake_prefix_path.ps1'
[9.634s] INFO:colcon.colcon_core.shell:Creating environment descriptor '/home/ffelix07/Documents/LabRemo/Orchestrator/ros2_labremoto/install/my_mas/share/my_mas/hook/cmake_prefix_path.dsv'
[9.635s] INFO:colcon.colcon_core.shell:Creating environment hook '/home/ffelix07/Documents/LabRemo/Orchestrator/ros2_labremoto/install/my_mas/share/my_mas/hook/cmake_prefix_path.sh'
[9.637s] Level 1:colcon.colcon_core.environment:checking '/home/ffelix07/Documents/LabRemo/Orchestrator/ros2_labremoto/install/my_mas/lib'
[9.638s] Level 1:colcon.colcon_core.shell:create_environment_hook('my_mas', 'ld_library_path_lib')
[9.741s] INFO:colcon.colcon_core.shell:Creating environment hook '/home/ffelix07/Documents/LabRemo/Orchestrator/ros2_labremoto/install/my_mas/share/my_mas/hook/ld_library_path_lib.ps1'
[9.743s] INFO:colcon.colcon_core.shell:Creating environment descriptor '/home/ffelix07/Documents/LabRemo/Orchestrator/ros2_labremoto/install/my_mas/share/my_mas/hook/ld_library_path_lib.dsv'
[9.745s] INFO:colcon.colcon_core.shell:Creating environment hook '/home/ffelix07/Documents/LabRemo/Orchestrator/ros2_labremoto/install/my_mas/share/my_mas/hook/ld_library_path_lib.sh'
[9.748s] Level 1:colcon.colcon_core.environment:checking '/home/ffelix07/Documents/LabRemo/Orchestrator/ros2_labremoto/install/my_mas/bin'
[9.749s] Level 1:colcon.colcon_core.environment:checking '/home/ffelix07/Documents/LabRemo/Orchestrator/ros2_labremoto/install/my_mas/lib/pkgconfig/my_mas.pc'
[9.750s] Level 1:colcon.colcon_core.environment:checking '/home/ffelix07/Documents/LabRemo/Orchestrator/ros2_labremoto/install/my_mas/lib/python3.10/site-packages'
[9.750s] Level 1:colcon.colcon_core.environment:checking '/home/ffelix07/Documents/LabRemo/Orchestrator/ros2_labremoto/install/my_mas/bin'
[9.856s] INFO:colcon.colcon_core.shell:Creating package script '/home/ffelix07/Documents/LabRemo/Orchestrator/ros2_labremoto/install/my_mas/share/my_mas/package.ps1'
[9.858s] INFO:colcon.colcon_core.shell:Creating package descriptor '/home/ffelix07/Documents/LabRemo/Orchestrator/ros2_labremoto/install/my_mas/share/my_mas/package.dsv'
[9.861s] INFO:colcon.colcon_core.shell:Creating package script '/home/ffelix07/Documents/LabRemo/Orchestrator/ros2_labremoto/install/my_mas/share/my_mas/package.sh'
[9.863s] INFO:colcon.colcon_core.shell:Creating package script '/home/ffelix07/Documents/LabRemo/Orchestrator/ros2_labremoto/install/my_mas/share/my_mas/package.bash'
[9.865s] INFO:colcon.colcon_core.shell:Creating package script '/home/ffelix07/Documents/LabRemo/Orchestrator/ros2_labremoto/install/my_mas/share/my_mas/package.zsh'
[9.867s] Level 1:colcon.colcon_core.environment:create_file_with_runtime_dependencies(/home/ffelix07/Documents/LabRemo/Orchestrator/ros2_labremoto/install/my_mas/share/colcon-core/packages/my_mas)
[9.869s] INFO:colcon.colcon_ros.task.ament_python.build:Building ROS package in '/home/ffelix07/Documents/LabRemo/Orchestrator/ros2_labremoto/src/py_pubsub' with build type 'ament_python'
[9.869s] Level 1:colcon.colcon_core.shell:create_environment_hook('py_pubsub', 'ament_prefix_path')
[10.006s] INFO:colcon.colcon_core.shell:Creating environment hook '/home/ffelix07/Documents/LabRemo/Orchestrator/ros2_labremoto/install/py_pubsub/share/py_pubsub/hook/ament_prefix_path.ps1'
[10.008s] INFO:colcon.colcon_core.shell:Creating environment descriptor '/home/ffelix07/Documents/LabRemo/Orchestrator/ros2_labremoto/install/py_pubsub/share/py_pubsub/hook/ament_prefix_path.dsv'
[10.009s] INFO:colcon.colcon_core.shell:Creating environment hook '/home/ffelix07/Documents/LabRemo/Orchestrator/ros2_labremoto/install/py_pubsub/share/py_pubsub/hook/ament_prefix_path.sh'
[10.098s] INFO:colcon.colcon_core.shell:Skip shell extension 'powershell' for command environment: Not usable outside of PowerShell
[10.098s] DEBUG:colcon.colcon_core.shell:Skip shell extension 'dsv' for command environment
[10.230s] DEBUG:colcon.colcon_core.event_handler.log_command:Invoked command in '/home/ffelix07/Documents/LabRemo/Orchestrator/ros2_labremoto/src/hardware' returned '0': PYTHONPATH=/home/ffelix07/Documents/LabRemo/Orchestrator/ros2_labremoto/build/hardware/prefix_override:/home/ffelix07/Documents/LabRemo/Orchestrator/ros2_labremoto/install/hardware/lib/python3.10/site-packages:${PYTHONPATH} /usr/bin/python3 setup.py egg_info --egg-base ../../build/hardware build --build-base /home/ffelix07/Documents/LabRemo/Orchestrator/ros2_labremoto/build/hardware/build install --record /home/ffelix07/Documents/LabRemo/Orchestrator/ros2_labremoto/build/hardware/install.log --single-version-externally-managed
[10.297s] Level 1:colcon.colcon_core.environment:checking '/home/ffelix07/Documents/LabRemo/Orchestrator/ros2_labremoto/install/hardware' for CMake module files
[10.298s] Level 1:colcon.colcon_core.environment:checking '/home/ffelix07/Documents/LabRemo/Orchestrator/ros2_labremoto/install/hardware' for CMake config files
[10.300s] Level 1:colcon.colcon_core.environment:checking '/home/ffelix07/Documents/LabRemo/Orchestrator/ros2_labremoto/install/hardware/lib'
[10.301s] Level 1:colcon.colcon_core.environment:checking '/home/ffelix07/Documents/LabRemo/Orchestrator/ros2_labremoto/install/hardware/bin'
[10.301s] Level 1:colcon.colcon_core.environment:checking '/home/ffelix07/Documents/LabRemo/Orchestrator/ros2_labremoto/install/hardware/lib/pkgconfig/hardware.pc'
[10.302s] Level 1:colcon.colcon_core.environment:checking '/home/ffelix07/Documents/LabRemo/Orchestrator/ros2_labremoto/install/hardware/lib/python3.10/site-packages'
[10.302s] Level 1:colcon.colcon_core.shell:create_environment_hook('hardware', 'pythonpath')
[10.353s] INFO:colcon.colcon_core.shell:Creating environment hook '/home/ffelix07/Documents/LabRemo/Orchestrator/ros2_labremoto/install/hardware/share/hardware/hook/pythonpath.ps1'
[10.354s] INFO:colcon.colcon_core.shell:Creating environment descriptor '/home/ffelix07/Documents/LabRemo/Orchestrator/ros2_labremoto/install/hardware/share/hardware/hook/pythonpath.dsv'
[10.356s] INFO:colcon.colcon_core.shell:Creating environment hook '/home/ffelix07/Documents/LabRemo/Orchestrator/ros2_labremoto/install/hardware/share/hardware/hook/pythonpath.sh'
[10.358s] Level 1:colcon.colcon_core.environment:checking '/home/ffelix07/Documents/LabRemo/Orchestrator/ros2_labremoto/install/hardware/bin'
[10.358s] Level 1:colcon.colcon_core.environment:create_environment_scripts_only(hardware)
[10.420s] INFO:colcon.colcon_core.shell:Creating package script '/home/ffelix07/Documents/LabRemo/Orchestrator/ros2_labremoto/install/hardware/share/hardware/package.ps1'
[10.422s] INFO:colcon.colcon_core.shell:Creating package descriptor '/home/ffelix07/Documents/LabRemo/Orchestrator/ros2_labremoto/install/hardware/share/hardware/package.dsv'
[10.424s] INFO:colcon.colcon_core.shell:Creating package script '/home/ffelix07/Documents/LabRemo/Orchestrator/ros2_labremoto/install/hardware/share/hardware/package.sh'
[10.425s] INFO:colcon.colcon_core.shell:Creating package script '/home/ffelix07/Documents/LabRemo/Orchestrator/ros2_labremoto/install/hardware/share/hardware/package.bash'
[10.427s] INFO:colcon.colcon_core.shell:Creating package script '/home/ffelix07/Documents/LabRemo/Orchestrator/ros2_labremoto/install/hardware/share/hardware/package.zsh'
[10.429s] Level 1:colcon.colcon_core.environment:create_file_with_runtime_dependencies(/home/ffelix07/Documents/LabRemo/Orchestrator/ros2_labremoto/install/hardware/share/colcon-core/packages/hardware)
[11.407s] INFO:colcon.colcon_core.task.python.build:Building Python package in '/home/ffelix07/Documents/LabRemo/Orchestrator/ros2_labremoto/src/py_pubsub'
[11.485s] INFO:colcon.colcon_core.shell:Skip shell extension 'powershell' for command environment: Not usable outside of PowerShell
[11.486s] DEBUG:colcon.colcon_core.shell:Skip shell extension 'dsv' for command environment
[12.972s] DEBUG:colcon.colcon_core.event_handler.log_command:Invoking command in '/home/ffelix07/Documents/LabRemo/Orchestrator/ros2_labremoto/src/py_pubsub': AMENT_PREFIX_PATH=/home/ffelix07/Documents/LabRemo/Orchestrator/ros2_labremoto/install/my_mas:${AMENT_PREFIX_PATH} CMAKE_PREFIX_PATH=/home/ffelix07/Documents/LabRemo/Orchestrator/ros2_labremoto/install/my_mas LD_LIBRARY_PATH=/home/ffelix07/Documents/LabRemo/Orchestrator/ros2_labremoto/install/my_mas/lib:${LD_LIBRARY_PATH} PYTHONPATH=/home/ffelix07/Documents/LabRemo/Orchestrator/ros2_labremoto/build/py_pubsub/prefix_override:/home/ffelix07/Documents/LabRemo/Orchestrator/ros2_labremoto/install/py_pubsub/lib/python3.10/site-packages:/home/ffelix07/Documents/LabRemo/Orchestrator/ros2_labremoto/install/my_mas/local/lib/python3.10/dist-packages:${PYTHONPATH} /usr/bin/python3 setup.py egg_info --egg-base ../../build/py_pubsub build --build-base /home/ffelix07/Documents/LabRemo/Orchestrator/ros2_labremoto/build/py_pubsub/build install --record /home/ffelix07/Documents/LabRemo/Orchestrator/ros2_labremoto/build/py_pubsub/install.log --single-version-externally-managed
[14.083s] DEBUG:colcon.colcon_core.event_handler.log_command:Invoked command in '/home/ffelix07/Documents/LabRemo/Orchestrator/ros2_labremoto/src/py_pubsub' returned '0': AMENT_PREFIX_PATH=/home/ffelix07/Documents/LabRemo/Orchestrator/ros2_labremoto/install/my_mas:${AMENT_PREFIX_PATH} CMAKE_PREFIX_PATH=/home/ffelix07/Documents/LabRemo/Orchestrator/ros2_labremoto/install/my_mas LD_LIBRARY_PATH=/home/ffelix07/Documents/LabRemo/Orchestrator/ros2_labremoto/install/my_mas/lib:${LD_LIBRARY_PATH} PYTHONPATH=/home/ffelix07/Documents/LabRemo/Orchestrator/ros2_labremoto/build/py_pubsub/prefix_override:/home/ffelix07/Documents/LabRemo/Orchestrator/ros2_labremoto/install/py_pubsub/lib/python3.10/site-packages:/home/ffelix07/Documents/LabRemo/Orchestrator/ros2_labremoto/install/my_mas/local/lib/python3.10/dist-packages:${PYTHONPATH} /usr/bin/python3 setup.py egg_info --egg-base ../../build/py_pubsub build --build-base /home/ffelix07/Documents/LabRemo/Orchestrator/ros2_labremoto/build/py_pubsub/build install --record /home/ffelix07/Documents/LabRemo/Orchestrator/ros2_labremoto/build/py_pubsub/install.log --single-version-externally-managed
[14.142s] Level 1:colcon.colcon_core.environment:checking '/home/ffelix07/Documents/LabRemo/Orchestrator/ros2_labremoto/install/py_pubsub' for CMake module files
[14.144s] Level 1:colcon.colcon_core.environment:checking '/home/ffelix07/Documents/LabRemo/Orchestrator/ros2_labremoto/install/py_pubsub' for CMake config files
[14.146s] Level 1:colcon.colcon_core.environment:checking '/home/ffelix07/Documents/LabRemo/Orchestrator/ros2_labremoto/install/py_pubsub/lib'
[14.146s] Level 1:colcon.colcon_core.environment:checking '/home/ffelix07/Documents/LabRemo/Orchestrator/ros2_labremoto/install/py_pubsub/bin'
[14.146s] Level 1:colcon.colcon_core.environment:checking '/home/ffelix07/Documents/LabRemo/Orchestrator/ros2_labremoto/install/py_pubsub/lib/pkgconfig/py_pubsub.pc'
[14.147s] Level 1:colcon.colcon_core.environment:checking '/home/ffelix07/Documents/LabRemo/Orchestrator/ros2_labremoto/install/py_pubsub/lib/python3.10/site-packages'
[14.147s] Level 1:colcon.colcon_core.shell:create_environment_hook('py_pubsub', 'pythonpath')
[14.199s] INFO:colcon.colcon_core.shell:Creating environment hook '/home/ffelix07/Documents/LabRemo/Orchestrator/ros2_labremoto/install/py_pubsub/share/py_pubsub/hook/pythonpath.ps1'
[14.200s] INFO:colcon.colcon_core.shell:Creating environment descriptor '/home/ffelix07/Documents/LabRemo/Orchestrator/ros2_labremoto/install/py_pubsub/share/py_pubsub/hook/pythonpath.dsv'
[14.202s] INFO:colcon.colcon_core.shell:Creating environment hook '/home/ffelix07/Documents/LabRemo/Orchestrator/ros2_labremoto/install/py_pubsub/share/py_pubsub/hook/pythonpath.sh'
[14.204s] Level 1:colcon.colcon_core.environment:checking '/home/ffelix07/Documents/LabRemo/Orchestrator/ros2_labremoto/install/py_pubsub/bin'
[14.205s] Level 1:colcon.colcon_core.environment:create_environment_scripts_only(py_pubsub)
[14.260s] INFO:colcon.colcon_core.shell:Creating package script '/home/ffelix07/Documents/LabRemo/Orchestrator/ros2_labremoto/install/py_pubsub/share/py_pubsub/package.ps1'
[14.261s] INFO:colcon.colcon_core.shell:Creating package descriptor '/home/ffelix07/Documents/LabRemo/Orchestrator/ros2_labremoto/install/py_pubsub/share/py_pubsub/package.dsv'
[14.263s] INFO:colcon.colcon_core.shell:Creating package script '/home/ffelix07/Documents/LabRemo/Orchestrator/ros2_labremoto/install/py_pubsub/share/py_pubsub/package.sh'
[14.265s] INFO:colcon.colcon_core.shell:Creating package script '/home/ffelix07/Documents/LabRemo/Orchestrator/ros2_labremoto/install/py_pubsub/share/py_pubsub/package.bash'
[14.266s] INFO:colcon.colcon_core.shell:Creating package script '/home/ffelix07/Documents/LabRemo/Orchestrator/ros2_labremoto/install/py_pubsub/share/py_pubsub/package.zsh'
[14.267s] Level 1:colcon.colcon_core.environment:create_file_with_runtime_dependencies(/home/ffelix07/Documents/LabRemo/Orchestrator/ros2_labremoto/install/py_pubsub/share/colcon-core/packages/py_pubsub)
[14.268s] DEBUG:colcon.colcon_parallel_executor.executor.parallel:closing loop
[14.270s] DEBUG:colcon.colcon_parallel_executor.executor.parallel:loop closed
[14.270s] DEBUG:colcon.colcon_parallel_executor.executor.parallel:run_until_complete finished with '0'
[14.271s] DEBUG:colcon.colcon_core.event_reactor:joining thread
[14.361s] INFO:colcon.colcon_core.plugin_system:Skipping extension 'colcon_notification.desktop_notification.terminal_notifier': Not used on non-Darwin systems
[14.362s] INFO:colcon.colcon_core.plugin_system:Skipping extension 'colcon_notification.desktop_notification.win32': Not used on non-Windows systems
[14.362s] INFO:colcon.colcon_notification.desktop_notification:Sending desktop notification using 'notify2'
[14.412s] DEBUG:colcon.colcon_core.event_reactor:joined thread
[14.490s] INFO:colcon.colcon_core.shell:Creating prefix script '/home/ffelix07/Documents/LabRemo/Orchestrator/ros2_labremoto/install/local_setup.ps1'
[14.498s] INFO:colcon.colcon_core.shell:Creating prefix util module '/home/ffelix07/Documents/LabRemo/Orchestrator/ros2_labremoto/install/_local_setup_util_ps1.py'
[14.502s] INFO:colcon.colcon_core.shell:Creating prefix chain script '/home/ffelix07/Documents/LabRemo/Orchestrator/ros2_labremoto/install/setup.ps1'
[14.584s] INFO:colcon.colcon_core.shell:Creating prefix script '/home/ffelix07/Documents/LabRemo/Orchestrator/ros2_labremoto/install/local_setup.sh'
[14.586s] INFO:colcon.colcon_core.shell:Creating prefix util module '/home/ffelix07/Documents/LabRemo/Orchestrator/ros2_labremoto/install/_local_setup_util_sh.py'
[14.588s] INFO:colcon.colcon_core.shell:Creating prefix chain script '/home/ffelix07/Documents/LabRemo/Orchestrator/ros2_labremoto/install/setup.sh'
[14.641s] INFO:colcon.colcon_core.shell:Creating prefix script '/home/ffelix07/Documents/LabRemo/Orchestrator/ros2_labremoto/install/local_setup.bash'
[14.644s] INFO:colcon.colcon_core.shell:Creating prefix chain script '/home/ffelix07/Documents/LabRemo/Orchestrator/ros2_labremoto/install/setup.bash'
[14.696s] INFO:colcon.colcon_core.shell:Creating prefix script '/home/ffelix07/Documents/LabRemo/Orchestrator/ros2_labremoto/install/local_setup.zsh'
[14.698s] INFO:colcon.colcon_core.shell:Creating prefix chain script '/home/ffelix07/Documents/LabRemo/Orchestrator/ros2_labremoto/install/setup.zsh'
