[4.881s] Invoking command in '/home/ffelix07/Documents/LabRemo/Orchestrator/ros2_labremoto/src/hardware': PYTHONPATH=/home/ffelix07/Documents/LabRemo/build/hardware/prefix_override:/home/ffelix07/Documents/LabRemo/install/hardware/lib/python3.10/site-packages:${PYTHONPATH} /usr/bin/python3 setup.py egg_info --egg-base ../../../../build/hardware build --build-base /home/ffelix07/Documents/LabRemo/build/hardware/build install --record /home/ffelix07/Documents/LabRemo/build/hardware/install.log --single-version-externally-managed
[6.115s] running egg_info
[6.117s] writing ../../../../build/hardware/hardware.egg-info/PKG-INFO
[6.118s] writing dependency_links to ../../../../build/hardware/hardware.egg-info/dependency_links.txt
[6.119s] writing entry points to ../../../../build/hardware/hardware.egg-info/entry_points.txt
[6.119s] writing requirements to ../../../../build/hardware/hardware.egg-info/requires.txt
[6.120s] writing top-level names to ../../../../build/hardware/hardware.egg-info/top_level.txt
[6.129s] reading manifest file '../../../../build/hardware/hardware.egg-info/SOURCES.txt'
[6.130s] writing manifest file '../../../../build/hardware/hardware.egg-info/SOURCES.txt'
[6.132s] running build
[6.132s] running build_py
[6.133s] running install
[6.134s] running install_lib
[6.137s] running install_data
[6.140s] running install_egg_info
[6.145s] removing '/home/ffelix07/Documents/LabRemo/install/hardware/lib/python3.10/site-packages/hardware-0.0.0-py3.10.egg-info' (and everything under it)
[6.146s] Copying ../../../../build/hardware/hardware.egg-info to /home/ffelix07/Documents/LabRemo/install/hardware/lib/python3.10/site-packages/hardware-0.0.0-py3.10.egg-info
[6.149s] running install_scripts
[6.222s] writing list of installed files to '/home/ffelix07/Documents/LabRemo/build/hardware/install.log'
[6.329s] Invoked command in '/home/ffelix07/Documents/LabRemo/Orchestrator/ros2_labremoto/src/hardware' returned '0': PYTHONPATH=/home/ffelix07/Documents/LabRemo/build/hardware/prefix_override:/home/ffelix07/Documents/LabRemo/install/hardware/lib/python3.10/site-packages:${PYTHONPATH} /usr/bin/python3 setup.py egg_info --egg-base ../../../../build/hardware build --build-base /home/ffelix07/Documents/LabRemo/build/hardware/build install --record /home/ffelix07/Documents/LabRemo/build/hardware/install.log --single-version-externally-managed
