[5.127s] Invoking command in '/home/ffelix07/Documents/LabRemo/Orchestrator/ros2_labremoto/src/nodes_comunication': PYTHONPATH=/home/ffelix07/Documents/LabRemo/build/nodes_comunication/prefix_override:/home/ffelix07/Documents/LabRemo/install/nodes_comunication/lib/python3.10/site-packages:${PYTHONPATH} /usr/bin/python3 setup.py egg_info --egg-base ../../../../build/nodes_comunication build --build-base /home/ffelix07/Documents/LabRemo/build/nodes_comunication/build install --record /home/ffelix07/Documents/LabRemo/build/nodes_comunication/install.log --single-version-externally-managed
[6.800s] running egg_info
[6.802s] writing ../../../../build/nodes_comunication/nodes_comunication.egg-info/PKG-INFO
[6.804s] writing dependency_links to ../../../../build/nodes_comunication/nodes_comunication.egg-info/dependency_links.txt
[6.805s] writing entry points to ../../../../build/nodes_comunication/nodes_comunication.egg-info/entry_points.txt
[6.805s] writing requirements to ../../../../build/nodes_comunication/nodes_comunication.egg-info/requires.txt
[6.806s] writing top-level names to ../../../../build/nodes_comunication/nodes_comunication.egg-info/top_level.txt
[6.815s] reading manifest file '../../../../build/nodes_comunication/nodes_comunication.egg-info/SOURCES.txt'
[6.818s] writing manifest file '../../../../build/nodes_comunication/nodes_comunication.egg-info/SOURCES.txt'
[6.819s] running build
[6.820s] running build_py
[6.820s] copying nodes_comunication/publisher_node.py -> /home/ffelix07/Documents/LabRemo/build/nodes_comunication/build/lib/nodes_comunication
[6.825s] running install
[6.826s] running install_lib
[6.829s] copying /home/ffelix07/Documents/LabRemo/build/nodes_comunication/build/lib/nodes_comunication/publisher_node.py -> /home/ffelix07/Documents/LabRemo/install/nodes_comunication/lib/python3.10/site-packages/nodes_comunication
[6.831s] byte-compiling /home/ffelix07/Documents/LabRemo/install/nodes_comunication/lib/python3.10/site-packages/nodes_comunication/publisher_node.py to publisher_node.cpython-310.pyc
[6.834s] running install_data
[6.837s] running install_egg_info
[6.843s] removing '/home/ffelix07/Documents/LabRemo/install/nodes_comunication/lib/python3.10/site-packages/nodes_comunication-0.0.0-py3.10.egg-info' (and everything under it)
[6.845s] Copying ../../../../build/nodes_comunication/nodes_comunication.egg-info to /home/ffelix07/Documents/LabRemo/install/nodes_comunication/lib/python3.10/site-packages/nodes_comunication-0.0.0-py3.10.egg-info
[6.856s] running install_scripts
[6.943s] Installing pub_node = nodes_comunication.publisher_node:mainpub_node_min script to /home/ffelix07/Documents/LabRemo/install/nodes_comunication/lib/nodes_comunication
[6.945s] writing list of installed files to '/home/ffelix07/Documents/LabRemo/build/nodes_comunication/install.log'
[7.087s] Invoked command in '/home/ffelix07/Documents/LabRemo/Orchestrator/ros2_labremoto/src/nodes_comunication' returned '0': PYTHONPATH=/home/ffelix07/Documents/LabRemo/build/nodes_comunication/prefix_override:/home/ffelix07/Documents/LabRemo/install/nodes_comunication/lib/python3.10/site-packages:${PYTHONPATH} /usr/bin/python3 setup.py egg_info --egg-base ../../../../build/nodes_comunication build --build-base /home/ffelix07/Documents/LabRemo/build/nodes_comunication/build install --record /home/ffelix07/Documents/LabRemo/build/nodes_comunication/install.log --single-version-externally-managed
