[0.691s] DEBUG:colcon:Command line arguments: ['/usr/bin/colcon', 'build']
[0.691s] DEBUG:colcon:Parsed command line arguments: Namespace(log_base=None, log_level=None, verb_name='build', build_base='build', install_base='install', merge_install=False, symlink_install=False, test_result_base=None, continue_on_error=False, executor='parallel', parallel_workers=3, event_handlers=None, ignore_user_meta=False, metas=['./colcon.meta'], base_paths=['.'], packages_ignore=None, packages_ignore_regex=None, paths=None, packages_up_to=None, packages_up_to_regex=None, packages_above=None, packages_above_and_dependencies=None, packages_above_depth=None, packages_select_by_dep=None, packages_skip_by_dep=None, packages_skip_up_to=None, packages_select_build_failed=False, packages_skip_build_finished=False, packages_select_test_failures=False, packages_skip_test_passed=False, packages_select=None, packages_skip=None, packages_select_regex=None, packages_skip_regex=None, packages_start=None, packages_end=None, allow_overriding=[], cmake_args=None, cmake_target=None, cmake_target_skip_unavailable=False, cmake_clean_cache=False, cmake_clean_first=False, cmake_force_configure=False, ament_cmake_args=None, catkin_cmake_args=None, catkin_skip_building_tests=False, verb_parser=<colcon_defaults.argument_parser.defaults.DefaultArgumentsDecorator object at 0x7f9f92ba0e20>, verb_extension=<colcon_core.verb.build.BuildVerb object at 0x7f9f92be19f0>, main=<bound method BuildVerb.main of <colcon_core.verb.build.BuildVerb object at 0x7f9f92be19f0>>)
[0.726s] Level 1:colcon.colcon_core.package_discovery:discover_packages(colcon_meta) check parameters
[0.726s] Level 1:colcon.colcon_core.package_discovery:discover_packages(recursive) check parameters
[0.726s] Level 1:colcon.colcon_core.package_discovery:discover_packages(ignore) check parameters
[0.726s] Level 1:colcon.colcon_core.package_discovery:discover_packages(path) check parameters
[0.726s] Level 1:colcon.colcon_core.package_discovery:discover_packages(colcon_meta) discover
[0.726s] Level 1:colcon.colcon_core.package_discovery:discover_packages(recursive) discover
[0.726s] INFO:colcon.colcon_core.package_discovery:Crawling recursively for packages in '/home/trabajo/LabRemo/labremoto_ws'
[0.726s] Level 1:colcon.colcon_core.package_identification:_identify(.) by extensions ['ignore', 'ignore_ament_install']
[0.727s] Level 1:colcon.colcon_core.package_identification:_identify(.) by extension 'ignore'
[0.727s] Level 1:colcon.colcon_core.package_identification:_identify(.) by extension 'ignore_ament_install'
[0.727s] Level 1:colcon.colcon_core.package_identification:_identify(.) by extensions ['colcon_pkg']
[0.727s] Level 1:colcon.colcon_core.package_identification:_identify(.) by extension 'colcon_pkg'
[0.727s] Level 1:colcon.colcon_core.package_identification:_identify(.) by extensions ['colcon_meta']
[0.727s] Level 1:colcon.colcon_core.package_identification:_identify(.) by extension 'colcon_meta'
[0.727s] Level 1:colcon.colcon_core.package_identification:_identify(.) by extensions ['ros']
[0.727s] Level 1:colcon.colcon_core.package_identification:_identify(.) by extension 'ros'
[0.735s] Level 1:colcon.colcon_core.package_identification:_identify(.) by extensions ['cmake', 'python']
[0.736s] Level 1:colcon.colcon_core.package_identification:_identify(.) by extension 'cmake'
[0.736s] Level 1:colcon.colcon_core.package_identification:_identify(.) by extension 'python'
[0.736s] Level 1:colcon.colcon_core.package_identification:_identify(.) by extensions ['python_setup_py']
[0.736s] Level 1:colcon.colcon_core.package_identification:_identify(.) by extension 'python_setup_py'
[0.736s] Level 1:colcon.colcon_core.package_identification:_identify(build) by extensions ['ignore', 'ignore_ament_install']
[0.736s] Level 1:colcon.colcon_core.package_identification:_identify(build) by extension 'ignore'
[0.736s] Level 1:colcon.colcon_core.package_identification:_identify(build) ignored
[0.736s] Level 1:colcon.colcon_core.package_identification:_identify(install) by extensions ['ignore', 'ignore_ament_install']
[0.736s] Level 1:colcon.colcon_core.package_identification:_identify(install) by extension 'ignore'
[0.736s] Level 1:colcon.colcon_core.package_identification:_identify(install) ignored
[0.736s] Level 1:colcon.colcon_core.package_identification:_identify(log) by extensions ['ignore', 'ignore_ament_install']
[0.736s] Level 1:colcon.colcon_core.package_identification:_identify(log) by extension 'ignore'
[0.736s] Level 1:colcon.colcon_core.package_identification:_identify(log) ignored
[0.736s] Level 1:colcon.colcon_core.package_identification:_identify(src) by extensions ['ignore', 'ignore_ament_install']
[0.736s] Level 1:colcon.colcon_core.package_identification:_identify(src) by extension 'ignore'
[0.736s] Level 1:colcon.colcon_core.package_identification:_identify(src) by extension 'ignore_ament_install'
[0.736s] Level 1:colcon.colcon_core.package_identification:_identify(src) by extensions ['colcon_pkg']
[0.736s] Level 1:colcon.colcon_core.package_identification:_identify(src) by extension 'colcon_pkg'
[0.736s] Level 1:colcon.colcon_core.package_identification:_identify(src) by extensions ['colcon_meta']
[0.736s] Level 1:colcon.colcon_core.package_identification:_identify(src) by extension 'colcon_meta'
[0.736s] Level 1:colcon.colcon_core.package_identification:_identify(src) by extensions ['ros']
[0.737s] Level 1:colcon.colcon_core.package_identification:_identify(src) by extension 'ros'
[0.737s] Level 1:colcon.colcon_core.package_identification:_identify(src) by extensions ['cmake', 'python']
[0.737s] Level 1:colcon.colcon_core.package_identification:_identify(src) by extension 'cmake'
[0.737s] Level 1:colcon.colcon_core.package_identification:_identify(src) by extension 'python'
[0.737s] Level 1:colcon.colcon_core.package_identification:_identify(src) by extensions ['python_setup_py']
[0.737s] Level 1:colcon.colcon_core.package_identification:_identify(src) by extension 'python_setup_py'
[0.737s] Level 1:colcon.colcon_core.package_identification:_identify(src/my_mas) by extensions ['ignore', 'ignore_ament_install']
[0.737s] Level 1:colcon.colcon_core.package_identification:_identify(src/my_mas) by extension 'ignore'
[0.737s] Level 1:colcon.colcon_core.package_identification:_identify(src/my_mas) by extension 'ignore_ament_install'
[0.737s] Level 1:colcon.colcon_core.package_identification:_identify(src/my_mas) by extensions ['colcon_pkg']
[0.737s] Level 1:colcon.colcon_core.package_identification:_identify(src/my_mas) by extension 'colcon_pkg'
[0.737s] Level 1:colcon.colcon_core.package_identification:_identify(src/my_mas) by extensions ['colcon_meta']
[0.737s] Level 1:colcon.colcon_core.package_identification:_identify(src/my_mas) by extension 'colcon_meta'
[0.737s] Level 1:colcon.colcon_core.package_identification:_identify(src/my_mas) by extensions ['ros']
[0.737s] Level 1:colcon.colcon_core.package_identification:_identify(src/my_mas) by extension 'ros'
[0.739s] DEBUG:colcon.colcon_core.package_identification:Package 'src/my_mas' with type 'ros.ament_cmake' and name 'my_mas'
[0.739s] Level 1:colcon.colcon_core.package_identification:_identify(src/py_pubsub) by extensions ['ignore', 'ignore_ament_install']
[0.739s] Level 1:colcon.colcon_core.package_identification:_identify(src/py_pubsub) by extension 'ignore'
[0.739s] Level 1:colcon.colcon_core.package_identification:_identify(src/py_pubsub) by extension 'ignore_ament_install'
[0.739s] Level 1:colcon.colcon_core.package_identification:_identify(src/py_pubsub) by extensions ['colcon_pkg']
[0.739s] Level 1:colcon.colcon_core.package_identification:_identify(src/py_pubsub) by extension 'colcon_pkg'
[0.739s] Level 1:colcon.colcon_core.package_identification:_identify(src/py_pubsub) by extensions ['colcon_meta']
[0.739s] Level 1:colcon.colcon_core.package_identification:_identify(src/py_pubsub) by extension 'colcon_meta'
[0.739s] Level 1:colcon.colcon_core.package_identification:_identify(src/py_pubsub) by extensions ['ros']
[0.739s] Level 1:colcon.colcon_core.package_identification:_identify(src/py_pubsub) by extension 'ros'
[0.740s] DEBUG:colcon.colcon_core.package_identification:Package 'src/py_pubsub' with type 'ros.ament_python' and name 'py_pubsub'
[0.740s] Level 1:colcon.colcon_core.package_discovery:discover_packages(recursive) using defaults
[0.740s] Level 1:colcon.colcon_core.package_discovery:discover_packages(ignore) discover
[0.740s] Level 1:colcon.colcon_core.package_discovery:discover_packages(ignore) using defaults
[0.740s] Level 1:colcon.colcon_core.package_discovery:discover_packages(path) discover
[0.740s] Level 1:colcon.colcon_core.package_discovery:discover_packages(path) using defaults
[0.799s] Level 1:colcon.colcon_core.package_discovery:discover_packages(prefix_path) check parameters
[0.799s] Level 1:colcon.colcon_core.package_discovery:discover_packages(prefix_path) discover
[0.817s] DEBUG:colcon.colcon_installed_package_information.package_discovery:Found 2 installed packages in /home/trabajo/LabRemo/labremoto_ws/install
[0.826s] DEBUG:colcon.colcon_installed_package_information.package_discovery:Found 185 installed packages in /opt/ros/humble
[0.827s] Level 1:colcon.colcon_core.package_discovery:discover_packages(prefix_path) using defaults
[0.873s] Level 5:colcon.colcon_core.verb:set package 'my_mas' build argument 'cmake_args' from command line to 'None'
[0.873s] Level 5:colcon.colcon_core.verb:set package 'my_mas' build argument 'cmake_target' from command line to 'None'
[0.873s] Level 5:colcon.colcon_core.verb:set package 'my_mas' build argument 'cmake_target_skip_unavailable' from command line to 'False'
[0.873s] Level 5:colcon.colcon_core.verb:set package 'my_mas' build argument 'cmake_clean_cache' from command line to 'False'
[0.873s] Level 5:colcon.colcon_core.verb:set package 'my_mas' build argument 'cmake_clean_first' from command line to 'False'
[0.874s] Level 5:colcon.colcon_core.verb:set package 'my_mas' build argument 'cmake_force_configure' from command line to 'False'
[0.874s] Level 5:colcon.colcon_core.verb:set package 'my_mas' build argument 'ament_cmake_args' from command line to 'None'
[0.874s] Level 5:colcon.colcon_core.verb:set package 'my_mas' build argument 'catkin_cmake_args' from command line to 'None'
[0.874s] Level 5:colcon.colcon_core.verb:set package 'my_mas' build argument 'catkin_skip_building_tests' from command line to 'False'
[0.874s] DEBUG:colcon.colcon_core.verb:Building package 'my_mas' with the following arguments: {'ament_cmake_args': None, 'build_base': '/home/trabajo/LabRemo/labremoto_ws/build/my_mas', 'catkin_cmake_args': None, 'catkin_skip_building_tests': False, 'cmake_args': None, 'cmake_clean_cache': False, 'cmake_clean_first': False, 'cmake_force_configure': False, 'cmake_target': None, 'cmake_target_skip_unavailable': False, 'install_base': '/home/trabajo/LabRemo/labremoto_ws/install/my_mas', 'merge_install': False, 'path': '/home/trabajo/LabRemo/labremoto_ws/src/my_mas', 'symlink_install': False, 'test_result_base': None}
[0.882s] Level 5:colcon.colcon_core.verb:set package 'py_pubsub' build argument 'cmake_args' from command line to 'None'
[0.882s] Level 5:colcon.colcon_core.verb:set package 'py_pubsub' build argument 'cmake_target' from command line to 'None'
[0.882s] Level 5:colcon.colcon_core.verb:set package 'py_pubsub' build argument 'cmake_target_skip_unavailable' from command line to 'False'
[0.882s] Level 5:colcon.colcon_core.verb:set package 'py_pubsub' build argument 'cmake_clean_cache' from command line to 'False'
[0.882s] Level 5:colcon.colcon_core.verb:set package 'py_pubsub' build argument 'cmake_clean_first' from command line to 'False'
[0.882s] Level 5:colcon.colcon_core.verb:set package 'py_pubsub' build argument 'cmake_force_configure' from command line to 'False'
[0.882s] Level 5:colcon.colcon_core.verb:set package 'py_pubsub' build argument 'ament_cmake_args' from command line to 'None'
[0.882s] Level 5:colcon.colcon_core.verb:set package 'py_pubsub' build argument 'catkin_cmake_args' from command line to 'None'
[0.882s] Level 5:colcon.colcon_core.verb:set package 'py_pubsub' build argument 'catkin_skip_building_tests' from command line to 'False'
[0.882s] DEBUG:colcon.colcon_core.verb:Building package 'py_pubsub' with the following arguments: {'ament_cmake_args': None, 'build_base': '/home/trabajo/LabRemo/labremoto_ws/build/py_pubsub', 'catkin_cmake_args': None, 'catkin_skip_building_tests': False, 'cmake_args': None, 'cmake_clean_cache': False, 'cmake_clean_first': False, 'cmake_force_configure': False, 'cmake_target': None, 'cmake_target_skip_unavailable': False, 'install_base': '/home/trabajo/LabRemo/labremoto_ws/install/py_pubsub', 'merge_install': False, 'path': '/home/trabajo/LabRemo/labremoto_ws/src/py_pubsub', 'symlink_install': False, 'test_result_base': None}
[0.891s] INFO:colcon.colcon_core.executor:Executing jobs using 'parallel' executor
[0.902s] DEBUG:colcon.colcon_parallel_executor.executor.parallel:run_until_complete
[0.902s] INFO:colcon.colcon_ros.task.ament_cmake.build:Building ROS package in '/home/trabajo/LabRemo/labremoto_ws/src/my_mas' with build type 'ament_cmake'
[0.902s] INFO:colcon.colcon_cmake.task.cmake.build:Building CMake package in '/home/trabajo/LabRemo/labremoto_ws/src/my_mas'
[0.914s] INFO:colcon.colcon_core.plugin_system:Skipping extension 'colcon_core.shell.bat': Not used on non-Windows systems
[0.914s] INFO:colcon.colcon_core.shell:Skip shell extension 'powershell' for command environment: Not usable outside of PowerShell
[0.914s] DEBUG:colcon.colcon_core.shell:Skip shell extension 'dsv' for command environment
[0.950s] DEBUG:colcon.colcon_core.event_handler.log_command:Invoking command in '/home/trabajo/LabRemo/labremoto_ws/build/my_mas': CMAKE_PREFIX_PATH=${CMAKE_PREFIX_PATH}:/home/trabajo/LabRemo/labremoto_ws/install/py_pubsub:/opt/ros/humble /usr/bin/cmake --build /home/trabajo/LabRemo/labremoto_ws/build/my_mas -- -j3 -l3
[1.261s] DEBUG:colcon.colcon_core.event_handler.log_command:Invoked command in '/home/trabajo/LabRemo/labremoto_ws/build/my_mas' returned '0': CMAKE_PREFIX_PATH=${CMAKE_PREFIX_PATH}:/home/trabajo/LabRemo/labremoto_ws/install/py_pubsub:/opt/ros/humble /usr/bin/cmake --build /home/trabajo/LabRemo/labremoto_ws/build/my_mas -- -j3 -l3
[1.504s] DEBUG:colcon.colcon_core.event_handler.log_command:Invoking command in '/home/trabajo/LabRemo/labremoto_ws/build/my_mas': CMAKE_PREFIX_PATH=${CMAKE_PREFIX_PATH}:/home/trabajo/LabRemo/labremoto_ws/install/py_pubsub:/opt/ros/humble /usr/bin/cmake --install /home/trabajo/LabRemo/labremoto_ws/build/my_mas
[1.554s] Level 1:colcon.colcon_core.environment:create_environment_scripts_only(my_mas)
[1.554s] DEBUG:colcon.colcon_core.event_handler.log_command:Invoked command in '/home/trabajo/LabRemo/labremoto_ws/build/my_mas' returned '0': CMAKE_PREFIX_PATH=${CMAKE_PREFIX_PATH}:/home/trabajo/LabRemo/labremoto_ws/install/py_pubsub:/opt/ros/humble /usr/bin/cmake --install /home/trabajo/LabRemo/labremoto_ws/build/my_mas
[1.567s] Level 1:colcon.colcon_core.environment:checking '/home/trabajo/LabRemo/labremoto_ws/install/my_mas' for CMake module files
[1.568s] Level 1:colcon.colcon_core.environment:checking '/home/trabajo/LabRemo/labremoto_ws/install/my_mas' for CMake config files
[1.569s] Level 1:colcon.colcon_core.shell:create_environment_hook('my_mas', 'cmake_prefix_path')
[1.578s] INFO:colcon.colcon_core.shell:Creating environment hook '/home/trabajo/LabRemo/labremoto_ws/install/my_mas/share/my_mas/hook/cmake_prefix_path.ps1'
[1.579s] INFO:colcon.colcon_core.shell:Creating environment descriptor '/home/trabajo/LabRemo/labremoto_ws/install/my_mas/share/my_mas/hook/cmake_prefix_path.dsv'
[1.579s] INFO:colcon.colcon_core.shell:Creating environment hook '/home/trabajo/LabRemo/labremoto_ws/install/my_mas/share/my_mas/hook/cmake_prefix_path.sh'
[1.580s] Level 1:colcon.colcon_core.environment:checking '/home/trabajo/LabRemo/labremoto_ws/install/my_mas/lib'
[1.580s] Level 1:colcon.colcon_core.shell:create_environment_hook('my_mas', 'ld_library_path_lib')
[1.592s] INFO:colcon.colcon_core.shell:Creating environment hook '/home/trabajo/LabRemo/labremoto_ws/install/my_mas/share/my_mas/hook/ld_library_path_lib.ps1'
[1.592s] INFO:colcon.colcon_core.shell:Creating environment descriptor '/home/trabajo/LabRemo/labremoto_ws/install/my_mas/share/my_mas/hook/ld_library_path_lib.dsv'
[1.593s] INFO:colcon.colcon_core.shell:Creating environment hook '/home/trabajo/LabRemo/labremoto_ws/install/my_mas/share/my_mas/hook/ld_library_path_lib.sh'
[1.593s] Level 1:colcon.colcon_core.environment:checking '/home/trabajo/LabRemo/labremoto_ws/install/my_mas/bin'
[1.593s] Level 1:colcon.colcon_core.environment:checking '/home/trabajo/LabRemo/labremoto_ws/install/my_mas/lib/pkgconfig/my_mas.pc'
[1.593s] Level 1:colcon.colcon_core.environment:checking '/home/trabajo/LabRemo/labremoto_ws/install/my_mas/lib/python3.10/site-packages'
[1.593s] Level 1:colcon.colcon_core.environment:checking '/home/trabajo/LabRemo/labremoto_ws/install/my_mas/bin'
[1.605s] INFO:colcon.colcon_core.shell:Creating package script '/home/trabajo/LabRemo/labremoto_ws/install/my_mas/share/my_mas/package.ps1'
[1.606s] INFO:colcon.colcon_core.shell:Creating package descriptor '/home/trabajo/LabRemo/labremoto_ws/install/my_mas/share/my_mas/package.dsv'
[1.606s] INFO:colcon.colcon_core.shell:Creating package script '/home/trabajo/LabRemo/labremoto_ws/install/my_mas/share/my_mas/package.sh'
[1.607s] INFO:colcon.colcon_core.shell:Creating package script '/home/trabajo/LabRemo/labremoto_ws/install/my_mas/share/my_mas/package.bash'
[1.607s] INFO:colcon.colcon_core.shell:Creating package script '/home/trabajo/LabRemo/labremoto_ws/install/my_mas/share/my_mas/package.zsh'
[1.608s] Level 1:colcon.colcon_core.environment:create_file_with_runtime_dependencies(/home/trabajo/LabRemo/labremoto_ws/install/my_mas/share/colcon-core/packages/my_mas)
[1.883s] Level 1:colcon.colcon_core.environment:create_environment_scripts_only(my_mas)
[1.894s] Level 1:colcon.colcon_core.environment:checking '/home/trabajo/LabRemo/labremoto_ws/install/my_mas' for CMake module files
[1.895s] Level 1:colcon.colcon_core.environment:checking '/home/trabajo/LabRemo/labremoto_ws/install/my_mas' for CMake config files
[1.896s] Level 1:colcon.colcon_core.shell:create_environment_hook('my_mas', 'cmake_prefix_path')
[1.907s] INFO:colcon.colcon_core.shell:Creating environment hook '/home/trabajo/LabRemo/labremoto_ws/install/my_mas/share/my_mas/hook/cmake_prefix_path.ps1'
[1.908s] INFO:colcon.colcon_core.shell:Creating environment descriptor '/home/trabajo/LabRemo/labremoto_ws/install/my_mas/share/my_mas/hook/cmake_prefix_path.dsv'
[1.908s] INFO:colcon.colcon_core.shell:Creating environment hook '/home/trabajo/LabRemo/labremoto_ws/install/my_mas/share/my_mas/hook/cmake_prefix_path.sh'
[1.909s] Level 1:colcon.colcon_core.environment:checking '/home/trabajo/LabRemo/labremoto_ws/install/my_mas/lib'
[1.909s] Level 1:colcon.colcon_core.shell:create_environment_hook('my_mas', 'ld_library_path_lib')
[1.920s] INFO:colcon.colcon_core.shell:Creating environment hook '/home/trabajo/LabRemo/labremoto_ws/install/my_mas/share/my_mas/hook/ld_library_path_lib.ps1'
[1.920s] INFO:colcon.colcon_core.shell:Creating environment descriptor '/home/trabajo/LabRemo/labremoto_ws/install/my_mas/share/my_mas/hook/ld_library_path_lib.dsv'
[1.921s] INFO:colcon.colcon_core.shell:Creating environment hook '/home/trabajo/LabRemo/labremoto_ws/install/my_mas/share/my_mas/hook/ld_library_path_lib.sh'
[1.921s] Level 1:colcon.colcon_core.environment:checking '/home/trabajo/LabRemo/labremoto_ws/install/my_mas/bin'
[1.921s] Level 1:colcon.colcon_core.environment:checking '/home/trabajo/LabRemo/labremoto_ws/install/my_mas/lib/pkgconfig/my_mas.pc'
[1.921s] Level 1:colcon.colcon_core.environment:checking '/home/trabajo/LabRemo/labremoto_ws/install/my_mas/lib/python3.10/site-packages'
[1.921s] Level 1:colcon.colcon_core.environment:checking '/home/trabajo/LabRemo/labremoto_ws/install/my_mas/bin'
[1.933s] INFO:colcon.colcon_core.shell:Creating package script '/home/trabajo/LabRemo/labremoto_ws/install/my_mas/share/my_mas/package.ps1'
[1.933s] INFO:colcon.colcon_core.shell:Creating package descriptor '/home/trabajo/LabRemo/labremoto_ws/install/my_mas/share/my_mas/package.dsv'
[1.934s] INFO:colcon.colcon_core.shell:Creating package script '/home/trabajo/LabRemo/labremoto_ws/install/my_mas/share/my_mas/package.sh'
[1.934s] INFO:colcon.colcon_core.shell:Creating package script '/home/trabajo/LabRemo/labremoto_ws/install/my_mas/share/my_mas/package.bash'
[1.934s] INFO:colcon.colcon_core.shell:Creating package script '/home/trabajo/LabRemo/labremoto_ws/install/my_mas/share/my_mas/package.zsh'
[1.935s] Level 1:colcon.colcon_core.environment:create_file_with_runtime_dependencies(/home/trabajo/LabRemo/labremoto_ws/install/my_mas/share/colcon-core/packages/my_mas)
[1.935s] INFO:colcon.colcon_ros.task.ament_python.build:Building ROS package in '/home/trabajo/LabRemo/labremoto_ws/src/py_pubsub' with build type 'ament_python'
[1.935s] Level 1:colcon.colcon_core.shell:create_environment_hook('py_pubsub', 'ament_prefix_path')
[1.948s] INFO:colcon.colcon_core.shell:Creating environment hook '/home/trabajo/LabRemo/labremoto_ws/install/py_pubsub/share/py_pubsub/hook/ament_prefix_path.ps1'
[1.948s] INFO:colcon.colcon_core.shell:Creating environment descriptor '/home/trabajo/LabRemo/labremoto_ws/install/py_pubsub/share/py_pubsub/hook/ament_prefix_path.dsv'
[1.949s] INFO:colcon.colcon_core.shell:Creating environment hook '/home/trabajo/LabRemo/labremoto_ws/install/py_pubsub/share/py_pubsub/hook/ament_prefix_path.sh'
[1.960s] INFO:colcon.colcon_core.shell:Skip shell extension 'powershell' for command environment: Not usable outside of PowerShell
[1.960s] DEBUG:colcon.colcon_core.shell:Skip shell extension 'dsv' for command environment
[2.205s] INFO:colcon.colcon_core.task.python.build:Building Python package in '/home/trabajo/LabRemo/labremoto_ws/src/py_pubsub'
[2.216s] INFO:colcon.colcon_core.shell:Skip shell extension 'powershell' for command environment: Not usable outside of PowerShell
[2.216s] DEBUG:colcon.colcon_core.shell:Skip shell extension 'dsv' for command environment
[2.566s] DEBUG:colcon.colcon_core.event_handler.log_command:Invoking command in '/home/trabajo/LabRemo/labremoto_ws/src/py_pubsub': PYTHONPATH=/home/trabajo/LabRemo/labremoto_ws/build/py_pubsub/prefix_override:/home/trabajo/LabRemo/labremoto_ws/install/py_pubsub/lib/python3.10/site-packages:${PYTHONPATH} /usr/bin/python3 setup.py egg_info --egg-base ../../build/py_pubsub build --build-base /home/trabajo/LabRemo/labremoto_ws/build/py_pubsub/build install --record /home/trabajo/LabRemo/labremoto_ws/build/py_pubsub/install.log --single-version-externally-managed
[2.819s] DEBUG:colcon.colcon_core.event_handler.log_command:Invoked command in '/home/trabajo/LabRemo/labremoto_ws/src/py_pubsub' returned '0': PYTHONPATH=/home/trabajo/LabRemo/labremoto_ws/build/py_pubsub/prefix_override:/home/trabajo/LabRemo/labremoto_ws/install/py_pubsub/lib/python3.10/site-packages:${PYTHONPATH} /usr/bin/python3 setup.py egg_info --egg-base ../../build/py_pubsub build --build-base /home/trabajo/LabRemo/labremoto_ws/build/py_pubsub/build install --record /home/trabajo/LabRemo/labremoto_ws/build/py_pubsub/install.log --single-version-externally-managed
[2.831s] Level 1:colcon.colcon_core.environment:checking '/home/trabajo/LabRemo/labremoto_ws/install/py_pubsub' for CMake module files
[2.832s] Level 1:colcon.colcon_core.environment:checking '/home/trabajo/LabRemo/labremoto_ws/install/py_pubsub' for CMake config files
[2.832s] Level 1:colcon.colcon_core.environment:checking '/home/trabajo/LabRemo/labremoto_ws/install/py_pubsub/lib'
[2.832s] Level 1:colcon.colcon_core.environment:checking '/home/trabajo/LabRemo/labremoto_ws/install/py_pubsub/bin'
[2.832s] Level 1:colcon.colcon_core.environment:checking '/home/trabajo/LabRemo/labremoto_ws/install/py_pubsub/lib/pkgconfig/py_pubsub.pc'
[2.833s] Level 1:colcon.colcon_core.environment:checking '/home/trabajo/LabRemo/labremoto_ws/install/py_pubsub/lib/python3.10/site-packages'
[2.833s] Level 1:colcon.colcon_core.shell:create_environment_hook('py_pubsub', 'pythonpath')
[2.844s] INFO:colcon.colcon_core.shell:Creating environment hook '/home/trabajo/LabRemo/labremoto_ws/install/py_pubsub/share/py_pubsub/hook/pythonpath.ps1'
[2.844s] INFO:colcon.colcon_core.shell:Creating environment descriptor '/home/trabajo/LabRemo/labremoto_ws/install/py_pubsub/share/py_pubsub/hook/pythonpath.dsv'
[2.845s] INFO:colcon.colcon_core.shell:Creating environment hook '/home/trabajo/LabRemo/labremoto_ws/install/py_pubsub/share/py_pubsub/hook/pythonpath.sh'
[2.845s] Level 1:colcon.colcon_core.environment:checking '/home/trabajo/LabRemo/labremoto_ws/install/py_pubsub/bin'
[2.845s] Level 1:colcon.colcon_core.environment:create_environment_scripts_only(py_pubsub)
[2.857s] INFO:colcon.colcon_core.shell:Creating package script '/home/trabajo/LabRemo/labremoto_ws/install/py_pubsub/share/py_pubsub/package.ps1'
[2.857s] INFO:colcon.colcon_core.shell:Creating package descriptor '/home/trabajo/LabRemo/labremoto_ws/install/py_pubsub/share/py_pubsub/package.dsv'
[2.858s] INFO:colcon.colcon_core.shell:Creating package script '/home/trabajo/LabRemo/labremoto_ws/install/py_pubsub/share/py_pubsub/package.sh'
[2.858s] INFO:colcon.colcon_core.shell:Creating package script '/home/trabajo/LabRemo/labremoto_ws/install/py_pubsub/share/py_pubsub/package.bash'
[2.858s] INFO:colcon.colcon_core.shell:Creating package script '/home/trabajo/LabRemo/labremoto_ws/install/py_pubsub/share/py_pubsub/package.zsh'
[2.858s] Level 1:colcon.colcon_core.environment:create_file_with_runtime_dependencies(/home/trabajo/LabRemo/labremoto_ws/install/py_pubsub/share/colcon-core/packages/py_pubsub)
[2.859s] DEBUG:colcon.colcon_parallel_executor.executor.parallel:closing loop
[2.859s] DEBUG:colcon.colcon_parallel_executor.executor.parallel:loop closed
[2.859s] DEBUG:colcon.colcon_parallel_executor.executor.parallel:run_until_complete finished with '0'
[2.859s] DEBUG:colcon.colcon_core.event_reactor:joining thread
[2.878s] INFO:colcon.colcon_core.plugin_system:Skipping extension 'colcon_notification.desktop_notification.terminal_notifier': Not used on non-Darwin systems
[2.878s] INFO:colcon.colcon_core.plugin_system:Skipping extension 'colcon_notification.desktop_notification.win32': Not used on non-Windows systems
[2.878s] INFO:colcon.colcon_notification.desktop_notification:Sending desktop notification using 'notify2'
[2.884s] DEBUG:colcon.colcon_core.event_reactor:joined thread
[2.896s] INFO:colcon.colcon_core.shell:Creating prefix script '/home/trabajo/LabRemo/labremoto_ws/install/local_setup.ps1'
[2.897s] INFO:colcon.colcon_core.shell:Creating prefix util module '/home/trabajo/LabRemo/labremoto_ws/install/_local_setup_util_ps1.py'
[2.898s] INFO:colcon.colcon_core.shell:Creating prefix chain script '/home/trabajo/LabRemo/labremoto_ws/install/setup.ps1'
[2.910s] INFO:colcon.colcon_core.shell:Creating prefix script '/home/trabajo/LabRemo/labremoto_ws/install/local_setup.sh'
[2.911s] INFO:colcon.colcon_core.shell:Creating prefix util module '/home/trabajo/LabRemo/labremoto_ws/install/_local_setup_util_sh.py'
[2.911s] INFO:colcon.colcon_core.shell:Creating prefix chain script '/home/trabajo/LabRemo/labremoto_ws/install/setup.sh'
[2.922s] INFO:colcon.colcon_core.shell:Creating prefix script '/home/trabajo/LabRemo/labremoto_ws/install/local_setup.bash'
[2.923s] INFO:colcon.colcon_core.shell:Creating prefix chain script '/home/trabajo/LabRemo/labremoto_ws/install/setup.bash'
[2.935s] INFO:colcon.colcon_core.shell:Creating prefix script '/home/trabajo/LabRemo/labremoto_ws/install/local_setup.zsh'
[2.935s] INFO:colcon.colcon_core.shell:Creating prefix chain script '/home/trabajo/LabRemo/labremoto_ws/install/setup.zsh'
