[6.051s] DEBUG:colcon:Command line arguments: ['/usr/bin/colcon', 'build', '--packages-select', 'py_pubsub']
[6.051s] DEBUG:colcon:Parsed command line arguments: Namespace(log_base=None, log_level=None, verb_name='build', build_base='build', install_base='install', merge_install=False, symlink_install=False, test_result_base=None, continue_on_error=False, executor='parallel', parallel_workers=4, event_handlers=None, ignore_user_meta=False, metas=['./colcon.meta'], base_paths=['.'], packages_ignore=None, packages_ignore_regex=None, paths=None, packages_up_to=None, packages_up_to_regex=None, packages_above=None, packages_above_and_dependencies=None, packages_above_depth=None, packages_select_by_dep=None, packages_skip_by_dep=None, packages_skip_up_to=None, packages_select_build_failed=False, packages_skip_build_finished=False, packages_select_test_failures=False, packages_skip_test_passed=False, packages_select=['py_pubsub'], packages_skip=None, packages_select_regex=None, packages_skip_regex=None, packages_start=None, packages_end=None, allow_overriding=[], cmake_args=None, cmake_target=None, cmake_target_skip_unavailable=False, cmake_clean_cache=False, cmake_clean_first=False, cmake_force_configure=False, ament_cmake_args=None, catkin_cmake_args=None, catkin_skip_building_tests=False, verb_parser=<colcon_defaults.argument_parser.defaults.DefaultArgumentsDecorator object at 0x7f227b3c0370>, verb_extension=<colcon_core.verb.build.BuildVerb object at 0x7f227b37fdf0>, main=<bound method BuildVerb.main of <colcon_core.verb.build.BuildVerb object at 0x7f227b37fdf0>>)
[6.368s] Level 1:colcon.colcon_core.package_discovery:discover_packages(colcon_meta) check parameters
[6.368s] Level 1:colcon.colcon_core.package_discovery:discover_packages(recursive) check parameters
[6.368s] Level 1:colcon.colcon_core.package_discovery:discover_packages(ignore) check parameters
[6.369s] Level 1:colcon.colcon_core.package_discovery:discover_packages(path) check parameters
[6.369s] Level 1:colcon.colcon_core.package_discovery:discover_packages(colcon_meta) discover
[6.369s] Level 1:colcon.colcon_core.package_discovery:discover_packages(recursive) discover
[6.369s] INFO:colcon.colcon_core.package_discovery:Crawling recursively for packages in '/home/ffelix07/Documents/LabRemo'
[6.370s] Level 1:colcon.colcon_core.package_identification:_identify(.) by extensions ['ignore', 'ignore_ament_install']
[6.370s] Level 1:colcon.colcon_core.package_identification:_identify(.) by extension 'ignore'
[6.371s] Level 1:colcon.colcon_core.package_identification:_identify(.) by extension 'ignore_ament_install'
[6.371s] Level 1:colcon.colcon_core.package_identification:_identify(.) by extensions ['colcon_pkg']
[6.371s] Level 1:colcon.colcon_core.package_identification:_identify(.) by extension 'colcon_pkg'
[6.371s] Level 1:colcon.colcon_core.package_identification:_identify(.) by extensions ['colcon_meta']
[6.371s] Level 1:colcon.colcon_core.package_identification:_identify(.) by extension 'colcon_meta'
[6.371s] Level 1:colcon.colcon_core.package_identification:_identify(.) by extensions ['ros']
[6.371s] Level 1:colcon.colcon_core.package_identification:_identify(.) by extension 'ros'
[6.433s] Level 1:colcon.colcon_core.package_identification:_identify(.) by extensions ['cmake', 'python']
[6.433s] Level 1:colcon.colcon_core.package_identification:_identify(.) by extension 'cmake'
[6.434s] Level 1:colcon.colcon_core.package_identification:_identify(.) by extension 'python'
[6.434s] Level 1:colcon.colcon_core.package_identification:_identify(.) by extensions ['python_setup_py']
[6.434s] Level 1:colcon.colcon_core.package_identification:_identify(.) by extension 'python_setup_py'
[6.434s] Level 1:colcon.colcon_core.package_identification:_identify(Orchestrator) by extensions ['ignore', 'ignore_ament_install']
[6.435s] Level 1:colcon.colcon_core.package_identification:_identify(Orchestrator) by extension 'ignore'
[6.435s] Level 1:colcon.colcon_core.package_identification:_identify(Orchestrator) by extension 'ignore_ament_install'
[6.435s] Level 1:colcon.colcon_core.package_identification:_identify(Orchestrator) by extensions ['colcon_pkg']
[6.436s] Level 1:colcon.colcon_core.package_identification:_identify(Orchestrator) by extension 'colcon_pkg'
[6.436s] Level 1:colcon.colcon_core.package_identification:_identify(Orchestrator) by extensions ['colcon_meta']
[6.436s] Level 1:colcon.colcon_core.package_identification:_identify(Orchestrator) by extension 'colcon_meta'
[6.436s] Level 1:colcon.colcon_core.package_identification:_identify(Orchestrator) by extensions ['ros']
[6.436s] Level 1:colcon.colcon_core.package_identification:_identify(Orchestrator) by extension 'ros'
[6.436s] Level 1:colcon.colcon_core.package_identification:_identify(Orchestrator) by extensions ['cmake', 'python']
[6.437s] Level 1:colcon.colcon_core.package_identification:_identify(Orchestrator) by extension 'cmake'
[6.437s] Level 1:colcon.colcon_core.package_identification:_identify(Orchestrator) by extension 'python'
[6.437s] Level 1:colcon.colcon_core.package_identification:_identify(Orchestrator) by extensions ['python_setup_py']
[6.437s] Level 1:colcon.colcon_core.package_identification:_identify(Orchestrator) by extension 'python_setup_py'
[6.437s] Level 1:colcon.colcon_core.package_identification:_identify(Orchestrator/ros2_labremoto) by extensions ['ignore', 'ignore_ament_install']
[6.438s] Level 1:colcon.colcon_core.package_identification:_identify(Orchestrator/ros2_labremoto) by extension 'ignore'
[6.438s] Level 1:colcon.colcon_core.package_identification:_identify(Orchestrator/ros2_labremoto) by extension 'ignore_ament_install'
[6.438s] Level 1:colcon.colcon_core.package_identification:_identify(Orchestrator/ros2_labremoto) by extensions ['colcon_pkg']
[6.438s] Level 1:colcon.colcon_core.package_identification:_identify(Orchestrator/ros2_labremoto) by extension 'colcon_pkg'
[6.439s] Level 1:colcon.colcon_core.package_identification:_identify(Orchestrator/ros2_labremoto) by extensions ['colcon_meta']
[6.439s] Level 1:colcon.colcon_core.package_identification:_identify(Orchestrator/ros2_labremoto) by extension 'colcon_meta'
[6.439s] Level 1:colcon.colcon_core.package_identification:_identify(Orchestrator/ros2_labremoto) by extensions ['ros']
[6.439s] Level 1:colcon.colcon_core.package_identification:_identify(Orchestrator/ros2_labremoto) by extension 'ros'
[6.439s] Level 1:colcon.colcon_core.package_identification:_identify(Orchestrator/ros2_labremoto) by extensions ['cmake', 'python']
[6.440s] Level 1:colcon.colcon_core.package_identification:_identify(Orchestrator/ros2_labremoto) by extension 'cmake'
[6.440s] Level 1:colcon.colcon_core.package_identification:_identify(Orchestrator/ros2_labremoto) by extension 'python'
[6.440s] Level 1:colcon.colcon_core.package_identification:_identify(Orchestrator/ros2_labremoto) by extensions ['python_setup_py']
[6.440s] Level 1:colcon.colcon_core.package_identification:_identify(Orchestrator/ros2_labremoto) by extension 'python_setup_py'
[6.440s] Level 1:colcon.colcon_core.package_identification:_identify(Orchestrator/ros2_labremoto/build) by extensions ['ignore', 'ignore_ament_install']
[6.441s] Level 1:colcon.colcon_core.package_identification:_identify(Orchestrator/ros2_labremoto/build) by extension 'ignore'
[6.441s] Level 1:colcon.colcon_core.package_identification:_identify(Orchestrator/ros2_labremoto/build) ignored
[6.442s] Level 1:colcon.colcon_core.package_identification:_identify(Orchestrator/ros2_labremoto/install) by extensions ['ignore', 'ignore_ament_install']
[6.442s] Level 1:colcon.colcon_core.package_identification:_identify(Orchestrator/ros2_labremoto/install) by extension 'ignore'
[6.442s] Level 1:colcon.colcon_core.package_identification:_identify(Orchestrator/ros2_labremoto/install) ignored
[6.443s] Level 1:colcon.colcon_core.package_identification:_identify(Orchestrator/ros2_labremoto/log) by extensions ['ignore', 'ignore_ament_install']
[6.444s] Level 1:colcon.colcon_core.package_identification:_identify(Orchestrator/ros2_labremoto/log) by extension 'ignore'
[6.444s] Level 1:colcon.colcon_core.package_identification:_identify(Orchestrator/ros2_labremoto/log) ignored
[6.444s] Level 1:colcon.colcon_core.package_identification:_identify(Orchestrator/ros2_labremoto/src) by extensions ['ignore', 'ignore_ament_install']
[6.445s] Level 1:colcon.colcon_core.package_identification:_identify(Orchestrator/ros2_labremoto/src) by extension 'ignore'
[6.445s] Level 1:colcon.colcon_core.package_identification:_identify(Orchestrator/ros2_labremoto/src) by extension 'ignore_ament_install'
[6.445s] Level 1:colcon.colcon_core.package_identification:_identify(Orchestrator/ros2_labremoto/src) by extensions ['colcon_pkg']
[6.445s] Level 1:colcon.colcon_core.package_identification:_identify(Orchestrator/ros2_labremoto/src) by extension 'colcon_pkg'
[6.446s] Level 1:colcon.colcon_core.package_identification:_identify(Orchestrator/ros2_labremoto/src) by extensions ['colcon_meta']
[6.446s] Level 1:colcon.colcon_core.package_identification:_identify(Orchestrator/ros2_labremoto/src) by extension 'colcon_meta'
[6.446s] Level 1:colcon.colcon_core.package_identification:_identify(Orchestrator/ros2_labremoto/src) by extensions ['ros']
[6.446s] Level 1:colcon.colcon_core.package_identification:_identify(Orchestrator/ros2_labremoto/src) by extension 'ros'
[6.446s] Level 1:colcon.colcon_core.package_identification:_identify(Orchestrator/ros2_labremoto/src) by extensions ['cmake', 'python']
[6.446s] Level 1:colcon.colcon_core.package_identification:_identify(Orchestrator/ros2_labremoto/src) by extension 'cmake'
[6.447s] Level 1:colcon.colcon_core.package_identification:_identify(Orchestrator/ros2_labremoto/src) by extension 'python'
[6.447s] Level 1:colcon.colcon_core.package_identification:_identify(Orchestrator/ros2_labremoto/src) by extensions ['python_setup_py']
[6.447s] Level 1:colcon.colcon_core.package_identification:_identify(Orchestrator/ros2_labremoto/src) by extension 'python_setup_py'
[6.447s] Level 1:colcon.colcon_core.package_identification:_identify(Orchestrator/ros2_labremoto/src/build) by extensions ['ignore', 'ignore_ament_install']
[6.448s] Level 1:colcon.colcon_core.package_identification:_identify(Orchestrator/ros2_labremoto/src/build) by extension 'ignore'
[6.448s] Level 1:colcon.colcon_core.package_identification:_identify(Orchestrator/ros2_labremoto/src/build) ignored
[6.448s] Level 1:colcon.colcon_core.package_identification:_identify(Orchestrator/ros2_labremoto/src/examples) by extensions ['ignore', 'ignore_ament_install']
[6.449s] Level 1:colcon.colcon_core.package_identification:_identify(Orchestrator/ros2_labremoto/src/examples) by extension 'ignore'
[6.449s] Level 1:colcon.colcon_core.package_identification:_identify(Orchestrator/ros2_labremoto/src/examples) by extension 'ignore_ament_install'
[6.449s] Level 1:colcon.colcon_core.package_identification:_identify(Orchestrator/ros2_labremoto/src/examples) by extensions ['colcon_pkg']
[6.449s] Level 1:colcon.colcon_core.package_identification:_identify(Orchestrator/ros2_labremoto/src/examples) by extension 'colcon_pkg'
[6.449s] Level 1:colcon.colcon_core.package_identification:_identify(Orchestrator/ros2_labremoto/src/examples) by extensions ['colcon_meta']
[6.450s] Level 1:colcon.colcon_core.package_identification:_identify(Orchestrator/ros2_labremoto/src/examples) by extension 'colcon_meta'
[6.450s] Level 1:colcon.colcon_core.package_identification:_identify(Orchestrator/ros2_labremoto/src/examples) by extensions ['ros']
[6.450s] Level 1:colcon.colcon_core.package_identification:_identify(Orchestrator/ros2_labremoto/src/examples) by extension 'ros'
[6.450s] Level 1:colcon.colcon_core.package_identification:_identify(Orchestrator/ros2_labremoto/src/examples) by extensions ['cmake', 'python']
[6.450s] Level 1:colcon.colcon_core.package_identification:_identify(Orchestrator/ros2_labremoto/src/examples) by extension 'cmake'
[6.451s] Level 1:colcon.colcon_core.package_identification:_identify(Orchestrator/ros2_labremoto/src/examples) by extension 'python'
[6.451s] Level 1:colcon.colcon_core.package_identification:_identify(Orchestrator/ros2_labremoto/src/examples) by extensions ['python_setup_py']
[6.451s] Level 1:colcon.colcon_core.package_identification:_identify(Orchestrator/ros2_labremoto/src/examples) by extension 'python_setup_py'
[6.451s] Level 1:colcon.colcon_core.package_identification:_identify(Orchestrator/ros2_labremoto/src/hardware) by extensions ['ignore', 'ignore_ament_install']
[6.452s] Level 1:colcon.colcon_core.package_identification:_identify(Orchestrator/ros2_labremoto/src/hardware) by extension 'ignore'
[6.452s] Level 1:colcon.colcon_core.package_identification:_identify(Orchestrator/ros2_labremoto/src/hardware) by extension 'ignore_ament_install'
[6.453s] Level 1:colcon.colcon_core.package_identification:_identify(Orchestrator/ros2_labremoto/src/hardware) by extensions ['colcon_pkg']
[6.453s] Level 1:colcon.colcon_core.package_identification:_identify(Orchestrator/ros2_labremoto/src/hardware) by extension 'colcon_pkg'
[6.453s] Level 1:colcon.colcon_core.package_identification:_identify(Orchestrator/ros2_labremoto/src/hardware) by extensions ['colcon_meta']
[6.453s] Level 1:colcon.colcon_core.package_identification:_identify(Orchestrator/ros2_labremoto/src/hardware) by extension 'colcon_meta'
[6.453s] Level 1:colcon.colcon_core.package_identification:_identify(Orchestrator/ros2_labremoto/src/hardware) by extensions ['ros']
[6.454s] Level 1:colcon.colcon_core.package_identification:_identify(Orchestrator/ros2_labremoto/src/hardware) by extension 'ros'
[6.462s] DEBUG:colcon.colcon_core.package_identification:Package 'Orchestrator/ros2_labremoto/src/hardware' with type 'ros.ament_python' and name 'hardware'
[6.462s] Level 1:colcon.colcon_core.package_identification:_identify(Orchestrator/ros2_labremoto/src/install) by extensions ['ignore', 'ignore_ament_install']
[6.463s] Level 1:colcon.colcon_core.package_identification:_identify(Orchestrator/ros2_labremoto/src/install) by extension 'ignore'
[6.463s] Level 1:colcon.colcon_core.package_identification:_identify(Orchestrator/ros2_labremoto/src/install) ignored
[6.463s] Level 1:colcon.colcon_core.package_identification:_identify(Orchestrator/ros2_labremoto/src/log) by extensions ['ignore', 'ignore_ament_install']
[6.464s] Level 1:colcon.colcon_core.package_identification:_identify(Orchestrator/ros2_labremoto/src/log) by extension 'ignore'
[6.464s] Level 1:colcon.colcon_core.package_identification:_identify(Orchestrator/ros2_labremoto/src/log) ignored
[6.464s] Level 1:colcon.colcon_core.package_identification:_identify(Orchestrator/ros2_labremoto/src/my_mas) by extensions ['ignore', 'ignore_ament_install']
[6.465s] Level 1:colcon.colcon_core.package_identification:_identify(Orchestrator/ros2_labremoto/src/my_mas) by extension 'ignore'
[6.465s] Level 1:colcon.colcon_core.package_identification:_identify(Orchestrator/ros2_labremoto/src/my_mas) by extension 'ignore_ament_install'
[6.465s] Level 1:colcon.colcon_core.package_identification:_identify(Orchestrator/ros2_labremoto/src/my_mas) by extensions ['colcon_pkg']
[6.465s] Level 1:colcon.colcon_core.package_identification:_identify(Orchestrator/ros2_labremoto/src/my_mas) by extension 'colcon_pkg'
[6.466s] Level 1:colcon.colcon_core.package_identification:_identify(Orchestrator/ros2_labremoto/src/my_mas) by extensions ['colcon_meta']
[6.466s] Level 1:colcon.colcon_core.package_identification:_identify(Orchestrator/ros2_labremoto/src/my_mas) by extension 'colcon_meta'
[6.466s] Level 1:colcon.colcon_core.package_identification:_identify(Orchestrator/ros2_labremoto/src/my_mas) by extensions ['ros']
[6.466s] Level 1:colcon.colcon_core.package_identification:_identify(Orchestrator/ros2_labremoto/src/my_mas) by extension 'ros'
[6.469s] DEBUG:colcon.colcon_core.package_identification:Package 'Orchestrator/ros2_labremoto/src/my_mas' with type 'ros.ament_cmake' and name 'my_mas'
[6.470s] Level 1:colcon.colcon_core.package_identification:_identify(Orchestrator/ros2_labremoto/src/py_pubsub) by extensions ['ignore', 'ignore_ament_install']
[6.470s] Level 1:colcon.colcon_core.package_identification:_identify(Orchestrator/ros2_labremoto/src/py_pubsub) by extension 'ignore'
[6.470s] Level 1:colcon.colcon_core.package_identification:_identify(Orchestrator/ros2_labremoto/src/py_pubsub) by extension 'ignore_ament_install'
[6.471s] Level 1:colcon.colcon_core.package_identification:_identify(Orchestrator/ros2_labremoto/src/py_pubsub) by extensions ['colcon_pkg']
[6.471s] Level 1:colcon.colcon_core.package_identification:_identify(Orchestrator/ros2_labremoto/src/py_pubsub) by extension 'colcon_pkg'
[6.471s] Level 1:colcon.colcon_core.package_identification:_identify(Orchestrator/ros2_labremoto/src/py_pubsub) by extensions ['colcon_meta']
[6.471s] Level 1:colcon.colcon_core.package_identification:_identify(Orchestrator/ros2_labremoto/src/py_pubsub) by extension 'colcon_meta'
[6.471s] Level 1:colcon.colcon_core.package_identification:_identify(Orchestrator/ros2_labremoto/src/py_pubsub) by extensions ['ros']
[6.471s] Level 1:colcon.colcon_core.package_identification:_identify(Orchestrator/ros2_labremoto/src/py_pubsub) by extension 'ros'
[6.474s] DEBUG:colcon.colcon_core.package_identification:Package 'Orchestrator/ros2_labremoto/src/py_pubsub' with type 'ros.ament_python' and name 'py_pubsub'
[6.474s] Level 1:colcon.colcon_core.package_identification:_identify(build) by extensions ['ignore', 'ignore_ament_install']
[6.475s] Level 1:colcon.colcon_core.package_identification:_identify(build) by extension 'ignore'
[6.475s] Level 1:colcon.colcon_core.package_identification:_identify(build) ignored
[6.475s] Level 1:colcon.colcon_core.package_identification:_identify(install) by extensions ['ignore', 'ignore_ament_install']
[6.476s] Level 1:colcon.colcon_core.package_identification:_identify(install) by extension 'ignore'
[6.476s] Level 1:colcon.colcon_core.package_identification:_identify(install) ignored
[6.476s] Level 1:colcon.colcon_core.package_identification:_identify(log) by extensions ['ignore', 'ignore_ament_install']
[6.476s] Level 1:colcon.colcon_core.package_identification:_identify(log) by extension 'ignore'
[6.477s] Level 1:colcon.colcon_core.package_identification:_identify(log) ignored
[6.477s] Level 1:colcon.colcon_core.package_identification:_identify(web_site) by extensions ['ignore', 'ignore_ament_install']
[6.477s] Level 1:colcon.colcon_core.package_identification:_identify(web_site) by extension 'ignore'
[6.478s] Level 1:colcon.colcon_core.package_identification:_identify(web_site) by extension 'ignore_ament_install'
[6.478s] Level 1:colcon.colcon_core.package_identification:_identify(web_site) by extensions ['colcon_pkg']
[6.478s] Level 1:colcon.colcon_core.package_identification:_identify(web_site) by extension 'colcon_pkg'
[6.478s] Level 1:colcon.colcon_core.package_identification:_identify(web_site) by extensions ['colcon_meta']
[6.478s] Level 1:colcon.colcon_core.package_identification:_identify(web_site) by extension 'colcon_meta'
[6.479s] Level 1:colcon.colcon_core.package_identification:_identify(web_site) by extensions ['ros']
[6.479s] Level 1:colcon.colcon_core.package_identification:_identify(web_site) by extension 'ros'
[6.479s] Level 1:colcon.colcon_core.package_identification:_identify(web_site) by extensions ['cmake', 'python']
[6.479s] Level 1:colcon.colcon_core.package_identification:_identify(web_site) by extension 'cmake'
[6.479s] Level 1:colcon.colcon_core.package_identification:_identify(web_site) by extension 'python'
[6.479s] Level 1:colcon.colcon_core.package_identification:_identify(web_site) by extensions ['python_setup_py']
[6.480s] Level 1:colcon.colcon_core.package_identification:_identify(web_site) by extension 'python_setup_py'
[6.480s] Level 1:colcon.colcon_core.package_identification:_identify(web_site/backend) by extensions ['ignore', 'ignore_ament_install']
[6.480s] Level 1:colcon.colcon_core.package_identification:_identify(web_site/backend) by extension 'ignore'
[6.481s] Level 1:colcon.colcon_core.package_identification:_identify(web_site/backend) by extension 'ignore_ament_install'
[6.481s] Level 1:colcon.colcon_core.package_identification:_identify(web_site/backend) by extensions ['colcon_pkg']
[6.481s] Level 1:colcon.colcon_core.package_identification:_identify(web_site/backend) by extension 'colcon_pkg'
[6.481s] Level 1:colcon.colcon_core.package_identification:_identify(web_site/backend) by extensions ['colcon_meta']
[6.481s] Level 1:colcon.colcon_core.package_identification:_identify(web_site/backend) by extension 'colcon_meta'
[6.482s] Level 1:colcon.colcon_core.package_identification:_identify(web_site/backend) by extensions ['ros']
[6.482s] Level 1:colcon.colcon_core.package_identification:_identify(web_site/backend) by extension 'ros'
[6.482s] Level 1:colcon.colcon_core.package_identification:_identify(web_site/backend) by extensions ['cmake', 'python']
[6.482s] Level 1:colcon.colcon_core.package_identification:_identify(web_site/backend) by extension 'cmake'
[6.482s] Level 1:colcon.colcon_core.package_identification:_identify(web_site/backend) by extension 'python'
[6.483s] Level 1:colcon.colcon_core.package_identification:_identify(web_site/backend) by extensions ['python_setup_py']
[6.483s] Level 1:colcon.colcon_core.package_identification:_identify(web_site/backend) by extension 'python_setup_py'
[6.483s] Level 1:colcon.colcon_core.package_identification:_identify(web_site/frontend) by extensions ['ignore', 'ignore_ament_install']
[6.483s] Level 1:colcon.colcon_core.package_identification:_identify(web_site/frontend) by extension 'ignore'
[6.484s] Level 1:colcon.colcon_core.package_identification:_identify(web_site/frontend) by extension 'ignore_ament_install'
[6.484s] Level 1:colcon.colcon_core.package_identification:_identify(web_site/frontend) by extensions ['colcon_pkg']
[6.484s] Level 1:colcon.colcon_core.package_identification:_identify(web_site/frontend) by extension 'colcon_pkg'
[6.484s] Level 1:colcon.colcon_core.package_identification:_identify(web_site/frontend) by extensions ['colcon_meta']
[6.484s] Level 1:colcon.colcon_core.package_identification:_identify(web_site/frontend) by extension 'colcon_meta'
[6.484s] Level 1:colcon.colcon_core.package_identification:_identify(web_site/frontend) by extensions ['ros']
[6.485s] Level 1:colcon.colcon_core.package_identification:_identify(web_site/frontend) by extension 'ros'
[6.485s] Level 1:colcon.colcon_core.package_identification:_identify(web_site/frontend) by extensions ['cmake', 'python']
[6.485s] Level 1:colcon.colcon_core.package_identification:_identify(web_site/frontend) by extension 'cmake'
[6.485s] Level 1:colcon.colcon_core.package_identification:_identify(web_site/frontend) by extension 'python'
[6.485s] Level 1:colcon.colcon_core.package_identification:_identify(web_site/frontend) by extensions ['python_setup_py']
[6.486s] Level 1:colcon.colcon_core.package_identification:_identify(web_site/frontend) by extension 'python_setup_py'
[6.486s] Level 1:colcon.colcon_core.package_discovery:discover_packages(recursive) using defaults
[6.486s] Level 1:colcon.colcon_core.package_discovery:discover_packages(ignore) discover
[6.486s] Level 1:colcon.colcon_core.package_discovery:discover_packages(ignore) using defaults
[6.486s] Level 1:colcon.colcon_core.package_discovery:discover_packages(path) discover
[6.486s] Level 1:colcon.colcon_core.package_discovery:discover_packages(path) using defaults
[6.912s] INFO:colcon.colcon_core.package_selection:Skipping not selected package 'hardware' in 'Orchestrator/ros2_labremoto/src/hardware'
[6.912s] INFO:colcon.colcon_core.package_selection:Skipping not selected package 'my_mas' in 'Orchestrator/ros2_labremoto/src/my_mas'
[7.150s] Level 1:colcon.colcon_core.package_discovery:discover_packages(prefix_path) check parameters
[7.150s] Level 1:colcon.colcon_core.package_discovery:discover_packages(prefix_path) discover
[7.335s] DEBUG:colcon.colcon_installed_package_information.package_discovery:Found 11 installed packages in /home/ffelix07/Documents/LabRemo/Orchestrator/ros2_labremoto/install
[7.422s] DEBUG:colcon.colcon_installed_package_information.package_discovery:Found 2 installed packages in /home/ffelix07/Documents/LabRemo/Orchestrator/ros2_labremoto/src/install
[7.511s] DEBUG:colcon.colcon_installed_package_information.package_discovery:Found 275 installed packages in /opt/ros/humble
[7.518s] Level 1:colcon.colcon_core.package_discovery:discover_packages(prefix_path) using defaults
[7.899s] WARNING:colcon.colcon_core.package_selection:Some selected packages are already built in one or more underlay workspaces:
	'py_pubsub' is in: /home/ffelix07/Documents/LabRemo/Orchestrator/ros2_labremoto/install/py_pubsub
If a package in a merged underlay workspace is overridden and it installs headers, then all packages in the overlay must sort their include directories by workspace order. Failure to do so may result in build failures or undefined behavior at run time.
If the overridden package is used by another package in any underlay, then the overriding package in the overlay must be API and ABI compatible or undefined behavior at run time may occur.

If you understand the risks and want to override a package anyways, add the following to the command line:
	--allow-overriding py_pubsub

This may be promoted to an error in a future release of colcon-override-check.
[7.998s] Level 5:colcon.colcon_core.verb:set package 'py_pubsub' build argument 'cmake_args' from command line to 'None'
[7.998s] Level 5:colcon.colcon_core.verb:set package 'py_pubsub' build argument 'cmake_target' from command line to 'None'
[7.998s] Level 5:colcon.colcon_core.verb:set package 'py_pubsub' build argument 'cmake_target_skip_unavailable' from command line to 'False'
[7.998s] Level 5:colcon.colcon_core.verb:set package 'py_pubsub' build argument 'cmake_clean_cache' from command line to 'False'
[7.998s] Level 5:colcon.colcon_core.verb:set package 'py_pubsub' build argument 'cmake_clean_first' from command line to 'False'
[7.999s] Level 5:colcon.colcon_core.verb:set package 'py_pubsub' build argument 'cmake_force_configure' from command line to 'False'
[7.999s] Level 5:colcon.colcon_core.verb:set package 'py_pubsub' build argument 'ament_cmake_args' from command line to 'None'
[7.999s] Level 5:colcon.colcon_core.verb:set package 'py_pubsub' build argument 'catkin_cmake_args' from command line to 'None'
[7.999s] Level 5:colcon.colcon_core.verb:set package 'py_pubsub' build argument 'catkin_skip_building_tests' from command line to 'False'
[7.999s] DEBUG:colcon.colcon_core.verb:Building package 'py_pubsub' with the following arguments: {'ament_cmake_args': None, 'build_base': '/home/ffelix07/Documents/LabRemo/build/py_pubsub', 'catkin_cmake_args': None, 'catkin_skip_building_tests': False, 'cmake_args': None, 'cmake_clean_cache': False, 'cmake_clean_first': False, 'cmake_force_configure': False, 'cmake_target': None, 'cmake_target_skip_unavailable': False, 'install_base': '/home/ffelix07/Documents/LabRemo/install/py_pubsub', 'merge_install': False, 'path': '/home/ffelix07/Documents/LabRemo/Orchestrator/ros2_labremoto/src/py_pubsub', 'symlink_install': False, 'test_result_base': None}
[8.092s] INFO:colcon.colcon_core.executor:Executing jobs using 'parallel' executor
[8.179s] DEBUG:colcon.colcon_parallel_executor.executor.parallel:run_until_complete
[8.179s] INFO:colcon.colcon_ros.task.ament_python.build:Building ROS package in '/home/ffelix07/Documents/LabRemo/Orchestrator/ros2_labremoto/src/py_pubsub' with build type 'ament_python'
[8.180s] Level 1:colcon.colcon_core.shell:create_environment_hook('py_pubsub', 'ament_prefix_path')
[8.292s] INFO:colcon.colcon_core.plugin_system:Skipping extension 'colcon_core.shell.bat': Not used on non-Windows systems
[8.293s] INFO:colcon.colcon_core.shell:Creating environment hook '/home/ffelix07/Documents/LabRemo/install/py_pubsub/share/py_pubsub/hook/ament_prefix_path.ps1'
[8.295s] INFO:colcon.colcon_core.shell:Creating environment descriptor '/home/ffelix07/Documents/LabRemo/install/py_pubsub/share/py_pubsub/hook/ament_prefix_path.dsv'
[8.297s] INFO:colcon.colcon_core.shell:Creating environment hook '/home/ffelix07/Documents/LabRemo/install/py_pubsub/share/py_pubsub/hook/ament_prefix_path.sh'
[8.391s] INFO:colcon.colcon_core.shell:Skip shell extension 'powershell' for command environment: Not usable outside of PowerShell
[8.392s] DEBUG:colcon.colcon_core.shell:Skip shell extension 'dsv' for command environment
[8.798s] WARNING:colcon.colcon_core.shell:The following packages are in the workspace but haven't been built:
- my_mas
They are being used from the following locations instead:
- /home/ffelix07/Documents/LabRemo/Orchestrator/ros2_labremoto/install/my_mas
To suppress this warning ignore these packages in the workspace:
--packages-ignore my_mas
[9.764s] INFO:colcon.colcon_core.task.python.build:Building Python package in '/home/ffelix07/Documents/LabRemo/Orchestrator/ros2_labremoto/src/py_pubsub'
[9.891s] INFO:colcon.colcon_core.shell:Skip shell extension 'powershell' for command environment: Not usable outside of PowerShell
[9.892s] DEBUG:colcon.colcon_core.shell:Skip shell extension 'dsv' for command environment
[14.359s] DEBUG:colcon.colcon_core.event_handler.log_command:Invoking command in '/home/ffelix07/Documents/LabRemo/Orchestrator/ros2_labremoto/src/py_pubsub': CONDA_PROMPT_MODIFIER=(base) PYTHONPATH=/home/ffelix07/Documents/LabRemo/build/py_pubsub/prefix_override:/home/ffelix07/Documents/LabRemo/install/py_pubsub/lib/python3.10/site-packages:${PYTHONPATH} /usr/bin/python3 setup.py egg_info --egg-base ../../../../build/py_pubsub build --build-base /home/ffelix07/Documents/LabRemo/build/py_pubsub/build install --record /home/ffelix07/Documents/LabRemo/build/py_pubsub/install.log --single-version-externally-managed
[16.924s] DEBUG:colcon.colcon_core.event_handler.log_command:Invoked command in '/home/ffelix07/Documents/LabRemo/Orchestrator/ros2_labremoto/src/py_pubsub' returned '0': CONDA_PROMPT_MODIFIER=(base) PYTHONPATH=/home/ffelix07/Documents/LabRemo/build/py_pubsub/prefix_override:/home/ffelix07/Documents/LabRemo/install/py_pubsub/lib/python3.10/site-packages:${PYTHONPATH} /usr/bin/python3 setup.py egg_info --egg-base ../../../../build/py_pubsub build --build-base /home/ffelix07/Documents/LabRemo/build/py_pubsub/build install --record /home/ffelix07/Documents/LabRemo/build/py_pubsub/install.log --single-version-externally-managed
[17.036s] Level 1:colcon.colcon_core.environment:checking '/home/ffelix07/Documents/LabRemo/install/py_pubsub' for CMake module files
[17.038s] Level 1:colcon.colcon_core.environment:checking '/home/ffelix07/Documents/LabRemo/install/py_pubsub' for CMake config files
[17.040s] Level 1:colcon.colcon_core.environment:checking '/home/ffelix07/Documents/LabRemo/install/py_pubsub/lib'
[17.041s] Level 1:colcon.colcon_core.environment:checking '/home/ffelix07/Documents/LabRemo/install/py_pubsub/bin'
[17.041s] Level 1:colcon.colcon_core.environment:checking '/home/ffelix07/Documents/LabRemo/install/py_pubsub/lib/pkgconfig/py_pubsub.pc'
[17.042s] Level 1:colcon.colcon_core.environment:checking '/home/ffelix07/Documents/LabRemo/install/py_pubsub/lib/python3.10/site-packages'
[17.042s] Level 1:colcon.colcon_core.shell:create_environment_hook('py_pubsub', 'pythonpath')
[17.135s] INFO:colcon.colcon_core.shell:Creating environment hook '/home/ffelix07/Documents/LabRemo/install/py_pubsub/share/py_pubsub/hook/pythonpath.ps1'
[17.137s] INFO:colcon.colcon_core.shell:Creating environment descriptor '/home/ffelix07/Documents/LabRemo/install/py_pubsub/share/py_pubsub/hook/pythonpath.dsv'
[17.138s] INFO:colcon.colcon_core.shell:Creating environment hook '/home/ffelix07/Documents/LabRemo/install/py_pubsub/share/py_pubsub/hook/pythonpath.sh'
[17.140s] Level 1:colcon.colcon_core.environment:checking '/home/ffelix07/Documents/LabRemo/install/py_pubsub/bin'
[17.141s] Level 1:colcon.colcon_core.environment:create_environment_scripts_only(py_pubsub)
[17.233s] INFO:colcon.colcon_core.shell:Creating package script '/home/ffelix07/Documents/LabRemo/install/py_pubsub/share/py_pubsub/package.ps1'
[17.237s] INFO:colcon.colcon_core.shell:Creating package descriptor '/home/ffelix07/Documents/LabRemo/install/py_pubsub/share/py_pubsub/package.dsv'
[17.239s] INFO:colcon.colcon_core.shell:Creating package script '/home/ffelix07/Documents/LabRemo/install/py_pubsub/share/py_pubsub/package.sh'
[17.242s] INFO:colcon.colcon_core.shell:Creating package script '/home/ffelix07/Documents/LabRemo/install/py_pubsub/share/py_pubsub/package.bash'
[17.245s] INFO:colcon.colcon_core.shell:Creating package script '/home/ffelix07/Documents/LabRemo/install/py_pubsub/share/py_pubsub/package.zsh'
[17.248s] Level 1:colcon.colcon_core.environment:create_file_with_runtime_dependencies(/home/ffelix07/Documents/LabRemo/install/py_pubsub/share/colcon-core/packages/py_pubsub)
[17.249s] DEBUG:colcon.colcon_parallel_executor.executor.parallel:closing loop
[17.250s] DEBUG:colcon.colcon_parallel_executor.executor.parallel:loop closed
[17.251s] DEBUG:colcon.colcon_parallel_executor.executor.parallel:run_until_complete finished with '0'
[17.251s] DEBUG:colcon.colcon_core.event_reactor:joining thread
[17.399s] INFO:colcon.colcon_core.plugin_system:Skipping extension 'colcon_notification.desktop_notification.terminal_notifier': Not used on non-Darwin systems
[17.400s] INFO:colcon.colcon_core.plugin_system:Skipping extension 'colcon_notification.desktop_notification.win32': Not used on non-Windows systems
[17.401s] INFO:colcon.colcon_notification.desktop_notification:Sending desktop notification using 'notify2'
[17.463s] DEBUG:colcon.colcon_core.event_reactor:joined thread
[17.581s] INFO:colcon.colcon_core.shell:Creating prefix script '/home/ffelix07/Documents/LabRemo/install/local_setup.ps1'
[17.585s] INFO:colcon.colcon_core.shell:Creating prefix util module '/home/ffelix07/Documents/LabRemo/install/_local_setup_util_ps1.py'
[17.589s] INFO:colcon.colcon_core.shell:Creating prefix chain script '/home/ffelix07/Documents/LabRemo/install/setup.ps1'
[17.693s] INFO:colcon.colcon_core.shell:Creating prefix script '/home/ffelix07/Documents/LabRemo/install/local_setup.sh'
[17.695s] INFO:colcon.colcon_core.shell:Creating prefix util module '/home/ffelix07/Documents/LabRemo/install/_local_setup_util_sh.py'
[17.697s] INFO:colcon.colcon_core.shell:Creating prefix chain script '/home/ffelix07/Documents/LabRemo/install/setup.sh'
[17.788s] INFO:colcon.colcon_core.shell:Creating prefix script '/home/ffelix07/Documents/LabRemo/install/local_setup.bash'
[17.790s] INFO:colcon.colcon_core.shell:Creating prefix chain script '/home/ffelix07/Documents/LabRemo/install/setup.bash'
[17.879s] INFO:colcon.colcon_core.shell:Creating prefix script '/home/ffelix07/Documents/LabRemo/install/local_setup.zsh'
[17.881s] INFO:colcon.colcon_core.shell:Creating prefix chain script '/home/ffelix07/Documents/LabRemo/install/setup.zsh'
