[0.078s] Invoking command in '/home/ffelix07/Documents/LabRemo/Orchestrator/ros2_labremoto/build/my_mas': CMAKE_PREFIX_PATH=${CMAKE_PREFIX_PATH}:/home/ffelix07/Documents/LabRemo/Orchestrator/ros2_labremoto/install/py_pubsub:/home/ffelix07/Documents/LabRemo/Orchestrator/ros2_labremoto/install/nodes_comunication:/home/ffelix07/Documents/LabRemo/Orchestrator/ros2_labremoto/install/hardware:/opt/ros/humble /usr/bin/cmake --build /home/ffelix07/Documents/LabRemo/Orchestrator/ros2_labremoto/build/my_mas -- -j4 -l4
[0.305s] [  2%] Built target my_mas__cpp
[0.343s] [ 12%] Built target my_mas__rosidl_generator_c
[0.348s] [ 12%] Built target ament_cmake_python_copy_my_mas
[0.454s] [ 23%] Built target my_mas__rosidl_typesupport_cpp
[0.493s] [ 34%] Built target my_mas__rosidl_typesupport_introspection_cpp
[0.514s] [ 46%] Built target my_mas__rosidl_typesupport_fastrtps_c
[0.515s] [ 55%] Built target my_mas__rosidl_typesupport_fastrtps_cpp
[0.578s] [ 65%] Built target my_mas__rosidl_typesupport_introspection_c
[0.593s] [ 76%] Built target my_mas__rosidl_typesupport_c
[0.658s] [ 76%] Built target my_mas
[0.731s] [ 78%] Built target my_mas__py
[0.795s] [ 87%] Built target my_mas__rosidl_generator_py
[0.923s] [ 93%] Built target my_mas__rosidl_typesupport_fastrtps_c__pyext
[0.924s] [ 95%] Built target my_mas__rosidl_typesupport_introspection_c__pyext
[0.939s] [100%] Built target my_mas__rosidl_typesupport_c__pyext
[1.479s] running egg_info
[1.481s] writing my_mas.egg-info/PKG-INFO
[1.483s] writing dependency_links to my_mas.egg-info/dependency_links.txt
[1.483s] writing top-level names to my_mas.egg-info/top_level.txt
[1.490s] reading manifest file 'my_mas.egg-info/SOURCES.txt'
[1.493s] writing manifest file 'my_mas.egg-info/SOURCES.txt'
[1.587s] [100%] Built target ament_cmake_python_build_my_mas_egg
[1.619s] Invoked command in '/home/ffelix07/Documents/LabRemo/Orchestrator/ros2_labremoto/build/my_mas' returned '0': CMAKE_PREFIX_PATH=${CMAKE_PREFIX_PATH}:/home/ffelix07/Documents/LabRemo/Orchestrator/ros2_labremoto/install/py_pubsub:/home/ffelix07/Documents/LabRemo/Orchestrator/ros2_labremoto/install/nodes_comunication:/home/ffelix07/Documents/LabRemo/Orchestrator/ros2_labremoto/install/hardware:/opt/ros/humble /usr/bin/cmake --build /home/ffelix07/Documents/LabRemo/Orchestrator/ros2_labremoto/build/my_mas -- -j4 -l4
[1.913s] Invoking command in '/home/ffelix07/Documents/LabRemo/Orchestrator/ros2_labremoto/build/my_mas': CMAKE_PREFIX_PATH=${CMAKE_PREFIX_PATH}:/home/ffelix07/Documents/LabRemo/Orchestrator/ros2_labremoto/install/py_pubsub:/home/ffelix07/Documents/LabRemo/Orchestrator/ros2_labremoto/install/nodes_comunication:/home/ffelix07/Documents/LabRemo/Orchestrator/ros2_labremoto/install/hardware:/opt/ros/humble /usr/bin/cmake --install /home/ffelix07/Documents/LabRemo/Orchestrator/ros2_labremoto/build/my_mas
[1.935s] -- Install configuration: ""
[1.935s] -- Up-to-date: /home/ffelix07/Documents/LabRemo/Orchestrator/ros2_labremoto/install/my_mas/share/ament_index/resource_index/rosidl_interfaces/my_mas
[1.936s] -- Up-to-date: /home/ffelix07/Documents/LabRemo/Orchestrator/ros2_labremoto/install/my_mas/include/my_mas/my_mas
[1.936s] -- Up-to-date: /home/ffelix07/Documents/LabRemo/Orchestrator/ros2_labremoto/install/my_mas/include/my_mas/my_mas/srv
[1.936s] -- Up-to-date: /home/ffelix07/Documents/LabRemo/Orchestrator/ros2_labremoto/install/my_mas/include/my_mas/my_mas/srv/detail
[1.936s] -- Up-to-date: /home/ffelix07/Documents/LabRemo/Orchestrator/ros2_labremoto/install/my_mas/include/my_mas/my_mas/srv/detail/load_file__functions.c
[1.939s] -- Up-to-date: /home/ffelix07/Documents/LabRemo/Orchestrator/ros2_labremoto/install/my_mas/include/my_mas/my_mas/srv/detail/load_file__type_support.h
[1.940s] -- Up-to-date: /home/ffelix07/Documents/LabRemo/Orchestrator/ros2_labremoto/install/my_mas/include/my_mas/my_mas/srv/detail/load_file__struct.h
[1.940s] -- Up-to-date: /home/ffelix07/Documents/LabRemo/Orchestrator/ros2_labremoto/install/my_mas/include/my_mas/my_mas/srv/detail/load_file__functions.h
[1.940s] -- Up-to-date: /home/ffelix07/Documents/LabRemo/Orchestrator/ros2_labremoto/install/my_mas/include/my_mas/my_mas/srv/load_file.h
[1.941s] -- Up-to-date: /home/ffelix07/Documents/LabRemo/Orchestrator/ros2_labremoto/install/my_mas/include/my_mas/my_mas/action
[1.941s] -- Up-to-date: /home/ffelix07/Documents/LabRemo/Orchestrator/ros2_labremoto/install/my_mas/include/my_mas/my_mas/action/fibonacci.h
[1.942s] -- Up-to-date: /home/ffelix07/Documents/LabRemo/Orchestrator/ros2_labremoto/install/my_mas/include/my_mas/my_mas/action/detail
[1.942s] -- Up-to-date: /home/ffelix07/Documents/LabRemo/Orchestrator/ros2_labremoto/install/my_mas/include/my_mas/my_mas/action/detail/fibonacci__functions.c
[1.942s] -- Up-to-date: /home/ffelix07/Documents/LabRemo/Orchestrator/ros2_labremoto/install/my_mas/include/my_mas/my_mas/action/detail/fibonacci__functions.h
[1.952s] -- Up-to-date: /home/ffelix07/Documents/LabRemo/Orchestrator/ros2_labremoto/install/my_mas/include/my_mas/my_mas/action/detail/fibonacci__type_support.h
[1.953s] -- Up-to-date: /home/ffelix07/Documents/LabRemo/Orchestrator/ros2_labremoto/install/my_mas/include/my_mas/my_mas/action/detail/fibonacci__struct.h
[1.956s] -- Up-to-date: /home/ffelix07/Documents/LabRemo/Orchestrator/ros2_labremoto/install/my_mas/include/my_mas/my_mas/msg
[1.957s] -- Up-to-date: /home/ffelix07/Documents/LabRemo/Orchestrator/ros2_labremoto/install/my_mas/include/my_mas/my_mas/msg/sensor_measurment.h
[1.958s] -- Up-to-date: /home/ffelix07/Documents/LabRemo/Orchestrator/ros2_labremoto/install/my_mas/include/my_mas/my_mas/msg/rosidl_generator_c__visibility_control.h
[1.958s] -- Up-to-date: /home/ffelix07/Documents/LabRemo/Orchestrator/ros2_labremoto/install/my_mas/include/my_mas/my_mas/msg/detail
[1.959s] -- Up-to-date: /home/ffelix07/Documents/LabRemo/Orchestrator/ros2_labremoto/install/my_mas/include/my_mas/my_mas/msg/detail/sensor_measurment__type_support.h
[1.960s] -- Up-to-date: /home/ffelix07/Documents/LabRemo/Orchestrator/ros2_labremoto/install/my_mas/include/my_mas/my_mas/msg/detail/sensor_measurment__struct.h
[1.961s] -- Up-to-date: /home/ffelix07/Documents/LabRemo/Orchestrator/ros2_labremoto/install/my_mas/include/my_mas/my_mas/msg/detail/sensor_measurment__functions.h
[1.961s] -- Up-to-date: /home/ffelix07/Documents/LabRemo/Orchestrator/ros2_labremoto/install/my_mas/include/my_mas/my_mas/msg/detail/sensor_measurment__functions.c
[1.962s] -- Up-to-date: /home/ffelix07/Documents/LabRemo/Orchestrator/ros2_labremoto/install/my_mas/share/my_mas/environment/library_path.sh
[1.962s] -- Up-to-date: /home/ffelix07/Documents/LabRemo/Orchestrator/ros2_labremoto/install/my_mas/share/my_mas/environment/library_path.dsv
[1.962s] -- Up-to-date: /home/ffelix07/Documents/LabRemo/Orchestrator/ros2_labremoto/install/my_mas/lib/libmy_mas__rosidl_generator_c.so
[1.963s] -- Up-to-date: /home/ffelix07/Documents/LabRemo/Orchestrator/ros2_labremoto/install/my_mas/include/my_mas/my_mas
[1.963s] -- Up-to-date: /home/ffelix07/Documents/LabRemo/Orchestrator/ros2_labremoto/install/my_mas/include/my_mas/my_mas/srv
[1.963s] -- Up-to-date: /home/ffelix07/Documents/LabRemo/Orchestrator/ros2_labremoto/install/my_mas/include/my_mas/my_mas/srv/detail
[1.967s] -- Up-to-date: /home/ffelix07/Documents/LabRemo/Orchestrator/ros2_labremoto/install/my_mas/include/my_mas/my_mas/srv/detail/load_file__rosidl_typesupport_fastrtps_c.h
[1.967s] -- Up-to-date: /home/ffelix07/Documents/LabRemo/Orchestrator/ros2_labremoto/install/my_mas/include/my_mas/my_mas/action
[1.968s] -- Up-to-date: /home/ffelix07/Documents/LabRemo/Orchestrator/ros2_labremoto/install/my_mas/include/my_mas/my_mas/action/detail
[1.968s] -- Up-to-date: /home/ffelix07/Documents/LabRemo/Orchestrator/ros2_labremoto/install/my_mas/include/my_mas/my_mas/action/detail/fibonacci__rosidl_typesupport_fastrtps_c.h
[1.968s] -- Up-to-date: /home/ffelix07/Documents/LabRemo/Orchestrator/ros2_labremoto/install/my_mas/include/my_mas/my_mas/msg
[1.969s] -- Up-to-date: /home/ffelix07/Documents/LabRemo/Orchestrator/ros2_labremoto/install/my_mas/include/my_mas/my_mas/msg/rosidl_typesupport_fastrtps_c__visibility_control.h
[1.969s] -- Up-to-date: /home/ffelix07/Documents/LabRemo/Orchestrator/ros2_labremoto/install/my_mas/include/my_mas/my_mas/msg/detail
[1.969s] -- Up-to-date: /home/ffelix07/Documents/LabRemo/Orchestrator/ros2_labremoto/install/my_mas/include/my_mas/my_mas/msg/detail/sensor_measurment__rosidl_typesupport_fastrtps_c.h
[1.970s] -- Up-to-date: /home/ffelix07/Documents/LabRemo/Orchestrator/ros2_labremoto/install/my_mas/lib/libmy_mas__rosidl_typesupport_fastrtps_c.so
[1.970s] -- Up-to-date: /home/ffelix07/Documents/LabRemo/Orchestrator/ros2_labremoto/install/my_mas/include/my_mas/my_mas
[1.970s] -- Up-to-date: /home/ffelix07/Documents/LabRemo/Orchestrator/ros2_labremoto/install/my_mas/include/my_mas/my_mas/srv
[1.971s] -- Up-to-date: /home/ffelix07/Documents/LabRemo/Orchestrator/ros2_labremoto/install/my_mas/include/my_mas/my_mas/srv/detail
[1.971s] -- Up-to-date: /home/ffelix07/Documents/LabRemo/Orchestrator/ros2_labremoto/install/my_mas/include/my_mas/my_mas/srv/detail/load_file__rosidl_typesupport_introspection_c.h
[1.971s] -- Up-to-date: /home/ffelix07/Documents/LabRemo/Orchestrator/ros2_labremoto/install/my_mas/include/my_mas/my_mas/srv/detail/load_file__type_support.c
[1.972s] -- Up-to-date: /home/ffelix07/Documents/LabRemo/Orchestrator/ros2_labremoto/install/my_mas/include/my_mas/my_mas/action
[1.972s] -- Up-to-date: /home/ffelix07/Documents/LabRemo/Orchestrator/ros2_labremoto/install/my_mas/include/my_mas/my_mas/action/detail
[1.973s] -- Up-to-date: /home/ffelix07/Documents/LabRemo/Orchestrator/ros2_labremoto/install/my_mas/include/my_mas/my_mas/action/detail/fibonacci__rosidl_typesupport_introspection_c.h
[1.973s] -- Up-to-date: /home/ffelix07/Documents/LabRemo/Orchestrator/ros2_labremoto/install/my_mas/include/my_mas/my_mas/action/detail/fibonacci__type_support.c
[1.973s] -- Up-to-date: /home/ffelix07/Documents/LabRemo/Orchestrator/ros2_labremoto/install/my_mas/include/my_mas/my_mas/msg
[1.973s] -- Up-to-date: /home/ffelix07/Documents/LabRemo/Orchestrator/ros2_labremoto/install/my_mas/include/my_mas/my_mas/msg/detail
[1.974s] -- Up-to-date: /home/ffelix07/Documents/LabRemo/Orchestrator/ros2_labremoto/install/my_mas/include/my_mas/my_mas/msg/detail/sensor_measurment__rosidl_typesupport_introspection_c.h
[1.974s] -- Up-to-date: /home/ffelix07/Documents/LabRemo/Orchestrator/ros2_labremoto/install/my_mas/include/my_mas/my_mas/msg/detail/sensor_measurment__type_support.c
[1.974s] -- Up-to-date: /home/ffelix07/Documents/LabRemo/Orchestrator/ros2_labremoto/install/my_mas/include/my_mas/my_mas/msg/rosidl_typesupport_introspection_c__visibility_control.h
[1.975s] -- Up-to-date: /home/ffelix07/Documents/LabRemo/Orchestrator/ros2_labremoto/install/my_mas/lib/libmy_mas__rosidl_typesupport_introspection_c.so
[1.975s] -- Up-to-date: /home/ffelix07/Documents/LabRemo/Orchestrator/ros2_labremoto/install/my_mas/lib/libmy_mas__rosidl_typesupport_c.so
[1.975s] -- Up-to-date: /home/ffelix07/Documents/LabRemo/Orchestrator/ros2_labremoto/install/my_mas/include/my_mas/my_mas
[1.976s] -- Up-to-date: /home/ffelix07/Documents/LabRemo/Orchestrator/ros2_labremoto/install/my_mas/include/my_mas/my_mas/srv
[1.976s] -- Up-to-date: /home/ffelix07/Documents/LabRemo/Orchestrator/ros2_labremoto/install/my_mas/include/my_mas/my_mas/srv/load_file.hpp
[1.976s] -- Up-to-date: /home/ffelix07/Documents/LabRemo/Orchestrator/ros2_labremoto/install/my_mas/include/my_mas/my_mas/srv/detail
[1.977s] -- Up-to-date: /home/ffelix07/Documents/LabRemo/Orchestrator/ros2_labremoto/install/my_mas/include/my_mas/my_mas/srv/detail/load_file__struct.hpp
[1.977s] -- Up-to-date: /home/ffelix07/Documents/LabRemo/Orchestrator/ros2_labremoto/install/my_mas/include/my_mas/my_mas/srv/detail/load_file__builder.hpp
[1.978s] -- Up-to-date: /home/ffelix07/Documents/LabRemo/Orchestrator/ros2_labremoto/install/my_mas/include/my_mas/my_mas/srv/detail/load_file__traits.hpp
[1.978s] -- Up-to-date: /home/ffelix07/Documents/LabRemo/Orchestrator/ros2_labremoto/install/my_mas/include/my_mas/my_mas/action
[1.978s] -- Up-to-date: /home/ffelix07/Documents/LabRemo/Orchestrator/ros2_labremoto/install/my_mas/include/my_mas/my_mas/action/fibonacci.hpp
[1.979s] -- Up-to-date: /home/ffelix07/Documents/LabRemo/Orchestrator/ros2_labremoto/install/my_mas/include/my_mas/my_mas/action/detail
[1.979s] -- Up-to-date: /home/ffelix07/Documents/LabRemo/Orchestrator/ros2_labremoto/install/my_mas/include/my_mas/my_mas/action/detail/fibonacci__builder.hpp
[1.980s] -- Up-to-date: /home/ffelix07/Documents/LabRemo/Orchestrator/ros2_labremoto/install/my_mas/include/my_mas/my_mas/action/detail/fibonacci__struct.hpp
[1.980s] -- Up-to-date: /home/ffelix07/Documents/LabRemo/Orchestrator/ros2_labremoto/install/my_mas/include/my_mas/my_mas/action/detail/fibonacci__traits.hpp
[1.980s] -- Up-to-date: /home/ffelix07/Documents/LabRemo/Orchestrator/ros2_labremoto/install/my_mas/include/my_mas/my_mas/msg
[1.981s] -- Up-to-date: /home/ffelix07/Documents/LabRemo/Orchestrator/ros2_labremoto/install/my_mas/include/my_mas/my_mas/msg/detail
[1.981s] -- Up-to-date: /home/ffelix07/Documents/LabRemo/Orchestrator/ros2_labremoto/install/my_mas/include/my_mas/my_mas/msg/detail/sensor_measurment__struct.hpp
[1.981s] -- Up-to-date: /home/ffelix07/Documents/LabRemo/Orchestrator/ros2_labremoto/install/my_mas/include/my_mas/my_mas/msg/detail/sensor_measurment__traits.hpp
[1.981s] -- Up-to-date: /home/ffelix07/Documents/LabRemo/Orchestrator/ros2_labremoto/install/my_mas/include/my_mas/my_mas/msg/detail/sensor_measurment__builder.hpp
[1.982s] -- Up-to-date: /home/ffelix07/Documents/LabRemo/Orchestrator/ros2_labremoto/install/my_mas/include/my_mas/my_mas/msg/sensor_measurment.hpp
[1.982s] -- Up-to-date: /home/ffelix07/Documents/LabRemo/Orchestrator/ros2_labremoto/install/my_mas/include/my_mas/my_mas
[1.983s] -- Up-to-date: /home/ffelix07/Documents/LabRemo/Orchestrator/ros2_labremoto/install/my_mas/include/my_mas/my_mas/srv
[1.984s] -- Up-to-date: /home/ffelix07/Documents/LabRemo/Orchestrator/ros2_labremoto/install/my_mas/include/my_mas/my_mas/srv/detail
[1.987s] -- Up-to-date: /home/ffelix07/Documents/LabRemo/Orchestrator/ros2_labremoto/install/my_mas/include/my_mas/my_mas/srv/detail/load_file__rosidl_typesupport_fastrtps_cpp.hpp
[1.988s] -- Up-to-date: /home/ffelix07/Documents/LabRemo/Orchestrator/ros2_labremoto/install/my_mas/include/my_mas/my_mas/srv/detail/dds_fastrtps
[1.988s] -- Up-to-date: /home/ffelix07/Documents/LabRemo/Orchestrator/ros2_labremoto/install/my_mas/include/my_mas/my_mas/action
[1.989s] -- Up-to-date: /home/ffelix07/Documents/LabRemo/Orchestrator/ros2_labremoto/install/my_mas/include/my_mas/my_mas/action/detail
[1.989s] -- Up-to-date: /home/ffelix07/Documents/LabRemo/Orchestrator/ros2_labremoto/install/my_mas/include/my_mas/my_mas/action/detail/dds_fastrtps
[1.990s] -- Up-to-date: /home/ffelix07/Documents/LabRemo/Orchestrator/ros2_labremoto/install/my_mas/include/my_mas/my_mas/action/detail/fibonacci__rosidl_typesupport_fastrtps_cpp.hpp
[1.990s] -- Up-to-date: /home/ffelix07/Documents/LabRemo/Orchestrator/ros2_labremoto/install/my_mas/include/my_mas/my_mas/msg
[1.991s] -- Up-to-date: /home/ffelix07/Documents/LabRemo/Orchestrator/ros2_labremoto/install/my_mas/include/my_mas/my_mas/msg/detail
[1.991s] -- Up-to-date: /home/ffelix07/Documents/LabRemo/Orchestrator/ros2_labremoto/install/my_mas/include/my_mas/my_mas/msg/detail/sensor_measurment__rosidl_typesupport_fastrtps_cpp.hpp
[1.992s] -- Up-to-date: /home/ffelix07/Documents/LabRemo/Orchestrator/ros2_labremoto/install/my_mas/include/my_mas/my_mas/msg/detail/dds_fastrtps
[1.992s] -- Up-to-date: /home/ffelix07/Documents/LabRemo/Orchestrator/ros2_labremoto/install/my_mas/include/my_mas/my_mas/msg/rosidl_typesupport_fastrtps_cpp__visibility_control.h
[1.992s] -- Up-to-date: /home/ffelix07/Documents/LabRemo/Orchestrator/ros2_labremoto/install/my_mas/lib/libmy_mas__rosidl_typesupport_fastrtps_cpp.so
[1.993s] -- Up-to-date: /home/ffelix07/Documents/LabRemo/Orchestrator/ros2_labremoto/install/my_mas/include/my_mas/my_mas
[1.993s] -- Up-to-date: /home/ffelix07/Documents/LabRemo/Orchestrator/ros2_labremoto/install/my_mas/include/my_mas/my_mas/srv
[1.994s] -- Up-to-date: /home/ffelix07/Documents/LabRemo/Orchestrator/ros2_labremoto/install/my_mas/include/my_mas/my_mas/srv/detail
[1.995s] -- Up-to-date: /home/ffelix07/Documents/LabRemo/Orchestrator/ros2_labremoto/install/my_mas/include/my_mas/my_mas/srv/detail/load_file__rosidl_typesupport_introspection_cpp.hpp
[1.995s] -- Up-to-date: /home/ffelix07/Documents/LabRemo/Orchestrator/ros2_labremoto/install/my_mas/include/my_mas/my_mas/srv/detail/load_file__type_support.cpp
[1.996s] -- Up-to-date: /home/ffelix07/Documents/LabRemo/Orchestrator/ros2_labremoto/install/my_mas/include/my_mas/my_mas/action
[1.996s] -- Up-to-date: /home/ffelix07/Documents/LabRemo/Orchestrator/ros2_labremoto/install/my_mas/include/my_mas/my_mas/action/detail
[1.997s] -- Up-to-date: /home/ffelix07/Documents/LabRemo/Orchestrator/ros2_labremoto/install/my_mas/include/my_mas/my_mas/action/detail/fibonacci__rosidl_typesupport_introspection_cpp.hpp
[1.998s] -- Up-to-date: /home/ffelix07/Documents/LabRemo/Orchestrator/ros2_labremoto/install/my_mas/include/my_mas/my_mas/action/detail/fibonacci__type_support.cpp
[1.998s] -- Up-to-date: /home/ffelix07/Documents/LabRemo/Orchestrator/ros2_labremoto/install/my_mas/include/my_mas/my_mas/msg
[1.998s] -- Up-to-date: /home/ffelix07/Documents/LabRemo/Orchestrator/ros2_labremoto/install/my_mas/include/my_mas/my_mas/msg/detail
[1.999s] -- Up-to-date: /home/ffelix07/Documents/LabRemo/Orchestrator/ros2_labremoto/install/my_mas/include/my_mas/my_mas/msg/detail/sensor_measurment__type_support.cpp
[2.000s] -- Up-to-date: /home/ffelix07/Documents/LabRemo/Orchestrator/ros2_labremoto/install/my_mas/include/my_mas/my_mas/msg/detail/sensor_measurment__rosidl_typesupport_introspection_cpp.hpp
[2.000s] -- Up-to-date: /home/ffelix07/Documents/LabRemo/Orchestrator/ros2_labremoto/install/my_mas/lib/libmy_mas__rosidl_typesupport_introspection_cpp.so
[2.003s] -- Up-to-date: /home/ffelix07/Documents/LabRemo/Orchestrator/ros2_labremoto/install/my_mas/lib/libmy_mas__rosidl_typesupport_cpp.so
[2.004s] -- Up-to-date: /home/ffelix07/Documents/LabRemo/Orchestrator/ros2_labremoto/install/my_mas/share/my_mas/environment/pythonpath.sh
[2.004s] -- Up-to-date: /home/ffelix07/Documents/LabRemo/Orchestrator/ros2_labremoto/install/my_mas/share/my_mas/environment/pythonpath.dsv
[2.004s] -- Up-to-date: /home/ffelix07/Documents/LabRemo/Orchestrator/ros2_labremoto/install/my_mas/local/lib/python3.10/dist-packages/my_mas-0.0.0-py3.10.egg-info
[2.005s] -- Installing: /home/ffelix07/Documents/LabRemo/Orchestrator/ros2_labremoto/install/my_mas/local/lib/python3.10/dist-packages/my_mas-0.0.0-py3.10.egg-info/top_level.txt
[2.005s] -- Installing: /home/ffelix07/Documents/LabRemo/Orchestrator/ros2_labremoto/install/my_mas/local/lib/python3.10/dist-packages/my_mas-0.0.0-py3.10.egg-info/PKG-INFO
[2.005s] -- Installing: /home/ffelix07/Documents/LabRemo/Orchestrator/ros2_labremoto/install/my_mas/local/lib/python3.10/dist-packages/my_mas-0.0.0-py3.10.egg-info/dependency_links.txt
[2.006s] -- Installing: /home/ffelix07/Documents/LabRemo/Orchestrator/ros2_labremoto/install/my_mas/local/lib/python3.10/dist-packages/my_mas-0.0.0-py3.10.egg-info/SOURCES.txt
[2.006s] -- Up-to-date: /home/ffelix07/Documents/LabRemo/Orchestrator/ros2_labremoto/install/my_mas/local/lib/python3.10/dist-packages/my_mas
[2.006s] -- Up-to-date: /home/ffelix07/Documents/LabRemo/Orchestrator/ros2_labremoto/install/my_mas/local/lib/python3.10/dist-packages/my_mas/my_mas_s__rosidl_typesupport_fastrtps_c.cpython-310-x86_64-linux-gnu.so
[2.007s] -- Up-to-date: /home/ffelix07/Documents/LabRemo/Orchestrator/ros2_labremoto/install/my_mas/local/lib/python3.10/dist-packages/my_mas/_my_mas_s.ep.rosidl_typesupport_c.c
[2.007s] -- Up-to-date: /home/ffelix07/Documents/LabRemo/Orchestrator/ros2_labremoto/install/my_mas/local/lib/python3.10/dist-packages/my_mas/__init__.py
[2.007s] -- Up-to-date: /home/ffelix07/Documents/LabRemo/Orchestrator/ros2_labremoto/install/my_mas/local/lib/python3.10/dist-packages/my_mas/srv
[2.008s] -- Up-to-date: /home/ffelix07/Documents/LabRemo/Orchestrator/ros2_labremoto/install/my_mas/local/lib/python3.10/dist-packages/my_mas/srv/_load_file_s.c
[2.008s] -- Up-to-date: /home/ffelix07/Documents/LabRemo/Orchestrator/ros2_labremoto/install/my_mas/local/lib/python3.10/dist-packages/my_mas/srv/__init__.py
[2.008s] -- Up-to-date: /home/ffelix07/Documents/LabRemo/Orchestrator/ros2_labremoto/install/my_mas/local/lib/python3.10/dist-packages/my_mas/srv/_load_file.py
[2.009s] -- Up-to-date: /home/ffelix07/Documents/LabRemo/Orchestrator/ros2_labremoto/install/my_mas/local/lib/python3.10/dist-packages/my_mas/action
[2.010s] -- Up-to-date: /home/ffelix07/Documents/LabRemo/Orchestrator/ros2_labremoto/install/my_mas/local/lib/python3.10/dist-packages/my_mas/action/__init__.py
[2.010s] -- Up-to-date: /home/ffelix07/Documents/LabRemo/Orchestrator/ros2_labremoto/install/my_mas/local/lib/python3.10/dist-packages/my_mas/action/_fibonacci.py
[2.010s] -- Up-to-date: /home/ffelix07/Documents/LabRemo/Orchestrator/ros2_labremoto/install/my_mas/local/lib/python3.10/dist-packages/my_mas/action/_fibonacci_s.c
[2.011s] -- Up-to-date: /home/ffelix07/Documents/LabRemo/Orchestrator/ros2_labremoto/install/my_mas/local/lib/python3.10/dist-packages/my_mas/msg
[2.011s] -- Up-to-date: /home/ffelix07/Documents/LabRemo/Orchestrator/ros2_labremoto/install/my_mas/local/lib/python3.10/dist-packages/my_mas/msg/_sensor_measurment_s.c
[2.011s] -- Up-to-date: /home/ffelix07/Documents/LabRemo/Orchestrator/ros2_labremoto/install/my_mas/local/lib/python3.10/dist-packages/my_mas/msg/__init__.py
[2.012s] -- Up-to-date: /home/ffelix07/Documents/LabRemo/Orchestrator/ros2_labremoto/install/my_mas/local/lib/python3.10/dist-packages/my_mas/msg/_sensor_measurment.py
[2.012s] -- Up-to-date: /home/ffelix07/Documents/LabRemo/Orchestrator/ros2_labremoto/install/my_mas/local/lib/python3.10/dist-packages/my_mas/_my_mas_s.ep.rosidl_typesupport_fastrtps_c.c
[2.012s] -- Up-to-date: /home/ffelix07/Documents/LabRemo/Orchestrator/ros2_labremoto/install/my_mas/local/lib/python3.10/dist-packages/my_mas/libmy_mas__rosidl_generator_py.so
[2.013s] -- Up-to-date: /home/ffelix07/Documents/LabRemo/Orchestrator/ros2_labremoto/install/my_mas/local/lib/python3.10/dist-packages/my_mas/my_mas_s__rosidl_typesupport_introspection_c.cpython-310-x86_64-linux-gnu.so
[2.013s] -- Up-to-date: /home/ffelix07/Documents/LabRemo/Orchestrator/ros2_labremoto/install/my_mas/local/lib/python3.10/dist-packages/my_mas/_my_mas_s.ep.rosidl_typesupport_introspection_c.c
[2.013s] -- Up-to-date: /home/ffelix07/Documents/LabRemo/Orchestrator/ros2_labremoto/install/my_mas/local/lib/python3.10/dist-packages/my_mas/my_mas_s__rosidl_typesupport_c.cpython-310-x86_64-linux-gnu.so
[2.093s] Listing '/home/ffelix07/Documents/LabRemo/Orchestrator/ros2_labremoto/install/my_mas/local/lib/python3.10/dist-packages/my_mas'...
[2.094s] Listing '/home/ffelix07/Documents/LabRemo/Orchestrator/ros2_labremoto/install/my_mas/local/lib/python3.10/dist-packages/my_mas/action'...
[2.095s] Listing '/home/ffelix07/Documents/LabRemo/Orchestrator/ros2_labremoto/install/my_mas/local/lib/python3.10/dist-packages/my_mas/msg'...
[2.095s] Listing '/home/ffelix07/Documents/LabRemo/Orchestrator/ros2_labremoto/install/my_mas/local/lib/python3.10/dist-packages/my_mas/srv'...
[2.107s] -- Up-to-date: /home/ffelix07/Documents/LabRemo/Orchestrator/ros2_labremoto/install/my_mas/local/lib/python3.10/dist-packages/my_mas/my_mas_s__rosidl_typesupport_fastrtps_c.cpython-310-x86_64-linux-gnu.so
[2.108s] -- Up-to-date: /home/ffelix07/Documents/LabRemo/Orchestrator/ros2_labremoto/install/my_mas/local/lib/python3.10/dist-packages/my_mas/my_mas_s__rosidl_typesupport_introspection_c.cpython-310-x86_64-linux-gnu.so
[2.109s] -- Up-to-date: /home/ffelix07/Documents/LabRemo/Orchestrator/ros2_labremoto/install/my_mas/local/lib/python3.10/dist-packages/my_mas/my_mas_s__rosidl_typesupport_c.cpython-310-x86_64-linux-gnu.so
[2.110s] -- Up-to-date: /home/ffelix07/Documents/LabRemo/Orchestrator/ros2_labremoto/install/my_mas/lib/libmy_mas__rosidl_generator_py.so
[2.111s] -- Up-to-date: /home/ffelix07/Documents/LabRemo/Orchestrator/ros2_labremoto/install/my_mas/share/my_mas/msg/SensorMeasurment.idl
[2.112s] -- Up-to-date: /home/ffelix07/Documents/LabRemo/Orchestrator/ros2_labremoto/install/my_mas/share/my_mas/srv/LoadFile.idl
[2.113s] -- Up-to-date: /home/ffelix07/Documents/LabRemo/Orchestrator/ros2_labremoto/install/my_mas/share/my_mas/action/Fibonacci.idl
[2.114s] -- Up-to-date: /home/ffelix07/Documents/LabRemo/Orchestrator/ros2_labremoto/install/my_mas/share/my_mas/msg/SensorMeasurment.msg
[2.114s] -- Up-to-date: /home/ffelix07/Documents/LabRemo/Orchestrator/ros2_labremoto/install/my_mas/share/my_mas/srv/LoadFile.srv
[2.115s] -- Up-to-date: /home/ffelix07/Documents/LabRemo/Orchestrator/ros2_labremoto/install/my_mas/share/my_mas/srv/LoadFile_Request.msg
[2.115s] -- Up-to-date: /home/ffelix07/Documents/LabRemo/Orchestrator/ros2_labremoto/install/my_mas/share/my_mas/srv/LoadFile_Response.msg
[2.118s] -- Up-to-date: /home/ffelix07/Documents/LabRemo/Orchestrator/ros2_labremoto/install/my_mas/share/my_mas/action/Fibonacci.action
[2.118s] -- Up-to-date: /home/ffelix07/Documents/LabRemo/Orchestrator/ros2_labremoto/install/my_mas/share/ament_index/resource_index/package_run_dependencies/my_mas
[2.119s] -- Up-to-date: /home/ffelix07/Documents/LabRemo/Orchestrator/ros2_labremoto/install/my_mas/share/ament_index/resource_index/parent_prefix_path/my_mas
[2.119s] -- Up-to-date: /home/ffelix07/Documents/LabRemo/Orchestrator/ros2_labremoto/install/my_mas/share/my_mas/environment/ament_prefix_path.sh
[2.119s] -- Up-to-date: /home/ffelix07/Documents/LabRemo/Orchestrator/ros2_labremoto/install/my_mas/share/my_mas/environment/ament_prefix_path.dsv
[2.120s] -- Up-to-date: /home/ffelix07/Documents/LabRemo/Orchestrator/ros2_labremoto/install/my_mas/share/my_mas/environment/path.sh
[2.120s] -- Up-to-date: /home/ffelix07/Documents/LabRemo/Orchestrator/ros2_labremoto/install/my_mas/share/my_mas/environment/path.dsv
[2.120s] -- Up-to-date: /home/ffelix07/Documents/LabRemo/Orchestrator/ros2_labremoto/install/my_mas/share/my_mas/local_setup.bash
[2.120s] -- Up-to-date: /home/ffelix07/Documents/LabRemo/Orchestrator/ros2_labremoto/install/my_mas/share/my_mas/local_setup.sh
[2.121s] -- Up-to-date: /home/ffelix07/Documents/LabRemo/Orchestrator/ros2_labremoto/install/my_mas/share/my_mas/local_setup.zsh
[2.121s] -- Up-to-date: /home/ffelix07/Documents/LabRemo/Orchestrator/ros2_labremoto/install/my_mas/share/my_mas/local_setup.dsv
[2.121s] -- Installing: /home/ffelix07/Documents/LabRemo/Orchestrator/ros2_labremoto/install/my_mas/share/my_mas/package.dsv
[2.122s] -- Up-to-date: /home/ffelix07/Documents/LabRemo/Orchestrator/ros2_labremoto/install/my_mas/share/ament_index/resource_index/packages/my_mas
[2.122s] -- Up-to-date: /home/ffelix07/Documents/LabRemo/Orchestrator/ros2_labremoto/install/my_mas/share/my_mas/cmake/export_my_mas__rosidl_generator_cExport.cmake
[2.122s] -- Up-to-date: /home/ffelix07/Documents/LabRemo/Orchestrator/ros2_labremoto/install/my_mas/share/my_mas/cmake/export_my_mas__rosidl_generator_cExport-noconfig.cmake
[2.123s] -- Up-to-date: /home/ffelix07/Documents/LabRemo/Orchestrator/ros2_labremoto/install/my_mas/share/my_mas/cmake/export_my_mas__rosidl_typesupport_fastrtps_cExport.cmake
[2.130s] -- Up-to-date: /home/ffelix07/Documents/LabRemo/Orchestrator/ros2_labremoto/install/my_mas/share/my_mas/cmake/export_my_mas__rosidl_typesupport_fastrtps_cExport-noconfig.cmake
[2.131s] -- Up-to-date: /home/ffelix07/Documents/LabRemo/Orchestrator/ros2_labremoto/install/my_mas/share/my_mas/cmake/my_mas__rosidl_typesupport_introspection_cExport.cmake
[2.136s] -- Up-to-date: /home/ffelix07/Documents/LabRemo/Orchestrator/ros2_labremoto/install/my_mas/share/my_mas/cmake/my_mas__rosidl_typesupport_introspection_cExport-noconfig.cmake
[2.137s] -- Up-to-date: /home/ffelix07/Documents/LabRemo/Orchestrator/ros2_labremoto/install/my_mas/share/my_mas/cmake/my_mas__rosidl_typesupport_cExport.cmake
[2.137s] -- Up-to-date: /home/ffelix07/Documents/LabRemo/Orchestrator/ros2_labremoto/install/my_mas/share/my_mas/cmake/my_mas__rosidl_typesupport_cExport-noconfig.cmake
[2.137s] -- Up-to-date: /home/ffelix07/Documents/LabRemo/Orchestrator/ros2_labremoto/install/my_mas/share/my_mas/cmake/export_my_mas__rosidl_generator_cppExport.cmake
[2.138s] -- Up-to-date: /home/ffelix07/Documents/LabRemo/Orchestrator/ros2_labremoto/install/my_mas/share/my_mas/cmake/export_my_mas__rosidl_typesupport_fastrtps_cppExport.cmake
[2.139s] -- Up-to-date: /home/ffelix07/Documents/LabRemo/Orchestrator/ros2_labremoto/install/my_mas/share/my_mas/cmake/export_my_mas__rosidl_typesupport_fastrtps_cppExport-noconfig.cmake
[2.139s] -- Up-to-date: /home/ffelix07/Documents/LabRemo/Orchestrator/ros2_labremoto/install/my_mas/share/my_mas/cmake/my_mas__rosidl_typesupport_introspection_cppExport.cmake
[2.139s] -- Up-to-date: /home/ffelix07/Documents/LabRemo/Orchestrator/ros2_labremoto/install/my_mas/share/my_mas/cmake/my_mas__rosidl_typesupport_introspection_cppExport-noconfig.cmake
[2.140s] -- Up-to-date: /home/ffelix07/Documents/LabRemo/Orchestrator/ros2_labremoto/install/my_mas/share/my_mas/cmake/my_mas__rosidl_typesupport_cppExport.cmake
[2.140s] -- Up-to-date: /home/ffelix07/Documents/LabRemo/Orchestrator/ros2_labremoto/install/my_mas/share/my_mas/cmake/my_mas__rosidl_typesupport_cppExport-noconfig.cmake
[2.140s] -- Up-to-date: /home/ffelix07/Documents/LabRemo/Orchestrator/ros2_labremoto/install/my_mas/share/my_mas/cmake/export_my_mas__rosidl_generator_pyExport.cmake
[2.141s] -- Up-to-date: /home/ffelix07/Documents/LabRemo/Orchestrator/ros2_labremoto/install/my_mas/share/my_mas/cmake/export_my_mas__rosidl_generator_pyExport-noconfig.cmake
[2.141s] -- Up-to-date: /home/ffelix07/Documents/LabRemo/Orchestrator/ros2_labremoto/install/my_mas/share/my_mas/cmake/rosidl_cmake-extras.cmake
[2.152s] -- Up-to-date: /home/ffelix07/Documents/LabRemo/Orchestrator/ros2_labremoto/install/my_mas/share/my_mas/cmake/ament_cmake_export_dependencies-extras.cmake
[2.152s] -- Up-to-date: /home/ffelix07/Documents/LabRemo/Orchestrator/ros2_labremoto/install/my_mas/share/my_mas/cmake/ament_cmake_export_include_directories-extras.cmake
[2.153s] -- Up-to-date: /home/ffelix07/Documents/LabRemo/Orchestrator/ros2_labremoto/install/my_mas/share/my_mas/cmake/ament_cmake_export_libraries-extras.cmake
[2.153s] -- Up-to-date: /home/ffelix07/Documents/LabRemo/Orchestrator/ros2_labremoto/install/my_mas/share/my_mas/cmake/ament_cmake_export_targets-extras.cmake
[2.154s] -- Up-to-date: /home/ffelix07/Documents/LabRemo/Orchestrator/ros2_labremoto/install/my_mas/share/my_mas/cmake/rosidl_cmake_export_typesupport_targets-extras.cmake
[2.154s] -- Up-to-date: /home/ffelix07/Documents/LabRemo/Orchestrator/ros2_labremoto/install/my_mas/share/my_mas/cmake/rosidl_cmake_export_typesupport_libraries-extras.cmake
[2.155s] -- Up-to-date: /home/ffelix07/Documents/LabRemo/Orchestrator/ros2_labremoto/install/my_mas/share/my_mas/cmake/my_masConfig.cmake
[2.155s] -- Up-to-date: /home/ffelix07/Documents/LabRemo/Orchestrator/ros2_labremoto/install/my_mas/share/my_mas/cmake/my_masConfig-version.cmake
[2.156s] -- Up-to-date: /home/ffelix07/Documents/LabRemo/Orchestrator/ros2_labremoto/install/my_mas/share/my_mas/package.xml
[2.156s] Invoked command in '/home/ffelix07/Documents/LabRemo/Orchestrator/ros2_labremoto/build/my_mas' returned '0': CMAKE_PREFIX_PATH=${CMAKE_PREFIX_PATH}:/home/ffelix07/Documents/LabRemo/Orchestrator/ros2_labremoto/install/py_pubsub:/home/ffelix07/Documents/LabRemo/Orchestrator/ros2_labremoto/install/nodes_comunication:/home/ffelix07/Documents/LabRemo/Orchestrator/ros2_labremoto/install/hardware:/opt/ros/humble /usr/bin/cmake --install /home/ffelix07/Documents/LabRemo/Orchestrator/ros2_labremoto/build/my_mas
