[5.685s] DEBUG:colcon:Command line arguments: ['/usr/bin/colcon', 'build', '--packages-select', 'py_pubsub', '--allow-overriding', 'py_pubsub']
[5.686s] DEBUG:colcon:Parsed command line arguments: Namespace(log_base=None, log_level=None, verb_name='build', build_base='build', install_base='install', merge_install=False, symlink_install=False, test_result_base=None, continue_on_error=False, executor='parallel', parallel_workers=4, event_handlers=None, ignore_user_meta=False, metas=['./colcon.meta'], base_paths=['.'], packages_ignore=None, packages_ignore_regex=None, paths=None, packages_up_to=None, packages_up_to_regex=None, packages_above=None, packages_above_and_dependencies=None, packages_above_depth=None, packages_select_by_dep=None, packages_skip_by_dep=None, packages_skip_up_to=None, packages_select_build_failed=False, packages_skip_build_finished=False, packages_select_test_failures=False, packages_skip_test_passed=False, packages_select=['py_pubsub'], packages_skip=None, packages_select_regex=None, packages_skip_regex=None, packages_start=None, packages_end=None, allow_overriding=['py_pubsub'], cmake_args=None, cmake_target=None, cmake_target_skip_unavailable=False, cmake_clean_cache=False, cmake_clean_first=False, cmake_force_configure=False, ament_cmake_args=None, catkin_cmake_args=None, catkin_skip_building_tests=False, verb_parser=<colcon_defaults.argument_parser.defaults.DefaultArgumentsDecorator object at 0x7f0c43ed0310>, verb_extension=<colcon_core.verb.build.BuildVerb object at 0x7f0c43e7fd90>, main=<bound method BuildVerb.main of <colcon_core.verb.build.BuildVerb object at 0x7f0c43e7fd90>>)
[5.943s] Level 1:colcon.colcon_core.package_discovery:discover_packages(colcon_meta) check parameters
[5.944s] Level 1:colcon.colcon_core.package_discovery:discover_packages(recursive) check parameters
[5.944s] Level 1:colcon.colcon_core.package_discovery:discover_packages(ignore) check parameters
[5.944s] Level 1:colcon.colcon_core.package_discovery:discover_packages(path) check parameters
[5.944s] Level 1:colcon.colcon_core.package_discovery:discover_packages(colcon_meta) discover
[5.944s] Level 1:colcon.colcon_core.package_discovery:discover_packages(recursive) discover
[5.944s] INFO:colcon.colcon_core.package_discovery:Crawling recursively for packages in '/home/ffelix07/Documents/LabRemo/Orchestrator/ros2_labremoto'
[5.944s] Level 1:colcon.colcon_core.package_identification:_identify(.) by extensions ['ignore', 'ignore_ament_install']
[5.945s] Level 1:colcon.colcon_core.package_identification:_identify(.) by extension 'ignore'
[5.945s] Level 1:colcon.colcon_core.package_identification:_identify(.) by extension 'ignore_ament_install'
[5.945s] Level 1:colcon.colcon_core.package_identification:_identify(.) by extensions ['colcon_pkg']
[5.945s] Level 1:colcon.colcon_core.package_identification:_identify(.) by extension 'colcon_pkg'
[5.945s] Level 1:colcon.colcon_core.package_identification:_identify(.) by extensions ['colcon_meta']
[5.946s] Level 1:colcon.colcon_core.package_identification:_identify(.) by extension 'colcon_meta'
[5.946s] Level 1:colcon.colcon_core.package_identification:_identify(.) by extensions ['ros']
[5.946s] Level 1:colcon.colcon_core.package_identification:_identify(.) by extension 'ros'
[5.989s] Level 1:colcon.colcon_core.package_identification:_identify(.) by extensions ['cmake', 'python']
[5.989s] Level 1:colcon.colcon_core.package_identification:_identify(.) by extension 'cmake'
[5.989s] Level 1:colcon.colcon_core.package_identification:_identify(.) by extension 'python'
[5.989s] Level 1:colcon.colcon_core.package_identification:_identify(.) by extensions ['python_setup_py']
[5.990s] Level 1:colcon.colcon_core.package_identification:_identify(.) by extension 'python_setup_py'
[5.990s] Level 1:colcon.colcon_core.package_identification:_identify(build) by extensions ['ignore', 'ignore_ament_install']
[5.990s] Level 1:colcon.colcon_core.package_identification:_identify(build) by extension 'ignore'
[5.991s] Level 1:colcon.colcon_core.package_identification:_identify(build) ignored
[5.991s] Level 1:colcon.colcon_core.package_identification:_identify(install) by extensions ['ignore', 'ignore_ament_install']
[5.991s] Level 1:colcon.colcon_core.package_identification:_identify(install) by extension 'ignore'
[5.991s] Level 1:colcon.colcon_core.package_identification:_identify(install) ignored
[5.992s] Level 1:colcon.colcon_core.package_identification:_identify(log) by extensions ['ignore', 'ignore_ament_install']
[5.993s] Level 1:colcon.colcon_core.package_identification:_identify(log) by extension 'ignore'
[5.993s] Level 1:colcon.colcon_core.package_identification:_identify(log) ignored
[5.993s] Level 1:colcon.colcon_core.package_identification:_identify(src) by extensions ['ignore', 'ignore_ament_install']
[5.994s] Level 1:colcon.colcon_core.package_identification:_identify(src) by extension 'ignore'
[5.994s] Level 1:colcon.colcon_core.package_identification:_identify(src) by extension 'ignore_ament_install'
[5.994s] Level 1:colcon.colcon_core.package_identification:_identify(src) by extensions ['colcon_pkg']
[5.994s] Level 1:colcon.colcon_core.package_identification:_identify(src) by extension 'colcon_pkg'
[5.994s] Level 1:colcon.colcon_core.package_identification:_identify(src) by extensions ['colcon_meta']
[5.994s] Level 1:colcon.colcon_core.package_identification:_identify(src) by extension 'colcon_meta'
[5.994s] Level 1:colcon.colcon_core.package_identification:_identify(src) by extensions ['ros']
[5.995s] Level 1:colcon.colcon_core.package_identification:_identify(src) by extension 'ros'
[5.995s] Level 1:colcon.colcon_core.package_identification:_identify(src) by extensions ['cmake', 'python']
[5.995s] Level 1:colcon.colcon_core.package_identification:_identify(src) by extension 'cmake'
[5.995s] Level 1:colcon.colcon_core.package_identification:_identify(src) by extension 'python'
[5.995s] Level 1:colcon.colcon_core.package_identification:_identify(src) by extensions ['python_setup_py']
[5.995s] Level 1:colcon.colcon_core.package_identification:_identify(src) by extension 'python_setup_py'
[5.996s] Level 1:colcon.colcon_core.package_identification:_identify(src/build) by extensions ['ignore', 'ignore_ament_install']
[5.996s] Level 1:colcon.colcon_core.package_identification:_identify(src/build) by extension 'ignore'
[5.996s] Level 1:colcon.colcon_core.package_identification:_identify(src/build) ignored
[5.996s] Level 1:colcon.colcon_core.package_identification:_identify(src/examples) by extensions ['ignore', 'ignore_ament_install']
[5.997s] Level 1:colcon.colcon_core.package_identification:_identify(src/examples) by extension 'ignore'
[5.997s] Level 1:colcon.colcon_core.package_identification:_identify(src/examples) by extension 'ignore_ament_install'
[5.997s] Level 1:colcon.colcon_core.package_identification:_identify(src/examples) by extensions ['colcon_pkg']
[5.997s] Level 1:colcon.colcon_core.package_identification:_identify(src/examples) by extension 'colcon_pkg'
[5.997s] Level 1:colcon.colcon_core.package_identification:_identify(src/examples) by extensions ['colcon_meta']
[5.997s] Level 1:colcon.colcon_core.package_identification:_identify(src/examples) by extension 'colcon_meta'
[5.998s] Level 1:colcon.colcon_core.package_identification:_identify(src/examples) by extensions ['ros']
[5.998s] Level 1:colcon.colcon_core.package_identification:_identify(src/examples) by extension 'ros'
[5.998s] Level 1:colcon.colcon_core.package_identification:_identify(src/examples) by extensions ['cmake', 'python']
[5.998s] Level 1:colcon.colcon_core.package_identification:_identify(src/examples) by extension 'cmake'
[5.998s] Level 1:colcon.colcon_core.package_identification:_identify(src/examples) by extension 'python'
[5.998s] Level 1:colcon.colcon_core.package_identification:_identify(src/examples) by extensions ['python_setup_py']
[5.998s] Level 1:colcon.colcon_core.package_identification:_identify(src/examples) by extension 'python_setup_py'
[5.999s] Level 1:colcon.colcon_core.package_identification:_identify(src/hardware) by extensions ['ignore', 'ignore_ament_install']
[5.999s] Level 1:colcon.colcon_core.package_identification:_identify(src/hardware) by extension 'ignore'
[5.999s] Level 1:colcon.colcon_core.package_identification:_identify(src/hardware) by extension 'ignore_ament_install'
[5.999s] Level 1:colcon.colcon_core.package_identification:_identify(src/hardware) by extensions ['colcon_pkg']
[5.999s] Level 1:colcon.colcon_core.package_identification:_identify(src/hardware) by extension 'colcon_pkg'
[6.000s] Level 1:colcon.colcon_core.package_identification:_identify(src/hardware) by extensions ['colcon_meta']
[6.000s] Level 1:colcon.colcon_core.package_identification:_identify(src/hardware) by extension 'colcon_meta'
[6.000s] Level 1:colcon.colcon_core.package_identification:_identify(src/hardware) by extensions ['ros']
[6.000s] Level 1:colcon.colcon_core.package_identification:_identify(src/hardware) by extension 'ros'
[6.006s] DEBUG:colcon.colcon_core.package_identification:Package 'src/hardware' with type 'ros.ament_python' and name 'hardware'
[6.007s] Level 1:colcon.colcon_core.package_identification:_identify(src/install) by extensions ['ignore', 'ignore_ament_install']
[6.007s] Level 1:colcon.colcon_core.package_identification:_identify(src/install) by extension 'ignore'
[6.007s] Level 1:colcon.colcon_core.package_identification:_identify(src/install) ignored
[6.007s] Level 1:colcon.colcon_core.package_identification:_identify(src/log) by extensions ['ignore', 'ignore_ament_install']
[6.008s] Level 1:colcon.colcon_core.package_identification:_identify(src/log) by extension 'ignore'
[6.008s] Level 1:colcon.colcon_core.package_identification:_identify(src/log) ignored
[6.008s] Level 1:colcon.colcon_core.package_identification:_identify(src/my_mas) by extensions ['ignore', 'ignore_ament_install']
[6.008s] Level 1:colcon.colcon_core.package_identification:_identify(src/my_mas) by extension 'ignore'
[6.009s] Level 1:colcon.colcon_core.package_identification:_identify(src/my_mas) by extension 'ignore_ament_install'
[6.009s] Level 1:colcon.colcon_core.package_identification:_identify(src/my_mas) by extensions ['colcon_pkg']
[6.009s] Level 1:colcon.colcon_core.package_identification:_identify(src/my_mas) by extension 'colcon_pkg'
[6.009s] Level 1:colcon.colcon_core.package_identification:_identify(src/my_mas) by extensions ['colcon_meta']
[6.009s] Level 1:colcon.colcon_core.package_identification:_identify(src/my_mas) by extension 'colcon_meta'
[6.009s] Level 1:colcon.colcon_core.package_identification:_identify(src/my_mas) by extensions ['ros']
[6.010s] Level 1:colcon.colcon_core.package_identification:_identify(src/my_mas) by extension 'ros'
[6.012s] DEBUG:colcon.colcon_core.package_identification:Package 'src/my_mas' with type 'ros.ament_cmake' and name 'my_mas'
[6.013s] Level 1:colcon.colcon_core.package_identification:_identify(src/py_pubsub) by extensions ['ignore', 'ignore_ament_install']
[6.013s] Level 1:colcon.colcon_core.package_identification:_identify(src/py_pubsub) by extension 'ignore'
[6.013s] Level 1:colcon.colcon_core.package_identification:_identify(src/py_pubsub) by extension 'ignore_ament_install'
[6.013s] Level 1:colcon.colcon_core.package_identification:_identify(src/py_pubsub) by extensions ['colcon_pkg']
[6.014s] Level 1:colcon.colcon_core.package_identification:_identify(src/py_pubsub) by extension 'colcon_pkg'
[6.014s] Level 1:colcon.colcon_core.package_identification:_identify(src/py_pubsub) by extensions ['colcon_meta']
[6.014s] Level 1:colcon.colcon_core.package_identification:_identify(src/py_pubsub) by extension 'colcon_meta'
[6.014s] Level 1:colcon.colcon_core.package_identification:_identify(src/py_pubsub) by extensions ['ros']
[6.014s] Level 1:colcon.colcon_core.package_identification:_identify(src/py_pubsub) by extension 'ros'
[6.016s] DEBUG:colcon.colcon_core.package_identification:Package 'src/py_pubsub' with type 'ros.ament_python' and name 'py_pubsub'
[6.016s] Level 1:colcon.colcon_core.package_discovery:discover_packages(recursive) using defaults
[6.017s] Level 1:colcon.colcon_core.package_discovery:discover_packages(ignore) discover
[6.017s] Level 1:colcon.colcon_core.package_discovery:discover_packages(ignore) using defaults
[6.017s] Level 1:colcon.colcon_core.package_discovery:discover_packages(path) discover
[6.017s] Level 1:colcon.colcon_core.package_discovery:discover_packages(path) using defaults
[6.345s] INFO:colcon.colcon_core.package_selection:Skipping not selected package 'hardware' in 'src/hardware'
[6.345s] INFO:colcon.colcon_core.package_selection:Skipping not selected package 'my_mas' in 'src/my_mas'
[6.554s] Level 1:colcon.colcon_core.package_discovery:discover_packages(prefix_path) check parameters
[6.554s] Level 1:colcon.colcon_core.package_discovery:discover_packages(prefix_path) discover
[6.730s] DEBUG:colcon.colcon_installed_package_information.package_discovery:Found 11 installed packages in /home/ffelix07/Documents/LabRemo/Orchestrator/ros2_labremoto/install
[6.813s] DEBUG:colcon.colcon_installed_package_information.package_discovery:Found 2 installed packages in /home/ffelix07/Documents/LabRemo/Orchestrator/ros2_labremoto/src/install
[6.900s] DEBUG:colcon.colcon_installed_package_information.package_discovery:Found 275 installed packages in /opt/ros/humble
[6.906s] Level 1:colcon.colcon_core.package_discovery:discover_packages(prefix_path) using defaults
[7.283s] Level 5:colcon.colcon_core.verb:set package 'py_pubsub' build argument 'cmake_args' from command line to 'None'
[7.283s] Level 5:colcon.colcon_core.verb:set package 'py_pubsub' build argument 'cmake_target' from command line to 'None'
[7.284s] Level 5:colcon.colcon_core.verb:set package 'py_pubsub' build argument 'cmake_target_skip_unavailable' from command line to 'False'
[7.284s] Level 5:colcon.colcon_core.verb:set package 'py_pubsub' build argument 'cmake_clean_cache' from command line to 'False'
[7.284s] Level 5:colcon.colcon_core.verb:set package 'py_pubsub' build argument 'cmake_clean_first' from command line to 'False'
[7.284s] Level 5:colcon.colcon_core.verb:set package 'py_pubsub' build argument 'cmake_force_configure' from command line to 'False'
[7.284s] Level 5:colcon.colcon_core.verb:set package 'py_pubsub' build argument 'ament_cmake_args' from command line to 'None'
[7.284s] Level 5:colcon.colcon_core.verb:set package 'py_pubsub' build argument 'catkin_cmake_args' from command line to 'None'
[7.284s] Level 5:colcon.colcon_core.verb:set package 'py_pubsub' build argument 'catkin_skip_building_tests' from command line to 'False'
[7.284s] DEBUG:colcon.colcon_core.verb:Building package 'py_pubsub' with the following arguments: {'ament_cmake_args': None, 'build_base': '/home/ffelix07/Documents/LabRemo/Orchestrator/ros2_labremoto/build/py_pubsub', 'catkin_cmake_args': None, 'catkin_skip_building_tests': False, 'cmake_args': None, 'cmake_clean_cache': False, 'cmake_clean_first': False, 'cmake_force_configure': False, 'cmake_target': None, 'cmake_target_skip_unavailable': False, 'install_base': '/home/ffelix07/Documents/LabRemo/Orchestrator/ros2_labremoto/install/py_pubsub', 'merge_install': False, 'path': '/home/ffelix07/Documents/LabRemo/Orchestrator/ros2_labremoto/src/py_pubsub', 'symlink_install': False, 'test_result_base': None}
[7.370s] INFO:colcon.colcon_core.executor:Executing jobs using 'parallel' executor
[7.462s] DEBUG:colcon.colcon_parallel_executor.executor.parallel:run_until_complete
[7.463s] INFO:colcon.colcon_ros.task.ament_python.build:Building ROS package in '/home/ffelix07/Documents/LabRemo/Orchestrator/ros2_labremoto/src/py_pubsub' with build type 'ament_python'
[7.464s] Level 1:colcon.colcon_core.shell:create_environment_hook('py_pubsub', 'ament_prefix_path')
[7.591s] INFO:colcon.colcon_core.plugin_system:Skipping extension 'colcon_core.shell.bat': Not used on non-Windows systems
[7.592s] INFO:colcon.colcon_core.shell:Creating environment hook '/home/ffelix07/Documents/LabRemo/Orchestrator/ros2_labremoto/install/py_pubsub/share/py_pubsub/hook/ament_prefix_path.ps1'
[7.595s] INFO:colcon.colcon_core.shell:Creating environment descriptor '/home/ffelix07/Documents/LabRemo/Orchestrator/ros2_labremoto/install/py_pubsub/share/py_pubsub/hook/ament_prefix_path.dsv'
[7.596s] INFO:colcon.colcon_core.shell:Creating environment hook '/home/ffelix07/Documents/LabRemo/Orchestrator/ros2_labremoto/install/py_pubsub/share/py_pubsub/hook/ament_prefix_path.sh'
[7.707s] INFO:colcon.colcon_core.shell:Skip shell extension 'powershell' for command environment: Not usable outside of PowerShell
[7.707s] DEBUG:colcon.colcon_core.shell:Skip shell extension 'dsv' for command environment
[8.922s] INFO:colcon.colcon_core.task.python.build:Building Python package in '/home/ffelix07/Documents/LabRemo/Orchestrator/ros2_labremoto/src/py_pubsub'
[9.012s] INFO:colcon.colcon_core.shell:Skip shell extension 'powershell' for command environment: Not usable outside of PowerShell
[9.013s] DEBUG:colcon.colcon_core.shell:Skip shell extension 'dsv' for command environment
[12.150s] DEBUG:colcon.colcon_core.event_handler.log_command:Invoking command in '/home/ffelix07/Documents/LabRemo/Orchestrator/ros2_labremoto/src/py_pubsub': CONDA_PROMPT_MODIFIER=(base) PYTHONPATH=/home/ffelix07/Documents/LabRemo/Orchestrator/ros2_labremoto/build/py_pubsub/prefix_override:/home/ffelix07/Documents/LabRemo/Orchestrator/ros2_labremoto/install/py_pubsub/lib/python3.10/site-packages:${PYTHONPATH} /usr/bin/python3 setup.py egg_info --egg-base ../../build/py_pubsub build --build-base /home/ffelix07/Documents/LabRemo/Orchestrator/ros2_labremoto/build/py_pubsub/build install --record /home/ffelix07/Documents/LabRemo/Orchestrator/ros2_labremoto/build/py_pubsub/install.log --single-version-externally-managed
[14.651s] DEBUG:colcon.colcon_core.event_handler.log_command:Invoked command in '/home/ffelix07/Documents/LabRemo/Orchestrator/ros2_labremoto/src/py_pubsub' returned '0': CONDA_PROMPT_MODIFIER=(base) PYTHONPATH=/home/ffelix07/Documents/LabRemo/Orchestrator/ros2_labremoto/build/py_pubsub/prefix_override:/home/ffelix07/Documents/LabRemo/Orchestrator/ros2_labremoto/install/py_pubsub/lib/python3.10/site-packages:${PYTHONPATH} /usr/bin/python3 setup.py egg_info --egg-base ../../build/py_pubsub build --build-base /home/ffelix07/Documents/LabRemo/Orchestrator/ros2_labremoto/build/py_pubsub/build install --record /home/ffelix07/Documents/LabRemo/Orchestrator/ros2_labremoto/build/py_pubsub/install.log --single-version-externally-managed
[14.749s] Level 1:colcon.colcon_core.environment:checking '/home/ffelix07/Documents/LabRemo/Orchestrator/ros2_labremoto/install/py_pubsub' for CMake module files
[14.751s] Level 1:colcon.colcon_core.environment:checking '/home/ffelix07/Documents/LabRemo/Orchestrator/ros2_labremoto/install/py_pubsub' for CMake config files
[14.754s] Level 1:colcon.colcon_core.environment:checking '/home/ffelix07/Documents/LabRemo/Orchestrator/ros2_labremoto/install/py_pubsub/lib'
[14.755s] Level 1:colcon.colcon_core.environment:checking '/home/ffelix07/Documents/LabRemo/Orchestrator/ros2_labremoto/install/py_pubsub/bin'
[14.755s] Level 1:colcon.colcon_core.environment:checking '/home/ffelix07/Documents/LabRemo/Orchestrator/ros2_labremoto/install/py_pubsub/lib/pkgconfig/py_pubsub.pc'
[14.756s] Level 1:colcon.colcon_core.environment:checking '/home/ffelix07/Documents/LabRemo/Orchestrator/ros2_labremoto/install/py_pubsub/lib/python3.10/site-packages'
[14.756s] Level 1:colcon.colcon_core.shell:create_environment_hook('py_pubsub', 'pythonpath')
[14.840s] INFO:colcon.colcon_core.shell:Creating environment hook '/home/ffelix07/Documents/LabRemo/Orchestrator/ros2_labremoto/install/py_pubsub/share/py_pubsub/hook/pythonpath.ps1'
[14.842s] INFO:colcon.colcon_core.shell:Creating environment descriptor '/home/ffelix07/Documents/LabRemo/Orchestrator/ros2_labremoto/install/py_pubsub/share/py_pubsub/hook/pythonpath.dsv'
[14.844s] INFO:colcon.colcon_core.shell:Creating environment hook '/home/ffelix07/Documents/LabRemo/Orchestrator/ros2_labremoto/install/py_pubsub/share/py_pubsub/hook/pythonpath.sh'
[14.846s] Level 1:colcon.colcon_core.environment:checking '/home/ffelix07/Documents/LabRemo/Orchestrator/ros2_labremoto/install/py_pubsub/bin'
[14.846s] Level 1:colcon.colcon_core.environment:create_environment_scripts_only(py_pubsub)
[14.941s] INFO:colcon.colcon_core.shell:Creating package script '/home/ffelix07/Documents/LabRemo/Orchestrator/ros2_labremoto/install/py_pubsub/share/py_pubsub/package.ps1'
[14.944s] INFO:colcon.colcon_core.shell:Creating package descriptor '/home/ffelix07/Documents/LabRemo/Orchestrator/ros2_labremoto/install/py_pubsub/share/py_pubsub/package.dsv'
[14.947s] INFO:colcon.colcon_core.shell:Creating package script '/home/ffelix07/Documents/LabRemo/Orchestrator/ros2_labremoto/install/py_pubsub/share/py_pubsub/package.sh'
[14.949s] INFO:colcon.colcon_core.shell:Creating package script '/home/ffelix07/Documents/LabRemo/Orchestrator/ros2_labremoto/install/py_pubsub/share/py_pubsub/package.bash'
[14.952s] INFO:colcon.colcon_core.shell:Creating package script '/home/ffelix07/Documents/LabRemo/Orchestrator/ros2_labremoto/install/py_pubsub/share/py_pubsub/package.zsh'
[14.954s] Level 1:colcon.colcon_core.environment:create_file_with_runtime_dependencies(/home/ffelix07/Documents/LabRemo/Orchestrator/ros2_labremoto/install/py_pubsub/share/colcon-core/packages/py_pubsub)
[14.955s] DEBUG:colcon.colcon_parallel_executor.executor.parallel:closing loop
[14.956s] DEBUG:colcon.colcon_parallel_executor.executor.parallel:loop closed
[14.956s] DEBUG:colcon.colcon_parallel_executor.executor.parallel:run_until_complete finished with '0'
[14.957s] DEBUG:colcon.colcon_core.event_reactor:joining thread
[15.069s] INFO:colcon.colcon_core.plugin_system:Skipping extension 'colcon_notification.desktop_notification.terminal_notifier': Not used on non-Darwin systems
[15.069s] INFO:colcon.colcon_core.plugin_system:Skipping extension 'colcon_notification.desktop_notification.win32': Not used on non-Windows systems
[15.070s] INFO:colcon.colcon_notification.desktop_notification:Sending desktop notification using 'notify2'
[15.108s] DEBUG:colcon.colcon_core.event_reactor:joined thread
[15.195s] INFO:colcon.colcon_core.shell:Creating prefix script '/home/ffelix07/Documents/LabRemo/Orchestrator/ros2_labremoto/install/local_setup.ps1'
[15.198s] INFO:colcon.colcon_core.shell:Creating prefix util module '/home/ffelix07/Documents/LabRemo/Orchestrator/ros2_labremoto/install/_local_setup_util_ps1.py'
[15.202s] INFO:colcon.colcon_core.shell:Creating prefix chain script '/home/ffelix07/Documents/LabRemo/Orchestrator/ros2_labremoto/install/setup.ps1'
[15.292s] INFO:colcon.colcon_core.shell:Creating prefix script '/home/ffelix07/Documents/LabRemo/Orchestrator/ros2_labremoto/install/local_setup.sh'
[15.294s] INFO:colcon.colcon_core.shell:Creating prefix util module '/home/ffelix07/Documents/LabRemo/Orchestrator/ros2_labremoto/install/_local_setup_util_sh.py'
[15.296s] INFO:colcon.colcon_core.shell:Creating prefix chain script '/home/ffelix07/Documents/LabRemo/Orchestrator/ros2_labremoto/install/setup.sh'
[15.384s] INFO:colcon.colcon_core.shell:Creating prefix script '/home/ffelix07/Documents/LabRemo/Orchestrator/ros2_labremoto/install/local_setup.bash'
[15.386s] INFO:colcon.colcon_core.shell:Creating prefix chain script '/home/ffelix07/Documents/LabRemo/Orchestrator/ros2_labremoto/install/setup.bash'
[15.470s] INFO:colcon.colcon_core.shell:Creating prefix script '/home/ffelix07/Documents/LabRemo/Orchestrator/ros2_labremoto/install/local_setup.zsh'
[15.472s] INFO:colcon.colcon_core.shell:Creating prefix chain script '/home/ffelix07/Documents/LabRemo/Orchestrator/ros2_labremoto/install/setup.zsh'
