[0.066s] Invoking command in '/home/ffelix07/Documents/LabRemo/Orchestrator/ros2_labremoto/build/tutorial_interfaces': CMAKE_PREFIX_PATH=${CMAKE_PREFIX_PATH}:/home/ffelix07/Documents/LabRemo/Orchestrator/ros2_labremoto/install/nodes_comunication:/home/ffelix07/Documents/LabRemo/Orchestrator/ros2_labremoto/install/hardware:/opt/ros/humble /usr/bin/cmake /home/ffelix07/Documents/LabRemo/Orchestrator/ros2_labremoto/src/tutorial_interfaces -DCMAKE_INSTALL_PREFIX=/home/ffelix07/Documents/LabRemo/Orchestrator/ros2_labremoto/install/tutorial_interfaces
[0.334s] -- Found ament_cmake: 1.3.5 (/opt/ros/humble/share/ament_cmake/cmake)
[0.955s] -- Found geometry_msgs: 4.2.3 (/opt/ros/humble/share/geometry_msgs/cmake)
[1.056s] -- Found rosidl_generator_c: 3.1.5 (/opt/ros/humble/share/rosidl_generator_c/cmake)
[1.067s] -- Found rosidl_adapter: 3.1.5 (/opt/ros/humble/share/rosidl_adapter/cmake)
[1.092s] -- Found rosidl_generator_cpp: 3.1.5 (/opt/ros/humble/share/rosidl_generator_cpp/cmake)
[1.152s] -- Using all available rosidl_typesupport_c: rosidl_typesupport_fastrtps_c;rosidl_typesupport_introspection_c
[1.219s] -- Using all available rosidl_typesupport_cpp: rosidl_typesupport_fastrtps_cpp;rosidl_typesupport_introspection_cpp
[1.670s] -- Found rosidl_default_generators: 1.2.0 (/opt/ros/humble/share/rosidl_default_generators/cmake)
[1.697s] [31mCMake Error at /opt/ros/humble/share/rosidl_cmake/cmake/rosidl_generate_interfaces.cmake:93 (message):
[1.697s]   rosidl_generate_interfaces() the passed file 'msg/measure_sensor.msg'
[1.698s]   doesn't exist relative to the CMAKE_CURRENT_SOURCE_DIR
[1.698s]   '/home/ffelix07/Documents/LabRemo/Orchestrator/ros2_labremoto/src/tutorial_interfaces'
[1.699s] Call Stack (most recent call first):
[1.699s]   CMakeLists.txt:18 (rosidl_generate_interfaces)
[1.699s] 
[1.700s] [0m
[1.700s] -- Configuring incomplete, errors occurred!
[1.700s] See also "/home/ffelix07/Documents/LabRemo/Orchestrator/ros2_labremoto/build/tutorial_interfaces/CMakeFiles/CMakeOutput.log".
[1.719s] Invoked command in '/home/ffelix07/Documents/LabRemo/Orchestrator/ros2_labremoto/build/tutorial_interfaces' returned '1': CMAKE_PREFIX_PATH=${CMAKE_PREFIX_PATH}:/home/ffelix07/Documents/LabRemo/Orchestrator/ros2_labremoto/install/nodes_comunication:/home/ffelix07/Documents/LabRemo/Orchestrator/ros2_labremoto/install/hardware:/opt/ros/humble /usr/bin/cmake /home/ffelix07/Documents/LabRemo/Orchestrator/ros2_labremoto/src/tutorial_interfaces -DCMAKE_INSTALL_PREFIX=/home/ffelix07/Documents/LabRemo/Orchestrator/ros2_labremoto/install/tutorial_interfaces
