[4.696s] Invoking command in '/home/ffelix07/Documents/LabRemo/Orchestrator/ros2_labremoto/src/nodes_comunication': PYTHONPATH=/home/ffelix07/Documents/LabRemo/build/nodes_comunication/prefix_override:/home/ffelix07/Documents/LabRemo/install/nodes_comunication/lib/python3.10/site-packages:${PYTHONPATH} /usr/bin/python3 setup.py egg_info --egg-base ../../../../build/nodes_comunication build --build-base /home/ffelix07/Documents/LabRemo/build/nodes_comunication/build install --record /home/ffelix07/Documents/LabRemo/build/nodes_comunication/install.log --single-version-externally-managed
[6.020s] running egg_info
[6.023s] writing ../../../../build/nodes_comunication/nodes_comunication.egg-info/PKG-INFO
[6.025s] writing dependency_links to ../../../../build/nodes_comunication/nodes_comunication.egg-info/dependency_links.txt
[6.028s] writing entry points to ../../../../build/nodes_comunication/nodes_comunication.egg-info/entry_points.txt
[6.032s] writing requirements to ../../../../build/nodes_comunication/nodes_comunication.egg-info/requires.txt
[6.033s] writing top-level names to ../../../../build/nodes_comunication/nodes_comunication.egg-info/top_level.txt
[6.042s] reading manifest file '../../../../build/nodes_comunication/nodes_comunication.egg-info/SOURCES.txt'
[6.047s] writing manifest file '../../../../build/nodes_comunication/nodes_comunication.egg-info/SOURCES.txt'
[6.049s] running build
[6.050s] running build_py
[6.052s] copying nodes_comunication/Bringe_comunication.py -> /home/ffelix07/Documents/LabRemo/build/nodes_comunication/build/lib/nodes_comunication
[6.054s] running install
[6.056s] running install_lib
[6.060s] copying /home/ffelix07/Documents/LabRemo/build/nodes_comunication/build/lib/nodes_comunication/Bringe_comunication.py -> /home/ffelix07/Documents/LabRemo/install/nodes_comunication/lib/python3.10/site-packages/nodes_comunication
[6.063s] byte-compiling /home/ffelix07/Documents/LabRemo/install/nodes_comunication/lib/python3.10/site-packages/nodes_comunication/Bringe_comunication.py to Bringe_comunication.cpython-310.pyc
[6.066s] running install_data
[6.068s] copying package.xml -> /home/ffelix07/Documents/LabRemo/install/nodes_comunication/share/nodes_comunication
[6.070s] running install_egg_info
[6.078s] removing '/home/ffelix07/Documents/LabRemo/install/nodes_comunication/lib/python3.10/site-packages/nodes_comunication-0.0.0-py3.10.egg-info' (and everything under it)
[6.080s] Copying ../../../../build/nodes_comunication/nodes_comunication.egg-info to /home/ffelix07/Documents/LabRemo/install/nodes_comunication/lib/python3.10/site-packages/nodes_comunication-0.0.0-py3.10.egg-info
[6.087s] running install_scripts
[6.194s] Installing pub_node script to /home/ffelix07/Documents/LabRemo/install/nodes_comunication/lib/nodes_comunication
[6.200s] writing list of installed files to '/home/ffelix07/Documents/LabRemo/build/nodes_comunication/install.log'
[6.333s] Invoked command in '/home/ffelix07/Documents/LabRemo/Orchestrator/ros2_labremoto/src/nodes_comunication' returned '0': PYTHONPATH=/home/ffelix07/Documents/LabRemo/build/nodes_comunication/prefix_override:/home/ffelix07/Documents/LabRemo/install/nodes_comunication/lib/python3.10/site-packages:${PYTHONPATH} /usr/bin/python3 setup.py egg_info --egg-base ../../../../build/nodes_comunication build --build-base /home/ffelix07/Documents/LabRemo/build/nodes_comunication/build install --record /home/ffelix07/Documents/LabRemo/build/nodes_comunication/install.log --single-version-externally-managed
