[2.826s] Invoking command in '/home/ffelix07/Documents/LabRemo/Orchestrator/ros2_labremoto/src/nodes_comunication': PYTHONPATH=/home/ffelix07/Documents/LabRemo/Orchestrator/ros2_labremoto/build/nodes_comunication/prefix_override:/home/ffelix07/Documents/LabRemo/Orchestrator/ros2_labremoto/install/nodes_comunication/lib/python3.10/site-packages:${PYTHONPATH} /usr/bin/python3 setup.py egg_info --egg-base ../../build/nodes_comunication build --build-base /home/ffelix07/Documents/LabRemo/Orchestrator/ros2_labremoto/build/nodes_comunication/build install --record /home/ffelix07/Documents/LabRemo/Orchestrator/ros2_labremoto/build/nodes_comunication/install.log --single-version-externally-managed
[3.657s] running egg_info
[3.659s] writing ../../build/nodes_comunication/nodes_comunication.egg-info/PKG-INFO
[3.660s] writing dependency_links to ../../build/nodes_comunication/nodes_comunication.egg-info/dependency_links.txt
[3.661s] writing entry points to ../../build/nodes_comunication/nodes_comunication.egg-info/entry_points.txt
[3.661s] writing requirements to ../../build/nodes_comunication/nodes_comunication.egg-info/requires.txt
[3.662s] writing top-level names to ../../build/nodes_comunication/nodes_comunication.egg-info/top_level.txt
[3.667s] reading manifest file '../../build/nodes_comunication/nodes_comunication.egg-info/SOURCES.txt'
[3.671s] writing manifest file '../../build/nodes_comunication/nodes_comunication.egg-info/SOURCES.txt'
[3.671s] running build
[3.672s] running build_py
[3.672s] copying nodes_comunication/publisher_node.py -> /home/ffelix07/Documents/LabRemo/Orchestrator/ros2_labremoto/build/nodes_comunication/build/lib/nodes_comunication
[3.673s] running install
[3.674s] running install_lib
[3.676s] copying /home/ffelix07/Documents/LabRemo/Orchestrator/ros2_labremoto/build/nodes_comunication/build/lib/nodes_comunication/publisher_node.py -> /home/ffelix07/Documents/LabRemo/Orchestrator/ros2_labremoto/install/nodes_comunication/lib/python3.10/site-packages/nodes_comunication
[3.678s] byte-compiling /home/ffelix07/Documents/LabRemo/Orchestrator/ros2_labremoto/install/nodes_comunication/lib/python3.10/site-packages/nodes_comunication/publisher_node.py to publisher_node.cpython-310.pyc
[3.679s] running install_data
[3.681s] running install_egg_info
[3.686s] removing '/home/ffelix07/Documents/LabRemo/Orchestrator/ros2_labremoto/install/nodes_comunication/lib/python3.10/site-packages/nodes_comunication-0.0.0-py3.10.egg-info' (and everything under it)
[3.687s] Copying ../../build/nodes_comunication/nodes_comunication.egg-info to /home/ffelix07/Documents/LabRemo/Orchestrator/ros2_labremoto/install/nodes_comunication/lib/python3.10/site-packages/nodes_comunication-0.0.0-py3.10.egg-info
[3.693s] running install_scripts
[3.770s] Installing pub_node script to /home/ffelix07/Documents/LabRemo/Orchestrator/ros2_labremoto/install/nodes_comunication/lib/nodes_comunication
[3.772s] writing list of installed files to '/home/ffelix07/Documents/LabRemo/Orchestrator/ros2_labremoto/build/nodes_comunication/install.log'
[3.909s] Invoked command in '/home/ffelix07/Documents/LabRemo/Orchestrator/ros2_labremoto/src/nodes_comunication' returned '0': PYTHONPATH=/home/ffelix07/Documents/LabRemo/Orchestrator/ros2_labremoto/build/nodes_comunication/prefix_override:/home/ffelix07/Documents/LabRemo/Orchestrator/ros2_labremoto/install/nodes_comunication/lib/python3.10/site-packages:${PYTHONPATH} /usr/bin/python3 setup.py egg_info --egg-base ../../build/nodes_comunication build --build-base /home/ffelix07/Documents/LabRemo/Orchestrator/ros2_labremoto/build/nodes_comunication/build install --record /home/ffelix07/Documents/LabRemo/Orchestrator/ros2_labremoto/build/nodes_comunication/install.log --single-version-externally-managed
