[1.511s] DEBUG:colcon:Command line arguments: ['/usr/bin/colcon', 'build']
[1.511s] DEBUG:colcon:Parsed command line arguments: Namespace(log_base=None, log_level=None, verb_name='build', build_base='build', install_base='install', merge_install=False, symlink_install=False, test_result_base=None, continue_on_error=False, executor='parallel', parallel_workers=4, event_handlers=None, ignore_user_meta=False, metas=['./colcon.meta'], base_paths=['.'], packages_ignore=None, packages_ignore_regex=None, paths=None, packages_up_to=None, packages_up_to_regex=None, packages_above=None, packages_above_and_dependencies=None, packages_above_depth=None, packages_select_by_dep=None, packages_skip_by_dep=None, packages_skip_up_to=None, packages_select_build_failed=False, packages_skip_build_finished=False, packages_select_test_failures=False, packages_skip_test_passed=False, packages_select=None, packages_skip=None, packages_select_regex=None, packages_skip_regex=None, packages_start=None, packages_end=None, allow_overriding=[], cmake_args=None, cmake_target=None, cmake_target_skip_unavailable=False, cmake_clean_cache=False, cmake_clean_first=False, cmake_force_configure=False, ament_cmake_args=None, catkin_cmake_args=None, catkin_skip_building_tests=False, verb_parser=<colcon_defaults.argument_parser.defaults.DefaultArgumentsDecorator object at 0x7f26c2c76b60>, verb_extension=<colcon_core.verb.build.BuildVerb object at 0x7f26c2c765f0>, main=<bound method BuildVerb.main of <colcon_core.verb.build.BuildVerb object at 0x7f26c2c765f0>>)
[1.635s] Level 1:colcon.colcon_core.package_discovery:discover_packages(colcon_meta) check parameters
[1.636s] Level 1:colcon.colcon_core.package_discovery:discover_packages(recursive) check parameters
[1.636s] Level 1:colcon.colcon_core.package_discovery:discover_packages(ignore) check parameters
[1.636s] Level 1:colcon.colcon_core.package_discovery:discover_packages(path) check parameters
[1.636s] Level 1:colcon.colcon_core.package_discovery:discover_packages(colcon_meta) discover
[1.636s] Level 1:colcon.colcon_core.package_discovery:discover_packages(recursive) discover
[1.636s] INFO:colcon.colcon_core.package_discovery:Crawling recursively for packages in '/home/ffelix07/Documents/LabRemo'
[1.637s] Level 1:colcon.colcon_core.package_identification:_identify(.) by extensions ['ignore', 'ignore_ament_install']
[1.637s] Level 1:colcon.colcon_core.package_identification:_identify(.) by extension 'ignore'
[1.637s] Level 1:colcon.colcon_core.package_identification:_identify(.) by extension 'ignore_ament_install'
[1.637s] Level 1:colcon.colcon_core.package_identification:_identify(.) by extensions ['colcon_pkg']
[1.638s] Level 1:colcon.colcon_core.package_identification:_identify(.) by extension 'colcon_pkg'
[1.638s] Level 1:colcon.colcon_core.package_identification:_identify(.) by extensions ['colcon_meta']
[1.638s] Level 1:colcon.colcon_core.package_identification:_identify(.) by extension 'colcon_meta'
[1.638s] Level 1:colcon.colcon_core.package_identification:_identify(.) by extensions ['ros']
[1.638s] Level 1:colcon.colcon_core.package_identification:_identify(.) by extension 'ros'
[1.675s] Level 1:colcon.colcon_core.package_identification:_identify(.) by extensions ['cmake', 'python']
[1.675s] Level 1:colcon.colcon_core.package_identification:_identify(.) by extension 'cmake'
[1.675s] Level 1:colcon.colcon_core.package_identification:_identify(.) by extension 'python'
[1.675s] Level 1:colcon.colcon_core.package_identification:_identify(.) by extensions ['python_setup_py']
[1.675s] Level 1:colcon.colcon_core.package_identification:_identify(.) by extension 'python_setup_py'
[1.676s] Level 1:colcon.colcon_core.package_identification:_identify(Orchestrator) by extensions ['ignore', 'ignore_ament_install']
[1.676s] Level 1:colcon.colcon_core.package_identification:_identify(Orchestrator) by extension 'ignore'
[1.676s] Level 1:colcon.colcon_core.package_identification:_identify(Orchestrator) by extension 'ignore_ament_install'
[1.677s] Level 1:colcon.colcon_core.package_identification:_identify(Orchestrator) by extensions ['colcon_pkg']
[1.677s] Level 1:colcon.colcon_core.package_identification:_identify(Orchestrator) by extension 'colcon_pkg'
[1.677s] Level 1:colcon.colcon_core.package_identification:_identify(Orchestrator) by extensions ['colcon_meta']
[1.677s] Level 1:colcon.colcon_core.package_identification:_identify(Orchestrator) by extension 'colcon_meta'
[1.677s] Level 1:colcon.colcon_core.package_identification:_identify(Orchestrator) by extensions ['ros']
[1.677s] Level 1:colcon.colcon_core.package_identification:_identify(Orchestrator) by extension 'ros'
[1.678s] Level 1:colcon.colcon_core.package_identification:_identify(Orchestrator) by extensions ['cmake', 'python']
[1.678s] Level 1:colcon.colcon_core.package_identification:_identify(Orchestrator) by extension 'cmake'
[1.678s] Level 1:colcon.colcon_core.package_identification:_identify(Orchestrator) by extension 'python'
[1.678s] Level 1:colcon.colcon_core.package_identification:_identify(Orchestrator) by extensions ['python_setup_py']
[1.678s] Level 1:colcon.colcon_core.package_identification:_identify(Orchestrator) by extension 'python_setup_py'
[1.679s] Level 1:colcon.colcon_core.package_identification:_identify(Orchestrator/ros2_labremoto) by extensions ['ignore', 'ignore_ament_install']
[1.679s] Level 1:colcon.colcon_core.package_identification:_identify(Orchestrator/ros2_labremoto) by extension 'ignore'
[1.679s] Level 1:colcon.colcon_core.package_identification:_identify(Orchestrator/ros2_labremoto) by extension 'ignore_ament_install'
[1.679s] Level 1:colcon.colcon_core.package_identification:_identify(Orchestrator/ros2_labremoto) by extensions ['colcon_pkg']
[1.679s] Level 1:colcon.colcon_core.package_identification:_identify(Orchestrator/ros2_labremoto) by extension 'colcon_pkg'
[1.680s] Level 1:colcon.colcon_core.package_identification:_identify(Orchestrator/ros2_labremoto) by extensions ['colcon_meta']
[1.680s] Level 1:colcon.colcon_core.package_identification:_identify(Orchestrator/ros2_labremoto) by extension 'colcon_meta'
[1.680s] Level 1:colcon.colcon_core.package_identification:_identify(Orchestrator/ros2_labremoto) by extensions ['ros']
[1.680s] Level 1:colcon.colcon_core.package_identification:_identify(Orchestrator/ros2_labremoto) by extension 'ros'
[1.680s] Level 1:colcon.colcon_core.package_identification:_identify(Orchestrator/ros2_labremoto) by extensions ['cmake', 'python']
[1.680s] Level 1:colcon.colcon_core.package_identification:_identify(Orchestrator/ros2_labremoto) by extension 'cmake'
[1.680s] Level 1:colcon.colcon_core.package_identification:_identify(Orchestrator/ros2_labremoto) by extension 'python'
[1.681s] Level 1:colcon.colcon_core.package_identification:_identify(Orchestrator/ros2_labremoto) by extensions ['python_setup_py']
[1.681s] Level 1:colcon.colcon_core.package_identification:_identify(Orchestrator/ros2_labremoto) by extension 'python_setup_py'
[1.681s] Level 1:colcon.colcon_core.package_identification:_identify(Orchestrator/ros2_labremoto/build) by extensions ['ignore', 'ignore_ament_install']
[1.681s] Level 1:colcon.colcon_core.package_identification:_identify(Orchestrator/ros2_labremoto/build) by extension 'ignore'
[1.682s] Level 1:colcon.colcon_core.package_identification:_identify(Orchestrator/ros2_labremoto/build) ignored
[1.682s] Level 1:colcon.colcon_core.package_identification:_identify(Orchestrator/ros2_labremoto/install) by extensions ['ignore', 'ignore_ament_install']
[1.682s] Level 1:colcon.colcon_core.package_identification:_identify(Orchestrator/ros2_labremoto/install) by extension 'ignore'
[1.683s] Level 1:colcon.colcon_core.package_identification:_identify(Orchestrator/ros2_labremoto/install) ignored
[1.683s] Level 1:colcon.colcon_core.package_identification:_identify(Orchestrator/ros2_labremoto/log) by extensions ['ignore', 'ignore_ament_install']
[1.683s] Level 1:colcon.colcon_core.package_identification:_identify(Orchestrator/ros2_labremoto/log) by extension 'ignore'
[1.684s] Level 1:colcon.colcon_core.package_identification:_identify(Orchestrator/ros2_labremoto/log) ignored
[1.684s] Level 1:colcon.colcon_core.package_identification:_identify(Orchestrator/ros2_labremoto/src) by extensions ['ignore', 'ignore_ament_install']
[1.684s] Level 1:colcon.colcon_core.package_identification:_identify(Orchestrator/ros2_labremoto/src) by extension 'ignore'
[1.684s] Level 1:colcon.colcon_core.package_identification:_identify(Orchestrator/ros2_labremoto/src) by extension 'ignore_ament_install'
[1.685s] Level 1:colcon.colcon_core.package_identification:_identify(Orchestrator/ros2_labremoto/src) by extensions ['colcon_pkg']
[1.685s] Level 1:colcon.colcon_core.package_identification:_identify(Orchestrator/ros2_labremoto/src) by extension 'colcon_pkg'
[1.685s] Level 1:colcon.colcon_core.package_identification:_identify(Orchestrator/ros2_labremoto/src) by extensions ['colcon_meta']
[1.685s] Level 1:colcon.colcon_core.package_identification:_identify(Orchestrator/ros2_labremoto/src) by extension 'colcon_meta'
[1.685s] Level 1:colcon.colcon_core.package_identification:_identify(Orchestrator/ros2_labremoto/src) by extensions ['ros']
[1.685s] Level 1:colcon.colcon_core.package_identification:_identify(Orchestrator/ros2_labremoto/src) by extension 'ros'
[1.686s] Level 1:colcon.colcon_core.package_identification:_identify(Orchestrator/ros2_labremoto/src) by extensions ['cmake', 'python']
[1.686s] Level 1:colcon.colcon_core.package_identification:_identify(Orchestrator/ros2_labremoto/src) by extension 'cmake'
[1.686s] Level 1:colcon.colcon_core.package_identification:_identify(Orchestrator/ros2_labremoto/src) by extension 'python'
[1.686s] Level 1:colcon.colcon_core.package_identification:_identify(Orchestrator/ros2_labremoto/src) by extensions ['python_setup_py']
[1.686s] Level 1:colcon.colcon_core.package_identification:_identify(Orchestrator/ros2_labremoto/src) by extension 'python_setup_py'
[1.687s] Level 1:colcon.colcon_core.package_identification:_identify(Orchestrator/ros2_labremoto/src/examples) by extensions ['ignore', 'ignore_ament_install']
[1.687s] Level 1:colcon.colcon_core.package_identification:_identify(Orchestrator/ros2_labremoto/src/examples) by extension 'ignore'
[1.687s] Level 1:colcon.colcon_core.package_identification:_identify(Orchestrator/ros2_labremoto/src/examples) by extension 'ignore_ament_install'
[1.687s] Level 1:colcon.colcon_core.package_identification:_identify(Orchestrator/ros2_labremoto/src/examples) by extensions ['colcon_pkg']
[1.687s] Level 1:colcon.colcon_core.package_identification:_identify(Orchestrator/ros2_labremoto/src/examples) by extension 'colcon_pkg'
[1.688s] Level 1:colcon.colcon_core.package_identification:_identify(Orchestrator/ros2_labremoto/src/examples) by extensions ['colcon_meta']
[1.688s] Level 1:colcon.colcon_core.package_identification:_identify(Orchestrator/ros2_labremoto/src/examples) by extension 'colcon_meta'
[1.688s] Level 1:colcon.colcon_core.package_identification:_identify(Orchestrator/ros2_labremoto/src/examples) by extensions ['ros']
[1.688s] Level 1:colcon.colcon_core.package_identification:_identify(Orchestrator/ros2_labremoto/src/examples) by extension 'ros'
[1.688s] Level 1:colcon.colcon_core.package_identification:_identify(Orchestrator/ros2_labremoto/src/examples) by extensions ['cmake', 'python']
[1.689s] Level 1:colcon.colcon_core.package_identification:_identify(Orchestrator/ros2_labremoto/src/examples) by extension 'cmake'
[1.689s] Level 1:colcon.colcon_core.package_identification:_identify(Orchestrator/ros2_labremoto/src/examples) by extension 'python'
[1.689s] Level 1:colcon.colcon_core.package_identification:_identify(Orchestrator/ros2_labremoto/src/examples) by extensions ['python_setup_py']
[1.689s] Level 1:colcon.colcon_core.package_identification:_identify(Orchestrator/ros2_labremoto/src/examples) by extension 'python_setup_py'
[1.690s] Level 1:colcon.colcon_core.package_identification:_identify(Orchestrator/ros2_labremoto/src/hardware) by extensions ['ignore', 'ignore_ament_install']
[1.690s] Level 1:colcon.colcon_core.package_identification:_identify(Orchestrator/ros2_labremoto/src/hardware) by extension 'ignore'
[1.690s] Level 1:colcon.colcon_core.package_identification:_identify(Orchestrator/ros2_labremoto/src/hardware) by extension 'ignore_ament_install'
[1.690s] Level 1:colcon.colcon_core.package_identification:_identify(Orchestrator/ros2_labremoto/src/hardware) by extensions ['colcon_pkg']
[1.690s] Level 1:colcon.colcon_core.package_identification:_identify(Orchestrator/ros2_labremoto/src/hardware) by extension 'colcon_pkg'
[1.691s] Level 1:colcon.colcon_core.package_identification:_identify(Orchestrator/ros2_labremoto/src/hardware) by extensions ['colcon_meta']
[1.691s] Level 1:colcon.colcon_core.package_identification:_identify(Orchestrator/ros2_labremoto/src/hardware) by extension 'colcon_meta'
[1.691s] Level 1:colcon.colcon_core.package_identification:_identify(Orchestrator/ros2_labremoto/src/hardware) by extensions ['ros']
[1.691s] Level 1:colcon.colcon_core.package_identification:_identify(Orchestrator/ros2_labremoto/src/hardware) by extension 'ros'
[1.701s] DEBUG:colcon.colcon_core.package_identification:Package 'Orchestrator/ros2_labremoto/src/hardware' with type 'ros.ament_python' and name 'hardware'
[1.701s] Level 1:colcon.colcon_core.package_identification:_identify(Orchestrator/ros2_labremoto/src/nodes_comunication) by extensions ['ignore', 'ignore_ament_install']
[1.702s] Level 1:colcon.colcon_core.package_identification:_identify(Orchestrator/ros2_labremoto/src/nodes_comunication) by extension 'ignore'
[1.702s] Level 1:colcon.colcon_core.package_identification:_identify(Orchestrator/ros2_labremoto/src/nodes_comunication) by extension 'ignore_ament_install'
[1.702s] Level 1:colcon.colcon_core.package_identification:_identify(Orchestrator/ros2_labremoto/src/nodes_comunication) by extensions ['colcon_pkg']
[1.702s] Level 1:colcon.colcon_core.package_identification:_identify(Orchestrator/ros2_labremoto/src/nodes_comunication) by extension 'colcon_pkg'
[1.702s] Level 1:colcon.colcon_core.package_identification:_identify(Orchestrator/ros2_labremoto/src/nodes_comunication) by extensions ['colcon_meta']
[1.703s] Level 1:colcon.colcon_core.package_identification:_identify(Orchestrator/ros2_labremoto/src/nodes_comunication) by extension 'colcon_meta'
[1.703s] Level 1:colcon.colcon_core.package_identification:_identify(Orchestrator/ros2_labremoto/src/nodes_comunication) by extensions ['ros']
[1.703s] Level 1:colcon.colcon_core.package_identification:_identify(Orchestrator/ros2_labremoto/src/nodes_comunication) by extension 'ros'
[1.705s] DEBUG:colcon.colcon_core.package_identification:Package 'Orchestrator/ros2_labremoto/src/nodes_comunication' with type 'ros.ament_python' and name 'nodes_comunication'
[1.706s] Level 1:colcon.colcon_core.package_identification:_identify(Orchestrator/ros2_labremoto/src/ros2_actions) by extensions ['ignore', 'ignore_ament_install']
[1.706s] Level 1:colcon.colcon_core.package_identification:_identify(Orchestrator/ros2_labremoto/src/ros2_actions) by extension 'ignore'
[1.706s] Level 1:colcon.colcon_core.package_identification:_identify(Orchestrator/ros2_labremoto/src/ros2_actions) by extension 'ignore_ament_install'
[1.706s] Level 1:colcon.colcon_core.package_identification:_identify(Orchestrator/ros2_labremoto/src/ros2_actions) by extensions ['colcon_pkg']
[1.706s] Level 1:colcon.colcon_core.package_identification:_identify(Orchestrator/ros2_labremoto/src/ros2_actions) by extension 'colcon_pkg'
[1.707s] Level 1:colcon.colcon_core.package_identification:_identify(Orchestrator/ros2_labremoto/src/ros2_actions) by extensions ['colcon_meta']
[1.707s] Level 1:colcon.colcon_core.package_identification:_identify(Orchestrator/ros2_labremoto/src/ros2_actions) by extension 'colcon_meta'
[1.707s] Level 1:colcon.colcon_core.package_identification:_identify(Orchestrator/ros2_labremoto/src/ros2_actions) by extensions ['ros']
[1.707s] Level 1:colcon.colcon_core.package_identification:_identify(Orchestrator/ros2_labremoto/src/ros2_actions) by extension 'ros'
[1.709s] DEBUG:colcon.colcon_core.package_identification:Package 'Orchestrator/ros2_labremoto/src/ros2_actions' with type 'ros.ament_cmake' and name 'ros2_actions'
[1.709s] Level 1:colcon.colcon_core.package_identification:_identify(build) by extensions ['ignore', 'ignore_ament_install']
[1.710s] Level 1:colcon.colcon_core.package_identification:_identify(build) by extension 'ignore'
[1.710s] Level 1:colcon.colcon_core.package_identification:_identify(build) ignored
[1.710s] Level 1:colcon.colcon_core.package_identification:_identify(install) by extensions ['ignore', 'ignore_ament_install']
[1.711s] Level 1:colcon.colcon_core.package_identification:_identify(install) by extension 'ignore'
[1.711s] Level 1:colcon.colcon_core.package_identification:_identify(install) ignored
[1.711s] Level 1:colcon.colcon_core.package_identification:_identify(log) by extensions ['ignore', 'ignore_ament_install']
[1.712s] Level 1:colcon.colcon_core.package_identification:_identify(log) by extension 'ignore'
[1.712s] Level 1:colcon.colcon_core.package_identification:_identify(log) ignored
[1.713s] Level 1:colcon.colcon_core.package_identification:_identify(web_site) by extensions ['ignore', 'ignore_ament_install']
[1.713s] Level 1:colcon.colcon_core.package_identification:_identify(web_site) by extension 'ignore'
[1.713s] Level 1:colcon.colcon_core.package_identification:_identify(web_site) by extension 'ignore_ament_install'
[1.713s] Level 1:colcon.colcon_core.package_identification:_identify(web_site) by extensions ['colcon_pkg']
[1.713s] Level 1:colcon.colcon_core.package_identification:_identify(web_site) by extension 'colcon_pkg'
[1.714s] Level 1:colcon.colcon_core.package_identification:_identify(web_site) by extensions ['colcon_meta']
[1.714s] Level 1:colcon.colcon_core.package_identification:_identify(web_site) by extension 'colcon_meta'
[1.714s] Level 1:colcon.colcon_core.package_identification:_identify(web_site) by extensions ['ros']
[1.714s] Level 1:colcon.colcon_core.package_identification:_identify(web_site) by extension 'ros'
[1.714s] Level 1:colcon.colcon_core.package_identification:_identify(web_site) by extensions ['cmake', 'python']
[1.714s] Level 1:colcon.colcon_core.package_identification:_identify(web_site) by extension 'cmake'
[1.715s] Level 1:colcon.colcon_core.package_identification:_identify(web_site) by extension 'python'
[1.715s] Level 1:colcon.colcon_core.package_identification:_identify(web_site) by extensions ['python_setup_py']
[1.715s] Level 1:colcon.colcon_core.package_identification:_identify(web_site) by extension 'python_setup_py'
[1.715s] Level 1:colcon.colcon_core.package_identification:_identify(web_site/backend) by extensions ['ignore', 'ignore_ament_install']
[1.716s] Level 1:colcon.colcon_core.package_identification:_identify(web_site/backend) by extension 'ignore'
[1.716s] Level 1:colcon.colcon_core.package_identification:_identify(web_site/backend) by extension 'ignore_ament_install'
[1.716s] Level 1:colcon.colcon_core.package_identification:_identify(web_site/backend) by extensions ['colcon_pkg']
[1.716s] Level 1:colcon.colcon_core.package_identification:_identify(web_site/backend) by extension 'colcon_pkg'
[1.717s] Level 1:colcon.colcon_core.package_identification:_identify(web_site/backend) by extensions ['colcon_meta']
[1.717s] Level 1:colcon.colcon_core.package_identification:_identify(web_site/backend) by extension 'colcon_meta'
[1.717s] Level 1:colcon.colcon_core.package_identification:_identify(web_site/backend) by extensions ['ros']
[1.717s] Level 1:colcon.colcon_core.package_identification:_identify(web_site/backend) by extension 'ros'
[1.718s] Level 1:colcon.colcon_core.package_identification:_identify(web_site/backend) by extensions ['cmake', 'python']
[1.718s] Level 1:colcon.colcon_core.package_identification:_identify(web_site/backend) by extension 'cmake'
[1.718s] Level 1:colcon.colcon_core.package_identification:_identify(web_site/backend) by extension 'python'
[1.718s] Level 1:colcon.colcon_core.package_identification:_identify(web_site/backend) by extensions ['python_setup_py']
[1.719s] Level 1:colcon.colcon_core.package_identification:_identify(web_site/backend) by extension 'python_setup_py'
[1.719s] Level 1:colcon.colcon_core.package_identification:_identify(web_site/frontend) by extensions ['ignore', 'ignore_ament_install']
[1.719s] Level 1:colcon.colcon_core.package_identification:_identify(web_site/frontend) by extension 'ignore'
[1.719s] Level 1:colcon.colcon_core.package_identification:_identify(web_site/frontend) by extension 'ignore_ament_install'
[1.720s] Level 1:colcon.colcon_core.package_identification:_identify(web_site/frontend) by extensions ['colcon_pkg']
[1.720s] Level 1:colcon.colcon_core.package_identification:_identify(web_site/frontend) by extension 'colcon_pkg'
[1.720s] Level 1:colcon.colcon_core.package_identification:_identify(web_site/frontend) by extensions ['colcon_meta']
[1.720s] Level 1:colcon.colcon_core.package_identification:_identify(web_site/frontend) by extension 'colcon_meta'
[1.720s] Level 1:colcon.colcon_core.package_identification:_identify(web_site/frontend) by extensions ['ros']
[1.720s] Level 1:colcon.colcon_core.package_identification:_identify(web_site/frontend) by extension 'ros'
[1.721s] Level 1:colcon.colcon_core.package_identification:_identify(web_site/frontend) by extensions ['cmake', 'python']
[1.721s] Level 1:colcon.colcon_core.package_identification:_identify(web_site/frontend) by extension 'cmake'
[1.721s] Level 1:colcon.colcon_core.package_identification:_identify(web_site/frontend) by extension 'python'
[1.721s] Level 1:colcon.colcon_core.package_identification:_identify(web_site/frontend) by extensions ['python_setup_py']
[1.721s] Level 1:colcon.colcon_core.package_identification:_identify(web_site/frontend) by extension 'python_setup_py'
[1.722s] Level 1:colcon.colcon_core.package_discovery:discover_packages(recursive) using defaults
[1.722s] Level 1:colcon.colcon_core.package_discovery:discover_packages(ignore) discover
[1.722s] Level 1:colcon.colcon_core.package_discovery:discover_packages(ignore) using defaults
[1.722s] Level 1:colcon.colcon_core.package_discovery:discover_packages(path) discover
[1.722s] Level 1:colcon.colcon_core.package_discovery:discover_packages(path) using defaults
[1.824s] Level 1:colcon.colcon_core.package_discovery:discover_packages(prefix_path) check parameters
[1.824s] Level 1:colcon.colcon_core.package_discovery:discover_packages(prefix_path) discover
[1.835s] DEBUG:colcon.colcon_installed_package_information.package_discovery:Found 2 installed packages in /home/ffelix07/Documents/LabRemo/Orchestrator/ros2_labremoto/install
[1.842s] DEBUG:colcon.colcon_installed_package_information.package_discovery:Found 185 installed packages in /opt/ros/humble
[1.848s] Level 1:colcon.colcon_core.package_discovery:discover_packages(prefix_path) using defaults
[2.057s] Level 5:colcon.colcon_core.verb:set package 'hardware' build argument 'cmake_args' from command line to 'None'
[2.057s] Level 5:colcon.colcon_core.verb:set package 'hardware' build argument 'cmake_target' from command line to 'None'
[2.057s] Level 5:colcon.colcon_core.verb:set package 'hardware' build argument 'cmake_target_skip_unavailable' from command line to 'False'
[2.057s] Level 5:colcon.colcon_core.verb:set package 'hardware' build argument 'cmake_clean_cache' from command line to 'False'
[2.057s] Level 5:colcon.colcon_core.verb:set package 'hardware' build argument 'cmake_clean_first' from command line to 'False'
[2.058s] Level 5:colcon.colcon_core.verb:set package 'hardware' build argument 'cmake_force_configure' from command line to 'False'
[2.058s] Level 5:colcon.colcon_core.verb:set package 'hardware' build argument 'ament_cmake_args' from command line to 'None'
[2.058s] Level 5:colcon.colcon_core.verb:set package 'hardware' build argument 'catkin_cmake_args' from command line to 'None'
[2.058s] Level 5:colcon.colcon_core.verb:set package 'hardware' build argument 'catkin_skip_building_tests' from command line to 'False'
[2.058s] DEBUG:colcon.colcon_core.verb:Building package 'hardware' with the following arguments: {'ament_cmake_args': None, 'build_base': '/home/ffelix07/Documents/LabRemo/build/hardware', 'catkin_cmake_args': None, 'catkin_skip_building_tests': False, 'cmake_args': None, 'cmake_clean_cache': False, 'cmake_clean_first': False, 'cmake_force_configure': False, 'cmake_target': None, 'cmake_target_skip_unavailable': False, 'install_base': '/home/ffelix07/Documents/LabRemo/install/hardware', 'merge_install': False, 'path': '/home/ffelix07/Documents/LabRemo/Orchestrator/ros2_labremoto/src/hardware', 'symlink_install': False, 'test_result_base': None}
[2.061s] Level 5:colcon.colcon_core.verb:set package 'nodes_comunication' build argument 'cmake_args' from command line to 'None'
[2.062s] Level 5:colcon.colcon_core.verb:set package 'nodes_comunication' build argument 'cmake_target' from command line to 'None'
[2.062s] Level 5:colcon.colcon_core.verb:set package 'nodes_comunication' build argument 'cmake_target_skip_unavailable' from command line to 'False'
[2.062s] Level 5:colcon.colcon_core.verb:set package 'nodes_comunication' build argument 'cmake_clean_cache' from command line to 'False'
[2.062s] Level 5:colcon.colcon_core.verb:set package 'nodes_comunication' build argument 'cmake_clean_first' from command line to 'False'
[2.062s] Level 5:colcon.colcon_core.verb:set package 'nodes_comunication' build argument 'cmake_force_configure' from command line to 'False'
[2.062s] Level 5:colcon.colcon_core.verb:set package 'nodes_comunication' build argument 'ament_cmake_args' from command line to 'None'
[2.062s] Level 5:colcon.colcon_core.verb:set package 'nodes_comunication' build argument 'catkin_cmake_args' from command line to 'None'
[2.062s] Level 5:colcon.colcon_core.verb:set package 'nodes_comunication' build argument 'catkin_skip_building_tests' from command line to 'False'
[2.062s] DEBUG:colcon.colcon_core.verb:Building package 'nodes_comunication' with the following arguments: {'ament_cmake_args': None, 'build_base': '/home/ffelix07/Documents/LabRemo/build/nodes_comunication', 'catkin_cmake_args': None, 'catkin_skip_building_tests': False, 'cmake_args': None, 'cmake_clean_cache': False, 'cmake_clean_first': False, 'cmake_force_configure': False, 'cmake_target': None, 'cmake_target_skip_unavailable': False, 'install_base': '/home/ffelix07/Documents/LabRemo/install/nodes_comunication', 'merge_install': False, 'path': '/home/ffelix07/Documents/LabRemo/Orchestrator/ros2_labremoto/src/nodes_comunication', 'symlink_install': False, 'test_result_base': None}
[2.066s] Level 5:colcon.colcon_core.verb:set package 'ros2_actions' build argument 'cmake_args' from command line to 'None'
[2.066s] Level 5:colcon.colcon_core.verb:set package 'ros2_actions' build argument 'cmake_target' from command line to 'None'
[2.067s] Level 5:colcon.colcon_core.verb:set package 'ros2_actions' build argument 'cmake_target_skip_unavailable' from command line to 'False'
[2.067s] Level 5:colcon.colcon_core.verb:set package 'ros2_actions' build argument 'cmake_clean_cache' from command line to 'False'
[2.067s] Level 5:colcon.colcon_core.verb:set package 'ros2_actions' build argument 'cmake_clean_first' from command line to 'False'
[2.067s] Level 5:colcon.colcon_core.verb:set package 'ros2_actions' build argument 'cmake_force_configure' from command line to 'False'
[2.067s] Level 5:colcon.colcon_core.verb:set package 'ros2_actions' build argument 'ament_cmake_args' from command line to 'None'
[2.067s] Level 5:colcon.colcon_core.verb:set package 'ros2_actions' build argument 'catkin_cmake_args' from command line to 'None'
[2.067s] Level 5:colcon.colcon_core.verb:set package 'ros2_actions' build argument 'catkin_skip_building_tests' from command line to 'False'
[2.067s] DEBUG:colcon.colcon_core.verb:Building package 'ros2_actions' with the following arguments: {'ament_cmake_args': None, 'build_base': '/home/ffelix07/Documents/LabRemo/build/ros2_actions', 'catkin_cmake_args': None, 'catkin_skip_building_tests': False, 'cmake_args': None, 'cmake_clean_cache': False, 'cmake_clean_first': False, 'cmake_force_configure': False, 'cmake_target': None, 'cmake_target_skip_unavailable': False, 'install_base': '/home/ffelix07/Documents/LabRemo/install/ros2_actions', 'merge_install': False, 'path': '/home/ffelix07/Documents/LabRemo/Orchestrator/ros2_labremoto/src/ros2_actions', 'symlink_install': False, 'test_result_base': None}
[2.069s] INFO:colcon.colcon_core.executor:Executing jobs using 'parallel' executor
[2.081s] DEBUG:colcon.colcon_parallel_executor.executor.parallel:run_until_complete
[2.082s] INFO:colcon.colcon_ros.task.ament_python.build:Building ROS package in '/home/ffelix07/Documents/LabRemo/Orchestrator/ros2_labremoto/src/hardware' with build type 'ament_python'
[2.083s] Level 1:colcon.colcon_core.shell:create_environment_hook('hardware', 'ament_prefix_path')
[2.107s] INFO:colcon.colcon_core.plugin_system:Skipping extension 'colcon_core.shell.bat': Not used on non-Windows systems
[2.108s] INFO:colcon.colcon_core.shell:Creating environment hook '/home/ffelix07/Documents/LabRemo/install/hardware/share/hardware/hook/ament_prefix_path.ps1'
[2.112s] INFO:colcon.colcon_core.shell:Creating environment descriptor '/home/ffelix07/Documents/LabRemo/install/hardware/share/hardware/hook/ament_prefix_path.dsv'
[2.114s] INFO:colcon.colcon_core.shell:Creating environment hook '/home/ffelix07/Documents/LabRemo/install/hardware/share/hardware/hook/ament_prefix_path.sh'
[2.123s] INFO:colcon.colcon_core.shell:Skip shell extension 'powershell' for command environment: Not usable outside of PowerShell
[2.124s] DEBUG:colcon.colcon_core.shell:Skip shell extension 'dsv' for command environment
[2.143s] INFO:colcon.colcon_ros.task.ament_python.build:Building ROS package in '/home/ffelix07/Documents/LabRemo/Orchestrator/ros2_labremoto/src/nodes_comunication' with build type 'ament_python'
[2.143s] Level 1:colcon.colcon_core.shell:create_environment_hook('nodes_comunication', 'ament_prefix_path')
[2.149s] INFO:colcon.colcon_core.shell:Creating environment hook '/home/ffelix07/Documents/LabRemo/install/nodes_comunication/share/nodes_comunication/hook/ament_prefix_path.ps1'
[2.152s] INFO:colcon.colcon_core.shell:Creating environment descriptor '/home/ffelix07/Documents/LabRemo/install/nodes_comunication/share/nodes_comunication/hook/ament_prefix_path.dsv'
[2.153s] INFO:colcon.colcon_core.shell:Creating environment hook '/home/ffelix07/Documents/LabRemo/install/nodes_comunication/share/nodes_comunication/hook/ament_prefix_path.sh'
[2.160s] INFO:colcon.colcon_core.shell:Skip shell extension 'powershell' for command environment: Not usable outside of PowerShell
[2.160s] DEBUG:colcon.colcon_core.shell:Skip shell extension 'dsv' for command environment
[2.176s] INFO:colcon.colcon_ros.task.ament_cmake.build:Building ROS package in '/home/ffelix07/Documents/LabRemo/Orchestrator/ros2_labremoto/src/ros2_actions' with build type 'ament_cmake'
[2.177s] INFO:colcon.colcon_cmake.task.cmake.build:Building CMake package in '/home/ffelix07/Documents/LabRemo/Orchestrator/ros2_labremoto/src/ros2_actions'
[2.183s] INFO:colcon.colcon_core.shell:Skip shell extension 'powershell' for command environment: Not usable outside of PowerShell
[2.185s] DEBUG:colcon.colcon_core.shell:Skip shell extension 'dsv' for command environment
[3.321s] INFO:colcon.colcon_core.task.python.build:Building Python package in '/home/ffelix07/Documents/LabRemo/Orchestrator/ros2_labremoto/src/hardware'
[3.327s] INFO:colcon.colcon_core.shell:Skip shell extension 'powershell' for command environment: Not usable outside of PowerShell
[3.328s] DEBUG:colcon.colcon_core.shell:Skip shell extension 'dsv' for command environment
[4.410s] INFO:colcon.colcon_core.task.python.build:Building Python package in '/home/ffelix07/Documents/LabRemo/Orchestrator/ros2_labremoto/src/nodes_comunication'
[4.414s] INFO:colcon.colcon_core.shell:Skip shell extension 'powershell' for command environment: Not usable outside of PowerShell
[4.415s] DEBUG:colcon.colcon_core.shell:Skip shell extension 'dsv' for command environment
[4.444s] DEBUG:colcon.colcon_core.event_handler.log_command:Invoking command in '/home/ffelix07/Documents/LabRemo/build/ros2_actions': CMAKE_PREFIX_PATH=/home/ffelix07/Documents/LabRemo/Orchestrator/ros2_labremoto/install/nodes_comunication:/home/ffelix07/Documents/LabRemo/Orchestrator/ros2_labremoto/install/hardware:/opt/ros/humble /usr/bin/cmake --build /home/ffelix07/Documents/LabRemo/build/ros2_actions -- -j4 -l4
[4.553s] DEBUG:colcon.colcon_core.event_handler.log_command:Invoked command in '/home/ffelix07/Documents/LabRemo/build/ros2_actions' returned '2': CMAKE_PREFIX_PATH=/home/ffelix07/Documents/LabRemo/Orchestrator/ros2_labremoto/install/nodes_comunication:/home/ffelix07/Documents/LabRemo/Orchestrator/ros2_labremoto/install/hardware:/opt/ros/humble /usr/bin/cmake --build /home/ffelix07/Documents/LabRemo/build/ros2_actions -- -j4 -l4
[4.728s] Level 1:colcon.colcon_core.environment:create_environment_scripts_only(ros2_actions)
[4.817s] Level 1:colcon.colcon_core.environment:checking '/home/ffelix07/Documents/LabRemo/install/ros2_actions' for CMake module files
[4.821s] Level 1:colcon.colcon_core.environment:checking '/home/ffelix07/Documents/LabRemo/install/ros2_actions' for CMake config files
[4.823s] Level 1:colcon.colcon_core.shell:create_environment_hook('ros2_actions', 'cmake_prefix_path')
[4.836s] INFO:colcon.colcon_core.shell:Creating environment hook '/home/ffelix07/Documents/LabRemo/install/ros2_actions/share/ros2_actions/hook/cmake_prefix_path.ps1'
[4.857s] INFO:colcon.colcon_core.shell:Creating environment descriptor '/home/ffelix07/Documents/LabRemo/install/ros2_actions/share/ros2_actions/hook/cmake_prefix_path.dsv'
[4.864s] INFO:colcon.colcon_core.shell:Creating environment hook '/home/ffelix07/Documents/LabRemo/install/ros2_actions/share/ros2_actions/hook/cmake_prefix_path.sh'
[4.870s] Level 1:colcon.colcon_core.environment:checking '/home/ffelix07/Documents/LabRemo/install/ros2_actions/bin'
[4.873s] Level 1:colcon.colcon_core.environment:checking '/home/ffelix07/Documents/LabRemo/install/ros2_actions/lib/pkgconfig/ros2_actions.pc'
[4.876s] Level 1:colcon.colcon_core.environment:checking '/home/ffelix07/Documents/LabRemo/install/ros2_actions/lib/python3.10/site-packages'
[4.881s] Level 1:colcon.colcon_core.environment:checking '/home/ffelix07/Documents/LabRemo/install/ros2_actions/bin'
[4.897s] INFO:colcon.colcon_core.shell:Creating package script '/home/ffelix07/Documents/LabRemo/install/ros2_actions/share/ros2_actions/package.ps1'
[4.905s] INFO:colcon.colcon_core.shell:Creating package descriptor '/home/ffelix07/Documents/LabRemo/install/ros2_actions/share/ros2_actions/package.dsv'
[4.915s] INFO:colcon.colcon_core.shell:Creating package script '/home/ffelix07/Documents/LabRemo/install/ros2_actions/share/ros2_actions/package.sh'
[4.925s] INFO:colcon.colcon_core.shell:Creating package script '/home/ffelix07/Documents/LabRemo/install/ros2_actions/share/ros2_actions/package.bash'
[4.933s] INFO:colcon.colcon_core.shell:Creating package script '/home/ffelix07/Documents/LabRemo/install/ros2_actions/share/ros2_actions/package.zsh'
[4.943s] Level 1:colcon.colcon_core.environment:create_file_with_runtime_dependencies(/home/ffelix07/Documents/LabRemo/install/ros2_actions/share/colcon-core/packages/ros2_actions)
[6.500s] DEBUG:colcon.colcon_parallel_executor.executor.parallel:closing loop
[6.500s] DEBUG:colcon.colcon_parallel_executor.executor.parallel:loop closed
[6.501s] DEBUG:colcon.colcon_parallel_executor.executor.parallel:run_until_complete finished with '2'
[6.501s] DEBUG:colcon.colcon_core.event_reactor:joining thread
[6.533s] INFO:colcon.colcon_core.plugin_system:Skipping extension 'colcon_notification.desktop_notification.terminal_notifier': Not used on non-Darwin systems
[6.534s] INFO:colcon.colcon_core.plugin_system:Skipping extension 'colcon_notification.desktop_notification.win32': Not used on non-Windows systems
[6.534s] INFO:colcon.colcon_notification.desktop_notification:Sending desktop notification using 'notify2'
[6.671s] DEBUG:colcon.colcon_core.event_reactor:joined thread
[6.676s] INFO:colcon.colcon_core.shell:Creating prefix script '/home/ffelix07/Documents/LabRemo/install/local_setup.ps1'
[6.680s] INFO:colcon.colcon_core.shell:Creating prefix util module '/home/ffelix07/Documents/LabRemo/install/_local_setup_util_ps1.py'
[6.686s] INFO:colcon.colcon_core.shell:Creating prefix chain script '/home/ffelix07/Documents/LabRemo/install/setup.ps1'
[6.691s] INFO:colcon.colcon_core.shell:Creating prefix script '/home/ffelix07/Documents/LabRemo/install/local_setup.sh'
[6.701s] INFO:colcon.colcon_core.shell:Creating prefix util module '/home/ffelix07/Documents/LabRemo/install/_local_setup_util_sh.py'
[6.705s] INFO:colcon.colcon_core.shell:Creating prefix chain script '/home/ffelix07/Documents/LabRemo/install/setup.sh'
[6.711s] INFO:colcon.colcon_core.shell:Creating prefix script '/home/ffelix07/Documents/LabRemo/install/local_setup.bash'
[6.713s] INFO:colcon.colcon_core.shell:Creating prefix chain script '/home/ffelix07/Documents/LabRemo/install/setup.bash'
[6.720s] INFO:colcon.colcon_core.shell:Creating prefix script '/home/ffelix07/Documents/LabRemo/install/local_setup.zsh'
[6.723s] INFO:colcon.colcon_core.shell:Creating prefix chain script '/home/ffelix07/Documents/LabRemo/install/setup.zsh'
