[2.988s] Invoking command in '/home/ffelix07/Documents/LabRemo/Orchestrator/ros2_labremoto/src/hardware': PYTHONPATH=/home/ffelix07/Documents/LabRemo/build/hardware/prefix_override:/home/ffelix07/Documents/LabRemo/install/hardware/lib/python3.10/site-packages:${PYTHONPATH} /usr/bin/python3 setup.py egg_info --egg-base ../../../../build/hardware build --build-base /home/ffelix07/Documents/LabRemo/build/hardware/build install --record /home/ffelix07/Documents/LabRemo/build/hardware/install.log --single-version-externally-managed
[3.820s] running egg_info
[3.823s] writing ../../../../build/hardware/hardware.egg-info/PKG-INFO
[3.824s] writing dependency_links to ../../../../build/hardware/hardware.egg-info/dependency_links.txt
[3.825s] writing entry points to ../../../../build/hardware/hardware.egg-info/entry_points.txt
[3.826s] writing requirements to ../../../../build/hardware/hardware.egg-info/requires.txt
[3.826s] writing top-level names to ../../../../build/hardware/hardware.egg-info/top_level.txt
[3.832s] reading manifest file '../../../../build/hardware/hardware.egg-info/SOURCES.txt'
[3.836s] writing manifest file '../../../../build/hardware/hardware.egg-info/SOURCES.txt'
[3.837s] running build
[3.837s] running build_py
[3.838s] running install
[3.839s] running install_lib
[3.843s] running install_data
[3.844s] running install_egg_info
[3.852s] removing '/home/ffelix07/Documents/LabRemo/install/hardware/lib/python3.10/site-packages/hardware-0.0.0-py3.10.egg-info' (and everything under it)
[3.853s] Copying ../../../../build/hardware/hardware.egg-info to /home/ffelix07/Documents/LabRemo/install/hardware/lib/python3.10/site-packages/hardware-0.0.0-py3.10.egg-info
[3.856s] running install_scripts
[3.918s] writing list of installed files to '/home/ffelix07/Documents/LabRemo/build/hardware/install.log'
[4.017s] Invoked command in '/home/ffelix07/Documents/LabRemo/Orchestrator/ros2_labremoto/src/hardware' returned '0': PYTHONPATH=/home/ffelix07/Documents/LabRemo/build/hardware/prefix_override:/home/ffelix07/Documents/LabRemo/install/hardware/lib/python3.10/site-packages:${PYTHONPATH} /usr/bin/python3 setup.py egg_info --egg-base ../../../../build/hardware build --build-base /home/ffelix07/Documents/LabRemo/build/hardware/build install --record /home/ffelix07/Documents/LabRemo/build/hardware/install.log --single-version-externally-managed
