[0.567s] Invoking command in '/home/ffelix07/Documents/LabRemo/Orchestrator/ros2_labremoto/build/my_mas': CMAKE_PREFIX_PATH=${CMAKE_PREFIX_PATH}:/home/ffelix07/Documents/LabRemo/Orchestrator/ros2_labremoto/install/launchstructure:/home/ffelix07/Documents/LabRemo/Orchestrator/ros2_labremoto/install/py_pubsub:/home/ffelix07/Documents/LabRemo/Orchestrator/ros2_labremoto/install/lstructure:/home/ffelix07/Documents/LabRemo/Orchestrator/ros2_labremoto/install/hardware:/home/ffelix07/Documents/LabRemo/Orchestrator/ros2_labremoto/install/ament_pep257:/home/ffelix07/Documents/LabRemo/Orchestrator/ros2_labremoto/install/ament_package:/home/ffelix07/Documents/LabRemo/Orchestrator/ros2_labremoto/install/ament_flake8:/opt/ros/humble /usr/bin/cmake --build /home/ffelix07/Documents/LabRemo/Orchestrator/ros2_labremoto/build/my_mas -- -j4 -l4
[0.658s] -- Found ament_cmake: 1.3.5 (/opt/ros/humble/share/ament_cmake/cmake)
[1.787s] -- Found rosidl_default_generators: 1.2.0 (/opt/ros/humble/share/rosidl_default_generators/cmake)
[1.802s] -- Using all available rosidl_typesupport_c: rosidl_typesupport_fastrtps_c;rosidl_typesupport_introspection_c
[1.815s] -- Found rosidl_adapter: 3.1.5 (/opt/ros/humble/share/rosidl_adapter/cmake)
[1.961s] -- Using all available rosidl_typesupport_cpp: rosidl_typesupport_fastrtps_cpp;rosidl_typesupport_introspection_cpp
[2.083s] -- Found geometry_msgs: 4.2.3 (/opt/ros/humble/share/geometry_msgs/cmake)
[3.959s] -- Found ament_cmake_ros: 0.10.0 (/opt/ros/humble/share/ament_cmake_ros/cmake)
[4.900s] -- Using all available rosidl_typesupport_c: rosidl_typesupport_fastrtps_c;rosidl_typesupport_introspection_c
[6.021s] -- Using all available rosidl_typesupport_cpp: rosidl_typesupport_fastrtps_cpp;rosidl_typesupport_introspection_cpp
[6.099s] -- Found python_cmake_module: 0.10.0 (/opt/ros/humble/share/python_cmake_module/cmake)
[6.178s] -- Using PYTHON_EXECUTABLE: /usr/bin/python3
[6.179s] -- Using PYTHON_INCLUDE_DIRS: /usr/include/python3.10
[6.179s] -- Using PYTHON_LIBRARIES: /usr/lib/x86_64-linux-gnu/libpython3.10.so
[6.357s] -- Configuring done
[6.557s] -- Generating done
[6.575s] -- Build files have been written to: /home/ffelix07/Documents/LabRemo/Orchestrator/ros2_labremoto/build/my_mas
[6.673s] [  1%] [34m[1mGenerating C code for ROS interfaces[0m
[6.731s] [  2%] [34m[1mGenerating C++ code for ROS interfaces[0m
[6.842s] [  2%] Built target ament_cmake_python_copy_my_mas
[8.136s] running egg_info
[8.142s] writing my_mas.egg-info/PKG-INFO
[8.143s] writing dependency_links to my_mas.egg-info/dependency_links.txt
[8.147s] writing top-level names to my_mas.egg-info/top_level.txt
[8.159s] reading manifest file 'my_mas.egg-info/SOURCES.txt'
[8.166s] writing manifest file 'my_mas.egg-info/SOURCES.txt'
[8.296s] [  2%] Built target ament_cmake_python_build_my_mas_egg
[10.566s] [  2%] Built target my_mas__cpp
[10.819s] [  3%] [34m[1mGenerating C++ type support dispatch for ROS interfaces[0m
[10.830s] [  5%] [34m[1mGenerating C++ introspection for ROS interfaces[0m
[10.838s] [  6%] [34m[1mGenerating C++ type support for eProsima Fast-RTPS[0m
[10.852s] [35m[1mConsolidate compiler generated dependencies of target my_mas__rosidl_generator_c[0m
[10.953s] [  7%] [32mBuilding C object CMakeFiles/my_mas__rosidl_generator_c.dir/rosidl_generator_c/my_mas/msg/detail/sensor_measurment__functions.c.o[0m
[11.701s] [  8%] [32mBuilding C object CMakeFiles/my_mas__rosidl_generator_c.dir/rosidl_generator_c/my_mas/msg/detail/auditor_msg__functions.c.o[0m
[12.145s] [ 10%] [32mBuilding C object CMakeFiles/my_mas__rosidl_generator_c.dir/rosidl_generator_c/my_mas/msg/detail/file_hex_load__functions.c.o[0m
[12.514s] [ 11%] [32mBuilding C object CMakeFiles/my_mas__rosidl_generator_c.dir/rosidl_generator_c/my_mas/srv/detail/load_filedb__functions.c.o[0m
[12.919s] [ 12%] [32mBuilding C object CMakeFiles/my_mas__rosidl_generator_c.dir/rosidl_generator_c/my_mas/srv/detail/load_file__functions.c.o[0m
[13.378s] [ 13%] [32mBuilding C object CMakeFiles/my_mas__rosidl_generator_c.dir/rosidl_generator_c/my_mas/action/detail/fibonacci__functions.c.o[0m
[14.268s] [ 15%] [32mBuilding C object CMakeFiles/my_mas__rosidl_generator_c.dir/rosidl_generator_c/my_mas/action/detail/cargahex__functions.c.o[0m
[14.641s] [35m[1mConsolidate compiler generated dependencies of target my_mas__rosidl_typesupport_cpp[0m
[14.714s] [ 16%] [32mBuilding CXX object CMakeFiles/my_mas__rosidl_typesupport_cpp.dir/rosidl_typesupport_cpp/my_mas/msg/sensor_measurment__type_support.cpp.o[0m
[15.101s] [ 17%] [32m[1mLinking C shared library libmy_mas__rosidl_generator_c.so[0m
[15.394s] [35m[1mConsolidate compiler generated dependencies of target my_mas__rosidl_typesupport_introspection_cpp[0m
[15.492s] [ 17%] Built target my_mas__rosidl_generator_c
[15.532s] [ 18%] [32mBuilding CXX object CMakeFiles/my_mas__rosidl_typesupport_introspection_cpp.dir/rosidl_typesupport_introspection_cpp/my_mas/msg/detail/sensor_measurment__type_support.cpp.o[0m
[15.626s] [ 20%] [34m[1mGenerating C type support for eProsima Fast-RTPS[0m
[17.691s] [35m[1mConsolidate compiler generated dependencies of target my_mas__rosidl_typesupport_fastrtps_cpp[0m
[17.869s] [ 21%] [32mBuilding CXX object CMakeFiles/my_mas__rosidl_typesupport_fastrtps_cpp.dir/rosidl_typesupport_fastrtps_cpp/my_mas/msg/detail/dds_fastrtps/sensor_measurment__type_support.cpp.o[0m
[18.242s] [ 22%] [32mBuilding CXX object CMakeFiles/my_mas__rosidl_typesupport_cpp.dir/rosidl_typesupport_cpp/my_mas/msg/auditor_msg__type_support.cpp.o[0m
[19.000s] [ 24%] [32mBuilding CXX object CMakeFiles/my_mas__rosidl_typesupport_introspection_cpp.dir/rosidl_typesupport_introspection_cpp/my_mas/msg/detail/auditor_msg__type_support.cpp.o[0m
[20.892s] [ 25%] [32mBuilding CXX object CMakeFiles/my_mas__rosidl_typesupport_fastrtps_cpp.dir/rosidl_typesupport_fastrtps_cpp/my_mas/msg/detail/dds_fastrtps/auditor_msg__type_support.cpp.o[0m
[21.135s] [ 26%] [32mBuilding CXX object CMakeFiles/my_mas__rosidl_typesupport_cpp.dir/rosidl_typesupport_cpp/my_mas/msg/file_hex_load__type_support.cpp.o[0m
[22.686s] [35m[1mConsolidate compiler generated dependencies of target my_mas__rosidl_typesupport_fastrtps_c[0m
[22.807s] [ 27%] [32mBuilding CXX object CMakeFiles/my_mas__rosidl_typesupport_fastrtps_c.dir/rosidl_typesupport_fastrtps_c/my_mas/msg/detail/sensor_measurment__type_support_c.cpp.o[0m
[22.989s] [ 29%] [32mBuilding CXX object CMakeFiles/my_mas__rosidl_typesupport_introspection_cpp.dir/rosidl_typesupport_introspection_cpp/my_mas/msg/detail/file_hex_load__type_support.cpp.o[0m
[23.558s] [ 30%] [32mBuilding CXX object CMakeFiles/my_mas__rosidl_typesupport_fastrtps_cpp.dir/rosidl_typesupport_fastrtps_cpp/my_mas/msg/detail/dds_fastrtps/file_hex_load__type_support.cpp.o[0m
[23.559s] [ 31%] [32mBuilding CXX object CMakeFiles/my_mas__rosidl_typesupport_cpp.dir/rosidl_typesupport_cpp/my_mas/srv/load_filedb__type_support.cpp.o[0m
[24.679s] [ 32%] [32mBuilding CXX object CMakeFiles/my_mas__rosidl_typesupport_fastrtps_c.dir/rosidl_typesupport_fastrtps_c/my_mas/msg/detail/auditor_msg__type_support_c.cpp.o[0m
[25.972s] [ 34%] [32mBuilding CXX object CMakeFiles/my_mas__rosidl_typesupport_introspection_cpp.dir/rosidl_typesupport_introspection_cpp/my_mas/srv/detail/load_filedb__type_support.cpp.o[0m
[26.257s] [ 35%] [32mBuilding CXX object CMakeFiles/my_mas__rosidl_typesupport_cpp.dir/rosidl_typesupport_cpp/my_mas/srv/load_file__type_support.cpp.o[0m
[27.620s] [ 36%] [32mBuilding CXX object CMakeFiles/my_mas__rosidl_typesupport_fastrtps_cpp.dir/rosidl_typesupport_fastrtps_cpp/my_mas/srv/detail/dds_fastrtps/load_filedb__type_support.cpp.o[0m
[27.778s] [ 37%] [32mBuilding CXX object CMakeFiles/my_mas__rosidl_typesupport_fastrtps_c.dir/rosidl_typesupport_fastrtps_c/my_mas/msg/detail/file_hex_load__type_support_c.cpp.o[0m
[28.280s] [ 39%] [32mBuilding CXX object CMakeFiles/my_mas__rosidl_typesupport_cpp.dir/rosidl_typesupport_cpp/my_mas/action/fibonacci__type_support.cpp.o[0m
[29.088s] [ 40%] [32mBuilding CXX object CMakeFiles/my_mas__rosidl_typesupport_introspection_cpp.dir/rosidl_typesupport_introspection_cpp/my_mas/srv/detail/load_file__type_support.cpp.o[0m
[30.142s] [ 41%] [32mBuilding CXX object CMakeFiles/my_mas__rosidl_typesupport_fastrtps_cpp.dir/rosidl_typesupport_fastrtps_cpp/my_mas/srv/detail/dds_fastrtps/load_file__type_support.cpp.o[0m
[30.788s] [ 43%] [32mBuilding CXX object CMakeFiles/my_mas__rosidl_typesupport_fastrtps_c.dir/rosidl_typesupport_fastrtps_c/my_mas/srv/detail/load_filedb__type_support_c.cpp.o[0m
[32.576s] [ 44%] [32mBuilding CXX object CMakeFiles/my_mas__rosidl_typesupport_introspection_cpp.dir/rosidl_typesupport_introspection_cpp/my_mas/action/detail/fibonacci__type_support.cpp.o[0m
[32.727s] [ 45%] [32mBuilding CXX object CMakeFiles/my_mas__rosidl_typesupport_cpp.dir/rosidl_typesupport_cpp/my_mas/action/cargahex__type_support.cpp.o[0m
[33.261s] [ 46%] [32mBuilding CXX object CMakeFiles/my_mas__rosidl_typesupport_fastrtps_cpp.dir/rosidl_typesupport_fastrtps_cpp/my_mas/action/detail/dds_fastrtps/fibonacci__type_support.cpp.o[0m
[33.760s] [ 48%] [32mBuilding CXX object CMakeFiles/my_mas__rosidl_typesupport_fastrtps_c.dir/rosidl_typesupport_fastrtps_c/my_mas/srv/detail/load_file__type_support_c.cpp.o[0m
[36.961s] [ 49%] [32mBuilding CXX object CMakeFiles/my_mas__rosidl_typesupport_fastrtps_c.dir/rosidl_typesupport_fastrtps_c/my_mas/action/detail/fibonacci__type_support_c.cpp.o[0m
[37.059s] [ 50%] [32mBuilding CXX object CMakeFiles/my_mas__rosidl_typesupport_introspection_cpp.dir/rosidl_typesupport_introspection_cpp/my_mas/action/detail/cargahex__type_support.cpp.o[0m
[37.449s] [ 51%] [32m[1mLinking CXX shared library libmy_mas__rosidl_typesupport_cpp.so[0m
[37.820s] [ 51%] Built target my_mas__rosidl_typesupport_cpp
[38.569s] [ 53%] [32mBuilding CXX object CMakeFiles/my_mas__rosidl_typesupport_fastrtps_cpp.dir/rosidl_typesupport_fastrtps_cpp/my_mas/action/detail/dds_fastrtps/cargahex__type_support.cpp.o[0m
[39.093s] [ 54%] [32mBuilding CXX object CMakeFiles/my_mas__rosidl_typesupport_fastrtps_c.dir/rosidl_typesupport_fastrtps_c/my_mas/action/detail/cargahex__type_support_c.cpp.o[0m
[41.104s] [ 55%] [32m[1mLinking CXX shared library libmy_mas__rosidl_typesupport_fastrtps_c.so[0m
[41.337s] [ 56%] [32m[1mLinking CXX shared library libmy_mas__rosidl_typesupport_fastrtps_cpp.so[0m
[41.486s] [ 56%] Built target my_mas__rosidl_typesupport_fastrtps_c
[41.652s] [ 58%] [32m[1mLinking CXX shared library libmy_mas__rosidl_typesupport_introspection_cpp.so[0m
[41.700s] [ 58%] Built target my_mas__rosidl_typesupport_fastrtps_cpp
[41.973s] [ 58%] Built target my_mas__rosidl_typesupport_introspection_cpp
[42.003s] [ 59%] [34m[1mGenerating C type support dispatch for ROS interfaces[0m
[43.763s] [35m[1mConsolidate compiler generated dependencies of target my_mas__rosidl_typesupport_c[0m
[43.797s] [ 60%] [32mBuilding CXX object CMakeFiles/my_mas__rosidl_typesupport_c.dir/rosidl_typesupport_c/my_mas/msg/sensor_measurment__type_support.cpp.o[0m
[43.873s] [ 62%] [32mBuilding CXX object CMakeFiles/my_mas__rosidl_typesupport_c.dir/rosidl_typesupport_c/my_mas/msg/file_hex_load__type_support.cpp.o[0m
[43.944s] [ 63%] [32mBuilding CXX object CMakeFiles/my_mas__rosidl_typesupport_c.dir/rosidl_typesupport_c/my_mas/srv/load_filedb__type_support.cpp.o[0m
[44.039s] [ 64%] [32mBuilding CXX object CMakeFiles/my_mas__rosidl_typesupport_c.dir/rosidl_typesupport_c/my_mas/srv/load_file__type_support.cpp.o[0m
[44.122s] [ 65%] [32mBuilding CXX object CMakeFiles/my_mas__rosidl_typesupport_c.dir/rosidl_typesupport_c/my_mas/action/fibonacci__type_support.cpp.o[0m
[44.272s] [ 67%] [32mBuilding CXX object CMakeFiles/my_mas__rosidl_typesupport_c.dir/rosidl_typesupport_c/my_mas/action/cargahex__type_support.cpp.o[0m
[44.400s] [ 68%] [32mBuilding CXX object CMakeFiles/my_mas__rosidl_typesupport_c.dir/rosidl_typesupport_c/my_mas/msg/auditor_msg__type_support.cpp.o[0m
[44.477s] [ 69%] [32m[1mLinking CXX shared library libmy_mas__rosidl_typesupport_c.so[0m
[44.608s] [ 69%] Built target my_mas__rosidl_typesupport_c
[44.634s] [ 70%] [34m[1mGenerating C introspection for ROS interfaces[0m
[47.186s] [35m[1mConsolidate compiler generated dependencies of target my_mas__rosidl_typesupport_introspection_c[0m
[47.225s] [ 72%] [32mBuilding C object CMakeFiles/my_mas__rosidl_typesupport_introspection_c.dir/rosidl_typesupport_introspection_c/my_mas/msg/detail/sensor_measurment__type_support.c.o[0m
[47.360s] [ 73%] [32mBuilding C object CMakeFiles/my_mas__rosidl_typesupport_introspection_c.dir/rosidl_typesupport_introspection_c/my_mas/srv/detail/load_filedb__type_support.c.o[0m
[47.469s] [ 74%] [32mBuilding C object CMakeFiles/my_mas__rosidl_typesupport_introspection_c.dir/rosidl_typesupport_introspection_c/my_mas/srv/detail/load_file__type_support.c.o[0m
[47.586s] [ 75%] [32mBuilding C object CMakeFiles/my_mas__rosidl_typesupport_introspection_c.dir/rosidl_typesupport_introspection_c/my_mas/action/detail/fibonacci__type_support.c.o[0m
[47.771s] [ 77%] [32mBuilding C object CMakeFiles/my_mas__rosidl_typesupport_introspection_c.dir/rosidl_typesupport_introspection_c/my_mas/action/detail/cargahex__type_support.c.o[0m
[47.920s] [ 78%] [32mBuilding C object CMakeFiles/my_mas__rosidl_typesupport_introspection_c.dir/rosidl_typesupport_introspection_c/my_mas/msg/detail/file_hex_load__type_support.c.o[0m
[48.007s] [ 79%] [32mBuilding C object CMakeFiles/my_mas__rosidl_typesupport_introspection_c.dir/rosidl_typesupport_introspection_c/my_mas/msg/detail/auditor_msg__type_support.c.o[0m
[48.089s] [ 81%] [32m[1mLinking C shared library libmy_mas__rosidl_typesupport_introspection_c.so[0m
[48.185s] [ 81%] Built target my_mas__rosidl_typesupport_introspection_c
[48.240s] [ 81%] Built target my_mas
[48.298s] [ 82%] [34m[1mGenerating Python code for ROS interfaces[0m
[54.564s] [ 82%] Built target my_mas__py
[54.593s] [35m[1mConsolidate compiler generated dependencies of target my_mas__rosidl_generator_py[0m
[54.652s] [ 83%] [32mBuilding C object CMakeFiles/my_mas__rosidl_generator_py.dir/rosidl_generator_py/my_mas/msg/_sensor_measurment_s.c.o[0m
[55.030s] [ 84%] [32mBuilding C object CMakeFiles/my_mas__rosidl_generator_py.dir/rosidl_generator_py/my_mas/srv/_load_filedb_s.c.o[0m
[55.380s] [ 86%] [32mBuilding C object CMakeFiles/my_mas__rosidl_generator_py.dir/rosidl_generator_py/my_mas/srv/_load_file_s.c.o[0m
[55.709s] [ 87%] [32mBuilding C object CMakeFiles/my_mas__rosidl_generator_py.dir/rosidl_generator_py/my_mas/action/_fibonacci_s.c.o[0m
[56.183s] [ 88%] [32mBuilding C object CMakeFiles/my_mas__rosidl_generator_py.dir/rosidl_generator_py/my_mas/action/_cargahex_s.c.o[0m
[56.650s] [ 89%] [32mBuilding C object CMakeFiles/my_mas__rosidl_generator_py.dir/rosidl_generator_py/my_mas/msg/_file_hex_load_s.c.o[0m
[56.974s] [ 91%] [32mBuilding C object CMakeFiles/my_mas__rosidl_generator_py.dir/rosidl_generator_py/my_mas/msg/_auditor_msg_s.c.o[0m
[57.312s] [ 92%] [32m[1mLinking C shared library rosidl_generator_py/my_mas/libmy_mas__rosidl_generator_py.so[0m
[57.518s] [ 92%] Built target my_mas__rosidl_generator_py
[57.549s] [35m[1mConsolidate compiler generated dependencies of target my_mas__rosidl_typesupport_fastrtps_c__pyext[0m
[57.596s] [ 93%] [32mBuilding C object CMakeFiles/my_mas__rosidl_typesupport_fastrtps_c__pyext.dir/rosidl_generator_py/my_mas/_my_mas_s.ep.rosidl_typesupport_fastrtps_c.c.o[0m
[58.178s] [ 94%] [32m[1mLinking C shared library rosidl_generator_py/my_mas/my_mas_s__rosidl_typesupport_fastrtps_c.cpython-310-x86_64-linux-gnu.so[0m
[58.366s] [ 94%] Built target my_mas__rosidl_typesupport_fastrtps_c__pyext
[58.398s] [35m[1mConsolidate compiler generated dependencies of target my_mas__rosidl_typesupport_c__pyext[0m
[58.445s] [ 96%] [32mBuilding C object CMakeFiles/my_mas__rosidl_typesupport_c__pyext.dir/rosidl_generator_py/my_mas/_my_mas_s.ep.rosidl_typesupport_c.c.o[0m
[59.032s] [ 97%] [32m[1mLinking C shared library rosidl_generator_py/my_mas/my_mas_s__rosidl_typesupport_c.cpython-310-x86_64-linux-gnu.so[0m
[59.217s] [ 97%] Built target my_mas__rosidl_typesupport_c__pyext
[59.263s] [35m[1mConsolidate compiler generated dependencies of target my_mas__rosidl_typesupport_introspection_c__pyext[0m
[59.305s] [ 98%] [32mBuilding C object CMakeFiles/my_mas__rosidl_typesupport_introspection_c__pyext.dir/rosidl_generator_py/my_mas/_my_mas_s.ep.rosidl_typesupport_introspection_c.c.o[0m
[59.873s] [100%] [32m[1mLinking C shared library rosidl_generator_py/my_mas/my_mas_s__rosidl_typesupport_introspection_c.cpython-310-x86_64-linux-gnu.so[0m
[60.073s] [100%] Built target my_mas__rosidl_typesupport_introspection_c__pyext
[60.121s] Invoked command in '/home/ffelix07/Documents/LabRemo/Orchestrator/ros2_labremoto/build/my_mas' returned '0': CMAKE_PREFIX_PATH=${CMAKE_PREFIX_PATH}:/home/ffelix07/Documents/LabRemo/Orchestrator/ros2_labremoto/install/launchstructure:/home/ffelix07/Documents/LabRemo/Orchestrator/ros2_labremoto/install/py_pubsub:/home/ffelix07/Documents/LabRemo/Orchestrator/ros2_labremoto/install/lstructure:/home/ffelix07/Documents/LabRemo/Orchestrator/ros2_labremoto/install/hardware:/home/ffelix07/Documents/LabRemo/Orchestrator/ros2_labremoto/install/ament_pep257:/home/ffelix07/Documents/LabRemo/Orchestrator/ros2_labremoto/install/ament_package:/home/ffelix07/Documents/LabRemo/Orchestrator/ros2_labremoto/install/ament_flake8:/opt/ros/humble /usr/bin/cmake --build /home/ffelix07/Documents/LabRemo/Orchestrator/ros2_labremoto/build/my_mas -- -j4 -l4
[60.743s] Invoking command in '/home/ffelix07/Documents/LabRemo/Orchestrator/ros2_labremoto/build/my_mas': CMAKE_PREFIX_PATH=${CMAKE_PREFIX_PATH}:/home/ffelix07/Documents/LabRemo/Orchestrator/ros2_labremoto/install/launchstructure:/home/ffelix07/Documents/LabRemo/Orchestrator/ros2_labremoto/install/py_pubsub:/home/ffelix07/Documents/LabRemo/Orchestrator/ros2_labremoto/install/lstructure:/home/ffelix07/Documents/LabRemo/Orchestrator/ros2_labremoto/install/hardware:/home/ffelix07/Documents/LabRemo/Orchestrator/ros2_labremoto/install/ament_pep257:/home/ffelix07/Documents/LabRemo/Orchestrator/ros2_labremoto/install/ament_package:/home/ffelix07/Documents/LabRemo/Orchestrator/ros2_labremoto/install/ament_flake8:/opt/ros/humble /usr/bin/cmake --install /home/ffelix07/Documents/LabRemo/Orchestrator/ros2_labremoto/build/my_mas
[60.771s] -- Install configuration: ""
[60.774s] -- Installing: /home/ffelix07/Documents/LabRemo/Orchestrator/ros2_labremoto/install/my_mas/share/ament_index/resource_index/rosidl_interfaces/my_mas
[60.778s] -- Up-to-date: /home/ffelix07/Documents/LabRemo/Orchestrator/ros2_labremoto/install/my_mas/include/my_mas/my_mas
[60.779s] -- Up-to-date: /home/ffelix07/Documents/LabRemo/Orchestrator/ros2_labremoto/install/my_mas/include/my_mas/my_mas/srv
[60.781s] -- Installing: /home/ffelix07/Documents/LabRemo/Orchestrator/ros2_labremoto/install/my_mas/include/my_mas/my_mas/srv/load_filedb.h
[60.782s] -- Up-to-date: /home/ffelix07/Documents/LabRemo/Orchestrator/ros2_labremoto/install/my_mas/include/my_mas/my_mas/srv/detail
[60.783s] -- Installing: /home/ffelix07/Documents/LabRemo/Orchestrator/ros2_labremoto/install/my_mas/include/my_mas/my_mas/srv/detail/load_filedb__functions.c
[60.785s] -- Installing: /home/ffelix07/Documents/LabRemo/Orchestrator/ros2_labremoto/install/my_mas/include/my_mas/my_mas/srv/detail/load_filedb__type_support.h
[60.786s] -- Installing: /home/ffelix07/Documents/LabRemo/Orchestrator/ros2_labremoto/install/my_mas/include/my_mas/my_mas/srv/detail/load_filedb__struct.h
[60.787s] -- Installing: /home/ffelix07/Documents/LabRemo/Orchestrator/ros2_labremoto/install/my_mas/include/my_mas/my_mas/srv/detail/load_filedb__functions.h
[60.793s] -- Installing: /home/ffelix07/Documents/LabRemo/Orchestrator/ros2_labremoto/install/my_mas/include/my_mas/my_mas/srv/detail/load_file__functions.c
[60.794s] -- Installing: /home/ffelix07/Documents/LabRemo/Orchestrator/ros2_labremoto/install/my_mas/include/my_mas/my_mas/srv/detail/load_file__type_support.h
[60.794s] -- Installing: /home/ffelix07/Documents/LabRemo/Orchestrator/ros2_labremoto/install/my_mas/include/my_mas/my_mas/srv/detail/load_file__struct.h
[60.795s] -- Installing: /home/ffelix07/Documents/LabRemo/Orchestrator/ros2_labremoto/install/my_mas/include/my_mas/my_mas/srv/detail/load_file__functions.h
[60.797s] -- Installing: /home/ffelix07/Documents/LabRemo/Orchestrator/ros2_labremoto/install/my_mas/include/my_mas/my_mas/srv/load_file.h
[60.799s] -- Up-to-date: /home/ffelix07/Documents/LabRemo/Orchestrator/ros2_labremoto/install/my_mas/include/my_mas/my_mas/action
[60.800s] -- Installing: /home/ffelix07/Documents/LabRemo/Orchestrator/ros2_labremoto/install/my_mas/include/my_mas/my_mas/action/fibonacci.h
[60.802s] -- Up-to-date: /home/ffelix07/Documents/LabRemo/Orchestrator/ros2_labremoto/install/my_mas/include/my_mas/my_mas/action/detail
[60.803s] -- Installing: /home/ffelix07/Documents/LabRemo/Orchestrator/ros2_labremoto/install/my_mas/include/my_mas/my_mas/action/detail/cargahex__struct.h
[60.804s] -- Installing: /home/ffelix07/Documents/LabRemo/Orchestrator/ros2_labremoto/install/my_mas/include/my_mas/my_mas/action/detail/fibonacci__functions.c
[60.806s] -- Installing: /home/ffelix07/Documents/LabRemo/Orchestrator/ros2_labremoto/install/my_mas/include/my_mas/my_mas/action/detail/cargahex__functions.c
[60.807s] -- Installing: /home/ffelix07/Documents/LabRemo/Orchestrator/ros2_labremoto/install/my_mas/include/my_mas/my_mas/action/detail/cargahex__type_support.h
[60.810s] -- Installing: /home/ffelix07/Documents/LabRemo/Orchestrator/ros2_labremoto/install/my_mas/include/my_mas/my_mas/action/detail/fibonacci__functions.h
[60.814s] -- Installing: /home/ffelix07/Documents/LabRemo/Orchestrator/ros2_labremoto/install/my_mas/include/my_mas/my_mas/action/detail/fibonacci__type_support.h
[60.815s] -- Installing: /home/ffelix07/Documents/LabRemo/Orchestrator/ros2_labremoto/install/my_mas/include/my_mas/my_mas/action/detail/cargahex__functions.h
[60.817s] -- Installing: /home/ffelix07/Documents/LabRemo/Orchestrator/ros2_labremoto/install/my_mas/include/my_mas/my_mas/action/detail/fibonacci__struct.h
[60.818s] -- Installing: /home/ffelix07/Documents/LabRemo/Orchestrator/ros2_labremoto/install/my_mas/include/my_mas/my_mas/action/cargahex.h
[60.820s] -- Up-to-date: /home/ffelix07/Documents/LabRemo/Orchestrator/ros2_labremoto/install/my_mas/include/my_mas/my_mas/msg
[60.820s] -- Installing: /home/ffelix07/Documents/LabRemo/Orchestrator/ros2_labremoto/install/my_mas/include/my_mas/my_mas/msg/sensor_measurment.h
[60.822s] -- Up-to-date: /home/ffelix07/Documents/LabRemo/Orchestrator/ros2_labremoto/install/my_mas/include/my_mas/my_mas/msg/rosidl_generator_c__visibility_control.h
[60.822s] -- Up-to-date: /home/ffelix07/Documents/LabRemo/Orchestrator/ros2_labremoto/install/my_mas/include/my_mas/my_mas/msg/detail
[60.822s] -- Installing: /home/ffelix07/Documents/LabRemo/Orchestrator/ros2_labremoto/install/my_mas/include/my_mas/my_mas/msg/detail/file_hex_load__struct.h
[60.824s] -- Installing: /home/ffelix07/Documents/LabRemo/Orchestrator/ros2_labremoto/install/my_mas/include/my_mas/my_mas/msg/detail/sensor_measurment__type_support.h
[60.825s] -- Installing: /home/ffelix07/Documents/LabRemo/Orchestrator/ros2_labremoto/install/my_mas/include/my_mas/my_mas/msg/detail/sensor_measurment__struct.h
[60.826s] -- Installing: /home/ffelix07/Documents/LabRemo/Orchestrator/ros2_labremoto/install/my_mas/include/my_mas/my_mas/msg/detail/auditor_msg__type_support.h
[60.827s] -- Installing: /home/ffelix07/Documents/LabRemo/Orchestrator/ros2_labremoto/install/my_mas/include/my_mas/my_mas/msg/detail/file_hex_load__functions.c
[60.829s] -- Installing: /home/ffelix07/Documents/LabRemo/Orchestrator/ros2_labremoto/install/my_mas/include/my_mas/my_mas/msg/detail/auditor_msg__struct.h
[60.830s] -- Installing: /home/ffelix07/Documents/LabRemo/Orchestrator/ros2_labremoto/install/my_mas/include/my_mas/my_mas/msg/detail/file_hex_load__functions.h
[60.831s] -- Installing: /home/ffelix07/Documents/LabRemo/Orchestrator/ros2_labremoto/install/my_mas/include/my_mas/my_mas/msg/detail/auditor_msg__functions.c
[60.832s] -- Installing: /home/ffelix07/Documents/LabRemo/Orchestrator/ros2_labremoto/install/my_mas/include/my_mas/my_mas/msg/detail/sensor_measurment__functions.h
[60.834s] -- Installing: /home/ffelix07/Documents/LabRemo/Orchestrator/ros2_labremoto/install/my_mas/include/my_mas/my_mas/msg/detail/file_hex_load__type_support.h
[60.835s] -- Installing: /home/ffelix07/Documents/LabRemo/Orchestrator/ros2_labremoto/install/my_mas/include/my_mas/my_mas/msg/detail/sensor_measurment__functions.c
[60.836s] -- Installing: /home/ffelix07/Documents/LabRemo/Orchestrator/ros2_labremoto/install/my_mas/include/my_mas/my_mas/msg/detail/auditor_msg__functions.h
[60.838s] -- Installing: /home/ffelix07/Documents/LabRemo/Orchestrator/ros2_labremoto/install/my_mas/include/my_mas/my_mas/msg/auditor_msg.h
[60.839s] -- Installing: /home/ffelix07/Documents/LabRemo/Orchestrator/ros2_labremoto/install/my_mas/include/my_mas/my_mas/msg/file_hex_load.h
[60.841s] -- Up-to-date: /home/ffelix07/Documents/LabRemo/Orchestrator/ros2_labremoto/install/my_mas/share/my_mas/environment/library_path.sh
[60.841s] -- Installing: /home/ffelix07/Documents/LabRemo/Orchestrator/ros2_labremoto/install/my_mas/share/my_mas/environment/library_path.dsv
[60.843s] -- Installing: /home/ffelix07/Documents/LabRemo/Orchestrator/ros2_labremoto/install/my_mas/lib/libmy_mas__rosidl_generator_c.so
[60.853s] -- Set runtime path of "/home/ffelix07/Documents/LabRemo/Orchestrator/ros2_labremoto/install/my_mas/lib/libmy_mas__rosidl_generator_c.so" to ""
[60.853s] -- Up-to-date: /home/ffelix07/Documents/LabRemo/Orchestrator/ros2_labremoto/install/my_mas/include/my_mas/my_mas
[60.854s] -- Up-to-date: /home/ffelix07/Documents/LabRemo/Orchestrator/ros2_labremoto/install/my_mas/include/my_mas/my_mas/srv
[60.855s] -- Up-to-date: /home/ffelix07/Documents/LabRemo/Orchestrator/ros2_labremoto/install/my_mas/include/my_mas/my_mas/srv/detail
[60.855s] -- Installing: /home/ffelix07/Documents/LabRemo/Orchestrator/ros2_labremoto/install/my_mas/include/my_mas/my_mas/srv/detail/load_filedb__rosidl_typesupport_fastrtps_c.h
[60.857s] -- Installing: /home/ffelix07/Documents/LabRemo/Orchestrator/ros2_labremoto/install/my_mas/include/my_mas/my_mas/srv/detail/load_file__rosidl_typesupport_fastrtps_c.h
[60.858s] -- Up-to-date: /home/ffelix07/Documents/LabRemo/Orchestrator/ros2_labremoto/install/my_mas/include/my_mas/my_mas/action
[60.858s] -- Up-to-date: /home/ffelix07/Documents/LabRemo/Orchestrator/ros2_labremoto/install/my_mas/include/my_mas/my_mas/action/detail
[60.859s] -- Installing: /home/ffelix07/Documents/LabRemo/Orchestrator/ros2_labremoto/install/my_mas/include/my_mas/my_mas/action/detail/cargahex__rosidl_typesupport_fastrtps_c.h
[60.861s] -- Installing: /home/ffelix07/Documents/LabRemo/Orchestrator/ros2_labremoto/install/my_mas/include/my_mas/my_mas/action/detail/fibonacci__rosidl_typesupport_fastrtps_c.h
[60.862s] -- Up-to-date: /home/ffelix07/Documents/LabRemo/Orchestrator/ros2_labremoto/install/my_mas/include/my_mas/my_mas/msg
[60.863s] -- Up-to-date: /home/ffelix07/Documents/LabRemo/Orchestrator/ros2_labremoto/install/my_mas/include/my_mas/my_mas/msg/rosidl_typesupport_fastrtps_c__visibility_control.h
[60.863s] -- Up-to-date: /home/ffelix07/Documents/LabRemo/Orchestrator/ros2_labremoto/install/my_mas/include/my_mas/my_mas/msg/detail
[60.864s] -- Installing: /home/ffelix07/Documents/LabRemo/Orchestrator/ros2_labremoto/install/my_mas/include/my_mas/my_mas/msg/detail/file_hex_load__rosidl_typesupport_fastrtps_c.h
[60.865s] -- Installing: /home/ffelix07/Documents/LabRemo/Orchestrator/ros2_labremoto/install/my_mas/include/my_mas/my_mas/msg/detail/auditor_msg__rosidl_typesupport_fastrtps_c.h
[60.866s] -- Installing: /home/ffelix07/Documents/LabRemo/Orchestrator/ros2_labremoto/install/my_mas/include/my_mas/my_mas/msg/detail/sensor_measurment__rosidl_typesupport_fastrtps_c.h
[60.868s] -- Installing: /home/ffelix07/Documents/LabRemo/Orchestrator/ros2_labremoto/install/my_mas/lib/libmy_mas__rosidl_typesupport_fastrtps_c.so
[60.870s] -- Set runtime path of "/home/ffelix07/Documents/LabRemo/Orchestrator/ros2_labremoto/install/my_mas/lib/libmy_mas__rosidl_typesupport_fastrtps_c.so" to ""
[60.870s] -- Up-to-date: /home/ffelix07/Documents/LabRemo/Orchestrator/ros2_labremoto/install/my_mas/include/my_mas/my_mas
[60.871s] -- Up-to-date: /home/ffelix07/Documents/LabRemo/Orchestrator/ros2_labremoto/install/my_mas/include/my_mas/my_mas/srv
[60.872s] -- Up-to-date: /home/ffelix07/Documents/LabRemo/Orchestrator/ros2_labremoto/install/my_mas/include/my_mas/my_mas/srv/detail
[60.872s] -- Installing: /home/ffelix07/Documents/LabRemo/Orchestrator/ros2_labremoto/install/my_mas/include/my_mas/my_mas/srv/detail/load_filedb__type_support.c
[60.874s] -- Installing: /home/ffelix07/Documents/LabRemo/Orchestrator/ros2_labremoto/install/my_mas/include/my_mas/my_mas/srv/detail/load_file__rosidl_typesupport_introspection_c.h
[60.875s] -- Installing: /home/ffelix07/Documents/LabRemo/Orchestrator/ros2_labremoto/install/my_mas/include/my_mas/my_mas/srv/detail/load_file__type_support.c
[60.876s] -- Installing: /home/ffelix07/Documents/LabRemo/Orchestrator/ros2_labremoto/install/my_mas/include/my_mas/my_mas/srv/detail/load_filedb__rosidl_typesupport_introspection_c.h
[60.878s] -- Up-to-date: /home/ffelix07/Documents/LabRemo/Orchestrator/ros2_labremoto/install/my_mas/include/my_mas/my_mas/action
[60.882s] -- Up-to-date: /home/ffelix07/Documents/LabRemo/Orchestrator/ros2_labremoto/install/my_mas/include/my_mas/my_mas/action/detail
[60.883s] -- Installing: /home/ffelix07/Documents/LabRemo/Orchestrator/ros2_labremoto/install/my_mas/include/my_mas/my_mas/action/detail/fibonacci__rosidl_typesupport_introspection_c.h
[60.883s] -- Installing: /home/ffelix07/Documents/LabRemo/Orchestrator/ros2_labremoto/install/my_mas/include/my_mas/my_mas/action/detail/fibonacci__type_support.c
[60.883s] -- Installing: /home/ffelix07/Documents/LabRemo/Orchestrator/ros2_labremoto/install/my_mas/include/my_mas/my_mas/action/detail/cargahex__type_support.c
[60.884s] -- Installing: /home/ffelix07/Documents/LabRemo/Orchestrator/ros2_labremoto/install/my_mas/include/my_mas/my_mas/action/detail/cargahex__rosidl_typesupport_introspection_c.h
[60.884s] -- Up-to-date: /home/ffelix07/Documents/LabRemo/Orchestrator/ros2_labremoto/install/my_mas/include/my_mas/my_mas/msg
[60.887s] -- Up-to-date: /home/ffelix07/Documents/LabRemo/Orchestrator/ros2_labremoto/install/my_mas/include/my_mas/my_mas/msg/detail
[60.888s] -- Installing: /home/ffelix07/Documents/LabRemo/Orchestrator/ros2_labremoto/install/my_mas/include/my_mas/my_mas/msg/detail/file_hex_load__rosidl_typesupport_introspection_c.h
[60.888s] -- Installing: /home/ffelix07/Documents/LabRemo/Orchestrator/ros2_labremoto/install/my_mas/include/my_mas/my_mas/msg/detail/sensor_measurment__rosidl_typesupport_introspection_c.h
[60.888s] -- Installing: /home/ffelix07/Documents/LabRemo/Orchestrator/ros2_labremoto/install/my_mas/include/my_mas/my_mas/msg/detail/sensor_measurment__type_support.c
[60.889s] -- Installing: /home/ffelix07/Documents/LabRemo/Orchestrator/ros2_labremoto/install/my_mas/include/my_mas/my_mas/msg/detail/auditor_msg__type_support.c
[60.889s] -- Installing: /home/ffelix07/Documents/LabRemo/Orchestrator/ros2_labremoto/install/my_mas/include/my_mas/my_mas/msg/detail/file_hex_load__type_support.c
[60.890s] -- Installing: /home/ffelix07/Documents/LabRemo/Orchestrator/ros2_labremoto/install/my_mas/include/my_mas/my_mas/msg/detail/auditor_msg__rosidl_typesupport_introspection_c.h
[60.891s] -- Up-to-date: /home/ffelix07/Documents/LabRemo/Orchestrator/ros2_labremoto/install/my_mas/include/my_mas/my_mas/msg/rosidl_typesupport_introspection_c__visibility_control.h
[60.898s] -- Installing: /home/ffelix07/Documents/LabRemo/Orchestrator/ros2_labremoto/install/my_mas/lib/libmy_mas__rosidl_typesupport_introspection_c.so
[60.900s] -- Set runtime path of "/home/ffelix07/Documents/LabRemo/Orchestrator/ros2_labremoto/install/my_mas/lib/libmy_mas__rosidl_typesupport_introspection_c.so" to ""
[60.901s] -- Installing: /home/ffelix07/Documents/LabRemo/Orchestrator/ros2_labremoto/install/my_mas/lib/libmy_mas__rosidl_typesupport_c.so
[60.903s] -- Set runtime path of "/home/ffelix07/Documents/LabRemo/Orchestrator/ros2_labremoto/install/my_mas/lib/libmy_mas__rosidl_typesupport_c.so" to ""
[60.905s] -- Up-to-date: /home/ffelix07/Documents/LabRemo/Orchestrator/ros2_labremoto/install/my_mas/include/my_mas/my_mas
[60.906s] -- Up-to-date: /home/ffelix07/Documents/LabRemo/Orchestrator/ros2_labremoto/install/my_mas/include/my_mas/my_mas/srv
[60.907s] -- Installing: /home/ffelix07/Documents/LabRemo/Orchestrator/ros2_labremoto/install/my_mas/include/my_mas/my_mas/srv/load_file.hpp
[60.908s] -- Up-to-date: /home/ffelix07/Documents/LabRemo/Orchestrator/ros2_labremoto/install/my_mas/include/my_mas/my_mas/srv/detail
[60.909s] -- Installing: /home/ffelix07/Documents/LabRemo/Orchestrator/ros2_labremoto/install/my_mas/include/my_mas/my_mas/srv/detail/load_filedb__builder.hpp
[60.911s] -- Installing: /home/ffelix07/Documents/LabRemo/Orchestrator/ros2_labremoto/install/my_mas/include/my_mas/my_mas/srv/detail/load_filedb__traits.hpp
[60.912s] -- Installing: /home/ffelix07/Documents/LabRemo/Orchestrator/ros2_labremoto/install/my_mas/include/my_mas/my_mas/srv/detail/load_file__struct.hpp
[60.914s] -- Installing: /home/ffelix07/Documents/LabRemo/Orchestrator/ros2_labremoto/install/my_mas/include/my_mas/my_mas/srv/detail/load_file__builder.hpp
[60.915s] -- Installing: /home/ffelix07/Documents/LabRemo/Orchestrator/ros2_labremoto/install/my_mas/include/my_mas/my_mas/srv/detail/load_file__traits.hpp
[60.917s] -- Installing: /home/ffelix07/Documents/LabRemo/Orchestrator/ros2_labremoto/install/my_mas/include/my_mas/my_mas/srv/detail/load_filedb__struct.hpp
[60.918s] -- Installing: /home/ffelix07/Documents/LabRemo/Orchestrator/ros2_labremoto/install/my_mas/include/my_mas/my_mas/srv/load_filedb.hpp
[60.920s] -- Up-to-date: /home/ffelix07/Documents/LabRemo/Orchestrator/ros2_labremoto/install/my_mas/include/my_mas/my_mas/action
[60.921s] -- Installing: /home/ffelix07/Documents/LabRemo/Orchestrator/ros2_labremoto/install/my_mas/include/my_mas/my_mas/action/fibonacci.hpp
[60.922s] -- Up-to-date: /home/ffelix07/Documents/LabRemo/Orchestrator/ros2_labremoto/install/my_mas/include/my_mas/my_mas/action/detail
[60.923s] -- Installing: /home/ffelix07/Documents/LabRemo/Orchestrator/ros2_labremoto/install/my_mas/include/my_mas/my_mas/action/detail/fibonacci__builder.hpp
[60.924s] -- Installing: /home/ffelix07/Documents/LabRemo/Orchestrator/ros2_labremoto/install/my_mas/include/my_mas/my_mas/action/detail/cargahex__builder.hpp
[60.926s] -- Installing: /home/ffelix07/Documents/LabRemo/Orchestrator/ros2_labremoto/install/my_mas/include/my_mas/my_mas/action/detail/fibonacci__struct.hpp
[60.927s] -- Installing: /home/ffelix07/Documents/LabRemo/Orchestrator/ros2_labremoto/install/my_mas/include/my_mas/my_mas/action/detail/cargahex__struct.hpp
[60.929s] -- Installing: /home/ffelix07/Documents/LabRemo/Orchestrator/ros2_labremoto/install/my_mas/include/my_mas/my_mas/action/detail/fibonacci__traits.hpp
[60.930s] -- Installing: /home/ffelix07/Documents/LabRemo/Orchestrator/ros2_labremoto/install/my_mas/include/my_mas/my_mas/action/detail/cargahex__traits.hpp
[60.931s] -- Installing: /home/ffelix07/Documents/LabRemo/Orchestrator/ros2_labremoto/install/my_mas/include/my_mas/my_mas/action/cargahex.hpp
[60.933s] -- Up-to-date: /home/ffelix07/Documents/LabRemo/Orchestrator/ros2_labremoto/install/my_mas/include/my_mas/my_mas/msg
[60.934s] -- Installing: /home/ffelix07/Documents/LabRemo/Orchestrator/ros2_labremoto/install/my_mas/include/my_mas/my_mas/msg/auditor_msg.hpp
[60.935s] -- Up-to-date: /home/ffelix07/Documents/LabRemo/Orchestrator/ros2_labremoto/install/my_mas/include/my_mas/my_mas/msg/detail
[60.936s] -- Installing: /home/ffelix07/Documents/LabRemo/Orchestrator/ros2_labremoto/install/my_mas/include/my_mas/my_mas/msg/detail/file_hex_load__builder.hpp
[60.937s] -- Installing: /home/ffelix07/Documents/LabRemo/Orchestrator/ros2_labremoto/install/my_mas/include/my_mas/my_mas/msg/detail/file_hex_load__traits.hpp
[60.938s] -- Installing: /home/ffelix07/Documents/LabRemo/Orchestrator/ros2_labremoto/install/my_mas/include/my_mas/my_mas/msg/detail/sensor_measurment__struct.hpp
[60.940s] -- Installing: /home/ffelix07/Documents/LabRemo/Orchestrator/ros2_labremoto/install/my_mas/include/my_mas/my_mas/msg/detail/sensor_measurment__traits.hpp
[60.941s] -- Installing: /home/ffelix07/Documents/LabRemo/Orchestrator/ros2_labremoto/install/my_mas/include/my_mas/my_mas/msg/detail/file_hex_load__struct.hpp
[60.943s] -- Installing: /home/ffelix07/Documents/LabRemo/Orchestrator/ros2_labremoto/install/my_mas/include/my_mas/my_mas/msg/detail/auditor_msg__traits.hpp
[60.944s] -- Installing: /home/ffelix07/Documents/LabRemo/Orchestrator/ros2_labremoto/install/my_mas/include/my_mas/my_mas/msg/detail/sensor_measurment__builder.hpp
[60.946s] -- Installing: /home/ffelix07/Documents/LabRemo/Orchestrator/ros2_labremoto/install/my_mas/include/my_mas/my_mas/msg/detail/auditor_msg__struct.hpp
[60.948s] -- Installing: /home/ffelix07/Documents/LabRemo/Orchestrator/ros2_labremoto/install/my_mas/include/my_mas/my_mas/msg/detail/auditor_msg__builder.hpp
[60.949s] -- Installing: /home/ffelix07/Documents/LabRemo/Orchestrator/ros2_labremoto/install/my_mas/include/my_mas/my_mas/msg/file_hex_load.hpp
[60.951s] -- Installing: /home/ffelix07/Documents/LabRemo/Orchestrator/ros2_labremoto/install/my_mas/include/my_mas/my_mas/msg/sensor_measurment.hpp
[60.952s] -- Up-to-date: /home/ffelix07/Documents/LabRemo/Orchestrator/ros2_labremoto/install/my_mas/include/my_mas/my_mas
[60.953s] -- Up-to-date: /home/ffelix07/Documents/LabRemo/Orchestrator/ros2_labremoto/install/my_mas/include/my_mas/my_mas/srv
[60.954s] -- Up-to-date: /home/ffelix07/Documents/LabRemo/Orchestrator/ros2_labremoto/install/my_mas/include/my_mas/my_mas/srv/detail
[60.955s] -- Installing: /home/ffelix07/Documents/LabRemo/Orchestrator/ros2_labremoto/install/my_mas/include/my_mas/my_mas/srv/detail/load_filedb__rosidl_typesupport_fastrtps_cpp.hpp
[60.957s] -- Installing: /home/ffelix07/Documents/LabRemo/Orchestrator/ros2_labremoto/install/my_mas/include/my_mas/my_mas/srv/detail/load_file__rosidl_typesupport_fastrtps_cpp.hpp
[60.958s] -- Up-to-date: /home/ffelix07/Documents/LabRemo/Orchestrator/ros2_labremoto/install/my_mas/include/my_mas/my_mas/srv/detail/dds_fastrtps
[60.959s] -- Up-to-date: /home/ffelix07/Documents/LabRemo/Orchestrator/ros2_labremoto/install/my_mas/include/my_mas/my_mas/action
[60.960s] -- Up-to-date: /home/ffelix07/Documents/LabRemo/Orchestrator/ros2_labremoto/install/my_mas/include/my_mas/my_mas/action/detail
[60.961s] -- Installing: /home/ffelix07/Documents/LabRemo/Orchestrator/ros2_labremoto/install/my_mas/include/my_mas/my_mas/action/detail/cargahex__rosidl_typesupport_fastrtps_cpp.hpp
[60.963s] -- Up-to-date: /home/ffelix07/Documents/LabRemo/Orchestrator/ros2_labremoto/install/my_mas/include/my_mas/my_mas/action/detail/dds_fastrtps
[60.964s] -- Installing: /home/ffelix07/Documents/LabRemo/Orchestrator/ros2_labremoto/install/my_mas/include/my_mas/my_mas/action/detail/fibonacci__rosidl_typesupport_fastrtps_cpp.hpp
[60.965s] -- Up-to-date: /home/ffelix07/Documents/LabRemo/Orchestrator/ros2_labremoto/install/my_mas/include/my_mas/my_mas/msg
[60.966s] -- Up-to-date: /home/ffelix07/Documents/LabRemo/Orchestrator/ros2_labremoto/install/my_mas/include/my_mas/my_mas/msg/detail
[60.967s] -- Installing: /home/ffelix07/Documents/LabRemo/Orchestrator/ros2_labremoto/install/my_mas/include/my_mas/my_mas/msg/detail/file_hex_load__rosidl_typesupport_fastrtps_cpp.hpp
[60.968s] -- Installing: /home/ffelix07/Documents/LabRemo/Orchestrator/ros2_labremoto/install/my_mas/include/my_mas/my_mas/msg/detail/sensor_measurment__rosidl_typesupport_fastrtps_cpp.hpp
[60.970s] -- Up-to-date: /home/ffelix07/Documents/LabRemo/Orchestrator/ros2_labremoto/install/my_mas/include/my_mas/my_mas/msg/detail/dds_fastrtps
[60.971s] -- Installing: /home/ffelix07/Documents/LabRemo/Orchestrator/ros2_labremoto/install/my_mas/include/my_mas/my_mas/msg/detail/auditor_msg__rosidl_typesupport_fastrtps_cpp.hpp
[60.972s] -- Up-to-date: /home/ffelix07/Documents/LabRemo/Orchestrator/ros2_labremoto/install/my_mas/include/my_mas/my_mas/msg/rosidl_typesupport_fastrtps_cpp__visibility_control.h
[60.974s] -- Installing: /home/ffelix07/Documents/LabRemo/Orchestrator/ros2_labremoto/install/my_mas/lib/libmy_mas__rosidl_typesupport_fastrtps_cpp.so
[60.976s] -- Set runtime path of "/home/ffelix07/Documents/LabRemo/Orchestrator/ros2_labremoto/install/my_mas/lib/libmy_mas__rosidl_typesupport_fastrtps_cpp.so" to ""
[60.977s] -- Up-to-date: /home/ffelix07/Documents/LabRemo/Orchestrator/ros2_labremoto/install/my_mas/include/my_mas/my_mas
[60.978s] -- Up-to-date: /home/ffelix07/Documents/LabRemo/Orchestrator/ros2_labremoto/install/my_mas/include/my_mas/my_mas/srv
[60.979s] -- Up-to-date: /home/ffelix07/Documents/LabRemo/Orchestrator/ros2_labremoto/install/my_mas/include/my_mas/my_mas/srv/detail
[60.980s] -- Installing: /home/ffelix07/Documents/LabRemo/Orchestrator/ros2_labremoto/install/my_mas/include/my_mas/my_mas/srv/detail/load_filedb__type_support.cpp
[60.981s] -- Installing: /home/ffelix07/Documents/LabRemo/Orchestrator/ros2_labremoto/install/my_mas/include/my_mas/my_mas/srv/detail/load_filedb__rosidl_typesupport_introspection_cpp.hpp
[60.983s] -- Installing: /home/ffelix07/Documents/LabRemo/Orchestrator/ros2_labremoto/install/my_mas/include/my_mas/my_mas/srv/detail/load_file__rosidl_typesupport_introspection_cpp.hpp
[60.985s] -- Installing: /home/ffelix07/Documents/LabRemo/Orchestrator/ros2_labremoto/install/my_mas/include/my_mas/my_mas/srv/detail/load_file__type_support.cpp
[60.986s] -- Up-to-date: /home/ffelix07/Documents/LabRemo/Orchestrator/ros2_labremoto/install/my_mas/include/my_mas/my_mas/action
[60.987s] -- Up-to-date: /home/ffelix07/Documents/LabRemo/Orchestrator/ros2_labremoto/install/my_mas/include/my_mas/my_mas/action/detail
[60.988s] -- Installing: /home/ffelix07/Documents/LabRemo/Orchestrator/ros2_labremoto/install/my_mas/include/my_mas/my_mas/action/detail/fibonacci__rosidl_typesupport_introspection_cpp.hpp
[60.990s] -- Installing: /home/ffelix07/Documents/LabRemo/Orchestrator/ros2_labremoto/install/my_mas/include/my_mas/my_mas/action/detail/cargahex__type_support.cpp
[60.991s] -- Installing: /home/ffelix07/Documents/LabRemo/Orchestrator/ros2_labremoto/install/my_mas/include/my_mas/my_mas/action/detail/cargahex__rosidl_typesupport_introspection_cpp.hpp
[60.993s] -- Installing: /home/ffelix07/Documents/LabRemo/Orchestrator/ros2_labremoto/install/my_mas/include/my_mas/my_mas/action/detail/fibonacci__type_support.cpp
[60.994s] -- Up-to-date: /home/ffelix07/Documents/LabRemo/Orchestrator/ros2_labremoto/install/my_mas/include/my_mas/my_mas/msg
[60.995s] -- Up-to-date: /home/ffelix07/Documents/LabRemo/Orchestrator/ros2_labremoto/install/my_mas/include/my_mas/my_mas/msg/detail
[60.996s] -- Installing: /home/ffelix07/Documents/LabRemo/Orchestrator/ros2_labremoto/install/my_mas/include/my_mas/my_mas/msg/detail/auditor_msg__type_support.cpp
[60.998s] -- Installing: /home/ffelix07/Documents/LabRemo/Orchestrator/ros2_labremoto/install/my_mas/include/my_mas/my_mas/msg/detail/file_hex_load__rosidl_typesupport_introspection_cpp.hpp
[60.999s] -- Installing: /home/ffelix07/Documents/LabRemo/Orchestrator/ros2_labremoto/install/my_mas/include/my_mas/my_mas/msg/detail/sensor_measurment__type_support.cpp
[61.000s] -- Installing: /home/ffelix07/Documents/LabRemo/Orchestrator/ros2_labremoto/install/my_mas/include/my_mas/my_mas/msg/detail/file_hex_load__type_support.cpp
[61.002s] -- Installing: /home/ffelix07/Documents/LabRemo/Orchestrator/ros2_labremoto/install/my_mas/include/my_mas/my_mas/msg/detail/sensor_measurment__rosidl_typesupport_introspection_cpp.hpp
[61.003s] -- Installing: /home/ffelix07/Documents/LabRemo/Orchestrator/ros2_labremoto/install/my_mas/include/my_mas/my_mas/msg/detail/auditor_msg__rosidl_typesupport_introspection_cpp.hpp
[61.010s] -- Installing: /home/ffelix07/Documents/LabRemo/Orchestrator/ros2_labremoto/install/my_mas/lib/libmy_mas__rosidl_typesupport_introspection_cpp.so
[61.013s] -- Set runtime path of "/home/ffelix07/Documents/LabRemo/Orchestrator/ros2_labremoto/install/my_mas/lib/libmy_mas__rosidl_typesupport_introspection_cpp.so" to ""
[61.014s] -- Installing: /home/ffelix07/Documents/LabRemo/Orchestrator/ros2_labremoto/install/my_mas/lib/libmy_mas__rosidl_typesupport_cpp.so
[61.016s] -- Set runtime path of "/home/ffelix07/Documents/LabRemo/Orchestrator/ros2_labremoto/install/my_mas/lib/libmy_mas__rosidl_typesupport_cpp.so" to ""
[61.017s] -- Up-to-date: /home/ffelix07/Documents/LabRemo/Orchestrator/ros2_labremoto/install/my_mas/share/my_mas/environment/pythonpath.sh
[61.024s] -- Installing: /home/ffelix07/Documents/LabRemo/Orchestrator/ros2_labremoto/install/my_mas/share/my_mas/environment/pythonpath.dsv
[61.026s] -- Up-to-date: /home/ffelix07/Documents/LabRemo/Orchestrator/ros2_labremoto/install/my_mas/local/lib/python3.10/dist-packages/my_mas-0.0.0-py3.10.egg-info
[61.027s] -- Installing: /home/ffelix07/Documents/LabRemo/Orchestrator/ros2_labremoto/install/my_mas/local/lib/python3.10/dist-packages/my_mas-0.0.0-py3.10.egg-info/top_level.txt
[61.028s] -- Installing: /home/ffelix07/Documents/LabRemo/Orchestrator/ros2_labremoto/install/my_mas/local/lib/python3.10/dist-packages/my_mas-0.0.0-py3.10.egg-info/PKG-INFO
[61.029s] -- Installing: /home/ffelix07/Documents/LabRemo/Orchestrator/ros2_labremoto/install/my_mas/local/lib/python3.10/dist-packages/my_mas-0.0.0-py3.10.egg-info/dependency_links.txt
[61.031s] -- Installing: /home/ffelix07/Documents/LabRemo/Orchestrator/ros2_labremoto/install/my_mas/local/lib/python3.10/dist-packages/my_mas-0.0.0-py3.10.egg-info/SOURCES.txt
[61.033s] -- Up-to-date: /home/ffelix07/Documents/LabRemo/Orchestrator/ros2_labremoto/install/my_mas/local/lib/python3.10/dist-packages/my_mas
[61.034s] -- Installing: /home/ffelix07/Documents/LabRemo/Orchestrator/ros2_labremoto/install/my_mas/local/lib/python3.10/dist-packages/my_mas/my_mas_s__rosidl_typesupport_fastrtps_c.cpython-310-x86_64-linux-gnu.so
[61.036s] -- Installing: /home/ffelix07/Documents/LabRemo/Orchestrator/ros2_labremoto/install/my_mas/local/lib/python3.10/dist-packages/my_mas/_my_mas_s.ep.rosidl_typesupport_c.c
[61.038s] -- Installing: /home/ffelix07/Documents/LabRemo/Orchestrator/ros2_labremoto/install/my_mas/local/lib/python3.10/dist-packages/my_mas/__init__.py
[61.039s] -- Up-to-date: /home/ffelix07/Documents/LabRemo/Orchestrator/ros2_labremoto/install/my_mas/local/lib/python3.10/dist-packages/my_mas/srv
[61.040s] -- Installing: /home/ffelix07/Documents/LabRemo/Orchestrator/ros2_labremoto/install/my_mas/local/lib/python3.10/dist-packages/my_mas/srv/_load_filedb.py
[61.042s] -- Installing: /home/ffelix07/Documents/LabRemo/Orchestrator/ros2_labremoto/install/my_mas/local/lib/python3.10/dist-packages/my_mas/srv/_load_file_s.c
[61.043s] -- Installing: /home/ffelix07/Documents/LabRemo/Orchestrator/ros2_labremoto/install/my_mas/local/lib/python3.10/dist-packages/my_mas/srv/_load_filedb_s.c
[61.045s] -- Installing: /home/ffelix07/Documents/LabRemo/Orchestrator/ros2_labremoto/install/my_mas/local/lib/python3.10/dist-packages/my_mas/srv/__init__.py
[61.047s] -- Installing: /home/ffelix07/Documents/LabRemo/Orchestrator/ros2_labremoto/install/my_mas/local/lib/python3.10/dist-packages/my_mas/srv/_load_file.py
[61.049s] -- Up-to-date: /home/ffelix07/Documents/LabRemo/Orchestrator/ros2_labremoto/install/my_mas/local/lib/python3.10/dist-packages/my_mas/action
[61.050s] -- Installing: /home/ffelix07/Documents/LabRemo/Orchestrator/ros2_labremoto/install/my_mas/local/lib/python3.10/dist-packages/my_mas/action/_cargahex_s.c
[61.051s] -- Installing: /home/ffelix07/Documents/LabRemo/Orchestrator/ros2_labremoto/install/my_mas/local/lib/python3.10/dist-packages/my_mas/action/_cargahex.py
[61.053s] -- Installing: /home/ffelix07/Documents/LabRemo/Orchestrator/ros2_labremoto/install/my_mas/local/lib/python3.10/dist-packages/my_mas/action/__init__.py
[61.054s] -- Installing: /home/ffelix07/Documents/LabRemo/Orchestrator/ros2_labremoto/install/my_mas/local/lib/python3.10/dist-packages/my_mas/action/_fibonacci.py
[61.056s] -- Installing: /home/ffelix07/Documents/LabRemo/Orchestrator/ros2_labremoto/install/my_mas/local/lib/python3.10/dist-packages/my_mas/action/_fibonacci_s.c
[61.058s] -- Up-to-date: /home/ffelix07/Documents/LabRemo/Orchestrator/ros2_labremoto/install/my_mas/local/lib/python3.10/dist-packages/my_mas/msg
[61.059s] -- Installing: /home/ffelix07/Documents/LabRemo/Orchestrator/ros2_labremoto/install/my_mas/local/lib/python3.10/dist-packages/my_mas/msg/_file_hex_load.py
[61.060s] -- Installing: /home/ffelix07/Documents/LabRemo/Orchestrator/ros2_labremoto/install/my_mas/local/lib/python3.10/dist-packages/my_mas/msg/_sensor_measurment_s.c
[61.061s] -- Installing: /home/ffelix07/Documents/LabRemo/Orchestrator/ros2_labremoto/install/my_mas/local/lib/python3.10/dist-packages/my_mas/msg/__init__.py
[61.063s] -- Installing: /home/ffelix07/Documents/LabRemo/Orchestrator/ros2_labremoto/install/my_mas/local/lib/python3.10/dist-packages/my_mas/msg/_sensor_measurment.py
[61.064s] -- Installing: /home/ffelix07/Documents/LabRemo/Orchestrator/ros2_labremoto/install/my_mas/local/lib/python3.10/dist-packages/my_mas/msg/_file_hex_load_s.c
[61.066s] -- Installing: /home/ffelix07/Documents/LabRemo/Orchestrator/ros2_labremoto/install/my_mas/local/lib/python3.10/dist-packages/my_mas/msg/_auditor_msg.py
[61.067s] -- Installing: /home/ffelix07/Documents/LabRemo/Orchestrator/ros2_labremoto/install/my_mas/local/lib/python3.10/dist-packages/my_mas/msg/_auditor_msg_s.c
[61.069s] -- Installing: /home/ffelix07/Documents/LabRemo/Orchestrator/ros2_labremoto/install/my_mas/local/lib/python3.10/dist-packages/my_mas/_my_mas_s.ep.rosidl_typesupport_fastrtps_c.c
[61.071s] -- Installing: /home/ffelix07/Documents/LabRemo/Orchestrator/ros2_labremoto/install/my_mas/local/lib/python3.10/dist-packages/my_mas/libmy_mas__rosidl_generator_py.so
[61.072s] -- Installing: /home/ffelix07/Documents/LabRemo/Orchestrator/ros2_labremoto/install/my_mas/local/lib/python3.10/dist-packages/my_mas/my_mas_s__rosidl_typesupport_introspection_c.cpython-310-x86_64-linux-gnu.so
[61.074s] -- Installing: /home/ffelix07/Documents/LabRemo/Orchestrator/ros2_labremoto/install/my_mas/local/lib/python3.10/dist-packages/my_mas/_my_mas_s.ep.rosidl_typesupport_introspection_c.c
[61.076s] -- Installing: /home/ffelix07/Documents/LabRemo/Orchestrator/ros2_labremoto/install/my_mas/local/lib/python3.10/dist-packages/my_mas/my_mas_s__rosidl_typesupport_c.cpython-310-x86_64-linux-gnu.so
[61.280s] Listing '/home/ffelix07/Documents/LabRemo/Orchestrator/ros2_labremoto/install/my_mas/local/lib/python3.10/dist-packages/my_mas'...
[61.281s] Compiling '/home/ffelix07/Documents/LabRemo/Orchestrator/ros2_labremoto/install/my_mas/local/lib/python3.10/dist-packages/my_mas/__init__.py'...
[61.281s] Listing '/home/ffelix07/Documents/LabRemo/Orchestrator/ros2_labremoto/install/my_mas/local/lib/python3.10/dist-packages/my_mas/action'...
[61.282s] Compiling '/home/ffelix07/Documents/LabRemo/Orchestrator/ros2_labremoto/install/my_mas/local/lib/python3.10/dist-packages/my_mas/action/__init__.py'...
[61.282s] Compiling '/home/ffelix07/Documents/LabRemo/Orchestrator/ros2_labremoto/install/my_mas/local/lib/python3.10/dist-packages/my_mas/action/_cargahex.py'...
[61.282s] Compiling '/home/ffelix07/Documents/LabRemo/Orchestrator/ros2_labremoto/install/my_mas/local/lib/python3.10/dist-packages/my_mas/action/_fibonacci.py'...
[61.283s] Listing '/home/ffelix07/Documents/LabRemo/Orchestrator/ros2_labremoto/install/my_mas/local/lib/python3.10/dist-packages/my_mas/msg'...
[61.283s] Compiling '/home/ffelix07/Documents/LabRemo/Orchestrator/ros2_labremoto/install/my_mas/local/lib/python3.10/dist-packages/my_mas/msg/__init__.py'...
[61.283s] Compiling '/home/ffelix07/Documents/LabRemo/Orchestrator/ros2_labremoto/install/my_mas/local/lib/python3.10/dist-packages/my_mas/msg/_auditor_msg.py'...
[61.284s] Compiling '/home/ffelix07/Documents/LabRemo/Orchestrator/ros2_labremoto/install/my_mas/local/lib/python3.10/dist-packages/my_mas/msg/_file_hex_load.py'...
[61.284s] Compiling '/home/ffelix07/Documents/LabRemo/Orchestrator/ros2_labremoto/install/my_mas/local/lib/python3.10/dist-packages/my_mas/msg/_sensor_measurment.py'...
[61.285s] Listing '/home/ffelix07/Documents/LabRemo/Orchestrator/ros2_labremoto/install/my_mas/local/lib/python3.10/dist-packages/my_mas/srv'...
[61.285s] Compiling '/home/ffelix07/Documents/LabRemo/Orchestrator/ros2_labremoto/install/my_mas/local/lib/python3.10/dist-packages/my_mas/srv/__init__.py'...
[61.285s] Compiling '/home/ffelix07/Documents/LabRemo/Orchestrator/ros2_labremoto/install/my_mas/local/lib/python3.10/dist-packages/my_mas/srv/_load_file.py'...
[61.286s] Compiling '/home/ffelix07/Documents/LabRemo/Orchestrator/ros2_labremoto/install/my_mas/local/lib/python3.10/dist-packages/my_mas/srv/_load_filedb.py'...
[61.310s] -- Installing: /home/ffelix07/Documents/LabRemo/Orchestrator/ros2_labremoto/install/my_mas/local/lib/python3.10/dist-packages/my_mas/my_mas_s__rosidl_typesupport_fastrtps_c.cpython-310-x86_64-linux-gnu.so
[61.311s] -- Set runtime path of "/home/ffelix07/Documents/LabRemo/Orchestrator/ros2_labremoto/install/my_mas/local/lib/python3.10/dist-packages/my_mas/my_mas_s__rosidl_typesupport_fastrtps_c.cpython-310-x86_64-linux-gnu.so" to ""
[61.311s] -- Installing: /home/ffelix07/Documents/LabRemo/Orchestrator/ros2_labremoto/install/my_mas/local/lib/python3.10/dist-packages/my_mas/my_mas_s__rosidl_typesupport_introspection_c.cpython-310-x86_64-linux-gnu.so
[61.311s] -- Set runtime path of "/home/ffelix07/Documents/LabRemo/Orchestrator/ros2_labremoto/install/my_mas/local/lib/python3.10/dist-packages/my_mas/my_mas_s__rosidl_typesupport_introspection_c.cpython-310-x86_64-linux-gnu.so" to ""
[61.312s] -- Installing: /home/ffelix07/Documents/LabRemo/Orchestrator/ros2_labremoto/install/my_mas/local/lib/python3.10/dist-packages/my_mas/my_mas_s__rosidl_typesupport_c.cpython-310-x86_64-linux-gnu.so
[61.314s] -- Set runtime path of "/home/ffelix07/Documents/LabRemo/Orchestrator/ros2_labremoto/install/my_mas/local/lib/python3.10/dist-packages/my_mas/my_mas_s__rosidl_typesupport_c.cpython-310-x86_64-linux-gnu.so" to ""
[61.319s] -- Installing: /home/ffelix07/Documents/LabRemo/Orchestrator/ros2_labremoto/install/my_mas/lib/libmy_mas__rosidl_generator_py.so
[61.319s] -- Set runtime path of "/home/ffelix07/Documents/LabRemo/Orchestrator/ros2_labremoto/install/my_mas/lib/libmy_mas__rosidl_generator_py.so" to ""
[61.320s] -- Up-to-date: /home/ffelix07/Documents/LabRemo/Orchestrator/ros2_labremoto/install/my_mas/share/my_mas/msg/SensorMeasurment.idl
[61.320s] -- Up-to-date: /home/ffelix07/Documents/LabRemo/Orchestrator/ros2_labremoto/install/my_mas/share/my_mas/msg/AuditorMsg.idl
[61.321s] -- Installing: /home/ffelix07/Documents/LabRemo/Orchestrator/ros2_labremoto/install/my_mas/share/my_mas/msg/FileHexLoad.idl
[61.321s] -- Up-to-date: /home/ffelix07/Documents/LabRemo/Orchestrator/ros2_labremoto/install/my_mas/share/my_mas/srv/LoadFiledb.idl
[61.322s] -- Up-to-date: /home/ffelix07/Documents/LabRemo/Orchestrator/ros2_labremoto/install/my_mas/share/my_mas/srv/LoadFile.idl
[61.322s] -- Up-to-date: /home/ffelix07/Documents/LabRemo/Orchestrator/ros2_labremoto/install/my_mas/share/my_mas/action/Fibonacci.idl
[61.323s] -- Up-to-date: /home/ffelix07/Documents/LabRemo/Orchestrator/ros2_labremoto/install/my_mas/share/my_mas/action/Cargahex.idl
[61.324s] -- Up-to-date: /home/ffelix07/Documents/LabRemo/Orchestrator/ros2_labremoto/install/my_mas/share/my_mas/msg/SensorMeasurment.msg
[61.324s] -- Up-to-date: /home/ffelix07/Documents/LabRemo/Orchestrator/ros2_labremoto/install/my_mas/share/my_mas/msg/AuditorMsg.msg
[61.325s] -- Installing: /home/ffelix07/Documents/LabRemo/Orchestrator/ros2_labremoto/install/my_mas/share/my_mas/msg/FileHexLoad.msg
[61.325s] -- Up-to-date: /home/ffelix07/Documents/LabRemo/Orchestrator/ros2_labremoto/install/my_mas/share/my_mas/srv/LoadFiledb.srv
[61.326s] -- Up-to-date: /home/ffelix07/Documents/LabRemo/Orchestrator/ros2_labremoto/install/my_mas/share/my_mas/srv/LoadFiledb_Request.msg
[61.326s] -- Up-to-date: /home/ffelix07/Documents/LabRemo/Orchestrator/ros2_labremoto/install/my_mas/share/my_mas/srv/LoadFiledb_Response.msg
[61.327s] -- Up-to-date: /home/ffelix07/Documents/LabRemo/Orchestrator/ros2_labremoto/install/my_mas/share/my_mas/srv/LoadFile.srv
[61.327s] -- Up-to-date: /home/ffelix07/Documents/LabRemo/Orchestrator/ros2_labremoto/install/my_mas/share/my_mas/srv/LoadFile_Request.msg
[61.328s] -- Up-to-date: /home/ffelix07/Documents/LabRemo/Orchestrator/ros2_labremoto/install/my_mas/share/my_mas/srv/LoadFile_Response.msg
[61.328s] -- Up-to-date: /home/ffelix07/Documents/LabRemo/Orchestrator/ros2_labremoto/install/my_mas/share/my_mas/action/Fibonacci.action
[61.328s] -- Up-to-date: /home/ffelix07/Documents/LabRemo/Orchestrator/ros2_labremoto/install/my_mas/share/my_mas/action/Cargahex.action
[61.329s] -- Up-to-date: /home/ffelix07/Documents/LabRemo/Orchestrator/ros2_labremoto/install/my_mas/share/ament_index/resource_index/package_run_dependencies/my_mas
[61.329s] -- Up-to-date: /home/ffelix07/Documents/LabRemo/Orchestrator/ros2_labremoto/install/my_mas/share/ament_index/resource_index/parent_prefix_path/my_mas
[61.329s] -- Up-to-date: /home/ffelix07/Documents/LabRemo/Orchestrator/ros2_labremoto/install/my_mas/share/my_mas/environment/ament_prefix_path.sh
[61.330s] -- Installing: /home/ffelix07/Documents/LabRemo/Orchestrator/ros2_labremoto/install/my_mas/share/my_mas/environment/ament_prefix_path.dsv
[61.330s] -- Up-to-date: /home/ffelix07/Documents/LabRemo/Orchestrator/ros2_labremoto/install/my_mas/share/my_mas/environment/path.sh
[61.331s] -- Installing: /home/ffelix07/Documents/LabRemo/Orchestrator/ros2_labremoto/install/my_mas/share/my_mas/environment/path.dsv
[61.331s] -- Up-to-date: /home/ffelix07/Documents/LabRemo/Orchestrator/ros2_labremoto/install/my_mas/share/my_mas/local_setup.bash
[61.332s] -- Up-to-date: /home/ffelix07/Documents/LabRemo/Orchestrator/ros2_labremoto/install/my_mas/share/my_mas/local_setup.sh
[61.332s] -- Up-to-date: /home/ffelix07/Documents/LabRemo/Orchestrator/ros2_labremoto/install/my_mas/share/my_mas/local_setup.zsh
[61.333s] -- Installing: /home/ffelix07/Documents/LabRemo/Orchestrator/ros2_labremoto/install/my_mas/share/my_mas/local_setup.dsv
[61.333s] -- Installing: /home/ffelix07/Documents/LabRemo/Orchestrator/ros2_labremoto/install/my_mas/share/my_mas/package.dsv
[61.334s] -- Up-to-date: /home/ffelix07/Documents/LabRemo/Orchestrator/ros2_labremoto/install/my_mas/share/ament_index/resource_index/packages/my_mas
[61.334s] -- Up-to-date: /home/ffelix07/Documents/LabRemo/Orchestrator/ros2_labremoto/install/my_mas/share/my_mas/cmake/export_my_mas__rosidl_generator_cExport.cmake
[61.335s] -- Up-to-date: /home/ffelix07/Documents/LabRemo/Orchestrator/ros2_labremoto/install/my_mas/share/my_mas/cmake/export_my_mas__rosidl_generator_cExport-noconfig.cmake
[61.335s] -- Up-to-date: /home/ffelix07/Documents/LabRemo/Orchestrator/ros2_labremoto/install/my_mas/share/my_mas/cmake/export_my_mas__rosidl_typesupport_fastrtps_cExport.cmake
[61.336s] -- Up-to-date: /home/ffelix07/Documents/LabRemo/Orchestrator/ros2_labremoto/install/my_mas/share/my_mas/cmake/export_my_mas__rosidl_typesupport_fastrtps_cExport-noconfig.cmake
[61.336s] -- Up-to-date: /home/ffelix07/Documents/LabRemo/Orchestrator/ros2_labremoto/install/my_mas/share/my_mas/cmake/my_mas__rosidl_typesupport_introspection_cExport.cmake
[61.337s] -- Up-to-date: /home/ffelix07/Documents/LabRemo/Orchestrator/ros2_labremoto/install/my_mas/share/my_mas/cmake/my_mas__rosidl_typesupport_introspection_cExport-noconfig.cmake
[61.338s] -- Up-to-date: /home/ffelix07/Documents/LabRemo/Orchestrator/ros2_labremoto/install/my_mas/share/my_mas/cmake/my_mas__rosidl_typesupport_cExport.cmake
[61.338s] -- Up-to-date: /home/ffelix07/Documents/LabRemo/Orchestrator/ros2_labremoto/install/my_mas/share/my_mas/cmake/my_mas__rosidl_typesupport_cExport-noconfig.cmake
[61.339s] -- Up-to-date: /home/ffelix07/Documents/LabRemo/Orchestrator/ros2_labremoto/install/my_mas/share/my_mas/cmake/export_my_mas__rosidl_generator_cppExport.cmake
[61.339s] -- Up-to-date: /home/ffelix07/Documents/LabRemo/Orchestrator/ros2_labremoto/install/my_mas/share/my_mas/cmake/export_my_mas__rosidl_typesupport_fastrtps_cppExport.cmake
[61.339s] -- Up-to-date: /home/ffelix07/Documents/LabRemo/Orchestrator/ros2_labremoto/install/my_mas/share/my_mas/cmake/export_my_mas__rosidl_typesupport_fastrtps_cppExport-noconfig.cmake
[61.340s] -- Up-to-date: /home/ffelix07/Documents/LabRemo/Orchestrator/ros2_labremoto/install/my_mas/share/my_mas/cmake/my_mas__rosidl_typesupport_introspection_cppExport.cmake
[61.340s] -- Up-to-date: /home/ffelix07/Documents/LabRemo/Orchestrator/ros2_labremoto/install/my_mas/share/my_mas/cmake/my_mas__rosidl_typesupport_introspection_cppExport-noconfig.cmake
[61.340s] -- Up-to-date: /home/ffelix07/Documents/LabRemo/Orchestrator/ros2_labremoto/install/my_mas/share/my_mas/cmake/my_mas__rosidl_typesupport_cppExport.cmake
[61.341s] -- Up-to-date: /home/ffelix07/Documents/LabRemo/Orchestrator/ros2_labremoto/install/my_mas/share/my_mas/cmake/my_mas__rosidl_typesupport_cppExport-noconfig.cmake
[61.342s] -- Up-to-date: /home/ffelix07/Documents/LabRemo/Orchestrator/ros2_labremoto/install/my_mas/share/my_mas/cmake/export_my_mas__rosidl_generator_pyExport.cmake
[61.342s] -- Up-to-date: /home/ffelix07/Documents/LabRemo/Orchestrator/ros2_labremoto/install/my_mas/share/my_mas/cmake/export_my_mas__rosidl_generator_pyExport-noconfig.cmake
[61.343s] -- Installing: /home/ffelix07/Documents/LabRemo/Orchestrator/ros2_labremoto/install/my_mas/share/my_mas/cmake/rosidl_cmake-extras.cmake
[61.343s] -- Up-to-date: /home/ffelix07/Documents/LabRemo/Orchestrator/ros2_labremoto/install/my_mas/share/my_mas/cmake/ament_cmake_export_dependencies-extras.cmake
[61.344s] -- Up-to-date: /home/ffelix07/Documents/LabRemo/Orchestrator/ros2_labremoto/install/my_mas/share/my_mas/cmake/ament_cmake_export_include_directories-extras.cmake
[61.345s] -- Up-to-date: /home/ffelix07/Documents/LabRemo/Orchestrator/ros2_labremoto/install/my_mas/share/my_mas/cmake/ament_cmake_export_libraries-extras.cmake
[61.345s] -- Up-to-date: /home/ffelix07/Documents/LabRemo/Orchestrator/ros2_labremoto/install/my_mas/share/my_mas/cmake/ament_cmake_export_targets-extras.cmake
[61.345s] -- Up-to-date: /home/ffelix07/Documents/LabRemo/Orchestrator/ros2_labremoto/install/my_mas/share/my_mas/cmake/rosidl_cmake_export_typesupport_targets-extras.cmake
[61.346s] -- Up-to-date: /home/ffelix07/Documents/LabRemo/Orchestrator/ros2_labremoto/install/my_mas/share/my_mas/cmake/rosidl_cmake_export_typesupport_libraries-extras.cmake
[61.346s] -- Up-to-date: /home/ffelix07/Documents/LabRemo/Orchestrator/ros2_labremoto/install/my_mas/share/my_mas/cmake/my_masConfig.cmake
[61.346s] -- Up-to-date: /home/ffelix07/Documents/LabRemo/Orchestrator/ros2_labremoto/install/my_mas/share/my_mas/cmake/my_masConfig-version.cmake
[61.347s] -- Up-to-date: /home/ffelix07/Documents/LabRemo/Orchestrator/ros2_labremoto/install/my_mas/share/my_mas/package.xml
[61.354s] Invoked command in '/home/ffelix07/Documents/LabRemo/Orchestrator/ros2_labremoto/build/my_mas' returned '0': CMAKE_PREFIX_PATH=${CMAKE_PREFIX_PATH}:/home/ffelix07/Documents/LabRemo/Orchestrator/ros2_labremoto/install/launchstructure:/home/ffelix07/Documents/LabRemo/Orchestrator/ros2_labremoto/install/py_pubsub:/home/ffelix07/Documents/LabRemo/Orchestrator/ros2_labremoto/install/lstructure:/home/ffelix07/Documents/LabRemo/Orchestrator/ros2_labremoto/install/hardware:/home/ffelix07/Documents/LabRemo/Orchestrator/ros2_labremoto/install/ament_pep257:/home/ffelix07/Documents/LabRemo/Orchestrator/ros2_labremoto/install/ament_package:/home/ffelix07/Documents/LabRemo/Orchestrator/ros2_labremoto/install/ament_flake8:/opt/ros/humble /usr/bin/cmake --install /home/ffelix07/Documents/LabRemo/Orchestrator/ros2_labremoto/build/my_mas
