-- Setting build type to 'Release' as none was specified.
-- The C compiler identification is GNU 11.4.0
-- The CXX compiler identification is GNU 11.4.0
-- Detecting C compiler ABI info
-- Detecting C compiler ABI info - done
-- Check for working C compiler: /usr/bin/cc - skipped
-- Detecting C compile features
-- Detecting C compile features - done
-- Detecting CXX compiler ABI info
-- Detecting CXX compiler ABI info - done
-- Check for working CXX compiler: /usr/bin/c++ - skipped
-- Detecting CXX compile features
-- Detecting CXX compile features - done
-- Configuring Fast CDR
-- Version: 1.0.7
-- To change de version modify the file configure.ac
-- Performing Test SUPPORTS_CXX11
-- Performing Test SUPPORTS_CXX11 - Success
-- Configuring done
-- Generating done
-- Build files have been written to: /home/ffelix07/Documents/LabRemo/Orchestrator/ros2_labremoto/build/fastcdr
[ 14%] [32mBuilding CXX object src/cpp/CMakeFiles/fastcdr.dir/FastCdr.cpp.o[0m
[ 28%] [32mBuilding CXX object src/cpp/CMakeFiles/fastcdr.dir/Cdr.cpp.o[0m
[ 42%] [32mBuilding CXX object src/cpp/CMakeFiles/fastcdr.dir/FastBuffer.cpp.o[0m
[ 57%] [32mBuilding CXX object src/cpp/CMakeFiles/fastcdr.dir/exceptions/Exception.cpp.o[0m
[ 71%] [32mBuilding CXX object src/cpp/CMakeFiles/fastcdr.dir/exceptions/NotEnoughMemoryException.cpp.o[0m
[ 85%] [32mBuilding CXX object src/cpp/CMakeFiles/fastcdr.dir/exceptions/BadParamException.cpp.o[0m
[100%] [32m[1mLinking CXX shared library libfastcdr.so[0m
[100%] Built target fastcdr
-- Install configuration: "Release"
-- Installing: /home/ffelix07/Documents/LabRemo/Orchestrator/ros2_labremoto/install/fastcdr/share/fastcdr/LICENSE
-- Installing: /home/ffelix07/Documents/LabRemo/Orchestrator/ros2_labremoto/install/fastcdr/lib/fastcdr/cmake/fastcdrConfig.cmake
-- Installing: /home/ffelix07/Documents/LabRemo/Orchestrator/ros2_labremoto/install/fastcdr/lib/fastcdr/cmake/fastcdrConfigVersion.cmake
-- Installing: /home/ffelix07/Documents/LabRemo/Orchestrator/ros2_labremoto/install/fastcdr/include/fastcdr
-- Installing: /home/ffelix07/Documents/LabRemo/Orchestrator/ros2_labremoto/install/fastcdr/include/fastcdr/fastcdr_dll.h
-- Installing: /home/ffelix07/Documents/LabRemo/Orchestrator/ros2_labremoto/install/fastcdr/include/fastcdr/Cdr.h
-- Installing: /home/ffelix07/Documents/LabRemo/Orchestrator/ros2_labremoto/install/fastcdr/include/fastcdr/FastCdr.h
-- Installing: /home/ffelix07/Documents/LabRemo/Orchestrator/ros2_labremoto/install/fastcdr/include/fastcdr/eProsima_auto_link.h
-- Installing: /home/ffelix07/Documents/LabRemo/Orchestrator/ros2_labremoto/install/fastcdr/include/fastcdr/FastBuffer.h
-- Installing: /home/ffelix07/Documents/LabRemo/Orchestrator/ros2_labremoto/install/fastcdr/include/fastcdr/exceptions
-- Installing: /home/ffelix07/Documents/LabRemo/Orchestrator/ros2_labremoto/install/fastcdr/include/fastcdr/exceptions/NotEnoughMemoryException.h
-- Installing: /home/ffelix07/Documents/LabRemo/Orchestrator/ros2_labremoto/install/fastcdr/include/fastcdr/exceptions/BadParamException.h
-- Installing: /home/ffelix07/Documents/LabRemo/Orchestrator/ros2_labremoto/install/fastcdr/include/fastcdr/exceptions/Exception.h
-- Installing: /home/ffelix07/Documents/LabRemo/Orchestrator/ros2_labremoto/install/fastcdr/include/fastcdr/config.h
-- Installing: /home/ffelix07/Documents/LabRemo/Orchestrator/ros2_labremoto/install/fastcdr/lib/libfastcdr.so.1.0.7
-- Installing: /home/ffelix07/Documents/LabRemo/Orchestrator/ros2_labremoto/install/fastcdr/lib/libfastcdr.so
-- Installing: /home/ffelix07/Documents/LabRemo/Orchestrator/ros2_labremoto/install/fastcdr/lib/fastcdr/cmake/fastcdrTargets.cmake
-- Installing: /home/ffelix07/Documents/LabRemo/Orchestrator/ros2_labremoto/install/fastcdr/lib/fastcdr/cmake/fastcdrTargets-release.cmake
