[2.782s] Invoking command in '/home/ffelix07/Documents/LabRemo/Orchestrator/ros2_labremoto/src/py_pubsub': PYTHONPATH=/home/ffelix07/Documents/LabRemo/Orchestrator/ros2_labremoto/build/py_pubsub/prefix_override:/home/ffelix07/Documents/LabRemo/Orchestrator/ros2_labremoto/install/py_pubsub/lib/python3.10/site-packages:${PYTHONPATH} /usr/bin/python3 setup.py egg_info --egg-base ../../build/py_pubsub build --build-base /home/ffelix07/Documents/LabRemo/Orchestrator/ros2_labremoto/build/py_pubsub/build install --record /home/ffelix07/Documents/LabRemo/Orchestrator/ros2_labremoto/build/py_pubsub/install.log --single-version-externally-managed
[3.690s] running egg_info
[3.692s] writing ../../build/py_pubsub/py_pubsub.egg-info/PKG-INFO
[3.693s] writing dependency_links to ../../build/py_pubsub/py_pubsub.egg-info/dependency_links.txt
[3.694s] writing entry points to ../../build/py_pubsub/py_pubsub.egg-info/entry_points.txt
[3.695s] writing requirements to ../../build/py_pubsub/py_pubsub.egg-info/requires.txt
[3.696s] writing top-level names to ../../build/py_pubsub/py_pubsub.egg-info/top_level.txt
[3.702s] reading manifest file '../../build/py_pubsub/py_pubsub.egg-info/SOURCES.txt'
[3.706s] writing manifest file '../../build/py_pubsub/py_pubsub.egg-info/SOURCES.txt'
[3.706s] running build
[3.706s] running build_py
[3.707s] copying py_pubsub/arduino_infrastructure.py -> /home/ffelix07/Documents/LabRemo/Orchestrator/ros2_labremoto/build/py_pubsub/build/lib/py_pubsub
[3.709s] running install
[3.710s] running install_lib
[3.712s] copying /home/ffelix07/Documents/LabRemo/Orchestrator/ros2_labremoto/build/py_pubsub/build/lib/py_pubsub/arduino_infrastructure.py -> /home/ffelix07/Documents/LabRemo/Orchestrator/ros2_labremoto/install/py_pubsub/lib/python3.10/site-packages/py_pubsub
[3.715s] byte-compiling /home/ffelix07/Documents/LabRemo/Orchestrator/ros2_labremoto/install/py_pubsub/lib/python3.10/site-packages/py_pubsub/arduino_infrastructure.py to arduino_infrastructure.cpython-310.pyc
[3.717s] running install_data
[3.719s] running install_egg_info
[3.723s] removing '/home/ffelix07/Documents/LabRemo/Orchestrator/ros2_labremoto/install/py_pubsub/lib/python3.10/site-packages/py_pubsub-0.0.0-py3.10.egg-info' (and everything under it)
[3.725s] Copying ../../build/py_pubsub/py_pubsub.egg-info to /home/ffelix07/Documents/LabRemo/Orchestrator/ros2_labremoto/install/py_pubsub/lib/python3.10/site-packages/py_pubsub-0.0.0-py3.10.egg-info
[3.728s] running install_scripts
[3.791s] Installing action script to /home/ffelix07/Documents/LabRemo/Orchestrator/ros2_labremoto/install/py_pubsub/lib/py_pubsub
[3.792s] Installing client script to /home/ffelix07/Documents/LabRemo/Orchestrator/ros2_labremoto/install/py_pubsub/lib/py_pubsub
[3.792s] Installing con_arduino script to /home/ffelix07/Documents/LabRemo/Orchestrator/ros2_labremoto/install/py_pubsub/lib/py_pubsub
[3.793s] Installing listener script to /home/ffelix07/Documents/LabRemo/Orchestrator/ros2_labremoto/install/py_pubsub/lib/py_pubsub
[3.794s] Installing service script to /home/ffelix07/Documents/LabRemo/Orchestrator/ros2_labremoto/install/py_pubsub/lib/py_pubsub
[3.794s] Installing talker script to /home/ffelix07/Documents/LabRemo/Orchestrator/ros2_labremoto/install/py_pubsub/lib/py_pubsub
[3.795s] writing list of installed files to '/home/ffelix07/Documents/LabRemo/Orchestrator/ros2_labremoto/build/py_pubsub/install.log'
[3.880s] Invoked command in '/home/ffelix07/Documents/LabRemo/Orchestrator/ros2_labremoto/src/py_pubsub' returned '0': PYTHONPATH=/home/ffelix07/Documents/LabRemo/Orchestrator/ros2_labremoto/build/py_pubsub/prefix_override:/home/ffelix07/Documents/LabRemo/Orchestrator/ros2_labremoto/install/py_pubsub/lib/python3.10/site-packages:${PYTHONPATH} /usr/bin/python3 setup.py egg_info --egg-base ../../build/py_pubsub build --build-base /home/ffelix07/Documents/LabRemo/Orchestrator/ros2_labremoto/build/py_pubsub/build install --record /home/ffelix07/Documents/LabRemo/Orchestrator/ros2_labremoto/build/py_pubsub/install.log --single-version-externally-managed
