running egg_info
creating ../../../../build/ament_pep257/ament_pep257.egg-info
writing ../../../../build/ament_pep257/ament_pep257.egg-info/PKG-INFO
writing dependency_links to ../../../../build/ament_pep257/ament_pep257.egg-info/dependency_links.txt
writing entry points to ../../../../build/ament_pep257/ament_pep257.egg-info/entry_points.txt
writing requirements to ../../../../build/ament_pep257/ament_pep257.egg-info/requires.txt
writing top-level names to ../../../../build/ament_pep257/ament_pep257.egg-info/top_level.txt
writing manifest file '../../../../build/ament_pep257/ament_pep257.egg-info/SOURCES.txt'
reading manifest file '../../../../build/ament_pep257/ament_pep257.egg-info/SOURCES.txt'
writing manifest file '../../../../build/ament_pep257/ament_pep257.egg-info/SOURCES.txt'
running build
running build_py
creating /home/ffelix07/Documents/LabRemo/Orchestrator/ros2_labremoto/build/ament_pep257/build
creating /home/ffelix07/Documents/LabRemo/Orchestrator/ros2_labremoto/build/ament_pep257/build/lib
creating /home/ffelix07/Documents/LabRemo/Orchestrator/ros2_labremoto/build/ament_pep257/build/lib/ament_pep257
copying ament_pep257/main.py -> /home/ffelix07/Documents/LabRemo/Orchestrator/ros2_labremoto/build/ament_pep257/build/lib/ament_pep257
copying ament_pep257/__init__.py -> /home/ffelix07/Documents/LabRemo/Orchestrator/ros2_labremoto/build/ament_pep257/build/lib/ament_pep257
running install
running install_lib
creating /home/ffelix07/Documents/LabRemo/Orchestrator/ros2_labremoto/install/ament_pep257/lib/python3.10/site-packages/ament_pep257
copying /home/ffelix07/Documents/LabRemo/Orchestrator/ros2_labremoto/build/ament_pep257/build/lib/ament_pep257/main.py -> /home/ffelix07/Documents/LabRemo/Orchestrator/ros2_labremoto/install/ament_pep257/lib/python3.10/site-packages/ament_pep257
copying /home/ffelix07/Documents/LabRemo/Orchestrator/ros2_labremoto/build/ament_pep257/build/lib/ament_pep257/__init__.py -> /home/ffelix07/Documents/LabRemo/Orchestrator/ros2_labremoto/install/ament_pep257/lib/python3.10/site-packages/ament_pep257
byte-compiling /home/ffelix07/Documents/LabRemo/Orchestrator/ros2_labremoto/install/ament_pep257/lib/python3.10/site-packages/ament_pep257/main.py to main.cpython-310.pyc
byte-compiling /home/ffelix07/Documents/LabRemo/Orchestrator/ros2_labremoto/install/ament_pep257/lib/python3.10/site-packages/ament_pep257/__init__.py to __init__.cpython-310.pyc
running install_egg_info
Copying ../../../../build/ament_pep257/ament_pep257.egg-info to /home/ffelix07/Documents/LabRemo/Orchestrator/ros2_labremoto/install/ament_pep257/lib/python3.10/site-packages/ament_pep257-0.5.2-py3.10.egg-info
running install_scripts
Installing ament_pep257 script to /home/ffelix07/Documents/LabRemo/Orchestrator/ros2_labremoto/install/ament_pep257/bin
writing list of installed files to '/home/ffelix07/Documents/LabRemo/Orchestrator/ros2_labremoto/build/ament_pep257/install.log'
