[5.960s] Invoking command in '/home/ffelix07/Documents/LabRemo/Orchestrator/ros2_labremoto/src/ament/ament_lint/ament_pep257': AMENT_PREFIX_PATH=/home/ffelix07/Documents/LabRemo/Orchestrator/ros2_labremoto/install/ament_flake8:${AMENT_PREFIX_PATH} PATH=/home/ffelix07/Documents/LabRemo/Orchestrator/ros2_labremoto/install/ament_flake8/bin:${PATH} PYTHONPATH=/home/ffelix07/Documents/LabRemo/Orchestrator/ros2_labremoto/build/ament_pep257/prefix_override:/home/ffelix07/Documents/LabRemo/Orchestrator/ros2_labremoto/install/ament_pep257/lib/python3.10/site-packages:/home/ffelix07/Documents/LabRemo/Orchestrator/ros2_labremoto/install/ament_flake8/lib/python3.10/site-packages:${PYTHONPATH} /usr/bin/python3 setup.py egg_info --egg-base ../../../../build/ament_pep257 build --build-base /home/ffelix07/Documents/LabRemo/Orchestrator/ros2_labremoto/build/ament_pep257/build install --record /home/ffelix07/Documents/LabRemo/Orchestrator/ros2_labremoto/build/ament_pep257/install.log --single-version-externally-managed
[7.985s] running egg_info
[7.986s] creating ../../../../build/ament_pep257/ament_pep257.egg-info
[7.994s] writing ../../../../build/ament_pep257/ament_pep257.egg-info/PKG-INFO
[7.994s] writing dependency_links to ../../../../build/ament_pep257/ament_pep257.egg-info/dependency_links.txt
[7.995s] writing entry points to ../../../../build/ament_pep257/ament_pep257.egg-info/entry_points.txt
[7.995s] writing requirements to ../../../../build/ament_pep257/ament_pep257.egg-info/requires.txt
[7.996s] writing top-level names to ../../../../build/ament_pep257/ament_pep257.egg-info/top_level.txt
[7.996s] writing manifest file '../../../../build/ament_pep257/ament_pep257.egg-info/SOURCES.txt'
[7.997s] reading manifest file '../../../../build/ament_pep257/ament_pep257.egg-info/SOURCES.txt'
[7.999s] writing manifest file '../../../../build/ament_pep257/ament_pep257.egg-info/SOURCES.txt'
[8.000s] running build
[8.001s] running build_py
[8.001s] creating /home/ffelix07/Documents/LabRemo/Orchestrator/ros2_labremoto/build/ament_pep257/build
[8.001s] creating /home/ffelix07/Documents/LabRemo/Orchestrator/ros2_labremoto/build/ament_pep257/build/lib
[8.003s] creating /home/ffelix07/Documents/LabRemo/Orchestrator/ros2_labremoto/build/ament_pep257/build/lib/ament_pep257
[8.003s] copying ament_pep257/main.py -> /home/ffelix07/Documents/LabRemo/Orchestrator/ros2_labremoto/build/ament_pep257/build/lib/ament_pep257
[8.004s] copying ament_pep257/__init__.py -> /home/ffelix07/Documents/LabRemo/Orchestrator/ros2_labremoto/build/ament_pep257/build/lib/ament_pep257
[8.005s] running install
[8.007s] running install_lib
[8.008s] creating /home/ffelix07/Documents/LabRemo/Orchestrator/ros2_labremoto/install/ament_pep257/lib/python3.10/site-packages/ament_pep257
[8.008s] copying /home/ffelix07/Documents/LabRemo/Orchestrator/ros2_labremoto/build/ament_pep257/build/lib/ament_pep257/main.py -> /home/ffelix07/Documents/LabRemo/Orchestrator/ros2_labremoto/install/ament_pep257/lib/python3.10/site-packages/ament_pep257
[8.008s] copying /home/ffelix07/Documents/LabRemo/Orchestrator/ros2_labremoto/build/ament_pep257/build/lib/ament_pep257/__init__.py -> /home/ffelix07/Documents/LabRemo/Orchestrator/ros2_labremoto/install/ament_pep257/lib/python3.10/site-packages/ament_pep257
[8.009s] byte-compiling /home/ffelix07/Documents/LabRemo/Orchestrator/ros2_labremoto/install/ament_pep257/lib/python3.10/site-packages/ament_pep257/main.py to main.cpython-310.pyc
[8.017s] byte-compiling /home/ffelix07/Documents/LabRemo/Orchestrator/ros2_labremoto/install/ament_pep257/lib/python3.10/site-packages/ament_pep257/__init__.py to __init__.cpython-310.pyc
[8.017s] running install_egg_info
[8.018s] Copying ../../../../build/ament_pep257/ament_pep257.egg-info to /home/ffelix07/Documents/LabRemo/Orchestrator/ros2_labremoto/install/ament_pep257/lib/python3.10/site-packages/ament_pep257-0.5.2-py3.10.egg-info
[8.022s] running install_scripts
[8.127s] Installing ament_pep257 script to /home/ffelix07/Documents/LabRemo/Orchestrator/ros2_labremoto/install/ament_pep257/bin
[8.127s] writing list of installed files to '/home/ffelix07/Documents/LabRemo/Orchestrator/ros2_labremoto/build/ament_pep257/install.log'
[8.370s] Invoked command in '/home/ffelix07/Documents/LabRemo/Orchestrator/ros2_labremoto/src/ament/ament_lint/ament_pep257' returned '0': AMENT_PREFIX_PATH=/home/ffelix07/Documents/LabRemo/Orchestrator/ros2_labremoto/install/ament_flake8:${AMENT_PREFIX_PATH} PATH=/home/ffelix07/Documents/LabRemo/Orchestrator/ros2_labremoto/install/ament_flake8/bin:${PATH} PYTHONPATH=/home/ffelix07/Documents/LabRemo/Orchestrator/ros2_labremoto/build/ament_pep257/prefix_override:/home/ffelix07/Documents/LabRemo/Orchestrator/ros2_labremoto/install/ament_pep257/lib/python3.10/site-packages:/home/ffelix07/Documents/LabRemo/Orchestrator/ros2_labremoto/install/ament_flake8/lib/python3.10/site-packages:${PYTHONPATH} /usr/bin/python3 setup.py egg_info --egg-base ../../../../build/ament_pep257 build --build-base /home/ffelix07/Documents/LabRemo/Orchestrator/ros2_labremoto/build/ament_pep257/build install --record /home/ffelix07/Documents/LabRemo/Orchestrator/ros2_labremoto/build/ament_pep257/install.log --single-version-externally-managed
