[4.278s] Invoking command in '/home/ffelix07/Documents/LabRemo/Orchestrator/ros2_labremoto/src/hardware': PYTHONPATH=/home/ffelix07/Documents/LabRemo/build/hardware/prefix_override:/home/ffelix07/Documents/LabRemo/install/hardware/lib/python3.10/site-packages:${PYTHONPATH} /usr/bin/python3 setup.py egg_info --egg-base ../../../../build/hardware build --build-base /home/ffelix07/Documents/LabRemo/build/hardware/build install --record /home/ffelix07/Documents/LabRemo/build/hardware/install.log --single-version-externally-managed
[5.353s] running egg_info
[5.355s] writing ../../../../build/hardware/hardware.egg-info/PKG-INFO
[5.355s] writing dependency_links to ../../../../build/hardware/hardware.egg-info/dependency_links.txt
[5.356s] writing entry points to ../../../../build/hardware/hardware.egg-info/entry_points.txt
[5.356s] writing requirements to ../../../../build/hardware/hardware.egg-info/requires.txt
[5.356s] writing top-level names to ../../../../build/hardware/hardware.egg-info/top_level.txt
[5.364s] reading manifest file '../../../../build/hardware/hardware.egg-info/SOURCES.txt'
[5.373s] writing manifest file '../../../../build/hardware/hardware.egg-info/SOURCES.txt'
[5.374s] running build
[5.374s] running build_py
[5.374s] running install
[5.374s] running install_lib
[5.378s] running install_data
[5.379s] running install_egg_info
[5.389s] removing '/home/ffelix07/Documents/LabRemo/install/hardware/lib/python3.10/site-packages/hardware-0.0.0-py3.10.egg-info' (and everything under it)
[5.390s] Copying ../../../../build/hardware/hardware.egg-info to /home/ffelix07/Documents/LabRemo/install/hardware/lib/python3.10/site-packages/hardware-0.0.0-py3.10.egg-info
[5.391s] running install_scripts
[5.477s] writing list of installed files to '/home/ffelix07/Documents/LabRemo/build/hardware/install.log'
[5.614s] Invoked command in '/home/ffelix07/Documents/LabRemo/Orchestrator/ros2_labremoto/src/hardware' returned '0': PYTHONPATH=/home/ffelix07/Documents/LabRemo/build/hardware/prefix_override:/home/ffelix07/Documents/LabRemo/install/hardware/lib/python3.10/site-packages:${PYTHONPATH} /usr/bin/python3 setup.py egg_info --egg-base ../../../../build/hardware build --build-base /home/ffelix07/Documents/LabRemo/build/hardware/build install --record /home/ffelix07/Documents/LabRemo/build/hardware/install.log --single-version-externally-managed
