[5.203s] Invoking command in '/home/ffelix07/Documents/LabRemo/Orchestrator/ros2_labremoto/src/hardware': CONDA_PROMPT_MODIFIER=(base) PYTHONPATH=/home/ffelix07/Documents/LabRemo/Orchestrator/ros2_labremoto/build/hardware/prefix_override:/home/ffelix07/Documents/LabRemo/Orchestrator/ros2_labremoto/install/hardware/lib/python3.10/site-packages:${PYTHONPATH} /usr/bin/python3 setup.py egg_info --egg-base ../../build/hardware build --build-base /home/ffelix07/Documents/LabRemo/Orchestrator/ros2_labremoto/build/hardware/build install --record /home/ffelix07/Documents/LabRemo/Orchestrator/ros2_labremoto/build/hardware/install.log --single-version-externally-managed
[6.330s] running egg_info
[6.445s] writing ../../build/hardware/hardware.egg-info/PKG-INFO
[6.445s] writing dependency_links to ../../build/hardware/hardware.egg-info/dependency_links.txt
[6.446s] writing requirements to ../../build/hardware/hardware.egg-info/requires.txt
[6.446s] writing top-level names to ../../build/hardware/hardware.egg-info/top_level.txt
[6.660s] reading manifest file '../../build/hardware/hardware.egg-info/SOURCES.txt'
[6.664s] writing manifest file '../../build/hardware/hardware.egg-info/SOURCES.txt'
[6.664s] running build
[6.665s] running build_py
[6.665s] copying hardware/__init__.py -> /home/ffelix07/Documents/LabRemo/Orchestrator/ros2_labremoto/build/hardware/build/lib/hardware
[6.667s] running install
[6.670s] /home/ffelix07/.local/lib/python3.10/site-packages/setuptools/_distutils/cmd.py:66: SetuptoolsDeprecationWarning: setup.py install is deprecated.
[6.671s] !!
[6.671s] 
[6.671s]         ********************************************************************************
[6.672s]         Please avoid running ``setup.py`` directly.
[6.672s]         Instead, use pypa/build, pypa/installer or other
[6.673s]         standards-based tools.
[6.673s] 
[6.673s]         See https://blog.ganssle.io/articles/2021/10/setup-py-deprecated.html for details.
[6.674s]         ********************************************************************************
[6.674s] 
[6.674s] !!
[6.674s]   self.initialize_options()
[6.690s] running install_lib
[6.805s] running install_data
[6.909s] copying resource/hardware -> /home/ffelix07/Documents/LabRemo/Orchestrator/ros2_labremoto/install/hardware/share/ament_index/resource_index/packages
[6.911s] copying package.xml -> /home/ffelix07/Documents/LabRemo/Orchestrator/ros2_labremoto/install/hardware/share/hardware
[6.913s] running install_egg_info
[7.028s] removing '/home/ffelix07/Documents/LabRemo/Orchestrator/ros2_labremoto/install/hardware/lib/python3.10/site-packages/hardware-0.0.0-py3.10.egg-info' (and everything under it)
[7.029s] Copying ../../build/hardware/hardware.egg-info to /home/ffelix07/Documents/LabRemo/Orchestrator/ros2_labremoto/install/hardware/lib/python3.10/site-packages/hardware-0.0.0-py3.10.egg-info
[7.033s] running install_scripts
[8.581s] writing list of installed files to '/home/ffelix07/Documents/LabRemo/Orchestrator/ros2_labremoto/build/hardware/install.log'
[8.796s] Invoked command in '/home/ffelix07/Documents/LabRemo/Orchestrator/ros2_labremoto/src/hardware' returned '0': CONDA_PROMPT_MODIFIER=(base) PYTHONPATH=/home/ffelix07/Documents/LabRemo/Orchestrator/ros2_labremoto/build/hardware/prefix_override:/home/ffelix07/Documents/LabRemo/Orchestrator/ros2_labremoto/install/hardware/lib/python3.10/site-packages:${PYTHONPATH} /usr/bin/python3 setup.py egg_info --egg-base ../../build/hardware build --build-base /home/ffelix07/Documents/LabRemo/Orchestrator/ros2_labremoto/build/hardware/build install --record /home/ffelix07/Documents/LabRemo/Orchestrator/ros2_labremoto/build/hardware/install.log --single-version-externally-managed
