-- The C compiler identification is GNU 11.4.0
-- The CXX compiler identification is GNU 11.4.0
-- Detecting C compiler ABI info
-- Detecting C compiler ABI info - done
-- Check for working C compiler: /usr/bin/cc - skipped
-- Detecting C compile features
-- Detecting C compile features - done
-- Detecting CXX compiler ABI info
-- Detecting CXX compiler ABI info - done
-- Check for working CXX compiler: /usr/bin/c++ - skipped
-- Detecting CXX compile features
-- Detecting CXX compile features - done
-- Found ament_cmake: 1.3.5 (/opt/ros/humble/share/ament_cmake/cmake)
-- Found PythonInterp: /usr/bin/python3 (found suitable version "3.10.12", minimum required is "3") 
-- Using PYTHON_EXECUTABLE: /usr/bin/python3
-- Found ament_lint_auto: 0.12.8 (/opt/ros/humble/share/ament_lint_auto/cmake)
-- Added test 'lint_cmake' to check CMake code style
[31mCMake Error at /opt/ros/humble/share/ament_cmake_test/cmake/ament_add_test.cmake:86 (get_executable_path):
  Unknown CMake command "get_executable_path".
Call Stack (most recent call first):
  /opt/ros/humble/share/ament_cmake_lint_cmake/cmake/ament_lint_cmake.cmake:47 (ament_add_test)
  /opt/ros/humble/share/ament_cmake_lint_cmake/cmake/ament_cmake_lint_cmake_lint_hook.cmake:21 (ament_lint_cmake)
  /home/ffelix07/Documents/LabRemo/Orchestrator/ros2_labremoto/install/ament_cmake_core/share/ament_cmake_core/cmake/core/ament_execute_extensions.cmake:38 (include)
  /opt/ros/humble/share/ament_lint_auto/cmake/ament_lint_auto_package_hook.cmake:21 (ament_execute_extensions)
  /home/ffelix07/Documents/LabRemo/Orchestrator/ros2_labremoto/install/ament_cmake_core/share/ament_cmake_core/cmake/core/ament_execute_extensions.cmake:38 (include)
  /home/ffelix07/Documents/LabRemo/Orchestrator/ros2_labremoto/install/ament_cmake_core/share/ament_cmake_core/cmake/core/ament_package.cmake:66 (ament_execute_extensions)
  CMakeLists.txt:26 (ament_package)

[0m
-- Configuring incomplete, errors occurred!
See also "/home/ffelix07/Documents/LabRemo/Orchestrator/ros2_labremoto/src/build/structure/CMakeFiles/CMakeOutput.log".
