[6.835s] Invoking command in '/home/ffelix07/Documents/LabRemo/Orchestrator/ros2_labremoto/src/py_pubsub': CONDA_PROMPT_MODIFIER=(base) PYTHONPATH=/home/ffelix07/Documents/LabRemo/Orchestrator/ros2_labremoto/build/py_pubsub/prefix_override:/home/ffelix07/Documents/LabRemo/Orchestrator/ros2_labremoto/install/py_pubsub/lib/python3.10/site-packages:${PYTHONPATH} /usr/bin/python3 setup.py egg_info --egg-base ../../build/py_pubsub build --build-base /home/ffelix07/Documents/LabRemo/Orchestrator/ros2_labremoto/build/py_pubsub/build install --record /home/ffelix07/Documents/LabRemo/Orchestrator/ros2_labremoto/build/py_pubsub/install.log --single-version-externally-managed
[8.178s] running egg_info
[8.287s] writing ../../build/py_pubsub/py_pubsub.egg-info/PKG-INFO
[8.289s] writing dependency_links to ../../build/py_pubsub/py_pubsub.egg-info/dependency_links.txt
[8.290s] writing entry points to ../../build/py_pubsub/py_pubsub.egg-info/entry_points.txt
[8.291s] writing requirements to ../../build/py_pubsub/py_pubsub.egg-info/requires.txt
[8.292s] writing top-level names to ../../build/py_pubsub/py_pubsub.egg-info/top_level.txt
[8.558s] reading manifest file '../../build/py_pubsub/py_pubsub.egg-info/SOURCES.txt'
[8.563s] writing manifest file '../../build/py_pubsub/py_pubsub.egg-info/SOURCES.txt'
[8.564s] running build
[8.565s] running build_py
[8.566s] copying py_pubsub/service_member_function.py -> /home/ffelix07/Documents/LabRemo/Orchestrator/ros2_labremoto/build/py_pubsub/build/lib/py_pubsub
[8.569s] copying py_pubsub/publisher_prueba.py -> /home/ffelix07/Documents/LabRemo/Orchestrator/ros2_labremoto/build/py_pubsub/build/lib/py_pubsub
[8.570s] copying py_pubsub/auditor_transacciones.py -> /home/ffelix07/Documents/LabRemo/Orchestrator/ros2_labremoto/build/py_pubsub/build/lib/py_pubsub
[8.571s] copying py_pubsub/arduino_infrastructure.py -> /home/ffelix07/Documents/LabRemo/Orchestrator/ros2_labremoto/build/py_pubsub/build/lib/py_pubsub
[8.574s] copying py_pubsub/arduino_inf_cliente.py -> /home/ffelix07/Documents/LabRemo/Orchestrator/ros2_labremoto/build/py_pubsub/build/lib/py_pubsub
[8.576s] copying py_pubsub/transform_vhdl_bit.py -> /home/ffelix07/Documents/LabRemo/Orchestrator/ros2_labremoto/build/py_pubsub/build/lib/py_pubsub
[8.578s] copying py_pubsub/admin_transacciones.py -> /home/ffelix07/Documents/LabRemo/Orchestrator/ros2_labremoto/build/py_pubsub/build/lib/py_pubsub
[8.583s] copying py_pubsub/supervisor_operaciones.py -> /home/ffelix07/Documents/LabRemo/Orchestrator/ros2_labremoto/build/py_pubsub/build/lib/py_pubsub
[8.585s] copying py_pubsub/action_cliente_server.py -> /home/ffelix07/Documents/LabRemo/Orchestrator/ros2_labremoto/build/py_pubsub/build/lib/py_pubsub
[8.585s] copying py_pubsub/sesiones.py -> /home/ffelix07/Documents/LabRemo/Orchestrator/ros2_labremoto/build/py_pubsub/build/lib/py_pubsub
[8.587s] copying py_pubsub/admin_contratos.py -> /home/ffelix07/Documents/LabRemo/Orchestrator/ros2_labremoto/build/py_pubsub/build/lib/py_pubsub
[8.589s] running install
[8.591s] /home/ffelix07/.local/lib/python3.10/site-packages/setuptools/_distutils/cmd.py:66: SetuptoolsDeprecationWarning: setup.py install is deprecated.
[8.591s] !!
[8.592s] 
[8.592s]         ********************************************************************************
[8.592s]         Please avoid running ``setup.py`` directly.
[8.593s]         Instead, use pypa/build, pypa/installer or other
[8.593s]         standards-based tools.
[8.593s] 
[8.593s]         See https://blog.ganssle.io/articles/2021/10/setup-py-deprecated.html for details.
[8.594s]         ********************************************************************************
[8.594s] 
[8.594s] !!
[8.595s]   self.initialize_options()
[8.613s] running install_lib
[8.727s] copying /home/ffelix07/Documents/LabRemo/Orchestrator/ros2_labremoto/build/py_pubsub/build/lib/py_pubsub/arduino_inf_cliente.py -> /home/ffelix07/Documents/LabRemo/Orchestrator/ros2_labremoto/install/py_pubsub/lib/python3.10/site-packages/py_pubsub
[8.732s] byte-compiling /home/ffelix07/Documents/LabRemo/Orchestrator/ros2_labremoto/install/py_pubsub/lib/python3.10/site-packages/py_pubsub/arduino_inf_cliente.py to arduino_inf_cliente.cpython-310.pyc
[8.736s] running install_data
[8.866s] copying package.xml -> /home/ffelix07/Documents/LabRemo/Orchestrator/ros2_labremoto/install/py_pubsub/share/py_pubsub
[8.867s] copying launch/inicio.launch.py -> /home/ffelix07/Documents/LabRemo/Orchestrator/ros2_labremoto/install/py_pubsub/share/py_pubsub
[8.871s] copying launch/partes.launch.py -> /home/ffelix07/Documents/LabRemo/Orchestrator/ros2_labremoto/install/py_pubsub/share/py_pubsub
[8.872s] copying launch/action.launch.py -> /home/ffelix07/Documents/LabRemo/Orchestrator/ros2_labremoto/install/py_pubsub/share/py_pubsub
[8.873s] running install_egg_info
[9.008s] removing '/home/ffelix07/Documents/LabRemo/Orchestrator/ros2_labremoto/install/py_pubsub/lib/python3.10/site-packages/py_pubsub-0.0.0-py3.10.egg-info' (and everything under it)
[9.010s] Copying ../../build/py_pubsub/py_pubsub.egg-info to /home/ffelix07/Documents/LabRemo/Orchestrator/ros2_labremoto/install/py_pubsub/lib/python3.10/site-packages/py_pubsub-0.0.0-py3.10.egg-info
[9.017s] running install_scripts
[10.004s] Installing action_cliente_server script to /home/ffelix07/Documents/LabRemo/Orchestrator/ros2_labremoto/install/py_pubsub/lib/py_pubsub
[10.005s] Installing admin_contratos script to /home/ffelix07/Documents/LabRemo/Orchestrator/ros2_labremoto/install/py_pubsub/lib/py_pubsub
[10.006s] Installing admin_transacciones script to /home/ffelix07/Documents/LabRemo/Orchestrator/ros2_labremoto/install/py_pubsub/lib/py_pubsub
[10.008s] Installing arduino_inf_cliente script to /home/ffelix07/Documents/LabRemo/Orchestrator/ros2_labremoto/install/py_pubsub/lib/py_pubsub
[10.008s] Installing arduino_infrastructure script to /home/ffelix07/Documents/LabRemo/Orchestrator/ros2_labremoto/install/py_pubsub/lib/py_pubsub
[10.009s] Installing auditor_transacciones script to /home/ffelix07/Documents/LabRemo/Orchestrator/ros2_labremoto/install/py_pubsub/lib/py_pubsub
[10.012s] Installing publisher_prueba script to /home/ffelix07/Documents/LabRemo/Orchestrator/ros2_labremoto/install/py_pubsub/lib/py_pubsub
[10.013s] Installing supervisor_operaciones script to /home/ffelix07/Documents/LabRemo/Orchestrator/ros2_labremoto/install/py_pubsub/lib/py_pubsub
[10.017s] Installing transform_vhdl_bit script to /home/ffelix07/Documents/LabRemo/Orchestrator/ros2_labremoto/install/py_pubsub/lib/py_pubsub
[10.017s] writing list of installed files to '/home/ffelix07/Documents/LabRemo/Orchestrator/ros2_labremoto/build/py_pubsub/install.log'
[10.119s] Invoked command in '/home/ffelix07/Documents/LabRemo/Orchestrator/ros2_labremoto/src/py_pubsub' returned '0': CONDA_PROMPT_MODIFIER=(base) PYTHONPATH=/home/ffelix07/Documents/LabRemo/Orchestrator/ros2_labremoto/build/py_pubsub/prefix_override:/home/ffelix07/Documents/LabRemo/Orchestrator/ros2_labremoto/install/py_pubsub/lib/python3.10/site-packages:${PYTHONPATH} /usr/bin/python3 setup.py egg_info --egg-base ../../build/py_pubsub build --build-base /home/ffelix07/Documents/LabRemo/Orchestrator/ros2_labremoto/build/py_pubsub/build install --record /home/ffelix07/Documents/LabRemo/Orchestrator/ros2_labremoto/build/py_pubsub/install.log --single-version-externally-managed
