[0.500s] Invoking command in '/home/trabajo/LabRemo/Orchestrator/ros2_labremoto/src/py_pubsub': LANG=en_US.UTF-8 PYTHONPATH=/home/trabajo/LabRemo/Orchestrator/ros2_labremoto/build/py_pubsub/prefix_override:/home/trabajo/LabRemo/Orchestrator/ros2_labremoto/install/py_pubsub/lib/python3.10/site-packages:${PYTHONPATH} /usr/bin/python3 setup.py egg_info --egg-base ../../build/py_pubsub build --build-base /home/trabajo/LabRemo/Orchestrator/ros2_labremoto/build/py_pubsub/build install --record /home/trabajo/LabRemo/Orchestrator/ros2_labremoto/build/py_pubsub/install.log --single-version-externally-managed
[0.680s] running egg_info
[0.680s] writing ../../build/py_pubsub/py_pubsub.egg-info/PKG-INFO
[0.681s] writing dependency_links to ../../build/py_pubsub/py_pubsub.egg-info/dependency_links.txt
[0.681s] writing entry points to ../../build/py_pubsub/py_pubsub.egg-info/entry_points.txt
[0.681s] writing requirements to ../../build/py_pubsub/py_pubsub.egg-info/requires.txt
[0.681s] writing top-level names to ../../build/py_pubsub/py_pubsub.egg-info/top_level.txt
[0.683s] reading manifest file '../../build/py_pubsub/py_pubsub.egg-info/SOURCES.txt'
[0.684s] writing manifest file '../../build/py_pubsub/py_pubsub.egg-info/SOURCES.txt'
[0.684s] running build
[0.684s] running build_py
[0.684s] copying py_pubsub/publisher_member_function.py -> /home/trabajo/LabRemo/Orchestrator/ros2_labremoto/build/py_pubsub/build/lib/py_pubsub
[0.685s] copying py_pubsub/arduino_infrastructure.py -> /home/trabajo/LabRemo/Orchestrator/ros2_labremoto/build/py_pubsub/build/lib/py_pubsub
[0.685s] running install
[0.686s] running install_lib
[0.686s] copying /home/trabajo/LabRemo/Orchestrator/ros2_labremoto/build/py_pubsub/build/lib/py_pubsub/publisher_member_function.py -> /home/trabajo/LabRemo/Orchestrator/ros2_labremoto/install/py_pubsub/lib/python3.10/site-packages/py_pubsub
[0.687s] copying /home/trabajo/LabRemo/Orchestrator/ros2_labremoto/build/py_pubsub/build/lib/py_pubsub/arduino_infrastructure.py -> /home/trabajo/LabRemo/Orchestrator/ros2_labremoto/install/py_pubsub/lib/python3.10/site-packages/py_pubsub
[0.687s] byte-compiling /home/trabajo/LabRemo/Orchestrator/ros2_labremoto/install/py_pubsub/lib/python3.10/site-packages/py_pubsub/publisher_member_function.py to publisher_member_function.cpython-310.pyc
[0.688s] byte-compiling /home/trabajo/LabRemo/Orchestrator/ros2_labremoto/install/py_pubsub/lib/python3.10/site-packages/py_pubsub/arduino_infrastructure.py to arduino_infrastructure.cpython-310.pyc
[0.688s] running install_data
[0.689s] running install_egg_info
[0.690s] removing '/home/trabajo/LabRemo/Orchestrator/ros2_labremoto/install/py_pubsub/lib/python3.10/site-packages/py_pubsub-0.0.0-py3.10.egg-info' (and everything under it)
[0.691s] Copying ../../build/py_pubsub/py_pubsub.egg-info to /home/trabajo/LabRemo/Orchestrator/ros2_labremoto/install/py_pubsub/lib/python3.10/site-packages/py_pubsub-0.0.0-py3.10.egg-info
[0.691s] running install_scripts
[0.708s] Installing arduino_inf_cliente script to /home/trabajo/LabRemo/Orchestrator/ros2_labremoto/install/py_pubsub/lib/py_pubsub
[0.708s] Installing arduino_infrastructure script to /home/trabajo/LabRemo/Orchestrator/ros2_labremoto/install/py_pubsub/lib/py_pubsub
[0.708s] Installing client_member_function script to /home/trabajo/LabRemo/Orchestrator/ros2_labremoto/install/py_pubsub/lib/py_pubsub
[0.708s] Installing fibonacci_action_server script to /home/trabajo/LabRemo/Orchestrator/ros2_labremoto/install/py_pubsub/lib/py_pubsub
[0.709s] Installing publisher_member_function script to /home/trabajo/LabRemo/Orchestrator/ros2_labremoto/install/py_pubsub/lib/py_pubsub
[0.709s] Installing service_member_function script to /home/trabajo/LabRemo/Orchestrator/ros2_labremoto/install/py_pubsub/lib/py_pubsub
[0.709s] Installing subscriber_member_function script to /home/trabajo/LabRemo/Orchestrator/ros2_labremoto/install/py_pubsub/lib/py_pubsub
[0.710s] writing list of installed files to '/home/trabajo/LabRemo/Orchestrator/ros2_labremoto/build/py_pubsub/install.log'
[0.734s] Invoked command in '/home/trabajo/LabRemo/Orchestrator/ros2_labremoto/src/py_pubsub' returned '0': LANG=en_US.UTF-8 PYTHONPATH=/home/trabajo/LabRemo/Orchestrator/ros2_labremoto/build/py_pubsub/prefix_override:/home/trabajo/LabRemo/Orchestrator/ros2_labremoto/install/py_pubsub/lib/python3.10/site-packages:${PYTHONPATH} /usr/bin/python3 setup.py egg_info --egg-base ../../build/py_pubsub build --build-base /home/trabajo/LabRemo/Orchestrator/ros2_labremoto/build/py_pubsub/build install --record /home/trabajo/LabRemo/Orchestrator/ros2_labremoto/build/py_pubsub/install.log --single-version-externally-managed
