[6.698s] Invoking command in '/home/ffelix07/Documents/LabRemo/Orchestrator/ros2_labremoto/src/py_pubsub': CONDA_PROMPT_MODIFIER=(base) PYTHONPATH=/home/ffelix07/Documents/LabRemo/Orchestrator/ros2_labremoto/build/py_pubsub/prefix_override:/home/ffelix07/Documents/LabRemo/Orchestrator/ros2_labremoto/install/py_pubsub/lib/python3.10/site-packages:${PYTHONPATH} /usr/bin/python3 setup.py egg_info --egg-base ../../build/py_pubsub build --build-base /home/ffelix07/Documents/LabRemo/Orchestrator/ros2_labremoto/build/py_pubsub/build install --record /home/ffelix07/Documents/LabRemo/Orchestrator/ros2_labremoto/build/py_pubsub/install.log --single-version-externally-managed
[8.242s] running egg_info
[8.353s] writing ../../build/py_pubsub/py_pubsub.egg-info/PKG-INFO
[8.355s] writing dependency_links to ../../build/py_pubsub/py_pubsub.egg-info/dependency_links.txt
[8.356s] writing entry points to ../../build/py_pubsub/py_pubsub.egg-info/entry_points.txt
[8.358s] writing requirements to ../../build/py_pubsub/py_pubsub.egg-info/requires.txt
[8.360s] writing top-level names to ../../build/py_pubsub/py_pubsub.egg-info/top_level.txt
[8.698s] reading manifest file '../../build/py_pubsub/py_pubsub.egg-info/SOURCES.txt'
[8.706s] writing manifest file '../../build/py_pubsub/py_pubsub.egg-info/SOURCES.txt'
[8.707s] running build
[8.708s] running build_py
[8.710s] copying py_pubsub/service_member_function.py -> /home/ffelix07/Documents/LabRemo/Orchestrator/ros2_labremoto/build/py_pubsub/build/lib/py_pubsub
[8.711s] copying py_pubsub/arduino_infrastructure.py -> /home/ffelix07/Documents/LabRemo/Orchestrator/ros2_labremoto/build/py_pubsub/build/lib/py_pubsub
[8.714s] copying py_pubsub/carga_bit.py -> /home/ffelix07/Documents/LabRemo/Orchestrator/ros2_labremoto/build/py_pubsub/build/lib/py_pubsub
[8.717s] copying py_pubsub/arduino_inf_cliente.py -> /home/ffelix07/Documents/LabRemo/Orchestrator/ros2_labremoto/build/py_pubsub/build/lib/py_pubsub
[8.722s] copying py_pubsub/supervisor.py -> /home/ffelix07/Documents/LabRemo/Orchestrator/ros2_labremoto/build/py_pubsub/build/lib/py_pubsub
[8.723s] copying py_pubsub/transform_vhdl_bit.py -> /home/ffelix07/Documents/LabRemo/Orchestrator/ros2_labremoto/build/py_pubsub/build/lib/py_pubsub
[8.723s] copying py_pubsub/publicador_prueba.py -> /home/ffelix07/Documents/LabRemo/Orchestrator/ros2_labremoto/build/py_pubsub/build/lib/py_pubsub
[8.724s] copying py_pubsub/action_cliente_server.py -> /home/ffelix07/Documents/LabRemo/Orchestrator/ros2_labremoto/build/py_pubsub/build/lib/py_pubsub
[8.726s] copying py_pubsub/sesiones.py -> /home/ffelix07/Documents/LabRemo/Orchestrator/ros2_labremoto/build/py_pubsub/build/lib/py_pubsub
[8.727s] copying py_pubsub/SendTran_Service.py -> /home/ffelix07/Documents/LabRemo/Orchestrator/ros2_labremoto/build/py_pubsub/build/lib/py_pubsub
[8.730s] copying py_pubsub/publisher_member_function.py -> /home/ffelix07/Documents/LabRemo/Orchestrator/ros2_labremoto/build/py_pubsub/build/lib/py_pubsub
[8.730s] running install
[8.734s] /home/ffelix07/.local/lib/python3.10/site-packages/setuptools/_distutils/cmd.py:66: SetuptoolsDeprecationWarning: setup.py install is deprecated.
[8.734s] !!
[8.735s] 
[8.735s]         ********************************************************************************
[8.736s]         Please avoid running ``setup.py`` directly.
[8.742s]         Instead, use pypa/build, pypa/installer or other
[8.743s]         standards-based tools.
[8.743s] 
[8.744s]         See https://blog.ganssle.io/articles/2021/10/setup-py-deprecated.html for details.
[8.744s]         ********************************************************************************
[8.745s] 
[8.745s] !!
[8.746s]   self.initialize_options()
[8.760s] running install_lib
[8.910s] copying /home/ffelix07/Documents/LabRemo/Orchestrator/ros2_labremoto/build/py_pubsub/build/lib/py_pubsub/publisher_member_function.py -> /home/ffelix07/Documents/LabRemo/Orchestrator/ros2_labremoto/install/py_pubsub/lib/python3.10/site-packages/py_pubsub
[8.915s] byte-compiling /home/ffelix07/Documents/LabRemo/Orchestrator/ros2_labremoto/install/py_pubsub/lib/python3.10/site-packages/py_pubsub/publisher_member_function.py to publisher_member_function.cpython-310.pyc
[8.917s] running install_data
[9.039s] copying package.xml -> /home/ffelix07/Documents/LabRemo/Orchestrator/ros2_labremoto/install/py_pubsub/share/py_pubsub
[9.040s] copying launch/inicio.launch.py -> /home/ffelix07/Documents/LabRemo/Orchestrator/ros2_labremoto/install/py_pubsub/share/py_pubsub
[9.042s] running install_egg_info
[9.183s] removing '/home/ffelix07/Documents/LabRemo/Orchestrator/ros2_labremoto/install/py_pubsub/lib/python3.10/site-packages/py_pubsub-0.0.0-py3.10.egg-info' (and everything under it)
[9.185s] Copying ../../build/py_pubsub/py_pubsub.egg-info to /home/ffelix07/Documents/LabRemo/Orchestrator/ros2_labremoto/install/py_pubsub/lib/python3.10/site-packages/py_pubsub-0.0.0-py3.10.egg-info
[9.191s] running install_scripts
[10.270s] Installing action_cliente_server script to /home/ffelix07/Documents/LabRemo/Orchestrator/ros2_labremoto/install/py_pubsub/lib/py_pubsub
[10.271s] Installing arduino_inf_cliente script to /home/ffelix07/Documents/LabRemo/Orchestrator/ros2_labremoto/install/py_pubsub/lib/py_pubsub
[10.272s] Installing arduino_infrastructure script to /home/ffelix07/Documents/LabRemo/Orchestrator/ros2_labremoto/install/py_pubsub/lib/py_pubsub
[10.275s] Installing carga_bit script to /home/ffelix07/Documents/LabRemo/Orchestrator/ros2_labremoto/install/py_pubsub/lib/py_pubsub
[10.275s] Installing client_member_function script to /home/ffelix07/Documents/LabRemo/Orchestrator/ros2_labremoto/install/py_pubsub/lib/py_pubsub
[10.276s] Installing fibonacci_action_server script to /home/ffelix07/Documents/LabRemo/Orchestrator/ros2_labremoto/install/py_pubsub/lib/py_pubsub
[10.276s] Installing publicador_prueba script to /home/ffelix07/Documents/LabRemo/Orchestrator/ros2_labremoto/install/py_pubsub/lib/py_pubsub
[10.278s] Installing publis1her_member_function script to /home/ffelix07/Documents/LabRemo/Orchestrator/ros2_labremoto/install/py_pubsub/lib/py_pubsub
[10.279s] Installing service_member_function script to /home/ffelix07/Documents/LabRemo/Orchestrator/ros2_labremoto/install/py_pubsub/lib/py_pubsub
[10.280s] Installing subscriber_member_function script to /home/ffelix07/Documents/LabRemo/Orchestrator/ros2_labremoto/install/py_pubsub/lib/py_pubsub
[10.281s] Installing supervisor script to /home/ffelix07/Documents/LabRemo/Orchestrator/ros2_labremoto/install/py_pubsub/lib/py_pubsub
[10.283s] Installing transform_vhdl_bit script to /home/ffelix07/Documents/LabRemo/Orchestrator/ros2_labremoto/install/py_pubsub/lib/py_pubsub
[10.284s] writing list of installed files to '/home/ffelix07/Documents/LabRemo/Orchestrator/ros2_labremoto/build/py_pubsub/install.log'
[10.409s] Invoked command in '/home/ffelix07/Documents/LabRemo/Orchestrator/ros2_labremoto/src/py_pubsub' returned '0': CONDA_PROMPT_MODIFIER=(base) PYTHONPATH=/home/ffelix07/Documents/LabRemo/Orchestrator/ros2_labremoto/build/py_pubsub/prefix_override:/home/ffelix07/Documents/LabRemo/Orchestrator/ros2_labremoto/install/py_pubsub/lib/python3.10/site-packages:${PYTHONPATH} /usr/bin/python3 setup.py egg_info --egg-base ../../build/py_pubsub build --build-base /home/ffelix07/Documents/LabRemo/Orchestrator/ros2_labremoto/build/py_pubsub/build install --record /home/ffelix07/Documents/LabRemo/Orchestrator/ros2_labremoto/build/py_pubsub/install.log --single-version-externally-managed
