[0.000000] (-) TimerEvent: {}
[0.003069] (hardware) JobQueued: {'identifier': 'hardware', 'dependencies': OrderedDict()}
[0.004491] (nodes_comunication) JobQueued: {'identifier': 'nodes_comunication', 'dependencies': OrderedDict()}
[0.004697] (hardware) JobStarted: {'identifier': 'hardware'}
[0.058952] (nodes_comunication) JobStarted: {'identifier': 'nodes_comunication'}
[0.101718] (-) TimerEvent: {}
[0.203110] (-) TimerEvent: {}
[0.303756] (-) TimerEvent: {}
[0.404471] (-) TimerEvent: {}
[0.505259] (-) TimerEvent: {}
[0.605775] (-) TimerEvent: {}
[0.706306] (-) TimerEvent: {}
[0.806885] (-) TimerEvent: {}
[0.907686] (-) TimerEvent: {}
[1.008523] (-) TimerEvent: {}
[1.109240] (-) TimerEvent: {}
[1.209793] (-) TimerEvent: {}
[1.310401] (-) TimerEvent: {}
[1.410927] (-) TimerEvent: {}
[1.511533] (-) TimerEvent: {}
[1.612077] (-) TimerEvent: {}
[1.712685] (-) TimerEvent: {}
[1.813410] (-) TimerEvent: {}
[1.914084] (-) TimerEvent: {}
[2.015065] (-) TimerEvent: {}
[2.116053] (-) TimerEvent: {}
[2.123687] (nodes_comunication) StderrLine: {'line': b'Traceback (most recent call last):\n  File "/usr/lib/python3/dist-packages/colcon_core/executor/__init__.py", line 91, in __call__\n    rc = await self.task(*args, **kwargs)\n  File "/usr/lib/python3/dist-packages/colcon_core/task/__init__.py", line 93, in __call__\n    return await task_method(*args, **kwargs)\n  File "/usr/lib/python3/dist-packages/colcon_ros/task/ament_python/build.py", line 51, in build\n    setup_py_data = get_setup_data(self.context.pkg, env)\n  File "/usr/lib/python3/dist-packages/colcon_core/task/python/__init__.py", line 20, in get_setup_data\n    return dict(pkg.metadata[key](env))\n  File "/usr/lib/python3/dist-packages/colcon_ros/package_augmentation/ros_ament_python.py", line 57, in getter\n    return get_setup_information(\n  File "/usr/lib/python3/dist-packages/colcon_python_setup_py/package_identification/python_setup_py.py", line 241, in get_setup_information\n    _setup_information_cache[hashable_env] = _get_setup_information(\n  File "/usr/lib/python3/dist-packages/colcon_python_setup_py/package_identification/python_setup_py.py", line 288, in _get_setup_information\n    result = subprocess.run(\n  File "/usr/lib/python3.10/subprocess.py", line 526, in run\n    raise CalledProcessError(retcode, process.args,\nsubprocess.CalledProcessError: Command \'[\'/usr/bin/python3\', \'-c\', \'import sys;from contextlib import suppress;exec("with suppress(ImportError):    from setuptools.extern.packaging.specifiers    import SpecifierSet");exec("with suppress(ImportError):    from packaging.specifiers import SpecifierSet");from distutils.core import run_setup;dist = run_setup(    \\\'setup.py\\\', script_args=(\\\'--dry-run\\\',), stop_after=\\\'config\\\');skip_keys = (\\\'cmdclass\\\', \\\'distclass\\\', \\\'ext_modules\\\', \\\'metadata\\\');data = {    key: value for key, value in dist.__dict__.items()     if (        not key.startswith(\\\'_\\\') and         not callable(value) and         key not in skip_keys and         key not in dist.display_option_names    )};data[\\\'metadata\\\'] = {    k: v for k, v in dist.metadata.__dict__.items()     if k not in (\\\'license_files\\\', \\\'provides_extras\\\')};sys.stdout.buffer.write(repr(data).encode(\\\'utf-8\\\'))\']\' returned non-zero exit status 1.\n'}
[2.127223] (nodes_comunication) JobEnded: {'identifier': 'nodes_comunication', 'rc': 1}
[2.128730] (hardware) JobEnded: {'identifier': 'hardware', 'rc': 'SIGINT'}
[2.138426] (-) EventReactorShutdown: {}
