[4.796s] Invoking command in '/home/ffelix07/Documents/LabRemo/Orchestrator/ros2_labremoto/src/py_pubsub': CONDA_PROMPT_MODIFIER=(base) PYTHONPATH=/home/ffelix07/Documents/LabRemo/build/py_pubsub/prefix_override:/home/ffelix07/Documents/LabRemo/install/py_pubsub/lib/python3.10/site-packages:${PYTHONPATH} /usr/bin/python3 setup.py egg_info --egg-base ../../../../build/py_pubsub build --build-base /home/ffelix07/Documents/LabRemo/build/py_pubsub/build install --record /home/ffelix07/Documents/LabRemo/build/py_pubsub/install.log --single-version-externally-managed
[5.901s] running egg_info
[5.989s] writing ../../../../build/py_pubsub/py_pubsub.egg-info/PKG-INFO
[5.991s] writing dependency_links to ../../../../build/py_pubsub/py_pubsub.egg-info/dependency_links.txt
[5.992s] writing entry points to ../../../../build/py_pubsub/py_pubsub.egg-info/entry_points.txt
[5.993s] writing requirements to ../../../../build/py_pubsub/py_pubsub.egg-info/requires.txt
[5.994s] writing top-level names to ../../../../build/py_pubsub/py_pubsub.egg-info/top_level.txt
[6.194s] reading manifest file '../../../../build/py_pubsub/py_pubsub.egg-info/SOURCES.txt'
[6.199s] writing manifest file '../../../../build/py_pubsub/py_pubsub.egg-info/SOURCES.txt'
[6.200s] running build
[6.200s] running build_py
[6.201s] copying py_pubsub/fibonacci_action_server.py -> /home/ffelix07/Documents/LabRemo/build/py_pubsub/build/lib/py_pubsub
[6.202s] copying py_pubsub/service_member_function.py -> /home/ffelix07/Documents/LabRemo/build/py_pubsub/build/lib/py_pubsub
[6.203s] copying py_pubsub/publisher_prueba.py -> /home/ffelix07/Documents/LabRemo/build/py_pubsub/build/lib/py_pubsub
[6.204s] copying py_pubsub/auditor_transacciones.py -> /home/ffelix07/Documents/LabRemo/build/py_pubsub/build/lib/py_pubsub
[6.206s] copying py_pubsub/arduino_infrastructure.py -> /home/ffelix07/Documents/LabRemo/build/py_pubsub/build/lib/py_pubsub
[6.207s] copying py_pubsub/subscriber_member_function.py -> /home/ffelix07/Documents/LabRemo/build/py_pubsub/build/lib/py_pubsub
[6.208s] copying py_pubsub/__init__.py -> /home/ffelix07/Documents/LabRemo/build/py_pubsub/build/lib/py_pubsub
[6.209s] copying py_pubsub/carga_bit.py -> /home/ffelix07/Documents/LabRemo/build/py_pubsub/build/lib/py_pubsub
[6.210s] copying py_pubsub/arduino.py -> /home/ffelix07/Documents/LabRemo/build/py_pubsub/build/lib/py_pubsub
[6.211s] copying py_pubsub/arduino_inf_cliente.py -> /home/ffelix07/Documents/LabRemo/build/py_pubsub/build/lib/py_pubsub
[6.213s] copying py_pubsub/transform_vhdl_bit.py -> /home/ffelix07/Documents/LabRemo/build/py_pubsub/build/lib/py_pubsub
[6.214s] copying py_pubsub/admin_transacciones.py -> /home/ffelix07/Documents/LabRemo/build/py_pubsub/build/lib/py_pubsub
[6.215s] copying py_pubsub/SendTran_Cliente.py -> /home/ffelix07/Documents/LabRemo/build/py_pubsub/build/lib/py_pubsub
[6.216s] copying py_pubsub/supervisor_operaciones.py -> /home/ffelix07/Documents/LabRemo/build/py_pubsub/build/lib/py_pubsub
[6.217s] copying py_pubsub/publicador_prueba.py -> /home/ffelix07/Documents/LabRemo/build/py_pubsub/build/lib/py_pubsub
[6.218s] copying py_pubsub/action_cliente_server.py -> /home/ffelix07/Documents/LabRemo/build/py_pubsub/build/lib/py_pubsub
[6.219s] copying py_pubsub/client_member_function.py -> /home/ffelix07/Documents/LabRemo/build/py_pubsub/build/lib/py_pubsub
[6.220s] copying py_pubsub/sesiones.py -> /home/ffelix07/Documents/LabRemo/build/py_pubsub/build/lib/py_pubsub
[6.222s] copying py_pubsub/SendTran_Service.py -> /home/ffelix07/Documents/LabRemo/build/py_pubsub/build/lib/py_pubsub
[6.223s] copying py_pubsub/publisher_member_function.py -> /home/ffelix07/Documents/LabRemo/build/py_pubsub/build/lib/py_pubsub
[6.224s] copying py_pubsub/admin_contratos.py -> /home/ffelix07/Documents/LabRemo/build/py_pubsub/build/lib/py_pubsub
[6.226s] running install
[6.228s] /home/ffelix07/.local/lib/python3.10/site-packages/setuptools/_distutils/cmd.py:66: SetuptoolsDeprecationWarning: setup.py install is deprecated.
[6.228s] !!
[6.228s] 
[6.228s]         ********************************************************************************
[6.229s]         Please avoid running ``setup.py`` directly.
[6.229s]         Instead, use pypa/build, pypa/installer or other
[6.230s]         standards-based tools.
[6.230s] 
[6.230s]         See https://blog.ganssle.io/articles/2021/10/setup-py-deprecated.html for details.
[6.231s]         ********************************************************************************
[6.231s] 
[6.231s] !!
[6.232s]   self.initialize_options()
[6.245s] running install_lib
[6.344s] running install_data
[6.437s] copying resource/py_pubsub -> /home/ffelix07/Documents/LabRemo/install/py_pubsub/share/ament_index/resource_index/packages
[6.437s] copying package.xml -> /home/ffelix07/Documents/LabRemo/install/py_pubsub/share/py_pubsub
[6.438s] copying launch/inicio.launch.py -> /home/ffelix07/Documents/LabRemo/install/py_pubsub/share/py_pubsub
[6.439s] copying launch/partes.launch.py -> /home/ffelix07/Documents/LabRemo/install/py_pubsub/share/py_pubsub
[6.440s] copying launch/action.launch.py -> /home/ffelix07/Documents/LabRemo/install/py_pubsub/share/py_pubsub
[6.441s] running install_egg_info
[6.536s] removing '/home/ffelix07/Documents/LabRemo/install/py_pubsub/lib/python3.10/site-packages/py_pubsub-0.0.0-py3.10.egg-info' (and everything under it)
[6.537s] Copying ../../../../build/py_pubsub/py_pubsub.egg-info to /home/ffelix07/Documents/LabRemo/install/py_pubsub/lib/python3.10/site-packages/py_pubsub-0.0.0-py3.10.egg-info
[6.541s] running install_scripts
[7.298s] Installing auditor_transacciones script to /home/ffelix07/Documents/LabRemo/install/py_pubsub/lib/py_pubsub
[7.299s] Installing supervisor_operaciones script to /home/ffelix07/Documents/LabRemo/install/py_pubsub/lib/py_pubsub
[7.301s] writing list of installed files to '/home/ffelix07/Documents/LabRemo/build/py_pubsub/install.log'
[7.395s] Invoked command in '/home/ffelix07/Documents/LabRemo/Orchestrator/ros2_labremoto/src/py_pubsub' returned '0': CONDA_PROMPT_MODIFIER=(base) PYTHONPATH=/home/ffelix07/Documents/LabRemo/build/py_pubsub/prefix_override:/home/ffelix07/Documents/LabRemo/install/py_pubsub/lib/python3.10/site-packages:${PYTHONPATH} /usr/bin/python3 setup.py egg_info --egg-base ../../../../build/py_pubsub build --build-base /home/ffelix07/Documents/LabRemo/build/py_pubsub/build install --record /home/ffelix07/Documents/LabRemo/build/py_pubsub/install.log --single-version-externally-managed
