[0.591s] Invoking command in '/home/ffelix07/Documents/LabRemo/Orchestrator/ros2_labremoto/build/my_mas': CMAKE_PREFIX_PATH=${CMAKE_PREFIX_PATH}:/home/ffelix07/Documents/LabRemo/Orchestrator/ros2_labremoto/install/launchstructure:/home/ffelix07/Documents/LabRemo/Orchestrator/ros2_labremoto/install/py_pubsub:/home/ffelix07/Documents/LabRemo/Orchestrator/ros2_labremoto/install/lstructure:/home/ffelix07/Documents/LabRemo/Orchestrator/ros2_labremoto/install/hardware:/home/ffelix07/Documents/LabRemo/Orchestrator/ros2_labremoto/install/ament_pep257:/home/ffelix07/Documents/LabRemo/Orchestrator/ros2_labremoto/install/ament_package:/home/ffelix07/Documents/LabRemo/Orchestrator/ros2_labremoto/install/ament_flake8:/opt/ros/humble /usr/bin/cmake --build /home/ffelix07/Documents/LabRemo/Orchestrator/ros2_labremoto/build/my_mas -- -j4 -l4
[0.755s] [ 11%] Built target my_mas__rosidl_generator_c
[0.764s] [ 12%] Built target my_mas__cpp
[0.875s] [ 12%] Built target ament_cmake_python_copy_my_mas
[0.894s] [ 24%] Built target my_mas__rosidl_typesupport_c
[0.910s] [ 35%] Built target my_mas__rosidl_typesupport_fastrtps_c
[0.971s] [ 46%] Built target my_mas__rosidl_typesupport_introspection_c
[1.039s] [ 58%] Built target my_mas__rosidl_typesupport_fastrtps_cpp
[1.079s] [ 69%] Built target my_mas__rosidl_typesupport_introspection_cpp
[1.151s] [ 81%] Built target my_mas__rosidl_typesupport_cpp
[1.210s] [ 81%] Built target my_mas
[1.300s] [ 82%] Built target my_mas__py
[1.415s] [ 92%] Built target my_mas__rosidl_generator_py
[1.538s] [ 94%] Built target my_mas__rosidl_typesupport_c__pyext
[1.557s] [ 97%] Built target my_mas__rosidl_typesupport_fastrtps_c__pyext
[1.577s] [100%] Built target my_mas__rosidl_typesupport_introspection_c__pyext
[2.223s] running egg_info
[2.224s] writing my_mas.egg-info/PKG-INFO
[2.224s] writing dependency_links to my_mas.egg-info/dependency_links.txt
[2.225s] writing top-level names to my_mas.egg-info/top_level.txt
[2.233s] reading manifest file 'my_mas.egg-info/SOURCES.txt'
[2.236s] writing manifest file 'my_mas.egg-info/SOURCES.txt'
[2.338s] [100%] Built target ament_cmake_python_build_my_mas_egg
[2.488s] Invoked command in '/home/ffelix07/Documents/LabRemo/Orchestrator/ros2_labremoto/build/my_mas' returned '0': CMAKE_PREFIX_PATH=${CMAKE_PREFIX_PATH}:/home/ffelix07/Documents/LabRemo/Orchestrator/ros2_labremoto/install/launchstructure:/home/ffelix07/Documents/LabRemo/Orchestrator/ros2_labremoto/install/py_pubsub:/home/ffelix07/Documents/LabRemo/Orchestrator/ros2_labremoto/install/lstructure:/home/ffelix07/Documents/LabRemo/Orchestrator/ros2_labremoto/install/hardware:/home/ffelix07/Documents/LabRemo/Orchestrator/ros2_labremoto/install/ament_pep257:/home/ffelix07/Documents/LabRemo/Orchestrator/ros2_labremoto/install/ament_package:/home/ffelix07/Documents/LabRemo/Orchestrator/ros2_labremoto/install/ament_flake8:/opt/ros/humble /usr/bin/cmake --build /home/ffelix07/Documents/LabRemo/Orchestrator/ros2_labremoto/build/my_mas -- -j4 -l4
[3.166s] Invoking command in '/home/ffelix07/Documents/LabRemo/Orchestrator/ros2_labremoto/build/my_mas': CMAKE_PREFIX_PATH=${CMAKE_PREFIX_PATH}:/home/ffelix07/Documents/LabRemo/Orchestrator/ros2_labremoto/install/launchstructure:/home/ffelix07/Documents/LabRemo/Orchestrator/ros2_labremoto/install/py_pubsub:/home/ffelix07/Documents/LabRemo/Orchestrator/ros2_labremoto/install/lstructure:/home/ffelix07/Documents/LabRemo/Orchestrator/ros2_labremoto/install/hardware:/home/ffelix07/Documents/LabRemo/Orchestrator/ros2_labremoto/install/ament_pep257:/home/ffelix07/Documents/LabRemo/Orchestrator/ros2_labremoto/install/ament_package:/home/ffelix07/Documents/LabRemo/Orchestrator/ros2_labremoto/install/ament_flake8:/opt/ros/humble /usr/bin/cmake --install /home/ffelix07/Documents/LabRemo/Orchestrator/ros2_labremoto/build/my_mas
[3.190s] -- Install configuration: ""
[3.192s] -- Up-to-date: /home/ffelix07/Documents/LabRemo/Orchestrator/ros2_labremoto/install/my_mas/share/ament_index/resource_index/rosidl_interfaces/my_mas
[3.192s] -- Up-to-date: /home/ffelix07/Documents/LabRemo/Orchestrator/ros2_labremoto/install/my_mas/include/my_mas/my_mas
[3.193s] -- Up-to-date: /home/ffelix07/Documents/LabRemo/Orchestrator/ros2_labremoto/install/my_mas/include/my_mas/my_mas/srv
[3.194s] -- Up-to-date: /home/ffelix07/Documents/LabRemo/Orchestrator/ros2_labremoto/install/my_mas/include/my_mas/my_mas/srv/load_filedb.h
[3.195s] -- Up-to-date: /home/ffelix07/Documents/LabRemo/Orchestrator/ros2_labremoto/install/my_mas/include/my_mas/my_mas/srv/detail
[3.196s] -- Up-to-date: /home/ffelix07/Documents/LabRemo/Orchestrator/ros2_labremoto/install/my_mas/include/my_mas/my_mas/srv/detail/load_filedb__functions.c
[3.197s] -- Up-to-date: /home/ffelix07/Documents/LabRemo/Orchestrator/ros2_labremoto/install/my_mas/include/my_mas/my_mas/srv/detail/load_filedb__type_support.h
[3.199s] -- Up-to-date: /home/ffelix07/Documents/LabRemo/Orchestrator/ros2_labremoto/install/my_mas/include/my_mas/my_mas/srv/detail/load_filedb__struct.h
[3.200s] -- Up-to-date: /home/ffelix07/Documents/LabRemo/Orchestrator/ros2_labremoto/install/my_mas/include/my_mas/my_mas/srv/detail/load_filedb__functions.h
[3.201s] -- Up-to-date: /home/ffelix07/Documents/LabRemo/Orchestrator/ros2_labremoto/install/my_mas/include/my_mas/my_mas/srv/detail/load_file__functions.c
[3.202s] -- Up-to-date: /home/ffelix07/Documents/LabRemo/Orchestrator/ros2_labremoto/install/my_mas/include/my_mas/my_mas/srv/detail/load_file__type_support.h
[3.203s] -- Up-to-date: /home/ffelix07/Documents/LabRemo/Orchestrator/ros2_labremoto/install/my_mas/include/my_mas/my_mas/srv/detail/load_file__struct.h
[3.204s] -- Up-to-date: /home/ffelix07/Documents/LabRemo/Orchestrator/ros2_labremoto/install/my_mas/include/my_mas/my_mas/srv/detail/load_file__functions.h
[3.204s] -- Up-to-date: /home/ffelix07/Documents/LabRemo/Orchestrator/ros2_labremoto/install/my_mas/include/my_mas/my_mas/srv/load_file.h
[3.205s] -- Up-to-date: /home/ffelix07/Documents/LabRemo/Orchestrator/ros2_labremoto/install/my_mas/include/my_mas/my_mas/action
[3.206s] -- Up-to-date: /home/ffelix07/Documents/LabRemo/Orchestrator/ros2_labremoto/install/my_mas/include/my_mas/my_mas/action/fibonacci.h
[3.207s] -- Up-to-date: /home/ffelix07/Documents/LabRemo/Orchestrator/ros2_labremoto/install/my_mas/include/my_mas/my_mas/action/detail
[3.208s] -- Up-to-date: /home/ffelix07/Documents/LabRemo/Orchestrator/ros2_labremoto/install/my_mas/include/my_mas/my_mas/action/detail/cargahex__struct.h
[3.209s] -- Up-to-date: /home/ffelix07/Documents/LabRemo/Orchestrator/ros2_labremoto/install/my_mas/include/my_mas/my_mas/action/detail/fibonacci__functions.c
[3.210s] -- Up-to-date: /home/ffelix07/Documents/LabRemo/Orchestrator/ros2_labremoto/install/my_mas/include/my_mas/my_mas/action/detail/cargahex__functions.c
[3.211s] -- Up-to-date: /home/ffelix07/Documents/LabRemo/Orchestrator/ros2_labremoto/install/my_mas/include/my_mas/my_mas/action/detail/cargahex__type_support.h
[3.212s] -- Up-to-date: /home/ffelix07/Documents/LabRemo/Orchestrator/ros2_labremoto/install/my_mas/include/my_mas/my_mas/action/detail/fibonacci__functions.h
[3.213s] -- Up-to-date: /home/ffelix07/Documents/LabRemo/Orchestrator/ros2_labremoto/install/my_mas/include/my_mas/my_mas/action/detail/fibonacci__type_support.h
[3.214s] -- Up-to-date: /home/ffelix07/Documents/LabRemo/Orchestrator/ros2_labremoto/install/my_mas/include/my_mas/my_mas/action/detail/cargahex__functions.h
[3.215s] -- Up-to-date: /home/ffelix07/Documents/LabRemo/Orchestrator/ros2_labremoto/install/my_mas/include/my_mas/my_mas/action/detail/fibonacci__struct.h
[3.215s] -- Up-to-date: /home/ffelix07/Documents/LabRemo/Orchestrator/ros2_labremoto/install/my_mas/include/my_mas/my_mas/action/cargahex.h
[3.216s] -- Up-to-date: /home/ffelix07/Documents/LabRemo/Orchestrator/ros2_labremoto/install/my_mas/include/my_mas/my_mas/msg
[3.217s] -- Up-to-date: /home/ffelix07/Documents/LabRemo/Orchestrator/ros2_labremoto/install/my_mas/include/my_mas/my_mas/msg/sensor_measurment.h
[3.218s] -- Up-to-date: /home/ffelix07/Documents/LabRemo/Orchestrator/ros2_labremoto/install/my_mas/include/my_mas/my_mas/msg/rosidl_generator_c__visibility_control.h
[3.220s] -- Up-to-date: /home/ffelix07/Documents/LabRemo/Orchestrator/ros2_labremoto/install/my_mas/include/my_mas/my_mas/msg/detail
[3.220s] -- Up-to-date: /home/ffelix07/Documents/LabRemo/Orchestrator/ros2_labremoto/install/my_mas/include/my_mas/my_mas/msg/detail/file_hex_load__struct.h
[3.221s] -- Up-to-date: /home/ffelix07/Documents/LabRemo/Orchestrator/ros2_labremoto/install/my_mas/include/my_mas/my_mas/msg/detail/sensor_measurment__type_support.h
[3.227s] -- Up-to-date: /home/ffelix07/Documents/LabRemo/Orchestrator/ros2_labremoto/install/my_mas/include/my_mas/my_mas/msg/detail/sensor_measurment__struct.h
[3.228s] -- Up-to-date: /home/ffelix07/Documents/LabRemo/Orchestrator/ros2_labremoto/install/my_mas/include/my_mas/my_mas/msg/detail/auditor_msg__type_support.h
[3.228s] -- Up-to-date: /home/ffelix07/Documents/LabRemo/Orchestrator/ros2_labremoto/install/my_mas/include/my_mas/my_mas/msg/detail/file_hex_load__functions.c
[3.229s] -- Up-to-date: /home/ffelix07/Documents/LabRemo/Orchestrator/ros2_labremoto/install/my_mas/include/my_mas/my_mas/msg/detail/auditor_msg__struct.h
[3.229s] -- Up-to-date: /home/ffelix07/Documents/LabRemo/Orchestrator/ros2_labremoto/install/my_mas/include/my_mas/my_mas/msg/detail/file_hex_load__functions.h
[3.230s] -- Up-to-date: /home/ffelix07/Documents/LabRemo/Orchestrator/ros2_labremoto/install/my_mas/include/my_mas/my_mas/msg/detail/auditor_msg__functions.c
[3.231s] -- Up-to-date: /home/ffelix07/Documents/LabRemo/Orchestrator/ros2_labremoto/install/my_mas/include/my_mas/my_mas/msg/detail/sensor_measurment__functions.h
[3.232s] -- Up-to-date: /home/ffelix07/Documents/LabRemo/Orchestrator/ros2_labremoto/install/my_mas/include/my_mas/my_mas/msg/detail/file_hex_load__type_support.h
[3.232s] -- Up-to-date: /home/ffelix07/Documents/LabRemo/Orchestrator/ros2_labremoto/install/my_mas/include/my_mas/my_mas/msg/detail/sensor_measurment__functions.c
[3.233s] -- Up-to-date: /home/ffelix07/Documents/LabRemo/Orchestrator/ros2_labremoto/install/my_mas/include/my_mas/my_mas/msg/detail/auditor_msg__functions.h
[3.233s] -- Up-to-date: /home/ffelix07/Documents/LabRemo/Orchestrator/ros2_labremoto/install/my_mas/include/my_mas/my_mas/msg/auditor_msg.h
[3.233s] -- Up-to-date: /home/ffelix07/Documents/LabRemo/Orchestrator/ros2_labremoto/install/my_mas/include/my_mas/my_mas/msg/file_hex_load.h
[3.234s] -- Up-to-date: /home/ffelix07/Documents/LabRemo/Orchestrator/ros2_labremoto/install/my_mas/share/my_mas/environment/library_path.sh
[3.234s] -- Up-to-date: /home/ffelix07/Documents/LabRemo/Orchestrator/ros2_labremoto/install/my_mas/share/my_mas/environment/library_path.dsv
[3.239s] -- Up-to-date: /home/ffelix07/Documents/LabRemo/Orchestrator/ros2_labremoto/install/my_mas/lib/libmy_mas__rosidl_generator_c.so
[3.240s] -- Up-to-date: /home/ffelix07/Documents/LabRemo/Orchestrator/ros2_labremoto/install/my_mas/include/my_mas/my_mas
[3.241s] -- Up-to-date: /home/ffelix07/Documents/LabRemo/Orchestrator/ros2_labremoto/install/my_mas/include/my_mas/my_mas/srv
[3.244s] -- Up-to-date: /home/ffelix07/Documents/LabRemo/Orchestrator/ros2_labremoto/install/my_mas/include/my_mas/my_mas/srv/detail
[3.247s] -- Up-to-date: /home/ffelix07/Documents/LabRemo/Orchestrator/ros2_labremoto/install/my_mas/include/my_mas/my_mas/srv/detail/load_filedb__rosidl_typesupport_fastrtps_c.h
[3.249s] -- Up-to-date: /home/ffelix07/Documents/LabRemo/Orchestrator/ros2_labremoto/install/my_mas/include/my_mas/my_mas/srv/detail/load_file__rosidl_typesupport_fastrtps_c.h
[3.249s] -- Up-to-date: /home/ffelix07/Documents/LabRemo/Orchestrator/ros2_labremoto/install/my_mas/include/my_mas/my_mas/action
[3.251s] -- Up-to-date: /home/ffelix07/Documents/LabRemo/Orchestrator/ros2_labremoto/install/my_mas/include/my_mas/my_mas/action/detail
[3.255s] -- Up-to-date: /home/ffelix07/Documents/LabRemo/Orchestrator/ros2_labremoto/install/my_mas/include/my_mas/my_mas/action/detail/cargahex__rosidl_typesupport_fastrtps_c.h
[3.255s] -- Up-to-date: /home/ffelix07/Documents/LabRemo/Orchestrator/ros2_labremoto/install/my_mas/include/my_mas/my_mas/action/detail/fibonacci__rosidl_typesupport_fastrtps_c.h
[3.255s] -- Up-to-date: /home/ffelix07/Documents/LabRemo/Orchestrator/ros2_labremoto/install/my_mas/include/my_mas/my_mas/msg
[3.256s] -- Up-to-date: /home/ffelix07/Documents/LabRemo/Orchestrator/ros2_labremoto/install/my_mas/include/my_mas/my_mas/msg/rosidl_typesupport_fastrtps_c__visibility_control.h
[3.256s] -- Up-to-date: /home/ffelix07/Documents/LabRemo/Orchestrator/ros2_labremoto/install/my_mas/include/my_mas/my_mas/msg/detail
[3.257s] -- Up-to-date: /home/ffelix07/Documents/LabRemo/Orchestrator/ros2_labremoto/install/my_mas/include/my_mas/my_mas/msg/detail/file_hex_load__rosidl_typesupport_fastrtps_c.h
[3.257s] -- Up-to-date: /home/ffelix07/Documents/LabRemo/Orchestrator/ros2_labremoto/install/my_mas/include/my_mas/my_mas/msg/detail/auditor_msg__rosidl_typesupport_fastrtps_c.h
[3.257s] -- Up-to-date: /home/ffelix07/Documents/LabRemo/Orchestrator/ros2_labremoto/install/my_mas/include/my_mas/my_mas/msg/detail/sensor_measurment__rosidl_typesupport_fastrtps_c.h
[3.258s] -- Up-to-date: /home/ffelix07/Documents/LabRemo/Orchestrator/ros2_labremoto/install/my_mas/lib/libmy_mas__rosidl_typesupport_fastrtps_c.so
[3.258s] -- Up-to-date: /home/ffelix07/Documents/LabRemo/Orchestrator/ros2_labremoto/install/my_mas/include/my_mas/my_mas
[3.258s] -- Up-to-date: /home/ffelix07/Documents/LabRemo/Orchestrator/ros2_labremoto/install/my_mas/include/my_mas/my_mas/srv
[3.259s] -- Up-to-date: /home/ffelix07/Documents/LabRemo/Orchestrator/ros2_labremoto/install/my_mas/include/my_mas/my_mas/srv/detail
[3.259s] -- Up-to-date: /home/ffelix07/Documents/LabRemo/Orchestrator/ros2_labremoto/install/my_mas/include/my_mas/my_mas/srv/detail/load_filedb__type_support.c
[3.260s] -- Up-to-date: /home/ffelix07/Documents/LabRemo/Orchestrator/ros2_labremoto/install/my_mas/include/my_mas/my_mas/srv/detail/load_file__rosidl_typesupport_introspection_c.h
[3.260s] -- Up-to-date: /home/ffelix07/Documents/LabRemo/Orchestrator/ros2_labremoto/install/my_mas/include/my_mas/my_mas/srv/detail/load_file__type_support.c
[3.260s] -- Up-to-date: /home/ffelix07/Documents/LabRemo/Orchestrator/ros2_labremoto/install/my_mas/include/my_mas/my_mas/srv/detail/load_filedb__rosidl_typesupport_introspection_c.h
[3.261s] -- Up-to-date: /home/ffelix07/Documents/LabRemo/Orchestrator/ros2_labremoto/install/my_mas/include/my_mas/my_mas/action
[3.261s] -- Up-to-date: /home/ffelix07/Documents/LabRemo/Orchestrator/ros2_labremoto/install/my_mas/include/my_mas/my_mas/action/detail
[3.261s] -- Up-to-date: /home/ffelix07/Documents/LabRemo/Orchestrator/ros2_labremoto/install/my_mas/include/my_mas/my_mas/action/detail/fibonacci__rosidl_typesupport_introspection_c.h
[3.262s] -- Up-to-date: /home/ffelix07/Documents/LabRemo/Orchestrator/ros2_labremoto/install/my_mas/include/my_mas/my_mas/action/detail/fibonacci__type_support.c
[3.262s] -- Up-to-date: /home/ffelix07/Documents/LabRemo/Orchestrator/ros2_labremoto/install/my_mas/include/my_mas/my_mas/action/detail/cargahex__type_support.c
[3.262s] -- Up-to-date: /home/ffelix07/Documents/LabRemo/Orchestrator/ros2_labremoto/install/my_mas/include/my_mas/my_mas/action/detail/cargahex__rosidl_typesupport_introspection_c.h
[3.263s] -- Up-to-date: /home/ffelix07/Documents/LabRemo/Orchestrator/ros2_labremoto/install/my_mas/include/my_mas/my_mas/msg
[3.263s] -- Up-to-date: /home/ffelix07/Documents/LabRemo/Orchestrator/ros2_labremoto/install/my_mas/include/my_mas/my_mas/msg/detail
[3.264s] -- Up-to-date: /home/ffelix07/Documents/LabRemo/Orchestrator/ros2_labremoto/install/my_mas/include/my_mas/my_mas/msg/detail/file_hex_load__rosidl_typesupport_introspection_c.h
[3.264s] -- Up-to-date: /home/ffelix07/Documents/LabRemo/Orchestrator/ros2_labremoto/install/my_mas/include/my_mas/my_mas/msg/detail/sensor_measurment__rosidl_typesupport_introspection_c.h
[3.264s] -- Up-to-date: /home/ffelix07/Documents/LabRemo/Orchestrator/ros2_labremoto/install/my_mas/include/my_mas/my_mas/msg/detail/sensor_measurment__type_support.c
[3.265s] -- Up-to-date: /home/ffelix07/Documents/LabRemo/Orchestrator/ros2_labremoto/install/my_mas/include/my_mas/my_mas/msg/detail/auditor_msg__type_support.c
[3.265s] -- Up-to-date: /home/ffelix07/Documents/LabRemo/Orchestrator/ros2_labremoto/install/my_mas/include/my_mas/my_mas/msg/detail/file_hex_load__type_support.c
[3.265s] -- Up-to-date: /home/ffelix07/Documents/LabRemo/Orchestrator/ros2_labremoto/install/my_mas/include/my_mas/my_mas/msg/detail/auditor_msg__rosidl_typesupport_introspection_c.h
[3.266s] -- Up-to-date: /home/ffelix07/Documents/LabRemo/Orchestrator/ros2_labremoto/install/my_mas/include/my_mas/my_mas/msg/rosidl_typesupport_introspection_c__visibility_control.h
[3.266s] -- Up-to-date: /home/ffelix07/Documents/LabRemo/Orchestrator/ros2_labremoto/install/my_mas/lib/libmy_mas__rosidl_typesupport_introspection_c.so
[3.266s] -- Up-to-date: /home/ffelix07/Documents/LabRemo/Orchestrator/ros2_labremoto/install/my_mas/lib/libmy_mas__rosidl_typesupport_c.so
[3.267s] -- Up-to-date: /home/ffelix07/Documents/LabRemo/Orchestrator/ros2_labremoto/install/my_mas/include/my_mas/my_mas
[3.267s] -- Up-to-date: /home/ffelix07/Documents/LabRemo/Orchestrator/ros2_labremoto/install/my_mas/include/my_mas/my_mas/srv
[3.268s] -- Up-to-date: /home/ffelix07/Documents/LabRemo/Orchestrator/ros2_labremoto/install/my_mas/include/my_mas/my_mas/srv/load_file.hpp
[3.268s] -- Up-to-date: /home/ffelix07/Documents/LabRemo/Orchestrator/ros2_labremoto/install/my_mas/include/my_mas/my_mas/srv/detail
[3.268s] -- Up-to-date: /home/ffelix07/Documents/LabRemo/Orchestrator/ros2_labremoto/install/my_mas/include/my_mas/my_mas/srv/detail/load_filedb__builder.hpp
[3.269s] -- Up-to-date: /home/ffelix07/Documents/LabRemo/Orchestrator/ros2_labremoto/install/my_mas/include/my_mas/my_mas/srv/detail/load_filedb__traits.hpp
[3.269s] -- Up-to-date: /home/ffelix07/Documents/LabRemo/Orchestrator/ros2_labremoto/install/my_mas/include/my_mas/my_mas/srv/detail/load_file__struct.hpp
[3.270s] -- Up-to-date: /home/ffelix07/Documents/LabRemo/Orchestrator/ros2_labremoto/install/my_mas/include/my_mas/my_mas/srv/detail/load_file__builder.hpp
[3.270s] -- Up-to-date: /home/ffelix07/Documents/LabRemo/Orchestrator/ros2_labremoto/install/my_mas/include/my_mas/my_mas/srv/detail/load_file__traits.hpp
[3.271s] -- Up-to-date: /home/ffelix07/Documents/LabRemo/Orchestrator/ros2_labremoto/install/my_mas/include/my_mas/my_mas/srv/detail/load_filedb__struct.hpp
[3.271s] -- Up-to-date: /home/ffelix07/Documents/LabRemo/Orchestrator/ros2_labremoto/install/my_mas/include/my_mas/my_mas/srv/load_filedb.hpp
[3.272s] -- Up-to-date: /home/ffelix07/Documents/LabRemo/Orchestrator/ros2_labremoto/install/my_mas/include/my_mas/my_mas/action
[3.272s] -- Up-to-date: /home/ffelix07/Documents/LabRemo/Orchestrator/ros2_labremoto/install/my_mas/include/my_mas/my_mas/action/fibonacci.hpp
[3.272s] -- Up-to-date: /home/ffelix07/Documents/LabRemo/Orchestrator/ros2_labremoto/install/my_mas/include/my_mas/my_mas/action/detail
[3.273s] -- Up-to-date: /home/ffelix07/Documents/LabRemo/Orchestrator/ros2_labremoto/install/my_mas/include/my_mas/my_mas/action/detail/fibonacci__builder.hpp
[3.273s] -- Up-to-date: /home/ffelix07/Documents/LabRemo/Orchestrator/ros2_labremoto/install/my_mas/include/my_mas/my_mas/action/detail/cargahex__builder.hpp
[3.274s] -- Up-to-date: /home/ffelix07/Documents/LabRemo/Orchestrator/ros2_labremoto/install/my_mas/include/my_mas/my_mas/action/detail/fibonacci__struct.hpp
[3.274s] -- Up-to-date: /home/ffelix07/Documents/LabRemo/Orchestrator/ros2_labremoto/install/my_mas/include/my_mas/my_mas/action/detail/cargahex__struct.hpp
[3.274s] -- Up-to-date: /home/ffelix07/Documents/LabRemo/Orchestrator/ros2_labremoto/install/my_mas/include/my_mas/my_mas/action/detail/fibonacci__traits.hpp
[3.275s] -- Up-to-date: /home/ffelix07/Documents/LabRemo/Orchestrator/ros2_labremoto/install/my_mas/include/my_mas/my_mas/action/detail/cargahex__traits.hpp
[3.275s] -- Up-to-date: /home/ffelix07/Documents/LabRemo/Orchestrator/ros2_labremoto/install/my_mas/include/my_mas/my_mas/action/cargahex.hpp
[3.275s] -- Up-to-date: /home/ffelix07/Documents/LabRemo/Orchestrator/ros2_labremoto/install/my_mas/include/my_mas/my_mas/msg
[3.276s] -- Up-to-date: /home/ffelix07/Documents/LabRemo/Orchestrator/ros2_labremoto/install/my_mas/include/my_mas/my_mas/msg/auditor_msg.hpp
[3.276s] -- Up-to-date: /home/ffelix07/Documents/LabRemo/Orchestrator/ros2_labremoto/install/my_mas/include/my_mas/my_mas/msg/detail
[3.277s] -- Up-to-date: /home/ffelix07/Documents/LabRemo/Orchestrator/ros2_labremoto/install/my_mas/include/my_mas/my_mas/msg/detail/file_hex_load__builder.hpp
[3.277s] -- Up-to-date: /home/ffelix07/Documents/LabRemo/Orchestrator/ros2_labremoto/install/my_mas/include/my_mas/my_mas/msg/detail/file_hex_load__traits.hpp
[3.277s] -- Up-to-date: /home/ffelix07/Documents/LabRemo/Orchestrator/ros2_labremoto/install/my_mas/include/my_mas/my_mas/msg/detail/sensor_measurment__struct.hpp
[3.278s] -- Up-to-date: /home/ffelix07/Documents/LabRemo/Orchestrator/ros2_labremoto/install/my_mas/include/my_mas/my_mas/msg/detail/sensor_measurment__traits.hpp
[3.278s] -- Up-to-date: /home/ffelix07/Documents/LabRemo/Orchestrator/ros2_labremoto/install/my_mas/include/my_mas/my_mas/msg/detail/file_hex_load__struct.hpp
[3.278s] -- Up-to-date: /home/ffelix07/Documents/LabRemo/Orchestrator/ros2_labremoto/install/my_mas/include/my_mas/my_mas/msg/detail/auditor_msg__traits.hpp
[3.279s] -- Up-to-date: /home/ffelix07/Documents/LabRemo/Orchestrator/ros2_labremoto/install/my_mas/include/my_mas/my_mas/msg/detail/sensor_measurment__builder.hpp
[3.279s] -- Up-to-date: /home/ffelix07/Documents/LabRemo/Orchestrator/ros2_labremoto/install/my_mas/include/my_mas/my_mas/msg/detail/auditor_msg__struct.hpp
[3.279s] -- Up-to-date: /home/ffelix07/Documents/LabRemo/Orchestrator/ros2_labremoto/install/my_mas/include/my_mas/my_mas/msg/detail/auditor_msg__builder.hpp
[3.280s] -- Up-to-date: /home/ffelix07/Documents/LabRemo/Orchestrator/ros2_labremoto/install/my_mas/include/my_mas/my_mas/msg/file_hex_load.hpp
[3.280s] -- Up-to-date: /home/ffelix07/Documents/LabRemo/Orchestrator/ros2_labremoto/install/my_mas/include/my_mas/my_mas/msg/sensor_measurment.hpp
[3.281s] -- Up-to-date: /home/ffelix07/Documents/LabRemo/Orchestrator/ros2_labremoto/install/my_mas/include/my_mas/my_mas
[3.281s] -- Up-to-date: /home/ffelix07/Documents/LabRemo/Orchestrator/ros2_labremoto/install/my_mas/include/my_mas/my_mas/srv
[3.281s] -- Up-to-date: /home/ffelix07/Documents/LabRemo/Orchestrator/ros2_labremoto/install/my_mas/include/my_mas/my_mas/srv/detail
[3.282s] -- Up-to-date: /home/ffelix07/Documents/LabRemo/Orchestrator/ros2_labremoto/install/my_mas/include/my_mas/my_mas/srv/detail/load_filedb__rosidl_typesupport_fastrtps_cpp.hpp
[3.282s] -- Up-to-date: /home/ffelix07/Documents/LabRemo/Orchestrator/ros2_labremoto/install/my_mas/include/my_mas/my_mas/srv/detail/load_file__rosidl_typesupport_fastrtps_cpp.hpp
[3.283s] -- Up-to-date: /home/ffelix07/Documents/LabRemo/Orchestrator/ros2_labremoto/install/my_mas/include/my_mas/my_mas/srv/detail/dds_fastrtps
[3.283s] -- Up-to-date: /home/ffelix07/Documents/LabRemo/Orchestrator/ros2_labremoto/install/my_mas/include/my_mas/my_mas/action
[3.283s] -- Up-to-date: /home/ffelix07/Documents/LabRemo/Orchestrator/ros2_labremoto/install/my_mas/include/my_mas/my_mas/action/detail
[3.284s] -- Up-to-date: /home/ffelix07/Documents/LabRemo/Orchestrator/ros2_labremoto/install/my_mas/include/my_mas/my_mas/action/detail/cargahex__rosidl_typesupport_fastrtps_cpp.hpp
[3.284s] -- Up-to-date: /home/ffelix07/Documents/LabRemo/Orchestrator/ros2_labremoto/install/my_mas/include/my_mas/my_mas/action/detail/dds_fastrtps
[3.284s] -- Up-to-date: /home/ffelix07/Documents/LabRemo/Orchestrator/ros2_labremoto/install/my_mas/include/my_mas/my_mas/action/detail/fibonacci__rosidl_typesupport_fastrtps_cpp.hpp
[3.285s] -- Up-to-date: /home/ffelix07/Documents/LabRemo/Orchestrator/ros2_labremoto/install/my_mas/include/my_mas/my_mas/msg
[3.285s] -- Up-to-date: /home/ffelix07/Documents/LabRemo/Orchestrator/ros2_labremoto/install/my_mas/include/my_mas/my_mas/msg/detail
[3.285s] -- Up-to-date: /home/ffelix07/Documents/LabRemo/Orchestrator/ros2_labremoto/install/my_mas/include/my_mas/my_mas/msg/detail/file_hex_load__rosidl_typesupport_fastrtps_cpp.hpp
[3.286s] -- Up-to-date: /home/ffelix07/Documents/LabRemo/Orchestrator/ros2_labremoto/install/my_mas/include/my_mas/my_mas/msg/detail/sensor_measurment__rosidl_typesupport_fastrtps_cpp.hpp
[3.286s] -- Up-to-date: /home/ffelix07/Documents/LabRemo/Orchestrator/ros2_labremoto/install/my_mas/include/my_mas/my_mas/msg/detail/dds_fastrtps
[3.287s] -- Up-to-date: /home/ffelix07/Documents/LabRemo/Orchestrator/ros2_labremoto/install/my_mas/include/my_mas/my_mas/msg/detail/auditor_msg__rosidl_typesupport_fastrtps_cpp.hpp
[3.287s] -- Up-to-date: /home/ffelix07/Documents/LabRemo/Orchestrator/ros2_labremoto/install/my_mas/include/my_mas/my_mas/msg/rosidl_typesupport_fastrtps_cpp__visibility_control.h
[3.288s] -- Up-to-date: /home/ffelix07/Documents/LabRemo/Orchestrator/ros2_labremoto/install/my_mas/lib/libmy_mas__rosidl_typesupport_fastrtps_cpp.so
[3.288s] -- Up-to-date: /home/ffelix07/Documents/LabRemo/Orchestrator/ros2_labremoto/install/my_mas/include/my_mas/my_mas
[3.288s] -- Up-to-date: /home/ffelix07/Documents/LabRemo/Orchestrator/ros2_labremoto/install/my_mas/include/my_mas/my_mas/srv
[3.288s] -- Up-to-date: /home/ffelix07/Documents/LabRemo/Orchestrator/ros2_labremoto/install/my_mas/include/my_mas/my_mas/srv/detail
[3.289s] -- Up-to-date: /home/ffelix07/Documents/LabRemo/Orchestrator/ros2_labremoto/install/my_mas/include/my_mas/my_mas/srv/detail/load_filedb__type_support.cpp
[3.289s] -- Up-to-date: /home/ffelix07/Documents/LabRemo/Orchestrator/ros2_labremoto/install/my_mas/include/my_mas/my_mas/srv/detail/load_filedb__rosidl_typesupport_introspection_cpp.hpp
[3.290s] -- Up-to-date: /home/ffelix07/Documents/LabRemo/Orchestrator/ros2_labremoto/install/my_mas/include/my_mas/my_mas/srv/detail/load_file__rosidl_typesupport_introspection_cpp.hpp
[3.290s] -- Up-to-date: /home/ffelix07/Documents/LabRemo/Orchestrator/ros2_labremoto/install/my_mas/include/my_mas/my_mas/srv/detail/load_file__type_support.cpp
[3.290s] -- Up-to-date: /home/ffelix07/Documents/LabRemo/Orchestrator/ros2_labremoto/install/my_mas/include/my_mas/my_mas/action
[3.291s] -- Up-to-date: /home/ffelix07/Documents/LabRemo/Orchestrator/ros2_labremoto/install/my_mas/include/my_mas/my_mas/action/detail
[3.291s] -- Up-to-date: /home/ffelix07/Documents/LabRemo/Orchestrator/ros2_labremoto/install/my_mas/include/my_mas/my_mas/action/detail/fibonacci__rosidl_typesupport_introspection_cpp.hpp
[3.291s] -- Up-to-date: /home/ffelix07/Documents/LabRemo/Orchestrator/ros2_labremoto/install/my_mas/include/my_mas/my_mas/action/detail/cargahex__type_support.cpp
[3.291s] -- Up-to-date: /home/ffelix07/Documents/LabRemo/Orchestrator/ros2_labremoto/install/my_mas/include/my_mas/my_mas/action/detail/cargahex__rosidl_typesupport_introspection_cpp.hpp
[3.292s] -- Up-to-date: /home/ffelix07/Documents/LabRemo/Orchestrator/ros2_labremoto/install/my_mas/include/my_mas/my_mas/action/detail/fibonacci__type_support.cpp
[3.292s] -- Up-to-date: /home/ffelix07/Documents/LabRemo/Orchestrator/ros2_labremoto/install/my_mas/include/my_mas/my_mas/msg
[3.292s] -- Up-to-date: /home/ffelix07/Documents/LabRemo/Orchestrator/ros2_labremoto/install/my_mas/include/my_mas/my_mas/msg/detail
[3.293s] -- Up-to-date: /home/ffelix07/Documents/LabRemo/Orchestrator/ros2_labremoto/install/my_mas/include/my_mas/my_mas/msg/detail/auditor_msg__type_support.cpp
[3.293s] -- Up-to-date: /home/ffelix07/Documents/LabRemo/Orchestrator/ros2_labremoto/install/my_mas/include/my_mas/my_mas/msg/detail/file_hex_load__rosidl_typesupport_introspection_cpp.hpp
[3.293s] -- Up-to-date: /home/ffelix07/Documents/LabRemo/Orchestrator/ros2_labremoto/install/my_mas/include/my_mas/my_mas/msg/detail/sensor_measurment__type_support.cpp
[3.294s] -- Up-to-date: /home/ffelix07/Documents/LabRemo/Orchestrator/ros2_labremoto/install/my_mas/include/my_mas/my_mas/msg/detail/file_hex_load__type_support.cpp
[3.294s] -- Up-to-date: /home/ffelix07/Documents/LabRemo/Orchestrator/ros2_labremoto/install/my_mas/include/my_mas/my_mas/msg/detail/sensor_measurment__rosidl_typesupport_introspection_cpp.hpp
[3.295s] -- Up-to-date: /home/ffelix07/Documents/LabRemo/Orchestrator/ros2_labremoto/install/my_mas/include/my_mas/my_mas/msg/detail/auditor_msg__rosidl_typesupport_introspection_cpp.hpp
[3.295s] -- Up-to-date: /home/ffelix07/Documents/LabRemo/Orchestrator/ros2_labremoto/install/my_mas/lib/libmy_mas__rosidl_typesupport_introspection_cpp.so
[3.296s] -- Up-to-date: /home/ffelix07/Documents/LabRemo/Orchestrator/ros2_labremoto/install/my_mas/lib/libmy_mas__rosidl_typesupport_cpp.so
[3.296s] -- Up-to-date: /home/ffelix07/Documents/LabRemo/Orchestrator/ros2_labremoto/install/my_mas/share/my_mas/environment/pythonpath.sh
[3.297s] -- Up-to-date: /home/ffelix07/Documents/LabRemo/Orchestrator/ros2_labremoto/install/my_mas/share/my_mas/environment/pythonpath.dsv
[3.297s] -- Up-to-date: /home/ffelix07/Documents/LabRemo/Orchestrator/ros2_labremoto/install/my_mas/local/lib/python3.10/dist-packages/my_mas-0.0.0-py3.10.egg-info
[3.298s] -- Installing: /home/ffelix07/Documents/LabRemo/Orchestrator/ros2_labremoto/install/my_mas/local/lib/python3.10/dist-packages/my_mas-0.0.0-py3.10.egg-info/top_level.txt
[3.298s] -- Installing: /home/ffelix07/Documents/LabRemo/Orchestrator/ros2_labremoto/install/my_mas/local/lib/python3.10/dist-packages/my_mas-0.0.0-py3.10.egg-info/PKG-INFO
[3.298s] -- Installing: /home/ffelix07/Documents/LabRemo/Orchestrator/ros2_labremoto/install/my_mas/local/lib/python3.10/dist-packages/my_mas-0.0.0-py3.10.egg-info/dependency_links.txt
[3.299s] -- Installing: /home/ffelix07/Documents/LabRemo/Orchestrator/ros2_labremoto/install/my_mas/local/lib/python3.10/dist-packages/my_mas-0.0.0-py3.10.egg-info/SOURCES.txt
[3.299s] -- Up-to-date: /home/ffelix07/Documents/LabRemo/Orchestrator/ros2_labremoto/install/my_mas/local/lib/python3.10/dist-packages/my_mas
[3.299s] -- Up-to-date: /home/ffelix07/Documents/LabRemo/Orchestrator/ros2_labremoto/install/my_mas/local/lib/python3.10/dist-packages/my_mas/my_mas_s__rosidl_typesupport_fastrtps_c.cpython-310-x86_64-linux-gnu.so
[3.300s] -- Up-to-date: /home/ffelix07/Documents/LabRemo/Orchestrator/ros2_labremoto/install/my_mas/local/lib/python3.10/dist-packages/my_mas/_my_mas_s.ep.rosidl_typesupport_c.c
[3.300s] -- Up-to-date: /home/ffelix07/Documents/LabRemo/Orchestrator/ros2_labremoto/install/my_mas/local/lib/python3.10/dist-packages/my_mas/__init__.py
[3.301s] -- Up-to-date: /home/ffelix07/Documents/LabRemo/Orchestrator/ros2_labremoto/install/my_mas/local/lib/python3.10/dist-packages/my_mas/srv
[3.301s] -- Up-to-date: /home/ffelix07/Documents/LabRemo/Orchestrator/ros2_labremoto/install/my_mas/local/lib/python3.10/dist-packages/my_mas/srv/_load_filedb.py
[3.301s] -- Up-to-date: /home/ffelix07/Documents/LabRemo/Orchestrator/ros2_labremoto/install/my_mas/local/lib/python3.10/dist-packages/my_mas/srv/_load_file_s.c
[3.302s] -- Up-to-date: /home/ffelix07/Documents/LabRemo/Orchestrator/ros2_labremoto/install/my_mas/local/lib/python3.10/dist-packages/my_mas/srv/_load_filedb_s.c
[3.302s] -- Up-to-date: /home/ffelix07/Documents/LabRemo/Orchestrator/ros2_labremoto/install/my_mas/local/lib/python3.10/dist-packages/my_mas/srv/__init__.py
[3.302s] -- Up-to-date: /home/ffelix07/Documents/LabRemo/Orchestrator/ros2_labremoto/install/my_mas/local/lib/python3.10/dist-packages/my_mas/srv/_load_file.py
[3.303s] -- Up-to-date: /home/ffelix07/Documents/LabRemo/Orchestrator/ros2_labremoto/install/my_mas/local/lib/python3.10/dist-packages/my_mas/action
[3.303s] -- Up-to-date: /home/ffelix07/Documents/LabRemo/Orchestrator/ros2_labremoto/install/my_mas/local/lib/python3.10/dist-packages/my_mas/action/_cargahex_s.c
[3.303s] -- Up-to-date: /home/ffelix07/Documents/LabRemo/Orchestrator/ros2_labremoto/install/my_mas/local/lib/python3.10/dist-packages/my_mas/action/_cargahex.py
[3.304s] -- Up-to-date: /home/ffelix07/Documents/LabRemo/Orchestrator/ros2_labremoto/install/my_mas/local/lib/python3.10/dist-packages/my_mas/action/__init__.py
[3.304s] -- Up-to-date: /home/ffelix07/Documents/LabRemo/Orchestrator/ros2_labremoto/install/my_mas/local/lib/python3.10/dist-packages/my_mas/action/_fibonacci.py
[3.304s] -- Up-to-date: /home/ffelix07/Documents/LabRemo/Orchestrator/ros2_labremoto/install/my_mas/local/lib/python3.10/dist-packages/my_mas/action/_fibonacci_s.c
[3.305s] -- Up-to-date: /home/ffelix07/Documents/LabRemo/Orchestrator/ros2_labremoto/install/my_mas/local/lib/python3.10/dist-packages/my_mas/msg
[3.305s] -- Up-to-date: /home/ffelix07/Documents/LabRemo/Orchestrator/ros2_labremoto/install/my_mas/local/lib/python3.10/dist-packages/my_mas/msg/_file_hex_load.py
[3.305s] -- Up-to-date: /home/ffelix07/Documents/LabRemo/Orchestrator/ros2_labremoto/install/my_mas/local/lib/python3.10/dist-packages/my_mas/msg/_sensor_measurment_s.c
[3.306s] -- Up-to-date: /home/ffelix07/Documents/LabRemo/Orchestrator/ros2_labremoto/install/my_mas/local/lib/python3.10/dist-packages/my_mas/msg/__init__.py
[3.306s] -- Up-to-date: /home/ffelix07/Documents/LabRemo/Orchestrator/ros2_labremoto/install/my_mas/local/lib/python3.10/dist-packages/my_mas/msg/_sensor_measurment.py
[3.306s] -- Up-to-date: /home/ffelix07/Documents/LabRemo/Orchestrator/ros2_labremoto/install/my_mas/local/lib/python3.10/dist-packages/my_mas/msg/_file_hex_load_s.c
[3.307s] -- Up-to-date: /home/ffelix07/Documents/LabRemo/Orchestrator/ros2_labremoto/install/my_mas/local/lib/python3.10/dist-packages/my_mas/msg/_auditor_msg.py
[3.307s] -- Up-to-date: /home/ffelix07/Documents/LabRemo/Orchestrator/ros2_labremoto/install/my_mas/local/lib/python3.10/dist-packages/my_mas/msg/_auditor_msg_s.c
[3.307s] -- Up-to-date: /home/ffelix07/Documents/LabRemo/Orchestrator/ros2_labremoto/install/my_mas/local/lib/python3.10/dist-packages/my_mas/_my_mas_s.ep.rosidl_typesupport_fastrtps_c.c
[3.308s] -- Up-to-date: /home/ffelix07/Documents/LabRemo/Orchestrator/ros2_labremoto/install/my_mas/local/lib/python3.10/dist-packages/my_mas/libmy_mas__rosidl_generator_py.so
[3.308s] -- Up-to-date: /home/ffelix07/Documents/LabRemo/Orchestrator/ros2_labremoto/install/my_mas/local/lib/python3.10/dist-packages/my_mas/my_mas_s__rosidl_typesupport_introspection_c.cpython-310-x86_64-linux-gnu.so
[3.308s] -- Up-to-date: /home/ffelix07/Documents/LabRemo/Orchestrator/ros2_labremoto/install/my_mas/local/lib/python3.10/dist-packages/my_mas/_my_mas_s.ep.rosidl_typesupport_introspection_c.c
[3.309s] -- Up-to-date: /home/ffelix07/Documents/LabRemo/Orchestrator/ros2_labremoto/install/my_mas/local/lib/python3.10/dist-packages/my_mas/my_mas_s__rosidl_typesupport_c.cpython-310-x86_64-linux-gnu.so
[3.451s] Listing '/home/ffelix07/Documents/LabRemo/Orchestrator/ros2_labremoto/install/my_mas/local/lib/python3.10/dist-packages/my_mas'...
[3.451s] Listing '/home/ffelix07/Documents/LabRemo/Orchestrator/ros2_labremoto/install/my_mas/local/lib/python3.10/dist-packages/my_mas/action'...
[3.452s] Listing '/home/ffelix07/Documents/LabRemo/Orchestrator/ros2_labremoto/install/my_mas/local/lib/python3.10/dist-packages/my_mas/msg'...
[3.453s] Listing '/home/ffelix07/Documents/LabRemo/Orchestrator/ros2_labremoto/install/my_mas/local/lib/python3.10/dist-packages/my_mas/srv'...
[3.466s] -- Up-to-date: /home/ffelix07/Documents/LabRemo/Orchestrator/ros2_labremoto/install/my_mas/local/lib/python3.10/dist-packages/my_mas/my_mas_s__rosidl_typesupport_fastrtps_c.cpython-310-x86_64-linux-gnu.so
[3.467s] -- Up-to-date: /home/ffelix07/Documents/LabRemo/Orchestrator/ros2_labremoto/install/my_mas/local/lib/python3.10/dist-packages/my_mas/my_mas_s__rosidl_typesupport_introspection_c.cpython-310-x86_64-linux-gnu.so
[3.468s] -- Up-to-date: /home/ffelix07/Documents/LabRemo/Orchestrator/ros2_labremoto/install/my_mas/local/lib/python3.10/dist-packages/my_mas/my_mas_s__rosidl_typesupport_c.cpython-310-x86_64-linux-gnu.so
[3.469s] -- Up-to-date: /home/ffelix07/Documents/LabRemo/Orchestrator/ros2_labremoto/install/my_mas/lib/libmy_mas__rosidl_generator_py.so
[3.470s] -- Up-to-date: /home/ffelix07/Documents/LabRemo/Orchestrator/ros2_labremoto/install/my_mas/share/my_mas/msg/SensorMeasurment.idl
[3.471s] -- Up-to-date: /home/ffelix07/Documents/LabRemo/Orchestrator/ros2_labremoto/install/my_mas/share/my_mas/msg/AuditorMsg.idl
[3.472s] -- Up-to-date: /home/ffelix07/Documents/LabRemo/Orchestrator/ros2_labremoto/install/my_mas/share/my_mas/msg/FileHexLoad.idl
[3.479s] -- Up-to-date: /home/ffelix07/Documents/LabRemo/Orchestrator/ros2_labremoto/install/my_mas/share/my_mas/srv/LoadFiledb.idl
[3.479s] -- Up-to-date: /home/ffelix07/Documents/LabRemo/Orchestrator/ros2_labremoto/install/my_mas/share/my_mas/srv/LoadFile.idl
[3.482s] -- Up-to-date: /home/ffelix07/Documents/LabRemo/Orchestrator/ros2_labremoto/install/my_mas/share/my_mas/action/Fibonacci.idl
[3.483s] -- Up-to-date: /home/ffelix07/Documents/LabRemo/Orchestrator/ros2_labremoto/install/my_mas/share/my_mas/action/Cargahex.idl
[3.483s] -- Up-to-date: /home/ffelix07/Documents/LabRemo/Orchestrator/ros2_labremoto/install/my_mas/share/my_mas/msg/SensorMeasurment.msg
[3.487s] -- Up-to-date: /home/ffelix07/Documents/LabRemo/Orchestrator/ros2_labremoto/install/my_mas/share/my_mas/msg/AuditorMsg.msg
[3.487s] -- Up-to-date: /home/ffelix07/Documents/LabRemo/Orchestrator/ros2_labremoto/install/my_mas/share/my_mas/msg/FileHexLoad.msg
[3.490s] -- Up-to-date: /home/ffelix07/Documents/LabRemo/Orchestrator/ros2_labremoto/install/my_mas/share/my_mas/srv/LoadFiledb.srv
[3.494s] -- Up-to-date: /home/ffelix07/Documents/LabRemo/Orchestrator/ros2_labremoto/install/my_mas/share/my_mas/srv/LoadFiledb_Request.msg
[3.498s] -- Up-to-date: /home/ffelix07/Documents/LabRemo/Orchestrator/ros2_labremoto/install/my_mas/share/my_mas/srv/LoadFiledb_Response.msg
[3.499s] -- Up-to-date: /home/ffelix07/Documents/LabRemo/Orchestrator/ros2_labremoto/install/my_mas/share/my_mas/srv/LoadFile.srv
[3.503s] -- Up-to-date: /home/ffelix07/Documents/LabRemo/Orchestrator/ros2_labremoto/install/my_mas/share/my_mas/srv/LoadFile_Request.msg
[3.503s] -- Up-to-date: /home/ffelix07/Documents/LabRemo/Orchestrator/ros2_labremoto/install/my_mas/share/my_mas/srv/LoadFile_Response.msg
[3.503s] -- Up-to-date: /home/ffelix07/Documents/LabRemo/Orchestrator/ros2_labremoto/install/my_mas/share/my_mas/action/Fibonacci.action
[3.504s] -- Up-to-date: /home/ffelix07/Documents/LabRemo/Orchestrator/ros2_labremoto/install/my_mas/share/my_mas/action/Cargahex.action
[3.505s] -- Up-to-date: /home/ffelix07/Documents/LabRemo/Orchestrator/ros2_labremoto/install/my_mas/share/ament_index/resource_index/package_run_dependencies/my_mas
[3.506s] -- Up-to-date: /home/ffelix07/Documents/LabRemo/Orchestrator/ros2_labremoto/install/my_mas/share/ament_index/resource_index/parent_prefix_path/my_mas
[3.506s] -- Up-to-date: /home/ffelix07/Documents/LabRemo/Orchestrator/ros2_labremoto/install/my_mas/share/my_mas/environment/ament_prefix_path.sh
[3.507s] -- Up-to-date: /home/ffelix07/Documents/LabRemo/Orchestrator/ros2_labremoto/install/my_mas/share/my_mas/environment/ament_prefix_path.dsv
[3.507s] -- Up-to-date: /home/ffelix07/Documents/LabRemo/Orchestrator/ros2_labremoto/install/my_mas/share/my_mas/environment/path.sh
[3.507s] -- Up-to-date: /home/ffelix07/Documents/LabRemo/Orchestrator/ros2_labremoto/install/my_mas/share/my_mas/environment/path.dsv
[3.508s] -- Up-to-date: /home/ffelix07/Documents/LabRemo/Orchestrator/ros2_labremoto/install/my_mas/share/my_mas/local_setup.bash
[3.508s] -- Up-to-date: /home/ffelix07/Documents/LabRemo/Orchestrator/ros2_labremoto/install/my_mas/share/my_mas/local_setup.sh
[3.508s] -- Up-to-date: /home/ffelix07/Documents/LabRemo/Orchestrator/ros2_labremoto/install/my_mas/share/my_mas/local_setup.zsh
[3.509s] -- Up-to-date: /home/ffelix07/Documents/LabRemo/Orchestrator/ros2_labremoto/install/my_mas/share/my_mas/local_setup.dsv
[3.509s] -- Installing: /home/ffelix07/Documents/LabRemo/Orchestrator/ros2_labremoto/install/my_mas/share/my_mas/package.dsv
[3.509s] -- Up-to-date: /home/ffelix07/Documents/LabRemo/Orchestrator/ros2_labremoto/install/my_mas/share/ament_index/resource_index/packages/my_mas
[3.510s] -- Up-to-date: /home/ffelix07/Documents/LabRemo/Orchestrator/ros2_labremoto/install/my_mas/share/my_mas/cmake/export_my_mas__rosidl_generator_cExport.cmake
[3.510s] -- Up-to-date: /home/ffelix07/Documents/LabRemo/Orchestrator/ros2_labremoto/install/my_mas/share/my_mas/cmake/export_my_mas__rosidl_generator_cExport-noconfig.cmake
[3.526s] -- Up-to-date: /home/ffelix07/Documents/LabRemo/Orchestrator/ros2_labremoto/install/my_mas/share/my_mas/cmake/export_my_mas__rosidl_typesupport_fastrtps_cExport.cmake
[3.527s] -- Up-to-date: /home/ffelix07/Documents/LabRemo/Orchestrator/ros2_labremoto/install/my_mas/share/my_mas/cmake/export_my_mas__rosidl_typesupport_fastrtps_cExport-noconfig.cmake
[3.527s] -- Up-to-date: /home/ffelix07/Documents/LabRemo/Orchestrator/ros2_labremoto/install/my_mas/share/my_mas/cmake/my_mas__rosidl_typesupport_introspection_cExport.cmake
[3.528s] -- Up-to-date: /home/ffelix07/Documents/LabRemo/Orchestrator/ros2_labremoto/install/my_mas/share/my_mas/cmake/my_mas__rosidl_typesupport_introspection_cExport-noconfig.cmake
[3.528s] -- Up-to-date: /home/ffelix07/Documents/LabRemo/Orchestrator/ros2_labremoto/install/my_mas/share/my_mas/cmake/my_mas__rosidl_typesupport_cExport.cmake
[3.528s] -- Up-to-date: /home/ffelix07/Documents/LabRemo/Orchestrator/ros2_labremoto/install/my_mas/share/my_mas/cmake/my_mas__rosidl_typesupport_cExport-noconfig.cmake
[3.529s] -- Up-to-date: /home/ffelix07/Documents/LabRemo/Orchestrator/ros2_labremoto/install/my_mas/share/my_mas/cmake/export_my_mas__rosidl_generator_cppExport.cmake
[3.529s] -- Up-to-date: /home/ffelix07/Documents/LabRemo/Orchestrator/ros2_labremoto/install/my_mas/share/my_mas/cmake/export_my_mas__rosidl_typesupport_fastrtps_cppExport.cmake
[3.529s] -- Up-to-date: /home/ffelix07/Documents/LabRemo/Orchestrator/ros2_labremoto/install/my_mas/share/my_mas/cmake/export_my_mas__rosidl_typesupport_fastrtps_cppExport-noconfig.cmake
[3.530s] -- Up-to-date: /home/ffelix07/Documents/LabRemo/Orchestrator/ros2_labremoto/install/my_mas/share/my_mas/cmake/my_mas__rosidl_typesupport_introspection_cppExport.cmake
[3.530s] -- Up-to-date: /home/ffelix07/Documents/LabRemo/Orchestrator/ros2_labremoto/install/my_mas/share/my_mas/cmake/my_mas__rosidl_typesupport_introspection_cppExport-noconfig.cmake
[3.531s] -- Up-to-date: /home/ffelix07/Documents/LabRemo/Orchestrator/ros2_labremoto/install/my_mas/share/my_mas/cmake/my_mas__rosidl_typesupport_cppExport.cmake
[3.531s] -- Up-to-date: /home/ffelix07/Documents/LabRemo/Orchestrator/ros2_labremoto/install/my_mas/share/my_mas/cmake/my_mas__rosidl_typesupport_cppExport-noconfig.cmake
[3.531s] -- Up-to-date: /home/ffelix07/Documents/LabRemo/Orchestrator/ros2_labremoto/install/my_mas/share/my_mas/cmake/export_my_mas__rosidl_generator_pyExport.cmake
[3.532s] -- Up-to-date: /home/ffelix07/Documents/LabRemo/Orchestrator/ros2_labremoto/install/my_mas/share/my_mas/cmake/export_my_mas__rosidl_generator_pyExport-noconfig.cmake
[3.532s] -- Up-to-date: /home/ffelix07/Documents/LabRemo/Orchestrator/ros2_labremoto/install/my_mas/share/my_mas/cmake/rosidl_cmake-extras.cmake
[3.532s] -- Up-to-date: /home/ffelix07/Documents/LabRemo/Orchestrator/ros2_labremoto/install/my_mas/share/my_mas/cmake/ament_cmake_export_dependencies-extras.cmake
[3.533s] -- Up-to-date: /home/ffelix07/Documents/LabRemo/Orchestrator/ros2_labremoto/install/my_mas/share/my_mas/cmake/ament_cmake_export_include_directories-extras.cmake
[3.533s] -- Up-to-date: /home/ffelix07/Documents/LabRemo/Orchestrator/ros2_labremoto/install/my_mas/share/my_mas/cmake/ament_cmake_export_libraries-extras.cmake
[3.533s] -- Up-to-date: /home/ffelix07/Documents/LabRemo/Orchestrator/ros2_labremoto/install/my_mas/share/my_mas/cmake/ament_cmake_export_targets-extras.cmake
[3.534s] -- Up-to-date: /home/ffelix07/Documents/LabRemo/Orchestrator/ros2_labremoto/install/my_mas/share/my_mas/cmake/rosidl_cmake_export_typesupport_targets-extras.cmake
[3.534s] -- Up-to-date: /home/ffelix07/Documents/LabRemo/Orchestrator/ros2_labremoto/install/my_mas/share/my_mas/cmake/rosidl_cmake_export_typesupport_libraries-extras.cmake
[3.535s] -- Up-to-date: /home/ffelix07/Documents/LabRemo/Orchestrator/ros2_labremoto/install/my_mas/share/my_mas/cmake/my_masConfig.cmake
[3.535s] -- Up-to-date: /home/ffelix07/Documents/LabRemo/Orchestrator/ros2_labremoto/install/my_mas/share/my_mas/cmake/my_masConfig-version.cmake
[3.535s] -- Up-to-date: /home/ffelix07/Documents/LabRemo/Orchestrator/ros2_labremoto/install/my_mas/share/my_mas/package.xml
[3.536s] Invoked command in '/home/ffelix07/Documents/LabRemo/Orchestrator/ros2_labremoto/build/my_mas' returned '0': CMAKE_PREFIX_PATH=${CMAKE_PREFIX_PATH}:/home/ffelix07/Documents/LabRemo/Orchestrator/ros2_labremoto/install/launchstructure:/home/ffelix07/Documents/LabRemo/Orchestrator/ros2_labremoto/install/py_pubsub:/home/ffelix07/Documents/LabRemo/Orchestrator/ros2_labremoto/install/lstructure:/home/ffelix07/Documents/LabRemo/Orchestrator/ros2_labremoto/install/hardware:/home/ffelix07/Documents/LabRemo/Orchestrator/ros2_labremoto/install/ament_pep257:/home/ffelix07/Documents/LabRemo/Orchestrator/ros2_labremoto/install/ament_package:/home/ffelix07/Documents/LabRemo/Orchestrator/ros2_labremoto/install/ament_flake8:/opt/ros/humble /usr/bin/cmake --install /home/ffelix07/Documents/LabRemo/Orchestrator/ros2_labremoto/build/my_mas
