In file included from [01m[K/home/ffelix07/Documents/LabRemo/Orchestrator/ros2_labremoto/build/my_mas/rosidl_generator_c/my_mas/msg/detail/auditor_msg__functions.h:19[m[K,
                 from [01m[K/home/ffelix07/Documents/LabRemo/Orchestrator/ros2_labremoto/build/my_mas/rosidl_generator_c/my_mas/msg/detail/auditor_msg__functions.c:4[m[K:
[01m[K/home/ffelix07/Documents/LabRemo/Orchestrator/ros2_labremoto/build/my_mas/rosidl_generator_c/my_mas/msg/detail/auditor_msg__struct.h:25:10:[m[K [01;31m[Kfatal error: [m[Kmy_mas/msg/detail/time__struct.h: No such file or directory
   25 | #include [01;31m[K"my_mas/msg/detail/time__struct.h"[m[K
      |          [01;31m[K^~~~~~~~~~~~~~~~~~~~~~~~~~~~~~~~~~[m[K
compilation terminated.
gmake[2]: *** [CMakeFiles/my_mas__rosidl_generator_c.dir/build.make:249: CMakeFiles/my_mas__rosidl_generator_c.dir/rosidl_generator_c/my_mas/msg/detail/auditor_msg__functions.c.o] Error 1
gmake[2]: *** Waiting for unfinished jobs....
gmake[1]: *** [CMakeFiles/Makefile2:213: CMakeFiles/my_mas__rosidl_generator_c.dir/all] Error 2
gmake[1]: *** Waiting for unfinished jobs....
In file included from [01m[K/home/ffelix07/Documents/LabRemo/Orchestrator/ros2_labremoto/build/my_mas/rosidl_typesupport_cpp/my_mas/msg/auditor_msg__type_support.cpp:7[m[K:
[01m[K/home/ffelix07/Documents/LabRemo/Orchestrator/ros2_labremoto/build/my_mas/rosidl_generator_cpp/my_mas/msg/detail/auditor_msg__struct.hpp:20:10:[m[K [01;31m[Kfatal error: [m[Kmy_mas/msg/detail/time__struct.hpp: No such file or directory
   20 | #include [01;31m[K"my_mas/msg/detail/time__struct.hpp"[m[K
      |          [01;31m[K^~~~~~~~~~~~~~~~~~~~~~~~~~~~~~~~~~~~[m[K
compilation terminated.
gmake[2]: *** [CMakeFiles/my_mas__rosidl_typesupport_cpp.dir/build.make:182: CMakeFiles/my_mas__rosidl_typesupport_cpp.dir/rosidl_typesupport_cpp/my_mas/msg/auditor_msg__type_support.cpp.o] Error 1
gmake[2]: *** Waiting for unfinished jobs....
In file included from [01m[K/home/ffelix07/Documents/LabRemo/Orchestrator/ros2_labremoto/build/my_mas/rosidl_typesupport_introspection_cpp/my_mas/msg/detail/auditor_msg__type_support.cpp:12[m[K:
[01m[K/home/ffelix07/Documents/LabRemo/Orchestrator/ros2_labremoto/build/my_mas/rosidl_generator_cpp/my_mas/msg/detail/auditor_msg__struct.hpp:20:10:[m[K [01;31m[Kfatal error: [m[Kmy_mas/msg/detail/time__struct.hpp: No such file or directory
   20 | #include [01;31m[K"my_mas/msg/detail/time__struct.hpp"[m[K
      |          [01;31m[K^~~~~~~~~~~~~~~~~~~~~~~~~~~~~~~~~~~~[m[K
compilation terminated.
gmake[2]: *** [CMakeFiles/my_mas__rosidl_typesupport_introspection_cpp.dir/build.make:199: CMakeFiles/my_mas__rosidl_typesupport_introspection_cpp.dir/rosidl_typesupport_introspection_cpp/my_mas/msg/detail/auditor_msg__type_support.cpp.o] Error 1
gmake[2]: *** Waiting for unfinished jobs....
gmake[1]: *** [CMakeFiles/Makefile2:395: CMakeFiles/my_mas__rosidl_typesupport_cpp.dir/all] Error 2
In file included from [01m[K/home/ffelix07/Documents/LabRemo/Orchestrator/ros2_labremoto/build/my_mas/rosidl_typesupport_fastrtps_cpp/my_mas/msg/detail/auditor_msg__rosidl_typesupport_fastrtps_cpp.hpp:11[m[K,
                 from [01m[K/home/ffelix07/Documents/LabRemo/Orchestrator/ros2_labremoto/build/my_mas/rosidl_typesupport_fastrtps_cpp/my_mas/msg/detail/dds_fastrtps/auditor_msg__type_support.cpp:4[m[K:
[01m[K/home/ffelix07/Documents/LabRemo/Orchestrator/ros2_labremoto/build/my_mas/rosidl_generator_cpp/my_mas/msg/detail/auditor_msg__struct.hpp:20:10:[m[K [01;31m[Kfatal error: [m[Kmy_mas/msg/detail/time__struct.hpp: No such file or directory
   20 | #include [01;31m[K"my_mas/msg/detail/time__struct.hpp"[m[K
      |          [01;31m[K^~~~~~~~~~~~~~~~~~~~~~~~~~~~~~~~~~~~[m[K
compilation terminated.
gmake[2]: *** [CMakeFiles/my_mas__rosidl_typesupport_fastrtps_cpp.dir/build.make:199: CMakeFiles/my_mas__rosidl_typesupport_fastrtps_cpp.dir/rosidl_typesupport_fastrtps_cpp/my_mas/msg/detail/dds_fastrtps/auditor_msg__type_support.cpp.o] Error 1
gmake[2]: *** Waiting for unfinished jobs....
gmake[1]: *** [CMakeFiles/Makefile2:369: CMakeFiles/my_mas__rosidl_typesupport_introspection_cpp.dir/all] Error 2
gmake[1]: *** [CMakeFiles/Makefile2:343: CMakeFiles/my_mas__rosidl_typesupport_fastrtps_cpp.dir/all] Error 2
gmake: *** [Makefile:146: all] Error 2
