running egg_info
writing ../../build/py_pubsub/py_pubsub.egg-info/PKG-INFO
writing dependency_links to ../../build/py_pubsub/py_pubsub.egg-info/dependency_links.txt
writing entry points to ../../build/py_pubsub/py_pubsub.egg-info/entry_points.txt
writing requirements to ../../build/py_pubsub/py_pubsub.egg-info/requires.txt
writing top-level names to ../../build/py_pubsub/py_pubsub.egg-info/top_level.txt
reading manifest file '../../build/py_pubsub/py_pubsub.egg-info/SOURCES.txt'
adding license file 'LICENSE'
writing manifest file '../../build/py_pubsub/py_pubsub.egg-info/SOURCES.txt'
running build
running build_py
copying py_pubsub/admin_transacciones.py -> /home/trabajo/LabRemo/labremoto_ws/build/py_pubsub/build/lib/py_pubsub
copying py_pubsub/admin_transacciones_entrada.py -> /home/trabajo/LabRemo/labremoto_ws/build/py_pubsub/build/lib/py_pubsub
copying py_pubsub/admin_log_salida.py -> /home/trabajo/LabRemo/labremoto_ws/build/py_pubsub/build/lib/py_pubsub
copying py_pubsub/auditor_transacciones.py -> /home/trabajo/LabRemo/labremoto_ws/build/py_pubsub/build/lib/py_pubsub
copying py_pubsub/publisher_prueba.py -> /home/trabajo/LabRemo/labremoto_ws/build/py_pubsub/build/lib/py_pubsub
copying py_pubsub/publisher_transentrada.py -> /home/trabajo/LabRemo/labremoto_ws/build/py_pubsub/build/lib/py_pubsub
copying py_pubsub/carga_bit_cliente.py -> /home/trabajo/LabRemo/labremoto_ws/build/py_pubsub/build/lib/py_pubsub
copying py_pubsub/vhdlbit_cliente.py -> /home/trabajo/LabRemo/labremoto_ws/build/py_pubsub/build/lib/py_pubsub
copying py_pubsub/supervisor_operaciones.py -> /home/trabajo/LabRemo/labremoto_ws/build/py_pubsub/build/lib/py_pubsub
copying py_pubsub/admin_contratos.py -> /home/trabajo/LabRemo/labremoto_ws/build/py_pubsub/build/lib/py_pubsub
running install
running install_lib
copying /home/trabajo/LabRemo/labremoto_ws/build/py_pubsub/build/lib/py_pubsub/admin_transacciones.py -> /home/trabajo/LabRemo/labremoto_ws/install/py_pubsub/lib/python3.10/site-packages/py_pubsub
copying /home/trabajo/LabRemo/labremoto_ws/build/py_pubsub/build/lib/py_pubsub/admin_transacciones_entrada.py -> /home/trabajo/LabRemo/labremoto_ws/install/py_pubsub/lib/python3.10/site-packages/py_pubsub
copying /home/trabajo/LabRemo/labremoto_ws/build/py_pubsub/build/lib/py_pubsub/admin_log_salida.py -> /home/trabajo/LabRemo/labremoto_ws/install/py_pubsub/lib/python3.10/site-packages/py_pubsub
copying /home/trabajo/LabRemo/labremoto_ws/build/py_pubsub/build/lib/py_pubsub/auditor_transacciones.py -> /home/trabajo/LabRemo/labremoto_ws/install/py_pubsub/lib/python3.10/site-packages/py_pubsub
copying /home/trabajo/LabRemo/labremoto_ws/build/py_pubsub/build/lib/py_pubsub/publisher_prueba.py -> /home/trabajo/LabRemo/labremoto_ws/install/py_pubsub/lib/python3.10/site-packages/py_pubsub
copying /home/trabajo/LabRemo/labremoto_ws/build/py_pubsub/build/lib/py_pubsub/publisher_transentrada.py -> /home/trabajo/LabRemo/labremoto_ws/install/py_pubsub/lib/python3.10/site-packages/py_pubsub
copying /home/trabajo/LabRemo/labremoto_ws/build/py_pubsub/build/lib/py_pubsub/carga_bit_cliente.py -> /home/trabajo/LabRemo/labremoto_ws/install/py_pubsub/lib/python3.10/site-packages/py_pubsub
copying /home/trabajo/LabRemo/labremoto_ws/build/py_pubsub/build/lib/py_pubsub/vhdlbit_cliente.py -> /home/trabajo/LabRemo/labremoto_ws/install/py_pubsub/lib/python3.10/site-packages/py_pubsub
copying /home/trabajo/LabRemo/labremoto_ws/build/py_pubsub/build/lib/py_pubsub/supervisor_operaciones.py -> /home/trabajo/LabRemo/labremoto_ws/install/py_pubsub/lib/python3.10/site-packages/py_pubsub
copying /home/trabajo/LabRemo/labremoto_ws/build/py_pubsub/build/lib/py_pubsub/admin_contratos.py -> /home/trabajo/LabRemo/labremoto_ws/install/py_pubsub/lib/python3.10/site-packages/py_pubsub
byte-compiling /home/trabajo/LabRemo/labremoto_ws/install/py_pubsub/lib/python3.10/site-packages/py_pubsub/admin_transacciones.py to admin_transacciones.cpython-310.pyc
byte-compiling /home/trabajo/LabRemo/labremoto_ws/install/py_pubsub/lib/python3.10/site-packages/py_pubsub/admin_transacciones_entrada.py to admin_transacciones_entrada.cpython-310.pyc
byte-compiling /home/trabajo/LabRemo/labremoto_ws/install/py_pubsub/lib/python3.10/site-packages/py_pubsub/admin_log_salida.py to admin_log_salida.cpython-310.pyc
byte-compiling /home/trabajo/LabRemo/labremoto_ws/install/py_pubsub/lib/python3.10/site-packages/py_pubsub/auditor_transacciones.py to auditor_transacciones.cpython-310.pyc
byte-compiling /home/trabajo/LabRemo/labremoto_ws/install/py_pubsub/lib/python3.10/site-packages/py_pubsub/publisher_prueba.py to publisher_prueba.cpython-310.pyc
byte-compiling /home/trabajo/LabRemo/labremoto_ws/install/py_pubsub/lib/python3.10/site-packages/py_pubsub/publisher_transentrada.py to publisher_transentrada.cpython-310.pyc
byte-compiling /home/trabajo/LabRemo/labremoto_ws/install/py_pubsub/lib/python3.10/site-packages/py_pubsub/carga_bit_cliente.py to carga_bit_cliente.cpython-310.pyc
byte-compiling /home/trabajo/LabRemo/labremoto_ws/install/py_pubsub/lib/python3.10/site-packages/py_pubsub/vhdlbit_cliente.py to vhdlbit_cliente.cpython-310.pyc
byte-compiling /home/trabajo/LabRemo/labremoto_ws/install/py_pubsub/lib/python3.10/site-packages/py_pubsub/supervisor_operaciones.py to supervisor_operaciones.cpython-310.pyc
byte-compiling /home/trabajo/LabRemo/labremoto_ws/install/py_pubsub/lib/python3.10/site-packages/py_pubsub/admin_contratos.py to admin_contratos.cpython-310.pyc
running install_data
running install_egg_info
removing '/home/trabajo/LabRemo/labremoto_ws/install/py_pubsub/lib/python3.10/site-packages/py_pubsub-0.0.0-py3.10.egg-info' (and everything under it)
Copying ../../build/py_pubsub/py_pubsub.egg-info to /home/trabajo/LabRemo/labremoto_ws/install/py_pubsub/lib/python3.10/site-packages/py_pubsub-0.0.0-py3.10.egg-info
running install_scripts
Installing admin_contratos script to /home/trabajo/LabRemo/labremoto_ws/install/py_pubsub/lib/py_pubsub
Installing admin_log_salida script to /home/trabajo/LabRemo/labremoto_ws/install/py_pubsub/lib/py_pubsub
Installing admin_transacciones script to /home/trabajo/LabRemo/labremoto_ws/install/py_pubsub/lib/py_pubsub
Installing admin_transacciones_entrada script to /home/trabajo/LabRemo/labremoto_ws/install/py_pubsub/lib/py_pubsub
Installing arduino_inf_cliente script to /home/trabajo/LabRemo/labremoto_ws/install/py_pubsub/lib/py_pubsub
Installing arduino_infrastructure script to /home/trabajo/LabRemo/labremoto_ws/install/py_pubsub/lib/py_pubsub
Installing auditor_transacciones script to /home/trabajo/LabRemo/labremoto_ws/install/py_pubsub/lib/py_pubsub
Installing publisher_prueba script to /home/trabajo/LabRemo/labremoto_ws/install/py_pubsub/lib/py_pubsub
Installing publisher_transentrada script to /home/trabajo/LabRemo/labremoto_ws/install/py_pubsub/lib/py_pubsub
Installing supervisor_operaciones script to /home/trabajo/LabRemo/labremoto_ws/install/py_pubsub/lib/py_pubsub
Installing transform_vhdl_bit script to /home/trabajo/LabRemo/labremoto_ws/install/py_pubsub/lib/py_pubsub
Installing vhdlbit_cliente script to /home/trabajo/LabRemo/labremoto_ws/install/py_pubsub/lib/py_pubsub
writing list of installed files to '/home/trabajo/LabRemo/labremoto_ws/build/py_pubsub/install.log'
