[0.003s] Invoking command in '/home/trabajo/LabRemo/Orchestrator/ros2_labremoto/build/my_mas': CMAKE_PREFIX_PATH=/opt/ros/humble LANG=en_US.UTF-8 /usr/bin/cmake --build /home/trabajo/LabRemo/Orchestrator/ros2_labremoto/build/my_mas -- -j1 -l1
[0.020s] -- Found ament_cmake: 1.3.5 (/opt/ros/humble/share/ament_cmake/cmake)
[0.115s] -- Found ament_lint_auto: 0.12.7 (/opt/ros/humble/share/ament_lint_auto/cmake)
[0.163s] -- Added test 'lint_cmake' to check CMake code style
[0.164s] -- Added test 'xmllint' to check XML markup files
[0.165s] -- Configuring done
[0.167s] -- Generating done
[0.168s] -- Build files have been written to: /home/trabajo/LabRemo/Orchestrator/ros2_labremoto/build/my_mas
[0.181s] Invoked command in '/home/trabajo/LabRemo/Orchestrator/ros2_labremoto/build/my_mas' returned '0': CMAKE_PREFIX_PATH=/opt/ros/humble LANG=en_US.UTF-8 /usr/bin/cmake --build /home/trabajo/LabRemo/Orchestrator/ros2_labremoto/build/my_mas -- -j1 -l1
[0.197s] Invoking command in '/home/trabajo/LabRemo/Orchestrator/ros2_labremoto/build/my_mas': CMAKE_PREFIX_PATH=/opt/ros/humble LANG=en_US.UTF-8 /usr/bin/cmake --install /home/trabajo/LabRemo/Orchestrator/ros2_labremoto/build/my_mas
[0.201s] -- Install configuration: ""
[0.202s] -- Installing: /home/trabajo/LabRemo/Orchestrator/ros2_labremoto/install/my_mas/share/ament_index/resource_index/package_run_dependencies/my_mas
[0.202s] -- Up-to-date: /home/trabajo/LabRemo/Orchestrator/ros2_labremoto/install/my_mas/share/ament_index/resource_index/parent_prefix_path/my_mas
[0.202s] -- Up-to-date: /home/trabajo/LabRemo/Orchestrator/ros2_labremoto/install/my_mas/share/my_mas/environment/ament_prefix_path.sh
[0.202s] -- Installing: /home/trabajo/LabRemo/Orchestrator/ros2_labremoto/install/my_mas/share/my_mas/environment/ament_prefix_path.dsv
[0.202s] -- Up-to-date: /home/trabajo/LabRemo/Orchestrator/ros2_labremoto/install/my_mas/share/my_mas/environment/path.sh
[0.202s] -- Installing: /home/trabajo/LabRemo/Orchestrator/ros2_labremoto/install/my_mas/share/my_mas/environment/path.dsv
[0.202s] -- Up-to-date: /home/trabajo/LabRemo/Orchestrator/ros2_labremoto/install/my_mas/share/my_mas/local_setup.bash
[0.203s] -- Up-to-date: /home/trabajo/LabRemo/Orchestrator/ros2_labremoto/install/my_mas/share/my_mas/local_setup.sh
[0.203s] -- Up-to-date: /home/trabajo/LabRemo/Orchestrator/ros2_labremoto/install/my_mas/share/my_mas/local_setup.zsh
[0.203s] -- Installing: /home/trabajo/LabRemo/Orchestrator/ros2_labremoto/install/my_mas/share/my_mas/local_setup.dsv
[0.203s] -- Installing: /home/trabajo/LabRemo/Orchestrator/ros2_labremoto/install/my_mas/share/my_mas/package.dsv
[0.203s] -- Up-to-date: /home/trabajo/LabRemo/Orchestrator/ros2_labremoto/install/my_mas/share/ament_index/resource_index/packages/my_mas
[0.203s] -- Up-to-date: /home/trabajo/LabRemo/Orchestrator/ros2_labremoto/install/my_mas/share/my_mas/cmake/my_masConfig.cmake
[0.203s] -- Up-to-date: /home/trabajo/LabRemo/Orchestrator/ros2_labremoto/install/my_mas/share/my_mas/cmake/my_masConfig-version.cmake
[0.203s] -- Installing: /home/trabajo/LabRemo/Orchestrator/ros2_labremoto/install/my_mas/share/my_mas/package.xml
[0.209s] Invoked command in '/home/trabajo/LabRemo/Orchestrator/ros2_labremoto/build/my_mas' returned '0': CMAKE_PREFIX_PATH=/opt/ros/humble LANG=en_US.UTF-8 /usr/bin/cmake --install /home/trabajo/LabRemo/Orchestrator/ros2_labremoto/build/my_mas
