running egg_info
creating ../../build/lstructure/lstructure.egg-info
writing ../../build/lstructure/lstructure.egg-info/PKG-INFO
writing dependency_links to ../../build/lstructure/lstructure.egg-info/dependency_links.txt
writing entry points to ../../build/lstructure/lstructure.egg-info/entry_points.txt
writing requirements to ../../build/lstructure/lstructure.egg-info/requires.txt
writing top-level names to ../../build/lstructure/lstructure.egg-info/top_level.txt
writing manifest file '../../build/lstructure/lstructure.egg-info/SOURCES.txt'
reading manifest file '../../build/lstructure/lstructure.egg-info/SOURCES.txt'
writing manifest file '../../build/lstructure/lstructure.egg-info/SOURCES.txt'
running build
running build_py
creating /home/ffelix07/Documents/LabRemo/Orchestrator/ros2_labremoto/build/lstructure/build
creating /home/ffelix07/Documents/LabRemo/Orchestrator/ros2_labremoto/build/lstructure/build/lib
creating /home/ffelix07/Documents/LabRemo/Orchestrator/ros2_labremoto/build/lstructure/build/lib/lstructure
copying lstructure/linicial.py -> /home/ffelix07/Documents/LabRemo/Orchestrator/ros2_labremoto/build/lstructure/build/lib/lstructure
copying lstructure/__init__.py -> /home/ffelix07/Documents/LabRemo/Orchestrator/ros2_labremoto/build/lstructure/build/lib/lstructure
running install
running install_lib
creating /home/ffelix07/Documents/LabRemo/Orchestrator/ros2_labremoto/install/lstructure/lib/python3.10/site-packages/lstructure
copying /home/ffelix07/Documents/LabRemo/Orchestrator/ros2_labremoto/build/lstructure/build/lib/lstructure/linicial.py -> /home/ffelix07/Documents/LabRemo/Orchestrator/ros2_labremoto/install/lstructure/lib/python3.10/site-packages/lstructure
copying /home/ffelix07/Documents/LabRemo/Orchestrator/ros2_labremoto/build/lstructure/build/lib/lstructure/__init__.py -> /home/ffelix07/Documents/LabRemo/Orchestrator/ros2_labremoto/install/lstructure/lib/python3.10/site-packages/lstructure
byte-compiling /home/ffelix07/Documents/LabRemo/Orchestrator/ros2_labremoto/install/lstructure/lib/python3.10/site-packages/lstructure/linicial.py to linicial.cpython-310.pyc
byte-compiling /home/ffelix07/Documents/LabRemo/Orchestrator/ros2_labremoto/install/lstructure/lib/python3.10/site-packages/lstructure/__init__.py to __init__.cpython-310.pyc
running install_data
creating /home/ffelix07/Documents/LabRemo/Orchestrator/ros2_labremoto/install/lstructure/share/ament_index
creating /home/ffelix07/Documents/LabRemo/Orchestrator/ros2_labremoto/install/lstructure/share/ament_index/resource_index
creating /home/ffelix07/Documents/LabRemo/Orchestrator/ros2_labremoto/install/lstructure/share/ament_index/resource_index/packages
copying resource/lstructure -> /home/ffelix07/Documents/LabRemo/Orchestrator/ros2_labremoto/install/lstructure/share/ament_index/resource_index/packages
copying package.xml -> /home/ffelix07/Documents/LabRemo/Orchestrator/ros2_labremoto/install/lstructure/share/lstructure
running install_egg_info
Copying ../../build/lstructure/lstructure.egg-info to /home/ffelix07/Documents/LabRemo/Orchestrator/ros2_labremoto/install/lstructure/lib/python3.10/site-packages/lstructure-0.0.0-py3.10.egg-info
running install_scripts
writing list of installed files to '/home/ffelix07/Documents/LabRemo/Orchestrator/ros2_labremoto/build/lstructure/install.log'
