[1.124s] Invoking command in '/home/ffelix07/Documents/LabRemo/build/my_mas': CMAKE_PREFIX_PATH=${CMAKE_PREFIX_PATH}:/home/ffelix07/Documents/LabRemo/Orchestrator/ros2_labremoto/install/launchstructure:/home/ffelix07/Documents/LabRemo/Orchestrator/ros2_labremoto/install/py_pubsub:/home/ffelix07/Documents/LabRemo/Orchestrator/ros2_labremoto/install/lstructure:/home/ffelix07/Documents/LabRemo/Orchestrator/ros2_labremoto/install/hardware:/home/ffelix07/Documents/LabRemo/Orchestrator/ros2_labremoto/install/ament_pep257:/home/ffelix07/Documents/LabRemo/Orchestrator/ros2_labremoto/install/ament_package:/home/ffelix07/Documents/LabRemo/Orchestrator/ros2_labremoto/install/ament_flake8:/opt/ros/humble CONDA_PROMPT_MODIFIER=(base) /usr/bin/cmake /home/ffelix07/Documents/LabRemo/Orchestrator/ros2_labremoto/src/my_mas -DCMAKE_INSTALL_PREFIX=/home/ffelix07/Documents/LabRemo/install/my_mas
[1.737s] -- The C compiler identification is GNU 11.4.0
[2.172s] -- The CXX compiler identification is GNU 11.4.0
[2.209s] -- Detecting C compiler ABI info
[2.488s] -- Detecting C compiler ABI info - done
[2.519s] -- Check for working C compiler: /usr/bin/cc - skipped
[2.520s] -- Detecting C compile features
[2.525s] -- Detecting C compile features - done
[2.551s] -- Detecting CXX compiler ABI info
[2.818s] -- Detecting CXX compiler ABI info - done
[2.842s] -- Check for working CXX compiler: /usr/bin/c++ - skipped
[2.843s] -- Detecting CXX compile features
[2.850s] -- Detecting CXX compile features - done
[2.909s] -- Found ament_cmake: 1.3.7 (/opt/ros/humble/share/ament_cmake/cmake)
[3.060s] -- Found PythonInterp: /home/ffelix07/miniconda3/bin/python3 (found suitable version "3.11.5", minimum required is "3") 
[3.064s] -- Using PYTHON_EXECUTABLE: /home/ffelix07/miniconda3/bin/python3
[4.059s] -- Found rosidl_default_generators: 1.2.0 (/opt/ros/humble/share/rosidl_default_generators/cmake)
[4.082s] -- Using all available rosidl_typesupport_c: rosidl_typesupport_fastrtps_c;rosidl_typesupport_introspection_c
[4.118s] -- Found rosidl_adapter: 3.1.5 (/opt/ros/humble/share/rosidl_adapter/cmake)
[4.312s] -- Using all available rosidl_typesupport_cpp: rosidl_typesupport_fastrtps_cpp;rosidl_typesupport_introspection_cpp
[4.479s] -- Found geometry_msgs: 4.2.3 (/opt/ros/humble/share/geometry_msgs/cmake)
[6.343s] -- Found Python3: /usr/bin/python3.10 (found version "3.10.12") found components: Interpreter 
[6.347s] [31mCMake Error at /opt/ros/humble/share/rosidl_adapter/cmake/rosidl_adapt_interfaces.cmake:42 (get_executable_path):
[6.349s]   Unknown CMake command "get_executable_path".
[6.351s] Call Stack (most recent call first):
[6.353s]   /opt/ros/humble/share/rosidl_cmake/cmake/rosidl_generate_interfaces.cmake:130 (rosidl_adapt_interfaces)
[6.355s]   CMakeLists.txt:37 (rosidl_generate_interfaces)
[6.358s] 
[6.359s] [0m
[6.361s] -- Configuring incomplete, errors occurred!
[6.362s] See also "/home/ffelix07/Documents/LabRemo/build/my_mas/CMakeFiles/CMakeOutput.log".
[6.364s] Invoked command in '/home/ffelix07/Documents/LabRemo/build/my_mas' returned '1': CMAKE_PREFIX_PATH=${CMAKE_PREFIX_PATH}:/home/ffelix07/Documents/LabRemo/Orchestrator/ros2_labremoto/install/launchstructure:/home/ffelix07/Documents/LabRemo/Orchestrator/ros2_labremoto/install/py_pubsub:/home/ffelix07/Documents/LabRemo/Orchestrator/ros2_labremoto/install/lstructure:/home/ffelix07/Documents/LabRemo/Orchestrator/ros2_labremoto/install/hardware:/home/ffelix07/Documents/LabRemo/Orchestrator/ros2_labremoto/install/ament_pep257:/home/ffelix07/Documents/LabRemo/Orchestrator/ros2_labremoto/install/ament_package:/home/ffelix07/Documents/LabRemo/Orchestrator/ros2_labremoto/install/ament_flake8:/opt/ros/humble CONDA_PROMPT_MODIFIER=(base) /usr/bin/cmake /home/ffelix07/Documents/LabRemo/Orchestrator/ros2_labremoto/src/my_mas -DCMAKE_INSTALL_PREFIX=/home/ffelix07/Documents/LabRemo/install/my_mas
