[5.250s] DEBUG:colcon:Command line arguments: ['/usr/bin/colcon', 'build', '--packages-select', 'py_pubsub', '--allow-overriding', 'py_pubsub']
[5.250s] DEBUG:colcon:Parsed command line arguments: Namespace(log_base=None, log_level=None, verb_name='build', build_base='build', install_base='install', merge_install=False, symlink_install=False, test_result_base=None, continue_on_error=False, executor='parallel', parallel_workers=4, event_handlers=None, ignore_user_meta=False, metas=['./colcon.meta'], base_paths=['.'], packages_ignore=None, packages_ignore_regex=None, paths=None, packages_up_to=None, packages_up_to_regex=None, packages_above=None, packages_above_and_dependencies=None, packages_above_depth=None, packages_select_by_dep=None, packages_skip_by_dep=None, packages_skip_up_to=None, packages_select_build_failed=False, packages_skip_build_finished=False, packages_select_test_failures=False, packages_skip_test_passed=False, packages_select=['py_pubsub'], packages_skip=None, packages_select_regex=None, packages_skip_regex=None, packages_start=None, packages_end=None, allow_overriding=['py_pubsub'], cmake_args=None, cmake_target=None, cmake_target_skip_unavailable=False, cmake_clean_cache=False, cmake_clean_first=False, cmake_force_configure=False, ament_cmake_args=None, catkin_cmake_args=None, catkin_skip_building_tests=False, verb_parser=<colcon_defaults.argument_parser.defaults.DefaultArgumentsDecorator object at 0x7f0a4b8ac370>, verb_extension=<colcon_core.verb.build.BuildVerb object at 0x7f0a4b867df0>, main=<bound method BuildVerb.main of <colcon_core.verb.build.BuildVerb object at 0x7f0a4b867df0>>)
[5.504s] Level 1:colcon.colcon_core.package_discovery:discover_packages(colcon_meta) check parameters
[5.504s] Level 1:colcon.colcon_core.package_discovery:discover_packages(recursive) check parameters
[5.504s] Level 1:colcon.colcon_core.package_discovery:discover_packages(ignore) check parameters
[5.504s] Level 1:colcon.colcon_core.package_discovery:discover_packages(path) check parameters
[5.504s] Level 1:colcon.colcon_core.package_discovery:discover_packages(colcon_meta) discover
[5.504s] Level 1:colcon.colcon_core.package_discovery:discover_packages(recursive) discover
[5.505s] INFO:colcon.colcon_core.package_discovery:Crawling recursively for packages in '/home/ffelix07/Documents/LabRemo'
[5.505s] Level 1:colcon.colcon_core.package_identification:_identify(.) by extensions ['ignore', 'ignore_ament_install']
[5.505s] Level 1:colcon.colcon_core.package_identification:_identify(.) by extension 'ignore'
[5.505s] Level 1:colcon.colcon_core.package_identification:_identify(.) by extension 'ignore_ament_install'
[5.506s] Level 1:colcon.colcon_core.package_identification:_identify(.) by extensions ['colcon_pkg']
[5.506s] Level 1:colcon.colcon_core.package_identification:_identify(.) by extension 'colcon_pkg'
[5.506s] Level 1:colcon.colcon_core.package_identification:_identify(.) by extensions ['colcon_meta']
[5.506s] Level 1:colcon.colcon_core.package_identification:_identify(.) by extension 'colcon_meta'
[5.506s] Level 1:colcon.colcon_core.package_identification:_identify(.) by extensions ['ros']
[5.506s] Level 1:colcon.colcon_core.package_identification:_identify(.) by extension 'ros'
[5.549s] Level 1:colcon.colcon_core.package_identification:_identify(.) by extensions ['cmake', 'python']
[5.549s] Level 1:colcon.colcon_core.package_identification:_identify(.) by extension 'cmake'
[5.549s] Level 1:colcon.colcon_core.package_identification:_identify(.) by extension 'python'
[5.549s] Level 1:colcon.colcon_core.package_identification:_identify(.) by extensions ['python_setup_py']
[5.550s] Level 1:colcon.colcon_core.package_identification:_identify(.) by extension 'python_setup_py'
[5.550s] Level 1:colcon.colcon_core.package_identification:_identify(Orchestrator) by extensions ['ignore', 'ignore_ament_install']
[5.550s] Level 1:colcon.colcon_core.package_identification:_identify(Orchestrator) by extension 'ignore'
[5.550s] Level 1:colcon.colcon_core.package_identification:_identify(Orchestrator) by extension 'ignore_ament_install'
[5.551s] Level 1:colcon.colcon_core.package_identification:_identify(Orchestrator) by extensions ['colcon_pkg']
[5.551s] Level 1:colcon.colcon_core.package_identification:_identify(Orchestrator) by extension 'colcon_pkg'
[5.551s] Level 1:colcon.colcon_core.package_identification:_identify(Orchestrator) by extensions ['colcon_meta']
[5.551s] Level 1:colcon.colcon_core.package_identification:_identify(Orchestrator) by extension 'colcon_meta'
[5.551s] Level 1:colcon.colcon_core.package_identification:_identify(Orchestrator) by extensions ['ros']
[5.551s] Level 1:colcon.colcon_core.package_identification:_identify(Orchestrator) by extension 'ros'
[5.552s] Level 1:colcon.colcon_core.package_identification:_identify(Orchestrator) by extensions ['cmake', 'python']
[5.552s] Level 1:colcon.colcon_core.package_identification:_identify(Orchestrator) by extension 'cmake'
[5.552s] Level 1:colcon.colcon_core.package_identification:_identify(Orchestrator) by extension 'python'
[5.552s] Level 1:colcon.colcon_core.package_identification:_identify(Orchestrator) by extensions ['python_setup_py']
[5.552s] Level 1:colcon.colcon_core.package_identification:_identify(Orchestrator) by extension 'python_setup_py'
[5.552s] Level 1:colcon.colcon_core.package_identification:_identify(Orchestrator/ros2_labremoto) by extensions ['ignore', 'ignore_ament_install']
[5.553s] Level 1:colcon.colcon_core.package_identification:_identify(Orchestrator/ros2_labremoto) by extension 'ignore'
[5.553s] Level 1:colcon.colcon_core.package_identification:_identify(Orchestrator/ros2_labremoto) by extension 'ignore_ament_install'
[5.553s] Level 1:colcon.colcon_core.package_identification:_identify(Orchestrator/ros2_labremoto) by extensions ['colcon_pkg']
[5.553s] Level 1:colcon.colcon_core.package_identification:_identify(Orchestrator/ros2_labremoto) by extension 'colcon_pkg'
[5.553s] Level 1:colcon.colcon_core.package_identification:_identify(Orchestrator/ros2_labremoto) by extensions ['colcon_meta']
[5.553s] Level 1:colcon.colcon_core.package_identification:_identify(Orchestrator/ros2_labremoto) by extension 'colcon_meta'
[5.554s] Level 1:colcon.colcon_core.package_identification:_identify(Orchestrator/ros2_labremoto) by extensions ['ros']
[5.554s] Level 1:colcon.colcon_core.package_identification:_identify(Orchestrator/ros2_labremoto) by extension 'ros'
[5.554s] Level 1:colcon.colcon_core.package_identification:_identify(Orchestrator/ros2_labremoto) by extensions ['cmake', 'python']
[5.554s] Level 1:colcon.colcon_core.package_identification:_identify(Orchestrator/ros2_labremoto) by extension 'cmake'
[5.554s] Level 1:colcon.colcon_core.package_identification:_identify(Orchestrator/ros2_labremoto) by extension 'python'
[5.554s] Level 1:colcon.colcon_core.package_identification:_identify(Orchestrator/ros2_labremoto) by extensions ['python_setup_py']
[5.554s] Level 1:colcon.colcon_core.package_identification:_identify(Orchestrator/ros2_labremoto) by extension 'python_setup_py'
[5.555s] Level 1:colcon.colcon_core.package_identification:_identify(Orchestrator/ros2_labremoto/build) by extensions ['ignore', 'ignore_ament_install']
[5.555s] Level 1:colcon.colcon_core.package_identification:_identify(Orchestrator/ros2_labremoto/build) by extension 'ignore'
[5.555s] Level 1:colcon.colcon_core.package_identification:_identify(Orchestrator/ros2_labremoto/build) ignored
[5.556s] Level 1:colcon.colcon_core.package_identification:_identify(Orchestrator/ros2_labremoto/install) by extensions ['ignore', 'ignore_ament_install']
[5.557s] Level 1:colcon.colcon_core.package_identification:_identify(Orchestrator/ros2_labremoto/install) by extension 'ignore'
[5.557s] Level 1:colcon.colcon_core.package_identification:_identify(Orchestrator/ros2_labremoto/install) ignored
[5.558s] Level 1:colcon.colcon_core.package_identification:_identify(Orchestrator/ros2_labremoto/log) by extensions ['ignore', 'ignore_ament_install']
[5.558s] Level 1:colcon.colcon_core.package_identification:_identify(Orchestrator/ros2_labremoto/log) by extension 'ignore'
[5.558s] Level 1:colcon.colcon_core.package_identification:_identify(Orchestrator/ros2_labremoto/log) ignored
[5.559s] Level 1:colcon.colcon_core.package_identification:_identify(Orchestrator/ros2_labremoto/src) by extensions ['ignore', 'ignore_ament_install']
[5.559s] Level 1:colcon.colcon_core.package_identification:_identify(Orchestrator/ros2_labremoto/src) by extension 'ignore'
[5.559s] Level 1:colcon.colcon_core.package_identification:_identify(Orchestrator/ros2_labremoto/src) by extension 'ignore_ament_install'
[5.560s] Level 1:colcon.colcon_core.package_identification:_identify(Orchestrator/ros2_labremoto/src) by extensions ['colcon_pkg']
[5.560s] Level 1:colcon.colcon_core.package_identification:_identify(Orchestrator/ros2_labremoto/src) by extension 'colcon_pkg'
[5.560s] Level 1:colcon.colcon_core.package_identification:_identify(Orchestrator/ros2_labremoto/src) by extensions ['colcon_meta']
[5.560s] Level 1:colcon.colcon_core.package_identification:_identify(Orchestrator/ros2_labremoto/src) by extension 'colcon_meta'
[5.560s] Level 1:colcon.colcon_core.package_identification:_identify(Orchestrator/ros2_labremoto/src) by extensions ['ros']
[5.561s] Level 1:colcon.colcon_core.package_identification:_identify(Orchestrator/ros2_labremoto/src) by extension 'ros'
[5.561s] Level 1:colcon.colcon_core.package_identification:_identify(Orchestrator/ros2_labremoto/src) by extensions ['cmake', 'python']
[5.561s] Level 1:colcon.colcon_core.package_identification:_identify(Orchestrator/ros2_labremoto/src) by extension 'cmake'
[5.561s] Level 1:colcon.colcon_core.package_identification:_identify(Orchestrator/ros2_labremoto/src) by extension 'python'
[5.562s] Level 1:colcon.colcon_core.package_identification:_identify(Orchestrator/ros2_labremoto/src) by extensions ['python_setup_py']
[5.562s] Level 1:colcon.colcon_core.package_identification:_identify(Orchestrator/ros2_labremoto/src) by extension 'python_setup_py'
[5.562s] Level 1:colcon.colcon_core.package_identification:_identify(Orchestrator/ros2_labremoto/src/build) by extensions ['ignore', 'ignore_ament_install']
[5.563s] Level 1:colcon.colcon_core.package_identification:_identify(Orchestrator/ros2_labremoto/src/build) by extension 'ignore'
[5.563s] Level 1:colcon.colcon_core.package_identification:_identify(Orchestrator/ros2_labremoto/src/build) ignored
[5.563s] Level 1:colcon.colcon_core.package_identification:_identify(Orchestrator/ros2_labremoto/src/examples) by extensions ['ignore', 'ignore_ament_install']
[5.564s] Level 1:colcon.colcon_core.package_identification:_identify(Orchestrator/ros2_labremoto/src/examples) by extension 'ignore'
[5.564s] Level 1:colcon.colcon_core.package_identification:_identify(Orchestrator/ros2_labremoto/src/examples) by extension 'ignore_ament_install'
[5.564s] Level 1:colcon.colcon_core.package_identification:_identify(Orchestrator/ros2_labremoto/src/examples) by extensions ['colcon_pkg']
[5.564s] Level 1:colcon.colcon_core.package_identification:_identify(Orchestrator/ros2_labremoto/src/examples) by extension 'colcon_pkg'
[5.565s] Level 1:colcon.colcon_core.package_identification:_identify(Orchestrator/ros2_labremoto/src/examples) by extensions ['colcon_meta']
[5.565s] Level 1:colcon.colcon_core.package_identification:_identify(Orchestrator/ros2_labremoto/src/examples) by extension 'colcon_meta'
[5.565s] Level 1:colcon.colcon_core.package_identification:_identify(Orchestrator/ros2_labremoto/src/examples) by extensions ['ros']
[5.565s] Level 1:colcon.colcon_core.package_identification:_identify(Orchestrator/ros2_labremoto/src/examples) by extension 'ros'
[5.565s] Level 1:colcon.colcon_core.package_identification:_identify(Orchestrator/ros2_labremoto/src/examples) by extensions ['cmake', 'python']
[5.565s] Level 1:colcon.colcon_core.package_identification:_identify(Orchestrator/ros2_labremoto/src/examples) by extension 'cmake'
[5.566s] Level 1:colcon.colcon_core.package_identification:_identify(Orchestrator/ros2_labremoto/src/examples) by extension 'python'
[5.566s] Level 1:colcon.colcon_core.package_identification:_identify(Orchestrator/ros2_labremoto/src/examples) by extensions ['python_setup_py']
[5.566s] Level 1:colcon.colcon_core.package_identification:_identify(Orchestrator/ros2_labremoto/src/examples) by extension 'python_setup_py'
[5.566s] Level 1:colcon.colcon_core.package_identification:_identify(Orchestrator/ros2_labremoto/src/hardware) by extensions ['ignore', 'ignore_ament_install']
[5.567s] Level 1:colcon.colcon_core.package_identification:_identify(Orchestrator/ros2_labremoto/src/hardware) by extension 'ignore'
[5.567s] Level 1:colcon.colcon_core.package_identification:_identify(Orchestrator/ros2_labremoto/src/hardware) by extension 'ignore_ament_install'
[5.567s] Level 1:colcon.colcon_core.package_identification:_identify(Orchestrator/ros2_labremoto/src/hardware) by extensions ['colcon_pkg']
[5.567s] Level 1:colcon.colcon_core.package_identification:_identify(Orchestrator/ros2_labremoto/src/hardware) by extension 'colcon_pkg'
[5.568s] Level 1:colcon.colcon_core.package_identification:_identify(Orchestrator/ros2_labremoto/src/hardware) by extensions ['colcon_meta']
[5.568s] Level 1:colcon.colcon_core.package_identification:_identify(Orchestrator/ros2_labremoto/src/hardware) by extension 'colcon_meta'
[5.568s] Level 1:colcon.colcon_core.package_identification:_identify(Orchestrator/ros2_labremoto/src/hardware) by extensions ['ros']
[5.568s] Level 1:colcon.colcon_core.package_identification:_identify(Orchestrator/ros2_labremoto/src/hardware) by extension 'ros'
[5.576s] DEBUG:colcon.colcon_core.package_identification:Package 'Orchestrator/ros2_labremoto/src/hardware' with type 'ros.ament_python' and name 'hardware'
[5.576s] Level 1:colcon.colcon_core.package_identification:_identify(Orchestrator/ros2_labremoto/src/install) by extensions ['ignore', 'ignore_ament_install']
[5.577s] Level 1:colcon.colcon_core.package_identification:_identify(Orchestrator/ros2_labremoto/src/install) by extension 'ignore'
[5.577s] Level 1:colcon.colcon_core.package_identification:_identify(Orchestrator/ros2_labremoto/src/install) ignored
[5.577s] Level 1:colcon.colcon_core.package_identification:_identify(Orchestrator/ros2_labremoto/src/log) by extensions ['ignore', 'ignore_ament_install']
[5.578s] Level 1:colcon.colcon_core.package_identification:_identify(Orchestrator/ros2_labremoto/src/log) by extension 'ignore'
[5.578s] Level 1:colcon.colcon_core.package_identification:_identify(Orchestrator/ros2_labremoto/src/log) ignored
[5.578s] Level 1:colcon.colcon_core.package_identification:_identify(Orchestrator/ros2_labremoto/src/my_mas) by extensions ['ignore', 'ignore_ament_install']
[5.579s] Level 1:colcon.colcon_core.package_identification:_identify(Orchestrator/ros2_labremoto/src/my_mas) by extension 'ignore'
[5.579s] Level 1:colcon.colcon_core.package_identification:_identify(Orchestrator/ros2_labremoto/src/my_mas) by extension 'ignore_ament_install'
[5.579s] Level 1:colcon.colcon_core.package_identification:_identify(Orchestrator/ros2_labremoto/src/my_mas) by extensions ['colcon_pkg']
[5.579s] Level 1:colcon.colcon_core.package_identification:_identify(Orchestrator/ros2_labremoto/src/my_mas) by extension 'colcon_pkg'
[5.579s] Level 1:colcon.colcon_core.package_identification:_identify(Orchestrator/ros2_labremoto/src/my_mas) by extensions ['colcon_meta']
[5.580s] Level 1:colcon.colcon_core.package_identification:_identify(Orchestrator/ros2_labremoto/src/my_mas) by extension 'colcon_meta'
[5.580s] Level 1:colcon.colcon_core.package_identification:_identify(Orchestrator/ros2_labremoto/src/my_mas) by extensions ['ros']
[5.580s] Level 1:colcon.colcon_core.package_identification:_identify(Orchestrator/ros2_labremoto/src/my_mas) by extension 'ros'
[5.583s] DEBUG:colcon.colcon_core.package_identification:Package 'Orchestrator/ros2_labremoto/src/my_mas' with type 'ros.ament_cmake' and name 'my_mas'
[5.584s] Level 1:colcon.colcon_core.package_identification:_identify(Orchestrator/ros2_labremoto/src/py_pubsub) by extensions ['ignore', 'ignore_ament_install']
[5.584s] Level 1:colcon.colcon_core.package_identification:_identify(Orchestrator/ros2_labremoto/src/py_pubsub) by extension 'ignore'
[5.585s] Level 1:colcon.colcon_core.package_identification:_identify(Orchestrator/ros2_labremoto/src/py_pubsub) by extension 'ignore_ament_install'
[5.585s] Level 1:colcon.colcon_core.package_identification:_identify(Orchestrator/ros2_labremoto/src/py_pubsub) by extensions ['colcon_pkg']
[5.585s] Level 1:colcon.colcon_core.package_identification:_identify(Orchestrator/ros2_labremoto/src/py_pubsub) by extension 'colcon_pkg'
[5.585s] Level 1:colcon.colcon_core.package_identification:_identify(Orchestrator/ros2_labremoto/src/py_pubsub) by extensions ['colcon_meta']
[5.585s] Level 1:colcon.colcon_core.package_identification:_identify(Orchestrator/ros2_labremoto/src/py_pubsub) by extension 'colcon_meta'
[5.586s] Level 1:colcon.colcon_core.package_identification:_identify(Orchestrator/ros2_labremoto/src/py_pubsub) by extensions ['ros']
[5.586s] Level 1:colcon.colcon_core.package_identification:_identify(Orchestrator/ros2_labremoto/src/py_pubsub) by extension 'ros'
[5.588s] DEBUG:colcon.colcon_core.package_identification:Package 'Orchestrator/ros2_labremoto/src/py_pubsub' with type 'ros.ament_python' and name 'py_pubsub'
[5.589s] Level 1:colcon.colcon_core.package_identification:_identify(build) by extensions ['ignore', 'ignore_ament_install']
[5.589s] Level 1:colcon.colcon_core.package_identification:_identify(build) by extension 'ignore'
[5.589s] Level 1:colcon.colcon_core.package_identification:_identify(build) ignored
[5.590s] Level 1:colcon.colcon_core.package_identification:_identify(install) by extensions ['ignore', 'ignore_ament_install']
[5.590s] Level 1:colcon.colcon_core.package_identification:_identify(install) by extension 'ignore'
[5.591s] Level 1:colcon.colcon_core.package_identification:_identify(install) ignored
[5.591s] Level 1:colcon.colcon_core.package_identification:_identify(log) by extensions ['ignore', 'ignore_ament_install']
[5.591s] Level 1:colcon.colcon_core.package_identification:_identify(log) by extension 'ignore'
[5.592s] Level 1:colcon.colcon_core.package_identification:_identify(log) ignored
[5.592s] Level 1:colcon.colcon_core.package_identification:_identify(web_site) by extensions ['ignore', 'ignore_ament_install']
[5.593s] Level 1:colcon.colcon_core.package_identification:_identify(web_site) by extension 'ignore'
[5.593s] Level 1:colcon.colcon_core.package_identification:_identify(web_site) by extension 'ignore_ament_install'
[5.593s] Level 1:colcon.colcon_core.package_identification:_identify(web_site) by extensions ['colcon_pkg']
[5.593s] Level 1:colcon.colcon_core.package_identification:_identify(web_site) by extension 'colcon_pkg'
[5.594s] Level 1:colcon.colcon_core.package_identification:_identify(web_site) by extensions ['colcon_meta']
[5.594s] Level 1:colcon.colcon_core.package_identification:_identify(web_site) by extension 'colcon_meta'
[5.594s] Level 1:colcon.colcon_core.package_identification:_identify(web_site) by extensions ['ros']
[5.594s] Level 1:colcon.colcon_core.package_identification:_identify(web_site) by extension 'ros'
[5.594s] Level 1:colcon.colcon_core.package_identification:_identify(web_site) by extensions ['cmake', 'python']
[5.595s] Level 1:colcon.colcon_core.package_identification:_identify(web_site) by extension 'cmake'
[5.595s] Level 1:colcon.colcon_core.package_identification:_identify(web_site) by extension 'python'
[5.595s] Level 1:colcon.colcon_core.package_identification:_identify(web_site) by extensions ['python_setup_py']
[5.595s] Level 1:colcon.colcon_core.package_identification:_identify(web_site) by extension 'python_setup_py'
[5.596s] Level 1:colcon.colcon_core.package_identification:_identify(web_site/backend) by extensions ['ignore', 'ignore_ament_install']
[5.596s] Level 1:colcon.colcon_core.package_identification:_identify(web_site/backend) by extension 'ignore'
[5.596s] Level 1:colcon.colcon_core.package_identification:_identify(web_site/backend) by extension 'ignore_ament_install'
[5.597s] Level 1:colcon.colcon_core.package_identification:_identify(web_site/backend) by extensions ['colcon_pkg']
[5.597s] Level 1:colcon.colcon_core.package_identification:_identify(web_site/backend) by extension 'colcon_pkg'
[5.597s] Level 1:colcon.colcon_core.package_identification:_identify(web_site/backend) by extensions ['colcon_meta']
[5.597s] Level 1:colcon.colcon_core.package_identification:_identify(web_site/backend) by extension 'colcon_meta'
[5.598s] Level 1:colcon.colcon_core.package_identification:_identify(web_site/backend) by extensions ['ros']
[5.598s] Level 1:colcon.colcon_core.package_identification:_identify(web_site/backend) by extension 'ros'
[5.598s] Level 1:colcon.colcon_core.package_identification:_identify(web_site/backend) by extensions ['cmake', 'python']
[5.598s] Level 1:colcon.colcon_core.package_identification:_identify(web_site/backend) by extension 'cmake'
[5.598s] Level 1:colcon.colcon_core.package_identification:_identify(web_site/backend) by extension 'python'
[5.599s] Level 1:colcon.colcon_core.package_identification:_identify(web_site/backend) by extensions ['python_setup_py']
[5.599s] Level 1:colcon.colcon_core.package_identification:_identify(web_site/backend) by extension 'python_setup_py'
[5.599s] Level 1:colcon.colcon_core.package_identification:_identify(web_site/frontend) by extensions ['ignore', 'ignore_ament_install']
[5.600s] Level 1:colcon.colcon_core.package_identification:_identify(web_site/frontend) by extension 'ignore'
[5.600s] Level 1:colcon.colcon_core.package_identification:_identify(web_site/frontend) by extension 'ignore_ament_install'
[5.600s] Level 1:colcon.colcon_core.package_identification:_identify(web_site/frontend) by extensions ['colcon_pkg']
[5.600s] Level 1:colcon.colcon_core.package_identification:_identify(web_site/frontend) by extension 'colcon_pkg'
[5.601s] Level 1:colcon.colcon_core.package_identification:_identify(web_site/frontend) by extensions ['colcon_meta']
[5.601s] Level 1:colcon.colcon_core.package_identification:_identify(web_site/frontend) by extension 'colcon_meta'
[5.601s] Level 1:colcon.colcon_core.package_identification:_identify(web_site/frontend) by extensions ['ros']
[5.601s] Level 1:colcon.colcon_core.package_identification:_identify(web_site/frontend) by extension 'ros'
[5.601s] Level 1:colcon.colcon_core.package_identification:_identify(web_site/frontend) by extensions ['cmake', 'python']
[5.602s] Level 1:colcon.colcon_core.package_identification:_identify(web_site/frontend) by extension 'cmake'
[5.602s] Level 1:colcon.colcon_core.package_identification:_identify(web_site/frontend) by extension 'python'
[5.602s] Level 1:colcon.colcon_core.package_identification:_identify(web_site/frontend) by extensions ['python_setup_py']
[5.602s] Level 1:colcon.colcon_core.package_identification:_identify(web_site/frontend) by extension 'python_setup_py'
[5.602s] Level 1:colcon.colcon_core.package_discovery:discover_packages(recursive) using defaults
[5.603s] Level 1:colcon.colcon_core.package_discovery:discover_packages(ignore) discover
[5.603s] Level 1:colcon.colcon_core.package_discovery:discover_packages(ignore) using defaults
[5.603s] Level 1:colcon.colcon_core.package_discovery:discover_packages(path) discover
[5.603s] Level 1:colcon.colcon_core.package_discovery:discover_packages(path) using defaults
[5.940s] INFO:colcon.colcon_core.package_selection:Skipping not selected package 'hardware' in 'Orchestrator/ros2_labremoto/src/hardware'
[5.940s] INFO:colcon.colcon_core.package_selection:Skipping not selected package 'my_mas' in 'Orchestrator/ros2_labremoto/src/my_mas'
[6.144s] Level 1:colcon.colcon_core.package_discovery:discover_packages(prefix_path) check parameters
[6.144s] Level 1:colcon.colcon_core.package_discovery:discover_packages(prefix_path) discover
[6.317s] DEBUG:colcon.colcon_installed_package_information.package_discovery:Found 11 installed packages in /home/ffelix07/Documents/LabRemo/Orchestrator/ros2_labremoto/install
[6.401s] DEBUG:colcon.colcon_installed_package_information.package_discovery:Found 2 installed packages in /home/ffelix07/Documents/LabRemo/Orchestrator/ros2_labremoto/src/install
[6.487s] DEBUG:colcon.colcon_installed_package_information.package_discovery:Found 275 installed packages in /opt/ros/humble
[6.493s] Level 1:colcon.colcon_core.package_discovery:discover_packages(prefix_path) using defaults
[6.849s] Level 5:colcon.colcon_core.verb:set package 'py_pubsub' build argument 'cmake_args' from command line to 'None'
[6.849s] Level 5:colcon.colcon_core.verb:set package 'py_pubsub' build argument 'cmake_target' from command line to 'None'
[6.849s] Level 5:colcon.colcon_core.verb:set package 'py_pubsub' build argument 'cmake_target_skip_unavailable' from command line to 'False'
[6.849s] Level 5:colcon.colcon_core.verb:set package 'py_pubsub' build argument 'cmake_clean_cache' from command line to 'False'
[6.849s] Level 5:colcon.colcon_core.verb:set package 'py_pubsub' build argument 'cmake_clean_first' from command line to 'False'
[6.849s] Level 5:colcon.colcon_core.verb:set package 'py_pubsub' build argument 'cmake_force_configure' from command line to 'False'
[6.849s] Level 5:colcon.colcon_core.verb:set package 'py_pubsub' build argument 'ament_cmake_args' from command line to 'None'
[6.849s] Level 5:colcon.colcon_core.verb:set package 'py_pubsub' build argument 'catkin_cmake_args' from command line to 'None'
[6.850s] Level 5:colcon.colcon_core.verb:set package 'py_pubsub' build argument 'catkin_skip_building_tests' from command line to 'False'
[6.850s] DEBUG:colcon.colcon_core.verb:Building package 'py_pubsub' with the following arguments: {'ament_cmake_args': None, 'build_base': '/home/ffelix07/Documents/LabRemo/build/py_pubsub', 'catkin_cmake_args': None, 'catkin_skip_building_tests': False, 'cmake_args': None, 'cmake_clean_cache': False, 'cmake_clean_first': False, 'cmake_force_configure': False, 'cmake_target': None, 'cmake_target_skip_unavailable': False, 'install_base': '/home/ffelix07/Documents/LabRemo/install/py_pubsub', 'merge_install': False, 'path': '/home/ffelix07/Documents/LabRemo/Orchestrator/ros2_labremoto/src/py_pubsub', 'symlink_install': False, 'test_result_base': None}
[6.931s] INFO:colcon.colcon_core.executor:Executing jobs using 'parallel' executor
[7.017s] DEBUG:colcon.colcon_parallel_executor.executor.parallel:run_until_complete
[7.017s] INFO:colcon.colcon_ros.task.ament_python.build:Building ROS package in '/home/ffelix07/Documents/LabRemo/Orchestrator/ros2_labremoto/src/py_pubsub' with build type 'ament_python'
[7.018s] Level 1:colcon.colcon_core.shell:create_environment_hook('py_pubsub', 'ament_prefix_path')
[7.129s] INFO:colcon.colcon_core.plugin_system:Skipping extension 'colcon_core.shell.bat': Not used on non-Windows systems
[7.130s] INFO:colcon.colcon_core.shell:Creating environment hook '/home/ffelix07/Documents/LabRemo/install/py_pubsub/share/py_pubsub/hook/ament_prefix_path.ps1'
[7.132s] INFO:colcon.colcon_core.shell:Creating environment descriptor '/home/ffelix07/Documents/LabRemo/install/py_pubsub/share/py_pubsub/hook/ament_prefix_path.dsv'
[7.134s] INFO:colcon.colcon_core.shell:Creating environment hook '/home/ffelix07/Documents/LabRemo/install/py_pubsub/share/py_pubsub/hook/ament_prefix_path.sh'
[7.238s] INFO:colcon.colcon_core.shell:Skip shell extension 'powershell' for command environment: Not usable outside of PowerShell
[7.238s] DEBUG:colcon.colcon_core.shell:Skip shell extension 'dsv' for command environment
[8.466s] INFO:colcon.colcon_core.task.python.build:Building Python package in '/home/ffelix07/Documents/LabRemo/Orchestrator/ros2_labremoto/src/py_pubsub'
[8.554s] INFO:colcon.colcon_core.shell:Skip shell extension 'powershell' for command environment: Not usable outside of PowerShell
[8.555s] DEBUG:colcon.colcon_core.shell:Skip shell extension 'dsv' for command environment
[11.712s] DEBUG:colcon.colcon_core.event_handler.log_command:Invoking command in '/home/ffelix07/Documents/LabRemo/Orchestrator/ros2_labremoto/src/py_pubsub': CONDA_PROMPT_MODIFIER=(base) PYTHONPATH=/home/ffelix07/Documents/LabRemo/build/py_pubsub/prefix_override:/home/ffelix07/Documents/LabRemo/install/py_pubsub/lib/python3.10/site-packages:${PYTHONPATH} /usr/bin/python3 setup.py egg_info --egg-base ../../../../build/py_pubsub build --build-base /home/ffelix07/Documents/LabRemo/build/py_pubsub/build install --record /home/ffelix07/Documents/LabRemo/build/py_pubsub/install.log --single-version-externally-managed
[14.222s] DEBUG:colcon.colcon_core.event_handler.log_command:Invoked command in '/home/ffelix07/Documents/LabRemo/Orchestrator/ros2_labremoto/src/py_pubsub' returned '0': CONDA_PROMPT_MODIFIER=(base) PYTHONPATH=/home/ffelix07/Documents/LabRemo/build/py_pubsub/prefix_override:/home/ffelix07/Documents/LabRemo/install/py_pubsub/lib/python3.10/site-packages:${PYTHONPATH} /usr/bin/python3 setup.py egg_info --egg-base ../../../../build/py_pubsub build --build-base /home/ffelix07/Documents/LabRemo/build/py_pubsub/build install --record /home/ffelix07/Documents/LabRemo/build/py_pubsub/install.log --single-version-externally-managed
[14.327s] Level 1:colcon.colcon_core.environment:checking '/home/ffelix07/Documents/LabRemo/install/py_pubsub' for CMake module files
[14.329s] Level 1:colcon.colcon_core.environment:checking '/home/ffelix07/Documents/LabRemo/install/py_pubsub' for CMake config files
[14.331s] Level 1:colcon.colcon_core.environment:checking '/home/ffelix07/Documents/LabRemo/install/py_pubsub/lib'
[14.331s] Level 1:colcon.colcon_core.environment:checking '/home/ffelix07/Documents/LabRemo/install/py_pubsub/bin'
[14.332s] Level 1:colcon.colcon_core.environment:checking '/home/ffelix07/Documents/LabRemo/install/py_pubsub/lib/pkgconfig/py_pubsub.pc'
[14.333s] Level 1:colcon.colcon_core.environment:checking '/home/ffelix07/Documents/LabRemo/install/py_pubsub/lib/python3.10/site-packages'
[14.333s] Level 1:colcon.colcon_core.shell:create_environment_hook('py_pubsub', 'pythonpath')
[14.427s] INFO:colcon.colcon_core.shell:Creating environment hook '/home/ffelix07/Documents/LabRemo/install/py_pubsub/share/py_pubsub/hook/pythonpath.ps1'
[14.428s] INFO:colcon.colcon_core.shell:Creating environment descriptor '/home/ffelix07/Documents/LabRemo/install/py_pubsub/share/py_pubsub/hook/pythonpath.dsv'
[14.430s] INFO:colcon.colcon_core.shell:Creating environment hook '/home/ffelix07/Documents/LabRemo/install/py_pubsub/share/py_pubsub/hook/pythonpath.sh'
[14.432s] Level 1:colcon.colcon_core.environment:checking '/home/ffelix07/Documents/LabRemo/install/py_pubsub/bin'
[14.432s] Level 1:colcon.colcon_core.environment:create_environment_scripts_only(py_pubsub)
[14.523s] INFO:colcon.colcon_core.shell:Creating package script '/home/ffelix07/Documents/LabRemo/install/py_pubsub/share/py_pubsub/package.ps1'
[14.526s] INFO:colcon.colcon_core.shell:Creating package descriptor '/home/ffelix07/Documents/LabRemo/install/py_pubsub/share/py_pubsub/package.dsv'
[14.528s] INFO:colcon.colcon_core.shell:Creating package script '/home/ffelix07/Documents/LabRemo/install/py_pubsub/share/py_pubsub/package.sh'
[14.530s] INFO:colcon.colcon_core.shell:Creating package script '/home/ffelix07/Documents/LabRemo/install/py_pubsub/share/py_pubsub/package.bash'
[14.533s] INFO:colcon.colcon_core.shell:Creating package script '/home/ffelix07/Documents/LabRemo/install/py_pubsub/share/py_pubsub/package.zsh'
[14.535s] Level 1:colcon.colcon_core.environment:create_file_with_runtime_dependencies(/home/ffelix07/Documents/LabRemo/install/py_pubsub/share/colcon-core/packages/py_pubsub)
[14.536s] DEBUG:colcon.colcon_parallel_executor.executor.parallel:closing loop
[14.537s] DEBUG:colcon.colcon_parallel_executor.executor.parallel:loop closed
[14.537s] DEBUG:colcon.colcon_parallel_executor.executor.parallel:run_until_complete finished with '0'
[14.537s] DEBUG:colcon.colcon_core.event_reactor:joining thread
[14.674s] INFO:colcon.colcon_core.plugin_system:Skipping extension 'colcon_notification.desktop_notification.terminal_notifier': Not used on non-Darwin systems
[14.674s] INFO:colcon.colcon_core.plugin_system:Skipping extension 'colcon_notification.desktop_notification.win32': Not used on non-Windows systems
[14.674s] INFO:colcon.colcon_notification.desktop_notification:Sending desktop notification using 'notify2'
[14.711s] DEBUG:colcon.colcon_core.event_reactor:joined thread
[14.822s] INFO:colcon.colcon_core.shell:Creating prefix script '/home/ffelix07/Documents/LabRemo/install/local_setup.ps1'
[14.825s] INFO:colcon.colcon_core.shell:Creating prefix util module '/home/ffelix07/Documents/LabRemo/install/_local_setup_util_ps1.py'
[14.829s] INFO:colcon.colcon_core.shell:Creating prefix chain script '/home/ffelix07/Documents/LabRemo/install/setup.ps1'
[14.921s] INFO:colcon.colcon_core.shell:Creating prefix script '/home/ffelix07/Documents/LabRemo/install/local_setup.sh'
[14.923s] INFO:colcon.colcon_core.shell:Creating prefix util module '/home/ffelix07/Documents/LabRemo/install/_local_setup_util_sh.py'
[14.924s] INFO:colcon.colcon_core.shell:Creating prefix chain script '/home/ffelix07/Documents/LabRemo/install/setup.sh'
[15.012s] INFO:colcon.colcon_core.shell:Creating prefix script '/home/ffelix07/Documents/LabRemo/install/local_setup.bash'
[15.014s] INFO:colcon.colcon_core.shell:Creating prefix chain script '/home/ffelix07/Documents/LabRemo/install/setup.bash'
[15.105s] INFO:colcon.colcon_core.shell:Creating prefix script '/home/ffelix07/Documents/LabRemo/install/local_setup.zsh'
[15.107s] INFO:colcon.colcon_core.shell:Creating prefix chain script '/home/ffelix07/Documents/LabRemo/install/setup.zsh'
