[0.653s] Invoking command in '/home/ffelix07/Documents/LabRemo/Orchestrator/ros2_labremoto/build/my_mas': CMAKE_PREFIX_PATH=${CMAKE_PREFIX_PATH}:/home/ffelix07/Documents/LabRemo/Orchestrator/ros2_labremoto/install/launchstructure:/home/ffelix07/Documents/LabRemo/Orchestrator/ros2_labremoto/install/py_pubsub:/home/ffelix07/Documents/LabRemo/Orchestrator/ros2_labremoto/install/lstructure:/home/ffelix07/Documents/LabRemo/Orchestrator/ros2_labremoto/install/hardware:/home/ffelix07/Documents/LabRemo/Orchestrator/ros2_labremoto/install/ament_pep257:/home/ffelix07/Documents/LabRemo/Orchestrator/ros2_labremoto/install/ament_package:/home/ffelix07/Documents/LabRemo/Orchestrator/ros2_labremoto/install/ament_flake8:/opt/ros/humble CONDA_PROMPT_MODIFIER=(base) /usr/bin/cmake --build /home/ffelix07/Documents/LabRemo/Orchestrator/ros2_labremoto/build/my_mas -- -j4 -l4
[0.926s] [  0%] Built target my_mas__cpp
[0.993s] [ 12%] Built target my_mas__rosidl_generator_c
[1.074s] [ 12%] Built target ament_cmake_python_copy_my_mas
[1.120s] [ 24%] Built target my_mas__rosidl_typesupport_cpp
[1.120s] [ 36%] Built target my_mas__rosidl_typesupport_fastrtps_cpp
[1.213s] [ 48%] Built target my_mas__rosidl_typesupport_introspection_cpp
[1.225s] [ 60%] Built target my_mas__rosidl_typesupport_fastrtps_c
[1.250s] [ 72%] Built target my_mas__rosidl_typesupport_c
[1.273s] [ 84%] Built target my_mas__rosidl_typesupport_introspection_c
[1.353s] [ 84%] Built target my_mas
[1.478s] [ 85%] Built target my_mas__py
[1.662s] [ 96%] Built target my_mas__rosidl_generator_py
[1.810s] [ 97%] Built target my_mas__rosidl_typesupport_c__pyext
[1.837s] [ 98%] Built target my_mas__rosidl_typesupport_fastrtps_c__pyext
[1.854s] [100%] Built target my_mas__rosidl_typesupport_introspection_c__pyext
[2.714s] running egg_info
[2.845s] writing my_mas.egg-info/PKG-INFO
[2.847s] writing dependency_links to my_mas.egg-info/dependency_links.txt
[2.849s] writing top-level names to my_mas.egg-info/top_level.txt
[3.211s] reading manifest file 'my_mas.egg-info/SOURCES.txt'
[3.215s] writing manifest file 'my_mas.egg-info/SOURCES.txt'
[3.312s] [100%] Built target ament_cmake_python_build_my_mas_egg
[3.355s] Invoked command in '/home/ffelix07/Documents/LabRemo/Orchestrator/ros2_labremoto/build/my_mas' returned '0': CMAKE_PREFIX_PATH=${CMAKE_PREFIX_PATH}:/home/ffelix07/Documents/LabRemo/Orchestrator/ros2_labremoto/install/launchstructure:/home/ffelix07/Documents/LabRemo/Orchestrator/ros2_labremoto/install/py_pubsub:/home/ffelix07/Documents/LabRemo/Orchestrator/ros2_labremoto/install/lstructure:/home/ffelix07/Documents/LabRemo/Orchestrator/ros2_labremoto/install/hardware:/home/ffelix07/Documents/LabRemo/Orchestrator/ros2_labremoto/install/ament_pep257:/home/ffelix07/Documents/LabRemo/Orchestrator/ros2_labremoto/install/ament_package:/home/ffelix07/Documents/LabRemo/Orchestrator/ros2_labremoto/install/ament_flake8:/opt/ros/humble CONDA_PROMPT_MODIFIER=(base) /usr/bin/cmake --build /home/ffelix07/Documents/LabRemo/Orchestrator/ros2_labremoto/build/my_mas -- -j4 -l4
[4.352s] Invoking command in '/home/ffelix07/Documents/LabRemo/Orchestrator/ros2_labremoto/build/my_mas': CMAKE_PREFIX_PATH=${CMAKE_PREFIX_PATH}:/home/ffelix07/Documents/LabRemo/Orchestrator/ros2_labremoto/install/launchstructure:/home/ffelix07/Documents/LabRemo/Orchestrator/ros2_labremoto/install/py_pubsub:/home/ffelix07/Documents/LabRemo/Orchestrator/ros2_labremoto/install/lstructure:/home/ffelix07/Documents/LabRemo/Orchestrator/ros2_labremoto/install/hardware:/home/ffelix07/Documents/LabRemo/Orchestrator/ros2_labremoto/install/ament_pep257:/home/ffelix07/Documents/LabRemo/Orchestrator/ros2_labremoto/install/ament_package:/home/ffelix07/Documents/LabRemo/Orchestrator/ros2_labremoto/install/ament_flake8:/opt/ros/humble CONDA_PROMPT_MODIFIER=(base) /usr/bin/cmake --install /home/ffelix07/Documents/LabRemo/Orchestrator/ros2_labremoto/build/my_mas
[4.386s] -- Install configuration: ""
[4.387s] -- Up-to-date: /home/ffelix07/Documents/LabRemo/Orchestrator/ros2_labremoto/install/my_mas/share/ament_index/resource_index/rosidl_interfaces/my_mas
[4.390s] -- Up-to-date: /home/ffelix07/Documents/LabRemo/Orchestrator/ros2_labremoto/install/my_mas/include/my_mas/my_mas
[4.390s] -- Up-to-date: /home/ffelix07/Documents/LabRemo/Orchestrator/ros2_labremoto/install/my_mas/include/my_mas/my_mas/srv
[4.391s] -- Up-to-date: /home/ffelix07/Documents/LabRemo/Orchestrator/ros2_labremoto/install/my_mas/include/my_mas/my_mas/srv/load_filedb.h
[4.392s] -- Up-to-date: /home/ffelix07/Documents/LabRemo/Orchestrator/ros2_labremoto/install/my_mas/include/my_mas/my_mas/srv/detail
[4.393s] -- Up-to-date: /home/ffelix07/Documents/LabRemo/Orchestrator/ros2_labremoto/install/my_mas/include/my_mas/my_mas/srv/detail/load_filedb__functions.c
[4.393s] -- Up-to-date: /home/ffelix07/Documents/LabRemo/Orchestrator/ros2_labremoto/install/my_mas/include/my_mas/my_mas/srv/detail/load_filedb__type_support.h
[4.394s] -- Up-to-date: /home/ffelix07/Documents/LabRemo/Orchestrator/ros2_labremoto/install/my_mas/include/my_mas/my_mas/srv/detail/load_filedb__struct.h
[4.395s] -- Up-to-date: /home/ffelix07/Documents/LabRemo/Orchestrator/ros2_labremoto/install/my_mas/include/my_mas/my_mas/srv/detail/load_filedb__functions.h
[4.395s] -- Up-to-date: /home/ffelix07/Documents/LabRemo/Orchestrator/ros2_labremoto/install/my_mas/include/my_mas/my_mas/srv/detail/load_file__functions.c
[4.396s] -- Up-to-date: /home/ffelix07/Documents/LabRemo/Orchestrator/ros2_labremoto/install/my_mas/include/my_mas/my_mas/srv/detail/load_file__type_support.h
[4.397s] -- Up-to-date: /home/ffelix07/Documents/LabRemo/Orchestrator/ros2_labremoto/install/my_mas/include/my_mas/my_mas/srv/detail/load_file__struct.h
[4.398s] -- Up-to-date: /home/ffelix07/Documents/LabRemo/Orchestrator/ros2_labremoto/install/my_mas/include/my_mas/my_mas/srv/detail/load_file__functions.h
[4.399s] -- Up-to-date: /home/ffelix07/Documents/LabRemo/Orchestrator/ros2_labremoto/install/my_mas/include/my_mas/my_mas/srv/load_file.h
[4.399s] -- Up-to-date: /home/ffelix07/Documents/LabRemo/Orchestrator/ros2_labremoto/install/my_mas/include/my_mas/my_mas/action
[4.400s] -- Up-to-date: /home/ffelix07/Documents/LabRemo/Orchestrator/ros2_labremoto/install/my_mas/include/my_mas/my_mas/action/fibonacci.h
[4.418s] -- Up-to-date: /home/ffelix07/Documents/LabRemo/Orchestrator/ros2_labremoto/install/my_mas/include/my_mas/my_mas/action/detail
[4.419s] -- Up-to-date: /home/ffelix07/Documents/LabRemo/Orchestrator/ros2_labremoto/install/my_mas/include/my_mas/my_mas/action/detail/cargahex__struct.h
[4.419s] -- Up-to-date: /home/ffelix07/Documents/LabRemo/Orchestrator/ros2_labremoto/install/my_mas/include/my_mas/my_mas/action/detail/fibonacci__functions.c
[4.419s] -- Up-to-date: /home/ffelix07/Documents/LabRemo/Orchestrator/ros2_labremoto/install/my_mas/include/my_mas/my_mas/action/detail/carga_bit__type_support.h
[4.420s] -- Up-to-date: /home/ffelix07/Documents/LabRemo/Orchestrator/ros2_labremoto/install/my_mas/include/my_mas/my_mas/action/detail/tranformvhdlbit__struct.h
[4.420s] -- Up-to-date: /home/ffelix07/Documents/LabRemo/Orchestrator/ros2_labremoto/install/my_mas/include/my_mas/my_mas/action/detail/tranformvhdlbit__functions.h
[4.420s] -- Up-to-date: /home/ffelix07/Documents/LabRemo/Orchestrator/ros2_labremoto/install/my_mas/include/my_mas/my_mas/action/detail/cargahex__functions.c
[4.420s] -- Up-to-date: /home/ffelix07/Documents/LabRemo/Orchestrator/ros2_labremoto/install/my_mas/include/my_mas/my_mas/action/detail/tranformvhdlbit__type_support.h
[4.421s] -- Up-to-date: /home/ffelix07/Documents/LabRemo/Orchestrator/ros2_labremoto/install/my_mas/include/my_mas/my_mas/action/detail/cargahex__type_support.h
[4.421s] -- Up-to-date: /home/ffelix07/Documents/LabRemo/Orchestrator/ros2_labremoto/install/my_mas/include/my_mas/my_mas/action/detail/carga_bit__struct.h
[4.421s] -- Up-to-date: /home/ffelix07/Documents/LabRemo/Orchestrator/ros2_labremoto/install/my_mas/include/my_mas/my_mas/action/detail/carga_bit__functions.c
[4.422s] -- Up-to-date: /home/ffelix07/Documents/LabRemo/Orchestrator/ros2_labremoto/install/my_mas/include/my_mas/my_mas/action/detail/fibonacci__functions.h
[4.422s] -- Up-to-date: /home/ffelix07/Documents/LabRemo/Orchestrator/ros2_labremoto/install/my_mas/include/my_mas/my_mas/action/detail/fibonacci__type_support.h
[4.433s] -- Up-to-date: /home/ffelix07/Documents/LabRemo/Orchestrator/ros2_labremoto/install/my_mas/include/my_mas/my_mas/action/detail/carga_bit__functions.h
[4.434s] -- Up-to-date: /home/ffelix07/Documents/LabRemo/Orchestrator/ros2_labremoto/install/my_mas/include/my_mas/my_mas/action/detail/cargahex__functions.h
[4.434s] -- Up-to-date: /home/ffelix07/Documents/LabRemo/Orchestrator/ros2_labremoto/install/my_mas/include/my_mas/my_mas/action/detail/fibonacci__struct.h
[4.435s] -- Up-to-date: /home/ffelix07/Documents/LabRemo/Orchestrator/ros2_labremoto/install/my_mas/include/my_mas/my_mas/action/detail/tranformvhdlbit__functions.c
[4.443s] -- Up-to-date: /home/ffelix07/Documents/LabRemo/Orchestrator/ros2_labremoto/install/my_mas/include/my_mas/my_mas/action/carga_bit.h
[4.444s] -- Up-to-date: /home/ffelix07/Documents/LabRemo/Orchestrator/ros2_labremoto/install/my_mas/include/my_mas/my_mas/action/tranformvhdlbit.h
[4.445s] -- Up-to-date: /home/ffelix07/Documents/LabRemo/Orchestrator/ros2_labremoto/install/my_mas/include/my_mas/my_mas/action/cargahex.h
[4.445s] -- Up-to-date: /home/ffelix07/Documents/LabRemo/Orchestrator/ros2_labremoto/install/my_mas/include/my_mas/my_mas/msg
[4.445s] -- Up-to-date: /home/ffelix07/Documents/LabRemo/Orchestrator/ros2_labremoto/install/my_mas/include/my_mas/my_mas/msg/create_bit_stream.h
[4.446s] -- Up-to-date: /home/ffelix07/Documents/LabRemo/Orchestrator/ros2_labremoto/install/my_mas/include/my_mas/my_mas/msg/sensor_measurment.h
[4.446s] -- Up-to-date: /home/ffelix07/Documents/LabRemo/Orchestrator/ros2_labremoto/install/my_mas/include/my_mas/my_mas/msg/auditor.h
[4.446s] -- Up-to-date: /home/ffelix07/Documents/LabRemo/Orchestrator/ros2_labremoto/install/my_mas/include/my_mas/my_mas/msg/operacion.h
[4.446s] -- Up-to-date: /home/ffelix07/Documents/LabRemo/Orchestrator/ros2_labremoto/install/my_mas/include/my_mas/my_mas/msg/rosidl_generator_c__visibility_control.h
[4.446s] -- Up-to-date: /home/ffelix07/Documents/LabRemo/Orchestrator/ros2_labremoto/install/my_mas/include/my_mas/my_mas/msg/detail
[4.447s] -- Up-to-date: /home/ffelix07/Documents/LabRemo/Orchestrator/ros2_labremoto/install/my_mas/include/my_mas/my_mas/msg/detail/create_bit_stream__functions.c
[4.447s] -- Up-to-date: /home/ffelix07/Documents/LabRemo/Orchestrator/ros2_labremoto/install/my_mas/include/my_mas/my_mas/msg/detail/auditor__struct.h
[4.447s] -- Up-to-date: /home/ffelix07/Documents/LabRemo/Orchestrator/ros2_labremoto/install/my_mas/include/my_mas/my_mas/msg/detail/file_hex_load__struct.h
[4.448s] -- Up-to-date: /home/ffelix07/Documents/LabRemo/Orchestrator/ros2_labremoto/install/my_mas/include/my_mas/my_mas/msg/detail/sensor_measurment__type_support.h
[4.448s] -- Up-to-date: /home/ffelix07/Documents/LabRemo/Orchestrator/ros2_labremoto/install/my_mas/include/my_mas/my_mas/msg/detail/sensor_measurment__struct.h
[4.448s] -- Up-to-date: /home/ffelix07/Documents/LabRemo/Orchestrator/ros2_labremoto/install/my_mas/include/my_mas/my_mas/msg/detail/trans_global__struct.h
[4.449s] -- Up-to-date: /home/ffelix07/Documents/LabRemo/Orchestrator/ros2_labremoto/install/my_mas/include/my_mas/my_mas/msg/detail/bit_load__functions.h
[4.449s] -- Up-to-date: /home/ffelix07/Documents/LabRemo/Orchestrator/ros2_labremoto/install/my_mas/include/my_mas/my_mas/msg/detail/auditor_msg__type_support.h
[4.450s] -- Up-to-date: /home/ffelix07/Documents/LabRemo/Orchestrator/ros2_labremoto/install/my_mas/include/my_mas/my_mas/msg/detail/create_bit_stream__struct.h
[4.450s] -- Up-to-date: /home/ffelix07/Documents/LabRemo/Orchestrator/ros2_labremoto/install/my_mas/include/my_mas/my_mas/msg/detail/auditor__functions.c
[4.451s] -- Up-to-date: /home/ffelix07/Documents/LabRemo/Orchestrator/ros2_labremoto/install/my_mas/include/my_mas/my_mas/msg/detail/trans_global__functions.c
[4.451s] -- Up-to-date: /home/ffelix07/Documents/LabRemo/Orchestrator/ros2_labremoto/install/my_mas/include/my_mas/my_mas/msg/detail/trans_global__functions.h
[4.452s] -- Up-to-date: /home/ffelix07/Documents/LabRemo/Orchestrator/ros2_labremoto/install/my_mas/include/my_mas/my_mas/msg/detail/bit_load__struct.h
[4.453s] -- Up-to-date: /home/ffelix07/Documents/LabRemo/Orchestrator/ros2_labremoto/install/my_mas/include/my_mas/my_mas/msg/detail/create_bit_stream__type_support.h
[4.453s] -- Up-to-date: /home/ffelix07/Documents/LabRemo/Orchestrator/ros2_labremoto/install/my_mas/include/my_mas/my_mas/msg/detail/auditor__functions.h
[4.454s] -- Up-to-date: /home/ffelix07/Documents/LabRemo/Orchestrator/ros2_labremoto/install/my_mas/include/my_mas/my_mas/msg/detail/operacion__struct.h
[4.454s] -- Up-to-date: /home/ffelix07/Documents/LabRemo/Orchestrator/ros2_labremoto/install/my_mas/include/my_mas/my_mas/msg/detail/file_hex_load__functions.c
[4.455s] -- Up-to-date: /home/ffelix07/Documents/LabRemo/Orchestrator/ros2_labremoto/install/my_mas/include/my_mas/my_mas/msg/detail/auditor_msg__struct.h
[4.455s] -- Up-to-date: /home/ffelix07/Documents/LabRemo/Orchestrator/ros2_labremoto/install/my_mas/include/my_mas/my_mas/msg/detail/file_hex_load__functions.h
[4.455s] -- Up-to-date: /home/ffelix07/Documents/LabRemo/Orchestrator/ros2_labremoto/install/my_mas/include/my_mas/my_mas/msg/detail/auditor_msg__functions.c
[4.456s] -- Up-to-date: /home/ffelix07/Documents/LabRemo/Orchestrator/ros2_labremoto/install/my_mas/include/my_mas/my_mas/msg/detail/sensor_measurment__functions.h
[4.456s] -- Up-to-date: /home/ffelix07/Documents/LabRemo/Orchestrator/ros2_labremoto/install/my_mas/include/my_mas/my_mas/msg/detail/trans_global__type_support.h
[4.457s] -- Up-to-date: /home/ffelix07/Documents/LabRemo/Orchestrator/ros2_labremoto/install/my_mas/include/my_mas/my_mas/msg/detail/operacion__type_support.h
[4.457s] -- Up-to-date: /home/ffelix07/Documents/LabRemo/Orchestrator/ros2_labremoto/install/my_mas/include/my_mas/my_mas/msg/detail/bit_load__type_support.h
[4.458s] -- Up-to-date: /home/ffelix07/Documents/LabRemo/Orchestrator/ros2_labremoto/install/my_mas/include/my_mas/my_mas/msg/detail/bit_load__functions.c
[4.458s] -- Up-to-date: /home/ffelix07/Documents/LabRemo/Orchestrator/ros2_labremoto/install/my_mas/include/my_mas/my_mas/msg/detail/file_hex_load__type_support.h
[4.459s] -- Up-to-date: /home/ffelix07/Documents/LabRemo/Orchestrator/ros2_labremoto/install/my_mas/include/my_mas/my_mas/msg/detail/sensor_measurment__functions.c
[4.459s] -- Up-to-date: /home/ffelix07/Documents/LabRemo/Orchestrator/ros2_labremoto/install/my_mas/include/my_mas/my_mas/msg/detail/auditor__type_support.h
[4.459s] -- Up-to-date: /home/ffelix07/Documents/LabRemo/Orchestrator/ros2_labremoto/install/my_mas/include/my_mas/my_mas/msg/detail/create_bit_stream__functions.h
[4.460s] -- Up-to-date: /home/ffelix07/Documents/LabRemo/Orchestrator/ros2_labremoto/install/my_mas/include/my_mas/my_mas/msg/detail/auditor_msg__functions.h
[4.460s] -- Up-to-date: /home/ffelix07/Documents/LabRemo/Orchestrator/ros2_labremoto/install/my_mas/include/my_mas/my_mas/msg/detail/operacion__functions.h
[4.460s] -- Up-to-date: /home/ffelix07/Documents/LabRemo/Orchestrator/ros2_labremoto/install/my_mas/include/my_mas/my_mas/msg/detail/operacion__functions.c
[4.461s] -- Up-to-date: /home/ffelix07/Documents/LabRemo/Orchestrator/ros2_labremoto/install/my_mas/include/my_mas/my_mas/msg/auditor_msg.h
[4.462s] -- Up-to-date: /home/ffelix07/Documents/LabRemo/Orchestrator/ros2_labremoto/install/my_mas/include/my_mas/my_mas/msg/bit_load.h
[4.462s] -- Up-to-date: /home/ffelix07/Documents/LabRemo/Orchestrator/ros2_labremoto/install/my_mas/include/my_mas/my_mas/msg/trans_global.h
[4.462s] -- Up-to-date: /home/ffelix07/Documents/LabRemo/Orchestrator/ros2_labremoto/install/my_mas/include/my_mas/my_mas/msg/file_hex_load.h
[4.463s] -- Up-to-date: /home/ffelix07/Documents/LabRemo/Orchestrator/ros2_labremoto/install/my_mas/share/my_mas/environment/library_path.sh
[4.464s] -- Up-to-date: /home/ffelix07/Documents/LabRemo/Orchestrator/ros2_labremoto/install/my_mas/share/my_mas/environment/library_path.dsv
[4.464s] -- Up-to-date: /home/ffelix07/Documents/LabRemo/Orchestrator/ros2_labremoto/install/my_mas/lib/libmy_mas__rosidl_generator_c.so
[4.464s] -- Up-to-date: /home/ffelix07/Documents/LabRemo/Orchestrator/ros2_labremoto/install/my_mas/include/my_mas/my_mas
[4.465s] -- Up-to-date: /home/ffelix07/Documents/LabRemo/Orchestrator/ros2_labremoto/install/my_mas/include/my_mas/my_mas/srv
[4.465s] -- Up-to-date: /home/ffelix07/Documents/LabRemo/Orchestrator/ros2_labremoto/install/my_mas/include/my_mas/my_mas/srv/detail
[4.466s] -- Up-to-date: /home/ffelix07/Documents/LabRemo/Orchestrator/ros2_labremoto/install/my_mas/include/my_mas/my_mas/srv/detail/load_filedb__rosidl_typesupport_fastrtps_c.h
[4.466s] -- Up-to-date: /home/ffelix07/Documents/LabRemo/Orchestrator/ros2_labremoto/install/my_mas/include/my_mas/my_mas/srv/detail/load_file__rosidl_typesupport_fastrtps_c.h
[4.467s] -- Up-to-date: /home/ffelix07/Documents/LabRemo/Orchestrator/ros2_labremoto/install/my_mas/include/my_mas/my_mas/action
[4.467s] -- Up-to-date: /home/ffelix07/Documents/LabRemo/Orchestrator/ros2_labremoto/install/my_mas/include/my_mas/my_mas/action/detail
[4.468s] -- Up-to-date: /home/ffelix07/Documents/LabRemo/Orchestrator/ros2_labremoto/install/my_mas/include/my_mas/my_mas/action/detail/tranformvhdlbit__rosidl_typesupport_fastrtps_c.h
[4.468s] -- Up-to-date: /home/ffelix07/Documents/LabRemo/Orchestrator/ros2_labremoto/install/my_mas/include/my_mas/my_mas/action/detail/cargahex__rosidl_typesupport_fastrtps_c.h
[4.469s] -- Up-to-date: /home/ffelix07/Documents/LabRemo/Orchestrator/ros2_labremoto/install/my_mas/include/my_mas/my_mas/action/detail/carga_bit__rosidl_typesupport_fastrtps_c.h
[4.470s] -- Up-to-date: /home/ffelix07/Documents/LabRemo/Orchestrator/ros2_labremoto/install/my_mas/include/my_mas/my_mas/action/detail/fibonacci__rosidl_typesupport_fastrtps_c.h
[4.471s] -- Up-to-date: /home/ffelix07/Documents/LabRemo/Orchestrator/ros2_labremoto/install/my_mas/include/my_mas/my_mas/msg
[4.472s] -- Up-to-date: /home/ffelix07/Documents/LabRemo/Orchestrator/ros2_labremoto/install/my_mas/include/my_mas/my_mas/msg/rosidl_typesupport_fastrtps_c__visibility_control.h
[4.473s] -- Up-to-date: /home/ffelix07/Documents/LabRemo/Orchestrator/ros2_labremoto/install/my_mas/include/my_mas/my_mas/msg/detail
[4.474s] -- Up-to-date: /home/ffelix07/Documents/LabRemo/Orchestrator/ros2_labremoto/install/my_mas/include/my_mas/my_mas/msg/detail/file_hex_load__rosidl_typesupport_fastrtps_c.h
[4.474s] -- Up-to-date: /home/ffelix07/Documents/LabRemo/Orchestrator/ros2_labremoto/install/my_mas/include/my_mas/my_mas/msg/detail/trans_global__rosidl_typesupport_fastrtps_c.h
[4.475s] -- Up-to-date: /home/ffelix07/Documents/LabRemo/Orchestrator/ros2_labremoto/install/my_mas/include/my_mas/my_mas/msg/detail/auditor_msg__rosidl_typesupport_fastrtps_c.h
[4.476s] -- Up-to-date: /home/ffelix07/Documents/LabRemo/Orchestrator/ros2_labremoto/install/my_mas/include/my_mas/my_mas/msg/detail/sensor_measurment__rosidl_typesupport_fastrtps_c.h
[4.476s] -- Up-to-date: /home/ffelix07/Documents/LabRemo/Orchestrator/ros2_labremoto/install/my_mas/include/my_mas/my_mas/msg/detail/operacion__rosidl_typesupport_fastrtps_c.h
[4.477s] -- Up-to-date: /home/ffelix07/Documents/LabRemo/Orchestrator/ros2_labremoto/install/my_mas/include/my_mas/my_mas/msg/detail/auditor__rosidl_typesupport_fastrtps_c.h
[4.478s] -- Up-to-date: /home/ffelix07/Documents/LabRemo/Orchestrator/ros2_labremoto/install/my_mas/include/my_mas/my_mas/msg/detail/bit_load__rosidl_typesupport_fastrtps_c.h
[4.479s] -- Up-to-date: /home/ffelix07/Documents/LabRemo/Orchestrator/ros2_labremoto/install/my_mas/include/my_mas/my_mas/msg/detail/create_bit_stream__rosidl_typesupport_fastrtps_c.h
[4.486s] -- Up-to-date: /home/ffelix07/Documents/LabRemo/Orchestrator/ros2_labremoto/install/my_mas/lib/libmy_mas__rosidl_typesupport_fastrtps_c.so
[4.487s] -- Up-to-date: /home/ffelix07/Documents/LabRemo/Orchestrator/ros2_labremoto/install/my_mas/include/my_mas/my_mas
[4.490s] -- Up-to-date: /home/ffelix07/Documents/LabRemo/Orchestrator/ros2_labremoto/install/my_mas/include/my_mas/my_mas/srv
[4.490s] -- Up-to-date: /home/ffelix07/Documents/LabRemo/Orchestrator/ros2_labremoto/install/my_mas/include/my_mas/my_mas/srv/detail
[4.491s] -- Up-to-date: /home/ffelix07/Documents/LabRemo/Orchestrator/ros2_labremoto/install/my_mas/include/my_mas/my_mas/srv/detail/load_filedb__type_support.c
[4.491s] -- Up-to-date: /home/ffelix07/Documents/LabRemo/Orchestrator/ros2_labremoto/install/my_mas/include/my_mas/my_mas/srv/detail/load_file__rosidl_typesupport_introspection_c.h
[4.492s] -- Up-to-date: /home/ffelix07/Documents/LabRemo/Orchestrator/ros2_labremoto/install/my_mas/include/my_mas/my_mas/srv/detail/load_file__type_support.c
[4.492s] -- Up-to-date: /home/ffelix07/Documents/LabRemo/Orchestrator/ros2_labremoto/install/my_mas/include/my_mas/my_mas/srv/detail/load_filedb__rosidl_typesupport_introspection_c.h
[4.493s] -- Up-to-date: /home/ffelix07/Documents/LabRemo/Orchestrator/ros2_labremoto/install/my_mas/include/my_mas/my_mas/action
[4.493s] -- Up-to-date: /home/ffelix07/Documents/LabRemo/Orchestrator/ros2_labremoto/install/my_mas/include/my_mas/my_mas/action/detail
[4.494s] -- Up-to-date: /home/ffelix07/Documents/LabRemo/Orchestrator/ros2_labremoto/install/my_mas/include/my_mas/my_mas/action/detail/carga_bit__type_support.c
[4.494s] -- Up-to-date: /home/ffelix07/Documents/LabRemo/Orchestrator/ros2_labremoto/install/my_mas/include/my_mas/my_mas/action/detail/tranformvhdlbit__rosidl_typesupport_introspection_c.h
[4.495s] -- Up-to-date: /home/ffelix07/Documents/LabRemo/Orchestrator/ros2_labremoto/install/my_mas/include/my_mas/my_mas/action/detail/fibonacci__rosidl_typesupport_introspection_c.h
[4.498s] -- Up-to-date: /home/ffelix07/Documents/LabRemo/Orchestrator/ros2_labremoto/install/my_mas/include/my_mas/my_mas/action/detail/fibonacci__type_support.c
[4.499s] -- Up-to-date: /home/ffelix07/Documents/LabRemo/Orchestrator/ros2_labremoto/install/my_mas/include/my_mas/my_mas/action/detail/tranformvhdlbit__type_support.c
[4.499s] -- Up-to-date: /home/ffelix07/Documents/LabRemo/Orchestrator/ros2_labremoto/install/my_mas/include/my_mas/my_mas/action/detail/carga_bit__rosidl_typesupport_introspection_c.h
[4.500s] -- Up-to-date: /home/ffelix07/Documents/LabRemo/Orchestrator/ros2_labremoto/install/my_mas/include/my_mas/my_mas/action/detail/cargahex__type_support.c
[4.510s] -- Up-to-date: /home/ffelix07/Documents/LabRemo/Orchestrator/ros2_labremoto/install/my_mas/include/my_mas/my_mas/action/detail/cargahex__rosidl_typesupport_introspection_c.h
[4.511s] -- Up-to-date: /home/ffelix07/Documents/LabRemo/Orchestrator/ros2_labremoto/install/my_mas/include/my_mas/my_mas/msg
[4.511s] -- Up-to-date: /home/ffelix07/Documents/LabRemo/Orchestrator/ros2_labremoto/install/my_mas/include/my_mas/my_mas/msg/detail
[4.512s] -- Up-to-date: /home/ffelix07/Documents/LabRemo/Orchestrator/ros2_labremoto/install/my_mas/include/my_mas/my_mas/msg/detail/trans_global__rosidl_typesupport_introspection_c.h
[4.512s] -- Up-to-date: /home/ffelix07/Documents/LabRemo/Orchestrator/ros2_labremoto/install/my_mas/include/my_mas/my_mas/msg/detail/file_hex_load__rosidl_typesupport_introspection_c.h
[4.513s] -- Up-to-date: /home/ffelix07/Documents/LabRemo/Orchestrator/ros2_labremoto/install/my_mas/include/my_mas/my_mas/msg/detail/operacion__type_support.c
[4.513s] -- Up-to-date: /home/ffelix07/Documents/LabRemo/Orchestrator/ros2_labremoto/install/my_mas/include/my_mas/my_mas/msg/detail/operacion__rosidl_typesupport_introspection_c.h
[4.514s] -- Up-to-date: /home/ffelix07/Documents/LabRemo/Orchestrator/ros2_labremoto/install/my_mas/include/my_mas/my_mas/msg/detail/sensor_measurment__rosidl_typesupport_introspection_c.h
[4.514s] -- Up-to-date: /home/ffelix07/Documents/LabRemo/Orchestrator/ros2_labremoto/install/my_mas/include/my_mas/my_mas/msg/detail/create_bit_stream__rosidl_typesupport_introspection_c.h
[4.515s] -- Up-to-date: /home/ffelix07/Documents/LabRemo/Orchestrator/ros2_labremoto/install/my_mas/include/my_mas/my_mas/msg/detail/sensor_measurment__type_support.c
[4.515s] -- Up-to-date: /home/ffelix07/Documents/LabRemo/Orchestrator/ros2_labremoto/install/my_mas/include/my_mas/my_mas/msg/detail/auditor_msg__type_support.c
[4.516s] -- Up-to-date: /home/ffelix07/Documents/LabRemo/Orchestrator/ros2_labremoto/install/my_mas/include/my_mas/my_mas/msg/detail/bit_load__rosidl_typesupport_introspection_c.h
[4.516s] -- Up-to-date: /home/ffelix07/Documents/LabRemo/Orchestrator/ros2_labremoto/install/my_mas/include/my_mas/my_mas/msg/detail/create_bit_stream__type_support.c
[4.516s] -- Up-to-date: /home/ffelix07/Documents/LabRemo/Orchestrator/ros2_labremoto/install/my_mas/include/my_mas/my_mas/msg/detail/trans_global__type_support.c
[4.517s] -- Up-to-date: /home/ffelix07/Documents/LabRemo/Orchestrator/ros2_labremoto/install/my_mas/include/my_mas/my_mas/msg/detail/file_hex_load__type_support.c
[4.521s] -- Up-to-date: /home/ffelix07/Documents/LabRemo/Orchestrator/ros2_labremoto/install/my_mas/include/my_mas/my_mas/msg/detail/auditor__type_support.c
[4.522s] -- Up-to-date: /home/ffelix07/Documents/LabRemo/Orchestrator/ros2_labremoto/install/my_mas/include/my_mas/my_mas/msg/detail/auditor__rosidl_typesupport_introspection_c.h
[4.522s] -- Up-to-date: /home/ffelix07/Documents/LabRemo/Orchestrator/ros2_labremoto/install/my_mas/include/my_mas/my_mas/msg/detail/auditor_msg__rosidl_typesupport_introspection_c.h
[4.523s] -- Up-to-date: /home/ffelix07/Documents/LabRemo/Orchestrator/ros2_labremoto/install/my_mas/include/my_mas/my_mas/msg/detail/bit_load__type_support.c
[4.523s] -- Up-to-date: /home/ffelix07/Documents/LabRemo/Orchestrator/ros2_labremoto/install/my_mas/include/my_mas/my_mas/msg/rosidl_typesupport_introspection_c__visibility_control.h
[4.523s] -- Up-to-date: /home/ffelix07/Documents/LabRemo/Orchestrator/ros2_labremoto/install/my_mas/lib/libmy_mas__rosidl_typesupport_introspection_c.so
[4.524s] -- Up-to-date: /home/ffelix07/Documents/LabRemo/Orchestrator/ros2_labremoto/install/my_mas/lib/libmy_mas__rosidl_typesupport_c.so
[4.524s] -- Up-to-date: /home/ffelix07/Documents/LabRemo/Orchestrator/ros2_labremoto/install/my_mas/include/my_mas/my_mas
[4.524s] -- Up-to-date: /home/ffelix07/Documents/LabRemo/Orchestrator/ros2_labremoto/install/my_mas/include/my_mas/my_mas/srv
[4.525s] -- Up-to-date: /home/ffelix07/Documents/LabRemo/Orchestrator/ros2_labremoto/install/my_mas/include/my_mas/my_mas/srv/load_file.hpp
[4.525s] -- Up-to-date: /home/ffelix07/Documents/LabRemo/Orchestrator/ros2_labremoto/install/my_mas/include/my_mas/my_mas/srv/detail
[4.526s] -- Up-to-date: /home/ffelix07/Documents/LabRemo/Orchestrator/ros2_labremoto/install/my_mas/include/my_mas/my_mas/srv/detail/load_filedb__builder.hpp
[4.526s] -- Up-to-date: /home/ffelix07/Documents/LabRemo/Orchestrator/ros2_labremoto/install/my_mas/include/my_mas/my_mas/srv/detail/load_filedb__traits.hpp
[4.527s] -- Up-to-date: /home/ffelix07/Documents/LabRemo/Orchestrator/ros2_labremoto/install/my_mas/include/my_mas/my_mas/srv/detail/load_file__struct.hpp
[4.527s] -- Up-to-date: /home/ffelix07/Documents/LabRemo/Orchestrator/ros2_labremoto/install/my_mas/include/my_mas/my_mas/srv/detail/load_file__builder.hpp
[4.528s] -- Up-to-date: /home/ffelix07/Documents/LabRemo/Orchestrator/ros2_labremoto/install/my_mas/include/my_mas/my_mas/srv/detail/load_file__traits.hpp
[4.528s] -- Up-to-date: /home/ffelix07/Documents/LabRemo/Orchestrator/ros2_labremoto/install/my_mas/include/my_mas/my_mas/srv/detail/load_filedb__struct.hpp
[4.528s] -- Up-to-date: /home/ffelix07/Documents/LabRemo/Orchestrator/ros2_labremoto/install/my_mas/include/my_mas/my_mas/srv/load_filedb.hpp
[4.529s] -- Up-to-date: /home/ffelix07/Documents/LabRemo/Orchestrator/ros2_labremoto/install/my_mas/include/my_mas/my_mas/action
[4.529s] -- Up-to-date: /home/ffelix07/Documents/LabRemo/Orchestrator/ros2_labremoto/install/my_mas/include/my_mas/my_mas/action/tranformvhdlbit.hpp
[4.530s] -- Up-to-date: /home/ffelix07/Documents/LabRemo/Orchestrator/ros2_labremoto/install/my_mas/include/my_mas/my_mas/action/carga_bit.hpp
[4.538s] -- Up-to-date: /home/ffelix07/Documents/LabRemo/Orchestrator/ros2_labremoto/install/my_mas/include/my_mas/my_mas/action/fibonacci.hpp
[4.538s] -- Up-to-date: /home/ffelix07/Documents/LabRemo/Orchestrator/ros2_labremoto/install/my_mas/include/my_mas/my_mas/action/detail
[4.539s] -- Up-to-date: /home/ffelix07/Documents/LabRemo/Orchestrator/ros2_labremoto/install/my_mas/include/my_mas/my_mas/action/detail/fibonacci__builder.hpp
[4.539s] -- Up-to-date: /home/ffelix07/Documents/LabRemo/Orchestrator/ros2_labremoto/install/my_mas/include/my_mas/my_mas/action/detail/tranformvhdlbit__builder.hpp
[4.539s] -- Up-to-date: /home/ffelix07/Documents/LabRemo/Orchestrator/ros2_labremoto/install/my_mas/include/my_mas/my_mas/action/detail/cargahex__builder.hpp
[4.540s] -- Up-to-date: /home/ffelix07/Documents/LabRemo/Orchestrator/ros2_labremoto/install/my_mas/include/my_mas/my_mas/action/detail/tranformvhdlbit__traits.hpp
[4.540s] -- Up-to-date: /home/ffelix07/Documents/LabRemo/Orchestrator/ros2_labremoto/install/my_mas/include/my_mas/my_mas/action/detail/carga_bit__traits.hpp
[4.540s] -- Up-to-date: /home/ffelix07/Documents/LabRemo/Orchestrator/ros2_labremoto/install/my_mas/include/my_mas/my_mas/action/detail/fibonacci__struct.hpp
[4.541s] -- Up-to-date: /home/ffelix07/Documents/LabRemo/Orchestrator/ros2_labremoto/install/my_mas/include/my_mas/my_mas/action/detail/cargahex__struct.hpp
[4.541s] -- Up-to-date: /home/ffelix07/Documents/LabRemo/Orchestrator/ros2_labremoto/install/my_mas/include/my_mas/my_mas/action/detail/tranformvhdlbit__struct.hpp
[4.542s] -- Up-to-date: /home/ffelix07/Documents/LabRemo/Orchestrator/ros2_labremoto/install/my_mas/include/my_mas/my_mas/action/detail/fibonacci__traits.hpp
[4.542s] -- Up-to-date: /home/ffelix07/Documents/LabRemo/Orchestrator/ros2_labremoto/install/my_mas/include/my_mas/my_mas/action/detail/carga_bit__builder.hpp
[4.543s] -- Up-to-date: /home/ffelix07/Documents/LabRemo/Orchestrator/ros2_labremoto/install/my_mas/include/my_mas/my_mas/action/detail/cargahex__traits.hpp
[4.543s] -- Up-to-date: /home/ffelix07/Documents/LabRemo/Orchestrator/ros2_labremoto/install/my_mas/include/my_mas/my_mas/action/detail/carga_bit__struct.hpp
[4.544s] -- Up-to-date: /home/ffelix07/Documents/LabRemo/Orchestrator/ros2_labremoto/install/my_mas/include/my_mas/my_mas/action/cargahex.hpp
[4.544s] -- Up-to-date: /home/ffelix07/Documents/LabRemo/Orchestrator/ros2_labremoto/install/my_mas/include/my_mas/my_mas/msg
[4.547s] -- Up-to-date: /home/ffelix07/Documents/LabRemo/Orchestrator/ros2_labremoto/install/my_mas/include/my_mas/my_mas/msg/create_bit_stream.hpp
[4.548s] -- Up-to-date: /home/ffelix07/Documents/LabRemo/Orchestrator/ros2_labremoto/install/my_mas/include/my_mas/my_mas/msg/bit_load.hpp
[4.549s] -- Up-to-date: /home/ffelix07/Documents/LabRemo/Orchestrator/ros2_labremoto/install/my_mas/include/my_mas/my_mas/msg/auditor_msg.hpp
[4.552s] -- Up-to-date: /home/ffelix07/Documents/LabRemo/Orchestrator/ros2_labremoto/install/my_mas/include/my_mas/my_mas/msg/detail
[4.552s] -- Up-to-date: /home/ffelix07/Documents/LabRemo/Orchestrator/ros2_labremoto/install/my_mas/include/my_mas/my_mas/msg/detail/file_hex_load__builder.hpp
[4.553s] -- Up-to-date: /home/ffelix07/Documents/LabRemo/Orchestrator/ros2_labremoto/install/my_mas/include/my_mas/my_mas/msg/detail/operacion__traits.hpp
[4.554s] -- Up-to-date: /home/ffelix07/Documents/LabRemo/Orchestrator/ros2_labremoto/install/my_mas/include/my_mas/my_mas/msg/detail/trans_global__struct.hpp
[4.555s] -- Up-to-date: /home/ffelix07/Documents/LabRemo/Orchestrator/ros2_labremoto/install/my_mas/include/my_mas/my_mas/msg/detail/file_hex_load__traits.hpp
[4.557s] -- Up-to-date: /home/ffelix07/Documents/LabRemo/Orchestrator/ros2_labremoto/install/my_mas/include/my_mas/my_mas/msg/detail/sensor_measurment__struct.hpp
[4.557s] -- Up-to-date: /home/ffelix07/Documents/LabRemo/Orchestrator/ros2_labremoto/install/my_mas/include/my_mas/my_mas/msg/detail/sensor_measurment__traits.hpp
[4.558s] -- Up-to-date: /home/ffelix07/Documents/LabRemo/Orchestrator/ros2_labremoto/install/my_mas/include/my_mas/my_mas/msg/detail/create_bit_stream__builder.hpp
[4.559s] -- Up-to-date: /home/ffelix07/Documents/LabRemo/Orchestrator/ros2_labremoto/install/my_mas/include/my_mas/my_mas/msg/detail/operacion__builder.hpp
[4.559s] -- Up-to-date: /home/ffelix07/Documents/LabRemo/Orchestrator/ros2_labremoto/install/my_mas/include/my_mas/my_mas/msg/detail/operacion__struct.hpp
[4.560s] -- Up-to-date: /home/ffelix07/Documents/LabRemo/Orchestrator/ros2_labremoto/install/my_mas/include/my_mas/my_mas/msg/detail/file_hex_load__struct.hpp
[4.560s] -- Up-to-date: /home/ffelix07/Documents/LabRemo/Orchestrator/ros2_labremoto/install/my_mas/include/my_mas/my_mas/msg/detail/auditor__traits.hpp
[4.561s] -- Up-to-date: /home/ffelix07/Documents/LabRemo/Orchestrator/ros2_labremoto/install/my_mas/include/my_mas/my_mas/msg/detail/bit_load__traits.hpp
[4.562s] -- Up-to-date: /home/ffelix07/Documents/LabRemo/Orchestrator/ros2_labremoto/install/my_mas/include/my_mas/my_mas/msg/detail/auditor_msg__traits.hpp
[4.563s] -- Up-to-date: /home/ffelix07/Documents/LabRemo/Orchestrator/ros2_labremoto/install/my_mas/include/my_mas/my_mas/msg/detail/auditor__builder.hpp
[4.563s] -- Up-to-date: /home/ffelix07/Documents/LabRemo/Orchestrator/ros2_labremoto/install/my_mas/include/my_mas/my_mas/msg/detail/create_bit_stream__traits.hpp
[4.564s] -- Up-to-date: /home/ffelix07/Documents/LabRemo/Orchestrator/ros2_labremoto/install/my_mas/include/my_mas/my_mas/msg/detail/sensor_measurment__builder.hpp
[4.564s] -- Up-to-date: /home/ffelix07/Documents/LabRemo/Orchestrator/ros2_labremoto/install/my_mas/include/my_mas/my_mas/msg/detail/trans_global__builder.hpp
[4.566s] -- Up-to-date: /home/ffelix07/Documents/LabRemo/Orchestrator/ros2_labremoto/install/my_mas/include/my_mas/my_mas/msg/detail/trans_global__traits.hpp
[4.567s] -- Up-to-date: /home/ffelix07/Documents/LabRemo/Orchestrator/ros2_labremoto/install/my_mas/include/my_mas/my_mas/msg/detail/bit_load__builder.hpp
[4.567s] -- Up-to-date: /home/ffelix07/Documents/LabRemo/Orchestrator/ros2_labremoto/install/my_mas/include/my_mas/my_mas/msg/detail/auditor_msg__struct.hpp
[4.568s] -- Up-to-date: /home/ffelix07/Documents/LabRemo/Orchestrator/ros2_labremoto/install/my_mas/include/my_mas/my_mas/msg/detail/bit_load__struct.hpp
[4.568s] -- Up-to-date: /home/ffelix07/Documents/LabRemo/Orchestrator/ros2_labremoto/install/my_mas/include/my_mas/my_mas/msg/detail/auditor_msg__builder.hpp
[4.568s] -- Up-to-date: /home/ffelix07/Documents/LabRemo/Orchestrator/ros2_labremoto/install/my_mas/include/my_mas/my_mas/msg/detail/auditor__struct.hpp
[4.569s] -- Up-to-date: /home/ffelix07/Documents/LabRemo/Orchestrator/ros2_labremoto/install/my_mas/include/my_mas/my_mas/msg/detail/create_bit_stream__struct.hpp
[4.569s] -- Up-to-date: /home/ffelix07/Documents/LabRemo/Orchestrator/ros2_labremoto/install/my_mas/include/my_mas/my_mas/msg/file_hex_load.hpp
[4.570s] -- Up-to-date: /home/ffelix07/Documents/LabRemo/Orchestrator/ros2_labremoto/install/my_mas/include/my_mas/my_mas/msg/auditor.hpp
[4.570s] -- Up-to-date: /home/ffelix07/Documents/LabRemo/Orchestrator/ros2_labremoto/install/my_mas/include/my_mas/my_mas/msg/operacion.hpp
[4.570s] -- Up-to-date: /home/ffelix07/Documents/LabRemo/Orchestrator/ros2_labremoto/install/my_mas/include/my_mas/my_mas/msg/sensor_measurment.hpp
[4.571s] -- Up-to-date: /home/ffelix07/Documents/LabRemo/Orchestrator/ros2_labremoto/install/my_mas/include/my_mas/my_mas/msg/trans_global.hpp
[4.571s] -- Up-to-date: /home/ffelix07/Documents/LabRemo/Orchestrator/ros2_labremoto/install/my_mas/include/my_mas/my_mas
[4.571s] -- Up-to-date: /home/ffelix07/Documents/LabRemo/Orchestrator/ros2_labremoto/install/my_mas/include/my_mas/my_mas/srv
[4.572s] -- Up-to-date: /home/ffelix07/Documents/LabRemo/Orchestrator/ros2_labremoto/install/my_mas/include/my_mas/my_mas/srv/detail
[4.572s] -- Up-to-date: /home/ffelix07/Documents/LabRemo/Orchestrator/ros2_labremoto/install/my_mas/include/my_mas/my_mas/srv/detail/load_filedb__rosidl_typesupport_fastrtps_cpp.hpp
[4.572s] -- Up-to-date: /home/ffelix07/Documents/LabRemo/Orchestrator/ros2_labremoto/install/my_mas/include/my_mas/my_mas/srv/detail/load_file__rosidl_typesupport_fastrtps_cpp.hpp
[4.573s] -- Up-to-date: /home/ffelix07/Documents/LabRemo/Orchestrator/ros2_labremoto/install/my_mas/include/my_mas/my_mas/srv/detail/dds_fastrtps
[4.573s] -- Up-to-date: /home/ffelix07/Documents/LabRemo/Orchestrator/ros2_labremoto/install/my_mas/include/my_mas/my_mas/action
[4.574s] -- Up-to-date: /home/ffelix07/Documents/LabRemo/Orchestrator/ros2_labremoto/install/my_mas/include/my_mas/my_mas/action/detail
[4.574s] -- Up-to-date: /home/ffelix07/Documents/LabRemo/Orchestrator/ros2_labremoto/install/my_mas/include/my_mas/my_mas/action/detail/cargahex__rosidl_typesupport_fastrtps_cpp.hpp
[4.575s] -- Up-to-date: /home/ffelix07/Documents/LabRemo/Orchestrator/ros2_labremoto/install/my_mas/include/my_mas/my_mas/action/detail/tranformvhdlbit__rosidl_typesupport_fastrtps_cpp.hpp
[4.576s] -- Up-to-date: /home/ffelix07/Documents/LabRemo/Orchestrator/ros2_labremoto/install/my_mas/include/my_mas/my_mas/action/detail/dds_fastrtps
[4.576s] -- Up-to-date: /home/ffelix07/Documents/LabRemo/Orchestrator/ros2_labremoto/install/my_mas/include/my_mas/my_mas/action/detail/fibonacci__rosidl_typesupport_fastrtps_cpp.hpp
[4.576s] -- Up-to-date: /home/ffelix07/Documents/LabRemo/Orchestrator/ros2_labremoto/install/my_mas/include/my_mas/my_mas/action/detail/carga_bit__rosidl_typesupport_fastrtps_cpp.hpp
[4.577s] -- Up-to-date: /home/ffelix07/Documents/LabRemo/Orchestrator/ros2_labremoto/install/my_mas/include/my_mas/my_mas/msg
[4.577s] -- Up-to-date: /home/ffelix07/Documents/LabRemo/Orchestrator/ros2_labremoto/install/my_mas/include/my_mas/my_mas/msg/detail
[4.578s] -- Up-to-date: /home/ffelix07/Documents/LabRemo/Orchestrator/ros2_labremoto/install/my_mas/include/my_mas/my_mas/msg/detail/auditor__rosidl_typesupport_fastrtps_cpp.hpp
[4.578s] -- Up-to-date: /home/ffelix07/Documents/LabRemo/Orchestrator/ros2_labremoto/install/my_mas/include/my_mas/my_mas/msg/detail/create_bit_stream__rosidl_typesupport_fastrtps_cpp.hpp
[4.578s] -- Up-to-date: /home/ffelix07/Documents/LabRemo/Orchestrator/ros2_labremoto/install/my_mas/include/my_mas/my_mas/msg/detail/operacion__rosidl_typesupport_fastrtps_cpp.hpp
[4.579s] -- Up-to-date: /home/ffelix07/Documents/LabRemo/Orchestrator/ros2_labremoto/install/my_mas/include/my_mas/my_mas/msg/detail/file_hex_load__rosidl_typesupport_fastrtps_cpp.hpp
[4.579s] -- Up-to-date: /home/ffelix07/Documents/LabRemo/Orchestrator/ros2_labremoto/install/my_mas/include/my_mas/my_mas/msg/detail/sensor_measurment__rosidl_typesupport_fastrtps_cpp.hpp
[4.579s] -- Up-to-date: /home/ffelix07/Documents/LabRemo/Orchestrator/ros2_labremoto/install/my_mas/include/my_mas/my_mas/msg/detail/bit_load__rosidl_typesupport_fastrtps_cpp.hpp
[4.580s] -- Up-to-date: /home/ffelix07/Documents/LabRemo/Orchestrator/ros2_labremoto/install/my_mas/include/my_mas/my_mas/msg/detail/dds_fastrtps
[4.582s] -- Up-to-date: /home/ffelix07/Documents/LabRemo/Orchestrator/ros2_labremoto/install/my_mas/include/my_mas/my_mas/msg/detail/trans_global__rosidl_typesupport_fastrtps_cpp.hpp
[4.582s] -- Up-to-date: /home/ffelix07/Documents/LabRemo/Orchestrator/ros2_labremoto/install/my_mas/include/my_mas/my_mas/msg/detail/auditor_msg__rosidl_typesupport_fastrtps_cpp.hpp
[4.582s] -- Up-to-date: /home/ffelix07/Documents/LabRemo/Orchestrator/ros2_labremoto/install/my_mas/include/my_mas/my_mas/msg/rosidl_typesupport_fastrtps_cpp__visibility_control.h
[4.583s] -- Up-to-date: /home/ffelix07/Documents/LabRemo/Orchestrator/ros2_labremoto/install/my_mas/lib/libmy_mas__rosidl_typesupport_fastrtps_cpp.so
[4.583s] -- Up-to-date: /home/ffelix07/Documents/LabRemo/Orchestrator/ros2_labremoto/install/my_mas/include/my_mas/my_mas
[4.584s] -- Up-to-date: /home/ffelix07/Documents/LabRemo/Orchestrator/ros2_labremoto/install/my_mas/include/my_mas/my_mas/srv
[4.584s] -- Up-to-date: /home/ffelix07/Documents/LabRemo/Orchestrator/ros2_labremoto/install/my_mas/include/my_mas/my_mas/srv/detail
[4.584s] -- Up-to-date: /home/ffelix07/Documents/LabRemo/Orchestrator/ros2_labremoto/install/my_mas/include/my_mas/my_mas/srv/detail/load_filedb__type_support.cpp
[4.585s] -- Up-to-date: /home/ffelix07/Documents/LabRemo/Orchestrator/ros2_labremoto/install/my_mas/include/my_mas/my_mas/srv/detail/load_filedb__rosidl_typesupport_introspection_cpp.hpp
[4.587s] -- Up-to-date: /home/ffelix07/Documents/LabRemo/Orchestrator/ros2_labremoto/install/my_mas/include/my_mas/my_mas/srv/detail/load_file__rosidl_typesupport_introspection_cpp.hpp
[4.587s] -- Up-to-date: /home/ffelix07/Documents/LabRemo/Orchestrator/ros2_labremoto/install/my_mas/include/my_mas/my_mas/srv/detail/load_file__type_support.cpp
[4.588s] -- Up-to-date: /home/ffelix07/Documents/LabRemo/Orchestrator/ros2_labremoto/install/my_mas/include/my_mas/my_mas/action
[4.588s] -- Up-to-date: /home/ffelix07/Documents/LabRemo/Orchestrator/ros2_labremoto/install/my_mas/include/my_mas/my_mas/action/detail
[4.588s] -- Up-to-date: /home/ffelix07/Documents/LabRemo/Orchestrator/ros2_labremoto/install/my_mas/include/my_mas/my_mas/action/detail/carga_bit__type_support.cpp
[4.589s] -- Up-to-date: /home/ffelix07/Documents/LabRemo/Orchestrator/ros2_labremoto/install/my_mas/include/my_mas/my_mas/action/detail/tranformvhdlbit__type_support.cpp
[4.590s] -- Up-to-date: /home/ffelix07/Documents/LabRemo/Orchestrator/ros2_labremoto/install/my_mas/include/my_mas/my_mas/action/detail/fibonacci__rosidl_typesupport_introspection_cpp.hpp
[4.590s] -- Up-to-date: /home/ffelix07/Documents/LabRemo/Orchestrator/ros2_labremoto/install/my_mas/include/my_mas/my_mas/action/detail/cargahex__type_support.cpp
[4.591s] -- Up-to-date: /home/ffelix07/Documents/LabRemo/Orchestrator/ros2_labremoto/install/my_mas/include/my_mas/my_mas/action/detail/tranformvhdlbit__rosidl_typesupport_introspection_cpp.hpp
[4.591s] -- Up-to-date: /home/ffelix07/Documents/LabRemo/Orchestrator/ros2_labremoto/install/my_mas/include/my_mas/my_mas/action/detail/carga_bit__rosidl_typesupport_introspection_cpp.hpp
[4.591s] -- Up-to-date: /home/ffelix07/Documents/LabRemo/Orchestrator/ros2_labremoto/install/my_mas/include/my_mas/my_mas/action/detail/cargahex__rosidl_typesupport_introspection_cpp.hpp
[4.592s] -- Up-to-date: /home/ffelix07/Documents/LabRemo/Orchestrator/ros2_labremoto/install/my_mas/include/my_mas/my_mas/action/detail/fibonacci__type_support.cpp
[4.592s] -- Up-to-date: /home/ffelix07/Documents/LabRemo/Orchestrator/ros2_labremoto/install/my_mas/include/my_mas/my_mas/msg
[4.593s] -- Up-to-date: /home/ffelix07/Documents/LabRemo/Orchestrator/ros2_labremoto/install/my_mas/include/my_mas/my_mas/msg/detail
[4.593s] -- Up-to-date: /home/ffelix07/Documents/LabRemo/Orchestrator/ros2_labremoto/install/my_mas/include/my_mas/my_mas/msg/detail/create_bit_stream__rosidl_typesupport_introspection_cpp.hpp
[4.593s] -- Up-to-date: /home/ffelix07/Documents/LabRemo/Orchestrator/ros2_labremoto/install/my_mas/include/my_mas/my_mas/msg/detail/auditor_msg__type_support.cpp
[4.594s] -- Up-to-date: /home/ffelix07/Documents/LabRemo/Orchestrator/ros2_labremoto/install/my_mas/include/my_mas/my_mas/msg/detail/trans_global__rosidl_typesupport_introspection_cpp.hpp
[4.594s] -- Up-to-date: /home/ffelix07/Documents/LabRemo/Orchestrator/ros2_labremoto/install/my_mas/include/my_mas/my_mas/msg/detail/trans_global__type_support.cpp
[4.595s] -- Up-to-date: /home/ffelix07/Documents/LabRemo/Orchestrator/ros2_labremoto/install/my_mas/include/my_mas/my_mas/msg/detail/bit_load__type_support.cpp
[4.595s] -- Up-to-date: /home/ffelix07/Documents/LabRemo/Orchestrator/ros2_labremoto/install/my_mas/include/my_mas/my_mas/msg/detail/auditor__rosidl_typesupport_introspection_cpp.hpp
[4.595s] -- Up-to-date: /home/ffelix07/Documents/LabRemo/Orchestrator/ros2_labremoto/install/my_mas/include/my_mas/my_mas/msg/detail/file_hex_load__rosidl_typesupport_introspection_cpp.hpp
[4.596s] -- Up-to-date: /home/ffelix07/Documents/LabRemo/Orchestrator/ros2_labremoto/install/my_mas/include/my_mas/my_mas/msg/detail/operacion__type_support.cpp
[4.596s] -- Up-to-date: /home/ffelix07/Documents/LabRemo/Orchestrator/ros2_labremoto/install/my_mas/include/my_mas/my_mas/msg/detail/sensor_measurment__type_support.cpp
[4.596s] -- Up-to-date: /home/ffelix07/Documents/LabRemo/Orchestrator/ros2_labremoto/install/my_mas/include/my_mas/my_mas/msg/detail/file_hex_load__type_support.cpp
[4.597s] -- Up-to-date: /home/ffelix07/Documents/LabRemo/Orchestrator/ros2_labremoto/install/my_mas/include/my_mas/my_mas/msg/detail/auditor__type_support.cpp
[4.597s] -- Up-to-date: /home/ffelix07/Documents/LabRemo/Orchestrator/ros2_labremoto/install/my_mas/include/my_mas/my_mas/msg/detail/sensor_measurment__rosidl_typesupport_introspection_cpp.hpp
[4.598s] -- Up-to-date: /home/ffelix07/Documents/LabRemo/Orchestrator/ros2_labremoto/install/my_mas/include/my_mas/my_mas/msg/detail/create_bit_stream__type_support.cpp
[4.598s] -- Up-to-date: /home/ffelix07/Documents/LabRemo/Orchestrator/ros2_labremoto/install/my_mas/include/my_mas/my_mas/msg/detail/auditor_msg__rosidl_typesupport_introspection_cpp.hpp
[4.598s] -- Up-to-date: /home/ffelix07/Documents/LabRemo/Orchestrator/ros2_labremoto/install/my_mas/include/my_mas/my_mas/msg/detail/bit_load__rosidl_typesupport_introspection_cpp.hpp
[4.599s] -- Up-to-date: /home/ffelix07/Documents/LabRemo/Orchestrator/ros2_labremoto/install/my_mas/include/my_mas/my_mas/msg/detail/operacion__rosidl_typesupport_introspection_cpp.hpp
[4.599s] -- Up-to-date: /home/ffelix07/Documents/LabRemo/Orchestrator/ros2_labremoto/install/my_mas/lib/libmy_mas__rosidl_typesupport_introspection_cpp.so
[4.599s] -- Up-to-date: /home/ffelix07/Documents/LabRemo/Orchestrator/ros2_labremoto/install/my_mas/lib/libmy_mas__rosidl_typesupport_cpp.so
[4.600s] -- Up-to-date: /home/ffelix07/Documents/LabRemo/Orchestrator/ros2_labremoto/install/my_mas/share/my_mas/environment/pythonpath.sh
[4.600s] -- Up-to-date: /home/ffelix07/Documents/LabRemo/Orchestrator/ros2_labremoto/install/my_mas/share/my_mas/environment/pythonpath.dsv
[4.600s] -- Up-to-date: /home/ffelix07/Documents/LabRemo/Orchestrator/ros2_labremoto/install/my_mas/local/lib/python3.10/dist-packages/my_mas-0.0.0-py3.10.egg-info
[4.601s] -- Installing: /home/ffelix07/Documents/LabRemo/Orchestrator/ros2_labremoto/install/my_mas/local/lib/python3.10/dist-packages/my_mas-0.0.0-py3.10.egg-info/top_level.txt
[4.601s] -- Installing: /home/ffelix07/Documents/LabRemo/Orchestrator/ros2_labremoto/install/my_mas/local/lib/python3.10/dist-packages/my_mas-0.0.0-py3.10.egg-info/PKG-INFO
[4.601s] -- Installing: /home/ffelix07/Documents/LabRemo/Orchestrator/ros2_labremoto/install/my_mas/local/lib/python3.10/dist-packages/my_mas-0.0.0-py3.10.egg-info/dependency_links.txt
[4.601s] -- Installing: /home/ffelix07/Documents/LabRemo/Orchestrator/ros2_labremoto/install/my_mas/local/lib/python3.10/dist-packages/my_mas-0.0.0-py3.10.egg-info/SOURCES.txt
[4.602s] -- Up-to-date: /home/ffelix07/Documents/LabRemo/Orchestrator/ros2_labremoto/install/my_mas/local/lib/python3.10/dist-packages/my_mas
[4.602s] -- Up-to-date: /home/ffelix07/Documents/LabRemo/Orchestrator/ros2_labremoto/install/my_mas/local/lib/python3.10/dist-packages/my_mas/my_mas_s__rosidl_typesupport_fastrtps_c.cpython-310-x86_64-linux-gnu.so
[4.602s] -- Up-to-date: /home/ffelix07/Documents/LabRemo/Orchestrator/ros2_labremoto/install/my_mas/local/lib/python3.10/dist-packages/my_mas/_my_mas_s.ep.rosidl_typesupport_c.c
[4.603s] -- Up-to-date: /home/ffelix07/Documents/LabRemo/Orchestrator/ros2_labremoto/install/my_mas/local/lib/python3.10/dist-packages/my_mas/__init__.py
[4.603s] -- Up-to-date: /home/ffelix07/Documents/LabRemo/Orchestrator/ros2_labremoto/install/my_mas/local/lib/python3.10/dist-packages/my_mas/srv
[4.603s] -- Up-to-date: /home/ffelix07/Documents/LabRemo/Orchestrator/ros2_labremoto/install/my_mas/local/lib/python3.10/dist-packages/my_mas/srv/_load_filedb.py
[4.604s] -- Up-to-date: /home/ffelix07/Documents/LabRemo/Orchestrator/ros2_labremoto/install/my_mas/local/lib/python3.10/dist-packages/my_mas/srv/_load_file_s.c
[4.605s] -- Up-to-date: /home/ffelix07/Documents/LabRemo/Orchestrator/ros2_labremoto/install/my_mas/local/lib/python3.10/dist-packages/my_mas/srv/_load_filedb_s.c
[4.605s] -- Up-to-date: /home/ffelix07/Documents/LabRemo/Orchestrator/ros2_labremoto/install/my_mas/local/lib/python3.10/dist-packages/my_mas/srv/__init__.py
[4.606s] -- Up-to-date: /home/ffelix07/Documents/LabRemo/Orchestrator/ros2_labremoto/install/my_mas/local/lib/python3.10/dist-packages/my_mas/srv/_load_file.py
[4.606s] -- Up-to-date: /home/ffelix07/Documents/LabRemo/Orchestrator/ros2_labremoto/install/my_mas/local/lib/python3.10/dist-packages/my_mas/action
[4.607s] -- Up-to-date: /home/ffelix07/Documents/LabRemo/Orchestrator/ros2_labremoto/install/my_mas/local/lib/python3.10/dist-packages/my_mas/action/_cargahex_s.c
[4.607s] -- Up-to-date: /home/ffelix07/Documents/LabRemo/Orchestrator/ros2_labremoto/install/my_mas/local/lib/python3.10/dist-packages/my_mas/action/_carga_bit_s.c
[4.608s] -- Up-to-date: /home/ffelix07/Documents/LabRemo/Orchestrator/ros2_labremoto/install/my_mas/local/lib/python3.10/dist-packages/my_mas/action/_cargahex.py
[4.609s] -- Up-to-date: /home/ffelix07/Documents/LabRemo/Orchestrator/ros2_labremoto/install/my_mas/local/lib/python3.10/dist-packages/my_mas/action/__init__.py
[4.609s] -- Up-to-date: /home/ffelix07/Documents/LabRemo/Orchestrator/ros2_labremoto/install/my_mas/local/lib/python3.10/dist-packages/my_mas/action/_tranformvhdlbit_s.c
[4.610s] -- Up-to-date: /home/ffelix07/Documents/LabRemo/Orchestrator/ros2_labremoto/install/my_mas/local/lib/python3.10/dist-packages/my_mas/action/_fibonacci.py
[4.610s] -- Up-to-date: /home/ffelix07/Documents/LabRemo/Orchestrator/ros2_labremoto/install/my_mas/local/lib/python3.10/dist-packages/my_mas/action/_fibonacci_s.c
[4.610s] -- Up-to-date: /home/ffelix07/Documents/LabRemo/Orchestrator/ros2_labremoto/install/my_mas/local/lib/python3.10/dist-packages/my_mas/action/_carga_bit.py
[4.611s] -- Up-to-date: /home/ffelix07/Documents/LabRemo/Orchestrator/ros2_labremoto/install/my_mas/local/lib/python3.10/dist-packages/my_mas/action/_tranformvhdlbit.py
[4.612s] -- Up-to-date: /home/ffelix07/Documents/LabRemo/Orchestrator/ros2_labremoto/install/my_mas/local/lib/python3.10/dist-packages/my_mas/msg
[4.612s] -- Up-to-date: /home/ffelix07/Documents/LabRemo/Orchestrator/ros2_labremoto/install/my_mas/local/lib/python3.10/dist-packages/my_mas/msg/_operacion_s.c
[4.612s] -- Up-to-date: /home/ffelix07/Documents/LabRemo/Orchestrator/ros2_labremoto/install/my_mas/local/lib/python3.10/dist-packages/my_mas/msg/_operacion.py
[4.613s] -- Up-to-date: /home/ffelix07/Documents/LabRemo/Orchestrator/ros2_labremoto/install/my_mas/local/lib/python3.10/dist-packages/my_mas/msg/_create_bit_stream.py
[4.613s] -- Up-to-date: /home/ffelix07/Documents/LabRemo/Orchestrator/ros2_labremoto/install/my_mas/local/lib/python3.10/dist-packages/my_mas/msg/_auditor.py
[4.614s] -- Up-to-date: /home/ffelix07/Documents/LabRemo/Orchestrator/ros2_labremoto/install/my_mas/local/lib/python3.10/dist-packages/my_mas/msg/_auditor_s.c
[4.614s] -- Up-to-date: /home/ffelix07/Documents/LabRemo/Orchestrator/ros2_labremoto/install/my_mas/local/lib/python3.10/dist-packages/my_mas/msg/_file_hex_load.py
[4.615s] -- Up-to-date: /home/ffelix07/Documents/LabRemo/Orchestrator/ros2_labremoto/install/my_mas/local/lib/python3.10/dist-packages/my_mas/msg/_sensor_measurment_s.c
[4.615s] -- Up-to-date: /home/ffelix07/Documents/LabRemo/Orchestrator/ros2_labremoto/install/my_mas/local/lib/python3.10/dist-packages/my_mas/msg/_bit_load.py
[4.616s] -- Up-to-date: /home/ffelix07/Documents/LabRemo/Orchestrator/ros2_labremoto/install/my_mas/local/lib/python3.10/dist-packages/my_mas/msg/_trans_global_s.c
[4.616s] -- Up-to-date: /home/ffelix07/Documents/LabRemo/Orchestrator/ros2_labremoto/install/my_mas/local/lib/python3.10/dist-packages/my_mas/msg/__init__.py
[4.616s] -- Up-to-date: /home/ffelix07/Documents/LabRemo/Orchestrator/ros2_labremoto/install/my_mas/local/lib/python3.10/dist-packages/my_mas/msg/_sensor_measurment.py
[4.617s] -- Up-to-date: /home/ffelix07/Documents/LabRemo/Orchestrator/ros2_labremoto/install/my_mas/local/lib/python3.10/dist-packages/my_mas/msg/_file_hex_load_s.c
[4.618s] -- Up-to-date: /home/ffelix07/Documents/LabRemo/Orchestrator/ros2_labremoto/install/my_mas/local/lib/python3.10/dist-packages/my_mas/msg/_auditor_msg.py
[4.618s] -- Up-to-date: /home/ffelix07/Documents/LabRemo/Orchestrator/ros2_labremoto/install/my_mas/local/lib/python3.10/dist-packages/my_mas/msg/_bit_load_s.c
[4.619s] -- Up-to-date: /home/ffelix07/Documents/LabRemo/Orchestrator/ros2_labremoto/install/my_mas/local/lib/python3.10/dist-packages/my_mas/msg/_trans_global.py
[4.619s] -- Up-to-date: /home/ffelix07/Documents/LabRemo/Orchestrator/ros2_labremoto/install/my_mas/local/lib/python3.10/dist-packages/my_mas/msg/_create_bit_stream_s.c
[4.620s] -- Up-to-date: /home/ffelix07/Documents/LabRemo/Orchestrator/ros2_labremoto/install/my_mas/local/lib/python3.10/dist-packages/my_mas/msg/_auditor_msg_s.c
[4.620s] -- Up-to-date: /home/ffelix07/Documents/LabRemo/Orchestrator/ros2_labremoto/install/my_mas/local/lib/python3.10/dist-packages/my_mas/_my_mas_s.ep.rosidl_typesupport_fastrtps_c.c
[4.620s] -- Up-to-date: /home/ffelix07/Documents/LabRemo/Orchestrator/ros2_labremoto/install/my_mas/local/lib/python3.10/dist-packages/my_mas/libmy_mas__rosidl_generator_py.so
[4.622s] -- Up-to-date: /home/ffelix07/Documents/LabRemo/Orchestrator/ros2_labremoto/install/my_mas/local/lib/python3.10/dist-packages/my_mas/my_mas_s__rosidl_typesupport_introspection_c.cpython-310-x86_64-linux-gnu.so
[4.622s] -- Up-to-date: /home/ffelix07/Documents/LabRemo/Orchestrator/ros2_labremoto/install/my_mas/local/lib/python3.10/dist-packages/my_mas/_my_mas_s.ep.rosidl_typesupport_introspection_c.c
[4.623s] -- Up-to-date: /home/ffelix07/Documents/LabRemo/Orchestrator/ros2_labremoto/install/my_mas/local/lib/python3.10/dist-packages/my_mas/my_mas_s__rosidl_typesupport_c.cpython-310-x86_64-linux-gnu.so
[4.689s] Listing '/home/ffelix07/Documents/LabRemo/Orchestrator/ros2_labremoto/install/my_mas/local/lib/python3.10/dist-packages/my_mas'...
[4.690s] Listing '/home/ffelix07/Documents/LabRemo/Orchestrator/ros2_labremoto/install/my_mas/local/lib/python3.10/dist-packages/my_mas/action'...
[4.690s] Listing '/home/ffelix07/Documents/LabRemo/Orchestrator/ros2_labremoto/install/my_mas/local/lib/python3.10/dist-packages/my_mas/msg'...
[4.691s] Listing '/home/ffelix07/Documents/LabRemo/Orchestrator/ros2_labremoto/install/my_mas/local/lib/python3.10/dist-packages/my_mas/srv'...
[4.708s] -- Up-to-date: /home/ffelix07/Documents/LabRemo/Orchestrator/ros2_labremoto/install/my_mas/local/lib/python3.10/dist-packages/my_mas/my_mas_s__rosidl_typesupport_fastrtps_c.cpython-310-x86_64-linux-gnu.so
[4.710s] -- Up-to-date: /home/ffelix07/Documents/LabRemo/Orchestrator/ros2_labremoto/install/my_mas/local/lib/python3.10/dist-packages/my_mas/my_mas_s__rosidl_typesupport_introspection_c.cpython-310-x86_64-linux-gnu.so
[4.712s] -- Up-to-date: /home/ffelix07/Documents/LabRemo/Orchestrator/ros2_labremoto/install/my_mas/local/lib/python3.10/dist-packages/my_mas/my_mas_s__rosidl_typesupport_c.cpython-310-x86_64-linux-gnu.so
[4.718s] -- Up-to-date: /home/ffelix07/Documents/LabRemo/Orchestrator/ros2_labremoto/install/my_mas/lib/libmy_mas__rosidl_generator_py.so
[4.719s] -- Up-to-date: /home/ffelix07/Documents/LabRemo/Orchestrator/ros2_labremoto/install/my_mas/share/my_mas/msg/Operacion.idl
[4.720s] -- Up-to-date: /home/ffelix07/Documents/LabRemo/Orchestrator/ros2_labremoto/install/my_mas/share/my_mas/msg/BitLoad.idl
[4.721s] -- Up-to-date: /home/ffelix07/Documents/LabRemo/Orchestrator/ros2_labremoto/install/my_mas/share/my_mas/msg/CreateBitStream.idl
[4.722s] -- Up-to-date: /home/ffelix07/Documents/LabRemo/Orchestrator/ros2_labremoto/install/my_mas/share/my_mas/msg/Auditor.idl
[4.722s] -- Up-to-date: /home/ffelix07/Documents/LabRemo/Orchestrator/ros2_labremoto/install/my_mas/share/my_mas/msg/SensorMeasurment.idl
[4.723s] -- Up-to-date: /home/ffelix07/Documents/LabRemo/Orchestrator/ros2_labremoto/install/my_mas/share/my_mas/msg/FileHexLoad.idl
[4.724s] -- Up-to-date: /home/ffelix07/Documents/LabRemo/Orchestrator/ros2_labremoto/install/my_mas/share/my_mas/msg/TransGlobal.idl
[4.724s] -- Up-to-date: /home/ffelix07/Documents/LabRemo/Orchestrator/ros2_labremoto/install/my_mas/share/my_mas/srv/LoadFiledb.idl
[4.725s] -- Up-to-date: /home/ffelix07/Documents/LabRemo/Orchestrator/ros2_labremoto/install/my_mas/share/my_mas/srv/LoadFile.idl
[4.726s] -- Up-to-date: /home/ffelix07/Documents/LabRemo/Orchestrator/ros2_labremoto/install/my_mas/share/my_mas/action/Fibonacci.idl
[4.732s] -- Up-to-date: /home/ffelix07/Documents/LabRemo/Orchestrator/ros2_labremoto/install/my_mas/share/my_mas/action/Cargahex.idl
[4.733s] -- Up-to-date: /home/ffelix07/Documents/LabRemo/Orchestrator/ros2_labremoto/install/my_mas/share/my_mas/action/CargaBit.idl
[4.733s] -- Up-to-date: /home/ffelix07/Documents/LabRemo/Orchestrator/ros2_labremoto/install/my_mas/share/my_mas/action/Tranformvhdlbit.idl
[4.734s] -- Up-to-date: /home/ffelix07/Documents/LabRemo/Orchestrator/ros2_labremoto/install/my_mas/share/my_mas/msg/Operacion.msg
[4.734s] -- Up-to-date: /home/ffelix07/Documents/LabRemo/Orchestrator/ros2_labremoto/install/my_mas/share/my_mas/msg/BitLoad.msg
[4.734s] -- Up-to-date: /home/ffelix07/Documents/LabRemo/Orchestrator/ros2_labremoto/install/my_mas/share/my_mas/msg/CreateBitStream.msg
[4.735s] -- Up-to-date: /home/ffelix07/Documents/LabRemo/Orchestrator/ros2_labremoto/install/my_mas/share/my_mas/msg/Auditor.msg
[4.738s] -- Up-to-date: /home/ffelix07/Documents/LabRemo/Orchestrator/ros2_labremoto/install/my_mas/share/my_mas/msg/SensorMeasurment.msg
[4.739s] -- Up-to-date: /home/ffelix07/Documents/LabRemo/Orchestrator/ros2_labremoto/install/my_mas/share/my_mas/msg/FileHexLoad.msg
[4.739s] -- Up-to-date: /home/ffelix07/Documents/LabRemo/Orchestrator/ros2_labremoto/install/my_mas/share/my_mas/msg/TransGlobal.msg
[4.740s] -- Up-to-date: /home/ffelix07/Documents/LabRemo/Orchestrator/ros2_labremoto/install/my_mas/share/my_mas/srv/LoadFiledb.srv
[4.740s] -- Up-to-date: /home/ffelix07/Documents/LabRemo/Orchestrator/ros2_labremoto/install/my_mas/share/my_mas/srv/LoadFiledb_Request.msg
[4.741s] -- Up-to-date: /home/ffelix07/Documents/LabRemo/Orchestrator/ros2_labremoto/install/my_mas/share/my_mas/srv/LoadFiledb_Response.msg
[4.741s] -- Up-to-date: /home/ffelix07/Documents/LabRemo/Orchestrator/ros2_labremoto/install/my_mas/share/my_mas/srv/LoadFile.srv
[4.742s] -- Up-to-date: /home/ffelix07/Documents/LabRemo/Orchestrator/ros2_labremoto/install/my_mas/share/my_mas/srv/LoadFile_Request.msg
[4.742s] -- Up-to-date: /home/ffelix07/Documents/LabRemo/Orchestrator/ros2_labremoto/install/my_mas/share/my_mas/srv/LoadFile_Response.msg
[4.743s] -- Up-to-date: /home/ffelix07/Documents/LabRemo/Orchestrator/ros2_labremoto/install/my_mas/share/my_mas/action/Fibonacci.action
[4.743s] -- Up-to-date: /home/ffelix07/Documents/LabRemo/Orchestrator/ros2_labremoto/install/my_mas/share/my_mas/action/Cargahex.action
[4.743s] -- Up-to-date: /home/ffelix07/Documents/LabRemo/Orchestrator/ros2_labremoto/install/my_mas/share/my_mas/action/CargaBit.action
[4.744s] -- Up-to-date: /home/ffelix07/Documents/LabRemo/Orchestrator/ros2_labremoto/install/my_mas/share/my_mas/action/Tranformvhdlbit.action
[4.744s] -- Up-to-date: /home/ffelix07/Documents/LabRemo/Orchestrator/ros2_labremoto/install/my_mas/share/ament_index/resource_index/package_run_dependencies/my_mas
[4.745s] -- Up-to-date: /home/ffelix07/Documents/LabRemo/Orchestrator/ros2_labremoto/install/my_mas/share/ament_index/resource_index/parent_prefix_path/my_mas
[4.746s] -- Up-to-date: /home/ffelix07/Documents/LabRemo/Orchestrator/ros2_labremoto/install/my_mas/share/my_mas/environment/ament_prefix_path.sh
[4.746s] -- Up-to-date: /home/ffelix07/Documents/LabRemo/Orchestrator/ros2_labremoto/install/my_mas/share/my_mas/environment/ament_prefix_path.dsv
[4.746s] -- Up-to-date: /home/ffelix07/Documents/LabRemo/Orchestrator/ros2_labremoto/install/my_mas/share/my_mas/environment/path.sh
[4.747s] -- Up-to-date: /home/ffelix07/Documents/LabRemo/Orchestrator/ros2_labremoto/install/my_mas/share/my_mas/environment/path.dsv
[4.747s] -- Up-to-date: /home/ffelix07/Documents/LabRemo/Orchestrator/ros2_labremoto/install/my_mas/share/my_mas/local_setup.bash
[4.760s] -- Up-to-date: /home/ffelix07/Documents/LabRemo/Orchestrator/ros2_labremoto/install/my_mas/share/my_mas/local_setup.sh
[4.761s] -- Up-to-date: /home/ffelix07/Documents/LabRemo/Orchestrator/ros2_labremoto/install/my_mas/share/my_mas/local_setup.zsh
[4.762s] -- Up-to-date: /home/ffelix07/Documents/LabRemo/Orchestrator/ros2_labremoto/install/my_mas/share/my_mas/local_setup.dsv
[4.762s] -- Installing: /home/ffelix07/Documents/LabRemo/Orchestrator/ros2_labremoto/install/my_mas/share/my_mas/package.dsv
[4.763s] -- Up-to-date: /home/ffelix07/Documents/LabRemo/Orchestrator/ros2_labremoto/install/my_mas/share/ament_index/resource_index/packages/my_mas
[4.763s] -- Up-to-date: /home/ffelix07/Documents/LabRemo/Orchestrator/ros2_labremoto/install/my_mas/share/my_mas/cmake/export_my_mas__rosidl_generator_cExport.cmake
[4.763s] -- Up-to-date: /home/ffelix07/Documents/LabRemo/Orchestrator/ros2_labremoto/install/my_mas/share/my_mas/cmake/export_my_mas__rosidl_generator_cExport-noconfig.cmake
[4.764s] -- Up-to-date: /home/ffelix07/Documents/LabRemo/Orchestrator/ros2_labremoto/install/my_mas/share/my_mas/cmake/export_my_mas__rosidl_typesupport_fastrtps_cExport.cmake
[4.764s] -- Up-to-date: /home/ffelix07/Documents/LabRemo/Orchestrator/ros2_labremoto/install/my_mas/share/my_mas/cmake/export_my_mas__rosidl_typesupport_fastrtps_cExport-noconfig.cmake
[4.764s] -- Up-to-date: /home/ffelix07/Documents/LabRemo/Orchestrator/ros2_labremoto/install/my_mas/share/my_mas/cmake/my_mas__rosidl_typesupport_introspection_cExport.cmake
[4.765s] -- Up-to-date: /home/ffelix07/Documents/LabRemo/Orchestrator/ros2_labremoto/install/my_mas/share/my_mas/cmake/my_mas__rosidl_typesupport_introspection_cExport-noconfig.cmake
[4.765s] -- Up-to-date: /home/ffelix07/Documents/LabRemo/Orchestrator/ros2_labremoto/install/my_mas/share/my_mas/cmake/my_mas__rosidl_typesupport_cExport.cmake
[4.766s] -- Up-to-date: /home/ffelix07/Documents/LabRemo/Orchestrator/ros2_labremoto/install/my_mas/share/my_mas/cmake/my_mas__rosidl_typesupport_cExport-noconfig.cmake
[4.766s] -- Up-to-date: /home/ffelix07/Documents/LabRemo/Orchestrator/ros2_labremoto/install/my_mas/share/my_mas/cmake/export_my_mas__rosidl_generator_cppExport.cmake
[4.766s] -- Up-to-date: /home/ffelix07/Documents/LabRemo/Orchestrator/ros2_labremoto/install/my_mas/share/my_mas/cmake/export_my_mas__rosidl_typesupport_fastrtps_cppExport.cmake
[4.767s] -- Up-to-date: /home/ffelix07/Documents/LabRemo/Orchestrator/ros2_labremoto/install/my_mas/share/my_mas/cmake/export_my_mas__rosidl_typesupport_fastrtps_cppExport-noconfig.cmake
[4.767s] -- Up-to-date: /home/ffelix07/Documents/LabRemo/Orchestrator/ros2_labremoto/install/my_mas/share/my_mas/cmake/my_mas__rosidl_typesupport_introspection_cppExport.cmake
[4.767s] -- Up-to-date: /home/ffelix07/Documents/LabRemo/Orchestrator/ros2_labremoto/install/my_mas/share/my_mas/cmake/my_mas__rosidl_typesupport_introspection_cppExport-noconfig.cmake
[4.768s] -- Up-to-date: /home/ffelix07/Documents/LabRemo/Orchestrator/ros2_labremoto/install/my_mas/share/my_mas/cmake/my_mas__rosidl_typesupport_cppExport.cmake
[4.768s] -- Up-to-date: /home/ffelix07/Documents/LabRemo/Orchestrator/ros2_labremoto/install/my_mas/share/my_mas/cmake/my_mas__rosidl_typesupport_cppExport-noconfig.cmake
[4.785s] -- Up-to-date: /home/ffelix07/Documents/LabRemo/Orchestrator/ros2_labremoto/install/my_mas/share/my_mas/cmake/export_my_mas__rosidl_generator_pyExport.cmake
[4.785s] -- Up-to-date: /home/ffelix07/Documents/LabRemo/Orchestrator/ros2_labremoto/install/my_mas/share/my_mas/cmake/export_my_mas__rosidl_generator_pyExport-noconfig.cmake
[4.786s] -- Up-to-date: /home/ffelix07/Documents/LabRemo/Orchestrator/ros2_labremoto/install/my_mas/share/my_mas/cmake/rosidl_cmake-extras.cmake
[4.786s] -- Up-to-date: /home/ffelix07/Documents/LabRemo/Orchestrator/ros2_labremoto/install/my_mas/share/my_mas/cmake/ament_cmake_export_dependencies-extras.cmake
[4.786s] -- Up-to-date: /home/ffelix07/Documents/LabRemo/Orchestrator/ros2_labremoto/install/my_mas/share/my_mas/cmake/ament_cmake_export_include_directories-extras.cmake
[4.787s] -- Up-to-date: /home/ffelix07/Documents/LabRemo/Orchestrator/ros2_labremoto/install/my_mas/share/my_mas/cmake/ament_cmake_export_libraries-extras.cmake
[4.788s] -- Up-to-date: /home/ffelix07/Documents/LabRemo/Orchestrator/ros2_labremoto/install/my_mas/share/my_mas/cmake/ament_cmake_export_targets-extras.cmake
[4.790s] -- Up-to-date: /home/ffelix07/Documents/LabRemo/Orchestrator/ros2_labremoto/install/my_mas/share/my_mas/cmake/rosidl_cmake_export_typesupport_targets-extras.cmake
[4.791s] -- Up-to-date: /home/ffelix07/Documents/LabRemo/Orchestrator/ros2_labremoto/install/my_mas/share/my_mas/cmake/rosidl_cmake_export_typesupport_libraries-extras.cmake
[4.792s] -- Up-to-date: /home/ffelix07/Documents/LabRemo/Orchestrator/ros2_labremoto/install/my_mas/share/my_mas/cmake/my_masConfig.cmake
[4.794s] -- Up-to-date: /home/ffelix07/Documents/LabRemo/Orchestrator/ros2_labremoto/install/my_mas/share/my_mas/cmake/my_masConfig-version.cmake
[4.795s] -- Up-to-date: /home/ffelix07/Documents/LabRemo/Orchestrator/ros2_labremoto/install/my_mas/share/my_mas/package.xml
[4.796s] Invoked command in '/home/ffelix07/Documents/LabRemo/Orchestrator/ros2_labremoto/build/my_mas' returned '0': CMAKE_PREFIX_PATH=${CMAKE_PREFIX_PATH}:/home/ffelix07/Documents/LabRemo/Orchestrator/ros2_labremoto/install/launchstructure:/home/ffelix07/Documents/LabRemo/Orchestrator/ros2_labremoto/install/py_pubsub:/home/ffelix07/Documents/LabRemo/Orchestrator/ros2_labremoto/install/lstructure:/home/ffelix07/Documents/LabRemo/Orchestrator/ros2_labremoto/install/hardware:/home/ffelix07/Documents/LabRemo/Orchestrator/ros2_labremoto/install/ament_pep257:/home/ffelix07/Documents/LabRemo/Orchestrator/ros2_labremoto/install/ament_package:/home/ffelix07/Documents/LabRemo/Orchestrator/ros2_labremoto/install/ament_flake8:/opt/ros/humble CONDA_PROMPT_MODIFIER=(base) /usr/bin/cmake --install /home/ffelix07/Documents/LabRemo/Orchestrator/ros2_labremoto/build/my_mas
