[2.947s] Invoking command in '/home/ffelix07/Documents/LabRemo/Orchestrator/ros2_labremoto/src/nodes_comunication': PYTHONPATH=/home/ffelix07/Documents/LabRemo/build/nodes_comunication/prefix_override:/home/ffelix07/Documents/LabRemo/install/nodes_comunication/lib/python3.10/site-packages:${PYTHONPATH} /usr/bin/python3 setup.py egg_info --egg-base ../../../../build/nodes_comunication build --build-base /home/ffelix07/Documents/LabRemo/build/nodes_comunication/build install --record /home/ffelix07/Documents/LabRemo/build/nodes_comunication/install.log --single-version-externally-managed
[3.816s] running egg_info
[3.820s] writing ../../../../build/nodes_comunication/nodes_comunication.egg-info/PKG-INFO
[3.821s] writing dependency_links to ../../../../build/nodes_comunication/nodes_comunication.egg-info/dependency_links.txt
[3.821s] writing entry points to ../../../../build/nodes_comunication/nodes_comunication.egg-info/entry_points.txt
[3.822s] writing requirements to ../../../../build/nodes_comunication/nodes_comunication.egg-info/requires.txt
[3.822s] writing top-level names to ../../../../build/nodes_comunication/nodes_comunication.egg-info/top_level.txt
[3.827s] reading manifest file '../../../../build/nodes_comunication/nodes_comunication.egg-info/SOURCES.txt'
[3.831s] writing manifest file '../../../../build/nodes_comunication/nodes_comunication.egg-info/SOURCES.txt'
[3.831s] running build
[3.831s] running build_py
[3.832s] copying nodes_comunication/minimal_pub.py -> /home/ffelix07/Documents/LabRemo/build/nodes_comunication/build/lib/nodes_comunication
[3.833s] copying nodes_comunication/suscribe_node.py -> /home/ffelix07/Documents/LabRemo/build/nodes_comunication/build/lib/nodes_comunication
[3.834s] running install
[3.835s] running install_lib
[3.837s] copying /home/ffelix07/Documents/LabRemo/build/nodes_comunication/build/lib/nodes_comunication/minimal_pub.py -> /home/ffelix07/Documents/LabRemo/install/nodes_comunication/lib/python3.10/site-packages/nodes_comunication
[3.838s] copying /home/ffelix07/Documents/LabRemo/build/nodes_comunication/build/lib/nodes_comunication/suscribe_node.py -> /home/ffelix07/Documents/LabRemo/install/nodes_comunication/lib/python3.10/site-packages/nodes_comunication
[3.840s] byte-compiling /home/ffelix07/Documents/LabRemo/install/nodes_comunication/lib/python3.10/site-packages/nodes_comunication/minimal_pub.py to minimal_pub.cpython-310.pyc
[3.842s] byte-compiling /home/ffelix07/Documents/LabRemo/install/nodes_comunication/lib/python3.10/site-packages/nodes_comunication/suscribe_node.py to suscribe_node.cpython-310.pyc
[3.844s] running install_data
[3.845s] running install_egg_info
[3.850s] removing '/home/ffelix07/Documents/LabRemo/install/nodes_comunication/lib/python3.10/site-packages/nodes_comunication-0.0.0-py3.10.egg-info' (and everything under it)
[3.851s] Copying ../../../../build/nodes_comunication/nodes_comunication.egg-info to /home/ffelix07/Documents/LabRemo/install/nodes_comunication/lib/python3.10/site-packages/nodes_comunication-0.0.0-py3.10.egg-info
[3.859s] running install_scripts
[3.932s] Installing pub_node = nodes_comunication.publiser_node:mainsub_node = nodes_comunication.subcriber_node:mainminimal_node script to /home/ffelix07/Documents/LabRemo/install/nodes_comunication/lib/nodes_comunication
[3.934s] writing list of installed files to '/home/ffelix07/Documents/LabRemo/build/nodes_comunication/install.log'
[4.128s] Invoked command in '/home/ffelix07/Documents/LabRemo/Orchestrator/ros2_labremoto/src/nodes_comunication' returned '0': PYTHONPATH=/home/ffelix07/Documents/LabRemo/build/nodes_comunication/prefix_override:/home/ffelix07/Documents/LabRemo/install/nodes_comunication/lib/python3.10/site-packages:${PYTHONPATH} /usr/bin/python3 setup.py egg_info --egg-base ../../../../build/nodes_comunication build --build-base /home/ffelix07/Documents/LabRemo/build/nodes_comunication/build install --record /home/ffelix07/Documents/LabRemo/build/nodes_comunication/install.log --single-version-externally-managed
