running egg_info
creating ../../build/nodes_comunication/nodes_comunication.egg-info
writing ../../build/nodes_comunication/nodes_comunication.egg-info/PKG-INFO
writing dependency_links to ../../build/nodes_comunication/nodes_comunication.egg-info/dependency_links.txt
writing entry points to ../../build/nodes_comunication/nodes_comunication.egg-info/entry_points.txt
writing requirements to ../../build/nodes_comunication/nodes_comunication.egg-info/requires.txt
writing top-level names to ../../build/nodes_comunication/nodes_comunication.egg-info/top_level.txt
writing manifest file '../../build/nodes_comunication/nodes_comunication.egg-info/SOURCES.txt'
reading manifest file '../../build/nodes_comunication/nodes_comunication.egg-info/SOURCES.txt'
writing manifest file '../../build/nodes_comunication/nodes_comunication.egg-info/SOURCES.txt'
running build
running build_py
creating /home/ffelix07/Documents/LabRemo/Orchestrator/ros2_labremoto/build/nodes_comunication/build
creating /home/ffelix07/Documents/LabRemo/Orchestrator/ros2_labremoto/build/nodes_comunication/build/lib
creating /home/ffelix07/Documents/LabRemo/Orchestrator/ros2_labremoto/build/nodes_comunication/build/lib/nodes_comunication
copying nodes_comunication/__init__.py -> /home/ffelix07/Documents/LabRemo/Orchestrator/ros2_labremoto/build/nodes_comunication/build/lib/nodes_comunication
running install
running install_lib
/usr/lib/python3/dist-packages/setuptools/command/install.py:34: SetuptoolsDeprecationWarning: setup.py install is deprecated. Use build and pip and other standards-based tools.
  warnings.warn(
creating /home/ffelix07/Documents/LabRemo/Orchestrator/ros2_labremoto/install/nodes_comunication/lib/python3.10/site-packages/nodes_comunication
copying /home/ffelix07/Documents/LabRemo/Orchestrator/ros2_labremoto/build/nodes_comunication/build/lib/nodes_comunication/__init__.py -> /home/ffelix07/Documents/LabRemo/Orchestrator/ros2_labremoto/install/nodes_comunication/lib/python3.10/site-packages/nodes_comunication
byte-compiling /home/ffelix07/Documents/LabRemo/Orchestrator/ros2_labremoto/install/nodes_comunication/lib/python3.10/site-packages/nodes_comunication/__init__.py to __init__.cpython-310.pyc
running install_data
creating /home/ffelix07/Documents/LabRemo/Orchestrator/ros2_labremoto/install/nodes_comunication/share/ament_index
creating /home/ffelix07/Documents/LabRemo/Orchestrator/ros2_labremoto/install/nodes_comunication/share/ament_index/resource_index
creating /home/ffelix07/Documents/LabRemo/Orchestrator/ros2_labremoto/install/nodes_comunication/share/ament_index/resource_index/packages
copying resource/nodes_comunication -> /home/ffelix07/Documents/LabRemo/Orchestrator/ros2_labremoto/install/nodes_comunication/share/ament_index/resource_index/packages
copying package.xml -> /home/ffelix07/Documents/LabRemo/Orchestrator/ros2_labremoto/install/nodes_comunication/share/nodes_comunication
running install_egg_info
Copying ../../build/nodes_comunication/nodes_comunication.egg-info to /home/ffelix07/Documents/LabRemo/Orchestrator/ros2_labremoto/install/nodes_comunication/lib/python3.10/site-packages/nodes_comunication-0.0.0-py3.10.egg-info
running install_scripts
writing list of installed files to '/home/ffelix07/Documents/LabRemo/Orchestrator/ros2_labremoto/build/nodes_comunication/install.log'
