[3.295s] Invoking command in '/home/ffelix07/Documents/LabRemo/Orchestrator/ros2_labremoto/src/nodes_comunication': PYTHONPATH=/home/ffelix07/Documents/LabRemo/Orchestrator/ros2_labremoto/build/nodes_comunication/prefix_override:/home/ffelix07/Documents/LabRemo/Orchestrator/ros2_labremoto/install/nodes_comunication/lib/python3.10/site-packages:${PYTHONPATH} /usr/bin/python3 setup.py egg_info --egg-base ../../build/nodes_comunication build --build-base /home/ffelix07/Documents/LabRemo/Orchestrator/ros2_labremoto/build/nodes_comunication/build install --record /home/ffelix07/Documents/LabRemo/Orchestrator/ros2_labremoto/build/nodes_comunication/install.log --single-version-externally-managed
[4.228s] running egg_info
[4.233s] writing ../../build/nodes_comunication/nodes_comunication.egg-info/PKG-INFO
[4.233s] writing dependency_links to ../../build/nodes_comunication/nodes_comunication.egg-info/dependency_links.txt
[4.234s] writing entry points to ../../build/nodes_comunication/nodes_comunication.egg-info/entry_points.txt
[4.234s] writing requirements to ../../build/nodes_comunication/nodes_comunication.egg-info/requires.txt
[4.234s] writing top-level names to ../../build/nodes_comunication/nodes_comunication.egg-info/top_level.txt
[4.239s] reading manifest file '../../build/nodes_comunication/nodes_comunication.egg-info/SOURCES.txt'
[4.244s] writing manifest file '../../build/nodes_comunication/nodes_comunication.egg-info/SOURCES.txt'
[4.245s] running build
[4.245s] running build_py
[4.245s] copying nodes_comunication/publisher_node.py -> /home/ffelix07/Documents/LabRemo/Orchestrator/ros2_labremoto/build/nodes_comunication/build/lib/nodes_comunication
[4.248s] running install
[4.249s] /usr/lib/python3/dist-packages/setuptools/command/install.py:34: SetuptoolsDeprecationWarning: setup.py install is deprecated. Use build and pip and other standards-based tools.
[4.249s]   warnings.warn(
[4.249s] running install_lib
[4.254s] copying /home/ffelix07/Documents/LabRemo/Orchestrator/ros2_labremoto/build/nodes_comunication/build/lib/nodes_comunication/publisher_node.py -> /home/ffelix07/Documents/LabRemo/Orchestrator/ros2_labremoto/install/nodes_comunication/lib/python3.10/site-packages/nodes_comunication
[4.254s] byte-compiling /home/ffelix07/Documents/LabRemo/Orchestrator/ros2_labremoto/install/nodes_comunication/lib/python3.10/site-packages/nodes_comunication/publisher_node.py to publisher_node.cpython-310.pyc
[4.259s] running install_data
[4.260s] running install_egg_info
[4.266s] removing '/home/ffelix07/Documents/LabRemo/Orchestrator/ros2_labremoto/install/nodes_comunication/lib/python3.10/site-packages/nodes_comunication-0.0.0-py3.10.egg-info' (and everything under it)
[4.267s] Copying ../../build/nodes_comunication/nodes_comunication.egg-info to /home/ffelix07/Documents/LabRemo/Orchestrator/ros2_labremoto/install/nodes_comunication/lib/python3.10/site-packages/nodes_comunication-0.0.0-py3.10.egg-info
[4.271s] running install_scripts
[4.350s] Installing publisher_node script to /home/ffelix07/Documents/LabRemo/Orchestrator/ros2_labremoto/install/nodes_comunication/lib/nodes_comunication
[4.353s] writing list of installed files to '/home/ffelix07/Documents/LabRemo/Orchestrator/ros2_labremoto/build/nodes_comunication/install.log'
[4.468s] Invoked command in '/home/ffelix07/Documents/LabRemo/Orchestrator/ros2_labremoto/src/nodes_comunication' returned '0': PYTHONPATH=/home/ffelix07/Documents/LabRemo/Orchestrator/ros2_labremoto/build/nodes_comunication/prefix_override:/home/ffelix07/Documents/LabRemo/Orchestrator/ros2_labremoto/install/nodes_comunication/lib/python3.10/site-packages:${PYTHONPATH} /usr/bin/python3 setup.py egg_info --egg-base ../../build/nodes_comunication build --build-base /home/ffelix07/Documents/LabRemo/Orchestrator/ros2_labremoto/build/nodes_comunication/build install --record /home/ffelix07/Documents/LabRemo/Orchestrator/ros2_labremoto/build/nodes_comunication/install.log --single-version-externally-managed
